# nnet-shuffle-egs --buffer-size=5000 --srand=0 ark:exp/mono3_nnet/egs/egs.19.0.ark ark:- | nnet-train-parallel --num-threads=16 --minibatch-size=128 --srand=0 exp/mono3_nnet/0.mdl ark:- exp/mono3_nnet/1.19.mdl 
# Started at Thu Feb 27 15:12:51 IST 2020
#
nnet-train-parallel --num-threads=16 --minibatch-size=128 --srand=0 exp/mono3_nnet/0.mdl ark:- exp/mono3_nnet/1.19.mdl 
nnet-shuffle-egs --buffer-size=5000 --srand=0 ark:exp/mono3_nnet/egs/egs.19.0.ark ark:- 
LOG (nnet-train-parallel:GetScalingFactor():nnet-component.cc:1564) Limiting step size to 10 using scaling factor 0.284887, for component index 4
LOG (nnet-train-parallel:GetScalingFactor():nnet-component.cc:1564) Limiting step size to 10 using scaling factor 0.282874, for component index 4
LOG (nnet-train-parallel:GetScalingFactor():nnet-component.cc:1564) Limiting step size to 10 using scaling factor 0.287881, for component index 4
LOG (nnet-train-parallel:GetScalingFactor():nnet-component.cc:1564) Limiting step size to 10 using scaling factor 0.296146, for component index 4
LOG (nnet-train-parallel:GetScalingFactor():nnet-component.cc:1564) Limiting step size to 10 using scaling factor 0.299389, for component index 4
LOG (nnet-train-parallel:GetScalingFactor():nnet-component.cc:1564) Limiting step size to 10 using scaling factor 0.292464, for component index 4
LOG (nnet-train-parallel:GetScalingFactor():nnet-component.cc:1564) Limiting step size to 10 using scaling factor 0.294574, for component index 4
LOG (nnet-train-parallel:GetScalingFactor():nnet-component.cc:1564) Limiting step size to 10 using scaling factor 0.301531, for component index 4
LOG (nnet-train-parallel:GetScalingFactor():nnet-component.cc:1564) Limiting step size to 10 using scaling factor 0.2936, for component index 4
LOG (nnet-train-parallel:GetScalingFactor():nnet-component.cc:1564) Limiting step size to 10 using scaling factor 0.30084, for component index 4
LOG (nnet-shuffle-egs:main():nnet-shuffle-egs.cc:102) Shuffled order of 81158 neural-network training examples using a buffer (partial randomization)
LOG (nnet-train-parallel:DoBackpropParallel():nnet-update-parallel.cc:194) Did backprop on 81158 examples, average log-prob per frame is -1.52002
LOG (nnet-train-parallel:DoBackpropParallel():nnet-update-parallel.cc:196) [this line is to be parsed by a script:] log-prob-per-frame=-1.52002
LOG (nnet-train-parallel:main():nnet-train-parallel.cc:102) Finished training, processed 81158 training examples (weighted).  Wrote model to exp/mono3_nnet/1.19.mdl
# Accounting: time=20 threads=1
# Ended (code 0) at Thu Feb 27 15:13:11 IST 2020, elapsed time 20 seconds
