# nnet-shuffle-egs --buffer-size=5000 --srand=9 ark:exp/mono3_nnet/egs/egs.2.0.ark ark:- | nnet-train-parallel --num-threads=16 --minibatch-size=128 --srand=9 "nnet-init --srand=9 exp/mono3_nnet/hidden.config - | nnet-insert exp/mono3_nnet/9.mdl - - |" ark:- exp/mono3_nnet/10.2.mdl 
# Started at Thu Feb 27 16:11:44 IST 2020
#
nnet-train-parallel --num-threads=16 --minibatch-size=128 --srand=9 'nnet-init --srand=9 exp/mono3_nnet/hidden.config - | nnet-insert exp/mono3_nnet/9.mdl - - |' ark:- exp/mono3_nnet/10.2.mdl 
nnet-shuffle-egs --buffer-size=5000 --srand=9 ark:exp/mono3_nnet/egs/egs.2.0.ark ark:- 
nnet-init --srand=9 exp/mono3_nnet/hidden.config - 
nnet-insert exp/mono3_nnet/9.mdl - - 
LOG (nnet-init:main():nnet-init.cc:69) Initialized raw neural net and wrote it to -
LOG (nnet-insert:main():nnet-insert.cc:106) Inserted 2 components at position 12
LOG (nnet-insert:main():nnet-insert.cc:122) Randomized component index 14 with stddev 0.0057735
LOG (nnet-insert:main():nnet-insert.cc:132) Write neural-net acoustic model to -
LOG (nnet-train-parallel:GetScalingFactor():nnet-component.cc:1564) Limiting step size to 10 using scaling factor 0.845413, for component index 14
LOG (nnet-train-parallel:GetScalingFactor():nnet-component.cc:1564) Limiting step size to 10 using scaling factor 0.873728, for component index 14
LOG (nnet-train-parallel:GetScalingFactor():nnet-component.cc:1564) Limiting step size to 10 using scaling factor 0.847429, for component index 14
LOG (nnet-train-parallel:GetScalingFactor():nnet-component.cc:1564) Limiting step size to 10 using scaling factor 0.848565, for component index 14
LOG (nnet-train-parallel:GetScalingFactor():nnet-component.cc:1564) Limiting step size to 10 using scaling factor 0.843136, for component index 14
LOG (nnet-train-parallel:GetScalingFactor():nnet-component.cc:1564) Limiting step size to 10 using scaling factor 0.858064, for component index 14
LOG (nnet-train-parallel:GetScalingFactor():nnet-component.cc:1564) Limiting step size to 10 using scaling factor 0.840682, for component index 14
LOG (nnet-train-parallel:GetScalingFactor():nnet-component.cc:1564) Limiting step size to 10 using scaling factor 0.865518, for component index 14
LOG (nnet-train-parallel:GetScalingFactor():nnet-component.cc:1564) Limiting step size to 10 using scaling factor 0.884182, for component index 14
LOG (nnet-train-parallel:GetScalingFactor():nnet-component.cc:1564) Limiting step size to 10 using scaling factor 0.861209, for component index 14
LOG (nnet-shuffle-egs:main():nnet-shuffle-egs.cc:102) Shuffled order of 81178 neural-network training examples using a buffer (partial randomization)
LOG (nnet-train-parallel:DoBackpropParallel():nnet-update-parallel.cc:194) Did backprop on 81178 examples, average log-prob per frame is -1.29173
LOG (nnet-train-parallel:DoBackpropParallel():nnet-update-parallel.cc:196) [this line is to be parsed by a script:] log-prob-per-frame=-1.29173
LOG (nnet-train-parallel:main():nnet-train-parallel.cc:102) Finished training, processed 81178 training examples (weighted).  Wrote model to exp/mono3_nnet/10.2.mdl
# Accounting: time=93 threads=1
# Ended (code 0) at Thu Feb 27 16:13:17 IST 2020, elapsed time 93 seconds
