# nnet-shuffle-egs --buffer-size=5000 --srand=19 ark:exp/mono3_nnet/egs/egs.7.0.ark ark:- | nnet-train-parallel --num-threads=16 --minibatch-size=128 --srand=19 "nnet-init --srand=19 exp/mono3_nnet/hidden.config - | nnet-insert exp/mono3_nnet/19.mdl - - |" ark:- exp/mono3_nnet/20.7.mdl 
# Started at Thu Feb 27 18:48:54 IST 2020
#
nnet-train-parallel --num-threads=16 --minibatch-size=128 --srand=19 'nnet-init --srand=19 exp/mono3_nnet/hidden.config - | nnet-insert exp/mono3_nnet/19.mdl - - |' ark:- exp/mono3_nnet/20.7.mdl 
nnet-shuffle-egs --buffer-size=5000 --srand=19 ark:exp/mono3_nnet/egs/egs.7.0.ark ark:- 
nnet-init --srand=19 exp/mono3_nnet/hidden.config - 
nnet-insert exp/mono3_nnet/19.mdl - - 
LOG (nnet-init:main():nnet-init.cc:69) Initialized raw neural net and wrote it to -
LOG (nnet-insert:main():nnet-insert.cc:106) Inserted 2 components at position 22
LOG (nnet-insert:main():nnet-insert.cc:122) Randomized component index 24 with stddev 0.0057735
LOG (nnet-insert:main():nnet-insert.cc:132) Write neural-net acoustic model to -
LOG (nnet-train-parallel:GetScalingFactor():nnet-component.cc:1564) Limiting step size to 10 using scaling factor 0.746673, for component index 22
LOG (nnet-train-parallel:GetScalingFactor():nnet-component.cc:1564) Limiting step size to 10 using scaling factor 0.75469, for component index 22
LOG (nnet-train-parallel:GetScalingFactor():nnet-component.cc:1564) Limiting step size to 10 using scaling factor 0.758296, for component index 22
LOG (nnet-train-parallel:GetScalingFactor():nnet-component.cc:1564) Limiting step size to 10 using scaling factor 0.778318, for component index 22
LOG (nnet-train-parallel:GetScalingFactor():nnet-component.cc:1564) Limiting step size to 10 using scaling factor 0.688383, for component index 22
LOG (nnet-train-parallel:GetScalingFactor():nnet-component.cc:1564) Limiting step size to 10 using scaling factor 0.620135, for component index 22
LOG (nnet-train-parallel:GetScalingFactor():nnet-component.cc:1564) Limiting step size to 10 using scaling factor 0.505989, for component index 22
LOG (nnet-train-parallel:GetScalingFactor():nnet-component.cc:1564) Limiting step size to 10 using scaling factor 0.896801, for component index 22
LOG (nnet-train-parallel:GetScalingFactor():nnet-component.cc:1564) Limiting step size to 10 using scaling factor 0.983668, for component index 22
LOG (nnet-train-parallel:GetScalingFactor():nnet-component.cc:1564) Limiting step size to 10 using scaling factor 0.958753, for component index 22
LOG (nnet-shuffle-egs:main():nnet-shuffle-egs.cc:102) Shuffled order of 81173 neural-network training examples using a buffer (partial randomization)
LOG (nnet-train-parallel:DoBackpropParallel():nnet-update-parallel.cc:194) Did backprop on 81173 examples, average log-prob per frame is -0.394323
LOG (nnet-train-parallel:DoBackpropParallel():nnet-update-parallel.cc:196) [this line is to be parsed by a script:] log-prob-per-frame=-0.394323
LOG (nnet-train-parallel:main():nnet-train-parallel.cc:102) Finished training, processed 81173 training examples (weighted).  Wrote model to exp/mono3_nnet/20.7.mdl
# Accounting: time=167 threads=1
# Ended (code 0) at Thu Feb 27 18:51:41 IST 2020, elapsed time 167 seconds
