# nnet-shuffle-egs --buffer-size=5000 --srand=7 ark:exp/mono3_nnet/egs/egs.20.0.ark ark:- | nnet-train-parallel --num-threads=16 --minibatch-size=128 --srand=7 "nnet-init --srand=7 exp/mono3_nnet/hidden.config - | nnet-insert exp/mono3_nnet/7.mdl - - |" ark:- exp/mono3_nnet/8.20.mdl 
# Started at Thu Feb 27 15:57:10 IST 2020
#
nnet-shuffle-egs --buffer-size=5000 --srand=7 ark:exp/mono3_nnet/egs/egs.20.0.ark ark:- 
nnet-train-parallel --num-threads=16 --minibatch-size=128 --srand=7 'nnet-init --srand=7 exp/mono3_nnet/hidden.config - | nnet-insert exp/mono3_nnet/7.mdl - - |' ark:- exp/mono3_nnet/8.20.mdl 
nnet-init --srand=7 exp/mono3_nnet/hidden.config - 
nnet-insert exp/mono3_nnet/7.mdl - - 
LOG (nnet-insert:main():nnet-insert.cc:106) Inserted 2 components at position 10
LOG (nnet-insert:main():nnet-insert.cc:122) Randomized component index 12 with stddev 0.0057735
LOG (nnet-init:main():nnet-init.cc:69) Initialized raw neural net and wrote it to -
LOG (nnet-insert:main():nnet-insert.cc:132) Write neural-net acoustic model to -
LOG (nnet-train-parallel:GetScalingFactor():nnet-component.cc:1564) Limiting step size to 10 using scaling factor 0.737494, for component index 12
LOG (nnet-train-parallel:GetScalingFactor():nnet-component.cc:1564) Limiting step size to 10 using scaling factor 0.736622, for component index 12
LOG (nnet-train-parallel:GetScalingFactor():nnet-component.cc:1564) Limiting step size to 10 using scaling factor 0.733411, for component index 12
LOG (nnet-train-parallel:GetScalingFactor():nnet-component.cc:1564) Limiting step size to 10 using scaling factor 0.740263, for component index 12
LOG (nnet-train-parallel:GetScalingFactor():nnet-component.cc:1564) Limiting step size to 10 using scaling factor 0.744756, for component index 12
LOG (nnet-train-parallel:GetScalingFactor():nnet-component.cc:1564) Limiting step size to 10 using scaling factor 0.757932, for component index 12
LOG (nnet-train-parallel:GetScalingFactor():nnet-component.cc:1564) Limiting step size to 10 using scaling factor 0.752281, for component index 12
LOG (nnet-train-parallel:GetScalingFactor():nnet-component.cc:1564) Limiting step size to 10 using scaling factor 0.750801, for component index 12
LOG (nnet-train-parallel:GetScalingFactor():nnet-component.cc:1564) Limiting step size to 10 using scaling factor 0.735502, for component index 12
LOG (nnet-train-parallel:GetScalingFactor():nnet-component.cc:1564) Limiting step size to 10 using scaling factor 0.746232, for component index 12
LOG (nnet-train-parallel:GetScalingFactor():nnet-component.cc:1564) Limiting step size to 10 using scaling factor 0.805949, for component index 12
LOG (nnet-shuffle-egs:main():nnet-shuffle-egs.cc:102) Shuffled order of 81157 neural-network training examples using a buffer (partial randomization)
LOG (nnet-train-parallel:DoBackpropParallel():nnet-update-parallel.cc:194) Did backprop on 81157 examples, average log-prob per frame is -1.32437
LOG (nnet-train-parallel:DoBackpropParallel():nnet-update-parallel.cc:196) [this line is to be parsed by a script:] log-prob-per-frame=-1.32437
LOG (nnet-train-parallel:main():nnet-train-parallel.cc:102) Finished training, processed 81157 training examples (weighted).  Wrote model to exp/mono3_nnet/8.20.mdl
# Accounting: time=80 threads=1
# Ended (code 0) at Thu Feb 27 15:58:30 IST 2020, elapsed time 80 seconds
