# nnet-shuffle-egs --buffer-size=5000 --srand=6 ark:exp/mono3_nnet/egs/egs.14.0.ark ark:- | nnet-train-parallel --num-threads=16 --minibatch-size=128 --srand=6 exp/mono3_nnet/6.mdl ark:- exp/mono3_nnet/7.14.mdl 
# Started at Thu Feb 27 15:46:56 IST 2020
#
nnet-train-parallel --num-threads=16 --minibatch-size=128 --srand=6 exp/mono3_nnet/6.mdl ark:- exp/mono3_nnet/7.14.mdl 
nnet-shuffle-egs --buffer-size=5000 --srand=6 ark:exp/mono3_nnet/egs/egs.14.0.ark ark:- 
LOG (nnet-train-parallel:GetScalingFactor():nnet-component.cc:1564) Limiting step size to 10 using scaling factor 0.888268, for component index 4
LOG (nnet-train-parallel:GetScalingFactor():nnet-component.cc:1564) Limiting step size to 10 using scaling factor 0.861218, for component index 8
LOG (nnet-train-parallel:GetScalingFactor():nnet-component.cc:1564) Limiting step size to 10 using scaling factor 0.936465, for component index 4
LOG (nnet-train-parallel:GetScalingFactor():nnet-component.cc:1564) Limiting step size to 10 using scaling factor 0.672038, for component index 4
LOG (nnet-train-parallel:GetScalingFactor():nnet-component.cc:1564) Limiting step size to 10 using scaling factor 0.620218, for component index 4
LOG (nnet-train-parallel:GetScalingFactor():nnet-component.cc:1564) Limiting step size to 10 using scaling factor 0.756743, for component index 4
LOG (nnet-train-parallel:GetScalingFactor():nnet-component.cc:1564) Limiting step size to 10 using scaling factor 0.729558, for component index 4
LOG (nnet-train-parallel:GetScalingFactor():nnet-component.cc:1564) Limiting step size to 10 using scaling factor 0.853917, for component index 4
LOG (nnet-train-parallel:GetScalingFactor():nnet-component.cc:1564) Limiting step size to 10 using scaling factor 0.915328, for component index 4
LOG (nnet-train-parallel:GetScalingFactor():nnet-component.cc:1564) Limiting step size to 10 using scaling factor 0.911139, for component index 4
LOG (nnet-shuffle-egs:main():nnet-shuffle-egs.cc:102) Shuffled order of 81161 neural-network training examples using a buffer (partial randomization)
LOG (nnet-train-parallel:DoBackpropParallel():nnet-update-parallel.cc:194) Did backprop on 81161 examples, average log-prob per frame is -0.699906
LOG (nnet-train-parallel:DoBackpropParallel():nnet-update-parallel.cc:196) [this line is to be parsed by a script:] log-prob-per-frame=-0.699906
LOG (nnet-train-parallel:main():nnet-train-parallel.cc:102) Finished training, processed 81161 training examples (weighted).  Wrote model to exp/mono3_nnet/7.14.mdl
# Accounting: time=65 threads=1
# Ended (code 0) at Thu Feb 27 15:48:01 IST 2020, elapsed time 65 seconds
