# nnet-shuffle-egs --buffer-size=5000 --srand=10 ark:exp/mono3_nnet/egs/egs.25.0.ark ark:- | nnet-train-parallel --num-threads=16 --minibatch-size=128 --srand=10 exp/mono3_nnet/10.mdl ark:- exp/mono3_nnet/11.25.mdl 
# Started at Thu Feb 27 16:32:53 IST 2020
#
nnet-train-parallel --num-threads=16 --minibatch-size=128 --srand=10 exp/mono3_nnet/10.mdl ark:- exp/mono3_nnet/11.25.mdl 
nnet-shuffle-egs --buffer-size=5000 --srand=10 ark:exp/mono3_nnet/egs/egs.25.0.ark ark:- 
LOG (nnet-train-parallel:GetScalingFactor():nnet-component.cc:1564) Limiting step size to 10 using scaling factor 0.967503, for component index 4
LOG (nnet-train-parallel:GetScalingFactor():nnet-component.cc:1564) Limiting step size to 10 using scaling factor 0.986753, for component index 4
LOG (nnet-train-parallel:GetScalingFactor():nnet-component.cc:1564) Limiting step size to 10 using scaling factor 0.971754, for component index 4
LOG (nnet-train-parallel:GetScalingFactor():nnet-component.cc:1564) Limiting step size to 10 using scaling factor 0.998781, for component index 4
LOG (nnet-train-parallel:GetScalingFactor():nnet-component.cc:1564) Limiting step size to 10 using scaling factor 0.916458, for component index 4
LOG (nnet-train-parallel:GetScalingFactor():nnet-component.cc:1564) Limiting step size to 10 using scaling factor 0.947985, for component index 4
LOG (nnet-train-parallel:GetScalingFactor():nnet-component.cc:1564) Limiting step size to 10 using scaling factor 0.805997, for component index 4
LOG (nnet-train-parallel:GetScalingFactor():nnet-component.cc:1564) Limiting step size to 10 using scaling factor 0.966828, for component index 4
LOG (nnet-train-parallel:GetScalingFactor():nnet-component.cc:1564) Limiting step size to 10 using scaling factor 0.98396, for component index 4
LOG (nnet-train-parallel:GetScalingFactor():nnet-component.cc:1564) Limiting step size to 10 using scaling factor 0.941405, for component index 4
LOG (nnet-shuffle-egs:main():nnet-shuffle-egs.cc:102) Shuffled order of 81150 neural-network training examples using a buffer (partial randomization)
LOG (nnet-train-parallel:DoBackpropParallel():nnet-update-parallel.cc:194) Did backprop on 81150 examples, average log-prob per frame is -0.438434
LOG (nnet-train-parallel:DoBackpropParallel():nnet-update-parallel.cc:196) [this line is to be parsed by a script:] log-prob-per-frame=-0.438434
LOG (nnet-train-parallel:main():nnet-train-parallel.cc:102) Finished training, processed 81150 training examples (weighted).  Wrote model to exp/mono3_nnet/11.25.mdl
# Accounting: time=94 threads=1
# Ended (code 0) at Thu Feb 27 16:34:27 IST 2020, elapsed time 94 seconds
