# nnet-shuffle-egs --buffer-size=5000 --srand=11 ark:exp/mono3_nnet/egs/egs.3.0.ark ark:- | nnet-train-parallel --num-threads=16 --minibatch-size=128 --srand=11 "nnet-init --srand=11 exp/mono3_nnet/hidden.config - | nnet-insert exp/mono3_nnet/11.mdl - - |" ark:- exp/mono3_nnet/12.3.mdl 
# Started at Thu Feb 27 16:35:21 IST 2020
#
nnet-train-parallel --num-threads=16 --minibatch-size=128 --srand=11 'nnet-init --srand=11 exp/mono3_nnet/hidden.config - | nnet-insert exp/mono3_nnet/11.mdl - - |' ark:- exp/mono3_nnet/12.3.mdl 
nnet-shuffle-egs --buffer-size=5000 --srand=11 ark:exp/mono3_nnet/egs/egs.3.0.ark ark:- 
nnet-init --srand=11 exp/mono3_nnet/hidden.config - 
nnet-insert exp/mono3_nnet/11.mdl - - 
LOG (nnet-insert:main():nnet-insert.cc:106) Inserted 2 components at position 14
LOG (nnet-insert:main():nnet-insert.cc:122) Randomized component index 16 with stddev 0.0057735
LOG (nnet-insert:main():nnet-insert.cc:132) Write neural-net acoustic model to -
LOG (nnet-init:main():nnet-init.cc:69) Initialized raw neural net and wrote it to -
LOG (nnet-train-parallel:GetScalingFactor():nnet-component.cc:1564) Limiting step size to 10 using scaling factor 0.838718, for component index 14
LOG (nnet-train-parallel:GetScalingFactor():nnet-component.cc:1564) Limiting step size to 10 using scaling factor 0.759484, for component index 14
LOG (nnet-train-parallel:GetScalingFactor():nnet-component.cc:1564) Limiting step size to 10 using scaling factor 0.739682, for component index 14
LOG (nnet-train-parallel:GetScalingFactor():nnet-component.cc:1564) Limiting step size to 10 using scaling factor 0.732314, for component index 14
LOG (nnet-train-parallel:GetScalingFactor():nnet-component.cc:1564) Limiting step size to 10 using scaling factor 0.517915, for component index 14
LOG (nnet-train-parallel:GetScalingFactor():nnet-component.cc:1564) Limiting step size to 10 using scaling factor 0.499186, for component index 14
LOG (nnet-train-parallel:GetScalingFactor():nnet-component.cc:1564) Limiting step size to 10 using scaling factor 0.501622, for component index 14
LOG (nnet-train-parallel:GetScalingFactor():nnet-component.cc:1564) Limiting step size to 10 using scaling factor 0.437497, for component index 14
LOG (nnet-train-parallel:GetScalingFactor():nnet-component.cc:1564) Limiting step size to 10 using scaling factor 0.46968, for component index 14
LOG (nnet-train-parallel:GetScalingFactor():nnet-component.cc:1564) Limiting step size to 10 using scaling factor 0.500873, for component index 14
LOG (nnet-shuffle-egs:main():nnet-shuffle-egs.cc:102) Shuffled order of 81177 neural-network training examples using a buffer (partial randomization)
LOG (nnet-train-parallel:DoBackpropParallel():nnet-update-parallel.cc:194) Did backprop on 81177 examples, average log-prob per frame is -1.64116
LOG (nnet-train-parallel:DoBackpropParallel():nnet-update-parallel.cc:196) [this line is to be parsed by a script:] log-prob-per-frame=-1.64116
LOG (nnet-train-parallel:main():nnet-train-parallel.cc:102) Finished training, processed 81177 training examples (weighted).  Wrote model to exp/mono3_nnet/12.3.mdl
# Accounting: time=110 threads=1
# Ended (code 0) at Thu Feb 27 16:37:11 IST 2020, elapsed time 110 seconds
