# nnet-shuffle-egs --buffer-size=5000 --srand=15 ark:exp/mono3_nnet/egs/egs.7.0.ark ark:- | nnet-train-parallel --num-threads=16 --minibatch-size=128 --srand=15 "nnet-init --srand=15 exp/mono3_nnet/hidden.config - | nnet-insert exp/mono3_nnet/15.mdl - - |" ark:- exp/mono3_nnet/16.7.mdl 
# Started at Thu Feb 27 17:35:43 IST 2020
#
nnet-shuffle-egs --buffer-size=5000 --srand=15 ark:exp/mono3_nnet/egs/egs.7.0.ark ark:- 
nnet-train-parallel --num-threads=16 --minibatch-size=128 --srand=15 'nnet-init --srand=15 exp/mono3_nnet/hidden.config - | nnet-insert exp/mono3_nnet/15.mdl - - |' ark:- exp/mono3_nnet/16.7.mdl 
nnet-insert exp/mono3_nnet/15.mdl - - 
nnet-init --srand=15 exp/mono3_nnet/hidden.config - 
LOG (nnet-insert:main():nnet-insert.cc:106) Inserted 2 components at position 18
LOG (nnet-insert:main():nnet-insert.cc:122) Randomized component index 20 with stddev 0.0057735
LOG (nnet-init:main():nnet-init.cc:69) Initialized raw neural net and wrote it to -
LOG (nnet-insert:main():nnet-insert.cc:132) Write neural-net acoustic model to -
LOG (nnet-train-parallel:GetScalingFactor():nnet-component.cc:1564) Limiting step size to 10 using scaling factor 0.741196, for component index 18
LOG (nnet-train-parallel:GetScalingFactor():nnet-component.cc:1564) Limiting step size to 10 using scaling factor 0.740503, for component index 18
LOG (nnet-train-parallel:GetScalingFactor():nnet-component.cc:1564) Limiting step size to 10 using scaling factor 0.733652, for component index 18
LOG (nnet-train-parallel:GetScalingFactor():nnet-component.cc:1564) Limiting step size to 10 using scaling factor 0.722217, for component index 18
LOG (nnet-train-parallel:GetScalingFactor():nnet-component.cc:1564) Limiting step size to 10 using scaling factor 0.804243, for component index 18
LOG (nnet-train-parallel:GetScalingFactor():nnet-component.cc:1564) Limiting step size to 10 using scaling factor 0.576111, for component index 18
LOG (nnet-train-parallel:GetScalingFactor():nnet-component.cc:1564) Limiting step size to 10 using scaling factor 0.766152, for component index 18
LOG (nnet-train-parallel:GetScalingFactor():nnet-component.cc:1564) Limiting step size to 10 using scaling factor 0.52387, for component index 18
LOG (nnet-train-parallel:GetScalingFactor():nnet-component.cc:1564) Limiting step size to 10 using scaling factor 0.560176, for component index 18
LOG (nnet-train-parallel:GetScalingFactor():nnet-component.cc:1564) Limiting step size to 10 using scaling factor 0.474549, for component index 18
LOG (nnet-shuffle-egs:main():nnet-shuffle-egs.cc:102) Shuffled order of 81173 neural-network training examples using a buffer (partial randomization)
LOG (nnet-train-parallel:DoBackpropParallel():nnet-update-parallel.cc:194) Did backprop on 81173 examples, average log-prob per frame is -0.440837
LOG (nnet-train-parallel:DoBackpropParallel():nnet-update-parallel.cc:196) [this line is to be parsed by a script:] log-prob-per-frame=-0.440837
LOG (nnet-train-parallel:main():nnet-train-parallel.cc:102) Finished training, processed 81173 training examples (weighted).  Wrote model to exp/mono3_nnet/16.7.mdl
# Accounting: time=137 threads=1
# Ended (code 0) at Thu Feb 27 17:38:00 IST 2020, elapsed time 137 seconds
