# nnet-shuffle-egs --buffer-size=5000 --srand=5 ark:exp/mono3_nnet/egs/egs.30.0.ark ark:- | nnet-train-parallel --num-threads=16 --minibatch-size=128 --srand=5 "nnet-init --srand=5 exp/mono3_nnet/hidden.config - | nnet-insert exp/mono3_nnet/5.mdl - - |" ark:- exp/mono3_nnet/6.30.mdl 
# Started at Thu Feb 27 15:43:04 IST 2020
#
nnet-train-parallel --num-threads=16 --minibatch-size=128 --srand=5 'nnet-init --srand=5 exp/mono3_nnet/hidden.config - | nnet-insert exp/mono3_nnet/5.mdl - - |' ark:- exp/mono3_nnet/6.30.mdl 
nnet-shuffle-egs --buffer-size=5000 --srand=5 ark:exp/mono3_nnet/egs/egs.30.0.ark ark:- 
nnet-insert exp/mono3_nnet/5.mdl - - 
nnet-init --srand=5 exp/mono3_nnet/hidden.config - 
LOG (nnet-insert:main():nnet-insert.cc:106) Inserted 2 components at position 8
LOG (nnet-insert:main():nnet-insert.cc:122) Randomized component index 10 with stddev 0.0057735
LOG (nnet-init:main():nnet-init.cc:69) Initialized raw neural net and wrote it to -
LOG (nnet-insert:main():nnet-insert.cc:132) Write neural-net acoustic model to -
LOG (nnet-train-parallel:GetScalingFactor():nnet-component.cc:1564) Limiting step size to 10 using scaling factor 0.609877, for component index 10
LOG (nnet-train-parallel:GetScalingFactor():nnet-component.cc:1564) Limiting step size to 10 using scaling factor 0.60385, for component index 10
LOG (nnet-train-parallel:GetScalingFactor():nnet-component.cc:1564) Limiting step size to 10 using scaling factor 0.612529, for component index 10
LOG (nnet-train-parallel:GetScalingFactor():nnet-component.cc:1564) Limiting step size to 10 using scaling factor 0.599992, for component index 10
LOG (nnet-train-parallel:GetScalingFactor():nnet-component.cc:1564) Limiting step size to 10 using scaling factor 0.602297, for component index 10
LOG (nnet-train-parallel:GetScalingFactor():nnet-component.cc:1564) Limiting step size to 10 using scaling factor 0.607879, for component index 10
LOG (nnet-train-parallel:GetScalingFactor():nnet-component.cc:1564) Limiting step size to 10 using scaling factor 0.615675, for component index 10
LOG (nnet-train-parallel:GetScalingFactor():nnet-component.cc:1564) Limiting step size to 10 using scaling factor 0.60083, for component index 10
LOG (nnet-train-parallel:GetScalingFactor():nnet-component.cc:1564) Limiting step size to 10 using scaling factor 0.634707, for component index 10
LOG (nnet-train-parallel:GetScalingFactor():nnet-component.cc:1564) Limiting step size to 10 using scaling factor 0.609339, for component index 10
LOG (nnet-shuffle-egs:main():nnet-shuffle-egs.cc:102) Shuffled order of 81148 neural-network training examples using a buffer (partial randomization)
LOG (nnet-train-parallel:DoBackpropParallel():nnet-update-parallel.cc:194) Did backprop on 81148 examples, average log-prob per frame is -0.844361
LOG (nnet-train-parallel:DoBackpropParallel():nnet-update-parallel.cc:196) [this line is to be parsed by a script:] log-prob-per-frame=-0.844361
LOG (nnet-train-parallel:main():nnet-train-parallel.cc:102) Finished training, processed 81148 training examples (weighted).  Wrote model to exp/mono3_nnet/6.30.mdl
# Accounting: time=34 threads=1
# Ended (code 0) at Thu Feb 27 15:43:38 IST 2020, elapsed time 34 seconds
