# nnet-shuffle-egs --buffer-size=5000 --srand=3 ark:exp/mono3_nnet/egs/egs.12.0.ark ark:- | nnet-train-parallel --num-threads=16 --minibatch-size=128 --srand=3 "nnet-init --srand=3 exp/mono3_nnet/hidden.config - | nnet-insert exp/mono3_nnet/3.mdl - - |" ark:- exp/mono3_nnet/4.12.mdl 
# Started at Thu Feb 27 15:24:38 IST 2020
#
nnet-train-parallel --num-threads=16 --minibatch-size=128 --srand=3 'nnet-init --srand=3 exp/mono3_nnet/hidden.config - | nnet-insert exp/mono3_nnet/3.mdl - - |' ark:- exp/mono3_nnet/4.12.mdl 
nnet-insert exp/mono3_nnet/3.mdl - - 
nnet-init --srand=3 exp/mono3_nnet/hidden.config - 
LOG (nnet-insert:main():nnet-insert.cc:106) Inserted 2 components at position 6
LOG (nnet-insert:main():nnet-insert.cc:122) Randomized component index 8 with stddev 0.0057735
LOG (nnet-insert:main():nnet-insert.cc:132) Write neural-net acoustic model to -
LOG (nnet-init:main():nnet-init.cc:69) Initialized raw neural net and wrote it to -
nnet-shuffle-egs --buffer-size=5000 --srand=3 ark:exp/mono3_nnet/egs/egs.12.0.ark ark:- 
LOG (nnet-train-parallel:GetScalingFactor():nnet-component.cc:1564) Limiting step size to 10 using scaling factor 0.515043, for component index 8
LOG (nnet-train-parallel:GetScalingFactor():nnet-component.cc:1564) Limiting step size to 10 using scaling factor 0.502037, for component index 8
LOG (nnet-train-parallel:GetScalingFactor():nnet-component.cc:1564) Limiting step size to 10 using scaling factor 0.51484, for component index 8
LOG (nnet-train-parallel:GetScalingFactor():nnet-component.cc:1564) Limiting step size to 10 using scaling factor 0.50335, for component index 8
LOG (nnet-train-parallel:GetScalingFactor():nnet-component.cc:1564) Limiting step size to 10 using scaling factor 0.513241, for component index 8
LOG (nnet-train-parallel:GetScalingFactor():nnet-component.cc:1564) Limiting step size to 10 using scaling factor 0.512881, for component index 8
LOG (nnet-train-parallel:GetScalingFactor():nnet-component.cc:1564) Limiting step size to 10 using scaling factor 0.510944, for component index 8
LOG (nnet-train-parallel:GetScalingFactor():nnet-component.cc:1564) Limiting step size to 10 using scaling factor 0.524474, for component index 8
LOG (nnet-train-parallel:GetScalingFactor():nnet-component.cc:1564) Limiting step size to 10 using scaling factor 0.514428, for component index 8
LOG (nnet-train-parallel:GetScalingFactor():nnet-component.cc:1564) Limiting step size to 10 using scaling factor 0.50277, for component index 8
LOG (nnet-shuffle-egs:main():nnet-shuffle-egs.cc:102) Shuffled order of 81164 neural-network training examples using a buffer (partial randomization)
LOG (nnet-train-parallel:DoBackpropParallel():nnet-update-parallel.cc:194) Did backprop on 81164 examples, average log-prob per frame is -1.36439
LOG (nnet-train-parallel:DoBackpropParallel():nnet-update-parallel.cc:196) [this line is to be parsed by a script:] log-prob-per-frame=-1.36439
LOG (nnet-train-parallel:main():nnet-train-parallel.cc:102) Finished training, processed 81164 training examples (weighted).  Wrote model to exp/mono3_nnet/4.12.mdl
# Accounting: time=50 threads=1
# Ended (code 0) at Thu Feb 27 15:25:28 IST 2020, elapsed time 50 seconds
