# nnet-shuffle-egs --buffer-size=5000 --srand=6 ark:exp/mono3_nnet/egs/egs.17.0.ark ark:- | nnet-train-parallel --num-threads=16 --minibatch-size=128 --srand=6 exp/mono3_nnet/6.mdl ark:- exp/mono3_nnet/7.17.mdl 
# Started at Thu Feb 27 15:48:01 IST 2020
#
nnet-train-parallel --num-threads=16 --minibatch-size=128 --srand=6 exp/mono3_nnet/6.mdl ark:- exp/mono3_nnet/7.17.mdl 
nnet-shuffle-egs --buffer-size=5000 --srand=6 ark:exp/mono3_nnet/egs/egs.17.0.ark ark:- 
LOG (nnet-train-parallel:GetScalingFactor():nnet-component.cc:1564) Limiting step size to 10 using scaling factor 0.954614, for component index 8
LOG (nnet-train-parallel:GetScalingFactor():nnet-component.cc:1564) Limiting step size to 10 using scaling factor 0.602385, for component index 4
LOG (nnet-train-parallel:GetScalingFactor():nnet-component.cc:1564) Limiting step size to 10 using scaling factor 0.874408, for component index 4
LOG (nnet-train-parallel:GetScalingFactor():nnet-component.cc:1564) Limiting step size to 10 using scaling factor 0.832742, for component index 4
LOG (nnet-train-parallel:GetScalingFactor():nnet-component.cc:1564) Limiting step size to 10 using scaling factor 0.662017, for component index 4
LOG (nnet-train-parallel:GetScalingFactor():nnet-component.cc:1564) Limiting step size to 10 using scaling factor 0.701731, for component index 4
LOG (nnet-train-parallel:GetScalingFactor():nnet-component.cc:1564) Limiting step size to 10 using scaling factor 0.84721, for component index 4
LOG (nnet-train-parallel:GetScalingFactor():nnet-component.cc:1564) Limiting step size to 10 using scaling factor 0.87883, for component index 4
LOG (nnet-train-parallel:GetScalingFactor():nnet-component.cc:1564) Limiting step size to 10 using scaling factor 0.938163, for component index 4
LOG (nnet-train-parallel:GetScalingFactor():nnet-component.cc:1564) Limiting step size to 10 using scaling factor 0.830893, for component index 4
LOG (nnet-shuffle-egs:main():nnet-shuffle-egs.cc:102) Shuffled order of 81158 neural-network training examples using a buffer (partial randomization)
LOG (nnet-train-parallel:DoBackpropParallel():nnet-update-parallel.cc:194) Did backprop on 81158 examples, average log-prob per frame is -1.12373
LOG (nnet-train-parallel:DoBackpropParallel():nnet-update-parallel.cc:196) [this line is to be parsed by a script:] log-prob-per-frame=-1.12373
LOG (nnet-train-parallel:main():nnet-train-parallel.cc:102) Finished training, processed 81158 training examples (weighted).  Wrote model to exp/mono3_nnet/7.17.mdl
# Accounting: time=64 threads=1
# Ended (code 0) at Thu Feb 27 15:49:05 IST 2020, elapsed time 64 seconds
