# nnet-shuffle-egs --buffer-size=5000 --srand=12 ark:exp/mono3_nnet/egs/egs.24.0.ark ark:- | nnet-train-parallel --num-threads=16 --minibatch-size=128 --srand=12 exp/mono3_nnet/12.mdl ark:- exp/mono3_nnet/13.24.mdl 
# Started at Thu Feb 27 16:58:06 IST 2020
#
nnet-shuffle-egs --buffer-size=5000 --srand=12 ark:exp/mono3_nnet/egs/egs.24.0.ark ark:- 
nnet-train-parallel --num-threads=16 --minibatch-size=128 --srand=12 exp/mono3_nnet/12.mdl ark:- exp/mono3_nnet/13.24.mdl 
LOG (nnet-train-parallel:GetScalingFactor():nnet-component.cc:1564) Limiting step size to 10 using scaling factor 0.996744, for component index 4
LOG (nnet-train-parallel:GetScalingFactor():nnet-component.cc:1564) Limiting step size to 10 using scaling factor 0.921152, for component index 4
LOG (nnet-train-parallel:GetScalingFactor():nnet-component.cc:1564) Limiting step size to 10 using scaling factor 0.900338, for component index 4
LOG (nnet-train-parallel:GetScalingFactor():nnet-component.cc:1564) Limiting step size to 10 using scaling factor 0.975668, for component index 4
LOG (nnet-train-parallel:GetScalingFactor():nnet-component.cc:1564) Limiting step size to 10 using scaling factor 0.940788, for component index 4
LOG (nnet-train-parallel:GetScalingFactor():nnet-component.cc:1564) Limiting step size to 10 using scaling factor 0.989752, for component index 4
LOG (nnet-train-parallel:GetScalingFactor():nnet-component.cc:1564) Limiting step size to 10 using scaling factor 0.948223, for component index 4
LOG (nnet-train-parallel:GetScalingFactor():nnet-component.cc:1564) Limiting step size to 10 using scaling factor 0.982757, for component index 4
LOG (nnet-train-parallel:GetScalingFactor():nnet-component.cc:1564) Limiting step size to 10 using scaling factor 0.947576, for component index 4
LOG (nnet-train-parallel:GetScalingFactor():nnet-component.cc:1564) Limiting step size to 10 using scaling factor 0.997024, for component index 4
LOG (nnet-shuffle-egs:main():nnet-shuffle-egs.cc:102) Shuffled order of 81152 neural-network training examples using a buffer (partial randomization)
LOG (nnet-train-parallel:DoBackpropParallel():nnet-update-parallel.cc:194) Did backprop on 81152 examples, average log-prob per frame is -0.524652
LOG (nnet-train-parallel:DoBackpropParallel():nnet-update-parallel.cc:196) [this line is to be parsed by a script:] log-prob-per-frame=-0.524652
LOG (nnet-train-parallel:main():nnet-train-parallel.cc:102) Finished training, processed 81152 training examples (weighted).  Wrote model to exp/mono3_nnet/13.24.mdl
# Accounting: time=109 threads=1
# Ended (code 0) at Thu Feb 27 16:59:55 IST 2020, elapsed time 109 seconds
