# nnet-shuffle-egs --buffer-size=5000 --srand=4 ark:exp/mono3_nnet/egs/egs.10.0.ark ark:- | nnet-train-parallel --num-threads=16 --minibatch-size=128 --srand=4 exp/mono3_nnet/4.mdl ark:- exp/mono3_nnet/5.10.mdl 
# Started at Thu Feb 27 15:30:55 IST 2020
#
nnet-shuffle-egs --buffer-size=5000 --srand=4 ark:exp/mono3_nnet/egs/egs.10.0.ark ark:- 
nnet-train-parallel --num-threads=16 --minibatch-size=128 --srand=4 exp/mono3_nnet/4.mdl ark:- exp/mono3_nnet/5.10.mdl 
LOG (nnet-train-parallel:GetScalingFactor():nnet-component.cc:1564) Limiting step size to 10 using scaling factor 0.847377, for component index 4
LOG (nnet-train-parallel:GetScalingFactor():nnet-component.cc:1564) Limiting step size to 10 using scaling factor 0.795724, for component index 4
LOG (nnet-train-parallel:GetScalingFactor():nnet-component.cc:1564) Limiting step size to 10 using scaling factor 0.798281, for component index 4
LOG (nnet-train-parallel:GetScalingFactor():nnet-component.cc:1564) Limiting step size to 10 using scaling factor 0.986207, for component index 4
LOG (nnet-train-parallel:GetScalingFactor():nnet-component.cc:1564) Limiting step size to 10 using scaling factor 0.947933, for component index 4
LOG (nnet-train-parallel:GetScalingFactor():nnet-component.cc:1564) Limiting step size to 10 using scaling factor 0.882346, for component index 4
LOG (nnet-train-parallel:GetScalingFactor():nnet-component.cc:1564) Limiting step size to 10 using scaling factor 0.9437, for component index 4
LOG (nnet-train-parallel:GetScalingFactor():nnet-component.cc:1564) Limiting step size to 10 using scaling factor 0.983174, for component index 4
LOG (nnet-train-parallel:GetScalingFactor():nnet-component.cc:1564) Limiting step size to 10 using scaling factor 0.840654, for component index 4
LOG (nnet-train-parallel:GetScalingFactor():nnet-component.cc:1564) Limiting step size to 10 using scaling factor 0.807862, for component index 4
LOG (nnet-shuffle-egs:main():nnet-shuffle-egs.cc:102) Shuffled order of 81167 neural-network training examples using a buffer (partial randomization)
LOG (nnet-train-parallel:DoBackpropParallel():nnet-update-parallel.cc:194) Did backprop on 81167 examples, average log-prob per frame is -0.809176
LOG (nnet-train-parallel:DoBackpropParallel():nnet-update-parallel.cc:196) [this line is to be parsed by a script:] log-prob-per-frame=-0.809176
LOG (nnet-train-parallel:main():nnet-train-parallel.cc:102) Finished training, processed 81167 training examples (weighted).  Wrote model to exp/mono3_nnet/5.10.mdl
# Accounting: time=51 threads=1
# Ended (code 0) at Thu Feb 27 15:31:46 IST 2020, elapsed time 51 seconds
