# nnet-shuffle-egs --buffer-size=5000 --srand=12 ark:exp/mono3_nnet/egs/egs.9.0.ark ark:- | nnet-train-parallel --num-threads=16 --minibatch-size=128 --srand=12 exp/mono3_nnet/12.mdl ark:- exp/mono3_nnet/13.9.mdl 
# Started at Thu Feb 27 16:52:37 IST 2020
#
nnet-train-parallel --num-threads=16 --minibatch-size=128 --srand=12 exp/mono3_nnet/12.mdl ark:- exp/mono3_nnet/13.9.mdl 
nnet-shuffle-egs --buffer-size=5000 --srand=12 ark:exp/mono3_nnet/egs/egs.9.0.ark ark:- 
LOG (nnet-train-parallel:GetScalingFactor():nnet-component.cc:1564) Limiting step size to 10 using scaling factor 0.946146, for component index 4
LOG (nnet-train-parallel:GetScalingFactor():nnet-component.cc:1564) Limiting step size to 10 using scaling factor 0.828859, for component index 4
LOG (nnet-train-parallel:GetScalingFactor():nnet-component.cc:1564) Limiting step size to 10 using scaling factor 0.807369, for component index 4
LOG (nnet-train-parallel:GetScalingFactor():nnet-component.cc:1564) Limiting step size to 10 using scaling factor 0.898148, for component index 4
LOG (nnet-train-parallel:GetScalingFactor():nnet-component.cc:1564) Limiting step size to 10 using scaling factor 0.983144, for component index 4
LOG (nnet-train-parallel:GetScalingFactor():nnet-component.cc:1564) Limiting step size to 10 using scaling factor 0.992302, for component index 4
LOG (nnet-train-parallel:GetScalingFactor():nnet-component.cc:1564) Limiting step size to 10 using scaling factor 0.954531, for component index 4
LOG (nnet-train-parallel:GetScalingFactor():nnet-component.cc:1564) Limiting step size to 10 using scaling factor 0.934295, for component index 4
LOG (nnet-train-parallel:GetScalingFactor():nnet-component.cc:1564) Limiting step size to 10 using scaling factor 0.847078, for component index 4
LOG (nnet-train-parallel:GetScalingFactor():nnet-component.cc:1564) Limiting step size to 10 using scaling factor 0.939823, for component index 4
LOG (nnet-shuffle-egs:main():nnet-shuffle-egs.cc:102) Shuffled order of 81170 neural-network training examples using a buffer (partial randomization)
LOG (nnet-train-parallel:DoBackpropParallel():nnet-update-parallel.cc:194) Did backprop on 81170 examples, average log-prob per frame is -0.544925
LOG (nnet-train-parallel:DoBackpropParallel():nnet-update-parallel.cc:196) [this line is to be parsed by a script:] log-prob-per-frame=-0.544925
LOG (nnet-train-parallel:main():nnet-train-parallel.cc:102) Finished training, processed 81170 training examples (weighted).  Wrote model to exp/mono3_nnet/13.9.mdl
# Accounting: time=109 threads=1
# Ended (code 0) at Thu Feb 27 16:54:26 IST 2020, elapsed time 109 seconds
