# nnet-shuffle-egs --buffer-size=5000 --srand=17 ark:exp/mono3_nnet/egs/egs.26.0.ark ark:- | nnet-train-parallel --num-threads=16 --minibatch-size=128 --srand=17 "nnet-init --srand=17 exp/mono3_nnet/hidden.config - | nnet-insert exp/mono3_nnet/17.mdl - - |" ark:- exp/mono3_nnet/18.26.mdl 
# Started at Thu Feb 27 18:23:06 IST 2020
#
nnet-train-parallel --num-threads=16 --minibatch-size=128 --srand=17 'nnet-init --srand=17 exp/mono3_nnet/hidden.config - | nnet-insert exp/mono3_nnet/17.mdl - - |' ark:- exp/mono3_nnet/18.26.mdl 
nnet-shuffle-egs --buffer-size=5000 --srand=17 ark:exp/mono3_nnet/egs/egs.26.0.ark ark:- 
nnet-init --srand=17 exp/mono3_nnet/hidden.config - 
nnet-insert exp/mono3_nnet/17.mdl - - 
LOG (nnet-init:main():nnet-init.cc:69) Initialized raw neural net and wrote it to -
LOG (nnet-insert:main():nnet-insert.cc:106) Inserted 2 components at position 20
LOG (nnet-insert:main():nnet-insert.cc:122) Randomized component index 22 with stddev 0.0057735
LOG (nnet-insert:main():nnet-insert.cc:132) Write neural-net acoustic model to -
LOG (nnet-train-parallel:GetScalingFactor():nnet-component.cc:1564) Limiting step size to 10 using scaling factor 0.926611, for component index 20
LOG (nnet-train-parallel:GetScalingFactor():nnet-component.cc:1564) Limiting step size to 10 using scaling factor 0.84679, for component index 20
LOG (nnet-train-parallel:GetScalingFactor():nnet-component.cc:1564) Limiting step size to 10 using scaling factor 0.54859, for component index 20
LOG (nnet-train-parallel:GetScalingFactor():nnet-component.cc:1564) Limiting step size to 10 using scaling factor 0.52383, for component index 20
LOG (nnet-train-parallel:GetScalingFactor():nnet-component.cc:1564) Limiting step size to 10 using scaling factor 0.6043, for component index 20
LOG (nnet-train-parallel:GetScalingFactor():nnet-component.cc:1564) Limiting step size to 10 using scaling factor 0.600401, for component index 20
LOG (nnet-train-parallel:GetScalingFactor():nnet-component.cc:1564) Limiting step size to 10 using scaling factor 0.623101, for component index 20
LOG (nnet-train-parallel:GetScalingFactor():nnet-component.cc:1564) Limiting step size to 10 using scaling factor 0.591175, for component index 20
LOG (nnet-train-parallel:GetScalingFactor():nnet-component.cc:1564) Limiting step size to 10 using scaling factor 0.588853, for component index 20
LOG (nnet-train-parallel:GetScalingFactor():nnet-component.cc:1564) Limiting step size to 10 using scaling factor 0.913562, for component index 20
LOG (nnet-shuffle-egs:main():nnet-shuffle-egs.cc:102) Shuffled order of 81149 neural-network training examples using a buffer (partial randomization)
LOG (nnet-train-parallel:DoBackpropParallel():nnet-update-parallel.cc:194) Did backprop on 81149 examples, average log-prob per frame is -0.436539
LOG (nnet-train-parallel:DoBackpropParallel():nnet-update-parallel.cc:196) [this line is to be parsed by a script:] log-prob-per-frame=-0.436539
LOG (nnet-train-parallel:main():nnet-train-parallel.cc:102) Finished training, processed 81149 training examples (weighted).  Wrote model to exp/mono3_nnet/18.26.mdl
# Accounting: time=153 threads=1
# Ended (code 0) at Thu Feb 27 18:25:39 IST 2020, elapsed time 153 seconds
