# nnet-shuffle-egs --buffer-size=5000 --srand=23 ark:exp/mono3_nnet/egs/egs.19.0.ark ark:- | nnet-train-parallel --num-threads=16 --minibatch-size=128 --srand=23 "nnet-init --srand=23 exp/mono3_nnet/hidden.config - | nnet-insert exp/mono3_nnet/23.mdl - - |" ark:- exp/mono3_nnet/24.19.mdl 
# Started at Thu Feb 27 20:26:25 IST 2020
#
nnet-train-parallel --num-threads=16 --minibatch-size=128 --srand=23 'nnet-init --srand=23 exp/mono3_nnet/hidden.config - | nnet-insert exp/mono3_nnet/23.mdl - - |' ark:- exp/mono3_nnet/24.19.mdl 
nnet-shuffle-egs --buffer-size=5000 --srand=23 ark:exp/mono3_nnet/egs/egs.19.0.ark ark:- 
nnet-insert exp/mono3_nnet/23.mdl - - 
nnet-init --srand=23 exp/mono3_nnet/hidden.config - 
LOG (nnet-insert:main():nnet-insert.cc:106) Inserted 2 components at position 26
LOG (nnet-insert:main():nnet-insert.cc:122) Randomized component index 28 with stddev 0.0057735
LOG (nnet-init:main():nnet-init.cc:69) Initialized raw neural net and wrote it to -
LOG (nnet-insert:main():nnet-insert.cc:132) Write neural-net acoustic model to -
LOG (nnet-train-parallel:GetScalingFactor():nnet-component.cc:1564) Limiting step size to 10 using scaling factor 0.950796, for component index 26
LOG (nnet-train-parallel:GetScalingFactor():nnet-component.cc:1564) Limiting step size to 10 using scaling factor 0.892114, for component index 26
LOG (nnet-train-parallel:GetScalingFactor():nnet-component.cc:1564) Limiting step size to 10 using scaling factor 0.744291, for component index 26
LOG (nnet-train-parallel:GetScalingFactor():nnet-component.cc:1564) Limiting step size to 10 using scaling factor 0.748015, for component index 26
LOG (nnet-train-parallel:GetScalingFactor():nnet-component.cc:1564) Limiting step size to 10 using scaling factor 0.826735, for component index 26
LOG (nnet-train-parallel:GetScalingFactor():nnet-component.cc:1564) Limiting step size to 10 using scaling factor 0.816468, for component index 26
LOG (nnet-shuffle-egs:main():nnet-shuffle-egs.cc:102) Shuffled order of 81158 neural-network training examples using a buffer (partial randomization)
LOG (nnet-train-parallel:DoBackpropParallel():nnet-update-parallel.cc:194) Did backprop on 81158 examples, average log-prob per frame is -0.342924
LOG (nnet-train-parallel:DoBackpropParallel():nnet-update-parallel.cc:196) [this line is to be parsed by a script:] log-prob-per-frame=-0.342924
LOG (nnet-train-parallel:main():nnet-train-parallel.cc:102) Finished training, processed 81158 training examples (weighted).  Wrote model to exp/mono3_nnet/24.19.mdl
# Accounting: time=196 threads=1
# Ended (code 0) at Thu Feb 27 20:29:41 IST 2020, elapsed time 196 seconds
