# nnet-shuffle-egs --buffer-size=5000 --srand=6 ark:exp/mono3_nnet/egs/egs.10.0.ark ark:- | nnet-train-parallel --num-threads=16 --minibatch-size=128 --srand=6 exp/mono3_nnet/6.mdl ark:- exp/mono3_nnet/7.10.mdl 
# Started at Thu Feb 27 15:45:51 IST 2020
#
nnet-shuffle-egs --buffer-size=5000 --srand=6 ark:exp/mono3_nnet/egs/egs.10.0.ark ark:- 
nnet-train-parallel --num-threads=16 --minibatch-size=128 --srand=6 exp/mono3_nnet/6.mdl ark:- exp/mono3_nnet/7.10.mdl 
LOG (nnet-train-parallel:GetScalingFactor():nnet-component.cc:1564) Limiting step size to 10 using scaling factor 0.980231, for component index 8
LOG (nnet-train-parallel:GetScalingFactor():nnet-component.cc:1564) Limiting step size to 10 using scaling factor 0.677228, for component index 4
LOG (nnet-train-parallel:GetScalingFactor():nnet-component.cc:1564) Limiting step size to 10 using scaling factor 0.872199, for component index 4
LOG (nnet-train-parallel:GetScalingFactor():nnet-component.cc:1564) Limiting step size to 10 using scaling factor 0.911279, for component index 4
LOG (nnet-train-parallel:GetScalingFactor():nnet-component.cc:1564) Limiting step size to 10 using scaling factor 0.819316, for component index 4
LOG (nnet-train-parallel:GetScalingFactor():nnet-component.cc:1564) Limiting step size to 10 using scaling factor 0.911865, for component index 4
LOG (nnet-train-parallel:GetScalingFactor():nnet-component.cc:1564) Limiting step size to 10 using scaling factor 0.9021, for component index 4
LOG (nnet-train-parallel:GetScalingFactor():nnet-component.cc:1564) Limiting step size to 10 using scaling factor 0.858735, for component index 4
LOG (nnet-train-parallel:GetScalingFactor():nnet-component.cc:1564) Limiting step size to 10 using scaling factor 0.967261, for component index 4
LOG (nnet-train-parallel:GetScalingFactor():nnet-component.cc:1564) Limiting step size to 10 using scaling factor 0.841993, for component index 4
LOG (nnet-shuffle-egs:main():nnet-shuffle-egs.cc:102) Shuffled order of 81167 neural-network training examples using a buffer (partial randomization)
LOG (nnet-train-parallel:DoBackpropParallel():nnet-update-parallel.cc:194) Did backprop on 81167 examples, average log-prob per frame is -0.685229
LOG (nnet-train-parallel:DoBackpropParallel():nnet-update-parallel.cc:196) [this line is to be parsed by a script:] log-prob-per-frame=-0.685229
LOG (nnet-train-parallel:main():nnet-train-parallel.cc:102) Finished training, processed 81167 training examples (weighted).  Wrote model to exp/mono3_nnet/7.10.mdl
# Accounting: time=65 threads=1
# Ended (code 0) at Thu Feb 27 15:46:56 IST 2020, elapsed time 65 seconds
