# nnet-shuffle-egs --buffer-size=5000 --srand=3 ark:exp/mono3_nnet/egs/egs.4.0.ark ark:- | nnet-train-parallel --num-threads=16 --minibatch-size=128 --srand=3 "nnet-init --srand=3 exp/mono3_nnet/hidden.config - | nnet-insert exp/mono3_nnet/3.mdl - - |" ark:- exp/mono3_nnet/4.4.mdl 
# Started at Thu Feb 27 15:22:57 IST 2020
#
nnet-shuffle-egs --buffer-size=5000 --srand=3 ark:exp/mono3_nnet/egs/egs.4.0.ark ark:- 
nnet-train-parallel --num-threads=16 --minibatch-size=128 --srand=3 'nnet-init --srand=3 exp/mono3_nnet/hidden.config - | nnet-insert exp/mono3_nnet/3.mdl - - |' ark:- exp/mono3_nnet/4.4.mdl 
nnet-init --srand=3 exp/mono3_nnet/hidden.config - 
nnet-insert exp/mono3_nnet/3.mdl - - 
LOG (nnet-insert:main():nnet-insert.cc:106) Inserted 2 components at position 6
LOG (nnet-insert:main():nnet-insert.cc:122) Randomized component index 8 with stddev 0.0057735
LOG (nnet-init:main():nnet-init.cc:69) Initialized raw neural net and wrote it to -
LOG (nnet-insert:main():nnet-insert.cc:132) Write neural-net acoustic model to -
LOG (nnet-train-parallel:GetScalingFactor():nnet-component.cc:1564) Limiting step size to 10 using scaling factor 0.514468, for component index 8
LOG (nnet-train-parallel:GetScalingFactor():nnet-component.cc:1564) Limiting step size to 10 using scaling factor 0.511487, for component index 8
LOG (nnet-train-parallel:GetScalingFactor():nnet-component.cc:1564) Limiting step size to 10 using scaling factor 0.515983, for component index 8
LOG (nnet-train-parallel:GetScalingFactor():nnet-component.cc:1564) Limiting step size to 10 using scaling factor 0.514702, for component index 8
LOG (nnet-train-parallel:GetScalingFactor():nnet-component.cc:1564) Limiting step size to 10 using scaling factor 0.508577, for component index 8
LOG (nnet-train-parallel:GetScalingFactor():nnet-component.cc:1564) Limiting step size to 10 using scaling factor 0.503712, for component index 8
LOG (nnet-train-parallel:GetScalingFactor():nnet-component.cc:1564) Limiting step size to 10 using scaling factor 0.516285, for component index 8
LOG (nnet-train-parallel:GetScalingFactor():nnet-component.cc:1564) Limiting step size to 10 using scaling factor 0.508185, for component index 8
LOG (nnet-train-parallel:GetScalingFactor():nnet-component.cc:1564) Limiting step size to 10 using scaling factor 0.514852, for component index 8
LOG (nnet-train-parallel:GetScalingFactor():nnet-component.cc:1564) Limiting step size to 10 using scaling factor 0.515515, for component index 8
LOG (nnet-shuffle-egs:main():nnet-shuffle-egs.cc:102) Shuffled order of 81176 neural-network training examples using a buffer (partial randomization)
LOG (nnet-train-parallel:DoBackpropParallel():nnet-update-parallel.cc:194) Did backprop on 81176 examples, average log-prob per frame is -1.84517
LOG (nnet-train-parallel:DoBackpropParallel():nnet-update-parallel.cc:196) [this line is to be parsed by a script:] log-prob-per-frame=-1.84517
LOG (nnet-train-parallel:main():nnet-train-parallel.cc:102) Finished training, processed 81176 training examples (weighted).  Wrote model to exp/mono3_nnet/4.4.mdl
# Accounting: time=51 threads=1
# Ended (code 0) at Thu Feb 27 15:23:48 IST 2020, elapsed time 51 seconds
