# nnet-shuffle-egs --buffer-size=5000 --srand=4 ark:exp/mono3_nnet/egs/egs.4.0.ark ark:- | nnet-train-parallel --num-threads=16 --minibatch-size=128 --srand=4 exp/mono3_nnet/4.mdl ark:- exp/mono3_nnet/5.4.mdl 
# Started at Thu Feb 27 15:29:14 IST 2020
#
nnet-train-parallel --num-threads=16 --minibatch-size=128 --srand=4 exp/mono3_nnet/4.mdl ark:- exp/mono3_nnet/5.4.mdl 
nnet-shuffle-egs --buffer-size=5000 --srand=4 ark:exp/mono3_nnet/egs/egs.4.0.ark ark:- 
LOG (nnet-train-parallel:GetScalingFactor():nnet-component.cc:1564) Limiting step size to 10 using scaling factor 0.888243, for component index 4
LOG (nnet-train-parallel:GetScalingFactor():nnet-component.cc:1564) Limiting step size to 10 using scaling factor 0.689051, for component index 4
LOG (nnet-train-parallel:GetScalingFactor():nnet-component.cc:1564) Limiting step size to 10 using scaling factor 0.831294, for component index 4
LOG (nnet-train-parallel:GetScalingFactor():nnet-component.cc:1564) Limiting step size to 10 using scaling factor 0.94341, for component index 4
LOG (nnet-train-parallel:GetScalingFactor():nnet-component.cc:1564) Limiting step size to 10 using scaling factor 0.926331, for component index 4
LOG (nnet-train-parallel:GetScalingFactor():nnet-component.cc:1564) Limiting step size to 10 using scaling factor 0.976656, for component index 4
LOG (nnet-train-parallel:GetScalingFactor():nnet-component.cc:1564) Limiting step size to 10 using scaling factor 0.802688, for component index 4
LOG (nnet-train-parallel:GetScalingFactor():nnet-component.cc:1564) Limiting step size to 10 using scaling factor 0.75425, for component index 4
LOG (nnet-train-parallel:GetScalingFactor():nnet-component.cc:1564) Limiting step size to 10 using scaling factor 0.940105, for component index 4
LOG (nnet-train-parallel:GetScalingFactor():nnet-component.cc:1564) Limiting step size to 10 using scaling factor 0.839446, for component index 4
LOG (nnet-shuffle-egs:main():nnet-shuffle-egs.cc:102) Shuffled order of 81176 neural-network training examples using a buffer (partial randomization)
LOG (nnet-train-parallel:DoBackpropParallel():nnet-update-parallel.cc:194) Did backprop on 81176 examples, average log-prob per frame is -1.0287
LOG (nnet-train-parallel:DoBackpropParallel():nnet-update-parallel.cc:196) [this line is to be parsed by a script:] log-prob-per-frame=-1.0287
LOG (nnet-train-parallel:main():nnet-train-parallel.cc:102) Finished training, processed 81176 training examples (weighted).  Wrote model to exp/mono3_nnet/5.4.mdl
# Accounting: time=51 threads=1
# Ended (code 0) at Thu Feb 27 15:30:05 IST 2020, elapsed time 51 seconds
