# nnet-shuffle-egs --buffer-size=5000 --srand=5 ark:exp/mono3_nnet/egs/egs.10.0.ark ark:- | nnet-train-parallel --num-threads=16 --minibatch-size=128 --srand=5 "nnet-init --srand=5 exp/mono3_nnet/hidden.config - | nnet-insert exp/mono3_nnet/5.mdl - - |" ark:- exp/mono3_nnet/6.10.mdl 
# Started at Thu Feb 27 15:37:42 IST 2020
#
nnet-train-parallel --num-threads=16 --minibatch-size=128 --srand=5 'nnet-init --srand=5 exp/mono3_nnet/hidden.config - | nnet-insert exp/mono3_nnet/5.mdl - - |' ark:- exp/mono3_nnet/6.10.mdl 
nnet-shuffle-egs --buffer-size=5000 --srand=5 ark:exp/mono3_nnet/egs/egs.10.0.ark ark:- 
nnet-insert exp/mono3_nnet/5.mdl - - 
nnet-init --srand=5 exp/mono3_nnet/hidden.config - 
LOG (nnet-insert:main():nnet-insert.cc:106) Inserted 2 components at position 8
LOG (nnet-insert:main():nnet-insert.cc:122) Randomized component index 10 with stddev 0.0057735
LOG (nnet-insert:main():nnet-insert.cc:132) Write neural-net acoustic model to -
LOG (nnet-init:main():nnet-init.cc:69) Initialized raw neural net and wrote it to -
LOG (nnet-train-parallel:GetScalingFactor():nnet-component.cc:1564) Limiting step size to 10 using scaling factor 0.606843, for component index 10
LOG (nnet-train-parallel:GetScalingFactor():nnet-component.cc:1564) Limiting step size to 10 using scaling factor 0.604591, for component index 10
LOG (nnet-train-parallel:GetScalingFactor():nnet-component.cc:1564) Limiting step size to 10 using scaling factor 0.603785, for component index 10
LOG (nnet-train-parallel:GetScalingFactor():nnet-component.cc:1564) Limiting step size to 10 using scaling factor 0.611149, for component index 10
LOG (nnet-train-parallel:GetScalingFactor():nnet-component.cc:1564) Limiting step size to 10 using scaling factor 0.610669, for component index 10
LOG (nnet-train-parallel:GetScalingFactor():nnet-component.cc:1564) Limiting step size to 10 using scaling factor 0.844635, for component index 8
LOG (nnet-train-parallel:GetScalingFactor():nnet-component.cc:1564) Limiting step size to 10 using scaling factor 0.612666, for component index 10
LOG (nnet-train-parallel:GetScalingFactor():nnet-component.cc:1564) Limiting step size to 10 using scaling factor 0.615647, for component index 10
LOG (nnet-train-parallel:GetScalingFactor():nnet-component.cc:1564) Limiting step size to 10 using scaling factor 0.60928, for component index 10
LOG (nnet-train-parallel:GetScalingFactor():nnet-component.cc:1564) Limiting step size to 10 using scaling factor 0.598135, for component index 10
LOG (nnet-shuffle-egs:main():nnet-shuffle-egs.cc:102) Shuffled order of 81167 neural-network training examples using a buffer (partial randomization)
LOG (nnet-train-parallel:DoBackpropParallel():nnet-update-parallel.cc:194) Did backprop on 81167 examples, average log-prob per frame is -0.859275
LOG (nnet-train-parallel:DoBackpropParallel():nnet-update-parallel.cc:196) [this line is to be parsed by a script:] log-prob-per-frame=-0.859275
LOG (nnet-train-parallel:main():nnet-train-parallel.cc:102) Finished training, processed 81167 training examples (weighted).  Wrote model to exp/mono3_nnet/6.10.mdl
# Accounting: time=65 threads=1
# Ended (code 0) at Thu Feb 27 15:38:47 IST 2020, elapsed time 65 seconds
