# nnet-shuffle-egs --buffer-size=5000 --srand=13 ark:exp/mono3_nnet/egs/egs.23.0.ark ark:- | nnet-train-parallel --num-threads=16 --minibatch-size=128 --srand=13 "nnet-init --srand=13 exp/mono3_nnet/hidden.config - | nnet-insert exp/mono3_nnet/13.mdl - - |" ark:- exp/mono3_nnet/14.23.mdl 
# Started at Thu Feb 27 17:12:55 IST 2020
#
nnet-shuffle-egs --buffer-size=5000 --srand=13 ark:exp/mono3_nnet/egs/egs.23.0.ark ark:- 
nnet-train-parallel --num-threads=16 --minibatch-size=128 --srand=13 'nnet-init --srand=13 exp/mono3_nnet/hidden.config - | nnet-insert exp/mono3_nnet/13.mdl - - |' ark:- exp/mono3_nnet/14.23.mdl 
nnet-init --srand=13 exp/mono3_nnet/hidden.config - 
nnet-insert exp/mono3_nnet/13.mdl - - 
LOG (nnet-init:main():nnet-init.cc:69) Initialized raw neural net and wrote it to -
LOG (nnet-insert:main():nnet-insert.cc:106) Inserted 2 components at position 16
LOG (nnet-insert:main():nnet-insert.cc:122) Randomized component index 18 with stddev 0.0057735
LOG (nnet-insert:main():nnet-insert.cc:132) Write neural-net acoustic model to -
LOG (nnet-train-parallel:GetScalingFactor():nnet-component.cc:1564) Limiting step size to 10 using scaling factor 0.52618, for component index 16
LOG (nnet-train-parallel:GetScalingFactor():nnet-component.cc:1564) Limiting step size to 10 using scaling factor 0.374676, for component index 16
LOG (nnet-train-parallel:GetScalingFactor():nnet-component.cc:1564) Limiting step size to 10 using scaling factor 0.459226, for component index 16
LOG (nnet-train-parallel:GetScalingFactor():nnet-component.cc:1564) Limiting step size to 10 using scaling factor 0.47658, for component index 16
LOG (nnet-train-parallel:GetScalingFactor():nnet-component.cc:1564) Limiting step size to 10 using scaling factor 0.49339, for component index 16
LOG (nnet-train-parallel:GetScalingFactor():nnet-component.cc:1564) Limiting step size to 10 using scaling factor 0.481442, for component index 16
LOG (nnet-train-parallel:GetScalingFactor():nnet-component.cc:1564) Limiting step size to 10 using scaling factor 0.677619, for component index 16
LOG (nnet-train-parallel:GetScalingFactor():nnet-component.cc:1564) Limiting step size to 10 using scaling factor 0.59485, for component index 16
LOG (nnet-train-parallel:GetScalingFactor():nnet-component.cc:1564) Limiting step size to 10 using scaling factor 0.703138, for component index 16
LOG (nnet-train-parallel:GetScalingFactor():nnet-component.cc:1564) Limiting step size to 10 using scaling factor 0.564013, for component index 16
LOG (nnet-shuffle-egs:main():nnet-shuffle-egs.cc:102) Shuffled order of 81154 neural-network training examples using a buffer (partial randomization)
LOG (nnet-train-parallel:DoBackpropParallel():nnet-update-parallel.cc:194) Did backprop on 81154 examples, average log-prob per frame is -0.537253
LOG (nnet-train-parallel:DoBackpropParallel():nnet-update-parallel.cc:196) [this line is to be parsed by a script:] log-prob-per-frame=-0.537253
LOG (nnet-train-parallel:main():nnet-train-parallel.cc:102) Finished training, processed 81154 training examples (weighted).  Wrote model to exp/mono3_nnet/14.23.mdl
# Accounting: time=124 threads=1
# Ended (code 0) at Thu Feb 27 17:14:59 IST 2020, elapsed time 124 seconds
