# nnet-shuffle-egs --buffer-size=5000 --srand=27 ark:exp/mono3_nnet/egs/egs.11.0.ark ark:- | nnet-train-parallel --num-threads=16 --minibatch-size=128 --srand=27 "nnet-init --srand=27 exp/mono3_nnet/hidden.config - | nnet-insert exp/mono3_nnet/27.mdl - - |" ark:- exp/mono3_nnet/28.11.mdl 
# Started at Thu Feb 27 22:02:57 IST 2020
#
nnet-train-parallel --num-threads=16 --minibatch-size=128 --srand=27 'nnet-init --srand=27 exp/mono3_nnet/hidden.config - | nnet-insert exp/mono3_nnet/27.mdl - - |' ark:- exp/mono3_nnet/28.11.mdl 
nnet-shuffle-egs --buffer-size=5000 --srand=27 ark:exp/mono3_nnet/egs/egs.11.0.ark ark:- 
nnet-insert exp/mono3_nnet/27.mdl - - 
nnet-init --srand=27 exp/mono3_nnet/hidden.config - 
LOG (nnet-init:main():nnet-init.cc:69) Initialized raw neural net and wrote it to -
LOG (nnet-insert:main():nnet-insert.cc:106) Inserted 2 components at position 30
LOG (nnet-insert:main():nnet-insert.cc:122) Randomized component index 32 with stddev 0.0057735
LOG (nnet-insert:main():nnet-insert.cc:132) Write neural-net acoustic model to -
LOG (nnet-train-parallel:GetScalingFactor():nnet-component.cc:1564) Limiting step size to 10 using scaling factor 0.860713, for component index 30
LOG (nnet-train-parallel:GetScalingFactor():nnet-component.cc:1564) Limiting step size to 10 using scaling factor 0.895433, for component index 30
LOG (nnet-train-parallel:GetScalingFactor():nnet-component.cc:1564) Limiting step size to 10 using scaling factor 0.837812, for component index 30
LOG (nnet-train-parallel:GetScalingFactor():nnet-component.cc:1564) Limiting step size to 10 using scaling factor 0.848714, for component index 30
LOG (nnet-train-parallel:GetScalingFactor():nnet-component.cc:1564) Limiting step size to 10 using scaling factor 0.88874, for component index 30
LOG (nnet-train-parallel:GetScalingFactor():nnet-component.cc:1564) Limiting step size to 10 using scaling factor 0.811407, for component index 30
LOG (nnet-train-parallel:GetScalingFactor():nnet-component.cc:1564) Limiting step size to 10 using scaling factor 0.976229, for component index 30
LOG (nnet-train-parallel:GetScalingFactor():nnet-component.cc:1564) Limiting step size to 10 using scaling factor 0.991316, for component index 30
LOG (nnet-shuffle-egs:main():nnet-shuffle-egs.cc:102) Shuffled order of 81165 neural-network training examples using a buffer (partial randomization)
LOG (nnet-train-parallel:DoBackpropParallel():nnet-update-parallel.cc:194) Did backprop on 81165 examples, average log-prob per frame is -0.480639
LOG (nnet-train-parallel:DoBackpropParallel():nnet-update-parallel.cc:196) [this line is to be parsed by a script:] log-prob-per-frame=-0.480639
LOG (nnet-train-parallel:main():nnet-train-parallel.cc:102) Finished training, processed 81165 training examples (weighted).  Wrote model to exp/mono3_nnet/28.11.mdl
# Accounting: time=225 threads=1
# Ended (code 0) at Thu Feb 27 22:06:42 IST 2020, elapsed time 225 seconds
