# align-equal-compiled "ark:gunzip -c exp/mono/fsts.1.gz|" "ark,s,cs:apply-cmvn  --utt2spk=ark:data/train/split30/1/utt2spk scp:data/train/split30/1/cmvn.scp scp:data/train/split30/1/feats.scp ark:- | add-deltas ark:- ark:- |" ark,t:- | gmm-acc-stats-ali --binary=true exp/mono/0.mdl "ark,s,cs:apply-cmvn  --utt2spk=ark:data/train/split30/1/utt2spk scp:data/train/split30/1/cmvn.scp scp:data/train/split30/1/feats.scp ark:- | add-deltas ark:- ark:- |" ark:- exp/mono/0.1.acc 
# Started at Wed Mar  4 08:05:53 IST 2020
#
align-equal-compiled 'ark:gunzip -c exp/mono/fsts.1.gz|' 'ark,s,cs:apply-cmvn  --utt2spk=ark:data/train/split30/1/utt2spk scp:data/train/split30/1/cmvn.scp scp:data/train/split30/1/feats.scp ark:- | add-deltas ark:- ark:- |' ark,t:- 
apply-cmvn --utt2spk=ark:data/train/split30/1/utt2spk scp:data/train/split30/1/cmvn.scp scp:data/train/split30/1/feats.scp ark:- 
add-deltas ark:- ark:- 
gmm-acc-stats-ali --binary=true exp/mono/0.mdl 'ark,s,cs:apply-cmvn  --utt2spk=ark:data/train/split30/1/utt2spk scp:data/train/split30/1/cmvn.scp scp:data/train/split30/1/feats.scp ark:- | add-deltas ark:- ark:- |' ark:- exp/mono/0.1.acc 
add-deltas ark:- ark:- 
apply-cmvn --utt2spk=ark:data/train/split30/1/utt2spk scp:data/train/split30/1/cmvn.scp scp:data/train/split30/1/feats.scp ark:- 
LOG (gmm-acc-stats-ali:main():gmm-acc-stats-ali.cc:105) Processed 50 utterances; for utterance train_S10_11_3_20 avg. like is -100.279 over 275 frames.
LOG (gmm-acc-stats-ali:main():gmm-acc-stats-ali.cc:105) Processed 100 utterances; for utterance train_S10_3_6_20 avg. like is -97.9182 over 375 frames.
LOG (gmm-acc-stats-ali:main():gmm-acc-stats-ali.cc:105) Processed 150 utterances; for utterance train_S10_5_2_20 avg. like is -101.209 over 320 frames.
LOG (apply-cmvn:main():apply-cmvn.cc:146) Applied cepstral mean normalization to 242 utterances, errors on 0
LOG (align-equal-compiled:main():align-equal-compiled.cc:107) Success: done 242 utterances.
LOG (gmm-acc-stats-ali:main():gmm-acc-stats-ali.cc:105) Processed 200 utterances; for utterance train_S10_6_5_20 avg. like is -103.34 over 259 frames.
LOG (apply-cmvn:main():apply-cmvn.cc:146) Applied cepstral mean normalization to 242 utterances, errors on 0
LOG (gmm-acc-stats-ali:main():gmm-acc-stats-ali.cc:112) Done 242 files, 0 with errors.
LOG (gmm-acc-stats-ali:main():gmm-acc-stats-ali.cc:115) Overall avg like per frame (Gaussian only) = -101.508 over 73357 frames.
LOG (gmm-acc-stats-ali:main():gmm-acc-stats-ali.cc:123) Written accs.
# Accounting: time=1 threads=1
# Ended (code 0) at Wed Mar  4 08:05:54 IST 2020, elapsed time 1 seconds
