# align-equal-compiled "ark:gunzip -c exp/mono/fsts.6.gz|" "ark,s,cs:apply-cmvn  --utt2spk=ark:data/train/split30/6/utt2spk scp:data/train/split30/6/cmvn.scp scp:data/train/split30/6/feats.scp ark:- | add-deltas ark:- ark:- |" ark,t:- | gmm-acc-stats-ali --binary=true exp/mono/0.mdl "ark,s,cs:apply-cmvn  --utt2spk=ark:data/train/split30/6/utt2spk scp:data/train/split30/6/cmvn.scp scp:data/train/split30/6/feats.scp ark:- | add-deltas ark:- ark:- |" ark:- exp/mono/0.6.acc 
# Started at Sat Feb 29 08:11:24 IST 2020
#
gmm-acc-stats-ali --binary=true exp/mono/0.mdl 'ark,s,cs:apply-cmvn  --utt2spk=ark:data/train/split30/6/utt2spk scp:data/train/split30/6/cmvn.scp scp:data/train/split30/6/feats.scp ark:- | add-deltas ark:- ark:- |' ark:- exp/mono/0.6.acc 
align-equal-compiled 'ark:gunzip -c exp/mono/fsts.6.gz|' 'ark,s,cs:apply-cmvn  --utt2spk=ark:data/train/split30/6/utt2spk scp:data/train/split30/6/cmvn.scp scp:data/train/split30/6/feats.scp ark:- | add-deltas ark:- ark:- |' ark,t:- 
add-deltas ark:- ark:- 
apply-cmvn --utt2spk=ark:data/train/split30/6/utt2spk scp:data/train/split30/6/cmvn.scp scp:data/train/split30/6/feats.scp ark:- 
apply-cmvn --utt2spk=ark:data/train/split30/6/utt2spk scp:data/train/split30/6/cmvn.scp scp:data/train/split30/6/feats.scp ark:- 
add-deltas ark:- ark:- 
LOG (gmm-acc-stats-ali:main():gmm-acc-stats-ali.cc:105) Processed 50 utterances; for utterance train_S13_6_1_18 avg. like is -108.513 over 282 frames.
LOG (gmm-acc-stats-ali:main():gmm-acc-stats-ali.cc:105) Processed 100 utterances; for utterance train_S13_7_4_18 avg. like is -104.135 over 422 frames.
LOG (gmm-acc-stats-ali:main():gmm-acc-stats-ali.cc:105) Processed 150 utterances; for utterance train_S13_8_7_18 avg. like is -108.486 over 267 frames.
LOG (apply-cmvn:main():apply-cmvn.cc:146) Applied cepstral mean normalization to 263 utterances, errors on 0
LOG (align-equal-compiled:main():align-equal-compiled.cc:107) Success: done 263 utterances.
LOG (gmm-acc-stats-ali:main():gmm-acc-stats-ali.cc:105) Processed 200 utterances; for utterance train_S14_10_3_18 avg. like is -105.066 over 271 frames.
LOG (gmm-acc-stats-ali:main():gmm-acc-stats-ali.cc:105) Processed 250 utterances; for utterance train_S14_11_6_18 avg. like is -104.843 over 287 frames.
LOG (apply-cmvn:main():apply-cmvn.cc:146) Applied cepstral mean normalization to 263 utterances, errors on 0
LOG (gmm-acc-stats-ali:main():gmm-acc-stats-ali.cc:112) Done 263 files, 0 with errors.
LOG (gmm-acc-stats-ali:main():gmm-acc-stats-ali.cc:115) Overall avg like per frame (Gaussian only) = -105.57 over 99859 frames.
LOG (gmm-acc-stats-ali:main():gmm-acc-stats-ali.cc:123) Written accs.
# Accounting: time=1 threads=1
# Ended (code 0) at Sat Feb 29 08:11:25 IST 2020, elapsed time 1 seconds
