# ali-to-post "ark:gunzip -c exp/mono2/ali.19.gz|" ark:- | weight-silence-post 0.0 1 exp/mono2/12.mdl ark:- ark:- | gmm-est-fmllr --fmllr-update-type=full --spk2utt=ark:data/train/split30/19/spk2utt exp/mono2/12.mdl "ark,s,cs:apply-cmvn  --utt2spk=ark:data/train/split30/19/utt2spk scp:data/train/split30/19/cmvn.scp scp:data/train/split30/19/feats.scp ark:- | add-deltas  ark:- ark:- | transform-feats --utt2spk=ark:data/train/split30/19/utt2spk ark:exp/mono2/trans.19 ark:- ark:- |" ark:- ark:exp/mono2/tmp_trans.19 
# Started at Mon Feb 10 15:31:22 IST 2020
#
gmm-est-fmllr --fmllr-update-type=full --spk2utt=ark:data/train/split30/19/spk2utt exp/mono2/12.mdl 'ark,s,cs:apply-cmvn  --utt2spk=ark:data/train/split30/19/utt2spk scp:data/train/split30/19/cmvn.scp scp:data/train/split30/19/feats.scp ark:- | add-deltas  ark:- ark:- | transform-feats --utt2spk=ark:data/train/split30/19/utt2spk ark:exp/mono2/trans.19 ark:- ark:- |' ark:- ark:exp/mono2/tmp_trans.19 
ali-to-post 'ark:gunzip -c exp/mono2/ali.19.gz|' ark:- 
weight-silence-post 0.0 1 exp/mono2/12.mdl ark:- ark:- 
add-deltas ark:- ark:- 
apply-cmvn --utt2spk=ark:data/train/split30/19/utt2spk scp:data/train/split30/19/cmvn.scp scp:data/train/split30/19/feats.scp ark:- 
transform-feats --utt2spk=ark:data/train/split30/19/utt2spk ark:exp/mono2/trans.19 ark:- ark:- 
WARNING (gmm-est-fmllr:Update():fmllr-diag-gmm.cc:162) Not updating fMLLR since below min-count: count is 307
LOG (gmm-est-fmllr:main():gmm-est-fmllr.cc:143) For speaker train_S22_11_6_18, auxf-impr from fMLLR is 0, over 307 frames.
WARNING (gmm-est-fmllr:Update():fmllr-diag-gmm.cc:162) Not updating fMLLR since below min-count: count is 331
LOG (gmm-est-fmllr:main():gmm-est-fmllr.cc:143) For speaker train_S22_11_6_20, auxf-impr from fMLLR is 0, over 331 frames.
WARNING (gmm-est-fmllr:Update():fmllr-diag-gmm.cc:162) Not updating fMLLR since below min-count: count is 346
LOG (gmm-est-fmllr:main():gmm-est-fmllr.cc:143) For speaker train_S22_11_7_12, auxf-impr from fMLLR is 0, over 346 frames.
WARNING (gmm-est-fmllr:Update():fmllr-diag-gmm.cc:162) Not updating fMLLR since below min-count: count is 340
LOG (gmm-est-fmllr:main():gmm-est-fmllr.cc:143) For speaker train_S22_11_7_14, auxf-impr from fMLLR is 0, over 340 frames.
WARNING (gmm-est-fmllr:Update():fmllr-diag-gmm.cc:162) Not updating fMLLR since below min-count: count is 346
LOG (gmm-est-fmllr:main():gmm-est-fmllr.cc:143) For speaker train_S22_11_7_16, auxf-impr from fMLLR is 0, over 346 frames.
WARNING (gmm-est-fmllr:Update():fmllr-diag-gmm.cc:162) Not updating fMLLR since below min-count: count is 307
LOG (gmm-est-fmllr:main():gmm-est-fmllr.cc:143) For speaker train_S22_11_7_18, auxf-impr from fMLLR is 0, over 307 frames.
WARNING (gmm-est-fmllr:Update():fmllr-diag-gmm.cc:162) Not updating fMLLR since below min-count: count is 331
LOG (gmm-est-fmllr:main():gmm-est-fmllr.cc:143) For speaker train_S22_11_7_20, auxf-impr from fMLLR is 0, over 331 frames.
WARNING (gmm-est-fmllr:Update():fmllr-diag-gmm.cc:162) Not updating fMLLR since below min-count: count is 359
LOG (gmm-est-fmllr:main():gmm-est-fmllr.cc:143) For speaker train_S22_3_1_12, auxf-impr from fMLLR is 0, over 359 frames.
WARNING (gmm-est-fmllr:Update():fmllr-diag-gmm.cc:162) Not updating fMLLR since below min-count: count is 352
LOG (gmm-est-fmllr:main():gmm-est-fmllr.cc:143) For speaker train_S22_3_1_14, auxf-impr from fMLLR is 0, over 352 frames.
WARNING (gmm-est-fmllr:Update():fmllr-diag-gmm.cc:162) Not updating fMLLR since below min-count: count is 359
LOG (gmm-est-fmllr:main():gmm-est-fmllr.cc:143) For speaker train_S22_3_1_16, auxf-impr from fMLLR is 0, over 359 frames.
WARNING (gmm-est-fmllr:Update():fmllr-diag-gmm.cc:162) Not updating fMLLR since below min-count: count is 319
LOG (gmm-est-fmllr:main():gmm-est-fmllr.cc:143) For speaker train_S22_3_1_18, auxf-impr from fMLLR is 0, over 319 frames.
WARNING (gmm-est-fmllr:Update():fmllr-diag-gmm.cc:162) Not updating fMLLR since below min-count: count is 343
LOG (gmm-est-fmllr:main():gmm-est-fmllr.cc:143) For speaker train_S22_3_1_20, auxf-impr from fMLLR is 0, over 343 frames.
WARNING (gmm-est-fmllr:Update():fmllr-diag-gmm.cc:162) Not updating fMLLR since below min-count: count is 359
LOG (gmm-est-fmllr:main():gmm-est-fmllr.cc:143) For speaker train_S22_3_2_12, auxf-impr from fMLLR is 0, over 359 frames.
WARNING (gmm-est-fmllr:Update():fmllr-diag-gmm.cc:162) Not updating fMLLR since below min-count: count is 353
LOG (gmm-est-fmllr:main():gmm-est-fmllr.cc:143) For speaker train_S22_3_2_14, auxf-impr from fMLLR is 0, over 353 frames.
WARNING (gmm-est-fmllr:Update():fmllr-diag-gmm.cc:162) Not updating fMLLR since below min-count: count is 359
LOG (gmm-est-fmllr:main():gmm-est-fmllr.cc:143) For speaker train_S22_3_2_16, auxf-impr from fMLLR is 0, over 359 frames.
WARNING (gmm-est-fmllr:Update():fmllr-diag-gmm.cc:162) Not updating fMLLR since below min-count: count is 319
LOG (gmm-est-fmllr:main():gmm-est-fmllr.cc:143) For speaker train_S22_3_2_18, auxf-impr from fMLLR is 0, over 319 frames.
WARNING (gmm-est-fmllr:Update():fmllr-diag-gmm.cc:162) Not updating fMLLR since below min-count: count is 344
LOG (gmm-est-fmllr:main():gmm-est-fmllr.cc:143) For speaker train_S22_3_2_20, auxf-impr from fMLLR is 0, over 344 frames.
WARNING (gmm-est-fmllr:Update():fmllr-diag-gmm.cc:162) Not updating fMLLR since below min-count: count is 359
LOG (gmm-est-fmllr:main():gmm-est-fmllr.cc:143) For speaker train_S22_3_3_12, auxf-impr from fMLLR is 0, over 359 frames.
WARNING (gmm-est-fmllr:Update():fmllr-diag-gmm.cc:162) Not updating fMLLR since below min-count: count is 353
LOG (gmm-est-fmllr:main():gmm-est-fmllr.cc:143) For speaker train_S22_3_3_14, auxf-impr from fMLLR is 0, over 353 frames.
WARNING (gmm-est-fmllr:Update():fmllr-diag-gmm.cc:162) Not updating fMLLR since below min-count: count is 359
LOG (gmm-est-fmllr:main():gmm-est-fmllr.cc:143) For speaker train_S22_3_3_16, auxf-impr from fMLLR is 0, over 359 frames.
WARNING (gmm-est-fmllr:Update():fmllr-diag-gmm.cc:162) Not updating fMLLR since below min-count: count is 319
LOG (gmm-est-fmllr:main():gmm-est-fmllr.cc:143) For speaker train_S22_3_3_18, auxf-impr from fMLLR is 0, over 319 frames.
WARNING (gmm-est-fmllr:Update():fmllr-diag-gmm.cc:162) Not updating fMLLR since below min-count: count is 343
LOG (gmm-est-fmllr:main():gmm-est-fmllr.cc:143) For speaker train_S22_3_3_20, auxf-impr from fMLLR is 0, over 343 frames.
WARNING (gmm-est-fmllr:Update():fmllr-diag-gmm.cc:162) Not updating fMLLR since below min-count: count is 359
LOG (gmm-est-fmllr:main():gmm-est-fmllr.cc:143) For speaker train_S22_3_4_12, auxf-impr from fMLLR is 0, over 359 frames.
WARNING (gmm-est-fmllr:Update():fmllr-diag-gmm.cc:162) Not updating fMLLR since below min-count: count is 353
LOG (gmm-est-fmllr:main():gmm-est-fmllr.cc:143) For speaker train_S22_3_4_14, auxf-impr from fMLLR is 0, over 353 frames.
WARNING (gmm-est-fmllr:Update():fmllr-diag-gmm.cc:162) Not updating fMLLR since below min-count: count is 359
LOG (gmm-est-fmllr:main():gmm-est-fmllr.cc:143) For speaker train_S22_3_4_16, auxf-impr from fMLLR is 0, over 359 frames.
WARNING (gmm-est-fmllr:Update():fmllr-diag-gmm.cc:162) Not updating fMLLR since below min-count: count is 319
LOG (gmm-est-fmllr:main():gmm-est-fmllr.cc:143) For speaker train_S22_3_4_18, auxf-impr from fMLLR is 0, over 319 frames.
WARNING (gmm-est-fmllr:Update():fmllr-diag-gmm.cc:162) Not updating fMLLR since below min-count: count is 344
LOG (gmm-est-fmllr:main():gmm-est-fmllr.cc:143) For speaker train_S22_3_4_20, auxf-impr from fMLLR is 0, over 344 frames.
WARNING (gmm-est-fmllr:Update():fmllr-diag-gmm.cc:162) Not updating fMLLR since below min-count: count is 359
LOG (gmm-est-fmllr:main():gmm-est-fmllr.cc:143) For speaker train_S22_3_5_12, auxf-impr from fMLLR is 0, over 359 frames.
WARNING (gmm-est-fmllr:Update():fmllr-diag-gmm.cc:162) Not updating fMLLR since below min-count: count is 353
LOG (gmm-est-fmllr:main():gmm-est-fmllr.cc:143) For speaker train_S22_3_5_14, auxf-impr from fMLLR is 0, over 353 frames.
WARNING (gmm-est-fmllr:Update():fmllr-diag-gmm.cc:162) Not updating fMLLR since below min-count: count is 359
LOG (gmm-est-fmllr:main():gmm-est-fmllr.cc:143) For speaker train_S22_3_5_16, auxf-impr from fMLLR is 0, over 359 frames.
WARNING (gmm-est-fmllr:Update():fmllr-diag-gmm.cc:162) Not updating fMLLR since below min-count: count is 319
LOG (gmm-est-fmllr:main():gmm-est-fmllr.cc:143) For speaker train_S22_3_5_18, auxf-impr from fMLLR is 0, over 319 frames.
WARNING (gmm-est-fmllr:Update():fmllr-diag-gmm.cc:162) Not updating fMLLR since below min-count: count is 344
LOG (gmm-est-fmllr:main():gmm-est-fmllr.cc:143) For speaker train_S22_3_5_20, auxf-impr from fMLLR is 0, over 344 frames.
WARNING (gmm-est-fmllr:Update():fmllr-diag-gmm.cc:162) Not updating fMLLR since below min-count: count is 359
LOG (gmm-est-fmllr:main():gmm-est-fmllr.cc:143) For speaker train_S22_3_6_12, auxf-impr from fMLLR is 0, over 359 frames.
WARNING (gmm-est-fmllr:Update():fmllr-diag-gmm.cc:162) Not updating fMLLR since below min-count: count is 352
LOG (gmm-est-fmllr:main():gmm-est-fmllr.cc:143) For speaker train_S22_3_6_14, auxf-impr from fMLLR is 0, over 352 frames.
WARNING (gmm-est-fmllr:Update():fmllr-diag-gmm.cc:162) Not updating fMLLR since below min-count: count is 359
LOG (gmm-est-fmllr:main():gmm-est-fmllr.cc:143) For speaker train_S22_3_6_16, auxf-impr from fMLLR is 0, over 359 frames.
WARNING (gmm-est-fmllr:Update():fmllr-diag-gmm.cc:162) Not updating fMLLR since below min-count: count is 319
LOG (gmm-est-fmllr:main():gmm-est-fmllr.cc:143) For speaker train_S22_3_6_18, auxf-impr from fMLLR is 0, over 319 frames.
WARNING (gmm-est-fmllr:Update():fmllr-diag-gmm.cc:162) Not updating fMLLR since below min-count: count is 344
LOG (gmm-est-fmllr:main():gmm-est-fmllr.cc:143) For speaker train_S22_3_6_20, auxf-impr from fMLLR is 0, over 344 frames.
WARNING (gmm-est-fmllr:Update():fmllr-diag-gmm.cc:162) Not updating fMLLR since below min-count: count is 359
LOG (gmm-est-fmllr:main():gmm-est-fmllr.cc:143) For speaker train_S22_3_7_12, auxf-impr from fMLLR is 0, over 359 frames.
WARNING (gmm-est-fmllr:Update():fmllr-diag-gmm.cc:162) Not updating fMLLR since below min-count: count is 352
LOG (gmm-est-fmllr:main():gmm-est-fmllr.cc:143) For speaker train_S22_3_7_14, auxf-impr from fMLLR is 0, over 352 frames.
WARNING (gmm-est-fmllr:Update():fmllr-diag-gmm.cc:162) Not updating fMLLR since below min-count: count is 359
LOG (gmm-est-fmllr:main():gmm-est-fmllr.cc:143) For speaker train_S22_3_7_16, auxf-impr from fMLLR is 0, over 359 frames.
WARNING (gmm-est-fmllr:Update():fmllr-diag-gmm.cc:162) Not updating fMLLR since below min-count: count is 319
LOG (gmm-est-fmllr:main():gmm-est-fmllr.cc:143) For speaker train_S22_3_7_18, auxf-impr from fMLLR is 0, over 319 frames.
WARNING (gmm-est-fmllr:Update():fmllr-diag-gmm.cc:162) Not updating fMLLR since below min-count: count is 343
LOG (gmm-est-fmllr:main():gmm-est-fmllr.cc:143) For speaker train_S22_3_7_20, auxf-impr from fMLLR is 0, over 343 frames.
WARNING (gmm-est-fmllr:Update():fmllr-diag-gmm.cc:162) Not updating fMLLR since below min-count: count is 291
LOG (gmm-est-fmllr:main():gmm-est-fmllr.cc:143) For speaker train_S22_4_1_12, auxf-impr from fMLLR is 0, over 291 frames.
WARNING (gmm-est-fmllr:Update():fmllr-diag-gmm.cc:162) Not updating fMLLR since below min-count: count is 285
LOG (gmm-est-fmllr:main():gmm-est-fmllr.cc:143) For speaker train_S22_4_1_14, auxf-impr from fMLLR is 0, over 285 frames.
WARNING (gmm-est-fmllr:Update():fmllr-diag-gmm.cc:162) Not updating fMLLR since below min-count: count is 291
LOG (gmm-est-fmllr:main():gmm-est-fmllr.cc:143) For speaker train_S22_4_1_16, auxf-impr from fMLLR is 0, over 291 frames.
WARNING (gmm-est-fmllr:Update():fmllr-diag-gmm.cc:162) Not updating fMLLR since below min-count: count is 258
LOG (gmm-est-fmllr:main():gmm-est-fmllr.cc:143) For speaker train_S22_4_1_18, auxf-impr from fMLLR is 0, over 258 frames.
WARNING (gmm-est-fmllr:Update():fmllr-diag-gmm.cc:162) Not updating fMLLR since below min-count: count is 279
LOG (gmm-est-fmllr:main():gmm-est-fmllr.cc:143) For speaker train_S22_4_1_20, auxf-impr from fMLLR is 0, over 279 frames.
WARNING (gmm-est-fmllr:Update():fmllr-diag-gmm.cc:162) Not updating fMLLR since below min-count: count is 291
LOG (gmm-est-fmllr:main():gmm-est-fmllr.cc:143) For speaker train_S22_4_2_12, auxf-impr from fMLLR is 0, over 291 frames.
WARNING (gmm-est-fmllr:Update():fmllr-diag-gmm.cc:162) Not updating fMLLR since below min-count: count is 285
LOG (gmm-est-fmllr:main():gmm-est-fmllr.cc:143) For speaker train_S22_4_2_14, auxf-impr from fMLLR is 0, over 285 frames.
WARNING (gmm-est-fmllr:Update():fmllr-diag-gmm.cc:162) Not updating fMLLR since below min-count: count is 291
LOG (gmm-est-fmllr:main():gmm-est-fmllr.cc:143) For speaker train_S22_4_2_16, auxf-impr from fMLLR is 0, over 291 frames.
WARNING (gmm-est-fmllr:Update():fmllr-diag-gmm.cc:162) Not updating fMLLR since below min-count: count is 258
LOG (gmm-est-fmllr:main():gmm-est-fmllr.cc:143) For speaker train_S22_4_2_18, auxf-impr from fMLLR is 0, over 258 frames.
WARNING (gmm-est-fmllr:Update():fmllr-diag-gmm.cc:162) Not updating fMLLR since below min-count: count is 279
LOG (gmm-est-fmllr:main():gmm-est-fmllr.cc:143) For speaker train_S22_4_2_20, auxf-impr from fMLLR is 0, over 279 frames.
WARNING (gmm-est-fmllr:Update():fmllr-diag-gmm.cc:162) Not updating fMLLR since below min-count: count is 291
LOG (gmm-est-fmllr:main():gmm-est-fmllr.cc:143) For speaker train_S22_4_3_12, auxf-impr from fMLLR is 0, over 291 frames.
WARNING (gmm-est-fmllr:Update():fmllr-diag-gmm.cc:162) Not updating fMLLR since below min-count: count is 285
LOG (gmm-est-fmllr:main():gmm-est-fmllr.cc:143) For speaker train_S22_4_3_14, auxf-impr from fMLLR is 0, over 285 frames.
WARNING (gmm-est-fmllr:Update():fmllr-diag-gmm.cc:162) Not updating fMLLR since below min-count: count is 291
LOG (gmm-est-fmllr:main():gmm-est-fmllr.cc:143) For speaker train_S22_4_3_16, auxf-impr from fMLLR is 0, over 291 frames.
WARNING (gmm-est-fmllr:Update():fmllr-diag-gmm.cc:162) Not updating fMLLR since below min-count: count is 258
LOG (gmm-est-fmllr:main():gmm-est-fmllr.cc:143) For speaker train_S22_4_3_18, auxf-impr from fMLLR is 0, over 258 frames.
WARNING (gmm-est-fmllr:Update():fmllr-diag-gmm.cc:162) Not updating fMLLR since below min-count: count is 279
LOG (gmm-est-fmllr:main():gmm-est-fmllr.cc:143) For speaker train_S22_4_3_20, auxf-impr from fMLLR is 0, over 279 frames.
WARNING (gmm-est-fmllr:Update():fmllr-diag-gmm.cc:162) Not updating fMLLR since below min-count: count is 291
LOG (gmm-est-fmllr:main():gmm-est-fmllr.cc:143) For speaker train_S22_4_4_12, auxf-impr from fMLLR is 0, over 291 frames.
WARNING (gmm-est-fmllr:Update():fmllr-diag-gmm.cc:162) Not updating fMLLR since below min-count: count is 285
LOG (gmm-est-fmllr:main():gmm-est-fmllr.cc:143) For speaker train_S22_4_4_14, auxf-impr from fMLLR is 0, over 285 frames.
WARNING (gmm-est-fmllr:Update():fmllr-diag-gmm.cc:162) Not updating fMLLR since below min-count: count is 291
LOG (gmm-est-fmllr:main():gmm-est-fmllr.cc:143) For speaker train_S22_4_4_16, auxf-impr from fMLLR is 0, over 291 frames.
WARNING (gmm-est-fmllr:Update():fmllr-diag-gmm.cc:162) Not updating fMLLR since below min-count: count is 258
LOG (gmm-est-fmllr:main():gmm-est-fmllr.cc:143) For speaker train_S22_4_4_18, auxf-impr from fMLLR is 0, over 258 frames.
WARNING (gmm-est-fmllr:Update():fmllr-diag-gmm.cc:162) Not updating fMLLR since below min-count: count is 279
LOG (gmm-est-fmllr:main():gmm-est-fmllr.cc:143) For speaker train_S22_4_4_20, auxf-impr from fMLLR is 0, over 279 frames.
WARNING (gmm-est-fmllr:Update():fmllr-diag-gmm.cc:162) Not updating fMLLR since below min-count: count is 291
LOG (gmm-est-fmllr:main():gmm-est-fmllr.cc:143) For speaker train_S22_4_5_12, auxf-impr from fMLLR is 0, over 291 frames.
WARNING (gmm-est-fmllr:Update():fmllr-diag-gmm.cc:162) Not updating fMLLR since below min-count: count is 285
LOG (gmm-est-fmllr:main():gmm-est-fmllr.cc:143) For speaker train_S22_4_5_14, auxf-impr from fMLLR is 0, over 285 frames.
WARNING (gmm-est-fmllr:Update():fmllr-diag-gmm.cc:162) Not updating fMLLR since below min-count: count is 291
LOG (gmm-est-fmllr:main():gmm-est-fmllr.cc:143) For speaker train_S22_4_5_16, auxf-impr from fMLLR is 0, over 291 frames.
WARNING (gmm-est-fmllr:Update():fmllr-diag-gmm.cc:162) Not updating fMLLR since below min-count: count is 258
LOG (gmm-est-fmllr:main():gmm-est-fmllr.cc:143) For speaker train_S22_4_5_18, auxf-impr from fMLLR is 0, over 258 frames.
WARNING (gmm-est-fmllr:Update():fmllr-diag-gmm.cc:162) Not updating fMLLR since below min-count: count is 279
LOG (gmm-est-fmllr:main():gmm-est-fmllr.cc:143) For speaker train_S22_4_5_20, auxf-impr from fMLLR is 0, over 279 frames.
WARNING (gmm-est-fmllr:Update():fmllr-diag-gmm.cc:162) Not updating fMLLR since below min-count: count is 291
LOG (gmm-est-fmllr:main():gmm-est-fmllr.cc:143) For speaker train_S22_4_6_12, auxf-impr from fMLLR is 0, over 291 frames.
WARNING (gmm-est-fmllr:Update():fmllr-diag-gmm.cc:162) Not updating fMLLR since below min-count: count is 284
LOG (gmm-est-fmllr:main():gmm-est-fmllr.cc:143) For speaker train_S22_4_6_14, auxf-impr from fMLLR is 0, over 284 frames.
WARNING (gmm-est-fmllr:Update():fmllr-diag-gmm.cc:162) Not updating fMLLR since below min-count: count is 291
LOG (gmm-est-fmllr:main():gmm-est-fmllr.cc:143) For speaker train_S22_4_6_16, auxf-impr from fMLLR is 0, over 291 frames.
WARNING (gmm-est-fmllr:Update():fmllr-diag-gmm.cc:162) Not updating fMLLR since below min-count: count is 258
LOG (gmm-est-fmllr:main():gmm-est-fmllr.cc:143) For speaker train_S22_4_6_18, auxf-impr from fMLLR is 0, over 258 frames.
WARNING (gmm-est-fmllr:Update():fmllr-diag-gmm.cc:162) Not updating fMLLR since below min-count: count is 279
LOG (gmm-est-fmllr:main():gmm-est-fmllr.cc:143) For speaker train_S22_4_6_20, auxf-impr from fMLLR is 0, over 279 frames.
WARNING (gmm-est-fmllr:Update():fmllr-diag-gmm.cc:162) Not updating fMLLR since below min-count: count is 291
LOG (gmm-est-fmllr:main():gmm-est-fmllr.cc:143) For speaker train_S22_4_7_12, auxf-impr from fMLLR is 0, over 291 frames.
WARNING (gmm-est-fmllr:Update():fmllr-diag-gmm.cc:162) Not updating fMLLR since below min-count: count is 284
LOG (gmm-est-fmllr:main():gmm-est-fmllr.cc:143) For speaker train_S22_4_7_14, auxf-impr from fMLLR is 0, over 284 frames.
WARNING (gmm-est-fmllr:Update():fmllr-diag-gmm.cc:162) Not updating fMLLR since below min-count: count is 291
LOG (gmm-est-fmllr:main():gmm-est-fmllr.cc:143) For speaker train_S22_4_7_16, auxf-impr from fMLLR is 0, over 291 frames.
WARNING (gmm-est-fmllr:Update():fmllr-diag-gmm.cc:162) Not updating fMLLR since below min-count: count is 258
LOG (gmm-est-fmllr:main():gmm-est-fmllr.cc:143) For speaker train_S22_4_7_18, auxf-impr from fMLLR is 0, over 258 frames.
WARNING (gmm-est-fmllr:Update():fmllr-diag-gmm.cc:162) Not updating fMLLR since below min-count: count is 279
LOG (gmm-est-fmllr:main():gmm-est-fmllr.cc:143) For speaker train_S22_4_7_20, auxf-impr from fMLLR is 0, over 279 frames.
WARNING (gmm-est-fmllr:Update():fmllr-diag-gmm.cc:162) Not updating fMLLR since below min-count: count is 257
LOG (gmm-est-fmllr:main():gmm-est-fmllr.cc:143) For speaker train_S22_5_1_12, auxf-impr from fMLLR is 0, over 257 frames.
WARNING (gmm-est-fmllr:Update():fmllr-diag-gmm.cc:162) Not updating fMLLR since below min-count: count is 252
LOG (gmm-est-fmllr:main():gmm-est-fmllr.cc:143) For speaker train_S22_5_1_14, auxf-impr from fMLLR is 0, over 252 frames.
WARNING (gmm-est-fmllr:Update():fmllr-diag-gmm.cc:162) Not updating fMLLR since below min-count: count is 297
LOG (gmm-est-fmllr:main():gmm-est-fmllr.cc:143) For speaker train_S22_5_1_16, auxf-impr from fMLLR is 0, over 297 frames.
WARNING (gmm-est-fmllr:Update():fmllr-diag-gmm.cc:162) Not updating fMLLR since below min-count: count is 228
LOG (gmm-est-fmllr:main():gmm-est-fmllr.cc:143) For speaker train_S22_5_1_18, auxf-impr from fMLLR is 0, over 228 frames.
WARNING (gmm-est-fmllr:Update():fmllr-diag-gmm.cc:162) Not updating fMLLR since below min-count: count is 245
LOG (gmm-est-fmllr:main():gmm-est-fmllr.cc:143) For speaker train_S22_5_1_20, auxf-impr from fMLLR is 0, over 245 frames.
WARNING (gmm-est-fmllr:Update():fmllr-diag-gmm.cc:162) Not updating fMLLR since below min-count: count is 256
LOG (gmm-est-fmllr:main():gmm-est-fmllr.cc:143) For speaker train_S22_5_2_12, auxf-impr from fMLLR is 0, over 256 frames.
WARNING (gmm-est-fmllr:Update():fmllr-diag-gmm.cc:162) Not updating fMLLR since below min-count: count is 252
LOG (gmm-est-fmllr:main():gmm-est-fmllr.cc:143) For speaker train_S22_5_2_14, auxf-impr from fMLLR is 0, over 252 frames.
WARNING (gmm-est-fmllr:Update():fmllr-diag-gmm.cc:162) Not updating fMLLR since below min-count: count is 297
LOG (gmm-est-fmllr:main():gmm-est-fmllr.cc:143) For speaker train_S22_5_2_16, auxf-impr from fMLLR is 0, over 297 frames.
WARNING (gmm-est-fmllr:Update():fmllr-diag-gmm.cc:162) Not updating fMLLR since below min-count: count is 228
LOG (gmm-est-fmllr:main():gmm-est-fmllr.cc:143) For speaker train_S22_5_2_18, auxf-impr from fMLLR is 0, over 228 frames.
WARNING (gmm-est-fmllr:Update():fmllr-diag-gmm.cc:162) Not updating fMLLR since below min-count: count is 245
LOG (gmm-est-fmllr:main():gmm-est-fmllr.cc:143) For speaker train_S22_5_2_20, auxf-impr from fMLLR is 0, over 245 frames.
WARNING (gmm-est-fmllr:Update():fmllr-diag-gmm.cc:162) Not updating fMLLR since below min-count: count is 257
LOG (gmm-est-fmllr:main():gmm-est-fmllr.cc:143) For speaker train_S22_5_3_12, auxf-impr from fMLLR is 0, over 257 frames.
WARNING (gmm-est-fmllr:Update():fmllr-diag-gmm.cc:162) Not updating fMLLR since below min-count: count is 252
LOG (gmm-est-fmllr:main():gmm-est-fmllr.cc:143) For speaker train_S22_5_3_14, auxf-impr from fMLLR is 0, over 252 frames.
WARNING (gmm-est-fmllr:Update():fmllr-diag-gmm.cc:162) Not updating fMLLR since below min-count: count is 297
LOG (gmm-est-fmllr:main():gmm-est-fmllr.cc:143) For speaker train_S22_5_3_16, auxf-impr from fMLLR is 0, over 297 frames.
WARNING (gmm-est-fmllr:Update():fmllr-diag-gmm.cc:162) Not updating fMLLR since below min-count: count is 228
LOG (gmm-est-fmllr:main():gmm-est-fmllr.cc:143) For speaker train_S22_5_3_18, auxf-impr from fMLLR is 0, over 228 frames.
WARNING (gmm-est-fmllr:Update():fmllr-diag-gmm.cc:162) Not updating fMLLR since below min-count: count is 246
LOG (gmm-est-fmllr:main():gmm-est-fmllr.cc:143) For speaker train_S22_5_3_20, auxf-impr from fMLLR is 0, over 246 frames.
WARNING (gmm-est-fmllr:Update():fmllr-diag-gmm.cc:162) Not updating fMLLR since below min-count: count is 256
LOG (gmm-est-fmllr:main():gmm-est-fmllr.cc:143) For speaker train_S22_5_4_12, auxf-impr from fMLLR is 0, over 256 frames.
WARNING (gmm-est-fmllr:Update():fmllr-diag-gmm.cc:162) Not updating fMLLR since below min-count: count is 252
LOG (gmm-est-fmllr:main():gmm-est-fmllr.cc:143) For speaker train_S22_5_4_14, auxf-impr from fMLLR is 0, over 252 frames.
WARNING (gmm-est-fmllr:Update():fmllr-diag-gmm.cc:162) Not updating fMLLR since below min-count: count is 297
LOG (gmm-est-fmllr:main():gmm-est-fmllr.cc:143) For speaker train_S22_5_4_16, auxf-impr from fMLLR is 0, over 297 frames.
WARNING (gmm-est-fmllr:Update():fmllr-diag-gmm.cc:162) Not updating fMLLR since below min-count: count is 228
LOG (gmm-est-fmllr:main():gmm-est-fmllr.cc:143) For speaker train_S22_5_4_18, auxf-impr from fMLLR is 0, over 228 frames.
WARNING (gmm-est-fmllr:Update():fmllr-diag-gmm.cc:162) Not updating fMLLR since below min-count: count is 245
LOG (gmm-est-fmllr:main():gmm-est-fmllr.cc:143) For speaker train_S22_5_4_20, auxf-impr from fMLLR is 0, over 245 frames.
WARNING (gmm-est-fmllr:Update():fmllr-diag-gmm.cc:162) Not updating fMLLR since below min-count: count is 256
LOG (gmm-est-fmllr:main():gmm-est-fmllr.cc:143) For speaker train_S22_5_5_12, auxf-impr from fMLLR is 0, over 256 frames.
WARNING (gmm-est-fmllr:Update():fmllr-diag-gmm.cc:162) Not updating fMLLR since below min-count: count is 252
LOG (gmm-est-fmllr:main():gmm-est-fmllr.cc:143) For speaker train_S22_5_5_14, auxf-impr from fMLLR is 0, over 252 frames.
WARNING (gmm-est-fmllr:Update():fmllr-diag-gmm.cc:162) Not updating fMLLR since below min-count: count is 297
LOG (gmm-est-fmllr:main():gmm-est-fmllr.cc:143) For speaker train_S22_5_5_16, auxf-impr from fMLLR is 0, over 297 frames.
WARNING (gmm-est-fmllr:Update():fmllr-diag-gmm.cc:162) Not updating fMLLR since below min-count: count is 228
LOG (gmm-est-fmllr:main():gmm-est-fmllr.cc:143) For speaker train_S22_5_5_18, auxf-impr from fMLLR is 0, over 228 frames.
WARNING (gmm-est-fmllr:Update():fmllr-diag-gmm.cc:162) Not updating fMLLR since below min-count: count is 246
LOG (gmm-est-fmllr:main():gmm-est-fmllr.cc:143) For speaker train_S22_5_5_20, auxf-impr from fMLLR is 0, over 246 frames.
WARNING (gmm-est-fmllr:Update():fmllr-diag-gmm.cc:162) Not updating fMLLR since below min-count: count is 257
LOG (gmm-est-fmllr:main():gmm-est-fmllr.cc:143) For speaker train_S22_5_6_12, auxf-impr from fMLLR is 0, over 257 frames.
WARNING (gmm-est-fmllr:Update():fmllr-diag-gmm.cc:162) Not updating fMLLR since below min-count: count is 252
LOG (gmm-est-fmllr:main():gmm-est-fmllr.cc:143) For speaker train_S22_5_6_14, auxf-impr from fMLLR is 0, over 252 frames.
WARNING (gmm-est-fmllr:Update():fmllr-diag-gmm.cc:162) Not updating fMLLR since below min-count: count is 298
LOG (gmm-est-fmllr:main():gmm-est-fmllr.cc:143) For speaker train_S22_5_6_16, auxf-impr from fMLLR is 0, over 298 frames.
WARNING (gmm-est-fmllr:Update():fmllr-diag-gmm.cc:162) Not updating fMLLR since below min-count: count is 228
LOG (gmm-est-fmllr:main():gmm-est-fmllr.cc:143) For speaker train_S22_5_6_18, auxf-impr from fMLLR is 0, over 228 frames.
WARNING (gmm-est-fmllr:Update():fmllr-diag-gmm.cc:162) Not updating fMLLR since below min-count: count is 245
LOG (gmm-est-fmllr:main():gmm-est-fmllr.cc:143) For speaker train_S22_5_6_20, auxf-impr from fMLLR is 0, over 245 frames.
WARNING (gmm-est-fmllr:Update():fmllr-diag-gmm.cc:162) Not updating fMLLR since below min-count: count is 257
LOG (gmm-est-fmllr:main():gmm-est-fmllr.cc:143) For speaker train_S22_5_7_12, auxf-impr from fMLLR is 0, over 257 frames.
WARNING (gmm-est-fmllr:Update():fmllr-diag-gmm.cc:162) Not updating fMLLR since below min-count: count is 252
LOG (gmm-est-fmllr:main():gmm-est-fmllr.cc:143) For speaker train_S22_5_7_14, auxf-impr from fMLLR is 0, over 252 frames.
WARNING (gmm-est-fmllr:Update():fmllr-diag-gmm.cc:162) Not updating fMLLR since below min-count: count is 298
LOG (gmm-est-fmllr:main():gmm-est-fmllr.cc:143) For speaker train_S22_5_7_16, auxf-impr from fMLLR is 0, over 298 frames.
WARNING (gmm-est-fmllr:Update():fmllr-diag-gmm.cc:162) Not updating fMLLR since below min-count: count is 228
LOG (gmm-est-fmllr:main():gmm-est-fmllr.cc:143) For speaker train_S22_5_7_18, auxf-impr from fMLLR is 0, over 228 frames.
WARNING (gmm-est-fmllr:Update():fmllr-diag-gmm.cc:162) Not updating fMLLR since below min-count: count is 245
LOG (gmm-est-fmllr:main():gmm-est-fmllr.cc:143) For speaker train_S22_5_7_20, auxf-impr from fMLLR is 0, over 245 frames.
WARNING (gmm-est-fmllr:Update():fmllr-diag-gmm.cc:162) Not updating fMLLR since below min-count: count is 439
LOG (gmm-est-fmllr:main():gmm-est-fmllr.cc:143) For speaker train_S22_6_1_12, auxf-impr from fMLLR is 0, over 439 frames.
WARNING (gmm-est-fmllr:Update():fmllr-diag-gmm.cc:162) Not updating fMLLR since below min-count: count is 430
LOG (gmm-est-fmllr:main():gmm-est-fmllr.cc:143) For speaker train_S22_6_1_14, auxf-impr from fMLLR is 0, over 430 frames.
WARNING (gmm-est-fmllr:Update():fmllr-diag-gmm.cc:162) Not updating fMLLR since below min-count: count is 438
LOG (gmm-est-fmllr:main():gmm-est-fmllr.cc:143) For speaker train_S22_6_1_16, auxf-impr from fMLLR is 0, over 438 frames.
WARNING (gmm-est-fmllr:Update():fmllr-diag-gmm.cc:162) Not updating fMLLR since below min-count: count is 391
LOG (gmm-est-fmllr:main():gmm-est-fmllr.cc:143) For speaker train_S22_6_1_18, auxf-impr from fMLLR is 0, over 391 frames.
WARNING (gmm-est-fmllr:Update():fmllr-diag-gmm.cc:162) Not updating fMLLR since below min-count: count is 419
LOG (gmm-est-fmllr:main():gmm-est-fmllr.cc:143) For speaker train_S22_6_1_20, auxf-impr from fMLLR is 0, over 419 frames.
WARNING (gmm-est-fmllr:Update():fmllr-diag-gmm.cc:162) Not updating fMLLR since below min-count: count is 439
LOG (gmm-est-fmllr:main():gmm-est-fmllr.cc:143) For speaker train_S22_6_2_12, auxf-impr from fMLLR is 0, over 439 frames.
WARNING (gmm-est-fmllr:Update():fmllr-diag-gmm.cc:162) Not updating fMLLR since below min-count: count is 430
LOG (gmm-est-fmllr:main():gmm-est-fmllr.cc:143) For speaker train_S22_6_2_14, auxf-impr from fMLLR is 0, over 430 frames.
WARNING (gmm-est-fmllr:Update():fmllr-diag-gmm.cc:162) Not updating fMLLR since below min-count: count is 438
LOG (gmm-est-fmllr:main():gmm-est-fmllr.cc:143) For speaker train_S22_6_2_16, auxf-impr from fMLLR is 0, over 438 frames.
WARNING (gmm-est-fmllr:Update():fmllr-diag-gmm.cc:162) Not updating fMLLR since below min-count: count is 391
LOG (gmm-est-fmllr:main():gmm-est-fmllr.cc:143) For speaker train_S22_6_2_18, auxf-impr from fMLLR is 0, over 391 frames.
WARNING (gmm-est-fmllr:Update():fmllr-diag-gmm.cc:162) Not updating fMLLR since below min-count: count is 419
LOG (gmm-est-fmllr:main():gmm-est-fmllr.cc:143) For speaker train_S22_6_2_20, auxf-impr from fMLLR is 0, over 419 frames.
WARNING (gmm-est-fmllr:Update():fmllr-diag-gmm.cc:162) Not updating fMLLR since below min-count: count is 439
LOG (gmm-est-fmllr:main():gmm-est-fmllr.cc:143) For speaker train_S22_6_3_12, auxf-impr from fMLLR is 0, over 439 frames.
WARNING (gmm-est-fmllr:Update():fmllr-diag-gmm.cc:162) Not updating fMLLR since below min-count: count is 430
LOG (gmm-est-fmllr:main():gmm-est-fmllr.cc:143) For speaker train_S22_6_3_14, auxf-impr from fMLLR is 0, over 430 frames.
WARNING (gmm-est-fmllr:Update():fmllr-diag-gmm.cc:162) Not updating fMLLR since below min-count: count is 438
LOG (gmm-est-fmllr:main():gmm-est-fmllr.cc:143) For speaker train_S22_6_3_16, auxf-impr from fMLLR is 0, over 438 frames.
WARNING (gmm-est-fmllr:Update():fmllr-diag-gmm.cc:162) Not updating fMLLR since below min-count: count is 390
LOG (gmm-est-fmllr:main():gmm-est-fmllr.cc:143) For speaker train_S22_6_3_18, auxf-impr from fMLLR is 0, over 390 frames.
WARNING (gmm-est-fmllr:Update():fmllr-diag-gmm.cc:162) Not updating fMLLR since below min-count: count is 419
LOG (gmm-est-fmllr:main():gmm-est-fmllr.cc:143) For speaker train_S22_6_3_20, auxf-impr from fMLLR is 0, over 419 frames.
WARNING (gmm-est-fmllr:Update():fmllr-diag-gmm.cc:162) Not updating fMLLR since below min-count: count is 439
LOG (gmm-est-fmllr:main():gmm-est-fmllr.cc:143) For speaker train_S22_6_4_12, auxf-impr from fMLLR is 0, over 439 frames.
WARNING (gmm-est-fmllr:Update():fmllr-diag-gmm.cc:162) Not updating fMLLR since below min-count: count is 430
LOG (gmm-est-fmllr:main():gmm-est-fmllr.cc:143) For speaker train_S22_6_4_14, auxf-impr from fMLLR is 0, over 430 frames.
WARNING (gmm-est-fmllr:Update():fmllr-diag-gmm.cc:162) Not updating fMLLR since below min-count: count is 438
LOG (gmm-est-fmllr:main():gmm-est-fmllr.cc:143) For speaker train_S22_6_4_16, auxf-impr from fMLLR is 0, over 438 frames.
WARNING (gmm-est-fmllr:Update():fmllr-diag-gmm.cc:162) Not updating fMLLR since below min-count: count is 390
LOG (gmm-est-fmllr:main():gmm-est-fmllr.cc:143) For speaker train_S22_6_4_18, auxf-impr from fMLLR is 0, over 390 frames.
WARNING (gmm-est-fmllr:Update():fmllr-diag-gmm.cc:162) Not updating fMLLR since below min-count: count is 419
LOG (gmm-est-fmllr:main():gmm-est-fmllr.cc:143) For speaker train_S22_6_4_20, auxf-impr from fMLLR is 0, over 419 frames.
WARNING (gmm-est-fmllr:Update():fmllr-diag-gmm.cc:162) Not updating fMLLR since below min-count: count is 439
LOG (gmm-est-fmllr:main():gmm-est-fmllr.cc:143) For speaker train_S22_6_5_12, auxf-impr from fMLLR is 0, over 439 frames.
WARNING (gmm-est-fmllr:Update():fmllr-diag-gmm.cc:162) Not updating fMLLR since below min-count: count is 430
LOG (gmm-est-fmllr:main():gmm-est-fmllr.cc:143) For speaker train_S22_6_5_14, auxf-impr from fMLLR is 0, over 430 frames.
WARNING (gmm-est-fmllr:Update():fmllr-diag-gmm.cc:162) Not updating fMLLR since below min-count: count is 438
LOG (gmm-est-fmllr:main():gmm-est-fmllr.cc:143) For speaker train_S22_6_5_16, auxf-impr from fMLLR is 0, over 438 frames.
WARNING (gmm-est-fmllr:Update():fmllr-diag-gmm.cc:162) Not updating fMLLR since below min-count: count is 390
LOG (gmm-est-fmllr:main():gmm-est-fmllr.cc:143) For speaker train_S22_6_5_18, auxf-impr from fMLLR is 0, over 390 frames.
WARNING (gmm-est-fmllr:Update():fmllr-diag-gmm.cc:162) Not updating fMLLR since below min-count: count is 419
LOG (gmm-est-fmllr:main():gmm-est-fmllr.cc:143) For speaker train_S22_6_5_20, auxf-impr from fMLLR is 0, over 419 frames.
WARNING (gmm-est-fmllr:Update():fmllr-diag-gmm.cc:162) Not updating fMLLR since below min-count: count is 439
LOG (gmm-est-fmllr:main():gmm-est-fmllr.cc:143) For speaker train_S22_6_6_12, auxf-impr from fMLLR is 0, over 439 frames.
WARNING (gmm-est-fmllr:Update():fmllr-diag-gmm.cc:162) Not updating fMLLR since below min-count: count is 430
LOG (gmm-est-fmllr:main():gmm-est-fmllr.cc:143) For speaker train_S22_6_6_14, auxf-impr from fMLLR is 0, over 430 frames.
WARNING (gmm-est-fmllr:Update():fmllr-diag-gmm.cc:162) Not updating fMLLR since below min-count: count is 438
LOG (gmm-est-fmllr:main():gmm-est-fmllr.cc:143) For speaker train_S22_6_6_16, auxf-impr from fMLLR is 0, over 438 frames.
WARNING (gmm-est-fmllr:Update():fmllr-diag-gmm.cc:162) Not updating fMLLR since below min-count: count is 390
LOG (gmm-est-fmllr:main():gmm-est-fmllr.cc:143) For speaker train_S22_6_6_18, auxf-impr from fMLLR is 0, over 390 frames.
WARNING (gmm-est-fmllr:Update():fmllr-diag-gmm.cc:162) Not updating fMLLR since below min-count: count is 419
LOG (gmm-est-fmllr:main():gmm-est-fmllr.cc:143) For speaker train_S22_6_6_20, auxf-impr from fMLLR is 0, over 419 frames.
WARNING (gmm-est-fmllr:Update():fmllr-diag-gmm.cc:162) Not updating fMLLR since below min-count: count is 439
LOG (gmm-est-fmllr:main():gmm-est-fmllr.cc:143) For speaker train_S22_6_7_12, auxf-impr from fMLLR is 0, over 439 frames.
WARNING (gmm-est-fmllr:Update():fmllr-diag-gmm.cc:162) Not updating fMLLR since below min-count: count is 430
LOG (gmm-est-fmllr:main():gmm-est-fmllr.cc:143) For speaker train_S22_6_7_14, auxf-impr from fMLLR is 0, over 430 frames.
WARNING (gmm-est-fmllr:Update():fmllr-diag-gmm.cc:162) Not updating fMLLR since below min-count: count is 438
LOG (gmm-est-fmllr:main():gmm-est-fmllr.cc:143) For speaker train_S22_6_7_16, auxf-impr from fMLLR is 0, over 438 frames.
WARNING (gmm-est-fmllr:Update():fmllr-diag-gmm.cc:162) Not updating fMLLR since below min-count: count is 390
LOG (gmm-est-fmllr:main():gmm-est-fmllr.cc:143) For speaker train_S22_6_7_18, auxf-impr from fMLLR is 0, over 390 frames.
WARNING (gmm-est-fmllr:Update():fmllr-diag-gmm.cc:162) Not updating fMLLR since below min-count: count is 419
LOG (gmm-est-fmllr:main():gmm-est-fmllr.cc:143) For speaker train_S22_6_7_20, auxf-impr from fMLLR is 0, over 419 frames.
WARNING (gmm-est-fmllr:Update():fmllr-diag-gmm.cc:162) Not updating fMLLR since below min-count: count is 270
LOG (gmm-est-fmllr:main():gmm-est-fmllr.cc:143) For speaker train_S22_7_1_12, auxf-impr from fMLLR is 0, over 270 frames.
WARNING (gmm-est-fmllr:Update():fmllr-diag-gmm.cc:162) Not updating fMLLR since below min-count: count is 264
LOG (gmm-est-fmllr:main():gmm-est-fmllr.cc:143) For speaker train_S22_7_1_14, auxf-impr from fMLLR is 0, over 264 frames.
WARNING (gmm-est-fmllr:Update():fmllr-diag-gmm.cc:162) Not updating fMLLR since below min-count: count is 271
LOG (gmm-est-fmllr:main():gmm-est-fmllr.cc:143) For speaker train_S22_7_1_16, auxf-impr from fMLLR is 0, over 271 frames.
WARNING (gmm-est-fmllr:Update():fmllr-diag-gmm.cc:162) Not updating fMLLR since below min-count: count is 240
LOG (gmm-est-fmllr:main():gmm-est-fmllr.cc:143) For speaker train_S22_7_1_18, auxf-impr from fMLLR is 0, over 240 frames.
WARNING (gmm-est-fmllr:Update():fmllr-diag-gmm.cc:162) Not updating fMLLR since below min-count: count is 258
LOG (gmm-est-fmllr:main():gmm-est-fmllr.cc:143) For speaker train_S22_7_1_20, auxf-impr from fMLLR is 0, over 258 frames.
WARNING (gmm-est-fmllr:Update():fmllr-diag-gmm.cc:162) Not updating fMLLR since below min-count: count is 270
LOG (gmm-est-fmllr:main():gmm-est-fmllr.cc:143) For speaker train_S22_7_2_12, auxf-impr from fMLLR is 0, over 270 frames.
WARNING (gmm-est-fmllr:Update():fmllr-diag-gmm.cc:162) Not updating fMLLR since below min-count: count is 264
LOG (gmm-est-fmllr:main():gmm-est-fmllr.cc:143) For speaker train_S22_7_2_14, auxf-impr from fMLLR is 0, over 264 frames.
WARNING (gmm-est-fmllr:Update():fmllr-diag-gmm.cc:162) Not updating fMLLR since below min-count: count is 271
LOG (gmm-est-fmllr:main():gmm-est-fmllr.cc:143) For speaker train_S22_7_2_16, auxf-impr from fMLLR is 0, over 271 frames.
WARNING (gmm-est-fmllr:Update():fmllr-diag-gmm.cc:162) Not updating fMLLR since below min-count: count is 240
LOG (gmm-est-fmllr:main():gmm-est-fmllr.cc:143) For speaker train_S22_7_2_18, auxf-impr from fMLLR is 0, over 240 frames.
WARNING (gmm-est-fmllr:Update():fmllr-diag-gmm.cc:162) Not updating fMLLR since below min-count: count is 258
LOG (gmm-est-fmllr:main():gmm-est-fmllr.cc:143) For speaker train_S22_7_2_20, auxf-impr from fMLLR is 0, over 258 frames.
WARNING (gmm-est-fmllr:Update():fmllr-diag-gmm.cc:162) Not updating fMLLR since below min-count: count is 270
LOG (gmm-est-fmllr:main():gmm-est-fmllr.cc:143) For speaker train_S22_7_3_12, auxf-impr from fMLLR is 0, over 270 frames.
WARNING (gmm-est-fmllr:Update():fmllr-diag-gmm.cc:162) Not updating fMLLR since below min-count: count is 264
LOG (gmm-est-fmllr:main():gmm-est-fmllr.cc:143) For speaker train_S22_7_3_14, auxf-impr from fMLLR is 0, over 264 frames.
WARNING (gmm-est-fmllr:Update():fmllr-diag-gmm.cc:162) Not updating fMLLR since below min-count: count is 271
LOG (gmm-est-fmllr:main():gmm-est-fmllr.cc:143) For speaker train_S22_7_3_16, auxf-impr from fMLLR is 0, over 271 frames.
WARNING (gmm-est-fmllr:Update():fmllr-diag-gmm.cc:162) Not updating fMLLR since below min-count: count is 240
LOG (gmm-est-fmllr:main():gmm-est-fmllr.cc:143) For speaker train_S22_7_3_18, auxf-impr from fMLLR is 0, over 240 frames.
WARNING (gmm-est-fmllr:Update():fmllr-diag-gmm.cc:162) Not updating fMLLR since below min-count: count is 258
LOG (gmm-est-fmllr:main():gmm-est-fmllr.cc:143) For speaker train_S22_7_3_20, auxf-impr from fMLLR is 0, over 258 frames.
WARNING (gmm-est-fmllr:Update():fmllr-diag-gmm.cc:162) Not updating fMLLR since below min-count: count is 270
LOG (gmm-est-fmllr:main():gmm-est-fmllr.cc:143) For speaker train_S22_7_4_12, auxf-impr from fMLLR is 0, over 270 frames.
WARNING (gmm-est-fmllr:Update():fmllr-diag-gmm.cc:162) Not updating fMLLR since below min-count: count is 264
LOG (gmm-est-fmllr:main():gmm-est-fmllr.cc:143) For speaker train_S22_7_4_14, auxf-impr from fMLLR is 0, over 264 frames.
WARNING (gmm-est-fmllr:Update():fmllr-diag-gmm.cc:162) Not updating fMLLR since below min-count: count is 271
LOG (gmm-est-fmllr:main():gmm-est-fmllr.cc:143) For speaker train_S22_7_4_16, auxf-impr from fMLLR is 0, over 271 frames.
WARNING (gmm-est-fmllr:Update():fmllr-diag-gmm.cc:162) Not updating fMLLR since below min-count: count is 240
LOG (gmm-est-fmllr:main():gmm-est-fmllr.cc:143) For speaker train_S22_7_4_18, auxf-impr from fMLLR is 0, over 240 frames.
WARNING (gmm-est-fmllr:Update():fmllr-diag-gmm.cc:162) Not updating fMLLR since below min-count: count is 258
LOG (gmm-est-fmllr:main():gmm-est-fmllr.cc:143) For speaker train_S22_7_4_20, auxf-impr from fMLLR is 0, over 258 frames.
WARNING (gmm-est-fmllr:Update():fmllr-diag-gmm.cc:162) Not updating fMLLR since below min-count: count is 270
LOG (gmm-est-fmllr:main():gmm-est-fmllr.cc:143) For speaker train_S22_7_5_12, auxf-impr from fMLLR is 0, over 270 frames.
WARNING (gmm-est-fmllr:Update():fmllr-diag-gmm.cc:162) Not updating fMLLR since below min-count: count is 264
LOG (gmm-est-fmllr:main():gmm-est-fmllr.cc:143) For speaker train_S22_7_5_14, auxf-impr from fMLLR is 0, over 264 frames.
WARNING (gmm-est-fmllr:Update():fmllr-diag-gmm.cc:162) Not updating fMLLR since below min-count: count is 271
LOG (gmm-est-fmllr:main():gmm-est-fmllr.cc:143) For speaker train_S22_7_5_16, auxf-impr from fMLLR is 0, over 271 frames.
WARNING (gmm-est-fmllr:Update():fmllr-diag-gmm.cc:162) Not updating fMLLR since below min-count: count is 240
LOG (gmm-est-fmllr:main():gmm-est-fmllr.cc:143) For speaker train_S22_7_5_18, auxf-impr from fMLLR is 0, over 240 frames.
WARNING (gmm-est-fmllr:Update():fmllr-diag-gmm.cc:162) Not updating fMLLR since below min-count: count is 258
LOG (gmm-est-fmllr:main():gmm-est-fmllr.cc:143) For speaker train_S22_7_5_20, auxf-impr from fMLLR is 0, over 258 frames.
WARNING (gmm-est-fmllr:Update():fmllr-diag-gmm.cc:162) Not updating fMLLR since below min-count: count is 270
LOG (gmm-est-fmllr:main():gmm-est-fmllr.cc:143) For speaker train_S22_7_6_12, auxf-impr from fMLLR is 0, over 270 frames.
WARNING (gmm-est-fmllr:Update():fmllr-diag-gmm.cc:162) Not updating fMLLR since below min-count: count is 264
LOG (gmm-est-fmllr:main():gmm-est-fmllr.cc:143) For speaker train_S22_7_6_14, auxf-impr from fMLLR is 0, over 264 frames.
WARNING (gmm-est-fmllr:Update():fmllr-diag-gmm.cc:162) Not updating fMLLR since below min-count: count is 271
LOG (gmm-est-fmllr:main():gmm-est-fmllr.cc:143) For speaker train_S22_7_6_16, auxf-impr from fMLLR is 0, over 271 frames.
WARNING (gmm-est-fmllr:Update():fmllr-diag-gmm.cc:162) Not updating fMLLR since below min-count: count is 240
LOG (gmm-est-fmllr:main():gmm-est-fmllr.cc:143) For speaker train_S22_7_6_18, auxf-impr from fMLLR is 0, over 240 frames.
WARNING (gmm-est-fmllr:Update():fmllr-diag-gmm.cc:162) Not updating fMLLR since below min-count: count is 258
LOG (gmm-est-fmllr:main():gmm-est-fmllr.cc:143) For speaker train_S22_7_6_20, auxf-impr from fMLLR is 0, over 258 frames.
WARNING (gmm-est-fmllr:Update():fmllr-diag-gmm.cc:162) Not updating fMLLR since below min-count: count is 271
LOG (gmm-est-fmllr:main():gmm-est-fmllr.cc:143) For speaker train_S22_7_7_12, auxf-impr from fMLLR is 0, over 271 frames.
WARNING (gmm-est-fmllr:Update():fmllr-diag-gmm.cc:162) Not updating fMLLR since below min-count: count is 264
LOG (gmm-est-fmllr:main():gmm-est-fmllr.cc:143) For speaker train_S22_7_7_14, auxf-impr from fMLLR is 0, over 264 frames.
WARNING (gmm-est-fmllr:Update():fmllr-diag-gmm.cc:162) Not updating fMLLR since below min-count: count is 271
LOG (gmm-est-fmllr:main():gmm-est-fmllr.cc:143) For speaker train_S22_7_7_16, auxf-impr from fMLLR is 0, over 271 frames.
WARNING (gmm-est-fmllr:Update():fmllr-diag-gmm.cc:162) Not updating fMLLR since below min-count: count is 240
LOG (gmm-est-fmllr:main():gmm-est-fmllr.cc:143) For speaker train_S22_7_7_18, auxf-impr from fMLLR is 0, over 240 frames.
WARNING (gmm-est-fmllr:Update():fmllr-diag-gmm.cc:162) Not updating fMLLR since below min-count: count is 258
LOG (gmm-est-fmllr:main():gmm-est-fmllr.cc:143) For speaker train_S22_7_7_20, auxf-impr from fMLLR is 0, over 258 frames.
WARNING (gmm-est-fmllr:Update():fmllr-diag-gmm.cc:162) Not updating fMLLR since below min-count: count is 385
LOG (gmm-est-fmllr:main():gmm-est-fmllr.cc:143) For speaker train_S22_8_1_12, auxf-impr from fMLLR is 0, over 385 frames.
WARNING (gmm-est-fmllr:Update():fmllr-diag-gmm.cc:162) Not updating fMLLR since below min-count: count is 378
LOG (gmm-est-fmllr:main():gmm-est-fmllr.cc:143) For speaker train_S22_8_1_14, auxf-impr from fMLLR is 0, over 378 frames.
WARNING (gmm-est-fmllr:Update():fmllr-diag-gmm.cc:162) Not updating fMLLR since below min-count: count is 385
LOG (gmm-est-fmllr:main():gmm-est-fmllr.cc:143) For speaker train_S22_8_1_16, auxf-impr from fMLLR is 0, over 385 frames.
WARNING (gmm-est-fmllr:Update():fmllr-diag-gmm.cc:162) Not updating fMLLR since below min-count: count is 342
LOG (gmm-est-fmllr:main():gmm-est-fmllr.cc:143) For speaker train_S22_8_1_18, auxf-impr from fMLLR is 0, over 342 frames.
WARNING (gmm-est-fmllr:Update():fmllr-diag-gmm.cc:162) Not updating fMLLR since below min-count: count is 368
LOG (gmm-est-fmllr:main():gmm-est-fmllr.cc:143) For speaker train_S22_8_1_20, auxf-impr from fMLLR is 0, over 368 frames.
WARNING (gmm-est-fmllr:Update():fmllr-diag-gmm.cc:162) Not updating fMLLR since below min-count: count is 385
LOG (gmm-est-fmllr:main():gmm-est-fmllr.cc:143) For speaker train_S22_8_2_12, auxf-impr from fMLLR is 0, over 385 frames.
WARNING (gmm-est-fmllr:Update():fmllr-diag-gmm.cc:162) Not updating fMLLR since below min-count: count is 378
LOG (gmm-est-fmllr:main():gmm-est-fmllr.cc:143) For speaker train_S22_8_2_14, auxf-impr from fMLLR is 0, over 378 frames.
WARNING (gmm-est-fmllr:Update():fmllr-diag-gmm.cc:162) Not updating fMLLR since below min-count: count is 385
LOG (gmm-est-fmllr:main():gmm-est-fmllr.cc:143) For speaker train_S22_8_2_16, auxf-impr from fMLLR is 0, over 385 frames.
WARNING (gmm-est-fmllr:Update():fmllr-diag-gmm.cc:162) Not updating fMLLR since below min-count: count is 342
LOG (gmm-est-fmllr:main():gmm-est-fmllr.cc:143) For speaker train_S22_8_2_18, auxf-impr from fMLLR is 0, over 342 frames.
WARNING (gmm-est-fmllr:Update():fmllr-diag-gmm.cc:162) Not updating fMLLR since below min-count: count is 368
LOG (gmm-est-fmllr:main():gmm-est-fmllr.cc:143) For speaker train_S22_8_2_20, auxf-impr from fMLLR is 0, over 368 frames.
WARNING (gmm-est-fmllr:Update():fmllr-diag-gmm.cc:162) Not updating fMLLR since below min-count: count is 385
LOG (gmm-est-fmllr:main():gmm-est-fmllr.cc:143) For speaker train_S22_8_3_12, auxf-impr from fMLLR is 0, over 385 frames.
WARNING (gmm-est-fmllr:Update():fmllr-diag-gmm.cc:162) Not updating fMLLR since below min-count: count is 378
LOG (gmm-est-fmllr:main():gmm-est-fmllr.cc:143) For speaker train_S22_8_3_14, auxf-impr from fMLLR is 0, over 378 frames.
WARNING (gmm-est-fmllr:Update():fmllr-diag-gmm.cc:162) Not updating fMLLR since below min-count: count is 385
LOG (gmm-est-fmllr:main():gmm-est-fmllr.cc:143) For speaker train_S22_8_3_16, auxf-impr from fMLLR is 0, over 385 frames.
WARNING (gmm-est-fmllr:Update():fmllr-diag-gmm.cc:162) Not updating fMLLR since below min-count: count is 342
LOG (gmm-est-fmllr:main():gmm-est-fmllr.cc:143) For speaker train_S22_8_3_18, auxf-impr from fMLLR is 0, over 342 frames.
WARNING (gmm-est-fmllr:Update():fmllr-diag-gmm.cc:162) Not updating fMLLR since below min-count: count is 368
LOG (gmm-est-fmllr:main():gmm-est-fmllr.cc:143) For speaker train_S22_8_3_20, auxf-impr from fMLLR is 0, over 368 frames.
WARNING (gmm-est-fmllr:Update():fmllr-diag-gmm.cc:162) Not updating fMLLR since below min-count: count is 385
LOG (gmm-est-fmllr:main():gmm-est-fmllr.cc:143) For speaker train_S22_8_4_12, auxf-impr from fMLLR is 0, over 385 frames.
WARNING (gmm-est-fmllr:Update():fmllr-diag-gmm.cc:162) Not updating fMLLR since below min-count: count is 378
LOG (gmm-est-fmllr:main():gmm-est-fmllr.cc:143) For speaker train_S22_8_4_14, auxf-impr from fMLLR is 0, over 378 frames.
WARNING (gmm-est-fmllr:Update():fmllr-diag-gmm.cc:162) Not updating fMLLR since below min-count: count is 385
LOG (gmm-est-fmllr:main():gmm-est-fmllr.cc:143) For speaker train_S22_8_4_16, auxf-impr from fMLLR is 0, over 385 frames.
WARNING (gmm-est-fmllr:Update():fmllr-diag-gmm.cc:162) Not updating fMLLR since below min-count: count is 342
LOG (gmm-est-fmllr:main():gmm-est-fmllr.cc:143) For speaker train_S22_8_4_18, auxf-impr from fMLLR is 0, over 342 frames.
WARNING (gmm-est-fmllr:Update():fmllr-diag-gmm.cc:162) Not updating fMLLR since below min-count: count is 368
LOG (gmm-est-fmllr:main():gmm-est-fmllr.cc:143) For speaker train_S22_8_4_20, auxf-impr from fMLLR is 0, over 368 frames.
WARNING (gmm-est-fmllr:Update():fmllr-diag-gmm.cc:162) Not updating fMLLR since below min-count: count is 385
LOG (gmm-est-fmllr:main():gmm-est-fmllr.cc:143) For speaker train_S22_8_5_12, auxf-impr from fMLLR is 0, over 385 frames.
WARNING (gmm-est-fmllr:Update():fmllr-diag-gmm.cc:162) Not updating fMLLR since below min-count: count is 378
LOG (gmm-est-fmllr:main():gmm-est-fmllr.cc:143) For speaker train_S22_8_5_14, auxf-impr from fMLLR is 0, over 378 frames.
WARNING (gmm-est-fmllr:Update():fmllr-diag-gmm.cc:162) Not updating fMLLR since below min-count: count is 385
LOG (gmm-est-fmllr:main():gmm-est-fmllr.cc:143) For speaker train_S22_8_5_16, auxf-impr from fMLLR is 0, over 385 frames.
WARNING (gmm-est-fmllr:Update():fmllr-diag-gmm.cc:162) Not updating fMLLR since below min-count: count is 342
LOG (gmm-est-fmllr:main():gmm-est-fmllr.cc:143) For speaker train_S22_8_5_18, auxf-impr from fMLLR is 0, over 342 frames.
WARNING (gmm-est-fmllr:Update():fmllr-diag-gmm.cc:162) Not updating fMLLR since below min-count: count is 368
LOG (gmm-est-fmllr:main():gmm-est-fmllr.cc:143) For speaker train_S22_8_5_20, auxf-impr from fMLLR is 0, over 368 frames.
WARNING (gmm-est-fmllr:Update():fmllr-diag-gmm.cc:162) Not updating fMLLR since below min-count: count is 385
LOG (gmm-est-fmllr:main():gmm-est-fmllr.cc:143) For speaker train_S22_8_6_12, auxf-impr from fMLLR is 0, over 385 frames.
WARNING (gmm-est-fmllr:Update():fmllr-diag-gmm.cc:162) Not updating fMLLR since below min-count: count is 378
LOG (gmm-est-fmllr:main():gmm-est-fmllr.cc:143) For speaker train_S22_8_6_14, auxf-impr from fMLLR is 0, over 378 frames.
WARNING (gmm-est-fmllr:Update():fmllr-diag-gmm.cc:162) Not updating fMLLR since below min-count: count is 385
LOG (gmm-est-fmllr:main():gmm-est-fmllr.cc:143) For speaker train_S22_8_6_16, auxf-impr from fMLLR is 0, over 385 frames.
LOG (ali-to-post:main():ali-to-post.cc:65) Converted 231 alignments.
WARNING (gmm-est-fmllr:Update():fmllr-diag-gmm.cc:162) Not updating fMLLR since below min-count: count is 342
LOG (gmm-est-fmllr:main():gmm-est-fmllr.cc:143) For speaker train_S22_8_6_18, auxf-impr from fMLLR is 0, over 342 frames.
WARNING (gmm-est-fmllr:Update():fmllr-diag-gmm.cc:162) Not updating fMLLR since below min-count: count is 368
LOG (gmm-est-fmllr:main():gmm-est-fmllr.cc:143) For speaker train_S22_8_6_20, auxf-impr from fMLLR is 0, over 368 frames.
WARNING (gmm-est-fmllr:Update():fmllr-diag-gmm.cc:162) Not updating fMLLR since below min-count: count is 385
LOG (gmm-est-fmllr:main():gmm-est-fmllr.cc:143) For speaker train_S22_8_7_12, auxf-impr from fMLLR is 0, over 385 frames.
WARNING (gmm-est-fmllr:Update():fmllr-diag-gmm.cc:162) Not updating fMLLR since below min-count: count is 377
LOG (gmm-est-fmllr:main():gmm-est-fmllr.cc:143) For speaker train_S22_8_7_14, auxf-impr from fMLLR is 0, over 377 frames.
WARNING (gmm-est-fmllr:Update():fmllr-diag-gmm.cc:162) Not updating fMLLR since below min-count: count is 385
LOG (gmm-est-fmllr:main():gmm-est-fmllr.cc:143) For speaker train_S22_8_7_16, auxf-impr from fMLLR is 0, over 385 frames.
WARNING (gmm-est-fmllr:Update():fmllr-diag-gmm.cc:162) Not updating fMLLR since below min-count: count is 342
LOG (gmm-est-fmllr:main():gmm-est-fmllr.cc:143) For speaker train_S22_8_7_18, auxf-impr from fMLLR is 0, over 342 frames.
WARNING (gmm-est-fmllr:Update():fmllr-diag-gmm.cc:162) Not updating fMLLR since below min-count: count is 368
LOG (gmm-est-fmllr:main():gmm-est-fmllr.cc:143) For speaker train_S22_8_7_20, auxf-impr from fMLLR is 0, over 368 frames.
WARNING (gmm-est-fmllr:Update():fmllr-diag-gmm.cc:162) Not updating fMLLR since below min-count: count is 332
LOG (gmm-est-fmllr:main():gmm-est-fmllr.cc:143) For speaker train_S22_9_1_12, auxf-impr from fMLLR is 0, over 332 frames.
WARNING (gmm-est-fmllr:Update():fmllr-diag-gmm.cc:162) Not updating fMLLR since below min-count: count is 327
LOG (gmm-est-fmllr:main():gmm-est-fmllr.cc:143) For speaker train_S22_9_1_14, auxf-impr from fMLLR is 0, over 327 frames.
WARNING (gmm-est-fmllr:Update():fmllr-diag-gmm.cc:162) Not updating fMLLR since below min-count: count is 333
LOG (gmm-est-fmllr:main():gmm-est-fmllr.cc:143) For speaker train_S22_9_1_16, auxf-impr from fMLLR is 0, over 333 frames.
WARNING (gmm-est-fmllr:Update():fmllr-diag-gmm.cc:162) Not updating fMLLR since below min-count: count is 296
LOG (gmm-est-fmllr:main():gmm-est-fmllr.cc:143) For speaker train_S22_9_1_18, auxf-impr from fMLLR is 0, over 296 frames.
WARNING (gmm-est-fmllr:Update():fmllr-diag-gmm.cc:162) Not updating fMLLR since below min-count: count is 317
LOG (gmm-est-fmllr:main():gmm-est-fmllr.cc:143) For speaker train_S22_9_1_20, auxf-impr from fMLLR is 0, over 317 frames.
LOG (weight-silence-post:main():weight-silence-post.cc:95) Done 231 posteriors.
WARNING (gmm-est-fmllr:Update():fmllr-diag-gmm.cc:162) Not updating fMLLR since below min-count: count is 332
LOG (gmm-est-fmllr:main():gmm-est-fmllr.cc:143) For speaker train_S22_9_2_12, auxf-impr from fMLLR is 0, over 332 frames.
LOG (apply-cmvn:main():apply-cmvn.cc:146) Applied cepstral mean normalization to 231 utterances, errors on 0
WARNING (gmm-est-fmllr:Update():fmllr-diag-gmm.cc:162) Not updating fMLLR since below min-count: count is 326
LOG (gmm-est-fmllr:main():gmm-est-fmllr.cc:143) For speaker train_S22_9_2_14, auxf-impr from fMLLR is 0, over 326 frames.
WARNING (gmm-est-fmllr:Update():fmllr-diag-gmm.cc:162) Not updating fMLLR since below min-count: count is 332
LOG (gmm-est-fmllr:main():gmm-est-fmllr.cc:143) For speaker train_S22_9_2_16, auxf-impr from fMLLR is 0, over 332 frames.
WARNING (gmm-est-fmllr:Update():fmllr-diag-gmm.cc:162) Not updating fMLLR since below min-count: count is 296
LOG (gmm-est-fmllr:main():gmm-est-fmllr.cc:143) For speaker train_S22_9_2_18, auxf-impr from fMLLR is 0, over 296 frames.
WARNING (gmm-est-fmllr:Update():fmllr-diag-gmm.cc:162) Not updating fMLLR since below min-count: count is 318
LOG (gmm-est-fmllr:main():gmm-est-fmllr.cc:143) For speaker train_S22_9_2_20, auxf-impr from fMLLR is 0, over 318 frames.
WARNING (gmm-est-fmllr:Update():fmllr-diag-gmm.cc:162) Not updating fMLLR since below min-count: count is 332
LOG (gmm-est-fmllr:main():gmm-est-fmllr.cc:143) For speaker train_S22_9_3_12, auxf-impr from fMLLR is 0, over 332 frames.
WARNING (gmm-est-fmllr:Update():fmllr-diag-gmm.cc:162) Not updating fMLLR since below min-count: count is 327
LOG (gmm-est-fmllr:main():gmm-est-fmllr.cc:143) For speaker train_S22_9_3_14, auxf-impr from fMLLR is 0, over 327 frames.
LOG (transform-feats:main():transform-feats.cc:158) Overall average logdet is 0 over 94335 frames.
LOG (transform-feats:main():transform-feats.cc:161) Applied transform to 231 utterances; 0 had errors.
WARNING (gmm-est-fmllr:Update():fmllr-diag-gmm.cc:162) Not updating fMLLR since below min-count: count is 332
LOG (gmm-est-fmllr:main():gmm-est-fmllr.cc:143) For speaker train_S22_9_3_16, auxf-impr from fMLLR is 0, over 332 frames.
WARNING (gmm-est-fmllr:Update():fmllr-diag-gmm.cc:162) Not updating fMLLR since below min-count: count is 296
LOG (gmm-est-fmllr:main():gmm-est-fmllr.cc:143) For speaker train_S22_9_3_18, auxf-impr from fMLLR is 0, over 296 frames.
LOG (gmm-est-fmllr:main():gmm-est-fmllr.cc:188) Done 231 files, 0 with no posts, 0 with other errors.
LOG (gmm-est-fmllr:main():gmm-est-fmllr.cc:190) Overall fMLLR auxf impr per frame is 0 over 74657 frames.
# Accounting: time=3 threads=1
# Ended (code 0) at Mon Feb 10 15:31:25 IST 2020, elapsed time 3 seconds
