# ali-to-post "ark:gunzip -c exp/mono2/ali.23.gz|" ark:- | weight-silence-post 0.0 1 exp/mono2/4.mdl ark:- ark:- | gmm-est-fmllr --fmllr-update-type=full --spk2utt=ark:data/train/split30/23/spk2utt exp/mono2/4.mdl "ark,s,cs:apply-cmvn  --utt2spk=ark:data/train/split30/23/utt2spk scp:data/train/split30/23/cmvn.scp scp:data/train/split30/23/feats.scp ark:- | add-deltas  ark:- ark:- | transform-feats --utt2spk=ark:data/train/split30/23/utt2spk ark:exp/mono2/trans.23 ark:- ark:- |" ark:- ark:exp/mono2/tmp_trans.23 
# Started at Mon Feb 24 09:56:48 IST 2020
#
gmm-est-fmllr --fmllr-update-type=full --spk2utt=ark:data/train/split30/23/spk2utt exp/mono2/4.mdl 'ark,s,cs:apply-cmvn  --utt2spk=ark:data/train/split30/23/utt2spk scp:data/train/split30/23/cmvn.scp scp:data/train/split30/23/feats.scp ark:- | add-deltas  ark:- ark:- | transform-feats --utt2spk=ark:data/train/split30/23/utt2spk ark:exp/mono2/trans.23 ark:- ark:- |' ark:- ark:exp/mono2/tmp_trans.23 
ali-to-post 'ark:gunzip -c exp/mono2/ali.23.gz|' ark:- 
weight-silence-post 0.0 1 exp/mono2/4.mdl ark:- ark:- 
add-deltas ark:- ark:- 
transform-feats --utt2spk=ark:data/train/split30/23/utt2spk ark:exp/mono2/trans.23 ark:- ark:- 
apply-cmvn --utt2spk=ark:data/train/split30/23/utt2spk scp:data/train/split30/23/cmvn.scp scp:data/train/split30/23/feats.scp ark:- 
WARNING (gmm-est-fmllr:Update():fmllr-diag-gmm.cc:162) Not updating fMLLR since below min-count: count is 85
LOG (gmm-est-fmllr:main():gmm-est-fmllr.cc:143) For speaker train_S3_8_6_18, auxf-impr from fMLLR is 0, over 85 frames.
WARNING (gmm-est-fmllr:Update():fmllr-diag-gmm.cc:162) Not updating fMLLR since below min-count: count is 91
LOG (gmm-est-fmllr:main():gmm-est-fmllr.cc:143) For speaker train_S3_8_6_20, auxf-impr from fMLLR is 0, over 91 frames.
WARNING (gmm-est-fmllr:Update():fmllr-diag-gmm.cc:162) Not updating fMLLR since below min-count: count is 96
LOG (gmm-est-fmllr:main():gmm-est-fmllr.cc:143) For speaker train_S3_8_7_12, auxf-impr from fMLLR is 0, over 96 frames.
WARNING (gmm-est-fmllr:Update():fmllr-diag-gmm.cc:162) Not updating fMLLR since below min-count: count is 93
LOG (gmm-est-fmllr:main():gmm-est-fmllr.cc:143) For speaker train_S3_8_7_14, auxf-impr from fMLLR is 0, over 93 frames.
WARNING (gmm-est-fmllr:Update():fmllr-diag-gmm.cc:162) Not updating fMLLR since below min-count: count is 96
LOG (gmm-est-fmllr:main():gmm-est-fmllr.cc:143) For speaker train_S3_8_7_16, auxf-impr from fMLLR is 0, over 96 frames.
WARNING (gmm-est-fmllr:Update():fmllr-diag-gmm.cc:162) Not updating fMLLR since below min-count: count is 85
LOG (gmm-est-fmllr:main():gmm-est-fmllr.cc:143) For speaker train_S3_8_7_18, auxf-impr from fMLLR is 0, over 85 frames.
WARNING (gmm-est-fmllr:Update():fmllr-diag-gmm.cc:162) Not updating fMLLR since below min-count: count is 91
LOG (gmm-est-fmllr:main():gmm-est-fmllr.cc:143) For speaker train_S3_8_7_20, auxf-impr from fMLLR is 0, over 91 frames.
WARNING (gmm-est-fmllr:Update():fmllr-diag-gmm.cc:162) Not updating fMLLR since below min-count: count is 94
LOG (gmm-est-fmllr:main():gmm-est-fmllr.cc:143) For speaker train_S3_9_1_12, auxf-impr from fMLLR is 0, over 94 frames.
WARNING (gmm-est-fmllr:Update():fmllr-diag-gmm.cc:162) Not updating fMLLR since below min-count: count is 92
LOG (gmm-est-fmllr:main():gmm-est-fmllr.cc:143) For speaker train_S3_9_1_14, auxf-impr from fMLLR is 0, over 92 frames.
WARNING (gmm-est-fmllr:Update():fmllr-diag-gmm.cc:162) Not updating fMLLR since below min-count: count is 94
LOG (gmm-est-fmllr:main():gmm-est-fmllr.cc:143) For speaker train_S3_9_1_16, auxf-impr from fMLLR is 0, over 94 frames.
WARNING (gmm-est-fmllr:Update():fmllr-diag-gmm.cc:162) Not updating fMLLR since below min-count: count is 84
LOG (gmm-est-fmllr:main():gmm-est-fmllr.cc:143) For speaker train_S3_9_1_18, auxf-impr from fMLLR is 0, over 84 frames.
WARNING (gmm-est-fmllr:Update():fmllr-diag-gmm.cc:162) Not updating fMLLR since below min-count: count is 91
LOG (gmm-est-fmllr:main():gmm-est-fmllr.cc:143) For speaker train_S3_9_1_20, auxf-impr from fMLLR is 0, over 91 frames.
WARNING (gmm-est-fmllr:Update():fmllr-diag-gmm.cc:162) Not updating fMLLR since below min-count: count is 93
LOG (gmm-est-fmllr:main():gmm-est-fmllr.cc:143) For speaker train_S3_9_2_12, auxf-impr from fMLLR is 0, over 93 frames.
WARNING (gmm-est-fmllr:Update():fmllr-diag-gmm.cc:162) Not updating fMLLR since below min-count: count is 92
LOG (gmm-est-fmllr:main():gmm-est-fmllr.cc:143) For speaker train_S3_9_2_14, auxf-impr from fMLLR is 0, over 92 frames.
WARNING (gmm-est-fmllr:Update():fmllr-diag-gmm.cc:162) Not updating fMLLR since below min-count: count is 94
LOG (gmm-est-fmllr:main():gmm-est-fmllr.cc:143) For speaker train_S3_9_2_16, auxf-impr from fMLLR is 0, over 94 frames.
WARNING (gmm-est-fmllr:Update():fmllr-diag-gmm.cc:162) Not updating fMLLR since below min-count: count is 84
LOG (gmm-est-fmllr:main():gmm-est-fmllr.cc:143) For speaker train_S3_9_2_18, auxf-impr from fMLLR is 0, over 84 frames.
WARNING (gmm-est-fmllr:Update():fmllr-diag-gmm.cc:162) Not updating fMLLR since below min-count: count is 90
LOG (gmm-est-fmllr:main():gmm-est-fmllr.cc:143) For speaker train_S3_9_2_20, auxf-impr from fMLLR is 0, over 90 frames.
WARNING (gmm-est-fmllr:Update():fmllr-diag-gmm.cc:162) Not updating fMLLR since below min-count: count is 93
LOG (gmm-est-fmllr:main():gmm-est-fmllr.cc:143) For speaker train_S3_9_3_12, auxf-impr from fMLLR is 0, over 93 frames.
WARNING (gmm-est-fmllr:Update():fmllr-diag-gmm.cc:162) Not updating fMLLR since below min-count: count is 92
LOG (gmm-est-fmllr:main():gmm-est-fmllr.cc:143) For speaker train_S3_9_3_14, auxf-impr from fMLLR is 0, over 92 frames.
WARNING (gmm-est-fmllr:Update():fmllr-diag-gmm.cc:162) Not updating fMLLR since below min-count: count is 94
LOG (gmm-est-fmllr:main():gmm-est-fmllr.cc:143) For speaker train_S3_9_3_16, auxf-impr from fMLLR is 0, over 94 frames.
WARNING (gmm-est-fmllr:Update():fmllr-diag-gmm.cc:162) Not updating fMLLR since below min-count: count is 84
LOG (gmm-est-fmllr:main():gmm-est-fmllr.cc:143) For speaker train_S3_9_3_18, auxf-impr from fMLLR is 0, over 84 frames.
WARNING (gmm-est-fmllr:Update():fmllr-diag-gmm.cc:162) Not updating fMLLR since below min-count: count is 91
LOG (gmm-est-fmllr:main():gmm-est-fmllr.cc:143) For speaker train_S3_9_3_20, auxf-impr from fMLLR is 0, over 91 frames.
WARNING (gmm-est-fmllr:Update():fmllr-diag-gmm.cc:162) Not updating fMLLR since below min-count: count is 93
LOG (gmm-est-fmllr:main():gmm-est-fmllr.cc:143) For speaker train_S3_9_4_12, auxf-impr from fMLLR is 0, over 93 frames.
WARNING (gmm-est-fmllr:Update():fmllr-diag-gmm.cc:162) Not updating fMLLR since below min-count: count is 92
LOG (gmm-est-fmllr:main():gmm-est-fmllr.cc:143) For speaker train_S3_9_4_14, auxf-impr from fMLLR is 0, over 92 frames.
WARNING (gmm-est-fmllr:Update():fmllr-diag-gmm.cc:162) Not updating fMLLR since below min-count: count is 94
LOG (gmm-est-fmllr:main():gmm-est-fmllr.cc:143) For speaker train_S3_9_4_16, auxf-impr from fMLLR is 0, over 94 frames.
WARNING (gmm-est-fmllr:Update():fmllr-diag-gmm.cc:162) Not updating fMLLR since below min-count: count is 84
LOG (gmm-est-fmllr:main():gmm-est-fmllr.cc:143) For speaker train_S3_9_4_18, auxf-impr from fMLLR is 0, over 84 frames.
WARNING (gmm-est-fmllr:Update():fmllr-diag-gmm.cc:162) Not updating fMLLR since below min-count: count is 90
LOG (gmm-est-fmllr:main():gmm-est-fmllr.cc:143) For speaker train_S3_9_4_20, auxf-impr from fMLLR is 0, over 90 frames.
WARNING (gmm-est-fmllr:Update():fmllr-diag-gmm.cc:162) Not updating fMLLR since below min-count: count is 94
LOG (gmm-est-fmllr:main():gmm-est-fmllr.cc:143) For speaker train_S3_9_5_12, auxf-impr from fMLLR is 0, over 94 frames.
WARNING (gmm-est-fmllr:Update():fmllr-diag-gmm.cc:162) Not updating fMLLR since below min-count: count is 92
LOG (gmm-est-fmllr:main():gmm-est-fmllr.cc:143) For speaker train_S3_9_5_14, auxf-impr from fMLLR is 0, over 92 frames.
WARNING (gmm-est-fmllr:Update():fmllr-diag-gmm.cc:162) Not updating fMLLR since below min-count: count is 93
LOG (gmm-est-fmllr:main():gmm-est-fmllr.cc:143) For speaker train_S3_9_5_16, auxf-impr from fMLLR is 0, over 93 frames.
WARNING (gmm-est-fmllr:Update():fmllr-diag-gmm.cc:162) Not updating fMLLR since below min-count: count is 84
LOG (gmm-est-fmllr:main():gmm-est-fmllr.cc:143) For speaker train_S3_9_5_18, auxf-impr from fMLLR is 0, over 84 frames.
WARNING (gmm-est-fmllr:Update():fmllr-diag-gmm.cc:162) Not updating fMLLR since below min-count: count is 90
LOG (gmm-est-fmllr:main():gmm-est-fmllr.cc:143) For speaker train_S3_9_5_20, auxf-impr from fMLLR is 0, over 90 frames.
WARNING (gmm-est-fmllr:Update():fmllr-diag-gmm.cc:162) Not updating fMLLR since below min-count: count is 93
LOG (gmm-est-fmllr:main():gmm-est-fmllr.cc:143) For speaker train_S3_9_6_12, auxf-impr from fMLLR is 0, over 93 frames.
WARNING (gmm-est-fmllr:Update():fmllr-diag-gmm.cc:162) Not updating fMLLR since below min-count: count is 92
LOG (gmm-est-fmllr:main():gmm-est-fmllr.cc:143) For speaker train_S3_9_6_14, auxf-impr from fMLLR is 0, over 92 frames.
WARNING (gmm-est-fmllr:Update():fmllr-diag-gmm.cc:162) Not updating fMLLR since below min-count: count is 94
LOG (gmm-est-fmllr:main():gmm-est-fmllr.cc:143) For speaker train_S3_9_6_16, auxf-impr from fMLLR is 0, over 94 frames.
WARNING (gmm-est-fmllr:Update():fmllr-diag-gmm.cc:162) Not updating fMLLR since below min-count: count is 84
LOG (gmm-est-fmllr:main():gmm-est-fmllr.cc:143) For speaker train_S3_9_6_18, auxf-impr from fMLLR is 0, over 84 frames.
WARNING (gmm-est-fmllr:Update():fmllr-diag-gmm.cc:162) Not updating fMLLR since below min-count: count is 90
LOG (gmm-est-fmllr:main():gmm-est-fmllr.cc:143) For speaker train_S3_9_6_20, auxf-impr from fMLLR is 0, over 90 frames.
WARNING (gmm-est-fmllr:Update():fmllr-diag-gmm.cc:162) Not updating fMLLR since below min-count: count is 93
LOG (gmm-est-fmllr:main():gmm-est-fmllr.cc:143) For speaker train_S3_9_7_12, auxf-impr from fMLLR is 0, over 93 frames.
WARNING (gmm-est-fmllr:Update():fmllr-diag-gmm.cc:162) Not updating fMLLR since below min-count: count is 92
LOG (gmm-est-fmllr:main():gmm-est-fmllr.cc:143) For speaker train_S3_9_7_14, auxf-impr from fMLLR is 0, over 92 frames.
WARNING (gmm-est-fmllr:Update():fmllr-diag-gmm.cc:162) Not updating fMLLR since below min-count: count is 94
LOG (gmm-est-fmllr:main():gmm-est-fmllr.cc:143) For speaker train_S3_9_7_16, auxf-impr from fMLLR is 0, over 94 frames.
WARNING (gmm-est-fmllr:Update():fmllr-diag-gmm.cc:162) Not updating fMLLR since below min-count: count is 84
LOG (gmm-est-fmllr:main():gmm-est-fmllr.cc:143) For speaker train_S3_9_7_18, auxf-impr from fMLLR is 0, over 84 frames.
WARNING (gmm-est-fmllr:Update():fmllr-diag-gmm.cc:162) Not updating fMLLR since below min-count: count is 91
LOG (gmm-est-fmllr:main():gmm-est-fmllr.cc:143) For speaker train_S3_9_7_20, auxf-impr from fMLLR is 0, over 91 frames.
WARNING (gmm-est-fmllr:Update():fmllr-diag-gmm.cc:162) Not updating fMLLR since below min-count: count is 93
LOG (gmm-est-fmllr:main():gmm-est-fmllr.cc:143) For speaker train_S4_10_1_12, auxf-impr from fMLLR is 0, over 93 frames.
WARNING (gmm-est-fmllr:Update():fmllr-diag-gmm.cc:162) Not updating fMLLR since below min-count: count is 91
LOG (gmm-est-fmllr:main():gmm-est-fmllr.cc:143) For speaker train_S4_10_1_14, auxf-impr from fMLLR is 0, over 91 frames.
WARNING (gmm-est-fmllr:Update():fmllr-diag-gmm.cc:162) Not updating fMLLR since below min-count: count is 94
LOG (gmm-est-fmllr:main():gmm-est-fmllr.cc:143) For speaker train_S4_10_1_16, auxf-impr from fMLLR is 0, over 94 frames.
WARNING (gmm-est-fmllr:Update():fmllr-diag-gmm.cc:162) Not updating fMLLR since below min-count: count is 83
LOG (gmm-est-fmllr:main():gmm-est-fmllr.cc:143) For speaker train_S4_10_1_18, auxf-impr from fMLLR is 0, over 83 frames.
WARNING (gmm-est-fmllr:Update():fmllr-diag-gmm.cc:162) Not updating fMLLR since below min-count: count is 90
LOG (gmm-est-fmllr:main():gmm-est-fmllr.cc:143) For speaker train_S4_10_1_20, auxf-impr from fMLLR is 0, over 90 frames.
WARNING (gmm-est-fmllr:Update():fmllr-diag-gmm.cc:162) Not updating fMLLR since below min-count: count is 93
LOG (gmm-est-fmllr:main():gmm-est-fmllr.cc:143) For speaker train_S4_10_2_12, auxf-impr from fMLLR is 0, over 93 frames.
WARNING (gmm-est-fmllr:Update():fmllr-diag-gmm.cc:162) Not updating fMLLR since below min-count: count is 91
LOG (gmm-est-fmllr:main():gmm-est-fmllr.cc:143) For speaker train_S4_10_2_14, auxf-impr from fMLLR is 0, over 91 frames.
WARNING (gmm-est-fmllr:Update():fmllr-diag-gmm.cc:162) Not updating fMLLR since below min-count: count is 94
LOG (gmm-est-fmllr:main():gmm-est-fmllr.cc:143) For speaker train_S4_10_2_16, auxf-impr from fMLLR is 0, over 94 frames.
WARNING (gmm-est-fmllr:Update():fmllr-diag-gmm.cc:162) Not updating fMLLR since below min-count: count is 83
LOG (gmm-est-fmllr:main():gmm-est-fmllr.cc:143) For speaker train_S4_10_2_18, auxf-impr from fMLLR is 0, over 83 frames.
WARNING (gmm-est-fmllr:Update():fmllr-diag-gmm.cc:162) Not updating fMLLR since below min-count: count is 90
LOG (gmm-est-fmllr:main():gmm-est-fmllr.cc:143) For speaker train_S4_10_2_20, auxf-impr from fMLLR is 0, over 90 frames.
WARNING (gmm-est-fmllr:Update():fmllr-diag-gmm.cc:162) Not updating fMLLR since below min-count: count is 93
LOG (gmm-est-fmllr:main():gmm-est-fmllr.cc:143) For speaker train_S4_10_3_12, auxf-impr from fMLLR is 0, over 93 frames.
WARNING (gmm-est-fmllr:Update():fmllr-diag-gmm.cc:162) Not updating fMLLR since below min-count: count is 91
LOG (gmm-est-fmllr:main():gmm-est-fmllr.cc:143) For speaker train_S4_10_3_14, auxf-impr from fMLLR is 0, over 91 frames.
WARNING (gmm-est-fmllr:Update():fmllr-diag-gmm.cc:162) Not updating fMLLR since below min-count: count is 94
LOG (gmm-est-fmllr:main():gmm-est-fmllr.cc:143) For speaker train_S4_10_3_16, auxf-impr from fMLLR is 0, over 94 frames.
WARNING (gmm-est-fmllr:Update():fmllr-diag-gmm.cc:162) Not updating fMLLR since below min-count: count is 83
LOG (gmm-est-fmllr:main():gmm-est-fmllr.cc:143) For speaker train_S4_10_3_18, auxf-impr from fMLLR is 0, over 83 frames.
WARNING (gmm-est-fmllr:Update():fmllr-diag-gmm.cc:162) Not updating fMLLR since below min-count: count is 90
LOG (gmm-est-fmllr:main():gmm-est-fmllr.cc:143) For speaker train_S4_10_3_20, auxf-impr from fMLLR is 0, over 90 frames.
WARNING (gmm-est-fmllr:Update():fmllr-diag-gmm.cc:162) Not updating fMLLR since below min-count: count is 93
LOG (gmm-est-fmllr:main():gmm-est-fmllr.cc:143) For speaker train_S4_10_4_12, auxf-impr from fMLLR is 0, over 93 frames.
WARNING (gmm-est-fmllr:Update():fmllr-diag-gmm.cc:162) Not updating fMLLR since below min-count: count is 91
LOG (gmm-est-fmllr:main():gmm-est-fmllr.cc:143) For speaker train_S4_10_4_14, auxf-impr from fMLLR is 0, over 91 frames.
WARNING (gmm-est-fmllr:Update():fmllr-diag-gmm.cc:162) Not updating fMLLR since below min-count: count is 94
LOG (gmm-est-fmllr:main():gmm-est-fmllr.cc:143) For speaker train_S4_10_4_16, auxf-impr from fMLLR is 0, over 94 frames.
WARNING (gmm-est-fmllr:Update():fmllr-diag-gmm.cc:162) Not updating fMLLR since below min-count: count is 83
LOG (gmm-est-fmllr:main():gmm-est-fmllr.cc:143) For speaker train_S4_10_4_18, auxf-impr from fMLLR is 0, over 83 frames.
WARNING (gmm-est-fmllr:Update():fmllr-diag-gmm.cc:162) Not updating fMLLR since below min-count: count is 90
LOG (gmm-est-fmllr:main():gmm-est-fmllr.cc:143) For speaker train_S4_10_4_20, auxf-impr from fMLLR is 0, over 90 frames.
WARNING (gmm-est-fmllr:Update():fmllr-diag-gmm.cc:162) Not updating fMLLR since below min-count: count is 93
LOG (gmm-est-fmllr:main():gmm-est-fmllr.cc:143) For speaker train_S4_10_5_12, auxf-impr from fMLLR is 0, over 93 frames.
WARNING (gmm-est-fmllr:Update():fmllr-diag-gmm.cc:162) Not updating fMLLR since below min-count: count is 91
LOG (gmm-est-fmllr:main():gmm-est-fmllr.cc:143) For speaker train_S4_10_5_14, auxf-impr from fMLLR is 0, over 91 frames.
WARNING (gmm-est-fmllr:Update():fmllr-diag-gmm.cc:162) Not updating fMLLR since below min-count: count is 94
LOG (gmm-est-fmllr:main():gmm-est-fmllr.cc:143) For speaker train_S4_10_5_16, auxf-impr from fMLLR is 0, over 94 frames.
WARNING (gmm-est-fmllr:Update():fmllr-diag-gmm.cc:162) Not updating fMLLR since below min-count: count is 83
LOG (gmm-est-fmllr:main():gmm-est-fmllr.cc:143) For speaker train_S4_10_5_18, auxf-impr from fMLLR is 0, over 83 frames.
WARNING (gmm-est-fmllr:Update():fmllr-diag-gmm.cc:162) Not updating fMLLR since below min-count: count is 90
LOG (gmm-est-fmllr:main():gmm-est-fmllr.cc:143) For speaker train_S4_10_5_20, auxf-impr from fMLLR is 0, over 90 frames.
WARNING (gmm-est-fmllr:Update():fmllr-diag-gmm.cc:162) Not updating fMLLR since below min-count: count is 93
LOG (gmm-est-fmllr:main():gmm-est-fmllr.cc:143) For speaker train_S4_10_6_12, auxf-impr from fMLLR is 0, over 93 frames.
WARNING (gmm-est-fmllr:Update():fmllr-diag-gmm.cc:162) Not updating fMLLR since below min-count: count is 91
LOG (gmm-est-fmllr:main():gmm-est-fmllr.cc:143) For speaker train_S4_10_6_14, auxf-impr from fMLLR is 0, over 91 frames.
WARNING (gmm-est-fmllr:Update():fmllr-diag-gmm.cc:162) Not updating fMLLR since below min-count: count is 94
LOG (gmm-est-fmllr:main():gmm-est-fmllr.cc:143) For speaker train_S4_10_6_16, auxf-impr from fMLLR is 0, over 94 frames.
WARNING (gmm-est-fmllr:Update():fmllr-diag-gmm.cc:162) Not updating fMLLR since below min-count: count is 83
LOG (gmm-est-fmllr:main():gmm-est-fmllr.cc:143) For speaker train_S4_10_6_18, auxf-impr from fMLLR is 0, over 83 frames.
WARNING (gmm-est-fmllr:Update():fmllr-diag-gmm.cc:162) Not updating fMLLR since below min-count: count is 90
LOG (gmm-est-fmllr:main():gmm-est-fmllr.cc:143) For speaker train_S4_10_6_20, auxf-impr from fMLLR is 0, over 90 frames.
WARNING (gmm-est-fmllr:Update():fmllr-diag-gmm.cc:162) Not updating fMLLR since below min-count: count is 93
LOG (gmm-est-fmllr:main():gmm-est-fmllr.cc:143) For speaker train_S4_10_7_12, auxf-impr from fMLLR is 0, over 93 frames.
WARNING (gmm-est-fmllr:Update():fmllr-diag-gmm.cc:162) Not updating fMLLR since below min-count: count is 91
LOG (gmm-est-fmllr:main():gmm-est-fmllr.cc:143) For speaker train_S4_10_7_14, auxf-impr from fMLLR is 0, over 91 frames.
WARNING (gmm-est-fmllr:Update():fmllr-diag-gmm.cc:162) Not updating fMLLR since below min-count: count is 94
LOG (gmm-est-fmllr:main():gmm-est-fmllr.cc:143) For speaker train_S4_10_7_16, auxf-impr from fMLLR is 0, over 94 frames.
WARNING (gmm-est-fmllr:Update():fmllr-diag-gmm.cc:162) Not updating fMLLR since below min-count: count is 83
LOG (gmm-est-fmllr:main():gmm-est-fmllr.cc:143) For speaker train_S4_10_7_18, auxf-impr from fMLLR is 0, over 83 frames.
WARNING (gmm-est-fmllr:Update():fmllr-diag-gmm.cc:162) Not updating fMLLR since below min-count: count is 90
LOG (gmm-est-fmllr:main():gmm-est-fmllr.cc:143) For speaker train_S4_10_7_20, auxf-impr from fMLLR is 0, over 90 frames.
WARNING (gmm-est-fmllr:Update():fmllr-diag-gmm.cc:162) Not updating fMLLR since below min-count: count is 90
LOG (gmm-est-fmllr:main():gmm-est-fmllr.cc:143) For speaker train_S4_11_1_12, auxf-impr from fMLLR is 0, over 90 frames.
WARNING (gmm-est-fmllr:Update():fmllr-diag-gmm.cc:162) Not updating fMLLR since below min-count: count is 89
LOG (gmm-est-fmllr:main():gmm-est-fmllr.cc:143) For speaker train_S4_11_1_14, auxf-impr from fMLLR is 0, over 89 frames.
WARNING (gmm-est-fmllr:Update():fmllr-diag-gmm.cc:162) Not updating fMLLR since below min-count: count is 90
LOG (gmm-est-fmllr:main():gmm-est-fmllr.cc:143) For speaker train_S4_11_1_16, auxf-impr from fMLLR is 0, over 90 frames.
WARNING (gmm-est-fmllr:Update():fmllr-diag-gmm.cc:162) Not updating fMLLR since below min-count: count is 81
LOG (gmm-est-fmllr:main():gmm-est-fmllr.cc:143) For speaker train_S4_11_1_18, auxf-impr from fMLLR is 0, over 81 frames.
WARNING (gmm-est-fmllr:Update():fmllr-diag-gmm.cc:162) Not updating fMLLR since below min-count: count is 87
LOG (gmm-est-fmllr:main():gmm-est-fmllr.cc:143) For speaker train_S4_11_1_20, auxf-impr from fMLLR is 0, over 87 frames.
WARNING (gmm-est-fmllr:Update():fmllr-diag-gmm.cc:162) Not updating fMLLR since below min-count: count is 90
LOG (gmm-est-fmllr:main():gmm-est-fmllr.cc:143) For speaker train_S4_11_2_12, auxf-impr from fMLLR is 0, over 90 frames.
WARNING (gmm-est-fmllr:Update():fmllr-diag-gmm.cc:162) Not updating fMLLR since below min-count: count is 89
LOG (gmm-est-fmllr:main():gmm-est-fmllr.cc:143) For speaker train_S4_11_2_14, auxf-impr from fMLLR is 0, over 89 frames.
WARNING (gmm-est-fmllr:Update():fmllr-diag-gmm.cc:162) Not updating fMLLR since below min-count: count is 90
LOG (gmm-est-fmllr:main():gmm-est-fmllr.cc:143) For speaker train_S4_11_2_16, auxf-impr from fMLLR is 0, over 90 frames.
WARNING (gmm-est-fmllr:Update():fmllr-diag-gmm.cc:162) Not updating fMLLR since below min-count: count is 81
LOG (gmm-est-fmllr:main():gmm-est-fmllr.cc:143) For speaker train_S4_11_2_18, auxf-impr from fMLLR is 0, over 81 frames.
WARNING (gmm-est-fmllr:Update():fmllr-diag-gmm.cc:162) Not updating fMLLR since below min-count: count is 87
LOG (gmm-est-fmllr:main():gmm-est-fmllr.cc:143) For speaker train_S4_11_2_20, auxf-impr from fMLLR is 0, over 87 frames.
WARNING (gmm-est-fmllr:Update():fmllr-diag-gmm.cc:162) Not updating fMLLR since below min-count: count is 90
LOG (gmm-est-fmllr:main():gmm-est-fmllr.cc:143) For speaker train_S4_11_3_12, auxf-impr from fMLLR is 0, over 90 frames.
WARNING (gmm-est-fmllr:Update():fmllr-diag-gmm.cc:162) Not updating fMLLR since below min-count: count is 89
LOG (gmm-est-fmllr:main():gmm-est-fmllr.cc:143) For speaker train_S4_11_3_14, auxf-impr from fMLLR is 0, over 89 frames.
WARNING (gmm-est-fmllr:Update():fmllr-diag-gmm.cc:162) Not updating fMLLR since below min-count: count is 90
LOG (gmm-est-fmllr:main():gmm-est-fmllr.cc:143) For speaker train_S4_11_3_16, auxf-impr from fMLLR is 0, over 90 frames.
WARNING (gmm-est-fmllr:Update():fmllr-diag-gmm.cc:162) Not updating fMLLR since below min-count: count is 81
LOG (gmm-est-fmllr:main():gmm-est-fmllr.cc:143) For speaker train_S4_11_3_18, auxf-impr from fMLLR is 0, over 81 frames.
WARNING (gmm-est-fmllr:Update():fmllr-diag-gmm.cc:162) Not updating fMLLR since below min-count: count is 87
LOG (gmm-est-fmllr:main():gmm-est-fmllr.cc:143) For speaker train_S4_11_3_20, auxf-impr from fMLLR is 0, over 87 frames.
WARNING (gmm-est-fmllr:Update():fmllr-diag-gmm.cc:162) Not updating fMLLR since below min-count: count is 90
LOG (gmm-est-fmllr:main():gmm-est-fmllr.cc:143) For speaker train_S4_11_4_12, auxf-impr from fMLLR is 0, over 90 frames.
WARNING (gmm-est-fmllr:Update():fmllr-diag-gmm.cc:162) Not updating fMLLR since below min-count: count is 89
LOG (gmm-est-fmllr:main():gmm-est-fmllr.cc:143) For speaker train_S4_11_4_14, auxf-impr from fMLLR is 0, over 89 frames.
WARNING (gmm-est-fmllr:Update():fmllr-diag-gmm.cc:162) Not updating fMLLR since below min-count: count is 90
LOG (gmm-est-fmllr:main():gmm-est-fmllr.cc:143) For speaker train_S4_11_4_16, auxf-impr from fMLLR is 0, over 90 frames.
WARNING (gmm-est-fmllr:Update():fmllr-diag-gmm.cc:162) Not updating fMLLR since below min-count: count is 81
LOG (gmm-est-fmllr:main():gmm-est-fmllr.cc:143) For speaker train_S4_11_4_18, auxf-impr from fMLLR is 0, over 81 frames.
WARNING (gmm-est-fmllr:Update():fmllr-diag-gmm.cc:162) Not updating fMLLR since below min-count: count is 87
LOG (gmm-est-fmllr:main():gmm-est-fmllr.cc:143) For speaker train_S4_11_4_20, auxf-impr from fMLLR is 0, over 87 frames.
WARNING (gmm-est-fmllr:Update():fmllr-diag-gmm.cc:162) Not updating fMLLR since below min-count: count is 90
LOG (gmm-est-fmllr:main():gmm-est-fmllr.cc:143) For speaker train_S4_11_5_12, auxf-impr from fMLLR is 0, over 90 frames.
WARNING (gmm-est-fmllr:Update():fmllr-diag-gmm.cc:162) Not updating fMLLR since below min-count: count is 89
LOG (gmm-est-fmllr:main():gmm-est-fmllr.cc:143) For speaker train_S4_11_5_14, auxf-impr from fMLLR is 0, over 89 frames.
WARNING (gmm-est-fmllr:Update():fmllr-diag-gmm.cc:162) Not updating fMLLR since below min-count: count is 90
LOG (gmm-est-fmllr:main():gmm-est-fmllr.cc:143) For speaker train_S4_11_5_16, auxf-impr from fMLLR is 0, over 90 frames.
WARNING (gmm-est-fmllr:Update():fmllr-diag-gmm.cc:162) Not updating fMLLR since below min-count: count is 81
LOG (gmm-est-fmllr:main():gmm-est-fmllr.cc:143) For speaker train_S4_11_5_18, auxf-impr from fMLLR is 0, over 81 frames.
WARNING (gmm-est-fmllr:Update():fmllr-diag-gmm.cc:162) Not updating fMLLR since below min-count: count is 87
LOG (gmm-est-fmllr:main():gmm-est-fmllr.cc:143) For speaker train_S4_11_5_20, auxf-impr from fMLLR is 0, over 87 frames.
WARNING (gmm-est-fmllr:Update():fmllr-diag-gmm.cc:162) Not updating fMLLR since below min-count: count is 90
LOG (gmm-est-fmllr:main():gmm-est-fmllr.cc:143) For speaker train_S4_11_6_12, auxf-impr from fMLLR is 0, over 90 frames.
WARNING (gmm-est-fmllr:Update():fmllr-diag-gmm.cc:162) Not updating fMLLR since below min-count: count is 88
LOG (gmm-est-fmllr:main():gmm-est-fmllr.cc:143) For speaker train_S4_11_6_14, auxf-impr from fMLLR is 0, over 88 frames.
WARNING (gmm-est-fmllr:Update():fmllr-diag-gmm.cc:162) Not updating fMLLR since below min-count: count is 90
LOG (gmm-est-fmllr:main():gmm-est-fmllr.cc:143) For speaker train_S4_11_6_16, auxf-impr from fMLLR is 0, over 90 frames.
WARNING (gmm-est-fmllr:Update():fmllr-diag-gmm.cc:162) Not updating fMLLR since below min-count: count is 81
LOG (gmm-est-fmllr:main():gmm-est-fmllr.cc:143) For speaker train_S4_11_6_18, auxf-impr from fMLLR is 0, over 81 frames.
WARNING (gmm-est-fmllr:Update():fmllr-diag-gmm.cc:162) Not updating fMLLR since below min-count: count is 87
LOG (gmm-est-fmllr:main():gmm-est-fmllr.cc:143) For speaker train_S4_11_6_20, auxf-impr from fMLLR is 0, over 87 frames.
WARNING (gmm-est-fmllr:Update():fmllr-diag-gmm.cc:162) Not updating fMLLR since below min-count: count is 89
LOG (gmm-est-fmllr:main():gmm-est-fmllr.cc:143) For speaker train_S4_11_7_12, auxf-impr from fMLLR is 0, over 89 frames.
WARNING (gmm-est-fmllr:Update():fmllr-diag-gmm.cc:162) Not updating fMLLR since below min-count: count is 88
LOG (gmm-est-fmllr:main():gmm-est-fmllr.cc:143) For speaker train_S4_11_7_14, auxf-impr from fMLLR is 0, over 88 frames.
WARNING (gmm-est-fmllr:Update():fmllr-diag-gmm.cc:162) Not updating fMLLR since below min-count: count is 90
LOG (gmm-est-fmllr:main():gmm-est-fmllr.cc:143) For speaker train_S4_11_7_16, auxf-impr from fMLLR is 0, over 90 frames.
WARNING (gmm-est-fmllr:Update():fmllr-diag-gmm.cc:162) Not updating fMLLR since below min-count: count is 81
LOG (gmm-est-fmllr:main():gmm-est-fmllr.cc:143) For speaker train_S4_11_7_18, auxf-impr from fMLLR is 0, over 81 frames.
WARNING (gmm-est-fmllr:Update():fmllr-diag-gmm.cc:162) Not updating fMLLR since below min-count: count is 87
LOG (gmm-est-fmllr:main():gmm-est-fmllr.cc:143) For speaker train_S4_11_7_20, auxf-impr from fMLLR is 0, over 87 frames.
WARNING (gmm-est-fmllr:Update():fmllr-diag-gmm.cc:162) Not updating fMLLR since below min-count: count is 112
LOG (gmm-est-fmllr:main():gmm-est-fmllr.cc:143) For speaker train_S4_3_1_12, auxf-impr from fMLLR is 0, over 112 frames.
WARNING (gmm-est-fmllr:Update():fmllr-diag-gmm.cc:162) Not updating fMLLR since below min-count: count is 110
LOG (gmm-est-fmllr:main():gmm-est-fmllr.cc:143) For speaker train_S4_3_1_14, auxf-impr from fMLLR is 0, over 110 frames.
WARNING (gmm-est-fmllr:Update():fmllr-diag-gmm.cc:162) Not updating fMLLR since below min-count: count is 112
LOG (gmm-est-fmllr:main():gmm-est-fmllr.cc:143) For speaker train_S4_3_1_16, auxf-impr from fMLLR is 0, over 112 frames.
WARNING (gmm-est-fmllr:Update():fmllr-diag-gmm.cc:162) Not updating fMLLR since below min-count: count is 100
LOG (gmm-est-fmllr:main():gmm-est-fmllr.cc:143) For speaker train_S4_3_1_18, auxf-impr from fMLLR is 0, over 100 frames.
WARNING (gmm-est-fmllr:Update():fmllr-diag-gmm.cc:162) Not updating fMLLR since below min-count: count is 106
LOG (gmm-est-fmllr:main():gmm-est-fmllr.cc:143) For speaker train_S4_3_1_20, auxf-impr from fMLLR is 0, over 106 frames.
WARNING (gmm-est-fmllr:Update():fmllr-diag-gmm.cc:162) Not updating fMLLR since below min-count: count is 112
LOG (gmm-est-fmllr:main():gmm-est-fmllr.cc:143) For speaker train_S4_3_2_12, auxf-impr from fMLLR is 0, over 112 frames.
WARNING (gmm-est-fmllr:Update():fmllr-diag-gmm.cc:162) Not updating fMLLR since below min-count: count is 110
LOG (gmm-est-fmllr:main():gmm-est-fmllr.cc:143) For speaker train_S4_3_2_14, auxf-impr from fMLLR is 0, over 110 frames.
WARNING (gmm-est-fmllr:Update():fmllr-diag-gmm.cc:162) Not updating fMLLR since below min-count: count is 112
LOG (gmm-est-fmllr:main():gmm-est-fmllr.cc:143) For speaker train_S4_3_2_16, auxf-impr from fMLLR is 0, over 112 frames.
WARNING (gmm-est-fmllr:Update():fmllr-diag-gmm.cc:162) Not updating fMLLR since below min-count: count is 100
LOG (gmm-est-fmllr:main():gmm-est-fmllr.cc:143) For speaker train_S4_3_2_18, auxf-impr from fMLLR is 0, over 100 frames.
WARNING (gmm-est-fmllr:Update():fmllr-diag-gmm.cc:162) Not updating fMLLR since below min-count: count is 107
LOG (gmm-est-fmllr:main():gmm-est-fmllr.cc:143) For speaker train_S4_3_2_20, auxf-impr from fMLLR is 0, over 107 frames.
WARNING (gmm-est-fmllr:Update():fmllr-diag-gmm.cc:162) Not updating fMLLR since below min-count: count is 112
LOG (gmm-est-fmllr:main():gmm-est-fmllr.cc:143) For speaker train_S4_3_3_12, auxf-impr from fMLLR is 0, over 112 frames.
WARNING (gmm-est-fmllr:Update():fmllr-diag-gmm.cc:162) Not updating fMLLR since below min-count: count is 110
LOG (gmm-est-fmllr:main():gmm-est-fmllr.cc:143) For speaker train_S4_3_3_14, auxf-impr from fMLLR is 0, over 110 frames.
WARNING (gmm-est-fmllr:Update():fmllr-diag-gmm.cc:162) Not updating fMLLR since below min-count: count is 112
LOG (gmm-est-fmllr:main():gmm-est-fmllr.cc:143) For speaker train_S4_3_3_16, auxf-impr from fMLLR is 0, over 112 frames.
WARNING (gmm-est-fmllr:Update():fmllr-diag-gmm.cc:162) Not updating fMLLR since below min-count: count is 100
LOG (gmm-est-fmllr:main():gmm-est-fmllr.cc:143) For speaker train_S4_3_3_18, auxf-impr from fMLLR is 0, over 100 frames.
WARNING (gmm-est-fmllr:Update():fmllr-diag-gmm.cc:162) Not updating fMLLR since below min-count: count is 106
LOG (gmm-est-fmllr:main():gmm-est-fmllr.cc:143) For speaker train_S4_3_3_20, auxf-impr from fMLLR is 0, over 106 frames.
WARNING (gmm-est-fmllr:Update():fmllr-diag-gmm.cc:162) Not updating fMLLR since below min-count: count is 112
LOG (gmm-est-fmllr:main():gmm-est-fmllr.cc:143) For speaker train_S4_3_4_12, auxf-impr from fMLLR is 0, over 112 frames.
WARNING (gmm-est-fmllr:Update():fmllr-diag-gmm.cc:162) Not updating fMLLR since below min-count: count is 110
LOG (gmm-est-fmllr:main():gmm-est-fmllr.cc:143) For speaker train_S4_3_4_14, auxf-impr from fMLLR is 0, over 110 frames.
WARNING (gmm-est-fmllr:Update():fmllr-diag-gmm.cc:162) Not updating fMLLR since below min-count: count is 112
LOG (gmm-est-fmllr:main():gmm-est-fmllr.cc:143) For speaker train_S4_3_4_16, auxf-impr from fMLLR is 0, over 112 frames.
WARNING (gmm-est-fmllr:Update():fmllr-diag-gmm.cc:162) Not updating fMLLR since below min-count: count is 100
LOG (gmm-est-fmllr:main():gmm-est-fmllr.cc:143) For speaker train_S4_3_4_18, auxf-impr from fMLLR is 0, over 100 frames.
WARNING (gmm-est-fmllr:Update():fmllr-diag-gmm.cc:162) Not updating fMLLR since below min-count: count is 106
LOG (gmm-est-fmllr:main():gmm-est-fmllr.cc:143) For speaker train_S4_3_4_20, auxf-impr from fMLLR is 0, over 106 frames.
WARNING (gmm-est-fmllr:Update():fmllr-diag-gmm.cc:162) Not updating fMLLR since below min-count: count is 111
LOG (gmm-est-fmllr:main():gmm-est-fmllr.cc:143) For speaker train_S4_3_5_12, auxf-impr from fMLLR is 0, over 111 frames.
WARNING (gmm-est-fmllr:Update():fmllr-diag-gmm.cc:162) Not updating fMLLR since below min-count: count is 110
LOG (gmm-est-fmllr:main():gmm-est-fmllr.cc:143) For speaker train_S4_3_5_14, auxf-impr from fMLLR is 0, over 110 frames.
WARNING (gmm-est-fmllr:Update():fmllr-diag-gmm.cc:162) Not updating fMLLR since below min-count: count is 112
LOG (gmm-est-fmllr:main():gmm-est-fmllr.cc:143) For speaker train_S4_3_5_16, auxf-impr from fMLLR is 0, over 112 frames.
WARNING (gmm-est-fmllr:Update():fmllr-diag-gmm.cc:162) Not updating fMLLR since below min-count: count is 99
LOG (gmm-est-fmllr:main():gmm-est-fmllr.cc:143) For speaker train_S4_3_5_18, auxf-impr from fMLLR is 0, over 99 frames.
WARNING (gmm-est-fmllr:Update():fmllr-diag-gmm.cc:162) Not updating fMLLR since below min-count: count is 107
LOG (gmm-est-fmllr:main():gmm-est-fmllr.cc:143) For speaker train_S4_3_5_20, auxf-impr from fMLLR is 0, over 107 frames.
WARNING (gmm-est-fmllr:Update():fmllr-diag-gmm.cc:162) Not updating fMLLR since below min-count: count is 111
LOG (gmm-est-fmllr:main():gmm-est-fmllr.cc:143) For speaker train_S4_3_6_12, auxf-impr from fMLLR is 0, over 111 frames.
WARNING (gmm-est-fmllr:Update():fmllr-diag-gmm.cc:162) Not updating fMLLR since below min-count: count is 110
LOG (gmm-est-fmllr:main():gmm-est-fmllr.cc:143) For speaker train_S4_3_6_14, auxf-impr from fMLLR is 0, over 110 frames.
WARNING (gmm-est-fmllr:Update():fmllr-diag-gmm.cc:162) Not updating fMLLR since below min-count: count is 112
LOG (gmm-est-fmllr:main():gmm-est-fmllr.cc:143) For speaker train_S4_3_6_16, auxf-impr from fMLLR is 0, over 112 frames.
WARNING (gmm-est-fmllr:Update():fmllr-diag-gmm.cc:162) Not updating fMLLR since below min-count: count is 99
LOG (gmm-est-fmllr:main():gmm-est-fmllr.cc:143) For speaker train_S4_3_6_18, auxf-impr from fMLLR is 0, over 99 frames.
WARNING (gmm-est-fmllr:Update():fmllr-diag-gmm.cc:162) Not updating fMLLR since below min-count: count is 107
LOG (gmm-est-fmllr:main():gmm-est-fmllr.cc:143) For speaker train_S4_3_6_20, auxf-impr from fMLLR is 0, over 107 frames.
WARNING (gmm-est-fmllr:Update():fmllr-diag-gmm.cc:162) Not updating fMLLR since below min-count: count is 111
LOG (gmm-est-fmllr:main():gmm-est-fmllr.cc:143) For speaker train_S4_3_7_12, auxf-impr from fMLLR is 0, over 111 frames.
WARNING (gmm-est-fmllr:Update():fmllr-diag-gmm.cc:162) Not updating fMLLR since below min-count: count is 109
LOG (gmm-est-fmllr:main():gmm-est-fmllr.cc:143) For speaker train_S4_3_7_14, auxf-impr from fMLLR is 0, over 109 frames.
WARNING (gmm-est-fmllr:Update():fmllr-diag-gmm.cc:162) Not updating fMLLR since below min-count: count is 112
LOG (gmm-est-fmllr:main():gmm-est-fmllr.cc:143) For speaker train_S4_3_7_16, auxf-impr from fMLLR is 0, over 112 frames.
WARNING (gmm-est-fmllr:Update():fmllr-diag-gmm.cc:162) Not updating fMLLR since below min-count: count is 98
LOG (gmm-est-fmllr:main():gmm-est-fmllr.cc:143) For speaker train_S4_3_7_18, auxf-impr from fMLLR is 0, over 98 frames.
WARNING (gmm-est-fmllr:Update():fmllr-diag-gmm.cc:162) Not updating fMLLR since below min-count: count is 107
LOG (gmm-est-fmllr:main():gmm-est-fmllr.cc:143) For speaker train_S4_3_7_20, auxf-impr from fMLLR is 0, over 107 frames.
WARNING (gmm-est-fmllr:Update():fmllr-diag-gmm.cc:162) Not updating fMLLR since below min-count: count is 157
LOG (gmm-est-fmllr:main():gmm-est-fmllr.cc:143) For speaker train_S4_4_1_12, auxf-impr from fMLLR is 0, over 157 frames.
WARNING (gmm-est-fmllr:Update():fmllr-diag-gmm.cc:162) Not updating fMLLR since below min-count: count is 153
LOG (gmm-est-fmllr:main():gmm-est-fmllr.cc:143) For speaker train_S4_4_1_14, auxf-impr from fMLLR is 0, over 153 frames.
WARNING (gmm-est-fmllr:Update():fmllr-diag-gmm.cc:162) Not updating fMLLR since below min-count: count is 157
LOG (gmm-est-fmllr:main():gmm-est-fmllr.cc:143) For speaker train_S4_4_1_16, auxf-impr from fMLLR is 0, over 157 frames.
WARNING (gmm-est-fmllr:Update():fmllr-diag-gmm.cc:162) Not updating fMLLR since below min-count: count is 140
LOG (gmm-est-fmllr:main():gmm-est-fmllr.cc:143) For speaker train_S4_4_1_18, auxf-impr from fMLLR is 0, over 140 frames.
WARNING (gmm-est-fmllr:Update():fmllr-diag-gmm.cc:162) Not updating fMLLR since below min-count: count is 150
LOG (gmm-est-fmllr:main():gmm-est-fmllr.cc:143) For speaker train_S4_4_1_20, auxf-impr from fMLLR is 0, over 150 frames.
WARNING (gmm-est-fmllr:Update():fmllr-diag-gmm.cc:162) Not updating fMLLR since below min-count: count is 157
LOG (gmm-est-fmllr:main():gmm-est-fmllr.cc:143) For speaker train_S4_4_2_12, auxf-impr from fMLLR is 0, over 157 frames.
WARNING (gmm-est-fmllr:Update():fmllr-diag-gmm.cc:162) Not updating fMLLR since below min-count: count is 153
LOG (gmm-est-fmllr:main():gmm-est-fmllr.cc:143) For speaker train_S4_4_2_14, auxf-impr from fMLLR is 0, over 153 frames.
WARNING (gmm-est-fmllr:Update():fmllr-diag-gmm.cc:162) Not updating fMLLR since below min-count: count is 157
LOG (gmm-est-fmllr:main():gmm-est-fmllr.cc:143) For speaker train_S4_4_2_16, auxf-impr from fMLLR is 0, over 157 frames.
WARNING (gmm-est-fmllr:Update():fmllr-diag-gmm.cc:162) Not updating fMLLR since below min-count: count is 140
LOG (gmm-est-fmllr:main():gmm-est-fmllr.cc:143) For speaker train_S4_4_2_18, auxf-impr from fMLLR is 0, over 140 frames.
WARNING (gmm-est-fmllr:Update():fmllr-diag-gmm.cc:162) Not updating fMLLR since below min-count: count is 150
LOG (gmm-est-fmllr:main():gmm-est-fmllr.cc:143) For speaker train_S4_4_2_20, auxf-impr from fMLLR is 0, over 150 frames.
WARNING (gmm-est-fmllr:Update():fmllr-diag-gmm.cc:162) Not updating fMLLR since below min-count: count is 157
LOG (gmm-est-fmllr:main():gmm-est-fmllr.cc:143) For speaker train_S4_4_3_12, auxf-impr from fMLLR is 0, over 157 frames.
WARNING (gmm-est-fmllr:Update():fmllr-diag-gmm.cc:162) Not updating fMLLR since below min-count: count is 153
LOG (gmm-est-fmllr:main():gmm-est-fmllr.cc:143) For speaker train_S4_4_3_14, auxf-impr from fMLLR is 0, over 153 frames.
WARNING (gmm-est-fmllr:Update():fmllr-diag-gmm.cc:162) Not updating fMLLR since below min-count: count is 157
LOG (gmm-est-fmllr:main():gmm-est-fmllr.cc:143) For speaker train_S4_4_3_16, auxf-impr from fMLLR is 0, over 157 frames.
WARNING (gmm-est-fmllr:Update():fmllr-diag-gmm.cc:162) Not updating fMLLR since below min-count: count is 140
LOG (gmm-est-fmllr:main():gmm-est-fmllr.cc:143) For speaker train_S4_4_3_18, auxf-impr from fMLLR is 0, over 140 frames.
WARNING (gmm-est-fmllr:Update():fmllr-diag-gmm.cc:162) Not updating fMLLR since below min-count: count is 150
LOG (gmm-est-fmllr:main():gmm-est-fmllr.cc:143) For speaker train_S4_4_3_20, auxf-impr from fMLLR is 0, over 150 frames.
WARNING (gmm-est-fmllr:Update():fmllr-diag-gmm.cc:162) Not updating fMLLR since below min-count: count is 156
LOG (gmm-est-fmllr:main():gmm-est-fmllr.cc:143) For speaker train_S4_4_4_12, auxf-impr from fMLLR is 0, over 156 frames.
WARNING (gmm-est-fmllr:Update():fmllr-diag-gmm.cc:162) Not updating fMLLR since below min-count: count is 153
LOG (gmm-est-fmllr:main():gmm-est-fmllr.cc:143) For speaker train_S4_4_4_14, auxf-impr from fMLLR is 0, over 153 frames.
WARNING (gmm-est-fmllr:Update():fmllr-diag-gmm.cc:162) Not updating fMLLR since below min-count: count is 157
LOG (gmm-est-fmllr:main():gmm-est-fmllr.cc:143) For speaker train_S4_4_4_16, auxf-impr from fMLLR is 0, over 157 frames.
WARNING (gmm-est-fmllr:Update():fmllr-diag-gmm.cc:162) Not updating fMLLR since below min-count: count is 140
LOG (gmm-est-fmllr:main():gmm-est-fmllr.cc:143) For speaker train_S4_4_4_18, auxf-impr from fMLLR is 0, over 140 frames.
WARNING (gmm-est-fmllr:Update():fmllr-diag-gmm.cc:162) Not updating fMLLR since below min-count: count is 150
LOG (gmm-est-fmllr:main():gmm-est-fmllr.cc:143) For speaker train_S4_4_4_20, auxf-impr from fMLLR is 0, over 150 frames.
WARNING (gmm-est-fmllr:Update():fmllr-diag-gmm.cc:162) Not updating fMLLR since below min-count: count is 157
LOG (gmm-est-fmllr:main():gmm-est-fmllr.cc:143) For speaker train_S4_4_5_12, auxf-impr from fMLLR is 0, over 157 frames.
WARNING (gmm-est-fmllr:Update():fmllr-diag-gmm.cc:162) Not updating fMLLR since below min-count: count is 153
LOG (gmm-est-fmllr:main():gmm-est-fmllr.cc:143) For speaker train_S4_4_5_14, auxf-impr from fMLLR is 0, over 153 frames.
WARNING (gmm-est-fmllr:Update():fmllr-diag-gmm.cc:162) Not updating fMLLR since below min-count: count is 157
LOG (gmm-est-fmllr:main():gmm-est-fmllr.cc:143) For speaker train_S4_4_5_16, auxf-impr from fMLLR is 0, over 157 frames.
WARNING (gmm-est-fmllr:Update():fmllr-diag-gmm.cc:162) Not updating fMLLR since below min-count: count is 140
LOG (gmm-est-fmllr:main():gmm-est-fmllr.cc:143) For speaker train_S4_4_5_18, auxf-impr from fMLLR is 0, over 140 frames.
WARNING (gmm-est-fmllr:Update():fmllr-diag-gmm.cc:162) Not updating fMLLR since below min-count: count is 150
LOG (gmm-est-fmllr:main():gmm-est-fmllr.cc:143) For speaker train_S4_4_5_20, auxf-impr from fMLLR is 0, over 150 frames.
WARNING (gmm-est-fmllr:Update():fmllr-diag-gmm.cc:162) Not updating fMLLR since below min-count: count is 156
LOG (gmm-est-fmllr:main():gmm-est-fmllr.cc:143) For speaker train_S4_4_6_12, auxf-impr from fMLLR is 0, over 156 frames.
WARNING (gmm-est-fmllr:Update():fmllr-diag-gmm.cc:162) Not updating fMLLR since below min-count: count is 153
LOG (gmm-est-fmllr:main():gmm-est-fmllr.cc:143) For speaker train_S4_4_6_14, auxf-impr from fMLLR is 0, over 153 frames.
WARNING (gmm-est-fmllr:Update():fmllr-diag-gmm.cc:162) Not updating fMLLR since below min-count: count is 157
LOG (gmm-est-fmllr:main():gmm-est-fmllr.cc:143) For speaker train_S4_4_6_16, auxf-impr from fMLLR is 0, over 157 frames.
WARNING (gmm-est-fmllr:Update():fmllr-diag-gmm.cc:162) Not updating fMLLR since below min-count: count is 140
LOG (gmm-est-fmllr:main():gmm-est-fmllr.cc:143) For speaker train_S4_4_6_18, auxf-impr from fMLLR is 0, over 140 frames.
WARNING (gmm-est-fmllr:Update():fmllr-diag-gmm.cc:162) Not updating fMLLR since below min-count: count is 150
LOG (gmm-est-fmllr:main():gmm-est-fmllr.cc:143) For speaker train_S4_4_6_20, auxf-impr from fMLLR is 0, over 150 frames.
WARNING (gmm-est-fmllr:Update():fmllr-diag-gmm.cc:162) Not updating fMLLR since below min-count: count is 156
LOG (gmm-est-fmllr:main():gmm-est-fmllr.cc:143) For speaker train_S4_4_7_12, auxf-impr from fMLLR is 0, over 156 frames.
WARNING (gmm-est-fmllr:Update():fmllr-diag-gmm.cc:162) Not updating fMLLR since below min-count: count is 153
LOG (gmm-est-fmllr:main():gmm-est-fmllr.cc:143) For speaker train_S4_4_7_14, auxf-impr from fMLLR is 0, over 153 frames.
WARNING (gmm-est-fmllr:Update():fmllr-diag-gmm.cc:162) Not updating fMLLR since below min-count: count is 157
LOG (gmm-est-fmllr:main():gmm-est-fmllr.cc:143) For speaker train_S4_4_7_16, auxf-impr from fMLLR is 0, over 157 frames.
WARNING (gmm-est-fmllr:Update():fmllr-diag-gmm.cc:162) Not updating fMLLR since below min-count: count is 140
LOG (gmm-est-fmllr:main():gmm-est-fmllr.cc:143) For speaker train_S4_4_7_18, auxf-impr from fMLLR is 0, over 140 frames.
WARNING (gmm-est-fmllr:Update():fmllr-diag-gmm.cc:162) Not updating fMLLR since below min-count: count is 150
LOG (gmm-est-fmllr:main():gmm-est-fmllr.cc:143) For speaker train_S4_4_7_20, auxf-impr from fMLLR is 0, over 150 frames.
LOG (ali-to-post:main():ali-to-post.cc:65) Converted 242 alignments.
WARNING (gmm-est-fmllr:Update():fmllr-diag-gmm.cc:162) Not updating fMLLR since below min-count: count is 99
LOG (gmm-est-fmllr:main():gmm-est-fmllr.cc:143) For speaker train_S4_5_1_12, auxf-impr from fMLLR is 0, over 99 frames.
WARNING (gmm-est-fmllr:Update():fmllr-diag-gmm.cc:162) Not updating fMLLR since below min-count: count is 98
LOG (gmm-est-fmllr:main():gmm-est-fmllr.cc:143) For speaker train_S4_5_1_14, auxf-impr from fMLLR is 0, over 98 frames.
WARNING (gmm-est-fmllr:Update():fmllr-diag-gmm.cc:162) Not updating fMLLR since below min-count: count is 99
LOG (gmm-est-fmllr:main():gmm-est-fmllr.cc:143) For speaker train_S4_5_1_16, auxf-impr from fMLLR is 0, over 99 frames.
WARNING (gmm-est-fmllr:Update():fmllr-diag-gmm.cc:162) Not updating fMLLR since below min-count: count is 88
LOG (gmm-est-fmllr:main():gmm-est-fmllr.cc:143) For speaker train_S4_5_1_18, auxf-impr from fMLLR is 0, over 88 frames.
WARNING (gmm-est-fmllr:Update():fmllr-diag-gmm.cc:162) Not updating fMLLR since below min-count: count is 95
LOG (gmm-est-fmllr:main():gmm-est-fmllr.cc:143) For speaker train_S4_5_1_20, auxf-impr from fMLLR is 0, over 95 frames.
WARNING (gmm-est-fmllr:Update():fmllr-diag-gmm.cc:162) Not updating fMLLR since below min-count: count is 99
LOG (gmm-est-fmllr:main():gmm-est-fmllr.cc:143) For speaker train_S4_5_2_12, auxf-impr from fMLLR is 0, over 99 frames.
WARNING (gmm-est-fmllr:Update():fmllr-diag-gmm.cc:162) Not updating fMLLR since below min-count: count is 98
LOG (gmm-est-fmllr:main():gmm-est-fmllr.cc:143) For speaker train_S4_5_2_14, auxf-impr from fMLLR is 0, over 98 frames.
WARNING (gmm-est-fmllr:Update():fmllr-diag-gmm.cc:162) Not updating fMLLR since below min-count: count is 99
LOG (gmm-est-fmllr:main():gmm-est-fmllr.cc:143) For speaker train_S4_5_2_16, auxf-impr from fMLLR is 0, over 99 frames.
WARNING (gmm-est-fmllr:Update():fmllr-diag-gmm.cc:162) Not updating fMLLR since below min-count: count is 88
LOG (gmm-est-fmllr:main():gmm-est-fmllr.cc:143) For speaker train_S4_5_2_18, auxf-impr from fMLLR is 0, over 88 frames.
WARNING (gmm-est-fmllr:Update():fmllr-diag-gmm.cc:162) Not updating fMLLR since below min-count: count is 96
LOG (gmm-est-fmllr:main():gmm-est-fmllr.cc:143) For speaker train_S4_5_2_20, auxf-impr from fMLLR is 0, over 96 frames.
WARNING (gmm-est-fmllr:Update():fmllr-diag-gmm.cc:162) Not updating fMLLR since below min-count: count is 99
LOG (gmm-est-fmllr:main():gmm-est-fmllr.cc:143) For speaker train_S4_5_3_12, auxf-impr from fMLLR is 0, over 99 frames.
WARNING (gmm-est-fmllr:Update():fmllr-diag-gmm.cc:162) Not updating fMLLR since below min-count: count is 98
LOG (gmm-est-fmllr:main():gmm-est-fmllr.cc:143) For speaker train_S4_5_3_14, auxf-impr from fMLLR is 0, over 98 frames.
WARNING (gmm-est-fmllr:Update():fmllr-diag-gmm.cc:162) Not updating fMLLR since below min-count: count is 99
LOG (gmm-est-fmllr:main():gmm-est-fmllr.cc:143) For speaker train_S4_5_3_16, auxf-impr from fMLLR is 0, over 99 frames.
WARNING (gmm-est-fmllr:Update():fmllr-diag-gmm.cc:162) Not updating fMLLR since below min-count: count is 88
LOG (gmm-est-fmllr:main():gmm-est-fmllr.cc:143) For speaker train_S4_5_3_18, auxf-impr from fMLLR is 0, over 88 frames.
WARNING (gmm-est-fmllr:Update():fmllr-diag-gmm.cc:162) Not updating fMLLR since below min-count: count is 96
LOG (gmm-est-fmllr:main():gmm-est-fmllr.cc:143) For speaker train_S4_5_3_20, auxf-impr from fMLLR is 0, over 96 frames.
WARNING (gmm-est-fmllr:Update():fmllr-diag-gmm.cc:162) Not updating fMLLR since below min-count: count is 99
LOG (gmm-est-fmllr:main():gmm-est-fmllr.cc:143) For speaker train_S4_5_4_12, auxf-impr from fMLLR is 0, over 99 frames.
WARNING (gmm-est-fmllr:Update():fmllr-diag-gmm.cc:162) Not updating fMLLR since below min-count: count is 98
LOG (gmm-est-fmllr:main():gmm-est-fmllr.cc:143) For speaker train_S4_5_4_14, auxf-impr from fMLLR is 0, over 98 frames.
WARNING (gmm-est-fmllr:Update():fmllr-diag-gmm.cc:162) Not updating fMLLR since below min-count: count is 99
LOG (gmm-est-fmllr:main():gmm-est-fmllr.cc:143) For speaker train_S4_5_4_16, auxf-impr from fMLLR is 0, over 99 frames.
WARNING (gmm-est-fmllr:Update():fmllr-diag-gmm.cc:162) Not updating fMLLR since below min-count: count is 88
LOG (gmm-est-fmllr:main():gmm-est-fmllr.cc:143) For speaker train_S4_5_4_18, auxf-impr from fMLLR is 0, over 88 frames.
WARNING (gmm-est-fmllr:Update():fmllr-diag-gmm.cc:162) Not updating fMLLR since below min-count: count is 96
LOG (gmm-est-fmllr:main():gmm-est-fmllr.cc:143) For speaker train_S4_5_4_20, auxf-impr from fMLLR is 0, over 96 frames.
WARNING (gmm-est-fmllr:Update():fmllr-diag-gmm.cc:162) Not updating fMLLR since below min-count: count is 99
LOG (gmm-est-fmllr:main():gmm-est-fmllr.cc:143) For speaker train_S4_5_5_12, auxf-impr from fMLLR is 0, over 99 frames.
WARNING (gmm-est-fmllr:Update():fmllr-diag-gmm.cc:162) Not updating fMLLR since below min-count: count is 98
LOG (gmm-est-fmllr:main():gmm-est-fmllr.cc:143) For speaker train_S4_5_5_14, auxf-impr from fMLLR is 0, over 98 frames.
WARNING (gmm-est-fmllr:Update():fmllr-diag-gmm.cc:162) Not updating fMLLR since below min-count: count is 99
LOG (gmm-est-fmllr:main():gmm-est-fmllr.cc:143) For speaker train_S4_5_5_16, auxf-impr from fMLLR is 0, over 99 frames.
WARNING (gmm-est-fmllr:Update():fmllr-diag-gmm.cc:162) Not updating fMLLR since below min-count: count is 88
LOG (gmm-est-fmllr:main():gmm-est-fmllr.cc:143) For speaker train_S4_5_5_18, auxf-impr from fMLLR is 0, over 88 frames.
WARNING (gmm-est-fmllr:Update():fmllr-diag-gmm.cc:162) Not updating fMLLR since below min-count: count is 96
LOG (gmm-est-fmllr:main():gmm-est-fmllr.cc:143) For speaker train_S4_5_5_20, auxf-impr from fMLLR is 0, over 96 frames.
WARNING (gmm-est-fmllr:Update():fmllr-diag-gmm.cc:162) Not updating fMLLR since below min-count: count is 99
LOG (gmm-est-fmllr:main():gmm-est-fmllr.cc:143) For speaker train_S4_5_6_12, auxf-impr from fMLLR is 0, over 99 frames.
LOG (weight-silence-post:main():weight-silence-post.cc:95) Done 242 posteriors.
WARNING (gmm-est-fmllr:Update():fmllr-diag-gmm.cc:162) Not updating fMLLR since below min-count: count is 98
LOG (gmm-est-fmllr:main():gmm-est-fmllr.cc:143) For speaker train_S4_5_6_14, auxf-impr from fMLLR is 0, over 98 frames.
WARNING (gmm-est-fmllr:Update():fmllr-diag-gmm.cc:162) Not updating fMLLR since below min-count: count is 99
LOG (gmm-est-fmllr:main():gmm-est-fmllr.cc:143) For speaker train_S4_5_6_16, auxf-impr from fMLLR is 0, over 99 frames.
WARNING (gmm-est-fmllr:Update():fmllr-diag-gmm.cc:162) Not updating fMLLR since below min-count: count is 88
LOG (gmm-est-fmllr:main():gmm-est-fmllr.cc:143) For speaker train_S4_5_6_18, auxf-impr from fMLLR is 0, over 88 frames.
WARNING (gmm-est-fmllr:Update():fmllr-diag-gmm.cc:162) Not updating fMLLR since below min-count: count is 96
LOG (gmm-est-fmllr:main():gmm-est-fmllr.cc:143) For speaker train_S4_5_6_20, auxf-impr from fMLLR is 0, over 96 frames.
WARNING (gmm-est-fmllr:Update():fmllr-diag-gmm.cc:162) Not updating fMLLR since below min-count: count is 99
LOG (gmm-est-fmllr:main():gmm-est-fmllr.cc:143) For speaker train_S4_5_7_12, auxf-impr from fMLLR is 0, over 99 frames.
WARNING (gmm-est-fmllr:Update():fmllr-diag-gmm.cc:162) Not updating fMLLR since below min-count: count is 98
LOG (gmm-est-fmllr:main():gmm-est-fmllr.cc:143) For speaker train_S4_5_7_14, auxf-impr from fMLLR is 0, over 98 frames.
WARNING (gmm-est-fmllr:Update():fmllr-diag-gmm.cc:162) Not updating fMLLR since below min-count: count is 99
LOG (gmm-est-fmllr:main():gmm-est-fmllr.cc:143) For speaker train_S4_5_7_16, auxf-impr from fMLLR is 0, over 99 frames.
WARNING (gmm-est-fmllr:Update():fmllr-diag-gmm.cc:162) Not updating fMLLR since below min-count: count is 88
LOG (gmm-est-fmllr:main():gmm-est-fmllr.cc:143) For speaker train_S4_5_7_18, auxf-impr from fMLLR is 0, over 88 frames.
WARNING (gmm-est-fmllr:Update():fmllr-diag-gmm.cc:162) Not updating fMLLR since below min-count: count is 95
LOG (gmm-est-fmllr:main():gmm-est-fmllr.cc:143) For speaker train_S4_5_7_20, auxf-impr from fMLLR is 0, over 95 frames.
WARNING (gmm-est-fmllr:Update():fmllr-diag-gmm.cc:162) Not updating fMLLR since below min-count: count is 109
LOG (gmm-est-fmllr:main():gmm-est-fmllr.cc:143) For speaker train_S4_6_1_12, auxf-impr from fMLLR is 0, over 109 frames.
WARNING (gmm-est-fmllr:Update():fmllr-diag-gmm.cc:162) Not updating fMLLR since below min-count: count is 107
LOG (gmm-est-fmllr:main():gmm-est-fmllr.cc:143) For speaker train_S4_6_1_14, auxf-impr from fMLLR is 0, over 107 frames.
WARNING (gmm-est-fmllr:Update():fmllr-diag-gmm.cc:162) Not updating fMLLR since below min-count: count is 109
LOG (gmm-est-fmllr:main():gmm-est-fmllr.cc:143) For speaker train_S4_6_1_16, auxf-impr from fMLLR is 0, over 109 frames.
WARNING (gmm-est-fmllr:Update():fmllr-diag-gmm.cc:162) Not updating fMLLR since below min-count: count is 97
LOG (gmm-est-fmllr:main():gmm-est-fmllr.cc:143) For speaker train_S4_6_1_18, auxf-impr from fMLLR is 0, over 97 frames.
WARNING (gmm-est-fmllr:Update():fmllr-diag-gmm.cc:162) Not updating fMLLR since below min-count: count is 104
LOG (gmm-est-fmllr:main():gmm-est-fmllr.cc:143) For speaker train_S4_6_1_20, auxf-impr from fMLLR is 0, over 104 frames.
WARNING (gmm-est-fmllr:Update():fmllr-diag-gmm.cc:162) Not updating fMLLR since below min-count: count is 109
LOG (gmm-est-fmllr:main():gmm-est-fmllr.cc:143) For speaker train_S4_6_2_12, auxf-impr from fMLLR is 0, over 109 frames.
WARNING (gmm-est-fmllr:Update():fmllr-diag-gmm.cc:162) Not updating fMLLR since below min-count: count is 107
LOG (gmm-est-fmllr:main():gmm-est-fmllr.cc:143) For speaker train_S4_6_2_14, auxf-impr from fMLLR is 0, over 107 frames.
WARNING (gmm-est-fmllr:Update():fmllr-diag-gmm.cc:162) Not updating fMLLR since below min-count: count is 109
LOG (gmm-est-fmllr:main():gmm-est-fmllr.cc:143) For speaker train_S4_6_2_16, auxf-impr from fMLLR is 0, over 109 frames.
WARNING (gmm-est-fmllr:Update():fmllr-diag-gmm.cc:162) Not updating fMLLR since below min-count: count is 97
LOG (gmm-est-fmllr:main():gmm-est-fmllr.cc:143) For speaker train_S4_6_2_18, auxf-impr from fMLLR is 0, over 97 frames.
WARNING (gmm-est-fmllr:Update():fmllr-diag-gmm.cc:162) Not updating fMLLR since below min-count: count is 104
LOG (gmm-est-fmllr:main():gmm-est-fmllr.cc:143) For speaker train_S4_6_2_20, auxf-impr from fMLLR is 0, over 104 frames.
WARNING (gmm-est-fmllr:Update():fmllr-diag-gmm.cc:162) Not updating fMLLR since below min-count: count is 109
LOG (gmm-est-fmllr:main():gmm-est-fmllr.cc:143) For speaker train_S4_6_3_12, auxf-impr from fMLLR is 0, over 109 frames.
LOG (apply-cmvn:main():apply-cmvn.cc:146) Applied cepstral mean normalization to 242 utterances, errors on 0
WARNING (gmm-est-fmllr:Update():fmllr-diag-gmm.cc:162) Not updating fMLLR since below min-count: count is 107
LOG (gmm-est-fmllr:main():gmm-est-fmllr.cc:143) For speaker train_S4_6_3_14, auxf-impr from fMLLR is 0, over 107 frames.
WARNING (gmm-est-fmllr:Update():fmllr-diag-gmm.cc:162) Not updating fMLLR since below min-count: count is 109
LOG (gmm-est-fmllr:main():gmm-est-fmllr.cc:143) For speaker train_S4_6_3_16, auxf-impr from fMLLR is 0, over 109 frames.
WARNING (gmm-est-fmllr:Update():fmllr-diag-gmm.cc:162) Not updating fMLLR since below min-count: count is 97
LOG (gmm-est-fmllr:main():gmm-est-fmllr.cc:143) For speaker train_S4_6_3_18, auxf-impr from fMLLR is 0, over 97 frames.
WARNING (gmm-est-fmllr:Update():fmllr-diag-gmm.cc:162) Not updating fMLLR since below min-count: count is 104
LOG (gmm-est-fmllr:main():gmm-est-fmllr.cc:143) For speaker train_S4_6_3_20, auxf-impr from fMLLR is 0, over 104 frames.
WARNING (gmm-est-fmllr:Update():fmllr-diag-gmm.cc:162) Not updating fMLLR since below min-count: count is 109
LOG (gmm-est-fmllr:main():gmm-est-fmllr.cc:143) For speaker train_S4_6_4_12, auxf-impr from fMLLR is 0, over 109 frames.
WARNING (gmm-est-fmllr:Update():fmllr-diag-gmm.cc:162) Not updating fMLLR since below min-count: count is 107
LOG (gmm-est-fmllr:main():gmm-est-fmllr.cc:143) For speaker train_S4_6_4_14, auxf-impr from fMLLR is 0, over 107 frames.
WARNING (gmm-est-fmllr:Update():fmllr-diag-gmm.cc:162) Not updating fMLLR since below min-count: count is 109
LOG (gmm-est-fmllr:main():gmm-est-fmllr.cc:143) For speaker train_S4_6_4_16, auxf-impr from fMLLR is 0, over 109 frames.
WARNING (gmm-est-fmllr:Update():fmllr-diag-gmm.cc:162) Not updating fMLLR since below min-count: count is 97
LOG (gmm-est-fmllr:main():gmm-est-fmllr.cc:143) For speaker train_S4_6_4_18, auxf-impr from fMLLR is 0, over 97 frames.
WARNING (gmm-est-fmllr:Update():fmllr-diag-gmm.cc:162) Not updating fMLLR since below min-count: count is 104
LOG (gmm-est-fmllr:main():gmm-est-fmllr.cc:143) For speaker train_S4_6_4_20, auxf-impr from fMLLR is 0, over 104 frames.
WARNING (gmm-est-fmllr:Update():fmllr-diag-gmm.cc:162) Not updating fMLLR since below min-count: count is 109
LOG (gmm-est-fmllr:main():gmm-est-fmllr.cc:143) For speaker train_S4_6_5_12, auxf-impr from fMLLR is 0, over 109 frames.
WARNING (gmm-est-fmllr:Update():fmllr-diag-gmm.cc:162) Not updating fMLLR since below min-count: count is 107
LOG (gmm-est-fmllr:main():gmm-est-fmllr.cc:143) For speaker train_S4_6_5_14, auxf-impr from fMLLR is 0, over 107 frames.
LOG (transform-feats:main():transform-feats.cc:158) Overall average logdet is 0 over 42294 frames.
LOG (transform-feats:main():transform-feats.cc:161) Applied transform to 242 utterances; 0 had errors.
WARNING (gmm-est-fmllr:Update():fmllr-diag-gmm.cc:162) Not updating fMLLR since below min-count: count is 109
LOG (gmm-est-fmllr:main():gmm-est-fmllr.cc:143) For speaker train_S4_6_5_16, auxf-impr from fMLLR is 0, over 109 frames.
WARNING (gmm-est-fmllr:Update():fmllr-diag-gmm.cc:162) Not updating fMLLR since below min-count: count is 97
LOG (gmm-est-fmllr:main():gmm-est-fmllr.cc:143) For speaker train_S4_6_5_18, auxf-impr from fMLLR is 0, over 97 frames.
WARNING (gmm-est-fmllr:Update():fmllr-diag-gmm.cc:162) Not updating fMLLR since below min-count: count is 104
LOG (gmm-est-fmllr:main():gmm-est-fmllr.cc:143) For speaker train_S4_6_5_20, auxf-impr from fMLLR is 0, over 104 frames.
LOG (gmm-est-fmllr:main():gmm-est-fmllr.cc:188) Done 242 files, 0 with no posts, 0 with other errors.
LOG (gmm-est-fmllr:main():gmm-est-fmllr.cc:190) Overall fMLLR auxf impr per frame is 0 over 25085 frames.
# Accounting: time=1 threads=1
# Ended (code 0) at Mon Feb 24 09:56:49 IST 2020, elapsed time 1 seconds
