# gmm-acc-stats-ali exp/mono2/9.mdl "ark,s,cs:apply-cmvn  --utt2spk=ark:data/train/split30/29/utt2spk scp:data/train/split30/29/cmvn.scp scp:data/train/split30/29/feats.scp ark:- | add-deltas  ark:- ark:- | transform-feats --utt2spk=ark:data/train/split30/29/utt2spk ark:exp/mono2/trans.29 ark:- ark:- |" "ark,s,cs:gunzip -c exp/mono2/ali.29.gz|" exp/mono2/9.29.acc 
# Started at Thu Feb 27 12:05:05 IST 2020
#
gmm-acc-stats-ali exp/mono2/9.mdl 'ark,s,cs:apply-cmvn  --utt2spk=ark:data/train/split30/29/utt2spk scp:data/train/split30/29/cmvn.scp scp:data/train/split30/29/feats.scp ark:- | add-deltas  ark:- ark:- | transform-feats --utt2spk=ark:data/train/split30/29/utt2spk ark:exp/mono2/trans.29 ark:- ark:- |' 'ark,s,cs:gunzip -c exp/mono2/ali.29.gz|' exp/mono2/9.29.acc 
apply-cmvn --utt2spk=ark:data/train/split30/29/utt2spk scp:data/train/split30/29/cmvn.scp scp:data/train/split30/29/feats.scp ark:- 
add-deltas ark:- ark:- 
transform-feats --utt2spk=ark:data/train/split30/29/utt2spk ark:exp/mono2/trans.29 ark:- ark:- 
LOG (gmm-acc-stats-ali:main():gmm-acc-stats-ali.cc:105) Processed 50 utterances; for utterance train_S8_7_5_20 avg. like is -88.1348 over 473 frames.
LOG (gmm-acc-stats-ali:main():gmm-acc-stats-ali.cc:105) Processed 100 utterances; for utterance train_S8_9_1_20 avg. like is -90.865 over 377 frames.
LOG (gmm-acc-stats-ali:main():gmm-acc-stats-ali.cc:105) Processed 150 utterances; for utterance train_S9_10_4_20 avg. like is -92.3851 over 386 frames.
LOG (gmm-acc-stats-ali:main():gmm-acc-stats-ali.cc:105) Processed 200 utterances; for utterance train_S9_11_7_20 avg. like is -92.3682 over 393 frames.
LOG (gmm-acc-stats-ali:main():gmm-acc-stats-ali.cc:105) Processed 250 utterances; for utterance train_S9_13_3_20 avg. like is -90.0731 over 423 frames.
LOG (apply-cmvn:main():apply-cmvn.cc:146) Applied cepstral mean normalization to 275 utterances, errors on 0
LOG (transform-feats:main():transform-feats.cc:158) Overall average logdet is 0 over 115094 frames.
LOG (transform-feats:main():transform-feats.cc:161) Applied transform to 275 utterances; 0 had errors.
LOG (gmm-acc-stats-ali:main():gmm-acc-stats-ali.cc:112) Done 275 files, 0 with errors.
LOG (gmm-acc-stats-ali:main():gmm-acc-stats-ali.cc:115) Overall avg like per frame (Gaussian only) = -91.4438 over 115094 frames.
LOG (gmm-acc-stats-ali:main():gmm-acc-stats-ali.cc:123) Written accs.
# Accounting: time=1 threads=1
# Ended (code 0) at Thu Feb 27 12:05:06 IST 2020, elapsed time 1 seconds
