# gmm-acc-stats-ali exp/mono2/3.mdl "ark,s,cs:apply-cmvn  --utt2spk=ark:data/train/split30/22/utt2spk scp:data/train/split30/22/cmvn.scp scp:data/train/split30/22/feats.scp ark:- | add-deltas  ark:- ark:- | transform-feats --utt2spk=ark:data/train/split30/22/utt2spk ark:exp/mono2/trans.22 ark:- ark:- |" "ark,s,cs:gunzip -c exp/mono2/ali.22.gz|" exp/mono2/3.22.acc 
# Started at Thu Feb 27 12:03:57 IST 2020
#
gmm-acc-stats-ali exp/mono2/3.mdl 'ark,s,cs:apply-cmvn  --utt2spk=ark:data/train/split30/22/utt2spk scp:data/train/split30/22/cmvn.scp scp:data/train/split30/22/feats.scp ark:- | add-deltas  ark:- ark:- | transform-feats --utt2spk=ark:data/train/split30/22/utt2spk ark:exp/mono2/trans.22 ark:- ark:- |' 'ark,s,cs:gunzip -c exp/mono2/ali.22.gz|' exp/mono2/3.22.acc 
transform-feats --utt2spk=ark:data/train/split30/22/utt2spk ark:exp/mono2/trans.22 ark:- ark:- 
apply-cmvn --utt2spk=ark:data/train/split30/22/utt2spk scp:data/train/split30/22/cmvn.scp scp:data/train/split30/22/feats.scp ark:- 
add-deltas ark:- ark:- 
LOG (gmm-acc-stats-ali:main():gmm-acc-stats-ali.cc:105) Processed 50 utterances; for utterance train_S4_12_5_14 avg. like is -95.5005 over 284 frames.
LOG (gmm-acc-stats-ali:main():gmm-acc-stats-ali.cc:105) Processed 100 utterances; for utterance train_S4_14_1_14 avg. like is -100.82 over 247 frames.
LOG (gmm-acc-stats-ali:main():gmm-acc-stats-ali.cc:105) Processed 150 utterances; for utterance train_S4_3_4_14 avg. like is -97.8888 over 291 frames.
LOG (gmm-acc-stats-ali:main():gmm-acc-stats-ali.cc:105) Processed 200 utterances; for utterance train_S4_4_7_14 avg. like is -94.9557 over 190 frames.
LOG (gmm-acc-stats-ali:main():gmm-acc-stats-ali.cc:105) Processed 250 utterances; for utterance train_S4_6_3_14 avg. like is -101.189 over 242 frames.
LOG (apply-cmvn:main():apply-cmvn.cc:146) Applied cepstral mean normalization to 276 utterances, errors on 0
LOG (transform-feats:main():transform-feats.cc:158) Overall average logdet is 0 over 66193 frames.
LOG (transform-feats:main():transform-feats.cc:161) Applied transform to 276 utterances; 0 had errors.
LOG (gmm-acc-stats-ali:main():gmm-acc-stats-ali.cc:112) Done 276 files, 0 with errors.
LOG (gmm-acc-stats-ali:main():gmm-acc-stats-ali.cc:115) Overall avg like per frame (Gaussian only) = -97.1838 over 66193 frames.
LOG (gmm-acc-stats-ali:main():gmm-acc-stats-ali.cc:123) Written accs.
# Accounting: time=0 threads=1
# Ended (code 0) at Thu Feb 27 12:03:57 IST 2020, elapsed time 0 seconds
