# ali-to-post "ark:gunzip -c exp/mono2/ali.17.gz|" ark:- | weight-silence-post 0.0 1 exp/mono2/4.mdl ark:- ark:- | gmm-est-fmllr --fmllr-update-type=full --spk2utt=ark:data/train/split30/17/spk2utt exp/mono2/4.mdl "ark,s,cs:apply-cmvn  --utt2spk=ark:data/train/split30/17/utt2spk scp:data/train/split30/17/cmvn.scp scp:data/train/split30/17/feats.scp ark:- | add-deltas  ark:- ark:- | transform-feats --utt2spk=ark:data/train/split30/17/utt2spk ark:exp/mono2/trans.17 ark:- ark:- |" ark:- ark:exp/mono2/tmp_trans.17 
# Started at Thu Feb 27 12:04:07 IST 2020
#
ali-to-post 'ark:gunzip -c exp/mono2/ali.17.gz|' ark:- 
gmm-est-fmllr --fmllr-update-type=full --spk2utt=ark:data/train/split30/17/spk2utt exp/mono2/4.mdl 'ark,s,cs:apply-cmvn  --utt2spk=ark:data/train/split30/17/utt2spk scp:data/train/split30/17/cmvn.scp scp:data/train/split30/17/feats.scp ark:- | add-deltas  ark:- ark:- | transform-feats --utt2spk=ark:data/train/split30/17/utt2spk ark:exp/mono2/trans.17 ark:- ark:- |' ark:- ark:exp/mono2/tmp_trans.17 
weight-silence-post 0.0 1 exp/mono2/4.mdl ark:- ark:- 
apply-cmvn --utt2spk=ark:data/train/split30/17/utt2spk scp:data/train/split30/17/cmvn.scp scp:data/train/split30/17/feats.scp ark:- 
transform-feats --utt2spk=ark:data/train/split30/17/utt2spk ark:exp/mono2/trans.17 ark:- ark:- 
add-deltas ark:- ark:- 
WARNING (gmm-est-fmllr:Update():fmllr-diag-gmm.cc:162) Not updating fMLLR since below min-count: count is 282
LOG (gmm-est-fmllr:main():gmm-est-fmllr.cc:143) For speaker train_S1_5_7_14, auxf-impr from fMLLR is 0, over 282 frames.
WARNING (gmm-est-fmllr:Update():fmllr-diag-gmm.cc:162) Not updating fMLLR since below min-count: count is 287
LOG (gmm-est-fmllr:main():gmm-est-fmllr.cc:143) For speaker train_S1_5_7_16, auxf-impr from fMLLR is 0, over 287 frames.
WARNING (gmm-est-fmllr:Update():fmllr-diag-gmm.cc:162) Not updating fMLLR since below min-count: count is 255
LOG (gmm-est-fmllr:main():gmm-est-fmllr.cc:143) For speaker train_S1_5_7_18, auxf-impr from fMLLR is 0, over 255 frames.
WARNING (gmm-est-fmllr:Update():fmllr-diag-gmm.cc:162) Not updating fMLLR since below min-count: count is 275
LOG (gmm-est-fmllr:main():gmm-est-fmllr.cc:143) For speaker train_S1_5_7_20, auxf-impr from fMLLR is 0, over 275 frames.
WARNING (gmm-est-fmllr:Update():fmllr-diag-gmm.cc:162) Not updating fMLLR since below min-count: count is 252
LOG (gmm-est-fmllr:main():gmm-est-fmllr.cc:143) For speaker train_S1_6_1_12, auxf-impr from fMLLR is 0, over 252 frames.
WARNING (gmm-est-fmllr:Update():fmllr-diag-gmm.cc:162) Not updating fMLLR since below min-count: count is 248
LOG (gmm-est-fmllr:main():gmm-est-fmllr.cc:143) For speaker train_S1_6_1_14, auxf-impr from fMLLR is 0, over 248 frames.
WARNING (gmm-est-fmllr:Update():fmllr-diag-gmm.cc:162) Not updating fMLLR since below min-count: count is 253
LOG (gmm-est-fmllr:main():gmm-est-fmllr.cc:143) For speaker train_S1_6_1_16, auxf-impr from fMLLR is 0, over 253 frames.
WARNING (gmm-est-fmllr:Update():fmllr-diag-gmm.cc:162) Not updating fMLLR since below min-count: count is 224
LOG (gmm-est-fmllr:main():gmm-est-fmllr.cc:143) For speaker train_S1_6_1_18, auxf-impr from fMLLR is 0, over 224 frames.
WARNING (gmm-est-fmllr:Update():fmllr-diag-gmm.cc:162) Not updating fMLLR since below min-count: count is 242
LOG (gmm-est-fmllr:main():gmm-est-fmllr.cc:143) For speaker train_S1_6_1_20, auxf-impr from fMLLR is 0, over 242 frames.
WARNING (gmm-est-fmllr:Update():fmllr-diag-gmm.cc:162) Not updating fMLLR since below min-count: count is 252
LOG (gmm-est-fmllr:main():gmm-est-fmllr.cc:143) For speaker train_S1_6_2_12, auxf-impr from fMLLR is 0, over 252 frames.
WARNING (gmm-est-fmllr:Update():fmllr-diag-gmm.cc:162) Not updating fMLLR since below min-count: count is 248
LOG (gmm-est-fmllr:main():gmm-est-fmllr.cc:143) For speaker train_S1_6_2_14, auxf-impr from fMLLR is 0, over 248 frames.
WARNING (gmm-est-fmllr:Update():fmllr-diag-gmm.cc:162) Not updating fMLLR since below min-count: count is 253
LOG (gmm-est-fmllr:main():gmm-est-fmllr.cc:143) For speaker train_S1_6_2_16, auxf-impr from fMLLR is 0, over 253 frames.
WARNING (gmm-est-fmllr:Update():fmllr-diag-gmm.cc:162) Not updating fMLLR since below min-count: count is 225
LOG (gmm-est-fmllr:main():gmm-est-fmllr.cc:143) For speaker train_S1_6_2_18, auxf-impr from fMLLR is 0, over 225 frames.
WARNING (gmm-est-fmllr:Update():fmllr-diag-gmm.cc:162) Not updating fMLLR since below min-count: count is 242
LOG (gmm-est-fmllr:main():gmm-est-fmllr.cc:143) For speaker train_S1_6_2_20, auxf-impr from fMLLR is 0, over 242 frames.
WARNING (gmm-est-fmllr:Update():fmllr-diag-gmm.cc:162) Not updating fMLLR since below min-count: count is 252
LOG (gmm-est-fmllr:main():gmm-est-fmllr.cc:143) For speaker train_S1_6_3_12, auxf-impr from fMLLR is 0, over 252 frames.
WARNING (gmm-est-fmllr:Update():fmllr-diag-gmm.cc:162) Not updating fMLLR since below min-count: count is 248
LOG (gmm-est-fmllr:main():gmm-est-fmllr.cc:143) For speaker train_S1_6_3_14, auxf-impr from fMLLR is 0, over 248 frames.
WARNING (gmm-est-fmllr:Update():fmllr-diag-gmm.cc:162) Not updating fMLLR since below min-count: count is 253
LOG (gmm-est-fmllr:main():gmm-est-fmllr.cc:143) For speaker train_S1_6_3_16, auxf-impr from fMLLR is 0, over 253 frames.
WARNING (gmm-est-fmllr:Update():fmllr-diag-gmm.cc:162) Not updating fMLLR since below min-count: count is 225
LOG (gmm-est-fmllr:main():gmm-est-fmllr.cc:143) For speaker train_S1_6_3_18, auxf-impr from fMLLR is 0, over 225 frames.
WARNING (gmm-est-fmllr:Update():fmllr-diag-gmm.cc:162) Not updating fMLLR since below min-count: count is 242
LOG (gmm-est-fmllr:main():gmm-est-fmllr.cc:143) For speaker train_S1_6_3_20, auxf-impr from fMLLR is 0, over 242 frames.
WARNING (gmm-est-fmllr:Update():fmllr-diag-gmm.cc:162) Not updating fMLLR since below min-count: count is 252
LOG (gmm-est-fmllr:main():gmm-est-fmllr.cc:143) For speaker train_S1_6_4_12, auxf-impr from fMLLR is 0, over 252 frames.
WARNING (gmm-est-fmllr:Update():fmllr-diag-gmm.cc:162) Not updating fMLLR since below min-count: count is 248
LOG (gmm-est-fmllr:main():gmm-est-fmllr.cc:143) For speaker train_S1_6_4_14, auxf-impr from fMLLR is 0, over 248 frames.
WARNING (gmm-est-fmllr:Update():fmllr-diag-gmm.cc:162) Not updating fMLLR since below min-count: count is 253
LOG (gmm-est-fmllr:main():gmm-est-fmllr.cc:143) For speaker train_S1_6_4_16, auxf-impr from fMLLR is 0, over 253 frames.
WARNING (gmm-est-fmllr:Update():fmllr-diag-gmm.cc:162) Not updating fMLLR since below min-count: count is 225
LOG (gmm-est-fmllr:main():gmm-est-fmllr.cc:143) For speaker train_S1_6_4_18, auxf-impr from fMLLR is 0, over 225 frames.
WARNING (gmm-est-fmllr:Update():fmllr-diag-gmm.cc:162) Not updating fMLLR since below min-count: count is 242
LOG (gmm-est-fmllr:main():gmm-est-fmllr.cc:143) For speaker train_S1_6_4_20, auxf-impr from fMLLR is 0, over 242 frames.
WARNING (gmm-est-fmllr:Update():fmllr-diag-gmm.cc:162) Not updating fMLLR since below min-count: count is 252
LOG (gmm-est-fmllr:main():gmm-est-fmllr.cc:143) For speaker train_S1_6_5_12, auxf-impr from fMLLR is 0, over 252 frames.
WARNING (gmm-est-fmllr:Update():fmllr-diag-gmm.cc:162) Not updating fMLLR since below min-count: count is 248
LOG (gmm-est-fmllr:main():gmm-est-fmllr.cc:143) For speaker train_S1_6_5_14, auxf-impr from fMLLR is 0, over 248 frames.
WARNING (gmm-est-fmllr:Update():fmllr-diag-gmm.cc:162) Not updating fMLLR since below min-count: count is 253
LOG (gmm-est-fmllr:main():gmm-est-fmllr.cc:143) For speaker train_S1_6_5_16, auxf-impr from fMLLR is 0, over 253 frames.
WARNING (gmm-est-fmllr:Update():fmllr-diag-gmm.cc:162) Not updating fMLLR since below min-count: count is 225
LOG (gmm-est-fmllr:main():gmm-est-fmllr.cc:143) For speaker train_S1_6_5_18, auxf-impr from fMLLR is 0, over 225 frames.
WARNING (gmm-est-fmllr:Update():fmllr-diag-gmm.cc:162) Not updating fMLLR since below min-count: count is 242
LOG (gmm-est-fmllr:main():gmm-est-fmllr.cc:143) For speaker train_S1_6_5_20, auxf-impr from fMLLR is 0, over 242 frames.
WARNING (gmm-est-fmllr:Update():fmllr-diag-gmm.cc:162) Not updating fMLLR since below min-count: count is 252
LOG (gmm-est-fmllr:main():gmm-est-fmllr.cc:143) For speaker train_S1_6_6_12, auxf-impr from fMLLR is 0, over 252 frames.
WARNING (gmm-est-fmllr:Update():fmllr-diag-gmm.cc:162) Not updating fMLLR since below min-count: count is 248
LOG (gmm-est-fmllr:main():gmm-est-fmllr.cc:143) For speaker train_S1_6_6_14, auxf-impr from fMLLR is 0, over 248 frames.
WARNING (gmm-est-fmllr:Update():fmllr-diag-gmm.cc:162) Not updating fMLLR since below min-count: count is 253
LOG (gmm-est-fmllr:main():gmm-est-fmllr.cc:143) For speaker train_S1_6_6_16, auxf-impr from fMLLR is 0, over 253 frames.
WARNING (gmm-est-fmllr:Update():fmllr-diag-gmm.cc:162) Not updating fMLLR since below min-count: count is 225
LOG (gmm-est-fmllr:main():gmm-est-fmllr.cc:143) For speaker train_S1_6_6_18, auxf-impr from fMLLR is 0, over 225 frames.
WARNING (gmm-est-fmllr:Update():fmllr-diag-gmm.cc:162) Not updating fMLLR since below min-count: count is 242
LOG (gmm-est-fmllr:main():gmm-est-fmllr.cc:143) For speaker train_S1_6_6_20, auxf-impr from fMLLR is 0, over 242 frames.
WARNING (gmm-est-fmllr:Update():fmllr-diag-gmm.cc:162) Not updating fMLLR since below min-count: count is 252
LOG (gmm-est-fmllr:main():gmm-est-fmllr.cc:143) For speaker train_S1_6_7_12, auxf-impr from fMLLR is 0, over 252 frames.
WARNING (gmm-est-fmllr:Update():fmllr-diag-gmm.cc:162) Not updating fMLLR since below min-count: count is 248
LOG (gmm-est-fmllr:main():gmm-est-fmllr.cc:143) For speaker train_S1_6_7_14, auxf-impr from fMLLR is 0, over 248 frames.
WARNING (gmm-est-fmllr:Update():fmllr-diag-gmm.cc:162) Not updating fMLLR since below min-count: count is 253
LOG (gmm-est-fmllr:main():gmm-est-fmllr.cc:143) For speaker train_S1_6_7_16, auxf-impr from fMLLR is 0, over 253 frames.
WARNING (gmm-est-fmllr:Update():fmllr-diag-gmm.cc:162) Not updating fMLLR since below min-count: count is 225
LOG (gmm-est-fmllr:main():gmm-est-fmllr.cc:143) For speaker train_S1_6_7_18, auxf-impr from fMLLR is 0, over 225 frames.
WARNING (gmm-est-fmllr:Update():fmllr-diag-gmm.cc:162) Not updating fMLLR since below min-count: count is 242
LOG (gmm-est-fmllr:main():gmm-est-fmllr.cc:143) For speaker train_S1_6_7_20, auxf-impr from fMLLR is 0, over 242 frames.
WARNING (gmm-est-fmllr:Update():fmllr-diag-gmm.cc:162) Not updating fMLLR since below min-count: count is 276
LOG (gmm-est-fmllr:main():gmm-est-fmllr.cc:143) For speaker train_S1_7_1_12, auxf-impr from fMLLR is 0, over 276 frames.
WARNING (gmm-est-fmllr:Update():fmllr-diag-gmm.cc:162) Not updating fMLLR since below min-count: count is 271
LOG (gmm-est-fmllr:main():gmm-est-fmllr.cc:143) For speaker train_S1_7_1_14, auxf-impr from fMLLR is 0, over 271 frames.
WARNING (gmm-est-fmllr:Update():fmllr-diag-gmm.cc:162) Not updating fMLLR since below min-count: count is 276
LOG (gmm-est-fmllr:main():gmm-est-fmllr.cc:143) For speaker train_S1_7_1_16, auxf-impr from fMLLR is 0, over 276 frames.
WARNING (gmm-est-fmllr:Update():fmllr-diag-gmm.cc:162) Not updating fMLLR since below min-count: count is 246
LOG (gmm-est-fmllr:main():gmm-est-fmllr.cc:143) For speaker train_S1_7_1_18, auxf-impr from fMLLR is 0, over 246 frames.
WARNING (gmm-est-fmllr:Update():fmllr-diag-gmm.cc:162) Not updating fMLLR since below min-count: count is 264
LOG (gmm-est-fmllr:main():gmm-est-fmllr.cc:143) For speaker train_S1_7_1_20, auxf-impr from fMLLR is 0, over 264 frames.
WARNING (gmm-est-fmllr:Update():fmllr-diag-gmm.cc:162) Not updating fMLLR since below min-count: count is 276
LOG (gmm-est-fmllr:main():gmm-est-fmllr.cc:143) For speaker train_S1_7_2_12, auxf-impr from fMLLR is 0, over 276 frames.
WARNING (gmm-est-fmllr:Update():fmllr-diag-gmm.cc:162) Not updating fMLLR since below min-count: count is 271
LOG (gmm-est-fmllr:main():gmm-est-fmllr.cc:143) For speaker train_S1_7_2_14, auxf-impr from fMLLR is 0, over 271 frames.
WARNING (gmm-est-fmllr:Update():fmllr-diag-gmm.cc:162) Not updating fMLLR since below min-count: count is 276
LOG (gmm-est-fmllr:main():gmm-est-fmllr.cc:143) For speaker train_S1_7_2_16, auxf-impr from fMLLR is 0, over 276 frames.
WARNING (gmm-est-fmllr:Update():fmllr-diag-gmm.cc:162) Not updating fMLLR since below min-count: count is 246
LOG (gmm-est-fmllr:main():gmm-est-fmllr.cc:143) For speaker train_S1_7_2_18, auxf-impr from fMLLR is 0, over 246 frames.
WARNING (gmm-est-fmllr:Update():fmllr-diag-gmm.cc:162) Not updating fMLLR since below min-count: count is 264
LOG (gmm-est-fmllr:main():gmm-est-fmllr.cc:143) For speaker train_S1_7_2_20, auxf-impr from fMLLR is 0, over 264 frames.
WARNING (gmm-est-fmllr:Update():fmllr-diag-gmm.cc:162) Not updating fMLLR since below min-count: count is 276
LOG (gmm-est-fmllr:main():gmm-est-fmllr.cc:143) For speaker train_S1_7_3_12, auxf-impr from fMLLR is 0, over 276 frames.
WARNING (gmm-est-fmllr:Update():fmllr-diag-gmm.cc:162) Not updating fMLLR since below min-count: count is 271
LOG (gmm-est-fmllr:main():gmm-est-fmllr.cc:143) For speaker train_S1_7_3_14, auxf-impr from fMLLR is 0, over 271 frames.
WARNING (gmm-est-fmllr:Update():fmllr-diag-gmm.cc:162) Not updating fMLLR since below min-count: count is 276
LOG (gmm-est-fmllr:main():gmm-est-fmllr.cc:143) For speaker train_S1_7_3_16, auxf-impr from fMLLR is 0, over 276 frames.
WARNING (gmm-est-fmllr:Update():fmllr-diag-gmm.cc:162) Not updating fMLLR since below min-count: count is 246
LOG (gmm-est-fmllr:main():gmm-est-fmllr.cc:143) For speaker train_S1_7_3_18, auxf-impr from fMLLR is 0, over 246 frames.
WARNING (gmm-est-fmllr:Update():fmllr-diag-gmm.cc:162) Not updating fMLLR since below min-count: count is 264
LOG (gmm-est-fmllr:main():gmm-est-fmllr.cc:143) For speaker train_S1_7_3_20, auxf-impr from fMLLR is 0, over 264 frames.
WARNING (gmm-est-fmllr:Update():fmllr-diag-gmm.cc:162) Not updating fMLLR since below min-count: count is 276
LOG (gmm-est-fmllr:main():gmm-est-fmllr.cc:143) For speaker train_S1_7_4_12, auxf-impr from fMLLR is 0, over 276 frames.
WARNING (gmm-est-fmllr:Update():fmllr-diag-gmm.cc:162) Not updating fMLLR since below min-count: count is 271
LOG (gmm-est-fmllr:main():gmm-est-fmllr.cc:143) For speaker train_S1_7_4_14, auxf-impr from fMLLR is 0, over 271 frames.
WARNING (gmm-est-fmllr:Update():fmllr-diag-gmm.cc:162) Not updating fMLLR since below min-count: count is 276
LOG (gmm-est-fmllr:main():gmm-est-fmllr.cc:143) For speaker train_S1_7_4_16, auxf-impr from fMLLR is 0, over 276 frames.
WARNING (gmm-est-fmllr:Update():fmllr-diag-gmm.cc:162) Not updating fMLLR since below min-count: count is 246
LOG (gmm-est-fmllr:main():gmm-est-fmllr.cc:143) For speaker train_S1_7_4_18, auxf-impr from fMLLR is 0, over 246 frames.
WARNING (gmm-est-fmllr:Update():fmllr-diag-gmm.cc:162) Not updating fMLLR since below min-count: count is 264
LOG (gmm-est-fmllr:main():gmm-est-fmllr.cc:143) For speaker train_S1_7_4_20, auxf-impr from fMLLR is 0, over 264 frames.
WARNING (gmm-est-fmllr:Update():fmllr-diag-gmm.cc:162) Not updating fMLLR since below min-count: count is 276
LOG (gmm-est-fmllr:main():gmm-est-fmllr.cc:143) For speaker train_S1_7_5_12, auxf-impr from fMLLR is 0, over 276 frames.
WARNING (gmm-est-fmllr:Update():fmllr-diag-gmm.cc:162) Not updating fMLLR since below min-count: count is 271
LOG (gmm-est-fmllr:main():gmm-est-fmllr.cc:143) For speaker train_S1_7_5_14, auxf-impr from fMLLR is 0, over 271 frames.
WARNING (gmm-est-fmllr:Update():fmllr-diag-gmm.cc:162) Not updating fMLLR since below min-count: count is 276
LOG (gmm-est-fmllr:main():gmm-est-fmllr.cc:143) For speaker train_S1_7_5_16, auxf-impr from fMLLR is 0, over 276 frames.
WARNING (gmm-est-fmllr:Update():fmllr-diag-gmm.cc:162) Not updating fMLLR since below min-count: count is 246
LOG (gmm-est-fmllr:main():gmm-est-fmllr.cc:143) For speaker train_S1_7_5_18, auxf-impr from fMLLR is 0, over 246 frames.
WARNING (gmm-est-fmllr:Update():fmllr-diag-gmm.cc:162) Not updating fMLLR since below min-count: count is 264
LOG (gmm-est-fmllr:main():gmm-est-fmllr.cc:143) For speaker train_S1_7_5_20, auxf-impr from fMLLR is 0, over 264 frames.
WARNING (gmm-est-fmllr:Update():fmllr-diag-gmm.cc:162) Not updating fMLLR since below min-count: count is 276
LOG (gmm-est-fmllr:main():gmm-est-fmllr.cc:143) For speaker train_S1_7_6_12, auxf-impr from fMLLR is 0, over 276 frames.
WARNING (gmm-est-fmllr:Update():fmllr-diag-gmm.cc:162) Not updating fMLLR since below min-count: count is 271
LOG (gmm-est-fmllr:main():gmm-est-fmllr.cc:143) For speaker train_S1_7_6_14, auxf-impr from fMLLR is 0, over 271 frames.
WARNING (gmm-est-fmllr:Update():fmllr-diag-gmm.cc:162) Not updating fMLLR since below min-count: count is 276
LOG (gmm-est-fmllr:main():gmm-est-fmllr.cc:143) For speaker train_S1_7_6_16, auxf-impr from fMLLR is 0, over 276 frames.
WARNING (gmm-est-fmllr:Update():fmllr-diag-gmm.cc:162) Not updating fMLLR since below min-count: count is 246
LOG (gmm-est-fmllr:main():gmm-est-fmllr.cc:143) For speaker train_S1_7_6_18, auxf-impr from fMLLR is 0, over 246 frames.
WARNING (gmm-est-fmllr:Update():fmllr-diag-gmm.cc:162) Not updating fMLLR since below min-count: count is 264
LOG (gmm-est-fmllr:main():gmm-est-fmllr.cc:143) For speaker train_S1_7_6_20, auxf-impr from fMLLR is 0, over 264 frames.
WARNING (gmm-est-fmllr:Update():fmllr-diag-gmm.cc:162) Not updating fMLLR since below min-count: count is 276
LOG (gmm-est-fmllr:main():gmm-est-fmllr.cc:143) For speaker train_S1_7_7_12, auxf-impr from fMLLR is 0, over 276 frames.
WARNING (gmm-est-fmllr:Update():fmllr-diag-gmm.cc:162) Not updating fMLLR since below min-count: count is 271
LOG (gmm-est-fmllr:main():gmm-est-fmllr.cc:143) For speaker train_S1_7_7_14, auxf-impr from fMLLR is 0, over 271 frames.
WARNING (gmm-est-fmllr:Update():fmllr-diag-gmm.cc:162) Not updating fMLLR since below min-count: count is 276
LOG (gmm-est-fmllr:main():gmm-est-fmllr.cc:143) For speaker train_S1_7_7_16, auxf-impr from fMLLR is 0, over 276 frames.
WARNING (gmm-est-fmllr:Update():fmllr-diag-gmm.cc:162) Not updating fMLLR since below min-count: count is 245
LOG (gmm-est-fmllr:main():gmm-est-fmllr.cc:143) For speaker train_S1_7_7_18, auxf-impr from fMLLR is 0, over 245 frames.
WARNING (gmm-est-fmllr:Update():fmllr-diag-gmm.cc:162) Not updating fMLLR since below min-count: count is 264
LOG (gmm-est-fmllr:main():gmm-est-fmllr.cc:143) For speaker train_S1_7_7_20, auxf-impr from fMLLR is 0, over 264 frames.
WARNING (gmm-est-fmllr:Update():fmllr-diag-gmm.cc:162) Not updating fMLLR since below min-count: count is 253
LOG (gmm-est-fmllr:main():gmm-est-fmllr.cc:143) For speaker train_S1_8_1_12, auxf-impr from fMLLR is 0, over 253 frames.
WARNING (gmm-est-fmllr:Update():fmllr-diag-gmm.cc:162) Not updating fMLLR since below min-count: count is 248
LOG (gmm-est-fmllr:main():gmm-est-fmllr.cc:143) For speaker train_S1_8_1_14, auxf-impr from fMLLR is 0, over 248 frames.
WARNING (gmm-est-fmllr:Update():fmllr-diag-gmm.cc:162) Not updating fMLLR since below min-count: count is 253
LOG (gmm-est-fmllr:main():gmm-est-fmllr.cc:143) For speaker train_S1_8_1_16, auxf-impr from fMLLR is 0, over 253 frames.
WARNING (gmm-est-fmllr:Update():fmllr-diag-gmm.cc:162) Not updating fMLLR since below min-count: count is 224
LOG (gmm-est-fmllr:main():gmm-est-fmllr.cc:143) For speaker train_S1_8_1_18, auxf-impr from fMLLR is 0, over 224 frames.
WARNING (gmm-est-fmllr:Update():fmllr-diag-gmm.cc:162) Not updating fMLLR since below min-count: count is 241
LOG (gmm-est-fmllr:main():gmm-est-fmllr.cc:143) For speaker train_S1_8_1_20, auxf-impr from fMLLR is 0, over 241 frames.
WARNING (gmm-est-fmllr:Update():fmllr-diag-gmm.cc:162) Not updating fMLLR since below min-count: count is 253
LOG (gmm-est-fmllr:main():gmm-est-fmllr.cc:143) For speaker train_S1_8_2_12, auxf-impr from fMLLR is 0, over 253 frames.
WARNING (gmm-est-fmllr:Update():fmllr-diag-gmm.cc:162) Not updating fMLLR since below min-count: count is 248
LOG (gmm-est-fmllr:main():gmm-est-fmllr.cc:143) For speaker train_S1_8_2_14, auxf-impr from fMLLR is 0, over 248 frames.
WARNING (gmm-est-fmllr:Update():fmllr-diag-gmm.cc:162) Not updating fMLLR since below min-count: count is 253
LOG (gmm-est-fmllr:main():gmm-est-fmllr.cc:143) For speaker train_S1_8_2_16, auxf-impr from fMLLR is 0, over 253 frames.
WARNING (gmm-est-fmllr:Update():fmllr-diag-gmm.cc:162) Not updating fMLLR since below min-count: count is 224
LOG (gmm-est-fmllr:main():gmm-est-fmllr.cc:143) For speaker train_S1_8_2_18, auxf-impr from fMLLR is 0, over 224 frames.
WARNING (gmm-est-fmllr:Update():fmllr-diag-gmm.cc:162) Not updating fMLLR since below min-count: count is 241
LOG (gmm-est-fmllr:main():gmm-est-fmllr.cc:143) For speaker train_S1_8_2_20, auxf-impr from fMLLR is 0, over 241 frames.
WARNING (gmm-est-fmllr:Update():fmllr-diag-gmm.cc:162) Not updating fMLLR since below min-count: count is 253
LOG (gmm-est-fmllr:main():gmm-est-fmllr.cc:143) For speaker train_S1_8_3_12, auxf-impr from fMLLR is 0, over 253 frames.
WARNING (gmm-est-fmllr:Update():fmllr-diag-gmm.cc:162) Not updating fMLLR since below min-count: count is 248
LOG (gmm-est-fmllr:main():gmm-est-fmllr.cc:143) For speaker train_S1_8_3_14, auxf-impr from fMLLR is 0, over 248 frames.
WARNING (gmm-est-fmllr:Update():fmllr-diag-gmm.cc:162) Not updating fMLLR since below min-count: count is 253
LOG (gmm-est-fmllr:main():gmm-est-fmllr.cc:143) For speaker train_S1_8_3_16, auxf-impr from fMLLR is 0, over 253 frames.
WARNING (gmm-est-fmllr:Update():fmllr-diag-gmm.cc:162) Not updating fMLLR since below min-count: count is 224
LOG (gmm-est-fmllr:main():gmm-est-fmllr.cc:143) For speaker train_S1_8_3_18, auxf-impr from fMLLR is 0, over 224 frames.
WARNING (gmm-est-fmllr:Update():fmllr-diag-gmm.cc:162) Not updating fMLLR since below min-count: count is 241
LOG (gmm-est-fmllr:main():gmm-est-fmllr.cc:143) For speaker train_S1_8_3_20, auxf-impr from fMLLR is 0, over 241 frames.
WARNING (gmm-est-fmllr:Update():fmllr-diag-gmm.cc:162) Not updating fMLLR since below min-count: count is 253
LOG (gmm-est-fmllr:main():gmm-est-fmllr.cc:143) For speaker train_S1_8_4_12, auxf-impr from fMLLR is 0, over 253 frames.
WARNING (gmm-est-fmllr:Update():fmllr-diag-gmm.cc:162) Not updating fMLLR since below min-count: count is 248
LOG (gmm-est-fmllr:main():gmm-est-fmllr.cc:143) For speaker train_S1_8_4_14, auxf-impr from fMLLR is 0, over 248 frames.
WARNING (gmm-est-fmllr:Update():fmllr-diag-gmm.cc:162) Not updating fMLLR since below min-count: count is 253
LOG (gmm-est-fmllr:main():gmm-est-fmllr.cc:143) For speaker train_S1_8_4_16, auxf-impr from fMLLR is 0, over 253 frames.
WARNING (gmm-est-fmllr:Update():fmllr-diag-gmm.cc:162) Not updating fMLLR since below min-count: count is 224
LOG (gmm-est-fmllr:main():gmm-est-fmllr.cc:143) For speaker train_S1_8_4_18, auxf-impr from fMLLR is 0, over 224 frames.
WARNING (gmm-est-fmllr:Update():fmllr-diag-gmm.cc:162) Not updating fMLLR since below min-count: count is 241
LOG (gmm-est-fmllr:main():gmm-est-fmllr.cc:143) For speaker train_S1_8_4_20, auxf-impr from fMLLR is 0, over 241 frames.
WARNING (gmm-est-fmllr:Update():fmllr-diag-gmm.cc:162) Not updating fMLLR since below min-count: count is 253
LOG (gmm-est-fmllr:main():gmm-est-fmllr.cc:143) For speaker train_S1_8_5_12, auxf-impr from fMLLR is 0, over 253 frames.
WARNING (gmm-est-fmllr:Update():fmllr-diag-gmm.cc:162) Not updating fMLLR since below min-count: count is 248
LOG (gmm-est-fmllr:main():gmm-est-fmllr.cc:143) For speaker train_S1_8_5_14, auxf-impr from fMLLR is 0, over 248 frames.
WARNING (gmm-est-fmllr:Update():fmllr-diag-gmm.cc:162) Not updating fMLLR since below min-count: count is 253
LOG (gmm-est-fmllr:main():gmm-est-fmllr.cc:143) For speaker train_S1_8_5_16, auxf-impr from fMLLR is 0, over 253 frames.
WARNING (gmm-est-fmllr:Update():fmllr-diag-gmm.cc:162) Not updating fMLLR since below min-count: count is 224
LOG (gmm-est-fmllr:main():gmm-est-fmllr.cc:143) For speaker train_S1_8_5_18, auxf-impr from fMLLR is 0, over 224 frames.
WARNING (gmm-est-fmllr:Update():fmllr-diag-gmm.cc:162) Not updating fMLLR since below min-count: count is 241
LOG (gmm-est-fmllr:main():gmm-est-fmllr.cc:143) For speaker train_S1_8_5_20, auxf-impr from fMLLR is 0, over 241 frames.
WARNING (gmm-est-fmllr:Update():fmllr-diag-gmm.cc:162) Not updating fMLLR since below min-count: count is 253
LOG (gmm-est-fmllr:main():gmm-est-fmllr.cc:143) For speaker train_S1_8_6_12, auxf-impr from fMLLR is 0, over 253 frames.
WARNING (gmm-est-fmllr:Update():fmllr-diag-gmm.cc:162) Not updating fMLLR since below min-count: count is 248
LOG (gmm-est-fmllr:main():gmm-est-fmllr.cc:143) For speaker train_S1_8_6_14, auxf-impr from fMLLR is 0, over 248 frames.
WARNING (gmm-est-fmllr:Update():fmllr-diag-gmm.cc:162) Not updating fMLLR since below min-count: count is 253
LOG (gmm-est-fmllr:main():gmm-est-fmllr.cc:143) For speaker train_S1_8_6_16, auxf-impr from fMLLR is 0, over 253 frames.
WARNING (gmm-est-fmllr:Update():fmllr-diag-gmm.cc:162) Not updating fMLLR since below min-count: count is 224
LOG (gmm-est-fmllr:main():gmm-est-fmllr.cc:143) For speaker train_S1_8_6_18, auxf-impr from fMLLR is 0, over 224 frames.
WARNING (gmm-est-fmllr:Update():fmllr-diag-gmm.cc:162) Not updating fMLLR since below min-count: count is 241
LOG (gmm-est-fmllr:main():gmm-est-fmllr.cc:143) For speaker train_S1_8_6_20, auxf-impr from fMLLR is 0, over 241 frames.
WARNING (gmm-est-fmllr:Update():fmllr-diag-gmm.cc:162) Not updating fMLLR since below min-count: count is 253
LOG (gmm-est-fmllr:main():gmm-est-fmllr.cc:143) For speaker train_S1_8_7_12, auxf-impr from fMLLR is 0, over 253 frames.
WARNING (gmm-est-fmllr:Update():fmllr-diag-gmm.cc:162) Not updating fMLLR since below min-count: count is 248
LOG (gmm-est-fmllr:main():gmm-est-fmllr.cc:143) For speaker train_S1_8_7_14, auxf-impr from fMLLR is 0, over 248 frames.
WARNING (gmm-est-fmllr:Update():fmllr-diag-gmm.cc:162) Not updating fMLLR since below min-count: count is 253
LOG (gmm-est-fmllr:main():gmm-est-fmllr.cc:143) For speaker train_S1_8_7_16, auxf-impr from fMLLR is 0, over 253 frames.
WARNING (gmm-est-fmllr:Update():fmllr-diag-gmm.cc:162) Not updating fMLLR since below min-count: count is 224
LOG (gmm-est-fmllr:main():gmm-est-fmllr.cc:143) For speaker train_S1_8_7_18, auxf-impr from fMLLR is 0, over 224 frames.
WARNING (gmm-est-fmllr:Update():fmllr-diag-gmm.cc:162) Not updating fMLLR since below min-count: count is 241
LOG (gmm-est-fmllr:main():gmm-est-fmllr.cc:143) For speaker train_S1_8_7_20, auxf-impr from fMLLR is 0, over 241 frames.
WARNING (gmm-est-fmllr:Update():fmllr-diag-gmm.cc:162) Not updating fMLLR since below min-count: count is 245
LOG (gmm-est-fmllr:main():gmm-est-fmllr.cc:143) For speaker train_S1_9_1_12, auxf-impr from fMLLR is 0, over 245 frames.
WARNING (gmm-est-fmllr:Update():fmllr-diag-gmm.cc:162) Not updating fMLLR since below min-count: count is 240
LOG (gmm-est-fmllr:main():gmm-est-fmllr.cc:143) For speaker train_S1_9_1_14, auxf-impr from fMLLR is 0, over 240 frames.
WARNING (gmm-est-fmllr:Update():fmllr-diag-gmm.cc:162) Not updating fMLLR since below min-count: count is 245
LOG (gmm-est-fmllr:main():gmm-est-fmllr.cc:143) For speaker train_S1_9_1_16, auxf-impr from fMLLR is 0, over 245 frames.
WARNING (gmm-est-fmllr:Update():fmllr-diag-gmm.cc:162) Not updating fMLLR since below min-count: count is 217
LOG (gmm-est-fmllr:main():gmm-est-fmllr.cc:143) For speaker train_S1_9_1_18, auxf-impr from fMLLR is 0, over 217 frames.
WARNING (gmm-est-fmllr:Update():fmllr-diag-gmm.cc:162) Not updating fMLLR since below min-count: count is 234
LOG (gmm-est-fmllr:main():gmm-est-fmllr.cc:143) For speaker train_S1_9_1_20, auxf-impr from fMLLR is 0, over 234 frames.
WARNING (gmm-est-fmllr:Update():fmllr-diag-gmm.cc:162) Not updating fMLLR since below min-count: count is 245
LOG (gmm-est-fmllr:main():gmm-est-fmllr.cc:143) For speaker train_S1_9_2_12, auxf-impr from fMLLR is 0, over 245 frames.
WARNING (gmm-est-fmllr:Update():fmllr-diag-gmm.cc:162) Not updating fMLLR since below min-count: count is 240
LOG (gmm-est-fmllr:main():gmm-est-fmllr.cc:143) For speaker train_S1_9_2_14, auxf-impr from fMLLR is 0, over 240 frames.
WARNING (gmm-est-fmllr:Update():fmllr-diag-gmm.cc:162) Not updating fMLLR since below min-count: count is 245
LOG (gmm-est-fmllr:main():gmm-est-fmllr.cc:143) For speaker train_S1_9_2_16, auxf-impr from fMLLR is 0, over 245 frames.
WARNING (gmm-est-fmllr:Update():fmllr-diag-gmm.cc:162) Not updating fMLLR since below min-count: count is 217
LOG (gmm-est-fmllr:main():gmm-est-fmllr.cc:143) For speaker train_S1_9_2_18, auxf-impr from fMLLR is 0, over 217 frames.
WARNING (gmm-est-fmllr:Update():fmllr-diag-gmm.cc:162) Not updating fMLLR since below min-count: count is 234
LOG (gmm-est-fmllr:main():gmm-est-fmllr.cc:143) For speaker train_S1_9_2_20, auxf-impr from fMLLR is 0, over 234 frames.
WARNING (gmm-est-fmllr:Update():fmllr-diag-gmm.cc:162) Not updating fMLLR since below min-count: count is 245
LOG (gmm-est-fmllr:main():gmm-est-fmllr.cc:143) For speaker train_S1_9_3_12, auxf-impr from fMLLR is 0, over 245 frames.
WARNING (gmm-est-fmllr:Update():fmllr-diag-gmm.cc:162) Not updating fMLLR since below min-count: count is 240
LOG (gmm-est-fmllr:main():gmm-est-fmllr.cc:143) For speaker train_S1_9_3_14, auxf-impr from fMLLR is 0, over 240 frames.
WARNING (gmm-est-fmllr:Update():fmllr-diag-gmm.cc:162) Not updating fMLLR since below min-count: count is 245
LOG (gmm-est-fmllr:main():gmm-est-fmllr.cc:143) For speaker train_S1_9_3_16, auxf-impr from fMLLR is 0, over 245 frames.
WARNING (gmm-est-fmllr:Update():fmllr-diag-gmm.cc:162) Not updating fMLLR since below min-count: count is 217
LOG (gmm-est-fmllr:main():gmm-est-fmllr.cc:143) For speaker train_S1_9_3_18, auxf-impr from fMLLR is 0, over 217 frames.
WARNING (gmm-est-fmllr:Update():fmllr-diag-gmm.cc:162) Not updating fMLLR since below min-count: count is 234
LOG (gmm-est-fmllr:main():gmm-est-fmllr.cc:143) For speaker train_S1_9_3_20, auxf-impr from fMLLR is 0, over 234 frames.
WARNING (gmm-est-fmllr:Update():fmllr-diag-gmm.cc:162) Not updating fMLLR since below min-count: count is 245
LOG (gmm-est-fmllr:main():gmm-est-fmllr.cc:143) For speaker train_S1_9_4_12, auxf-impr from fMLLR is 0, over 245 frames.
WARNING (gmm-est-fmllr:Update():fmllr-diag-gmm.cc:162) Not updating fMLLR since below min-count: count is 240
LOG (gmm-est-fmllr:main():gmm-est-fmllr.cc:143) For speaker train_S1_9_4_14, auxf-impr from fMLLR is 0, over 240 frames.
WARNING (gmm-est-fmllr:Update():fmllr-diag-gmm.cc:162) Not updating fMLLR since below min-count: count is 245
LOG (gmm-est-fmllr:main():gmm-est-fmllr.cc:143) For speaker train_S1_9_4_16, auxf-impr from fMLLR is 0, over 245 frames.
WARNING (gmm-est-fmllr:Update():fmllr-diag-gmm.cc:162) Not updating fMLLR since below min-count: count is 217
LOG (gmm-est-fmllr:main():gmm-est-fmllr.cc:143) For speaker train_S1_9_4_18, auxf-impr from fMLLR is 0, over 217 frames.
WARNING (gmm-est-fmllr:Update():fmllr-diag-gmm.cc:162) Not updating fMLLR since below min-count: count is 234
LOG (gmm-est-fmllr:main():gmm-est-fmllr.cc:143) For speaker train_S1_9_4_20, auxf-impr from fMLLR is 0, over 234 frames.
WARNING (gmm-est-fmllr:Update():fmllr-diag-gmm.cc:162) Not updating fMLLR since below min-count: count is 245
LOG (gmm-est-fmllr:main():gmm-est-fmllr.cc:143) For speaker train_S1_9_5_12, auxf-impr from fMLLR is 0, over 245 frames.
WARNING (gmm-est-fmllr:Update():fmllr-diag-gmm.cc:162) Not updating fMLLR since below min-count: count is 240
LOG (gmm-est-fmllr:main():gmm-est-fmllr.cc:143) For speaker train_S1_9_5_14, auxf-impr from fMLLR is 0, over 240 frames.
WARNING (gmm-est-fmllr:Update():fmllr-diag-gmm.cc:162) Not updating fMLLR since below min-count: count is 245
LOG (gmm-est-fmllr:main():gmm-est-fmllr.cc:143) For speaker train_S1_9_5_16, auxf-impr from fMLLR is 0, over 245 frames.
WARNING (gmm-est-fmllr:Update():fmllr-diag-gmm.cc:162) Not updating fMLLR since below min-count: count is 217
LOG (gmm-est-fmllr:main():gmm-est-fmllr.cc:143) For speaker train_S1_9_5_18, auxf-impr from fMLLR is 0, over 217 frames.
WARNING (gmm-est-fmllr:Update():fmllr-diag-gmm.cc:162) Not updating fMLLR since below min-count: count is 234
LOG (gmm-est-fmllr:main():gmm-est-fmllr.cc:143) For speaker train_S1_9_5_20, auxf-impr from fMLLR is 0, over 234 frames.
WARNING (gmm-est-fmllr:Update():fmllr-diag-gmm.cc:162) Not updating fMLLR since below min-count: count is 245
LOG (gmm-est-fmllr:main():gmm-est-fmllr.cc:143) For speaker train_S1_9_6_12, auxf-impr from fMLLR is 0, over 245 frames.
WARNING (gmm-est-fmllr:Update():fmllr-diag-gmm.cc:162) Not updating fMLLR since below min-count: count is 240
LOG (gmm-est-fmllr:main():gmm-est-fmllr.cc:143) For speaker train_S1_9_6_14, auxf-impr from fMLLR is 0, over 240 frames.
WARNING (gmm-est-fmllr:Update():fmllr-diag-gmm.cc:162) Not updating fMLLR since below min-count: count is 245
LOG (gmm-est-fmllr:main():gmm-est-fmllr.cc:143) For speaker train_S1_9_6_16, auxf-impr from fMLLR is 0, over 245 frames.
WARNING (gmm-est-fmllr:Update():fmllr-diag-gmm.cc:162) Not updating fMLLR since below min-count: count is 217
LOG (gmm-est-fmllr:main():gmm-est-fmllr.cc:143) For speaker train_S1_9_6_18, auxf-impr from fMLLR is 0, over 217 frames.
WARNING (gmm-est-fmllr:Update():fmllr-diag-gmm.cc:162) Not updating fMLLR since below min-count: count is 234
LOG (gmm-est-fmllr:main():gmm-est-fmllr.cc:143) For speaker train_S1_9_6_20, auxf-impr from fMLLR is 0, over 234 frames.
WARNING (gmm-est-fmllr:Update():fmllr-diag-gmm.cc:162) Not updating fMLLR since below min-count: count is 245
LOG (gmm-est-fmllr:main():gmm-est-fmllr.cc:143) For speaker train_S1_9_7_12, auxf-impr from fMLLR is 0, over 245 frames.
WARNING (gmm-est-fmllr:Update():fmllr-diag-gmm.cc:162) Not updating fMLLR since below min-count: count is 240
LOG (gmm-est-fmllr:main():gmm-est-fmllr.cc:143) For speaker train_S1_9_7_14, auxf-impr from fMLLR is 0, over 240 frames.
WARNING (gmm-est-fmllr:Update():fmllr-diag-gmm.cc:162) Not updating fMLLR since below min-count: count is 245
LOG (gmm-est-fmllr:main():gmm-est-fmllr.cc:143) For speaker train_S1_9_7_16, auxf-impr from fMLLR is 0, over 245 frames.
WARNING (gmm-est-fmllr:Update():fmllr-diag-gmm.cc:162) Not updating fMLLR since below min-count: count is 217
LOG (gmm-est-fmllr:main():gmm-est-fmllr.cc:143) For speaker train_S1_9_7_18, auxf-impr from fMLLR is 0, over 217 frames.
WARNING (gmm-est-fmllr:Update():fmllr-diag-gmm.cc:162) Not updating fMLLR since below min-count: count is 234
LOG (gmm-est-fmllr:main():gmm-est-fmllr.cc:143) For speaker train_S1_9_7_20, auxf-impr from fMLLR is 0, over 234 frames.
WARNING (gmm-est-fmllr:Update():fmllr-diag-gmm.cc:162) Not updating fMLLR since below min-count: count is 135
LOG (gmm-est-fmllr:main():gmm-est-fmllr.cc:143) For speaker train_S20_10_1_12, auxf-impr from fMLLR is 0, over 135 frames.
WARNING (gmm-est-fmllr:Update():fmllr-diag-gmm.cc:162) Not updating fMLLR since below min-count: count is 132
LOG (gmm-est-fmllr:main():gmm-est-fmllr.cc:143) For speaker train_S20_10_1_14, auxf-impr from fMLLR is 0, over 132 frames.
WARNING (gmm-est-fmllr:Update():fmllr-diag-gmm.cc:162) Not updating fMLLR since below min-count: count is 135
LOG (gmm-est-fmllr:main():gmm-est-fmllr.cc:143) For speaker train_S20_10_1_16, auxf-impr from fMLLR is 0, over 135 frames.
WARNING (gmm-est-fmllr:Update():fmllr-diag-gmm.cc:162) Not updating fMLLR since below min-count: count is 119
LOG (gmm-est-fmllr:main():gmm-est-fmllr.cc:143) For speaker train_S20_10_1_18, auxf-impr from fMLLR is 0, over 119 frames.
WARNING (gmm-est-fmllr:Update():fmllr-diag-gmm.cc:162) Not updating fMLLR since below min-count: count is 129
LOG (gmm-est-fmllr:main():gmm-est-fmllr.cc:143) For speaker train_S20_10_1_20, auxf-impr from fMLLR is 0, over 129 frames.
WARNING (gmm-est-fmllr:Update():fmllr-diag-gmm.cc:162) Not updating fMLLR since below min-count: count is 135
LOG (gmm-est-fmllr:main():gmm-est-fmllr.cc:143) For speaker train_S20_10_2_12, auxf-impr from fMLLR is 0, over 135 frames.
WARNING (gmm-est-fmllr:Update():fmllr-diag-gmm.cc:162) Not updating fMLLR since below min-count: count is 132
LOG (gmm-est-fmllr:main():gmm-est-fmllr.cc:143) For speaker train_S20_10_2_14, auxf-impr from fMLLR is 0, over 132 frames.
WARNING (gmm-est-fmllr:Update():fmllr-diag-gmm.cc:162) Not updating fMLLR since below min-count: count is 135
LOG (gmm-est-fmllr:main():gmm-est-fmllr.cc:143) For speaker train_S20_10_2_16, auxf-impr from fMLLR is 0, over 135 frames.
WARNING (gmm-est-fmllr:Update():fmllr-diag-gmm.cc:162) Not updating fMLLR since below min-count: count is 119
LOG (gmm-est-fmllr:main():gmm-est-fmllr.cc:143) For speaker train_S20_10_2_18, auxf-impr from fMLLR is 0, over 119 frames.
WARNING (gmm-est-fmllr:Update():fmllr-diag-gmm.cc:162) Not updating fMLLR since below min-count: count is 129
LOG (gmm-est-fmllr:main():gmm-est-fmllr.cc:143) For speaker train_S20_10_2_20, auxf-impr from fMLLR is 0, over 129 frames.
WARNING (gmm-est-fmllr:Update():fmllr-diag-gmm.cc:162) Not updating fMLLR since below min-count: count is 135
LOG (gmm-est-fmllr:main():gmm-est-fmllr.cc:143) For speaker train_S20_10_3_12, auxf-impr from fMLLR is 0, over 135 frames.
WARNING (gmm-est-fmllr:Update():fmllr-diag-gmm.cc:162) Not updating fMLLR since below min-count: count is 132
LOG (gmm-est-fmllr:main():gmm-est-fmllr.cc:143) For speaker train_S20_10_3_14, auxf-impr from fMLLR is 0, over 132 frames.
WARNING (gmm-est-fmllr:Update():fmllr-diag-gmm.cc:162) Not updating fMLLR since below min-count: count is 135
LOG (gmm-est-fmllr:main():gmm-est-fmllr.cc:143) For speaker train_S20_10_3_16, auxf-impr from fMLLR is 0, over 135 frames.
WARNING (gmm-est-fmllr:Update():fmllr-diag-gmm.cc:162) Not updating fMLLR since below min-count: count is 119
LOG (gmm-est-fmllr:main():gmm-est-fmllr.cc:143) For speaker train_S20_10_3_18, auxf-impr from fMLLR is 0, over 119 frames.
WARNING (gmm-est-fmllr:Update():fmllr-diag-gmm.cc:162) Not updating fMLLR since below min-count: count is 129
LOG (gmm-est-fmllr:main():gmm-est-fmllr.cc:143) For speaker train_S20_10_3_20, auxf-impr from fMLLR is 0, over 129 frames.
WARNING (gmm-est-fmllr:Update():fmllr-diag-gmm.cc:162) Not updating fMLLR since below min-count: count is 135
LOG (gmm-est-fmllr:main():gmm-est-fmllr.cc:143) For speaker train_S20_10_4_12, auxf-impr from fMLLR is 0, over 135 frames.
WARNING (gmm-est-fmllr:Update():fmllr-diag-gmm.cc:162) Not updating fMLLR since below min-count: count is 132
LOG (gmm-est-fmllr:main():gmm-est-fmllr.cc:143) For speaker train_S20_10_4_14, auxf-impr from fMLLR is 0, over 132 frames.
WARNING (gmm-est-fmllr:Update():fmllr-diag-gmm.cc:162) Not updating fMLLR since below min-count: count is 135
LOG (gmm-est-fmllr:main():gmm-est-fmllr.cc:143) For speaker train_S20_10_4_16, auxf-impr from fMLLR is 0, over 135 frames.
WARNING (gmm-est-fmllr:Update():fmllr-diag-gmm.cc:162) Not updating fMLLR since below min-count: count is 119
LOG (gmm-est-fmllr:main():gmm-est-fmllr.cc:143) For speaker train_S20_10_4_18, auxf-impr from fMLLR is 0, over 119 frames.
WARNING (gmm-est-fmllr:Update():fmllr-diag-gmm.cc:162) Not updating fMLLR since below min-count: count is 129
LOG (gmm-est-fmllr:main():gmm-est-fmllr.cc:143) For speaker train_S20_10_4_20, auxf-impr from fMLLR is 0, over 129 frames.
WARNING (gmm-est-fmllr:Update():fmllr-diag-gmm.cc:162) Not updating fMLLR since below min-count: count is 135
LOG (gmm-est-fmllr:main():gmm-est-fmllr.cc:143) For speaker train_S20_10_5_12, auxf-impr from fMLLR is 0, over 135 frames.
WARNING (gmm-est-fmllr:Update():fmllr-diag-gmm.cc:162) Not updating fMLLR since below min-count: count is 132
LOG (gmm-est-fmllr:main():gmm-est-fmllr.cc:143) For speaker train_S20_10_5_14, auxf-impr from fMLLR is 0, over 132 frames.
WARNING (gmm-est-fmllr:Update():fmllr-diag-gmm.cc:162) Not updating fMLLR since below min-count: count is 135
LOG (gmm-est-fmllr:main():gmm-est-fmllr.cc:143) For speaker train_S20_10_5_16, auxf-impr from fMLLR is 0, over 135 frames.
WARNING (gmm-est-fmllr:Update():fmllr-diag-gmm.cc:162) Not updating fMLLR since below min-count: count is 119
LOG (gmm-est-fmllr:main():gmm-est-fmllr.cc:143) For speaker train_S20_10_5_18, auxf-impr from fMLLR is 0, over 119 frames.
WARNING (gmm-est-fmllr:Update():fmllr-diag-gmm.cc:162) Not updating fMLLR since below min-count: count is 129
LOG (gmm-est-fmllr:main():gmm-est-fmllr.cc:143) For speaker train_S20_10_5_20, auxf-impr from fMLLR is 0, over 129 frames.
WARNING (gmm-est-fmllr:Update():fmllr-diag-gmm.cc:162) Not updating fMLLR since below min-count: count is 135
LOG (gmm-est-fmllr:main():gmm-est-fmllr.cc:143) For speaker train_S20_10_6_12, auxf-impr from fMLLR is 0, over 135 frames.
WARNING (gmm-est-fmllr:Update():fmllr-diag-gmm.cc:162) Not updating fMLLR since below min-count: count is 132
LOG (gmm-est-fmllr:main():gmm-est-fmllr.cc:143) For speaker train_S20_10_6_14, auxf-impr from fMLLR is 0, over 132 frames.
WARNING (gmm-est-fmllr:Update():fmllr-diag-gmm.cc:162) Not updating fMLLR since below min-count: count is 135
LOG (gmm-est-fmllr:main():gmm-est-fmllr.cc:143) For speaker train_S20_10_6_16, auxf-impr from fMLLR is 0, over 135 frames.
WARNING (gmm-est-fmllr:Update():fmllr-diag-gmm.cc:162) Not updating fMLLR since below min-count: count is 119
LOG (gmm-est-fmllr:main():gmm-est-fmllr.cc:143) For speaker train_S20_10_6_18, auxf-impr from fMLLR is 0, over 119 frames.
WARNING (gmm-est-fmllr:Update():fmllr-diag-gmm.cc:162) Not updating fMLLR since below min-count: count is 128
LOG (gmm-est-fmllr:main():gmm-est-fmllr.cc:143) For speaker train_S20_10_6_20, auxf-impr from fMLLR is 0, over 128 frames.
WARNING (gmm-est-fmllr:Update():fmllr-diag-gmm.cc:162) Not updating fMLLR since below min-count: count is 135
LOG (gmm-est-fmllr:main():gmm-est-fmllr.cc:143) For speaker train_S20_10_7_12, auxf-impr from fMLLR is 0, over 135 frames.
WARNING (gmm-est-fmllr:Update():fmllr-diag-gmm.cc:162) Not updating fMLLR since below min-count: count is 132
LOG (gmm-est-fmllr:main():gmm-est-fmllr.cc:143) For speaker train_S20_10_7_14, auxf-impr from fMLLR is 0, over 132 frames.
WARNING (gmm-est-fmllr:Update():fmllr-diag-gmm.cc:162) Not updating fMLLR since below min-count: count is 135
LOG (gmm-est-fmllr:main():gmm-est-fmllr.cc:143) For speaker train_S20_10_7_16, auxf-impr from fMLLR is 0, over 135 frames.
WARNING (gmm-est-fmllr:Update():fmllr-diag-gmm.cc:162) Not updating fMLLR since below min-count: count is 118
LOG (gmm-est-fmllr:main():gmm-est-fmllr.cc:143) For speaker train_S20_10_7_18, auxf-impr from fMLLR is 0, over 118 frames.
WARNING (gmm-est-fmllr:Update():fmllr-diag-gmm.cc:162) Not updating fMLLR since below min-count: count is 128
LOG (gmm-est-fmllr:main():gmm-est-fmllr.cc:143) For speaker train_S20_10_7_20, auxf-impr from fMLLR is 0, over 128 frames.
WARNING (gmm-est-fmllr:Update():fmllr-diag-gmm.cc:162) Not updating fMLLR since below min-count: count is 151
LOG (gmm-est-fmllr:main():gmm-est-fmllr.cc:143) For speaker train_S20_11_1_12, auxf-impr from fMLLR is 0, over 151 frames.
WARNING (gmm-est-fmllr:Update():fmllr-diag-gmm.cc:162) Not updating fMLLR since below min-count: count is 148
LOG (gmm-est-fmllr:main():gmm-est-fmllr.cc:143) For speaker train_S20_11_1_14, auxf-impr from fMLLR is 0, over 148 frames.
WARNING (gmm-est-fmllr:Update():fmllr-diag-gmm.cc:162) Not updating fMLLR since below min-count: count is 150
LOG (gmm-est-fmllr:main():gmm-est-fmllr.cc:143) For speaker train_S20_11_1_16, auxf-impr from fMLLR is 0, over 150 frames.
WARNING (gmm-est-fmllr:Update():fmllr-diag-gmm.cc:162) Not updating fMLLR since below min-count: count is 133
LOG (gmm-est-fmllr:main():gmm-est-fmllr.cc:143) For speaker train_S20_11_1_18, auxf-impr from fMLLR is 0, over 133 frames.
WARNING (gmm-est-fmllr:Update():fmllr-diag-gmm.cc:162) Not updating fMLLR since below min-count: count is 144
LOG (gmm-est-fmllr:main():gmm-est-fmllr.cc:143) For speaker train_S20_11_1_20, auxf-impr from fMLLR is 0, over 144 frames.
WARNING (gmm-est-fmllr:Update():fmllr-diag-gmm.cc:162) Not updating fMLLR since below min-count: count is 151
LOG (gmm-est-fmllr:main():gmm-est-fmllr.cc:143) For speaker train_S20_11_2_12, auxf-impr from fMLLR is 0, over 151 frames.
WARNING (gmm-est-fmllr:Update():fmllr-diag-gmm.cc:162) Not updating fMLLR since below min-count: count is 148
LOG (gmm-est-fmllr:main():gmm-est-fmllr.cc:143) For speaker train_S20_11_2_14, auxf-impr from fMLLR is 0, over 148 frames.
WARNING (gmm-est-fmllr:Update():fmllr-diag-gmm.cc:162) Not updating fMLLR since below min-count: count is 150
LOG (gmm-est-fmllr:main():gmm-est-fmllr.cc:143) For speaker train_S20_11_2_16, auxf-impr from fMLLR is 0, over 150 frames.
WARNING (gmm-est-fmllr:Update():fmllr-diag-gmm.cc:162) Not updating fMLLR since below min-count: count is 134
LOG (gmm-est-fmllr:main():gmm-est-fmllr.cc:143) For speaker train_S20_11_2_18, auxf-impr from fMLLR is 0, over 134 frames.
WARNING (gmm-est-fmllr:Update():fmllr-diag-gmm.cc:162) Not updating fMLLR since below min-count: count is 144
LOG (gmm-est-fmllr:main():gmm-est-fmllr.cc:143) For speaker train_S20_11_2_20, auxf-impr from fMLLR is 0, over 144 frames.
WARNING (gmm-est-fmllr:Update():fmllr-diag-gmm.cc:162) Not updating fMLLR since below min-count: count is 151
LOG (gmm-est-fmllr:main():gmm-est-fmllr.cc:143) For speaker train_S20_11_3_12, auxf-impr from fMLLR is 0, over 151 frames.
WARNING (gmm-est-fmllr:Update():fmllr-diag-gmm.cc:162) Not updating fMLLR since below min-count: count is 148
LOG (gmm-est-fmllr:main():gmm-est-fmllr.cc:143) For speaker train_S20_11_3_14, auxf-impr from fMLLR is 0, over 148 frames.
WARNING (gmm-est-fmllr:Update():fmllr-diag-gmm.cc:162) Not updating fMLLR since below min-count: count is 150
LOG (gmm-est-fmllr:main():gmm-est-fmllr.cc:143) For speaker train_S20_11_3_16, auxf-impr from fMLLR is 0, over 150 frames.
WARNING (gmm-est-fmllr:Update():fmllr-diag-gmm.cc:162) Not updating fMLLR since below min-count: count is 134
LOG (gmm-est-fmllr:main():gmm-est-fmllr.cc:143) For speaker train_S20_11_3_18, auxf-impr from fMLLR is 0, over 134 frames.
WARNING (gmm-est-fmllr:Update():fmllr-diag-gmm.cc:162) Not updating fMLLR since below min-count: count is 144
LOG (gmm-est-fmllr:main():gmm-est-fmllr.cc:143) For speaker train_S20_11_3_20, auxf-impr from fMLLR is 0, over 144 frames.
WARNING (gmm-est-fmllr:Update():fmllr-diag-gmm.cc:162) Not updating fMLLR since below min-count: count is 151
LOG (gmm-est-fmllr:main():gmm-est-fmllr.cc:143) For speaker train_S20_11_4_12, auxf-impr from fMLLR is 0, over 151 frames.
WARNING (gmm-est-fmllr:Update():fmllr-diag-gmm.cc:162) Not updating fMLLR since below min-count: count is 148
LOG (gmm-est-fmllr:main():gmm-est-fmllr.cc:143) For speaker train_S20_11_4_14, auxf-impr from fMLLR is 0, over 148 frames.
WARNING (gmm-est-fmllr:Update():fmllr-diag-gmm.cc:162) Not updating fMLLR since below min-count: count is 150
LOG (gmm-est-fmllr:main():gmm-est-fmllr.cc:143) For speaker train_S20_11_4_16, auxf-impr from fMLLR is 0, over 150 frames.
WARNING (gmm-est-fmllr:Update():fmllr-diag-gmm.cc:162) Not updating fMLLR since below min-count: count is 134
LOG (gmm-est-fmllr:main():gmm-est-fmllr.cc:143) For speaker train_S20_11_4_18, auxf-impr from fMLLR is 0, over 134 frames.
WARNING (gmm-est-fmllr:Update():fmllr-diag-gmm.cc:162) Not updating fMLLR since below min-count: count is 144
LOG (gmm-est-fmllr:main():gmm-est-fmllr.cc:143) For speaker train_S20_11_4_20, auxf-impr from fMLLR is 0, over 144 frames.
WARNING (gmm-est-fmllr:Update():fmllr-diag-gmm.cc:162) Not updating fMLLR since below min-count: count is 151
LOG (gmm-est-fmllr:main():gmm-est-fmllr.cc:143) For speaker train_S20_11_5_12, auxf-impr from fMLLR is 0, over 151 frames.
WARNING (gmm-est-fmllr:Update():fmllr-diag-gmm.cc:162) Not updating fMLLR since below min-count: count is 148
LOG (gmm-est-fmllr:main():gmm-est-fmllr.cc:143) For speaker train_S20_11_5_14, auxf-impr from fMLLR is 0, over 148 frames.
WARNING (gmm-est-fmllr:Update():fmllr-diag-gmm.cc:162) Not updating fMLLR since below min-count: count is 150
LOG (gmm-est-fmllr:main():gmm-est-fmllr.cc:143) For speaker train_S20_11_5_16, auxf-impr from fMLLR is 0, over 150 frames.
WARNING (gmm-est-fmllr:Update():fmllr-diag-gmm.cc:162) Not updating fMLLR since below min-count: count is 134
LOG (gmm-est-fmllr:main():gmm-est-fmllr.cc:143) For speaker train_S20_11_5_18, auxf-impr from fMLLR is 0, over 134 frames.
WARNING (gmm-est-fmllr:Update():fmllr-diag-gmm.cc:162) Not updating fMLLR since below min-count: count is 144
LOG (gmm-est-fmllr:main():gmm-est-fmllr.cc:143) For speaker train_S20_11_5_20, auxf-impr from fMLLR is 0, over 144 frames.
WARNING (gmm-est-fmllr:Update():fmllr-diag-gmm.cc:162) Not updating fMLLR since below min-count: count is 151
LOG (gmm-est-fmllr:main():gmm-est-fmllr.cc:143) For speaker train_S20_11_6_12, auxf-impr from fMLLR is 0, over 151 frames.
WARNING (gmm-est-fmllr:Update():fmllr-diag-gmm.cc:162) Not updating fMLLR since below min-count: count is 148
LOG (gmm-est-fmllr:main():gmm-est-fmllr.cc:143) For speaker train_S20_11_6_14, auxf-impr from fMLLR is 0, over 148 frames.
WARNING (gmm-est-fmllr:Update():fmllr-diag-gmm.cc:162) Not updating fMLLR since below min-count: count is 150
LOG (gmm-est-fmllr:main():gmm-est-fmllr.cc:143) For speaker train_S20_11_6_16, auxf-impr from fMLLR is 0, over 150 frames.
WARNING (gmm-est-fmllr:Update():fmllr-diag-gmm.cc:162) Not updating fMLLR since below min-count: count is 133
LOG (gmm-est-fmllr:main():gmm-est-fmllr.cc:143) For speaker train_S20_11_6_18, auxf-impr from fMLLR is 0, over 133 frames.
WARNING (gmm-est-fmllr:Update():fmllr-diag-gmm.cc:162) Not updating fMLLR since below min-count: count is 144
LOG (gmm-est-fmllr:main():gmm-est-fmllr.cc:143) For speaker train_S20_11_6_20, auxf-impr from fMLLR is 0, over 144 frames.
WARNING (gmm-est-fmllr:Update():fmllr-diag-gmm.cc:162) Not updating fMLLR since below min-count: count is 151
LOG (gmm-est-fmllr:main():gmm-est-fmllr.cc:143) For speaker train_S20_11_7_12, auxf-impr from fMLLR is 0, over 151 frames.
WARNING (gmm-est-fmllr:Update():fmllr-diag-gmm.cc:162) Not updating fMLLR since below min-count: count is 148
LOG (gmm-est-fmllr:main():gmm-est-fmllr.cc:143) For speaker train_S20_11_7_14, auxf-impr from fMLLR is 0, over 148 frames.
WARNING (gmm-est-fmllr:Update():fmllr-diag-gmm.cc:162) Not updating fMLLR since below min-count: count is 150
LOG (gmm-est-fmllr:main():gmm-est-fmllr.cc:143) For speaker train_S20_11_7_16, auxf-impr from fMLLR is 0, over 150 frames.
WARNING (gmm-est-fmllr:Update():fmllr-diag-gmm.cc:162) Not updating fMLLR since below min-count: count is 133
LOG (gmm-est-fmllr:main():gmm-est-fmllr.cc:143) For speaker train_S20_11_7_18, auxf-impr from fMLLR is 0, over 133 frames.
WARNING (gmm-est-fmllr:Update():fmllr-diag-gmm.cc:162) Not updating fMLLR since below min-count: count is 144
LOG (gmm-est-fmllr:main():gmm-est-fmllr.cc:143) For speaker train_S20_11_7_20, auxf-impr from fMLLR is 0, over 144 frames.
WARNING (gmm-est-fmllr:Update():fmllr-diag-gmm.cc:162) Not updating fMLLR since below min-count: count is 156
LOG (gmm-est-fmllr:main():gmm-est-fmllr.cc:143) For speaker train_S20_12_1_12, auxf-impr from fMLLR is 0, over 156 frames.
WARNING (gmm-est-fmllr:Update():fmllr-diag-gmm.cc:162) Not updating fMLLR since below min-count: count is 153
LOG (gmm-est-fmllr:main():gmm-est-fmllr.cc:143) For speaker train_S20_12_1_14, auxf-impr from fMLLR is 0, over 153 frames.
WARNING (gmm-est-fmllr:Update():fmllr-diag-gmm.cc:162) Not updating fMLLR since below min-count: count is 156
LOG (gmm-est-fmllr:main():gmm-est-fmllr.cc:143) For speaker train_S20_12_1_16, auxf-impr from fMLLR is 0, over 156 frames.
WARNING (gmm-est-fmllr:Update():fmllr-diag-gmm.cc:162) Not updating fMLLR since below min-count: count is 139
LOG (gmm-est-fmllr:main():gmm-est-fmllr.cc:143) For speaker train_S20_12_1_18, auxf-impr from fMLLR is 0, over 139 frames.
WARNING (gmm-est-fmllr:Update():fmllr-diag-gmm.cc:162) Not updating fMLLR since below min-count: count is 149
LOG (gmm-est-fmllr:main():gmm-est-fmllr.cc:143) For speaker train_S20_12_1_20, auxf-impr from fMLLR is 0, over 149 frames.
WARNING (gmm-est-fmllr:Update():fmllr-diag-gmm.cc:162) Not updating fMLLR since below min-count: count is 156
LOG (gmm-est-fmllr:main():gmm-est-fmllr.cc:143) For speaker train_S20_12_2_12, auxf-impr from fMLLR is 0, over 156 frames.
WARNING (gmm-est-fmllr:Update():fmllr-diag-gmm.cc:162) Not updating fMLLR since below min-count: count is 153
LOG (gmm-est-fmllr:main():gmm-est-fmllr.cc:143) For speaker train_S20_12_2_14, auxf-impr from fMLLR is 0, over 153 frames.
WARNING (gmm-est-fmllr:Update():fmllr-diag-gmm.cc:162) Not updating fMLLR since below min-count: count is 156
LOG (gmm-est-fmllr:main():gmm-est-fmllr.cc:143) For speaker train_S20_12_2_16, auxf-impr from fMLLR is 0, over 156 frames.
WARNING (gmm-est-fmllr:Update():fmllr-diag-gmm.cc:162) Not updating fMLLR since below min-count: count is 139
LOG (gmm-est-fmllr:main():gmm-est-fmllr.cc:143) For speaker train_S20_12_2_18, auxf-impr from fMLLR is 0, over 139 frames.
WARNING (gmm-est-fmllr:Update():fmllr-diag-gmm.cc:162) Not updating fMLLR since below min-count: count is 149
LOG (gmm-est-fmllr:main():gmm-est-fmllr.cc:143) For speaker train_S20_12_2_20, auxf-impr from fMLLR is 0, over 149 frames.
WARNING (gmm-est-fmllr:Update():fmllr-diag-gmm.cc:162) Not updating fMLLR since below min-count: count is 156
LOG (gmm-est-fmllr:main():gmm-est-fmllr.cc:143) For speaker train_S20_12_3_12, auxf-impr from fMLLR is 0, over 156 frames.
WARNING (gmm-est-fmllr:Update():fmllr-diag-gmm.cc:162) Not updating fMLLR since below min-count: count is 153
LOG (gmm-est-fmllr:main():gmm-est-fmllr.cc:143) For speaker train_S20_12_3_14, auxf-impr from fMLLR is 0, over 153 frames.
WARNING (gmm-est-fmllr:Update():fmllr-diag-gmm.cc:162) Not updating fMLLR since below min-count: count is 156
LOG (gmm-est-fmllr:main():gmm-est-fmllr.cc:143) For speaker train_S20_12_3_16, auxf-impr from fMLLR is 0, over 156 frames.
WARNING (gmm-est-fmllr:Update():fmllr-diag-gmm.cc:162) Not updating fMLLR since below min-count: count is 139
LOG (gmm-est-fmllr:main():gmm-est-fmllr.cc:143) For speaker train_S20_12_3_18, auxf-impr from fMLLR is 0, over 139 frames.
WARNING (gmm-est-fmllr:Update():fmllr-diag-gmm.cc:162) Not updating fMLLR since below min-count: count is 149
LOG (gmm-est-fmllr:main():gmm-est-fmllr.cc:143) For speaker train_S20_12_3_20, auxf-impr from fMLLR is 0, over 149 frames.
WARNING (gmm-est-fmllr:Update():fmllr-diag-gmm.cc:162) Not updating fMLLR since below min-count: count is 156
LOG (gmm-est-fmllr:main():gmm-est-fmllr.cc:143) For speaker train_S20_12_4_12, auxf-impr from fMLLR is 0, over 156 frames.
WARNING (gmm-est-fmllr:Update():fmllr-diag-gmm.cc:162) Not updating fMLLR since below min-count: count is 153
LOG (gmm-est-fmllr:main():gmm-est-fmllr.cc:143) For speaker train_S20_12_4_14, auxf-impr from fMLLR is 0, over 153 frames.
WARNING (gmm-est-fmllr:Update():fmllr-diag-gmm.cc:162) Not updating fMLLR since below min-count: count is 156
LOG (gmm-est-fmllr:main():gmm-est-fmllr.cc:143) For speaker train_S20_12_4_16, auxf-impr from fMLLR is 0, over 156 frames.
WARNING (gmm-est-fmllr:Update():fmllr-diag-gmm.cc:162) Not updating fMLLR since below min-count: count is 139
LOG (gmm-est-fmllr:main():gmm-est-fmllr.cc:143) For speaker train_S20_12_4_18, auxf-impr from fMLLR is 0, over 139 frames.
WARNING (gmm-est-fmllr:Update():fmllr-diag-gmm.cc:162) Not updating fMLLR since below min-count: count is 149
LOG (gmm-est-fmllr:main():gmm-est-fmllr.cc:143) For speaker train_S20_12_4_20, auxf-impr from fMLLR is 0, over 149 frames.
WARNING (gmm-est-fmllr:Update():fmllr-diag-gmm.cc:162) Not updating fMLLR since below min-count: count is 156
LOG (gmm-est-fmllr:main():gmm-est-fmllr.cc:143) For speaker train_S20_12_5_12, auxf-impr from fMLLR is 0, over 156 frames.
LOG (ali-to-post:main():ali-to-post.cc:65) Converted 275 alignments.
WARNING (gmm-est-fmllr:Update():fmllr-diag-gmm.cc:162) Not updating fMLLR since below min-count: count is 153
LOG (gmm-est-fmllr:main():gmm-est-fmllr.cc:143) For speaker train_S20_12_5_14, auxf-impr from fMLLR is 0, over 153 frames.
WARNING (gmm-est-fmllr:Update():fmllr-diag-gmm.cc:162) Not updating fMLLR since below min-count: count is 156
LOG (gmm-est-fmllr:main():gmm-est-fmllr.cc:143) For speaker train_S20_12_5_16, auxf-impr from fMLLR is 0, over 156 frames.
WARNING (gmm-est-fmllr:Update():fmllr-diag-gmm.cc:162) Not updating fMLLR since below min-count: count is 139
LOG (gmm-est-fmllr:main():gmm-est-fmllr.cc:143) For speaker train_S20_12_5_18, auxf-impr from fMLLR is 0, over 139 frames.
WARNING (gmm-est-fmllr:Update():fmllr-diag-gmm.cc:162) Not updating fMLLR since below min-count: count is 149
LOG (gmm-est-fmllr:main():gmm-est-fmllr.cc:143) For speaker train_S20_12_5_20, auxf-impr from fMLLR is 0, over 149 frames.
WARNING (gmm-est-fmllr:Update():fmllr-diag-gmm.cc:162) Not updating fMLLR since below min-count: count is 156
LOG (gmm-est-fmllr:main():gmm-est-fmllr.cc:143) For speaker train_S20_12_6_12, auxf-impr from fMLLR is 0, over 156 frames.
WARNING (gmm-est-fmllr:Update():fmllr-diag-gmm.cc:162) Not updating fMLLR since below min-count: count is 153
LOG (gmm-est-fmllr:main():gmm-est-fmllr.cc:143) For speaker train_S20_12_6_14, auxf-impr from fMLLR is 0, over 153 frames.
WARNING (gmm-est-fmllr:Update():fmllr-diag-gmm.cc:162) Not updating fMLLR since below min-count: count is 156
LOG (gmm-est-fmllr:main():gmm-est-fmllr.cc:143) For speaker train_S20_12_6_16, auxf-impr from fMLLR is 0, over 156 frames.
WARNING (gmm-est-fmllr:Update():fmllr-diag-gmm.cc:162) Not updating fMLLR since below min-count: count is 139
LOG (gmm-est-fmllr:main():gmm-est-fmllr.cc:143) For speaker train_S20_12_6_18, auxf-impr from fMLLR is 0, over 139 frames.
WARNING (gmm-est-fmllr:Update():fmllr-diag-gmm.cc:162) Not updating fMLLR since below min-count: count is 149
LOG (gmm-est-fmllr:main():gmm-est-fmllr.cc:143) For speaker train_S20_12_6_20, auxf-impr from fMLLR is 0, over 149 frames.
WARNING (gmm-est-fmllr:Update():fmllr-diag-gmm.cc:162) Not updating fMLLR since below min-count: count is 156
LOG (gmm-est-fmllr:main():gmm-est-fmllr.cc:143) For speaker train_S20_12_7_12, auxf-impr from fMLLR is 0, over 156 frames.
WARNING (gmm-est-fmllr:Update():fmllr-diag-gmm.cc:162) Not updating fMLLR since below min-count: count is 153
LOG (gmm-est-fmllr:main():gmm-est-fmllr.cc:143) For speaker train_S20_12_7_14, auxf-impr from fMLLR is 0, over 153 frames.
WARNING (gmm-est-fmllr:Update():fmllr-diag-gmm.cc:162) Not updating fMLLR since below min-count: count is 156
LOG (gmm-est-fmllr:main():gmm-est-fmllr.cc:143) For speaker train_S20_12_7_16, auxf-impr from fMLLR is 0, over 156 frames.
WARNING (gmm-est-fmllr:Update():fmllr-diag-gmm.cc:162) Not updating fMLLR since below min-count: count is 139
LOG (gmm-est-fmllr:main():gmm-est-fmllr.cc:143) For speaker train_S20_12_7_18, auxf-impr from fMLLR is 0, over 139 frames.
WARNING (gmm-est-fmllr:Update():fmllr-diag-gmm.cc:162) Not updating fMLLR since below min-count: count is 149
LOG (gmm-est-fmllr:main():gmm-est-fmllr.cc:143) For speaker train_S20_12_7_20, auxf-impr from fMLLR is 0, over 149 frames.
WARNING (gmm-est-fmllr:Update():fmllr-diag-gmm.cc:162) Not updating fMLLR since below min-count: count is 146
LOG (gmm-est-fmllr:main():gmm-est-fmllr.cc:143) For speaker train_S20_13_1_12, auxf-impr from fMLLR is 0, over 146 frames.
WARNING (gmm-est-fmllr:Update():fmllr-diag-gmm.cc:162) Not updating fMLLR since below min-count: count is 143
LOG (gmm-est-fmllr:main():gmm-est-fmllr.cc:143) For speaker train_S20_13_1_14, auxf-impr from fMLLR is 0, over 143 frames.
WARNING (gmm-est-fmllr:Update():fmllr-diag-gmm.cc:162) Not updating fMLLR since below min-count: count is 147
LOG (gmm-est-fmllr:main():gmm-est-fmllr.cc:143) For speaker train_S20_13_1_16, auxf-impr from fMLLR is 0, over 147 frames.
WARNING (gmm-est-fmllr:Update():fmllr-diag-gmm.cc:162) Not updating fMLLR since below min-count: count is 130
LOG (gmm-est-fmllr:main():gmm-est-fmllr.cc:143) For speaker train_S20_13_1_18, auxf-impr from fMLLR is 0, over 130 frames.
WARNING (gmm-est-fmllr:Update():fmllr-diag-gmm.cc:162) Not updating fMLLR since below min-count: count is 140
LOG (gmm-est-fmllr:main():gmm-est-fmllr.cc:143) For speaker train_S20_13_1_20, auxf-impr from fMLLR is 0, over 140 frames.
WARNING (gmm-est-fmllr:Update():fmllr-diag-gmm.cc:162) Not updating fMLLR since below min-count: count is 146
LOG (gmm-est-fmllr:main():gmm-est-fmllr.cc:143) For speaker train_S20_13_2_12, auxf-impr from fMLLR is 0, over 146 frames.
WARNING (gmm-est-fmllr:Update():fmllr-diag-gmm.cc:162) Not updating fMLLR since below min-count: count is 143
LOG (gmm-est-fmllr:main():gmm-est-fmllr.cc:143) For speaker train_S20_13_2_14, auxf-impr from fMLLR is 0, over 143 frames.
WARNING (gmm-est-fmllr:Update():fmllr-diag-gmm.cc:162) Not updating fMLLR since below min-count: count is 147
LOG (gmm-est-fmllr:main():gmm-est-fmllr.cc:143) For speaker train_S20_13_2_16, auxf-impr from fMLLR is 0, over 147 frames.
WARNING (gmm-est-fmllr:Update():fmllr-diag-gmm.cc:162) Not updating fMLLR since below min-count: count is 130
LOG (gmm-est-fmllr:main():gmm-est-fmllr.cc:143) For speaker train_S20_13_2_18, auxf-impr from fMLLR is 0, over 130 frames.
LOG (weight-silence-post:main():weight-silence-post.cc:95) Done 275 posteriors.
WARNING (gmm-est-fmllr:Update():fmllr-diag-gmm.cc:162) Not updating fMLLR since below min-count: count is 140
LOG (gmm-est-fmllr:main():gmm-est-fmllr.cc:143) For speaker train_S20_13_2_20, auxf-impr from fMLLR is 0, over 140 frames.
WARNING (gmm-est-fmllr:Update():fmllr-diag-gmm.cc:162) Not updating fMLLR since below min-count: count is 146
LOG (gmm-est-fmllr:main():gmm-est-fmllr.cc:143) For speaker train_S20_13_3_12, auxf-impr from fMLLR is 0, over 146 frames.
WARNING (gmm-est-fmllr:Update():fmllr-diag-gmm.cc:162) Not updating fMLLR since below min-count: count is 143
LOG (gmm-est-fmllr:main():gmm-est-fmllr.cc:143) For speaker train_S20_13_3_14, auxf-impr from fMLLR is 0, over 143 frames.
WARNING (gmm-est-fmllr:Update():fmllr-diag-gmm.cc:162) Not updating fMLLR since below min-count: count is 147
LOG (gmm-est-fmllr:main():gmm-est-fmllr.cc:143) For speaker train_S20_13_3_16, auxf-impr from fMLLR is 0, over 147 frames.
WARNING (gmm-est-fmllr:Update():fmllr-diag-gmm.cc:162) Not updating fMLLR since below min-count: count is 130
LOG (gmm-est-fmllr:main():gmm-est-fmllr.cc:143) For speaker train_S20_13_3_18, auxf-impr from fMLLR is 0, over 130 frames.
WARNING (gmm-est-fmllr:Update():fmllr-diag-gmm.cc:162) Not updating fMLLR since below min-count: count is 140
LOG (gmm-est-fmllr:main():gmm-est-fmllr.cc:143) For speaker train_S20_13_3_20, auxf-impr from fMLLR is 0, over 140 frames.
LOG (apply-cmvn:main():apply-cmvn.cc:146) Applied cepstral mean normalization to 275 utterances, errors on 0
WARNING (gmm-est-fmllr:Update():fmllr-diag-gmm.cc:162) Not updating fMLLR since below min-count: count is 146
LOG (gmm-est-fmllr:main():gmm-est-fmllr.cc:143) For speaker train_S20_13_4_12, auxf-impr from fMLLR is 0, over 146 frames.
WARNING (gmm-est-fmllr:Update():fmllr-diag-gmm.cc:162) Not updating fMLLR since below min-count: count is 143
LOG (gmm-est-fmllr:main():gmm-est-fmllr.cc:143) For speaker train_S20_13_4_14, auxf-impr from fMLLR is 0, over 143 frames.
WARNING (gmm-est-fmllr:Update():fmllr-diag-gmm.cc:162) Not updating fMLLR since below min-count: count is 147
LOG (gmm-est-fmllr:main():gmm-est-fmllr.cc:143) For speaker train_S20_13_4_16, auxf-impr from fMLLR is 0, over 147 frames.
WARNING (gmm-est-fmllr:Update():fmllr-diag-gmm.cc:162) Not updating fMLLR since below min-count: count is 130
LOG (gmm-est-fmllr:main():gmm-est-fmllr.cc:143) For speaker train_S20_13_4_18, auxf-impr from fMLLR is 0, over 130 frames.
WARNING (gmm-est-fmllr:Update():fmllr-diag-gmm.cc:162) Not updating fMLLR since below min-count: count is 140
LOG (gmm-est-fmllr:main():gmm-est-fmllr.cc:143) For speaker train_S20_13_4_20, auxf-impr from fMLLR is 0, over 140 frames.
WARNING (gmm-est-fmllr:Update():fmllr-diag-gmm.cc:162) Not updating fMLLR since below min-count: count is 146
LOG (gmm-est-fmllr:main():gmm-est-fmllr.cc:143) For speaker train_S20_13_5_12, auxf-impr from fMLLR is 0, over 146 frames.
WARNING (gmm-est-fmllr:Update():fmllr-diag-gmm.cc:162) Not updating fMLLR since below min-count: count is 143
LOG (gmm-est-fmllr:main():gmm-est-fmllr.cc:143) For speaker train_S20_13_5_14, auxf-impr from fMLLR is 0, over 143 frames.
WARNING (gmm-est-fmllr:Update():fmllr-diag-gmm.cc:162) Not updating fMLLR since below min-count: count is 147
LOG (gmm-est-fmllr:main():gmm-est-fmllr.cc:143) For speaker train_S20_13_5_16, auxf-impr from fMLLR is 0, over 147 frames.
WARNING (gmm-est-fmllr:Update():fmllr-diag-gmm.cc:162) Not updating fMLLR since below min-count: count is 130
LOG (gmm-est-fmllr:main():gmm-est-fmllr.cc:143) For speaker train_S20_13_5_18, auxf-impr from fMLLR is 0, over 130 frames.
LOG (transform-feats:main():transform-feats.cc:158) Overall average logdet is 0 over 79243 frames.
LOG (transform-feats:main():transform-feats.cc:161) Applied transform to 275 utterances; 0 had errors.
WARNING (gmm-est-fmllr:Update():fmllr-diag-gmm.cc:162) Not updating fMLLR since below min-count: count is 140
LOG (gmm-est-fmllr:main():gmm-est-fmllr.cc:143) For speaker train_S20_13_5_20, auxf-impr from fMLLR is 0, over 140 frames.
WARNING (gmm-est-fmllr:Update():fmllr-diag-gmm.cc:162) Not updating fMLLR since below min-count: count is 146
LOG (gmm-est-fmllr:main():gmm-est-fmllr.cc:143) For speaker train_S20_13_6_12, auxf-impr from fMLLR is 0, over 146 frames.
LOG (gmm-est-fmllr:main():gmm-est-fmllr.cc:188) Done 275 files, 0 with no posts, 0 with other errors.
LOG (gmm-est-fmllr:main():gmm-est-fmllr.cc:190) Overall fMLLR auxf impr per frame is 0 over 54348 frames.
# Accounting: time=2 threads=1
# Ended (code 0) at Thu Feb 27 12:04:09 IST 2020, elapsed time 2 seconds
