# ali-to-post "ark:gunzip -c exp/mono2/ali.2.gz|" ark:- | weight-silence-post 0.0 1 exp/mono2/12.mdl ark:- ark:- | gmm-est-fmllr --fmllr-update-type=full --spk2utt=ark:data/train/split30/2/spk2utt exp/mono2/12.mdl "ark,s,cs:apply-cmvn  --utt2spk=ark:data/train/split30/2/utt2spk scp:data/train/split30/2/cmvn.scp scp:data/train/split30/2/feats.scp ark:- | add-deltas  ark:- ark:- | transform-feats --utt2spk=ark:data/train/split30/2/utt2spk ark:exp/mono2/trans.2 ark:- ark:- |" ark:- ark:exp/mono2/tmp_trans.2 
# Started at Thu Feb 27 12:05:26 IST 2020
#
weight-silence-post 0.0 1 exp/mono2/12.mdl ark:- ark:- 
ali-to-post 'ark:gunzip -c exp/mono2/ali.2.gz|' ark:- 
gmm-est-fmllr --fmllr-update-type=full --spk2utt=ark:data/train/split30/2/spk2utt exp/mono2/12.mdl 'ark,s,cs:apply-cmvn  --utt2spk=ark:data/train/split30/2/utt2spk scp:data/train/split30/2/cmvn.scp scp:data/train/split30/2/feats.scp ark:- | add-deltas  ark:- ark:- | transform-feats --utt2spk=ark:data/train/split30/2/utt2spk ark:exp/mono2/trans.2 ark:- ark:- |' ark:- ark:exp/mono2/tmp_trans.2 
add-deltas ark:- ark:- 
apply-cmvn --utt2spk=ark:data/train/split30/2/utt2spk scp:data/train/split30/2/cmvn.scp scp:data/train/split30/2/feats.scp ark:- 
transform-feats --utt2spk=ark:data/train/split30/2/utt2spk ark:exp/mono2/trans.2 ark:- ark:- 
WARNING (gmm-est-fmllr:Update():fmllr-diag-gmm.cc:162) Not updating fMLLR since below min-count: count is 199
LOG (gmm-est-fmllr:main():gmm-est-fmllr.cc:143) For speaker train_S10_5_7_14, auxf-impr from fMLLR is 0, over 199 frames.
WARNING (gmm-est-fmllr:Update():fmllr-diag-gmm.cc:162) Not updating fMLLR since below min-count: count is 203
LOG (gmm-est-fmllr:main():gmm-est-fmllr.cc:143) For speaker train_S10_5_7_16, auxf-impr from fMLLR is 0, over 203 frames.
WARNING (gmm-est-fmllr:Update():fmllr-diag-gmm.cc:162) Not updating fMLLR since below min-count: count is 180
LOG (gmm-est-fmllr:main():gmm-est-fmllr.cc:143) For speaker train_S10_5_7_18, auxf-impr from fMLLR is 0, over 180 frames.
WARNING (gmm-est-fmllr:Update():fmllr-diag-gmm.cc:162) Not updating fMLLR since below min-count: count is 195
LOG (gmm-est-fmllr:main():gmm-est-fmllr.cc:143) For speaker train_S10_5_7_20, auxf-impr from fMLLR is 0, over 195 frames.
WARNING (gmm-est-fmllr:Update():fmllr-diag-gmm.cc:162) Not updating fMLLR since below min-count: count is 202
LOG (gmm-est-fmllr:main():gmm-est-fmllr.cc:143) For speaker train_S10_6_1_12, auxf-impr from fMLLR is 0, over 202 frames.
WARNING (gmm-est-fmllr:Update():fmllr-diag-gmm.cc:162) Not updating fMLLR since below min-count: count is 197
LOG (gmm-est-fmllr:main():gmm-est-fmllr.cc:143) For speaker train_S10_6_1_14, auxf-impr from fMLLR is 0, over 197 frames.
WARNING (gmm-est-fmllr:Update():fmllr-diag-gmm.cc:162) Not updating fMLLR since below min-count: count is 202
LOG (gmm-est-fmllr:main():gmm-est-fmllr.cc:143) For speaker train_S10_6_1_16, auxf-impr from fMLLR is 0, over 202 frames.
WARNING (gmm-est-fmllr:Update():fmllr-diag-gmm.cc:162) Not updating fMLLR since below min-count: count is 179
LOG (gmm-est-fmllr:main():gmm-est-fmllr.cc:143) For speaker train_S10_6_1_18, auxf-impr from fMLLR is 0, over 179 frames.
WARNING (gmm-est-fmllr:Update():fmllr-diag-gmm.cc:162) Not updating fMLLR since below min-count: count is 192
LOG (gmm-est-fmllr:main():gmm-est-fmllr.cc:143) For speaker train_S10_6_1_20, auxf-impr from fMLLR is 0, over 192 frames.
WARNING (gmm-est-fmllr:Update():fmllr-diag-gmm.cc:162) Not updating fMLLR since below min-count: count is 202
LOG (gmm-est-fmllr:main():gmm-est-fmllr.cc:143) For speaker train_S10_6_2_12, auxf-impr from fMLLR is 0, over 202 frames.
WARNING (gmm-est-fmllr:Update():fmllr-diag-gmm.cc:162) Not updating fMLLR since below min-count: count is 198
LOG (gmm-est-fmllr:main():gmm-est-fmllr.cc:143) For speaker train_S10_6_2_14, auxf-impr from fMLLR is 0, over 198 frames.
WARNING (gmm-est-fmllr:Update():fmllr-diag-gmm.cc:162) Not updating fMLLR since below min-count: count is 202
LOG (gmm-est-fmllr:main():gmm-est-fmllr.cc:143) For speaker train_S10_6_2_16, auxf-impr from fMLLR is 0, over 202 frames.
WARNING (gmm-est-fmllr:Update():fmllr-diag-gmm.cc:162) Not updating fMLLR since below min-count: count is 179
LOG (gmm-est-fmllr:main():gmm-est-fmllr.cc:143) For speaker train_S10_6_2_18, auxf-impr from fMLLR is 0, over 179 frames.
WARNING (gmm-est-fmllr:Update():fmllr-diag-gmm.cc:162) Not updating fMLLR since below min-count: count is 192
LOG (gmm-est-fmllr:main():gmm-est-fmllr.cc:143) For speaker train_S10_6_2_20, auxf-impr from fMLLR is 0, over 192 frames.
WARNING (gmm-est-fmllr:Update():fmllr-diag-gmm.cc:162) Not updating fMLLR since below min-count: count is 202
LOG (gmm-est-fmllr:main():gmm-est-fmllr.cc:143) For speaker train_S10_6_3_12, auxf-impr from fMLLR is 0, over 202 frames.
WARNING (gmm-est-fmllr:Update():fmllr-diag-gmm.cc:162) Not updating fMLLR since below min-count: count is 198
LOG (gmm-est-fmllr:main():gmm-est-fmllr.cc:143) For speaker train_S10_6_3_14, auxf-impr from fMLLR is 0, over 198 frames.
WARNING (gmm-est-fmllr:Update():fmllr-diag-gmm.cc:162) Not updating fMLLR since below min-count: count is 202
LOG (gmm-est-fmllr:main():gmm-est-fmllr.cc:143) For speaker train_S10_6_3_16, auxf-impr from fMLLR is 0, over 202 frames.
WARNING (gmm-est-fmllr:Update():fmllr-diag-gmm.cc:162) Not updating fMLLR since below min-count: count is 179
LOG (gmm-est-fmllr:main():gmm-est-fmllr.cc:143) For speaker train_S10_6_3_18, auxf-impr from fMLLR is 0, over 179 frames.
WARNING (gmm-est-fmllr:Update():fmllr-diag-gmm.cc:162) Not updating fMLLR since below min-count: count is 192
LOG (gmm-est-fmllr:main():gmm-est-fmllr.cc:143) For speaker train_S10_6_3_20, auxf-impr from fMLLR is 0, over 192 frames.
WARNING (gmm-est-fmllr:Update():fmllr-diag-gmm.cc:162) Not updating fMLLR since below min-count: count is 202
LOG (gmm-est-fmllr:main():gmm-est-fmllr.cc:143) For speaker train_S10_6_4_12, auxf-impr from fMLLR is 0, over 202 frames.
WARNING (gmm-est-fmllr:Update():fmllr-diag-gmm.cc:162) Not updating fMLLR since below min-count: count is 198
LOG (gmm-est-fmllr:main():gmm-est-fmllr.cc:143) For speaker train_S10_6_4_14, auxf-impr from fMLLR is 0, over 198 frames.
WARNING (gmm-est-fmllr:Update():fmllr-diag-gmm.cc:162) Not updating fMLLR since below min-count: count is 202
LOG (gmm-est-fmllr:main():gmm-est-fmllr.cc:143) For speaker train_S10_6_4_16, auxf-impr from fMLLR is 0, over 202 frames.
WARNING (gmm-est-fmllr:Update():fmllr-diag-gmm.cc:162) Not updating fMLLR since below min-count: count is 179
LOG (gmm-est-fmllr:main():gmm-est-fmllr.cc:143) For speaker train_S10_6_4_18, auxf-impr from fMLLR is 0, over 179 frames.
WARNING (gmm-est-fmllr:Update():fmllr-diag-gmm.cc:162) Not updating fMLLR since below min-count: count is 192
LOG (gmm-est-fmllr:main():gmm-est-fmllr.cc:143) For speaker train_S10_6_4_20, auxf-impr from fMLLR is 0, over 192 frames.
WARNING (gmm-est-fmllr:Update():fmllr-diag-gmm.cc:162) Not updating fMLLR since below min-count: count is 202
LOG (gmm-est-fmllr:main():gmm-est-fmllr.cc:143) For speaker train_S10_6_5_12, auxf-impr from fMLLR is 0, over 202 frames.
WARNING (gmm-est-fmllr:Update():fmllr-diag-gmm.cc:162) Not updating fMLLR since below min-count: count is 198
LOG (gmm-est-fmllr:main():gmm-est-fmllr.cc:143) For speaker train_S10_6_5_14, auxf-impr from fMLLR is 0, over 198 frames.
WARNING (gmm-est-fmllr:Update():fmllr-diag-gmm.cc:162) Not updating fMLLR since below min-count: count is 202
LOG (gmm-est-fmllr:main():gmm-est-fmllr.cc:143) For speaker train_S10_6_5_16, auxf-impr from fMLLR is 0, over 202 frames.
WARNING (gmm-est-fmllr:Update():fmllr-diag-gmm.cc:162) Not updating fMLLR since below min-count: count is 179
LOG (gmm-est-fmllr:main():gmm-est-fmllr.cc:143) For speaker train_S10_6_5_18, auxf-impr from fMLLR is 0, over 179 frames.
WARNING (gmm-est-fmllr:Update():fmllr-diag-gmm.cc:162) Not updating fMLLR since below min-count: count is 192
LOG (gmm-est-fmllr:main():gmm-est-fmllr.cc:143) For speaker train_S10_6_5_20, auxf-impr from fMLLR is 0, over 192 frames.
WARNING (gmm-est-fmllr:Update():fmllr-diag-gmm.cc:162) Not updating fMLLR since below min-count: count is 202
LOG (gmm-est-fmllr:main():gmm-est-fmllr.cc:143) For speaker train_S10_6_6_12, auxf-impr from fMLLR is 0, over 202 frames.
WARNING (gmm-est-fmllr:Update():fmllr-diag-gmm.cc:162) Not updating fMLLR since below min-count: count is 198
LOG (gmm-est-fmllr:main():gmm-est-fmllr.cc:143) For speaker train_S10_6_6_14, auxf-impr from fMLLR is 0, over 198 frames.
WARNING (gmm-est-fmllr:Update():fmllr-diag-gmm.cc:162) Not updating fMLLR since below min-count: count is 202
LOG (gmm-est-fmllr:main():gmm-est-fmllr.cc:143) For speaker train_S10_6_6_16, auxf-impr from fMLLR is 0, over 202 frames.
WARNING (gmm-est-fmllr:Update():fmllr-diag-gmm.cc:162) Not updating fMLLR since below min-count: count is 179
LOG (gmm-est-fmllr:main():gmm-est-fmllr.cc:143) For speaker train_S10_6_6_18, auxf-impr from fMLLR is 0, over 179 frames.
WARNING (gmm-est-fmllr:Update():fmllr-diag-gmm.cc:162) Not updating fMLLR since below min-count: count is 192
LOG (gmm-est-fmllr:main():gmm-est-fmllr.cc:143) For speaker train_S10_6_6_20, auxf-impr from fMLLR is 0, over 192 frames.
WARNING (gmm-est-fmllr:Update():fmllr-diag-gmm.cc:162) Not updating fMLLR since below min-count: count is 202
LOG (gmm-est-fmllr:main():gmm-est-fmllr.cc:143) For speaker train_S10_6_7_12, auxf-impr from fMLLR is 0, over 202 frames.
WARNING (gmm-est-fmllr:Update():fmllr-diag-gmm.cc:162) Not updating fMLLR since below min-count: count is 198
LOG (gmm-est-fmllr:main():gmm-est-fmllr.cc:143) For speaker train_S10_6_7_14, auxf-impr from fMLLR is 0, over 198 frames.
WARNING (gmm-est-fmllr:Update():fmllr-diag-gmm.cc:162) Not updating fMLLR since below min-count: count is 202
LOG (gmm-est-fmllr:main():gmm-est-fmllr.cc:143) For speaker train_S10_6_7_16, auxf-impr from fMLLR is 0, over 202 frames.
WARNING (gmm-est-fmllr:Update():fmllr-diag-gmm.cc:162) Not updating fMLLR since below min-count: count is 179
LOG (gmm-est-fmllr:main():gmm-est-fmllr.cc:143) For speaker train_S10_6_7_18, auxf-impr from fMLLR is 0, over 179 frames.
WARNING (gmm-est-fmllr:Update():fmllr-diag-gmm.cc:162) Not updating fMLLR since below min-count: count is 192
LOG (gmm-est-fmllr:main():gmm-est-fmllr.cc:143) For speaker train_S10_6_7_20, auxf-impr from fMLLR is 0, over 192 frames.
WARNING (gmm-est-fmllr:Update():fmllr-diag-gmm.cc:162) Not updating fMLLR since below min-count: count is 212
LOG (gmm-est-fmllr:main():gmm-est-fmllr.cc:143) For speaker train_S10_7_1_12, auxf-impr from fMLLR is 0, over 212 frames.
WARNING (gmm-est-fmllr:Update():fmllr-diag-gmm.cc:162) Not updating fMLLR since below min-count: count is 208
LOG (gmm-est-fmllr:main():gmm-est-fmllr.cc:143) For speaker train_S10_7_1_14, auxf-impr from fMLLR is 0, over 208 frames.
WARNING (gmm-est-fmllr:Update():fmllr-diag-gmm.cc:162) Not updating fMLLR since below min-count: count is 212
LOG (gmm-est-fmllr:main():gmm-est-fmllr.cc:143) For speaker train_S10_7_1_16, auxf-impr from fMLLR is 0, over 212 frames.
WARNING (gmm-est-fmllr:Update():fmllr-diag-gmm.cc:162) Not updating fMLLR since below min-count: count is 188
LOG (gmm-est-fmllr:main():gmm-est-fmllr.cc:143) For speaker train_S10_7_1_18, auxf-impr from fMLLR is 0, over 188 frames.
WARNING (gmm-est-fmllr:Update():fmllr-diag-gmm.cc:162) Not updating fMLLR since below min-count: count is 202
LOG (gmm-est-fmllr:main():gmm-est-fmllr.cc:143) For speaker train_S10_7_1_20, auxf-impr from fMLLR is 0, over 202 frames.
WARNING (gmm-est-fmllr:Update():fmllr-diag-gmm.cc:162) Not updating fMLLR since below min-count: count is 212
LOG (gmm-est-fmllr:main():gmm-est-fmllr.cc:143) For speaker train_S10_7_2_12, auxf-impr from fMLLR is 0, over 212 frames.
WARNING (gmm-est-fmllr:Update():fmllr-diag-gmm.cc:162) Not updating fMLLR since below min-count: count is 208
LOG (gmm-est-fmllr:main():gmm-est-fmllr.cc:143) For speaker train_S10_7_2_14, auxf-impr from fMLLR is 0, over 208 frames.
WARNING (gmm-est-fmllr:Update():fmllr-diag-gmm.cc:162) Not updating fMLLR since below min-count: count is 212
LOG (gmm-est-fmllr:main():gmm-est-fmllr.cc:143) For speaker train_S10_7_2_16, auxf-impr from fMLLR is 0, over 212 frames.
WARNING (gmm-est-fmllr:Update():fmllr-diag-gmm.cc:162) Not updating fMLLR since below min-count: count is 188
LOG (gmm-est-fmllr:main():gmm-est-fmllr.cc:143) For speaker train_S10_7_2_18, auxf-impr from fMLLR is 0, over 188 frames.
WARNING (gmm-est-fmllr:Update():fmllr-diag-gmm.cc:162) Not updating fMLLR since below min-count: count is 202
LOG (gmm-est-fmllr:main():gmm-est-fmllr.cc:143) For speaker train_S10_7_2_20, auxf-impr from fMLLR is 0, over 202 frames.
WARNING (gmm-est-fmllr:Update():fmllr-diag-gmm.cc:162) Not updating fMLLR since below min-count: count is 212
LOG (gmm-est-fmllr:main():gmm-est-fmllr.cc:143) For speaker train_S10_7_3_12, auxf-impr from fMLLR is 0, over 212 frames.
WARNING (gmm-est-fmllr:Update():fmllr-diag-gmm.cc:162) Not updating fMLLR since below min-count: count is 208
LOG (gmm-est-fmllr:main():gmm-est-fmllr.cc:143) For speaker train_S10_7_3_14, auxf-impr from fMLLR is 0, over 208 frames.
WARNING (gmm-est-fmllr:Update():fmllr-diag-gmm.cc:162) Not updating fMLLR since below min-count: count is 212
LOG (gmm-est-fmllr:main():gmm-est-fmllr.cc:143) For speaker train_S10_7_3_16, auxf-impr from fMLLR is 0, over 212 frames.
WARNING (gmm-est-fmllr:Update():fmllr-diag-gmm.cc:162) Not updating fMLLR since below min-count: count is 188
LOG (gmm-est-fmllr:main():gmm-est-fmllr.cc:143) For speaker train_S10_7_3_18, auxf-impr from fMLLR is 0, over 188 frames.
WARNING (gmm-est-fmllr:Update():fmllr-diag-gmm.cc:162) Not updating fMLLR since below min-count: count is 202
LOG (gmm-est-fmllr:main():gmm-est-fmllr.cc:143) For speaker train_S10_7_3_20, auxf-impr from fMLLR is 0, over 202 frames.
WARNING (gmm-est-fmllr:Update():fmllr-diag-gmm.cc:162) Not updating fMLLR since below min-count: count is 212
LOG (gmm-est-fmllr:main():gmm-est-fmllr.cc:143) For speaker train_S10_7_4_12, auxf-impr from fMLLR is 0, over 212 frames.
WARNING (gmm-est-fmllr:Update():fmllr-diag-gmm.cc:162) Not updating fMLLR since below min-count: count is 208
LOG (gmm-est-fmllr:main():gmm-est-fmllr.cc:143) For speaker train_S10_7_4_14, auxf-impr from fMLLR is 0, over 208 frames.
WARNING (gmm-est-fmllr:Update():fmllr-diag-gmm.cc:162) Not updating fMLLR since below min-count: count is 212
LOG (gmm-est-fmllr:main():gmm-est-fmllr.cc:143) For speaker train_S10_7_4_16, auxf-impr from fMLLR is 0, over 212 frames.
WARNING (gmm-est-fmllr:Update():fmllr-diag-gmm.cc:162) Not updating fMLLR since below min-count: count is 188
LOG (gmm-est-fmllr:main():gmm-est-fmllr.cc:143) For speaker train_S10_7_4_18, auxf-impr from fMLLR is 0, over 188 frames.
WARNING (gmm-est-fmllr:Update():fmllr-diag-gmm.cc:162) Not updating fMLLR since below min-count: count is 202
LOG (gmm-est-fmllr:main():gmm-est-fmllr.cc:143) For speaker train_S10_7_4_20, auxf-impr from fMLLR is 0, over 202 frames.
WARNING (gmm-est-fmllr:Update():fmllr-diag-gmm.cc:162) Not updating fMLLR since below min-count: count is 212
LOG (gmm-est-fmllr:main():gmm-est-fmllr.cc:143) For speaker train_S10_7_5_12, auxf-impr from fMLLR is 0, over 212 frames.
WARNING (gmm-est-fmllr:Update():fmllr-diag-gmm.cc:162) Not updating fMLLR since below min-count: count is 208
LOG (gmm-est-fmllr:main():gmm-est-fmllr.cc:143) For speaker train_S10_7_5_14, auxf-impr from fMLLR is 0, over 208 frames.
WARNING (gmm-est-fmllr:Update():fmllr-diag-gmm.cc:162) Not updating fMLLR since below min-count: count is 212
LOG (gmm-est-fmllr:main():gmm-est-fmllr.cc:143) For speaker train_S10_7_5_16, auxf-impr from fMLLR is 0, over 212 frames.
WARNING (gmm-est-fmllr:Update():fmllr-diag-gmm.cc:162) Not updating fMLLR since below min-count: count is 188
LOG (gmm-est-fmllr:main():gmm-est-fmllr.cc:143) For speaker train_S10_7_5_18, auxf-impr from fMLLR is 0, over 188 frames.
WARNING (gmm-est-fmllr:Update():fmllr-diag-gmm.cc:162) Not updating fMLLR since below min-count: count is 202
LOG (gmm-est-fmllr:main():gmm-est-fmllr.cc:143) For speaker train_S10_7_5_20, auxf-impr from fMLLR is 0, over 202 frames.
WARNING (gmm-est-fmllr:Update():fmllr-diag-gmm.cc:162) Not updating fMLLR since below min-count: count is 212
LOG (gmm-est-fmllr:main():gmm-est-fmllr.cc:143) For speaker train_S10_7_6_12, auxf-impr from fMLLR is 0, over 212 frames.
WARNING (gmm-est-fmllr:Update():fmllr-diag-gmm.cc:162) Not updating fMLLR since below min-count: count is 208
LOG (gmm-est-fmllr:main():gmm-est-fmllr.cc:143) For speaker train_S10_7_6_14, auxf-impr from fMLLR is 0, over 208 frames.
WARNING (gmm-est-fmllr:Update():fmllr-diag-gmm.cc:162) Not updating fMLLR since below min-count: count is 212
LOG (gmm-est-fmllr:main():gmm-est-fmllr.cc:143) For speaker train_S10_7_6_16, auxf-impr from fMLLR is 0, over 212 frames.
WARNING (gmm-est-fmllr:Update():fmllr-diag-gmm.cc:162) Not updating fMLLR since below min-count: count is 188
LOG (gmm-est-fmllr:main():gmm-est-fmllr.cc:143) For speaker train_S10_7_6_18, auxf-impr from fMLLR is 0, over 188 frames.
WARNING (gmm-est-fmllr:Update():fmllr-diag-gmm.cc:162) Not updating fMLLR since below min-count: count is 202
LOG (gmm-est-fmllr:main():gmm-est-fmllr.cc:143) For speaker train_S10_7_6_20, auxf-impr from fMLLR is 0, over 202 frames.
WARNING (gmm-est-fmllr:Update():fmllr-diag-gmm.cc:162) Not updating fMLLR since below min-count: count is 212
LOG (gmm-est-fmllr:main():gmm-est-fmllr.cc:143) For speaker train_S10_7_7_12, auxf-impr from fMLLR is 0, over 212 frames.
WARNING (gmm-est-fmllr:Update():fmllr-diag-gmm.cc:162) Not updating fMLLR since below min-count: count is 208
LOG (gmm-est-fmllr:main():gmm-est-fmllr.cc:143) For speaker train_S10_7_7_14, auxf-impr from fMLLR is 0, over 208 frames.
WARNING (gmm-est-fmllr:Update():fmllr-diag-gmm.cc:162) Not updating fMLLR since below min-count: count is 212
LOG (gmm-est-fmllr:main():gmm-est-fmllr.cc:143) For speaker train_S10_7_7_16, auxf-impr from fMLLR is 0, over 212 frames.
WARNING (gmm-est-fmllr:Update():fmllr-diag-gmm.cc:162) Not updating fMLLR since below min-count: count is 188
LOG (gmm-est-fmllr:main():gmm-est-fmllr.cc:143) For speaker train_S10_7_7_18, auxf-impr from fMLLR is 0, over 188 frames.
WARNING (gmm-est-fmllr:Update():fmllr-diag-gmm.cc:162) Not updating fMLLR since below min-count: count is 202
LOG (gmm-est-fmllr:main():gmm-est-fmllr.cc:143) For speaker train_S10_7_7_20, auxf-impr from fMLLR is 0, over 202 frames.
WARNING (gmm-est-fmllr:Update():fmllr-diag-gmm.cc:162) Not updating fMLLR since below min-count: count is 223
LOG (gmm-est-fmllr:main():gmm-est-fmllr.cc:143) For speaker train_S10_8_1_12, auxf-impr from fMLLR is 0, over 223 frames.
WARNING (gmm-est-fmllr:Update():fmllr-diag-gmm.cc:162) Not updating fMLLR since below min-count: count is 218
LOG (gmm-est-fmllr:main():gmm-est-fmllr.cc:143) For speaker train_S10_8_1_14, auxf-impr from fMLLR is 0, over 218 frames.
WARNING (gmm-est-fmllr:Update():fmllr-diag-gmm.cc:162) Not updating fMLLR since below min-count: count is 223
LOG (gmm-est-fmllr:main():gmm-est-fmllr.cc:143) For speaker train_S10_8_1_16, auxf-impr from fMLLR is 0, over 223 frames.
WARNING (gmm-est-fmllr:Update():fmllr-diag-gmm.cc:162) Not updating fMLLR since below min-count: count is 198
LOG (gmm-est-fmllr:main():gmm-est-fmllr.cc:143) For speaker train_S10_8_1_18, auxf-impr from fMLLR is 0, over 198 frames.
WARNING (gmm-est-fmllr:Update():fmllr-diag-gmm.cc:162) Not updating fMLLR since below min-count: count is 214
LOG (gmm-est-fmllr:main():gmm-est-fmllr.cc:143) For speaker train_S10_8_1_20, auxf-impr from fMLLR is 0, over 214 frames.
WARNING (gmm-est-fmllr:Update():fmllr-diag-gmm.cc:162) Not updating fMLLR since below min-count: count is 223
LOG (gmm-est-fmllr:main():gmm-est-fmllr.cc:143) For speaker train_S10_8_2_12, auxf-impr from fMLLR is 0, over 223 frames.
WARNING (gmm-est-fmllr:Update():fmllr-diag-gmm.cc:162) Not updating fMLLR since below min-count: count is 218
LOG (gmm-est-fmllr:main():gmm-est-fmllr.cc:143) For speaker train_S10_8_2_14, auxf-impr from fMLLR is 0, over 218 frames.
WARNING (gmm-est-fmllr:Update():fmllr-diag-gmm.cc:162) Not updating fMLLR since below min-count: count is 223
LOG (gmm-est-fmllr:main():gmm-est-fmllr.cc:143) For speaker train_S10_8_2_16, auxf-impr from fMLLR is 0, over 223 frames.
WARNING (gmm-est-fmllr:Update():fmllr-diag-gmm.cc:162) Not updating fMLLR since below min-count: count is 198
LOG (gmm-est-fmllr:main():gmm-est-fmllr.cc:143) For speaker train_S10_8_2_18, auxf-impr from fMLLR is 0, over 198 frames.
WARNING (gmm-est-fmllr:Update():fmllr-diag-gmm.cc:162) Not updating fMLLR since below min-count: count is 214
LOG (gmm-est-fmllr:main():gmm-est-fmllr.cc:143) For speaker train_S10_8_2_20, auxf-impr from fMLLR is 0, over 214 frames.
WARNING (gmm-est-fmllr:Update():fmllr-diag-gmm.cc:162) Not updating fMLLR since below min-count: count is 223
LOG (gmm-est-fmllr:main():gmm-est-fmllr.cc:143) For speaker train_S10_8_3_12, auxf-impr from fMLLR is 0, over 223 frames.
WARNING (gmm-est-fmllr:Update():fmllr-diag-gmm.cc:162) Not updating fMLLR since below min-count: count is 218
LOG (gmm-est-fmllr:main():gmm-est-fmllr.cc:143) For speaker train_S10_8_3_14, auxf-impr from fMLLR is 0, over 218 frames.
WARNING (gmm-est-fmllr:Update():fmllr-diag-gmm.cc:162) Not updating fMLLR since below min-count: count is 223
LOG (gmm-est-fmllr:main():gmm-est-fmllr.cc:143) For speaker train_S10_8_3_16, auxf-impr from fMLLR is 0, over 223 frames.
WARNING (gmm-est-fmllr:Update():fmllr-diag-gmm.cc:162) Not updating fMLLR since below min-count: count is 198
LOG (gmm-est-fmllr:main():gmm-est-fmllr.cc:143) For speaker train_S10_8_3_18, auxf-impr from fMLLR is 0, over 198 frames.
WARNING (gmm-est-fmllr:Update():fmllr-diag-gmm.cc:162) Not updating fMLLR since below min-count: count is 214
LOG (gmm-est-fmllr:main():gmm-est-fmllr.cc:143) For speaker train_S10_8_3_20, auxf-impr from fMLLR is 0, over 214 frames.
WARNING (gmm-est-fmllr:Update():fmllr-diag-gmm.cc:162) Not updating fMLLR since below min-count: count is 223
LOG (gmm-est-fmllr:main():gmm-est-fmllr.cc:143) For speaker train_S10_8_4_12, auxf-impr from fMLLR is 0, over 223 frames.
WARNING (gmm-est-fmllr:Update():fmllr-diag-gmm.cc:162) Not updating fMLLR since below min-count: count is 218
LOG (gmm-est-fmllr:main():gmm-est-fmllr.cc:143) For speaker train_S10_8_4_14, auxf-impr from fMLLR is 0, over 218 frames.
WARNING (gmm-est-fmllr:Update():fmllr-diag-gmm.cc:162) Not updating fMLLR since below min-count: count is 223
LOG (gmm-est-fmllr:main():gmm-est-fmllr.cc:143) For speaker train_S10_8_4_16, auxf-impr from fMLLR is 0, over 223 frames.
WARNING (gmm-est-fmllr:Update():fmllr-diag-gmm.cc:162) Not updating fMLLR since below min-count: count is 198
LOG (gmm-est-fmllr:main():gmm-est-fmllr.cc:143) For speaker train_S10_8_4_18, auxf-impr from fMLLR is 0, over 198 frames.
WARNING (gmm-est-fmllr:Update():fmllr-diag-gmm.cc:162) Not updating fMLLR since below min-count: count is 214
LOG (gmm-est-fmllr:main():gmm-est-fmllr.cc:143) For speaker train_S10_8_4_20, auxf-impr from fMLLR is 0, over 214 frames.
WARNING (gmm-est-fmllr:Update():fmllr-diag-gmm.cc:162) Not updating fMLLR since below min-count: count is 223
LOG (gmm-est-fmllr:main():gmm-est-fmllr.cc:143) For speaker train_S10_8_5_12, auxf-impr from fMLLR is 0, over 223 frames.
WARNING (gmm-est-fmllr:Update():fmllr-diag-gmm.cc:162) Not updating fMLLR since below min-count: count is 218
LOG (gmm-est-fmllr:main():gmm-est-fmllr.cc:143) For speaker train_S10_8_5_14, auxf-impr from fMLLR is 0, over 218 frames.
WARNING (gmm-est-fmllr:Update():fmllr-diag-gmm.cc:162) Not updating fMLLR since below min-count: count is 223
LOG (gmm-est-fmllr:main():gmm-est-fmllr.cc:143) For speaker train_S10_8_5_16, auxf-impr from fMLLR is 0, over 223 frames.
WARNING (gmm-est-fmllr:Update():fmllr-diag-gmm.cc:162) Not updating fMLLR since below min-count: count is 198
LOG (gmm-est-fmllr:main():gmm-est-fmllr.cc:143) For speaker train_S10_8_5_18, auxf-impr from fMLLR is 0, over 198 frames.
WARNING (gmm-est-fmllr:Update():fmllr-diag-gmm.cc:162) Not updating fMLLR since below min-count: count is 214
LOG (gmm-est-fmllr:main():gmm-est-fmllr.cc:143) For speaker train_S10_8_5_20, auxf-impr from fMLLR is 0, over 214 frames.
WARNING (gmm-est-fmllr:Update():fmllr-diag-gmm.cc:162) Not updating fMLLR since below min-count: count is 223
LOG (gmm-est-fmllr:main():gmm-est-fmllr.cc:143) For speaker train_S10_8_6_12, auxf-impr from fMLLR is 0, over 223 frames.
WARNING (gmm-est-fmllr:Update():fmllr-diag-gmm.cc:162) Not updating fMLLR since below min-count: count is 218
LOG (gmm-est-fmllr:main():gmm-est-fmllr.cc:143) For speaker train_S10_8_6_14, auxf-impr from fMLLR is 0, over 218 frames.
WARNING (gmm-est-fmllr:Update():fmllr-diag-gmm.cc:162) Not updating fMLLR since below min-count: count is 223
LOG (gmm-est-fmllr:main():gmm-est-fmllr.cc:143) For speaker train_S10_8_6_16, auxf-impr from fMLLR is 0, over 223 frames.
WARNING (gmm-est-fmllr:Update():fmllr-diag-gmm.cc:162) Not updating fMLLR since below min-count: count is 198
LOG (gmm-est-fmllr:main():gmm-est-fmllr.cc:143) For speaker train_S10_8_6_18, auxf-impr from fMLLR is 0, over 198 frames.
WARNING (gmm-est-fmllr:Update():fmllr-diag-gmm.cc:162) Not updating fMLLR since below min-count: count is 214
LOG (gmm-est-fmllr:main():gmm-est-fmllr.cc:143) For speaker train_S10_8_6_20, auxf-impr from fMLLR is 0, over 214 frames.
WARNING (gmm-est-fmllr:Update():fmllr-diag-gmm.cc:162) Not updating fMLLR since below min-count: count is 223
LOG (gmm-est-fmllr:main():gmm-est-fmllr.cc:143) For speaker train_S10_8_7_12, auxf-impr from fMLLR is 0, over 223 frames.
WARNING (gmm-est-fmllr:Update():fmllr-diag-gmm.cc:162) Not updating fMLLR since below min-count: count is 218
LOG (gmm-est-fmllr:main():gmm-est-fmllr.cc:143) For speaker train_S10_8_7_14, auxf-impr from fMLLR is 0, over 218 frames.
WARNING (gmm-est-fmllr:Update():fmllr-diag-gmm.cc:162) Not updating fMLLR since below min-count: count is 223
LOG (gmm-est-fmllr:main():gmm-est-fmllr.cc:143) For speaker train_S10_8_7_16, auxf-impr from fMLLR is 0, over 223 frames.
WARNING (gmm-est-fmllr:Update():fmllr-diag-gmm.cc:162) Not updating fMLLR since below min-count: count is 198
LOG (gmm-est-fmllr:main():gmm-est-fmllr.cc:143) For speaker train_S10_8_7_18, auxf-impr from fMLLR is 0, over 198 frames.
WARNING (gmm-est-fmllr:Update():fmllr-diag-gmm.cc:162) Not updating fMLLR since below min-count: count is 214
LOG (gmm-est-fmllr:main():gmm-est-fmllr.cc:143) For speaker train_S10_8_7_20, auxf-impr from fMLLR is 0, over 214 frames.
WARNING (gmm-est-fmllr:Update():fmllr-diag-gmm.cc:162) Not updating fMLLR since below min-count: count is 199
LOG (gmm-est-fmllr:main():gmm-est-fmllr.cc:143) For speaker train_S10_9_1_12, auxf-impr from fMLLR is 0, over 199 frames.
WARNING (gmm-est-fmllr:Update():fmllr-diag-gmm.cc:162) Not updating fMLLR since below min-count: count is 195
LOG (gmm-est-fmllr:main():gmm-est-fmllr.cc:143) For speaker train_S10_9_1_14, auxf-impr from fMLLR is 0, over 195 frames.
WARNING (gmm-est-fmllr:Update():fmllr-diag-gmm.cc:162) Not updating fMLLR since below min-count: count is 199
LOG (gmm-est-fmllr:main():gmm-est-fmllr.cc:143) For speaker train_S10_9_1_16, auxf-impr from fMLLR is 0, over 199 frames.
WARNING (gmm-est-fmllr:Update():fmllr-diag-gmm.cc:162) Not updating fMLLR since below min-count: count is 176
LOG (gmm-est-fmllr:main():gmm-est-fmllr.cc:143) For speaker train_S10_9_1_18, auxf-impr from fMLLR is 0, over 176 frames.
WARNING (gmm-est-fmllr:Update():fmllr-diag-gmm.cc:162) Not updating fMLLR since below min-count: count is 190
LOG (gmm-est-fmllr:main():gmm-est-fmllr.cc:143) For speaker train_S10_9_1_20, auxf-impr from fMLLR is 0, over 190 frames.
WARNING (gmm-est-fmllr:Update():fmllr-diag-gmm.cc:162) Not updating fMLLR since below min-count: count is 199
LOG (gmm-est-fmllr:main():gmm-est-fmllr.cc:143) For speaker train_S10_9_2_12, auxf-impr from fMLLR is 0, over 199 frames.
WARNING (gmm-est-fmllr:Update():fmllr-diag-gmm.cc:162) Not updating fMLLR since below min-count: count is 195
LOG (gmm-est-fmllr:main():gmm-est-fmllr.cc:143) For speaker train_S10_9_2_14, auxf-impr from fMLLR is 0, over 195 frames.
WARNING (gmm-est-fmllr:Update():fmllr-diag-gmm.cc:162) Not updating fMLLR since below min-count: count is 199
LOG (gmm-est-fmllr:main():gmm-est-fmllr.cc:143) For speaker train_S10_9_2_16, auxf-impr from fMLLR is 0, over 199 frames.
WARNING (gmm-est-fmllr:Update():fmllr-diag-gmm.cc:162) Not updating fMLLR since below min-count: count is 176
LOG (gmm-est-fmllr:main():gmm-est-fmllr.cc:143) For speaker train_S10_9_2_18, auxf-impr from fMLLR is 0, over 176 frames.
WARNING (gmm-est-fmllr:Update():fmllr-diag-gmm.cc:162) Not updating fMLLR since below min-count: count is 190
LOG (gmm-est-fmllr:main():gmm-est-fmllr.cc:143) For speaker train_S10_9_2_20, auxf-impr from fMLLR is 0, over 190 frames.
WARNING (gmm-est-fmllr:Update():fmllr-diag-gmm.cc:162) Not updating fMLLR since below min-count: count is 199
LOG (gmm-est-fmllr:main():gmm-est-fmllr.cc:143) For speaker train_S10_9_3_12, auxf-impr from fMLLR is 0, over 199 frames.
WARNING (gmm-est-fmllr:Update():fmllr-diag-gmm.cc:162) Not updating fMLLR since below min-count: count is 194
LOG (gmm-est-fmllr:main():gmm-est-fmllr.cc:143) For speaker train_S10_9_3_14, auxf-impr from fMLLR is 0, over 194 frames.
WARNING (gmm-est-fmllr:Update():fmllr-diag-gmm.cc:162) Not updating fMLLR since below min-count: count is 199
LOG (gmm-est-fmllr:main():gmm-est-fmllr.cc:143) For speaker train_S10_9_3_16, auxf-impr from fMLLR is 0, over 199 frames.
WARNING (gmm-est-fmllr:Update():fmllr-diag-gmm.cc:162) Not updating fMLLR since below min-count: count is 176
LOG (gmm-est-fmllr:main():gmm-est-fmllr.cc:143) For speaker train_S10_9_3_18, auxf-impr from fMLLR is 0, over 176 frames.
WARNING (gmm-est-fmllr:Update():fmllr-diag-gmm.cc:162) Not updating fMLLR since below min-count: count is 190
LOG (gmm-est-fmllr:main():gmm-est-fmllr.cc:143) For speaker train_S10_9_3_20, auxf-impr from fMLLR is 0, over 190 frames.
WARNING (gmm-est-fmllr:Update():fmllr-diag-gmm.cc:162) Not updating fMLLR since below min-count: count is 199
LOG (gmm-est-fmllr:main():gmm-est-fmllr.cc:143) For speaker train_S10_9_4_12, auxf-impr from fMLLR is 0, over 199 frames.
WARNING (gmm-est-fmllr:Update():fmllr-diag-gmm.cc:162) Not updating fMLLR since below min-count: count is 195
LOG (gmm-est-fmllr:main():gmm-est-fmllr.cc:143) For speaker train_S10_9_4_14, auxf-impr from fMLLR is 0, over 195 frames.
WARNING (gmm-est-fmllr:Update():fmllr-diag-gmm.cc:162) Not updating fMLLR since below min-count: count is 199
LOG (gmm-est-fmllr:main():gmm-est-fmllr.cc:143) For speaker train_S10_9_4_16, auxf-impr from fMLLR is 0, over 199 frames.
WARNING (gmm-est-fmllr:Update():fmllr-diag-gmm.cc:162) Not updating fMLLR since below min-count: count is 176
LOG (gmm-est-fmllr:main():gmm-est-fmllr.cc:143) For speaker train_S10_9_4_18, auxf-impr from fMLLR is 0, over 176 frames.
WARNING (gmm-est-fmllr:Update():fmllr-diag-gmm.cc:162) Not updating fMLLR since below min-count: count is 190
LOG (gmm-est-fmllr:main():gmm-est-fmllr.cc:143) For speaker train_S10_9_4_20, auxf-impr from fMLLR is 0, over 190 frames.
WARNING (gmm-est-fmllr:Update():fmllr-diag-gmm.cc:162) Not updating fMLLR since below min-count: count is 199
LOG (gmm-est-fmllr:main():gmm-est-fmllr.cc:143) For speaker train_S10_9_5_12, auxf-impr from fMLLR is 0, over 199 frames.
WARNING (gmm-est-fmllr:Update():fmllr-diag-gmm.cc:162) Not updating fMLLR since below min-count: count is 196
LOG (gmm-est-fmllr:main():gmm-est-fmllr.cc:143) For speaker train_S10_9_5_14, auxf-impr from fMLLR is 0, over 196 frames.
WARNING (gmm-est-fmllr:Update():fmllr-diag-gmm.cc:162) Not updating fMLLR since below min-count: count is 199
LOG (gmm-est-fmllr:main():gmm-est-fmllr.cc:143) For speaker train_S10_9_5_16, auxf-impr from fMLLR is 0, over 199 frames.
WARNING (gmm-est-fmllr:Update():fmllr-diag-gmm.cc:162) Not updating fMLLR since below min-count: count is 176
LOG (gmm-est-fmllr:main():gmm-est-fmllr.cc:143) For speaker train_S10_9_5_18, auxf-impr from fMLLR is 0, over 176 frames.
WARNING (gmm-est-fmllr:Update():fmllr-diag-gmm.cc:162) Not updating fMLLR since below min-count: count is 190
LOG (gmm-est-fmllr:main():gmm-est-fmllr.cc:143) For speaker train_S10_9_5_20, auxf-impr from fMLLR is 0, over 190 frames.
WARNING (gmm-est-fmllr:Update():fmllr-diag-gmm.cc:162) Not updating fMLLR since below min-count: count is 199
LOG (gmm-est-fmllr:main():gmm-est-fmllr.cc:143) For speaker train_S10_9_6_12, auxf-impr from fMLLR is 0, over 199 frames.
WARNING (gmm-est-fmllr:Update():fmllr-diag-gmm.cc:162) Not updating fMLLR since below min-count: count is 196
LOG (gmm-est-fmllr:main():gmm-est-fmllr.cc:143) For speaker train_S10_9_6_14, auxf-impr from fMLLR is 0, over 196 frames.
WARNING (gmm-est-fmllr:Update():fmllr-diag-gmm.cc:162) Not updating fMLLR since below min-count: count is 199
LOG (gmm-est-fmllr:main():gmm-est-fmllr.cc:143) For speaker train_S10_9_6_16, auxf-impr from fMLLR is 0, over 199 frames.
WARNING (gmm-est-fmllr:Update():fmllr-diag-gmm.cc:162) Not updating fMLLR since below min-count: count is 176
LOG (gmm-est-fmllr:main():gmm-est-fmllr.cc:143) For speaker train_S10_9_6_18, auxf-impr from fMLLR is 0, over 176 frames.
WARNING (gmm-est-fmllr:Update():fmllr-diag-gmm.cc:162) Not updating fMLLR since below min-count: count is 190
LOG (gmm-est-fmllr:main():gmm-est-fmllr.cc:143) For speaker train_S10_9_6_20, auxf-impr from fMLLR is 0, over 190 frames.
WARNING (gmm-est-fmllr:Update():fmllr-diag-gmm.cc:162) Not updating fMLLR since below min-count: count is 199
LOG (gmm-est-fmllr:main():gmm-est-fmllr.cc:143) For speaker train_S10_9_7_12, auxf-impr from fMLLR is 0, over 199 frames.
WARNING (gmm-est-fmllr:Update():fmllr-diag-gmm.cc:162) Not updating fMLLR since below min-count: count is 195
LOG (gmm-est-fmllr:main():gmm-est-fmllr.cc:143) For speaker train_S10_9_7_14, auxf-impr from fMLLR is 0, over 195 frames.
WARNING (gmm-est-fmllr:Update():fmllr-diag-gmm.cc:162) Not updating fMLLR since below min-count: count is 199
LOG (gmm-est-fmllr:main():gmm-est-fmllr.cc:143) For speaker train_S10_9_7_16, auxf-impr from fMLLR is 0, over 199 frames.
WARNING (gmm-est-fmllr:Update():fmllr-diag-gmm.cc:162) Not updating fMLLR since below min-count: count is 176
LOG (gmm-est-fmllr:main():gmm-est-fmllr.cc:143) For speaker train_S10_9_7_18, auxf-impr from fMLLR is 0, over 176 frames.
WARNING (gmm-est-fmllr:Update():fmllr-diag-gmm.cc:162) Not updating fMLLR since below min-count: count is 190
LOG (gmm-est-fmllr:main():gmm-est-fmllr.cc:143) For speaker train_S10_9_7_20, auxf-impr from fMLLR is 0, over 190 frames.
WARNING (gmm-est-fmllr:Update():fmllr-diag-gmm.cc:162) Not updating fMLLR since below min-count: count is 283
LOG (gmm-est-fmllr:main():gmm-est-fmllr.cc:143) For speaker train_S11_10_1_12, auxf-impr from fMLLR is 0, over 283 frames.
WARNING (gmm-est-fmllr:Update():fmllr-diag-gmm.cc:162) Not updating fMLLR since below min-count: count is 277
LOG (gmm-est-fmllr:main():gmm-est-fmllr.cc:143) For speaker train_S11_10_1_14, auxf-impr from fMLLR is 0, over 277 frames.
WARNING (gmm-est-fmllr:Update():fmllr-diag-gmm.cc:162) Not updating fMLLR since below min-count: count is 283
LOG (gmm-est-fmllr:main():gmm-est-fmllr.cc:143) For speaker train_S11_10_1_16, auxf-impr from fMLLR is 0, over 283 frames.
WARNING (gmm-est-fmllr:Update():fmllr-diag-gmm.cc:162) Not updating fMLLR since below min-count: count is 251
LOG (gmm-est-fmllr:main():gmm-est-fmllr.cc:143) For speaker train_S11_10_1_18, auxf-impr from fMLLR is 0, over 251 frames.
WARNING (gmm-est-fmllr:Update():fmllr-diag-gmm.cc:162) Not updating fMLLR since below min-count: count is 270
LOG (gmm-est-fmllr:main():gmm-est-fmllr.cc:143) For speaker train_S11_10_1_20, auxf-impr from fMLLR is 0, over 270 frames.
WARNING (gmm-est-fmllr:Update():fmllr-diag-gmm.cc:162) Not updating fMLLR since below min-count: count is 283
LOG (gmm-est-fmllr:main():gmm-est-fmllr.cc:143) For speaker train_S11_10_2_12, auxf-impr from fMLLR is 0, over 283 frames.
WARNING (gmm-est-fmllr:Update():fmllr-diag-gmm.cc:162) Not updating fMLLR since below min-count: count is 277
LOG (gmm-est-fmllr:main():gmm-est-fmllr.cc:143) For speaker train_S11_10_2_14, auxf-impr from fMLLR is 0, over 277 frames.
WARNING (gmm-est-fmllr:Update():fmllr-diag-gmm.cc:162) Not updating fMLLR since below min-count: count is 283
LOG (gmm-est-fmllr:main():gmm-est-fmllr.cc:143) For speaker train_S11_10_2_16, auxf-impr from fMLLR is 0, over 283 frames.
WARNING (gmm-est-fmllr:Update():fmllr-diag-gmm.cc:162) Not updating fMLLR since below min-count: count is 251
LOG (gmm-est-fmllr:main():gmm-est-fmllr.cc:143) For speaker train_S11_10_2_18, auxf-impr from fMLLR is 0, over 251 frames.
WARNING (gmm-est-fmllr:Update():fmllr-diag-gmm.cc:162) Not updating fMLLR since below min-count: count is 270
LOG (gmm-est-fmllr:main():gmm-est-fmllr.cc:143) For speaker train_S11_10_2_20, auxf-impr from fMLLR is 0, over 270 frames.
WARNING (gmm-est-fmllr:Update():fmllr-diag-gmm.cc:162) Not updating fMLLR since below min-count: count is 283
LOG (gmm-est-fmllr:main():gmm-est-fmllr.cc:143) For speaker train_S11_10_3_12, auxf-impr from fMLLR is 0, over 283 frames.
WARNING (gmm-est-fmllr:Update():fmllr-diag-gmm.cc:162) Not updating fMLLR since below min-count: count is 277
LOG (gmm-est-fmllr:main():gmm-est-fmllr.cc:143) For speaker train_S11_10_3_14, auxf-impr from fMLLR is 0, over 277 frames.
WARNING (gmm-est-fmllr:Update():fmllr-diag-gmm.cc:162) Not updating fMLLR since below min-count: count is 283
LOG (gmm-est-fmllr:main():gmm-est-fmllr.cc:143) For speaker train_S11_10_3_16, auxf-impr from fMLLR is 0, over 283 frames.
WARNING (gmm-est-fmllr:Update():fmllr-diag-gmm.cc:162) Not updating fMLLR since below min-count: count is 251
LOG (gmm-est-fmllr:main():gmm-est-fmllr.cc:143) For speaker train_S11_10_3_18, auxf-impr from fMLLR is 0, over 251 frames.
WARNING (gmm-est-fmllr:Update():fmllr-diag-gmm.cc:162) Not updating fMLLR since below min-count: count is 270
LOG (gmm-est-fmllr:main():gmm-est-fmllr.cc:143) For speaker train_S11_10_3_20, auxf-impr from fMLLR is 0, over 270 frames.
WARNING (gmm-est-fmllr:Update():fmllr-diag-gmm.cc:162) Not updating fMLLR since below min-count: count is 283
LOG (gmm-est-fmllr:main():gmm-est-fmllr.cc:143) For speaker train_S11_10_4_12, auxf-impr from fMLLR is 0, over 283 frames.
WARNING (gmm-est-fmllr:Update():fmllr-diag-gmm.cc:162) Not updating fMLLR since below min-count: count is 277
LOG (gmm-est-fmllr:main():gmm-est-fmllr.cc:143) For speaker train_S11_10_4_14, auxf-impr from fMLLR is 0, over 277 frames.
WARNING (gmm-est-fmllr:Update():fmllr-diag-gmm.cc:162) Not updating fMLLR since below min-count: count is 283
LOG (gmm-est-fmllr:main():gmm-est-fmllr.cc:143) For speaker train_S11_10_4_16, auxf-impr from fMLLR is 0, over 283 frames.
WARNING (gmm-est-fmllr:Update():fmllr-diag-gmm.cc:162) Not updating fMLLR since below min-count: count is 251
LOG (gmm-est-fmllr:main():gmm-est-fmllr.cc:143) For speaker train_S11_10_4_18, auxf-impr from fMLLR is 0, over 251 frames.
WARNING (gmm-est-fmllr:Update():fmllr-diag-gmm.cc:162) Not updating fMLLR since below min-count: count is 270
LOG (gmm-est-fmllr:main():gmm-est-fmllr.cc:143) For speaker train_S11_10_4_20, auxf-impr from fMLLR is 0, over 270 frames.
WARNING (gmm-est-fmllr:Update():fmllr-diag-gmm.cc:162) Not updating fMLLR since below min-count: count is 283
LOG (gmm-est-fmllr:main():gmm-est-fmllr.cc:143) For speaker train_S11_10_5_12, auxf-impr from fMLLR is 0, over 283 frames.
WARNING (gmm-est-fmllr:Update():fmllr-diag-gmm.cc:162) Not updating fMLLR since below min-count: count is 277
LOG (gmm-est-fmllr:main():gmm-est-fmllr.cc:143) For speaker train_S11_10_5_14, auxf-impr from fMLLR is 0, over 277 frames.
WARNING (gmm-est-fmllr:Update():fmllr-diag-gmm.cc:162) Not updating fMLLR since below min-count: count is 283
LOG (gmm-est-fmllr:main():gmm-est-fmllr.cc:143) For speaker train_S11_10_5_16, auxf-impr from fMLLR is 0, over 283 frames.
WARNING (gmm-est-fmllr:Update():fmllr-diag-gmm.cc:162) Not updating fMLLR since below min-count: count is 251
LOG (gmm-est-fmllr:main():gmm-est-fmllr.cc:143) For speaker train_S11_10_5_18, auxf-impr from fMLLR is 0, over 251 frames.
WARNING (gmm-est-fmllr:Update():fmllr-diag-gmm.cc:162) Not updating fMLLR since below min-count: count is 270
LOG (gmm-est-fmllr:main():gmm-est-fmllr.cc:143) For speaker train_S11_10_5_20, auxf-impr from fMLLR is 0, over 270 frames.
WARNING (gmm-est-fmllr:Update():fmllr-diag-gmm.cc:162) Not updating fMLLR since below min-count: count is 283
LOG (gmm-est-fmllr:main():gmm-est-fmllr.cc:143) For speaker train_S11_10_6_12, auxf-impr from fMLLR is 0, over 283 frames.
WARNING (gmm-est-fmllr:Update():fmllr-diag-gmm.cc:162) Not updating fMLLR since below min-count: count is 277
LOG (gmm-est-fmllr:main():gmm-est-fmllr.cc:143) For speaker train_S11_10_6_14, auxf-impr from fMLLR is 0, over 277 frames.
WARNING (gmm-est-fmllr:Update():fmllr-diag-gmm.cc:162) Not updating fMLLR since below min-count: count is 283
LOG (gmm-est-fmllr:main():gmm-est-fmllr.cc:143) For speaker train_S11_10_6_16, auxf-impr from fMLLR is 0, over 283 frames.
WARNING (gmm-est-fmllr:Update():fmllr-diag-gmm.cc:162) Not updating fMLLR since below min-count: count is 251
LOG (gmm-est-fmllr:main():gmm-est-fmllr.cc:143) For speaker train_S11_10_6_18, auxf-impr from fMLLR is 0, over 251 frames.
WARNING (gmm-est-fmllr:Update():fmllr-diag-gmm.cc:162) Not updating fMLLR since below min-count: count is 270
LOG (gmm-est-fmllr:main():gmm-est-fmllr.cc:143) For speaker train_S11_10_6_20, auxf-impr from fMLLR is 0, over 270 frames.
WARNING (gmm-est-fmllr:Update():fmllr-diag-gmm.cc:162) Not updating fMLLR since below min-count: count is 283
LOG (gmm-est-fmllr:main():gmm-est-fmllr.cc:143) For speaker train_S11_10_7_12, auxf-impr from fMLLR is 0, over 283 frames.
WARNING (gmm-est-fmllr:Update():fmllr-diag-gmm.cc:162) Not updating fMLLR since below min-count: count is 277
LOG (gmm-est-fmllr:main():gmm-est-fmllr.cc:143) For speaker train_S11_10_7_14, auxf-impr from fMLLR is 0, over 277 frames.
WARNING (gmm-est-fmllr:Update():fmllr-diag-gmm.cc:162) Not updating fMLLR since below min-count: count is 283
LOG (gmm-est-fmllr:main():gmm-est-fmllr.cc:143) For speaker train_S11_10_7_16, auxf-impr from fMLLR is 0, over 283 frames.
WARNING (gmm-est-fmllr:Update():fmllr-diag-gmm.cc:162) Not updating fMLLR since below min-count: count is 251
LOG (gmm-est-fmllr:main():gmm-est-fmllr.cc:143) For speaker train_S11_10_7_18, auxf-impr from fMLLR is 0, over 251 frames.
WARNING (gmm-est-fmllr:Update():fmllr-diag-gmm.cc:162) Not updating fMLLR since below min-count: count is 270
LOG (gmm-est-fmllr:main():gmm-est-fmllr.cc:143) For speaker train_S11_10_7_20, auxf-impr from fMLLR is 0, over 270 frames.
WARNING (gmm-est-fmllr:Update():fmllr-diag-gmm.cc:162) Not updating fMLLR since below min-count: count is 324
LOG (gmm-est-fmllr:main():gmm-est-fmllr.cc:143) For speaker train_S11_11_1_12, auxf-impr from fMLLR is 0, over 324 frames.
WARNING (gmm-est-fmllr:Update():fmllr-diag-gmm.cc:162) Not updating fMLLR since below min-count: count is 317
LOG (gmm-est-fmllr:main():gmm-est-fmllr.cc:143) For speaker train_S11_11_1_14, auxf-impr from fMLLR is 0, over 317 frames.
WARNING (gmm-est-fmllr:Update():fmllr-diag-gmm.cc:162) Not updating fMLLR since below min-count: count is 325
LOG (gmm-est-fmllr:main():gmm-est-fmllr.cc:143) For speaker train_S11_11_1_16, auxf-impr from fMLLR is 0, over 325 frames.
WARNING (gmm-est-fmllr:Update():fmllr-diag-gmm.cc:162) Not updating fMLLR since below min-count: count is 288
LOG (gmm-est-fmllr:main():gmm-est-fmllr.cc:143) For speaker train_S11_11_1_18, auxf-impr from fMLLR is 0, over 288 frames.
WARNING (gmm-est-fmllr:Update():fmllr-diag-gmm.cc:162) Not updating fMLLR since below min-count: count is 310
LOG (gmm-est-fmllr:main():gmm-est-fmllr.cc:143) For speaker train_S11_11_1_20, auxf-impr from fMLLR is 0, over 310 frames.
WARNING (gmm-est-fmllr:Update():fmllr-diag-gmm.cc:162) Not updating fMLLR since below min-count: count is 324
LOG (gmm-est-fmllr:main():gmm-est-fmllr.cc:143) For speaker train_S11_11_2_12, auxf-impr from fMLLR is 0, over 324 frames.
WARNING (gmm-est-fmllr:Update():fmllr-diag-gmm.cc:162) Not updating fMLLR since below min-count: count is 317
LOG (gmm-est-fmllr:main():gmm-est-fmllr.cc:143) For speaker train_S11_11_2_14, auxf-impr from fMLLR is 0, over 317 frames.
WARNING (gmm-est-fmllr:Update():fmllr-diag-gmm.cc:162) Not updating fMLLR since below min-count: count is 325
LOG (gmm-est-fmllr:main():gmm-est-fmllr.cc:143) For speaker train_S11_11_2_16, auxf-impr from fMLLR is 0, over 325 frames.
WARNING (gmm-est-fmllr:Update():fmllr-diag-gmm.cc:162) Not updating fMLLR since below min-count: count is 288
LOG (gmm-est-fmllr:main():gmm-est-fmllr.cc:143) For speaker train_S11_11_2_18, auxf-impr from fMLLR is 0, over 288 frames.
WARNING (gmm-est-fmllr:Update():fmllr-diag-gmm.cc:162) Not updating fMLLR since below min-count: count is 310
LOG (gmm-est-fmllr:main():gmm-est-fmllr.cc:143) For speaker train_S11_11_2_20, auxf-impr from fMLLR is 0, over 310 frames.
WARNING (gmm-est-fmllr:Update():fmllr-diag-gmm.cc:162) Not updating fMLLR since below min-count: count is 324
LOG (gmm-est-fmllr:main():gmm-est-fmllr.cc:143) For speaker train_S11_11_3_12, auxf-impr from fMLLR is 0, over 324 frames.
WARNING (gmm-est-fmllr:Update():fmllr-diag-gmm.cc:162) Not updating fMLLR since below min-count: count is 317
LOG (gmm-est-fmllr:main():gmm-est-fmllr.cc:143) For speaker train_S11_11_3_14, auxf-impr from fMLLR is 0, over 317 frames.
WARNING (gmm-est-fmllr:Update():fmllr-diag-gmm.cc:162) Not updating fMLLR since below min-count: count is 325
LOG (gmm-est-fmllr:main():gmm-est-fmllr.cc:143) For speaker train_S11_11_3_16, auxf-impr from fMLLR is 0, over 325 frames.
WARNING (gmm-est-fmllr:Update():fmllr-diag-gmm.cc:162) Not updating fMLLR since below min-count: count is 288
LOG (gmm-est-fmllr:main():gmm-est-fmllr.cc:143) For speaker train_S11_11_3_18, auxf-impr from fMLLR is 0, over 288 frames.
WARNING (gmm-est-fmllr:Update():fmllr-diag-gmm.cc:162) Not updating fMLLR since below min-count: count is 310
LOG (gmm-est-fmllr:main():gmm-est-fmllr.cc:143) For speaker train_S11_11_3_20, auxf-impr from fMLLR is 0, over 310 frames.
WARNING (gmm-est-fmllr:Update():fmllr-diag-gmm.cc:162) Not updating fMLLR since below min-count: count is 324
LOG (gmm-est-fmllr:main():gmm-est-fmllr.cc:143) For speaker train_S11_11_4_12, auxf-impr from fMLLR is 0, over 324 frames.
WARNING (gmm-est-fmllr:Update():fmllr-diag-gmm.cc:162) Not updating fMLLR since below min-count: count is 317
LOG (gmm-est-fmllr:main():gmm-est-fmllr.cc:143) For speaker train_S11_11_4_14, auxf-impr from fMLLR is 0, over 317 frames.
WARNING (gmm-est-fmllr:Update():fmllr-diag-gmm.cc:162) Not updating fMLLR since below min-count: count is 325
LOG (gmm-est-fmllr:main():gmm-est-fmllr.cc:143) For speaker train_S11_11_4_16, auxf-impr from fMLLR is 0, over 325 frames.
WARNING (gmm-est-fmllr:Update():fmllr-diag-gmm.cc:162) Not updating fMLLR since below min-count: count is 288
LOG (gmm-est-fmllr:main():gmm-est-fmllr.cc:143) For speaker train_S11_11_4_18, auxf-impr from fMLLR is 0, over 288 frames.
WARNING (gmm-est-fmllr:Update():fmllr-diag-gmm.cc:162) Not updating fMLLR since below min-count: count is 310
LOG (gmm-est-fmllr:main():gmm-est-fmllr.cc:143) For speaker train_S11_11_4_20, auxf-impr from fMLLR is 0, over 310 frames.
WARNING (gmm-est-fmllr:Update():fmllr-diag-gmm.cc:162) Not updating fMLLR since below min-count: count is 324
LOG (gmm-est-fmllr:main():gmm-est-fmllr.cc:143) For speaker train_S11_11_5_12, auxf-impr from fMLLR is 0, over 324 frames.
WARNING (gmm-est-fmllr:Update():fmllr-diag-gmm.cc:162) Not updating fMLLR since below min-count: count is 317
LOG (gmm-est-fmllr:main():gmm-est-fmllr.cc:143) For speaker train_S11_11_5_14, auxf-impr from fMLLR is 0, over 317 frames.
WARNING (gmm-est-fmllr:Update():fmllr-diag-gmm.cc:162) Not updating fMLLR since below min-count: count is 324
LOG (gmm-est-fmllr:main():gmm-est-fmllr.cc:143) For speaker train_S11_11_5_16, auxf-impr from fMLLR is 0, over 324 frames.
WARNING (gmm-est-fmllr:Update():fmllr-diag-gmm.cc:162) Not updating fMLLR since below min-count: count is 288
LOG (gmm-est-fmllr:main():gmm-est-fmllr.cc:143) For speaker train_S11_11_5_18, auxf-impr from fMLLR is 0, over 288 frames.
WARNING (gmm-est-fmllr:Update():fmllr-diag-gmm.cc:162) Not updating fMLLR since below min-count: count is 310
LOG (gmm-est-fmllr:main():gmm-est-fmllr.cc:143) For speaker train_S11_11_5_20, auxf-impr from fMLLR is 0, over 310 frames.
WARNING (gmm-est-fmllr:Update():fmllr-diag-gmm.cc:162) Not updating fMLLR since below min-count: count is 324
LOG (gmm-est-fmllr:main():gmm-est-fmllr.cc:143) For speaker train_S11_11_6_12, auxf-impr from fMLLR is 0, over 324 frames.
WARNING (gmm-est-fmllr:Update():fmllr-diag-gmm.cc:162) Not updating fMLLR since below min-count: count is 317
LOG (gmm-est-fmllr:main():gmm-est-fmllr.cc:143) For speaker train_S11_11_6_14, auxf-impr from fMLLR is 0, over 317 frames.
WARNING (gmm-est-fmllr:Update():fmllr-diag-gmm.cc:162) Not updating fMLLR since below min-count: count is 324
LOG (gmm-est-fmllr:main():gmm-est-fmllr.cc:143) For speaker train_S11_11_6_16, auxf-impr from fMLLR is 0, over 324 frames.
WARNING (gmm-est-fmllr:Update():fmllr-diag-gmm.cc:162) Not updating fMLLR since below min-count: count is 288
LOG (gmm-est-fmllr:main():gmm-est-fmllr.cc:143) For speaker train_S11_11_6_18, auxf-impr from fMLLR is 0, over 288 frames.
WARNING (gmm-est-fmllr:Update():fmllr-diag-gmm.cc:162) Not updating fMLLR since below min-count: count is 310
LOG (gmm-est-fmllr:main():gmm-est-fmllr.cc:143) For speaker train_S11_11_6_20, auxf-impr from fMLLR is 0, over 310 frames.
WARNING (gmm-est-fmllr:Update():fmllr-diag-gmm.cc:162) Not updating fMLLR since below min-count: count is 324
LOG (gmm-est-fmllr:main():gmm-est-fmllr.cc:143) For speaker train_S11_11_7_12, auxf-impr from fMLLR is 0, over 324 frames.
WARNING (gmm-est-fmllr:Update():fmllr-diag-gmm.cc:162) Not updating fMLLR since below min-count: count is 317
LOG (gmm-est-fmllr:main():gmm-est-fmllr.cc:143) For speaker train_S11_11_7_14, auxf-impr from fMLLR is 0, over 317 frames.
WARNING (gmm-est-fmllr:Update():fmllr-diag-gmm.cc:162) Not updating fMLLR since below min-count: count is 324
LOG (gmm-est-fmllr:main():gmm-est-fmllr.cc:143) For speaker train_S11_11_7_16, auxf-impr from fMLLR is 0, over 324 frames.
WARNING (gmm-est-fmllr:Update():fmllr-diag-gmm.cc:162) Not updating fMLLR since below min-count: count is 288
LOG (gmm-est-fmllr:main():gmm-est-fmllr.cc:143) For speaker train_S11_11_7_18, auxf-impr from fMLLR is 0, over 288 frames.
WARNING (gmm-est-fmllr:Update():fmllr-diag-gmm.cc:162) Not updating fMLLR since below min-count: count is 310
LOG (gmm-est-fmllr:main():gmm-est-fmllr.cc:143) For speaker train_S11_11_7_20, auxf-impr from fMLLR is 0, over 310 frames.
WARNING (gmm-est-fmllr:Update():fmllr-diag-gmm.cc:162) Not updating fMLLR since below min-count: count is 268
LOG (gmm-est-fmllr:main():gmm-est-fmllr.cc:143) For speaker train_S11_12_1_12, auxf-impr from fMLLR is 0, over 268 frames.
WARNING (gmm-est-fmllr:Update():fmllr-diag-gmm.cc:162) Not updating fMLLR since below min-count: count is 263
LOG (gmm-est-fmllr:main():gmm-est-fmllr.cc:143) For speaker train_S11_12_1_14, auxf-impr from fMLLR is 0, over 263 frames.
WARNING (gmm-est-fmllr:Update():fmllr-diag-gmm.cc:162) Not updating fMLLR since below min-count: count is 268
LOG (gmm-est-fmllr:main():gmm-est-fmllr.cc:143) For speaker train_S11_12_1_16, auxf-impr from fMLLR is 0, over 268 frames.
WARNING (gmm-est-fmllr:Update():fmllr-diag-gmm.cc:162) Not updating fMLLR since below min-count: count is 238
LOG (gmm-est-fmllr:main():gmm-est-fmllr.cc:143) For speaker train_S11_12_1_18, auxf-impr from fMLLR is 0, over 238 frames.
WARNING (gmm-est-fmllr:Update():fmllr-diag-gmm.cc:162) Not updating fMLLR since below min-count: count is 256
LOG (gmm-est-fmllr:main():gmm-est-fmllr.cc:143) For speaker train_S11_12_1_20, auxf-impr from fMLLR is 0, over 256 frames.
WARNING (gmm-est-fmllr:Update():fmllr-diag-gmm.cc:162) Not updating fMLLR since below min-count: count is 268
LOG (gmm-est-fmllr:main():gmm-est-fmllr.cc:143) For speaker train_S11_12_2_12, auxf-impr from fMLLR is 0, over 268 frames.
WARNING (gmm-est-fmllr:Update():fmllr-diag-gmm.cc:162) Not updating fMLLR since below min-count: count is 263
LOG (gmm-est-fmllr:main():gmm-est-fmllr.cc:143) For speaker train_S11_12_2_14, auxf-impr from fMLLR is 0, over 263 frames.
WARNING (gmm-est-fmllr:Update():fmllr-diag-gmm.cc:162) Not updating fMLLR since below min-count: count is 268
LOG (gmm-est-fmllr:main():gmm-est-fmllr.cc:143) For speaker train_S11_12_2_16, auxf-impr from fMLLR is 0, over 268 frames.
WARNING (gmm-est-fmllr:Update():fmllr-diag-gmm.cc:162) Not updating fMLLR since below min-count: count is 238
LOG (gmm-est-fmllr:main():gmm-est-fmllr.cc:143) For speaker train_S11_12_2_18, auxf-impr from fMLLR is 0, over 238 frames.
WARNING (gmm-est-fmllr:Update():fmllr-diag-gmm.cc:162) Not updating fMLLR since below min-count: count is 256
LOG (gmm-est-fmllr:main():gmm-est-fmllr.cc:143) For speaker train_S11_12_2_20, auxf-impr from fMLLR is 0, over 256 frames.
WARNING (gmm-est-fmllr:Update():fmllr-diag-gmm.cc:162) Not updating fMLLR since below min-count: count is 268
LOG (gmm-est-fmllr:main():gmm-est-fmllr.cc:143) For speaker train_S11_12_3_12, auxf-impr from fMLLR is 0, over 268 frames.
WARNING (gmm-est-fmllr:Update():fmllr-diag-gmm.cc:162) Not updating fMLLR since below min-count: count is 263
LOG (gmm-est-fmllr:main():gmm-est-fmllr.cc:143) For speaker train_S11_12_3_14, auxf-impr from fMLLR is 0, over 263 frames.
WARNING (gmm-est-fmllr:Update():fmllr-diag-gmm.cc:162) Not updating fMLLR since below min-count: count is 268
LOG (gmm-est-fmllr:main():gmm-est-fmllr.cc:143) For speaker train_S11_12_3_16, auxf-impr from fMLLR is 0, over 268 frames.
WARNING (gmm-est-fmllr:Update():fmllr-diag-gmm.cc:162) Not updating fMLLR since below min-count: count is 238
LOG (gmm-est-fmllr:main():gmm-est-fmllr.cc:143) For speaker train_S11_12_3_18, auxf-impr from fMLLR is 0, over 238 frames.
WARNING (gmm-est-fmllr:Update():fmllr-diag-gmm.cc:162) Not updating fMLLR since below min-count: count is 256
LOG (gmm-est-fmllr:main():gmm-est-fmllr.cc:143) For speaker train_S11_12_3_20, auxf-impr from fMLLR is 0, over 256 frames.
WARNING (gmm-est-fmllr:Update():fmllr-diag-gmm.cc:162) Not updating fMLLR since below min-count: count is 268
LOG (gmm-est-fmllr:main():gmm-est-fmllr.cc:143) For speaker train_S11_12_4_12, auxf-impr from fMLLR is 0, over 268 frames.
WARNING (gmm-est-fmllr:Update():fmllr-diag-gmm.cc:162) Not updating fMLLR since below min-count: count is 263
LOG (gmm-est-fmllr:main():gmm-est-fmllr.cc:143) For speaker train_S11_12_4_14, auxf-impr from fMLLR is 0, over 263 frames.
WARNING (gmm-est-fmllr:Update():fmllr-diag-gmm.cc:162) Not updating fMLLR since below min-count: count is 268
LOG (gmm-est-fmllr:main():gmm-est-fmllr.cc:143) For speaker train_S11_12_4_16, auxf-impr from fMLLR is 0, over 268 frames.
WARNING (gmm-est-fmllr:Update():fmllr-diag-gmm.cc:162) Not updating fMLLR since below min-count: count is 238
LOG (gmm-est-fmllr:main():gmm-est-fmllr.cc:143) For speaker train_S11_12_4_18, auxf-impr from fMLLR is 0, over 238 frames.
WARNING (gmm-est-fmllr:Update():fmllr-diag-gmm.cc:162) Not updating fMLLR since below min-count: count is 256
LOG (gmm-est-fmllr:main():gmm-est-fmllr.cc:143) For speaker train_S11_12_4_20, auxf-impr from fMLLR is 0, over 256 frames.
WARNING (gmm-est-fmllr:Update():fmllr-diag-gmm.cc:162) Not updating fMLLR since below min-count: count is 268
LOG (gmm-est-fmllr:main():gmm-est-fmllr.cc:143) For speaker train_S11_12_5_12, auxf-impr from fMLLR is 0, over 268 frames.
WARNING (gmm-est-fmllr:Update():fmllr-diag-gmm.cc:162) Not updating fMLLR since below min-count: count is 263
LOG (gmm-est-fmllr:main():gmm-est-fmllr.cc:143) For speaker train_S11_12_5_14, auxf-impr from fMLLR is 0, over 263 frames.
WARNING (gmm-est-fmllr:Update():fmllr-diag-gmm.cc:162) Not updating fMLLR since below min-count: count is 268
LOG (gmm-est-fmllr:main():gmm-est-fmllr.cc:143) For speaker train_S11_12_5_16, auxf-impr from fMLLR is 0, over 268 frames.
WARNING (gmm-est-fmllr:Update():fmllr-diag-gmm.cc:162) Not updating fMLLR since below min-count: count is 238
LOG (gmm-est-fmllr:main():gmm-est-fmllr.cc:143) For speaker train_S11_12_5_18, auxf-impr from fMLLR is 0, over 238 frames.
WARNING (gmm-est-fmllr:Update():fmllr-diag-gmm.cc:162) Not updating fMLLR since below min-count: count is 256
LOG (gmm-est-fmllr:main():gmm-est-fmllr.cc:143) For speaker train_S11_12_5_20, auxf-impr from fMLLR is 0, over 256 frames.
WARNING (gmm-est-fmllr:Update():fmllr-diag-gmm.cc:162) Not updating fMLLR since below min-count: count is 268
LOG (gmm-est-fmllr:main():gmm-est-fmllr.cc:143) For speaker train_S11_12_6_12, auxf-impr from fMLLR is 0, over 268 frames.
WARNING (gmm-est-fmllr:Update():fmllr-diag-gmm.cc:162) Not updating fMLLR since below min-count: count is 263
LOG (gmm-est-fmllr:main():gmm-est-fmllr.cc:143) For speaker train_S11_12_6_14, auxf-impr from fMLLR is 0, over 263 frames.
WARNING (gmm-est-fmllr:Update():fmllr-diag-gmm.cc:162) Not updating fMLLR since below min-count: count is 268
LOG (gmm-est-fmllr:main():gmm-est-fmllr.cc:143) For speaker train_S11_12_6_16, auxf-impr from fMLLR is 0, over 268 frames.
WARNING (gmm-est-fmllr:Update():fmllr-diag-gmm.cc:162) Not updating fMLLR since below min-count: count is 238
LOG (gmm-est-fmllr:main():gmm-est-fmllr.cc:143) For speaker train_S11_12_6_18, auxf-impr from fMLLR is 0, over 238 frames.
WARNING (gmm-est-fmllr:Update():fmllr-diag-gmm.cc:162) Not updating fMLLR since below min-count: count is 256
LOG (gmm-est-fmllr:main():gmm-est-fmllr.cc:143) For speaker train_S11_12_6_20, auxf-impr from fMLLR is 0, over 256 frames.
WARNING (gmm-est-fmllr:Update():fmllr-diag-gmm.cc:162) Not updating fMLLR since below min-count: count is 268
LOG (gmm-est-fmllr:main():gmm-est-fmllr.cc:143) For speaker train_S11_12_7_12, auxf-impr from fMLLR is 0, over 268 frames.
WARNING (gmm-est-fmllr:Update():fmllr-diag-gmm.cc:162) Not updating fMLLR since below min-count: count is 263
LOG (gmm-est-fmllr:main():gmm-est-fmllr.cc:143) For speaker train_S11_12_7_14, auxf-impr from fMLLR is 0, over 263 frames.
WARNING (gmm-est-fmllr:Update():fmllr-diag-gmm.cc:162) Not updating fMLLR since below min-count: count is 268
LOG (gmm-est-fmllr:main():gmm-est-fmllr.cc:143) For speaker train_S11_12_7_16, auxf-impr from fMLLR is 0, over 268 frames.
WARNING (gmm-est-fmllr:Update():fmllr-diag-gmm.cc:162) Not updating fMLLR since below min-count: count is 238
LOG (gmm-est-fmllr:main():gmm-est-fmllr.cc:143) For speaker train_S11_12_7_18, auxf-impr from fMLLR is 0, over 238 frames.
WARNING (gmm-est-fmllr:Update():fmllr-diag-gmm.cc:162) Not updating fMLLR since below min-count: count is 256
LOG (gmm-est-fmllr:main():gmm-est-fmllr.cc:143) For speaker train_S11_12_7_20, auxf-impr from fMLLR is 0, over 256 frames.
WARNING (gmm-est-fmllr:Update():fmllr-diag-gmm.cc:162) Not updating fMLLR since below min-count: count is 308
LOG (gmm-est-fmllr:main():gmm-est-fmllr.cc:143) For speaker train_S11_13_1_12, auxf-impr from fMLLR is 0, over 308 frames.
WARNING (gmm-est-fmllr:Update():fmllr-diag-gmm.cc:162) Not updating fMLLR since below min-count: count is 302
LOG (gmm-est-fmllr:main():gmm-est-fmllr.cc:143) For speaker train_S11_13_1_14, auxf-impr from fMLLR is 0, over 302 frames.
WARNING (gmm-est-fmllr:Update():fmllr-diag-gmm.cc:162) Not updating fMLLR since below min-count: count is 308
LOG (gmm-est-fmllr:main():gmm-est-fmllr.cc:143) For speaker train_S11_13_1_16, auxf-impr from fMLLR is 0, over 308 frames.
WARNING (gmm-est-fmllr:Update():fmllr-diag-gmm.cc:162) Not updating fMLLR since below min-count: count is 273
LOG (gmm-est-fmllr:main():gmm-est-fmllr.cc:143) For speaker train_S11_13_1_18, auxf-impr from fMLLR is 0, over 273 frames.
WARNING (gmm-est-fmllr:Update():fmllr-diag-gmm.cc:162) Not updating fMLLR since below min-count: count is 294
LOG (gmm-est-fmllr:main():gmm-est-fmllr.cc:143) For speaker train_S11_13_1_20, auxf-impr from fMLLR is 0, over 294 frames.
LOG (ali-to-post:main():ali-to-post.cc:65) Converted 275 alignments.
WARNING (gmm-est-fmllr:Update():fmllr-diag-gmm.cc:162) Not updating fMLLR since below min-count: count is 308
LOG (gmm-est-fmllr:main():gmm-est-fmllr.cc:143) For speaker train_S11_13_2_12, auxf-impr from fMLLR is 0, over 308 frames.
WARNING (gmm-est-fmllr:Update():fmllr-diag-gmm.cc:162) Not updating fMLLR since below min-count: count is 302
LOG (gmm-est-fmllr:main():gmm-est-fmllr.cc:143) For speaker train_S11_13_2_14, auxf-impr from fMLLR is 0, over 302 frames.
WARNING (gmm-est-fmllr:Update():fmllr-diag-gmm.cc:162) Not updating fMLLR since below min-count: count is 308
LOG (gmm-est-fmllr:main():gmm-est-fmllr.cc:143) For speaker train_S11_13_2_16, auxf-impr from fMLLR is 0, over 308 frames.
WARNING (gmm-est-fmllr:Update():fmllr-diag-gmm.cc:162) Not updating fMLLR since below min-count: count is 273
LOG (gmm-est-fmllr:main():gmm-est-fmllr.cc:143) For speaker train_S11_13_2_18, auxf-impr from fMLLR is 0, over 273 frames.
WARNING (gmm-est-fmllr:Update():fmllr-diag-gmm.cc:162) Not updating fMLLR since below min-count: count is 294
LOG (gmm-est-fmllr:main():gmm-est-fmllr.cc:143) For speaker train_S11_13_2_20, auxf-impr from fMLLR is 0, over 294 frames.
WARNING (gmm-est-fmllr:Update():fmllr-diag-gmm.cc:162) Not updating fMLLR since below min-count: count is 308
LOG (gmm-est-fmllr:main():gmm-est-fmllr.cc:143) For speaker train_S11_13_3_12, auxf-impr from fMLLR is 0, over 308 frames.
WARNING (gmm-est-fmllr:Update():fmllr-diag-gmm.cc:162) Not updating fMLLR since below min-count: count is 302
LOG (gmm-est-fmllr:main():gmm-est-fmllr.cc:143) For speaker train_S11_13_3_14, auxf-impr from fMLLR is 0, over 302 frames.
WARNING (gmm-est-fmllr:Update():fmllr-diag-gmm.cc:162) Not updating fMLLR since below min-count: count is 308
LOG (gmm-est-fmllr:main():gmm-est-fmllr.cc:143) For speaker train_S11_13_3_16, auxf-impr from fMLLR is 0, over 308 frames.
WARNING (gmm-est-fmllr:Update():fmllr-diag-gmm.cc:162) Not updating fMLLR since below min-count: count is 273
LOG (gmm-est-fmllr:main():gmm-est-fmllr.cc:143) For speaker train_S11_13_3_18, auxf-impr from fMLLR is 0, over 273 frames.
WARNING (gmm-est-fmllr:Update():fmllr-diag-gmm.cc:162) Not updating fMLLR since below min-count: count is 294
LOG (gmm-est-fmllr:main():gmm-est-fmllr.cc:143) For speaker train_S11_13_3_20, auxf-impr from fMLLR is 0, over 294 frames.
WARNING (gmm-est-fmllr:Update():fmllr-diag-gmm.cc:162) Not updating fMLLR since below min-count: count is 308
LOG (gmm-est-fmllr:main():gmm-est-fmllr.cc:143) For speaker train_S11_13_4_12, auxf-impr from fMLLR is 0, over 308 frames.
WARNING (gmm-est-fmllr:Update():fmllr-diag-gmm.cc:162) Not updating fMLLR since below min-count: count is 302
LOG (gmm-est-fmllr:main():gmm-est-fmllr.cc:143) For speaker train_S11_13_4_14, auxf-impr from fMLLR is 0, over 302 frames.
LOG (weight-silence-post:main():weight-silence-post.cc:95) Done 275 posteriors.
WARNING (gmm-est-fmllr:Update():fmllr-diag-gmm.cc:162) Not updating fMLLR since below min-count: count is 308
LOG (gmm-est-fmllr:main():gmm-est-fmllr.cc:143) For speaker train_S11_13_4_16, auxf-impr from fMLLR is 0, over 308 frames.
LOG (apply-cmvn:main():apply-cmvn.cc:146) Applied cepstral mean normalization to 275 utterances, errors on 0
WARNING (gmm-est-fmllr:Update():fmllr-diag-gmm.cc:162) Not updating fMLLR since below min-count: count is 273
LOG (gmm-est-fmllr:main():gmm-est-fmllr.cc:143) For speaker train_S11_13_4_18, auxf-impr from fMLLR is 0, over 273 frames.
WARNING (gmm-est-fmllr:Update():fmllr-diag-gmm.cc:162) Not updating fMLLR since below min-count: count is 294
LOG (gmm-est-fmllr:main():gmm-est-fmllr.cc:143) For speaker train_S11_13_4_20, auxf-impr from fMLLR is 0, over 294 frames.
WARNING (gmm-est-fmllr:Update():fmllr-diag-gmm.cc:162) Not updating fMLLR since below min-count: count is 307
LOG (gmm-est-fmllr:main():gmm-est-fmllr.cc:143) For speaker train_S11_13_5_12, auxf-impr from fMLLR is 0, over 307 frames.
WARNING (gmm-est-fmllr:Update():fmllr-diag-gmm.cc:162) Not updating fMLLR since below min-count: count is 302
LOG (gmm-est-fmllr:main():gmm-est-fmllr.cc:143) For speaker train_S11_13_5_14, auxf-impr from fMLLR is 0, over 302 frames.
WARNING (gmm-est-fmllr:Update():fmllr-diag-gmm.cc:162) Not updating fMLLR since below min-count: count is 308
LOG (gmm-est-fmllr:main():gmm-est-fmllr.cc:143) For speaker train_S11_13_5_16, auxf-impr from fMLLR is 0, over 308 frames.
WARNING (gmm-est-fmllr:Update():fmllr-diag-gmm.cc:162) Not updating fMLLR since below min-count: count is 273
LOG (gmm-est-fmllr:main():gmm-est-fmllr.cc:143) For speaker train_S11_13_5_18, auxf-impr from fMLLR is 0, over 273 frames.
WARNING (gmm-est-fmllr:Update():fmllr-diag-gmm.cc:162) Not updating fMLLR since below min-count: count is 294
LOG (gmm-est-fmllr:main():gmm-est-fmllr.cc:143) For speaker train_S11_13_5_20, auxf-impr from fMLLR is 0, over 294 frames.
LOG (transform-feats:main():transform-feats.cc:158) Overall average logdet is 0 over 106546 frames.
LOG (transform-feats:main():transform-feats.cc:161) Applied transform to 275 utterances; 0 had errors.
WARNING (gmm-est-fmllr:Update():fmllr-diag-gmm.cc:162) Not updating fMLLR since below min-count: count is 307
LOG (gmm-est-fmllr:main():gmm-est-fmllr.cc:143) For speaker train_S11_13_6_12, auxf-impr from fMLLR is 0, over 307 frames.
LOG (gmm-est-fmllr:main():gmm-est-fmllr.cc:188) Done 275 files, 0 with no posts, 0 with other errors.
LOG (gmm-est-fmllr:main():gmm-est-fmllr.cc:190) Overall fMLLR auxf impr per frame is 0 over 66262 frames.
# Accounting: time=3 threads=1
# Ended (code 0) at Thu Feb 27 12:05:29 IST 2020, elapsed time 3 seconds
