# ali-to-post "ark:gunzip -c exp/mono2/ali.20.gz|" ark:- | weight-silence-post 0.0 1 exp/mono2/2.mdl ark:- ark:- | gmm-est-fmllr --fmllr-update-type=full --spk2utt=ark:data/train/split30/20/spk2utt exp/mono2/2.mdl "ark,s,cs:apply-cmvn  --utt2spk=ark:data/train/split30/20/utt2spk scp:data/train/split30/20/cmvn.scp scp:data/train/split30/20/feats.scp ark:- | add-deltas  ark:- ark:- | transform-feats --utt2spk=ark:data/train/split30/20/utt2spk ark,s,cs:exp/mono2/trans.20 ark:- ark:- |" ark:- ark:exp/mono2/tmp_trans.20 
# Started at Thu Feb 27 12:03:38 IST 2020
#
ali-to-post 'ark:gunzip -c exp/mono2/ali.20.gz|' ark:- 
gmm-est-fmllr --fmllr-update-type=full --spk2utt=ark:data/train/split30/20/spk2utt exp/mono2/2.mdl 'ark,s,cs:apply-cmvn  --utt2spk=ark:data/train/split30/20/utt2spk scp:data/train/split30/20/cmvn.scp scp:data/train/split30/20/feats.scp ark:- | add-deltas  ark:- ark:- | transform-feats --utt2spk=ark:data/train/split30/20/utt2spk ark,s,cs:exp/mono2/trans.20 ark:- ark:- |' ark:- ark:exp/mono2/tmp_trans.20 
weight-silence-post 0.0 1 exp/mono2/2.mdl ark:- ark:- 
apply-cmvn --utt2spk=ark:data/train/split30/20/utt2spk scp:data/train/split30/20/cmvn.scp scp:data/train/split30/20/feats.scp ark:- 
add-deltas ark:- ark:- 
transform-feats --utt2spk=ark:data/train/split30/20/utt2spk ark,s,cs:exp/mono2/trans.20 ark:- ark:- 
WARNING (gmm-est-fmllr:Update():fmllr-diag-gmm.cc:162) Not updating fMLLR since below min-count: count is 168
LOG (gmm-est-fmllr:main():gmm-est-fmllr.cc:143) For speaker train_S2_5_4_16, auxf-impr from fMLLR is 0, over 168 frames.
WARNING (gmm-est-fmllr:Update():fmllr-diag-gmm.cc:162) Not updating fMLLR since below min-count: count is 149
LOG (gmm-est-fmllr:main():gmm-est-fmllr.cc:143) For speaker train_S2_5_4_18, auxf-impr from fMLLR is 0, over 149 frames.
WARNING (gmm-est-fmllr:Update():fmllr-diag-gmm.cc:162) Not updating fMLLR since below min-count: count is 160
LOG (gmm-est-fmllr:main():gmm-est-fmllr.cc:143) For speaker train_S2_5_4_20, auxf-impr from fMLLR is 0, over 160 frames.
WARNING (gmm-est-fmllr:Update():fmllr-diag-gmm.cc:162) Not updating fMLLR since below min-count: count is 167
LOG (gmm-est-fmllr:main():gmm-est-fmllr.cc:143) For speaker train_S2_5_5_12, auxf-impr from fMLLR is 0, over 167 frames.
WARNING (gmm-est-fmllr:Update():fmllr-diag-gmm.cc:162) Not updating fMLLR since below min-count: count is 164
LOG (gmm-est-fmllr:main():gmm-est-fmllr.cc:143) For speaker train_S2_5_5_14, auxf-impr from fMLLR is 0, over 164 frames.
WARNING (gmm-est-fmllr:Update():fmllr-diag-gmm.cc:162) Not updating fMLLR since below min-count: count is 168
LOG (gmm-est-fmllr:main():gmm-est-fmllr.cc:143) For speaker train_S2_5_5_16, auxf-impr from fMLLR is 0, over 168 frames.
WARNING (gmm-est-fmllr:Update():fmllr-diag-gmm.cc:162) Not updating fMLLR since below min-count: count is 149
LOG (gmm-est-fmllr:main():gmm-est-fmllr.cc:143) For speaker train_S2_5_5_18, auxf-impr from fMLLR is 0, over 149 frames.
WARNING (gmm-est-fmllr:Update():fmllr-diag-gmm.cc:162) Not updating fMLLR since below min-count: count is 160
LOG (gmm-est-fmllr:main():gmm-est-fmllr.cc:143) For speaker train_S2_5_5_20, auxf-impr from fMLLR is 0, over 160 frames.
WARNING (gmm-est-fmllr:Update():fmllr-diag-gmm.cc:162) Not updating fMLLR since below min-count: count is 167
LOG (gmm-est-fmllr:main():gmm-est-fmllr.cc:143) For speaker train_S2_5_6_12, auxf-impr from fMLLR is 0, over 167 frames.
WARNING (gmm-est-fmllr:Update():fmllr-diag-gmm.cc:162) Not updating fMLLR since below min-count: count is 164
LOG (gmm-est-fmllr:main():gmm-est-fmllr.cc:143) For speaker train_S2_5_6_14, auxf-impr from fMLLR is 0, over 164 frames.
WARNING (gmm-est-fmllr:Update():fmllr-diag-gmm.cc:162) Not updating fMLLR since below min-count: count is 168
LOG (gmm-est-fmllr:main():gmm-est-fmllr.cc:143) For speaker train_S2_5_6_16, auxf-impr from fMLLR is 0, over 168 frames.
WARNING (gmm-est-fmllr:Update():fmllr-diag-gmm.cc:162) Not updating fMLLR since below min-count: count is 149
LOG (gmm-est-fmllr:main():gmm-est-fmllr.cc:143) For speaker train_S2_5_6_18, auxf-impr from fMLLR is 0, over 149 frames.
WARNING (gmm-est-fmllr:Update():fmllr-diag-gmm.cc:162) Not updating fMLLR since below min-count: count is 160
LOG (gmm-est-fmllr:main():gmm-est-fmllr.cc:143) For speaker train_S2_5_6_20, auxf-impr from fMLLR is 0, over 160 frames.
WARNING (gmm-est-fmllr:Update():fmllr-diag-gmm.cc:162) Not updating fMLLR since below min-count: count is 167
LOG (gmm-est-fmllr:main():gmm-est-fmllr.cc:143) For speaker train_S2_5_7_12, auxf-impr from fMLLR is 0, over 167 frames.
WARNING (gmm-est-fmllr:Update():fmllr-diag-gmm.cc:162) Not updating fMLLR since below min-count: count is 164
LOG (gmm-est-fmllr:main():gmm-est-fmllr.cc:143) For speaker train_S2_5_7_14, auxf-impr from fMLLR is 0, over 164 frames.
WARNING (gmm-est-fmllr:Update():fmllr-diag-gmm.cc:162) Not updating fMLLR since below min-count: count is 167
LOG (gmm-est-fmllr:main():gmm-est-fmllr.cc:143) For speaker train_S2_5_7_16, auxf-impr from fMLLR is 0, over 167 frames.
WARNING (gmm-est-fmllr:Update():fmllr-diag-gmm.cc:162) Not updating fMLLR since below min-count: count is 149
LOG (gmm-est-fmllr:main():gmm-est-fmllr.cc:143) For speaker train_S2_5_7_18, auxf-impr from fMLLR is 0, over 149 frames.
WARNING (gmm-est-fmllr:Update():fmllr-diag-gmm.cc:162) Not updating fMLLR since below min-count: count is 160
LOG (gmm-est-fmllr:main():gmm-est-fmllr.cc:143) For speaker train_S2_5_7_20, auxf-impr from fMLLR is 0, over 160 frames.
WARNING (gmm-est-fmllr:Update():fmllr-diag-gmm.cc:162) Not updating fMLLR since below min-count: count is 151
LOG (gmm-est-fmllr:main():gmm-est-fmllr.cc:143) For speaker train_S2_6_1_12, auxf-impr from fMLLR is 0, over 151 frames.
WARNING (gmm-est-fmllr:Update():fmllr-diag-gmm.cc:162) Not updating fMLLR since below min-count: count is 148
LOG (gmm-est-fmllr:main():gmm-est-fmllr.cc:143) For speaker train_S2_6_1_14, auxf-impr from fMLLR is 0, over 148 frames.
WARNING (gmm-est-fmllr:Update():fmllr-diag-gmm.cc:162) Not updating fMLLR since below min-count: count is 151
LOG (gmm-est-fmllr:main():gmm-est-fmllr.cc:143) For speaker train_S2_6_1_16, auxf-impr from fMLLR is 0, over 151 frames.
WARNING (gmm-est-fmllr:Update():fmllr-diag-gmm.cc:162) Not updating fMLLR since below min-count: count is 134
LOG (gmm-est-fmllr:main():gmm-est-fmllr.cc:143) For speaker train_S2_6_1_18, auxf-impr from fMLLR is 0, over 134 frames.
WARNING (gmm-est-fmllr:Update():fmllr-diag-gmm.cc:162) Not updating fMLLR since below min-count: count is 145
LOG (gmm-est-fmllr:main():gmm-est-fmllr.cc:143) For speaker train_S2_6_1_20, auxf-impr from fMLLR is 0, over 145 frames.
WARNING (gmm-est-fmllr:Update():fmllr-diag-gmm.cc:162) Not updating fMLLR since below min-count: count is 151
LOG (gmm-est-fmllr:main():gmm-est-fmllr.cc:143) For speaker train_S2_6_2_12, auxf-impr from fMLLR is 0, over 151 frames.
WARNING (gmm-est-fmllr:Update():fmllr-diag-gmm.cc:162) Not updating fMLLR since below min-count: count is 148
LOG (gmm-est-fmllr:main():gmm-est-fmllr.cc:143) For speaker train_S2_6_2_14, auxf-impr from fMLLR is 0, over 148 frames.
WARNING (gmm-est-fmllr:Update():fmllr-diag-gmm.cc:162) Not updating fMLLR since below min-count: count is 151
LOG (gmm-est-fmllr:main():gmm-est-fmllr.cc:143) For speaker train_S2_6_2_16, auxf-impr from fMLLR is 0, over 151 frames.
WARNING (gmm-est-fmllr:Update():fmllr-diag-gmm.cc:162) Not updating fMLLR since below min-count: count is 134
LOG (gmm-est-fmllr:main():gmm-est-fmllr.cc:143) For speaker train_S2_6_2_18, auxf-impr from fMLLR is 0, over 134 frames.
WARNING (gmm-est-fmllr:Update():fmllr-diag-gmm.cc:162) Not updating fMLLR since below min-count: count is 145
LOG (gmm-est-fmllr:main():gmm-est-fmllr.cc:143) For speaker train_S2_6_2_20, auxf-impr from fMLLR is 0, over 145 frames.
WARNING (gmm-est-fmllr:Update():fmllr-diag-gmm.cc:162) Not updating fMLLR since below min-count: count is 151
LOG (gmm-est-fmllr:main():gmm-est-fmllr.cc:143) For speaker train_S2_6_3_12, auxf-impr from fMLLR is 0, over 151 frames.
WARNING (gmm-est-fmllr:Update():fmllr-diag-gmm.cc:162) Not updating fMLLR since below min-count: count is 148
LOG (gmm-est-fmllr:main():gmm-est-fmllr.cc:143) For speaker train_S2_6_3_14, auxf-impr from fMLLR is 0, over 148 frames.
WARNING (gmm-est-fmllr:Update():fmllr-diag-gmm.cc:162) Not updating fMLLR since below min-count: count is 151
LOG (gmm-est-fmllr:main():gmm-est-fmllr.cc:143) For speaker train_S2_6_3_16, auxf-impr from fMLLR is 0, over 151 frames.
WARNING (gmm-est-fmllr:Update():fmllr-diag-gmm.cc:162) Not updating fMLLR since below min-count: count is 134
LOG (gmm-est-fmllr:main():gmm-est-fmllr.cc:143) For speaker train_S2_6_3_18, auxf-impr from fMLLR is 0, over 134 frames.
WARNING (gmm-est-fmllr:Update():fmllr-diag-gmm.cc:162) Not updating fMLLR since below min-count: count is 145
LOG (gmm-est-fmllr:main():gmm-est-fmllr.cc:143) For speaker train_S2_6_3_20, auxf-impr from fMLLR is 0, over 145 frames.
WARNING (gmm-est-fmllr:Update():fmllr-diag-gmm.cc:162) Not updating fMLLR since below min-count: count is 151
LOG (gmm-est-fmllr:main():gmm-est-fmllr.cc:143) For speaker train_S2_6_4_12, auxf-impr from fMLLR is 0, over 151 frames.
WARNING (gmm-est-fmllr:Update():fmllr-diag-gmm.cc:162) Not updating fMLLR since below min-count: count is 148
LOG (gmm-est-fmllr:main():gmm-est-fmllr.cc:143) For speaker train_S2_6_4_14, auxf-impr from fMLLR is 0, over 148 frames.
WARNING (gmm-est-fmllr:Update():fmllr-diag-gmm.cc:162) Not updating fMLLR since below min-count: count is 151
LOG (gmm-est-fmllr:main():gmm-est-fmllr.cc:143) For speaker train_S2_6_4_16, auxf-impr from fMLLR is 0, over 151 frames.
WARNING (gmm-est-fmllr:Update():fmllr-diag-gmm.cc:162) Not updating fMLLR since below min-count: count is 134
LOG (gmm-est-fmllr:main():gmm-est-fmllr.cc:143) For speaker train_S2_6_4_18, auxf-impr from fMLLR is 0, over 134 frames.
WARNING (gmm-est-fmllr:Update():fmllr-diag-gmm.cc:162) Not updating fMLLR since below min-count: count is 145
LOG (gmm-est-fmllr:main():gmm-est-fmllr.cc:143) For speaker train_S2_6_4_20, auxf-impr from fMLLR is 0, over 145 frames.
WARNING (gmm-est-fmllr:Update():fmllr-diag-gmm.cc:162) Not updating fMLLR since below min-count: count is 151
LOG (gmm-est-fmllr:main():gmm-est-fmllr.cc:143) For speaker train_S2_6_5_12, auxf-impr from fMLLR is 0, over 151 frames.
WARNING (gmm-est-fmllr:Update():fmllr-diag-gmm.cc:162) Not updating fMLLR since below min-count: count is 148
LOG (gmm-est-fmllr:main():gmm-est-fmllr.cc:143) For speaker train_S2_6_5_14, auxf-impr from fMLLR is 0, over 148 frames.
WARNING (gmm-est-fmllr:Update():fmllr-diag-gmm.cc:162) Not updating fMLLR since below min-count: count is 151
LOG (gmm-est-fmllr:main():gmm-est-fmllr.cc:143) For speaker train_S2_6_5_16, auxf-impr from fMLLR is 0, over 151 frames.
WARNING (gmm-est-fmllr:Update():fmllr-diag-gmm.cc:162) Not updating fMLLR since below min-count: count is 134
LOG (gmm-est-fmllr:main():gmm-est-fmllr.cc:143) For speaker train_S2_6_5_18, auxf-impr from fMLLR is 0, over 134 frames.
WARNING (gmm-est-fmllr:Update():fmllr-diag-gmm.cc:162) Not updating fMLLR since below min-count: count is 145
LOG (gmm-est-fmllr:main():gmm-est-fmllr.cc:143) For speaker train_S2_6_5_20, auxf-impr from fMLLR is 0, over 145 frames.
WARNING (gmm-est-fmllr:Update():fmllr-diag-gmm.cc:162) Not updating fMLLR since below min-count: count is 151
LOG (gmm-est-fmllr:main():gmm-est-fmllr.cc:143) For speaker train_S2_6_6_12, auxf-impr from fMLLR is 0, over 151 frames.
WARNING (gmm-est-fmllr:Update():fmllr-diag-gmm.cc:162) Not updating fMLLR since below min-count: count is 148
LOG (gmm-est-fmllr:main():gmm-est-fmllr.cc:143) For speaker train_S2_6_6_14, auxf-impr from fMLLR is 0, over 148 frames.
WARNING (gmm-est-fmllr:Update():fmllr-diag-gmm.cc:162) Not updating fMLLR since below min-count: count is 151
LOG (gmm-est-fmllr:main():gmm-est-fmllr.cc:143) For speaker train_S2_6_6_16, auxf-impr from fMLLR is 0, over 151 frames.
WARNING (gmm-est-fmllr:Update():fmllr-diag-gmm.cc:162) Not updating fMLLR since below min-count: count is 134
LOG (gmm-est-fmllr:main():gmm-est-fmllr.cc:143) For speaker train_S2_6_6_18, auxf-impr from fMLLR is 0, over 134 frames.
WARNING (gmm-est-fmllr:Update():fmllr-diag-gmm.cc:162) Not updating fMLLR since below min-count: count is 145
LOG (gmm-est-fmllr:main():gmm-est-fmllr.cc:143) For speaker train_S2_6_6_20, auxf-impr from fMLLR is 0, over 145 frames.
WARNING (gmm-est-fmllr:Update():fmllr-diag-gmm.cc:162) Not updating fMLLR since below min-count: count is 151
LOG (gmm-est-fmllr:main():gmm-est-fmllr.cc:143) For speaker train_S2_6_7_12, auxf-impr from fMLLR is 0, over 151 frames.
WARNING (gmm-est-fmllr:Update():fmllr-diag-gmm.cc:162) Not updating fMLLR since below min-count: count is 148
LOG (gmm-est-fmllr:main():gmm-est-fmllr.cc:143) For speaker train_S2_6_7_14, auxf-impr from fMLLR is 0, over 148 frames.
WARNING (gmm-est-fmllr:Update():fmllr-diag-gmm.cc:162) Not updating fMLLR since below min-count: count is 151
LOG (gmm-est-fmllr:main():gmm-est-fmllr.cc:143) For speaker train_S2_6_7_16, auxf-impr from fMLLR is 0, over 151 frames.
WARNING (gmm-est-fmllr:Update():fmllr-diag-gmm.cc:162) Not updating fMLLR since below min-count: count is 134
LOG (gmm-est-fmllr:main():gmm-est-fmllr.cc:143) For speaker train_S2_6_7_18, auxf-impr from fMLLR is 0, over 134 frames.
WARNING (gmm-est-fmllr:Update():fmllr-diag-gmm.cc:162) Not updating fMLLR since below min-count: count is 145
LOG (gmm-est-fmllr:main():gmm-est-fmllr.cc:143) For speaker train_S2_6_7_20, auxf-impr from fMLLR is 0, over 145 frames.
WARNING (gmm-est-fmllr:Update():fmllr-diag-gmm.cc:162) Not updating fMLLR since below min-count: count is 203
LOG (gmm-est-fmllr:main():gmm-est-fmllr.cc:143) For speaker train_S2_7_1_12, auxf-impr from fMLLR is 0, over 203 frames.
WARNING (gmm-est-fmllr:Update():fmllr-diag-gmm.cc:162) Not updating fMLLR since below min-count: count is 200
LOG (gmm-est-fmllr:main():gmm-est-fmllr.cc:143) For speaker train_S2_7_1_14, auxf-impr from fMLLR is 0, over 200 frames.
WARNING (gmm-est-fmllr:Update():fmllr-diag-gmm.cc:162) Not updating fMLLR since below min-count: count is 204
LOG (gmm-est-fmllr:main():gmm-est-fmllr.cc:143) For speaker train_S2_7_1_16, auxf-impr from fMLLR is 0, over 204 frames.
WARNING (gmm-est-fmllr:Update():fmllr-diag-gmm.cc:162) Not updating fMLLR since below min-count: count is 181
LOG (gmm-est-fmllr:main():gmm-est-fmllr.cc:143) For speaker train_S2_7_1_18, auxf-impr from fMLLR is 0, over 181 frames.
WARNING (gmm-est-fmllr:Update():fmllr-diag-gmm.cc:162) Not updating fMLLR since below min-count: count is 195
LOG (gmm-est-fmllr:main():gmm-est-fmllr.cc:143) For speaker train_S2_7_1_20, auxf-impr from fMLLR is 0, over 195 frames.
WARNING (gmm-est-fmllr:Update():fmllr-diag-gmm.cc:162) Not updating fMLLR since below min-count: count is 203
LOG (gmm-est-fmllr:main():gmm-est-fmllr.cc:143) For speaker train_S2_7_2_12, auxf-impr from fMLLR is 0, over 203 frames.
WARNING (gmm-est-fmllr:Update():fmllr-diag-gmm.cc:162) Not updating fMLLR since below min-count: count is 200
LOG (gmm-est-fmllr:main():gmm-est-fmllr.cc:143) For speaker train_S2_7_2_14, auxf-impr from fMLLR is 0, over 200 frames.
WARNING (gmm-est-fmllr:Update():fmllr-diag-gmm.cc:162) Not updating fMLLR since below min-count: count is 204
LOG (gmm-est-fmllr:main():gmm-est-fmllr.cc:143) For speaker train_S2_7_2_16, auxf-impr from fMLLR is 0, over 204 frames.
WARNING (gmm-est-fmllr:Update():fmllr-diag-gmm.cc:162) Not updating fMLLR since below min-count: count is 181
LOG (gmm-est-fmllr:main():gmm-est-fmllr.cc:143) For speaker train_S2_7_2_18, auxf-impr from fMLLR is 0, over 181 frames.
WARNING (gmm-est-fmllr:Update():fmllr-diag-gmm.cc:162) Not updating fMLLR since below min-count: count is 195
LOG (gmm-est-fmllr:main():gmm-est-fmllr.cc:143) For speaker train_S2_7_2_20, auxf-impr from fMLLR is 0, over 195 frames.
WARNING (gmm-est-fmllr:Update():fmllr-diag-gmm.cc:162) Not updating fMLLR since below min-count: count is 203
LOG (gmm-est-fmllr:main():gmm-est-fmllr.cc:143) For speaker train_S2_7_3_12, auxf-impr from fMLLR is 0, over 203 frames.
WARNING (gmm-est-fmllr:Update():fmllr-diag-gmm.cc:162) Not updating fMLLR since below min-count: count is 200
LOG (gmm-est-fmllr:main():gmm-est-fmllr.cc:143) For speaker train_S2_7_3_14, auxf-impr from fMLLR is 0, over 200 frames.
WARNING (gmm-est-fmllr:Update():fmllr-diag-gmm.cc:162) Not updating fMLLR since below min-count: count is 204
LOG (gmm-est-fmllr:main():gmm-est-fmllr.cc:143) For speaker train_S2_7_3_16, auxf-impr from fMLLR is 0, over 204 frames.
WARNING (gmm-est-fmllr:Update():fmllr-diag-gmm.cc:162) Not updating fMLLR since below min-count: count is 181
LOG (gmm-est-fmllr:main():gmm-est-fmllr.cc:143) For speaker train_S2_7_3_18, auxf-impr from fMLLR is 0, over 181 frames.
WARNING (gmm-est-fmllr:Update():fmllr-diag-gmm.cc:162) Not updating fMLLR since below min-count: count is 195
LOG (gmm-est-fmllr:main():gmm-est-fmllr.cc:143) For speaker train_S2_7_3_20, auxf-impr from fMLLR is 0, over 195 frames.
WARNING (gmm-est-fmllr:Update():fmllr-diag-gmm.cc:162) Not updating fMLLR since below min-count: count is 203
LOG (gmm-est-fmllr:main():gmm-est-fmllr.cc:143) For speaker train_S2_7_4_12, auxf-impr from fMLLR is 0, over 203 frames.
WARNING (gmm-est-fmllr:Update():fmllr-diag-gmm.cc:162) Not updating fMLLR since below min-count: count is 200
LOG (gmm-est-fmllr:main():gmm-est-fmllr.cc:143) For speaker train_S2_7_4_14, auxf-impr from fMLLR is 0, over 200 frames.
WARNING (gmm-est-fmllr:Update():fmllr-diag-gmm.cc:162) Not updating fMLLR since below min-count: count is 204
LOG (gmm-est-fmllr:main():gmm-est-fmllr.cc:143) For speaker train_S2_7_4_16, auxf-impr from fMLLR is 0, over 204 frames.
WARNING (gmm-est-fmllr:Update():fmllr-diag-gmm.cc:162) Not updating fMLLR since below min-count: count is 181
LOG (gmm-est-fmllr:main():gmm-est-fmllr.cc:143) For speaker train_S2_7_4_18, auxf-impr from fMLLR is 0, over 181 frames.
WARNING (gmm-est-fmllr:Update():fmllr-diag-gmm.cc:162) Not updating fMLLR since below min-count: count is 195
LOG (gmm-est-fmllr:main():gmm-est-fmllr.cc:143) For speaker train_S2_7_4_20, auxf-impr from fMLLR is 0, over 195 frames.
WARNING (gmm-est-fmllr:Update():fmllr-diag-gmm.cc:162) Not updating fMLLR since below min-count: count is 203
LOG (gmm-est-fmllr:main():gmm-est-fmllr.cc:143) For speaker train_S2_7_5_12, auxf-impr from fMLLR is 0, over 203 frames.
WARNING (gmm-est-fmllr:Update():fmllr-diag-gmm.cc:162) Not updating fMLLR since below min-count: count is 200
LOG (gmm-est-fmllr:main():gmm-est-fmllr.cc:143) For speaker train_S2_7_5_14, auxf-impr from fMLLR is 0, over 200 frames.
WARNING (gmm-est-fmllr:Update():fmllr-diag-gmm.cc:162) Not updating fMLLR since below min-count: count is 204
LOG (gmm-est-fmllr:main():gmm-est-fmllr.cc:143) For speaker train_S2_7_5_16, auxf-impr from fMLLR is 0, over 204 frames.
WARNING (gmm-est-fmllr:Update():fmllr-diag-gmm.cc:162) Not updating fMLLR since below min-count: count is 180
LOG (gmm-est-fmllr:main():gmm-est-fmllr.cc:143) For speaker train_S2_7_5_18, auxf-impr from fMLLR is 0, over 180 frames.
WARNING (gmm-est-fmllr:Update():fmllr-diag-gmm.cc:162) Not updating fMLLR since below min-count: count is 195
LOG (gmm-est-fmllr:main():gmm-est-fmllr.cc:143) For speaker train_S2_7_5_20, auxf-impr from fMLLR is 0, over 195 frames.
WARNING (gmm-est-fmllr:Update():fmllr-diag-gmm.cc:162) Not updating fMLLR since below min-count: count is 203
LOG (gmm-est-fmllr:main():gmm-est-fmllr.cc:143) For speaker train_S2_7_6_12, auxf-impr from fMLLR is 0, over 203 frames.
WARNING (gmm-est-fmllr:Update():fmllr-diag-gmm.cc:162) Not updating fMLLR since below min-count: count is 200
LOG (gmm-est-fmllr:main():gmm-est-fmllr.cc:143) For speaker train_S2_7_6_14, auxf-impr from fMLLR is 0, over 200 frames.
WARNING (gmm-est-fmllr:Update():fmllr-diag-gmm.cc:162) Not updating fMLLR since below min-count: count is 204
LOG (gmm-est-fmllr:main():gmm-est-fmllr.cc:143) For speaker train_S2_7_6_16, auxf-impr from fMLLR is 0, over 204 frames.
WARNING (gmm-est-fmllr:Update():fmllr-diag-gmm.cc:162) Not updating fMLLR since below min-count: count is 180
LOG (gmm-est-fmllr:main():gmm-est-fmllr.cc:143) For speaker train_S2_7_6_18, auxf-impr from fMLLR is 0, over 180 frames.
WARNING (gmm-est-fmllr:Update():fmllr-diag-gmm.cc:162) Not updating fMLLR since below min-count: count is 195
LOG (gmm-est-fmllr:main():gmm-est-fmllr.cc:143) For speaker train_S2_7_6_20, auxf-impr from fMLLR is 0, over 195 frames.
WARNING (gmm-est-fmllr:Update():fmllr-diag-gmm.cc:162) Not updating fMLLR since below min-count: count is 203
LOG (gmm-est-fmllr:main():gmm-est-fmllr.cc:143) For speaker train_S2_7_7_12, auxf-impr from fMLLR is 0, over 203 frames.
WARNING (gmm-est-fmllr:Update():fmllr-diag-gmm.cc:162) Not updating fMLLR since below min-count: count is 200
LOG (gmm-est-fmllr:main():gmm-est-fmllr.cc:143) For speaker train_S2_7_7_14, auxf-impr from fMLLR is 0, over 200 frames.
WARNING (gmm-est-fmllr:Update():fmllr-diag-gmm.cc:162) Not updating fMLLR since below min-count: count is 203
LOG (gmm-est-fmllr:main():gmm-est-fmllr.cc:143) For speaker train_S2_7_7_16, auxf-impr from fMLLR is 0, over 203 frames.
WARNING (gmm-est-fmllr:Update():fmllr-diag-gmm.cc:162) Not updating fMLLR since below min-count: count is 180
LOG (gmm-est-fmllr:main():gmm-est-fmllr.cc:143) For speaker train_S2_7_7_18, auxf-impr from fMLLR is 0, over 180 frames.
WARNING (gmm-est-fmllr:Update():fmllr-diag-gmm.cc:162) Not updating fMLLR since below min-count: count is 195
LOG (gmm-est-fmllr:main():gmm-est-fmllr.cc:143) For speaker train_S2_7_7_20, auxf-impr from fMLLR is 0, over 195 frames.
WARNING (gmm-est-fmllr:Update():fmllr-diag-gmm.cc:162) Not updating fMLLR since below min-count: count is 162
LOG (gmm-est-fmllr:main():gmm-est-fmllr.cc:143) For speaker train_S2_8_1_12, auxf-impr from fMLLR is 0, over 162 frames.
WARNING (gmm-est-fmllr:Update():fmllr-diag-gmm.cc:162) Not updating fMLLR since below min-count: count is 159
LOG (gmm-est-fmllr:main():gmm-est-fmllr.cc:143) For speaker train_S2_8_1_14, auxf-impr from fMLLR is 0, over 159 frames.
WARNING (gmm-est-fmllr:Update():fmllr-diag-gmm.cc:162) Not updating fMLLR since below min-count: count is 162
LOG (gmm-est-fmllr:main():gmm-est-fmllr.cc:143) For speaker train_S2_8_1_16, auxf-impr from fMLLR is 0, over 162 frames.
WARNING (gmm-est-fmllr:Update():fmllr-diag-gmm.cc:162) Not updating fMLLR since below min-count: count is 144
LOG (gmm-est-fmllr:main():gmm-est-fmllr.cc:143) For speaker train_S2_8_1_18, auxf-impr from fMLLR is 0, over 144 frames.
WARNING (gmm-est-fmllr:Update():fmllr-diag-gmm.cc:162) Not updating fMLLR since below min-count: count is 155
LOG (gmm-est-fmllr:main():gmm-est-fmllr.cc:143) For speaker train_S2_8_1_20, auxf-impr from fMLLR is 0, over 155 frames.
WARNING (gmm-est-fmllr:Update():fmllr-diag-gmm.cc:162) Not updating fMLLR since below min-count: count is 163
LOG (gmm-est-fmllr:main():gmm-est-fmllr.cc:143) For speaker train_S2_8_2_12, auxf-impr from fMLLR is 0, over 163 frames.
WARNING (gmm-est-fmllr:Update():fmllr-diag-gmm.cc:162) Not updating fMLLR since below min-count: count is 159
LOG (gmm-est-fmllr:main():gmm-est-fmllr.cc:143) For speaker train_S2_8_2_14, auxf-impr from fMLLR is 0, over 159 frames.
WARNING (gmm-est-fmllr:Update():fmllr-diag-gmm.cc:162) Not updating fMLLR since below min-count: count is 162
LOG (gmm-est-fmllr:main():gmm-est-fmllr.cc:143) For speaker train_S2_8_2_16, auxf-impr from fMLLR is 0, over 162 frames.
WARNING (gmm-est-fmllr:Update():fmllr-diag-gmm.cc:162) Not updating fMLLR since below min-count: count is 144
LOG (gmm-est-fmllr:main():gmm-est-fmllr.cc:143) For speaker train_S2_8_2_18, auxf-impr from fMLLR is 0, over 144 frames.
WARNING (gmm-est-fmllr:Update():fmllr-diag-gmm.cc:162) Not updating fMLLR since below min-count: count is 155
LOG (gmm-est-fmllr:main():gmm-est-fmllr.cc:143) For speaker train_S2_8_2_20, auxf-impr from fMLLR is 0, over 155 frames.
WARNING (gmm-est-fmllr:Update():fmllr-diag-gmm.cc:162) Not updating fMLLR since below min-count: count is 163
LOG (gmm-est-fmllr:main():gmm-est-fmllr.cc:143) For speaker train_S2_8_3_12, auxf-impr from fMLLR is 0, over 163 frames.
WARNING (gmm-est-fmllr:Update():fmllr-diag-gmm.cc:162) Not updating fMLLR since below min-count: count is 159
LOG (gmm-est-fmllr:main():gmm-est-fmllr.cc:143) For speaker train_S2_8_3_14, auxf-impr from fMLLR is 0, over 159 frames.
WARNING (gmm-est-fmllr:Update():fmllr-diag-gmm.cc:162) Not updating fMLLR since below min-count: count is 162
LOG (gmm-est-fmllr:main():gmm-est-fmllr.cc:143) For speaker train_S2_8_3_16, auxf-impr from fMLLR is 0, over 162 frames.
WARNING (gmm-est-fmllr:Update():fmllr-diag-gmm.cc:162) Not updating fMLLR since below min-count: count is 144
LOG (gmm-est-fmllr:main():gmm-est-fmllr.cc:143) For speaker train_S2_8_3_18, auxf-impr from fMLLR is 0, over 144 frames.
WARNING (gmm-est-fmllr:Update():fmllr-diag-gmm.cc:162) Not updating fMLLR since below min-count: count is 155
LOG (gmm-est-fmllr:main():gmm-est-fmllr.cc:143) For speaker train_S2_8_3_20, auxf-impr from fMLLR is 0, over 155 frames.
WARNING (gmm-est-fmllr:Update():fmllr-diag-gmm.cc:162) Not updating fMLLR since below min-count: count is 163
LOG (gmm-est-fmllr:main():gmm-est-fmllr.cc:143) For speaker train_S2_8_4_12, auxf-impr from fMLLR is 0, over 163 frames.
WARNING (gmm-est-fmllr:Update():fmllr-diag-gmm.cc:162) Not updating fMLLR since below min-count: count is 159
LOG (gmm-est-fmllr:main():gmm-est-fmllr.cc:143) For speaker train_S2_8_4_14, auxf-impr from fMLLR is 0, over 159 frames.
WARNING (gmm-est-fmllr:Update():fmllr-diag-gmm.cc:162) Not updating fMLLR since below min-count: count is 162
LOG (gmm-est-fmllr:main():gmm-est-fmllr.cc:143) For speaker train_S2_8_4_16, auxf-impr from fMLLR is 0, over 162 frames.
WARNING (gmm-est-fmllr:Update():fmllr-diag-gmm.cc:162) Not updating fMLLR since below min-count: count is 144
LOG (gmm-est-fmllr:main():gmm-est-fmllr.cc:143) For speaker train_S2_8_4_18, auxf-impr from fMLLR is 0, over 144 frames.
WARNING (gmm-est-fmllr:Update():fmllr-diag-gmm.cc:162) Not updating fMLLR since below min-count: count is 155
LOG (gmm-est-fmllr:main():gmm-est-fmllr.cc:143) For speaker train_S2_8_4_20, auxf-impr from fMLLR is 0, over 155 frames.
WARNING (gmm-est-fmllr:Update():fmllr-diag-gmm.cc:162) Not updating fMLLR since below min-count: count is 162
LOG (gmm-est-fmllr:main():gmm-est-fmllr.cc:143) For speaker train_S2_8_5_12, auxf-impr from fMLLR is 0, over 162 frames.
WARNING (gmm-est-fmllr:Update():fmllr-diag-gmm.cc:162) Not updating fMLLR since below min-count: count is 159
LOG (gmm-est-fmllr:main():gmm-est-fmllr.cc:143) For speaker train_S2_8_5_14, auxf-impr from fMLLR is 0, over 159 frames.
WARNING (gmm-est-fmllr:Update():fmllr-diag-gmm.cc:162) Not updating fMLLR since below min-count: count is 162
LOG (gmm-est-fmllr:main():gmm-est-fmllr.cc:143) For speaker train_S2_8_5_16, auxf-impr from fMLLR is 0, over 162 frames.
WARNING (gmm-est-fmllr:Update():fmllr-diag-gmm.cc:162) Not updating fMLLR since below min-count: count is 144
LOG (gmm-est-fmllr:main():gmm-est-fmllr.cc:143) For speaker train_S2_8_5_18, auxf-impr from fMLLR is 0, over 144 frames.
WARNING (gmm-est-fmllr:Update():fmllr-diag-gmm.cc:162) Not updating fMLLR since below min-count: count is 155
LOG (gmm-est-fmllr:main():gmm-est-fmllr.cc:143) For speaker train_S2_8_5_20, auxf-impr from fMLLR is 0, over 155 frames.
WARNING (gmm-est-fmllr:Update():fmllr-diag-gmm.cc:162) Not updating fMLLR since below min-count: count is 162
LOG (gmm-est-fmllr:main():gmm-est-fmllr.cc:143) For speaker train_S2_8_6_12, auxf-impr from fMLLR is 0, over 162 frames.
WARNING (gmm-est-fmllr:Update():fmllr-diag-gmm.cc:162) Not updating fMLLR since below min-count: count is 159
LOG (gmm-est-fmllr:main():gmm-est-fmllr.cc:143) For speaker train_S2_8_6_14, auxf-impr from fMLLR is 0, over 159 frames.
WARNING (gmm-est-fmllr:Update():fmllr-diag-gmm.cc:162) Not updating fMLLR since below min-count: count is 162
LOG (gmm-est-fmllr:main():gmm-est-fmllr.cc:143) For speaker train_S2_8_6_16, auxf-impr from fMLLR is 0, over 162 frames.
WARNING (gmm-est-fmllr:Update():fmllr-diag-gmm.cc:162) Not updating fMLLR since below min-count: count is 144
LOG (gmm-est-fmllr:main():gmm-est-fmllr.cc:143) For speaker train_S2_8_6_18, auxf-impr from fMLLR is 0, over 144 frames.
WARNING (gmm-est-fmllr:Update():fmllr-diag-gmm.cc:162) Not updating fMLLR since below min-count: count is 155
LOG (gmm-est-fmllr:main():gmm-est-fmllr.cc:143) For speaker train_S2_8_6_20, auxf-impr from fMLLR is 0, over 155 frames.
WARNING (gmm-est-fmllr:Update():fmllr-diag-gmm.cc:162) Not updating fMLLR since below min-count: count is 162
LOG (gmm-est-fmllr:main():gmm-est-fmllr.cc:143) For speaker train_S2_8_7_12, auxf-impr from fMLLR is 0, over 162 frames.
WARNING (gmm-est-fmllr:Update():fmllr-diag-gmm.cc:162) Not updating fMLLR since below min-count: count is 158
LOG (gmm-est-fmllr:main():gmm-est-fmllr.cc:143) For speaker train_S2_8_7_14, auxf-impr from fMLLR is 0, over 158 frames.
WARNING (gmm-est-fmllr:Update():fmllr-diag-gmm.cc:162) Not updating fMLLR since below min-count: count is 162
LOG (gmm-est-fmllr:main():gmm-est-fmllr.cc:143) For speaker train_S2_8_7_16, auxf-impr from fMLLR is 0, over 162 frames.
WARNING (gmm-est-fmllr:Update():fmllr-diag-gmm.cc:162) Not updating fMLLR since below min-count: count is 144
LOG (gmm-est-fmllr:main():gmm-est-fmllr.cc:143) For speaker train_S2_8_7_18, auxf-impr from fMLLR is 0, over 144 frames.
WARNING (gmm-est-fmllr:Update():fmllr-diag-gmm.cc:162) Not updating fMLLR since below min-count: count is 155
LOG (gmm-est-fmllr:main():gmm-est-fmllr.cc:143) For speaker train_S2_8_7_20, auxf-impr from fMLLR is 0, over 155 frames.
WARNING (gmm-est-fmllr:Update():fmllr-diag-gmm.cc:162) Not updating fMLLR since below min-count: count is 186
LOG (gmm-est-fmllr:main():gmm-est-fmllr.cc:143) For speaker train_S2_9_1_12, auxf-impr from fMLLR is 0, over 186 frames.
WARNING (gmm-est-fmllr:Update():fmllr-diag-gmm.cc:162) Not updating fMLLR since below min-count: count is 182
LOG (gmm-est-fmllr:main():gmm-est-fmllr.cc:143) For speaker train_S2_9_1_14, auxf-impr from fMLLR is 0, over 182 frames.
WARNING (gmm-est-fmllr:Update():fmllr-diag-gmm.cc:162) Not updating fMLLR since below min-count: count is 186
LOG (gmm-est-fmllr:main():gmm-est-fmllr.cc:143) For speaker train_S2_9_1_16, auxf-impr from fMLLR is 0, over 186 frames.
WARNING (gmm-est-fmllr:Update():fmllr-diag-gmm.cc:162) Not updating fMLLR since below min-count: count is 164
LOG (gmm-est-fmllr:main():gmm-est-fmllr.cc:143) For speaker train_S2_9_1_18, auxf-impr from fMLLR is 0, over 164 frames.
WARNING (gmm-est-fmllr:Update():fmllr-diag-gmm.cc:162) Not updating fMLLR since below min-count: count is 177
LOG (gmm-est-fmllr:main():gmm-est-fmllr.cc:143) For speaker train_S2_9_1_20, auxf-impr from fMLLR is 0, over 177 frames.
WARNING (gmm-est-fmllr:Update():fmllr-diag-gmm.cc:162) Not updating fMLLR since below min-count: count is 186
LOG (gmm-est-fmllr:main():gmm-est-fmllr.cc:143) For speaker train_S2_9_2_12, auxf-impr from fMLLR is 0, over 186 frames.
WARNING (gmm-est-fmllr:Update():fmllr-diag-gmm.cc:162) Not updating fMLLR since below min-count: count is 182
LOG (gmm-est-fmllr:main():gmm-est-fmllr.cc:143) For speaker train_S2_9_2_14, auxf-impr from fMLLR is 0, over 182 frames.
WARNING (gmm-est-fmllr:Update():fmllr-diag-gmm.cc:162) Not updating fMLLR since below min-count: count is 186
LOG (gmm-est-fmllr:main():gmm-est-fmllr.cc:143) For speaker train_S2_9_2_16, auxf-impr from fMLLR is 0, over 186 frames.
WARNING (gmm-est-fmllr:Update():fmllr-diag-gmm.cc:162) Not updating fMLLR since below min-count: count is 164
LOG (gmm-est-fmllr:main():gmm-est-fmllr.cc:143) For speaker train_S2_9_2_18, auxf-impr from fMLLR is 0, over 164 frames.
WARNING (gmm-est-fmllr:Update():fmllr-diag-gmm.cc:162) Not updating fMLLR since below min-count: count is 177
LOG (gmm-est-fmllr:main():gmm-est-fmllr.cc:143) For speaker train_S2_9_2_20, auxf-impr from fMLLR is 0, over 177 frames.
WARNING (gmm-est-fmllr:Update():fmllr-diag-gmm.cc:162) Not updating fMLLR since below min-count: count is 186
LOG (gmm-est-fmllr:main():gmm-est-fmllr.cc:143) For speaker train_S2_9_3_12, auxf-impr from fMLLR is 0, over 186 frames.
WARNING (gmm-est-fmllr:Update():fmllr-diag-gmm.cc:162) Not updating fMLLR since below min-count: count is 182
LOG (gmm-est-fmllr:main():gmm-est-fmllr.cc:143) For speaker train_S2_9_3_14, auxf-impr from fMLLR is 0, over 182 frames.
WARNING (gmm-est-fmllr:Update():fmllr-diag-gmm.cc:162) Not updating fMLLR since below min-count: count is 186
LOG (gmm-est-fmllr:main():gmm-est-fmllr.cc:143) For speaker train_S2_9_3_16, auxf-impr from fMLLR is 0, over 186 frames.
WARNING (gmm-est-fmllr:Update():fmllr-diag-gmm.cc:162) Not updating fMLLR since below min-count: count is 164
LOG (gmm-est-fmllr:main():gmm-est-fmllr.cc:143) For speaker train_S2_9_3_18, auxf-impr from fMLLR is 0, over 164 frames.
WARNING (gmm-est-fmllr:Update():fmllr-diag-gmm.cc:162) Not updating fMLLR since below min-count: count is 177
LOG (gmm-est-fmllr:main():gmm-est-fmllr.cc:143) For speaker train_S2_9_3_20, auxf-impr from fMLLR is 0, over 177 frames.
WARNING (gmm-est-fmllr:Update():fmllr-diag-gmm.cc:162) Not updating fMLLR since below min-count: count is 185
LOG (gmm-est-fmllr:main():gmm-est-fmllr.cc:143) For speaker train_S2_9_4_12, auxf-impr from fMLLR is 0, over 185 frames.
WARNING (gmm-est-fmllr:Update():fmllr-diag-gmm.cc:162) Not updating fMLLR since below min-count: count is 182
LOG (gmm-est-fmllr:main():gmm-est-fmllr.cc:143) For speaker train_S2_9_4_14, auxf-impr from fMLLR is 0, over 182 frames.
WARNING (gmm-est-fmllr:Update():fmllr-diag-gmm.cc:162) Not updating fMLLR since below min-count: count is 186
LOG (gmm-est-fmllr:main():gmm-est-fmllr.cc:143) For speaker train_S2_9_4_16, auxf-impr from fMLLR is 0, over 186 frames.
WARNING (gmm-est-fmllr:Update():fmllr-diag-gmm.cc:162) Not updating fMLLR since below min-count: count is 164
LOG (gmm-est-fmllr:main():gmm-est-fmllr.cc:143) For speaker train_S2_9_4_18, auxf-impr from fMLLR is 0, over 164 frames.
WARNING (gmm-est-fmllr:Update():fmllr-diag-gmm.cc:162) Not updating fMLLR since below min-count: count is 177
LOG (gmm-est-fmllr:main():gmm-est-fmllr.cc:143) For speaker train_S2_9_4_20, auxf-impr from fMLLR is 0, over 177 frames.
WARNING (gmm-est-fmllr:Update():fmllr-diag-gmm.cc:162) Not updating fMLLR since below min-count: count is 185
LOG (gmm-est-fmllr:main():gmm-est-fmllr.cc:143) For speaker train_S2_9_5_12, auxf-impr from fMLLR is 0, over 185 frames.
WARNING (gmm-est-fmllr:Update():fmllr-diag-gmm.cc:162) Not updating fMLLR since below min-count: count is 182
LOG (gmm-est-fmllr:main():gmm-est-fmllr.cc:143) For speaker train_S2_9_5_14, auxf-impr from fMLLR is 0, over 182 frames.
WARNING (gmm-est-fmllr:Update():fmllr-diag-gmm.cc:162) Not updating fMLLR since below min-count: count is 186
LOG (gmm-est-fmllr:main():gmm-est-fmllr.cc:143) For speaker train_S2_9_5_16, auxf-impr from fMLLR is 0, over 186 frames.
WARNING (gmm-est-fmllr:Update():fmllr-diag-gmm.cc:162) Not updating fMLLR since below min-count: count is 164
LOG (gmm-est-fmllr:main():gmm-est-fmllr.cc:143) For speaker train_S2_9_5_18, auxf-impr from fMLLR is 0, over 164 frames.
WARNING (gmm-est-fmllr:Update():fmllr-diag-gmm.cc:162) Not updating fMLLR since below min-count: count is 177
LOG (gmm-est-fmllr:main():gmm-est-fmllr.cc:143) For speaker train_S2_9_5_20, auxf-impr from fMLLR is 0, over 177 frames.
WARNING (gmm-est-fmllr:Update():fmllr-diag-gmm.cc:162) Not updating fMLLR since below min-count: count is 185
LOG (gmm-est-fmllr:main():gmm-est-fmllr.cc:143) For speaker train_S2_9_6_12, auxf-impr from fMLLR is 0, over 185 frames.
WARNING (gmm-est-fmllr:Update():fmllr-diag-gmm.cc:162) Not updating fMLLR since below min-count: count is 182
LOG (gmm-est-fmllr:main():gmm-est-fmllr.cc:143) For speaker train_S2_9_6_14, auxf-impr from fMLLR is 0, over 182 frames.
WARNING (gmm-est-fmllr:Update():fmllr-diag-gmm.cc:162) Not updating fMLLR since below min-count: count is 186
LOG (gmm-est-fmllr:main():gmm-est-fmllr.cc:143) For speaker train_S2_9_6_16, auxf-impr from fMLLR is 0, over 186 frames.
WARNING (gmm-est-fmllr:Update():fmllr-diag-gmm.cc:162) Not updating fMLLR since below min-count: count is 164
LOG (gmm-est-fmllr:main():gmm-est-fmllr.cc:143) For speaker train_S2_9_6_18, auxf-impr from fMLLR is 0, over 164 frames.
WARNING (gmm-est-fmllr:Update():fmllr-diag-gmm.cc:162) Not updating fMLLR since below min-count: count is 177
LOG (gmm-est-fmllr:main():gmm-est-fmllr.cc:143) For speaker train_S2_9_6_20, auxf-impr from fMLLR is 0, over 177 frames.
WARNING (gmm-est-fmllr:Update():fmllr-diag-gmm.cc:162) Not updating fMLLR since below min-count: count is 185
LOG (gmm-est-fmllr:main():gmm-est-fmllr.cc:143) For speaker train_S2_9_7_12, auxf-impr from fMLLR is 0, over 185 frames.
WARNING (gmm-est-fmllr:Update():fmllr-diag-gmm.cc:162) Not updating fMLLR since below min-count: count is 182
LOG (gmm-est-fmllr:main():gmm-est-fmllr.cc:143) For speaker train_S2_9_7_14, auxf-impr from fMLLR is 0, over 182 frames.
WARNING (gmm-est-fmllr:Update():fmllr-diag-gmm.cc:162) Not updating fMLLR since below min-count: count is 186
LOG (gmm-est-fmllr:main():gmm-est-fmllr.cc:143) For speaker train_S2_9_7_16, auxf-impr from fMLLR is 0, over 186 frames.
WARNING (gmm-est-fmllr:Update():fmllr-diag-gmm.cc:162) Not updating fMLLR since below min-count: count is 164
LOG (gmm-est-fmllr:main():gmm-est-fmllr.cc:143) For speaker train_S2_9_7_18, auxf-impr from fMLLR is 0, over 164 frames.
WARNING (gmm-est-fmllr:Update():fmllr-diag-gmm.cc:162) Not updating fMLLR since below min-count: count is 177
LOG (gmm-est-fmllr:main():gmm-est-fmllr.cc:143) For speaker train_S2_9_7_20, auxf-impr from fMLLR is 0, over 177 frames.
WARNING (gmm-est-fmllr:Update():fmllr-diag-gmm.cc:162) Not updating fMLLR since below min-count: count is 190
LOG (gmm-est-fmllr:main():gmm-est-fmllr.cc:143) For speaker train_S3_10_1_12, auxf-impr from fMLLR is 0, over 190 frames.
WARNING (gmm-est-fmllr:Update():fmllr-diag-gmm.cc:162) Not updating fMLLR since below min-count: count is 187
LOG (gmm-est-fmllr:main():gmm-est-fmllr.cc:143) For speaker train_S3_10_1_14, auxf-impr from fMLLR is 0, over 187 frames.
WARNING (gmm-est-fmllr:Update():fmllr-diag-gmm.cc:162) Not updating fMLLR since below min-count: count is 191
LOG (gmm-est-fmllr:main():gmm-est-fmllr.cc:143) For speaker train_S3_10_1_16, auxf-impr from fMLLR is 0, over 191 frames.
WARNING (gmm-est-fmllr:Update():fmllr-diag-gmm.cc:162) Not updating fMLLR since below min-count: count is 169
LOG (gmm-est-fmllr:main():gmm-est-fmllr.cc:143) For speaker train_S3_10_1_18, auxf-impr from fMLLR is 0, over 169 frames.
WARNING (gmm-est-fmllr:Update():fmllr-diag-gmm.cc:162) Not updating fMLLR since below min-count: count is 182
LOG (gmm-est-fmllr:main():gmm-est-fmllr.cc:143) For speaker train_S3_10_1_20, auxf-impr from fMLLR is 0, over 182 frames.
WARNING (gmm-est-fmllr:Update():fmllr-diag-gmm.cc:162) Not updating fMLLR since below min-count: count is 190
LOG (gmm-est-fmllr:main():gmm-est-fmllr.cc:143) For speaker train_S3_10_2_12, auxf-impr from fMLLR is 0, over 190 frames.
WARNING (gmm-est-fmllr:Update():fmllr-diag-gmm.cc:162) Not updating fMLLR since below min-count: count is 187
LOG (gmm-est-fmllr:main():gmm-est-fmllr.cc:143) For speaker train_S3_10_2_14, auxf-impr from fMLLR is 0, over 187 frames.
WARNING (gmm-est-fmllr:Update():fmllr-diag-gmm.cc:162) Not updating fMLLR since below min-count: count is 191
LOG (gmm-est-fmllr:main():gmm-est-fmllr.cc:143) For speaker train_S3_10_2_16, auxf-impr from fMLLR is 0, over 191 frames.
WARNING (gmm-est-fmllr:Update():fmllr-diag-gmm.cc:162) Not updating fMLLR since below min-count: count is 169
LOG (gmm-est-fmllr:main():gmm-est-fmllr.cc:143) For speaker train_S3_10_2_18, auxf-impr from fMLLR is 0, over 169 frames.
WARNING (gmm-est-fmllr:Update():fmllr-diag-gmm.cc:162) Not updating fMLLR since below min-count: count is 181
LOG (gmm-est-fmllr:main():gmm-est-fmllr.cc:143) For speaker train_S3_10_2_20, auxf-impr from fMLLR is 0, over 181 frames.
WARNING (gmm-est-fmllr:Update():fmllr-diag-gmm.cc:162) Not updating fMLLR since below min-count: count is 190
LOG (gmm-est-fmllr:main():gmm-est-fmllr.cc:143) For speaker train_S3_10_3_12, auxf-impr from fMLLR is 0, over 190 frames.
WARNING (gmm-est-fmllr:Update():fmllr-diag-gmm.cc:162) Not updating fMLLR since below min-count: count is 187
LOG (gmm-est-fmllr:main():gmm-est-fmllr.cc:143) For speaker train_S3_10_3_14, auxf-impr from fMLLR is 0, over 187 frames.
WARNING (gmm-est-fmllr:Update():fmllr-diag-gmm.cc:162) Not updating fMLLR since below min-count: count is 191
LOG (gmm-est-fmllr:main():gmm-est-fmllr.cc:143) For speaker train_S3_10_3_16, auxf-impr from fMLLR is 0, over 191 frames.
WARNING (gmm-est-fmllr:Update():fmllr-diag-gmm.cc:162) Not updating fMLLR since below min-count: count is 169
LOG (gmm-est-fmllr:main():gmm-est-fmllr.cc:143) For speaker train_S3_10_3_18, auxf-impr from fMLLR is 0, over 169 frames.
WARNING (gmm-est-fmllr:Update():fmllr-diag-gmm.cc:162) Not updating fMLLR since below min-count: count is 182
LOG (gmm-est-fmllr:main():gmm-est-fmllr.cc:143) For speaker train_S3_10_3_20, auxf-impr from fMLLR is 0, over 182 frames.
WARNING (gmm-est-fmllr:Update():fmllr-diag-gmm.cc:162) Not updating fMLLR since below min-count: count is 190
LOG (gmm-est-fmllr:main():gmm-est-fmllr.cc:143) For speaker train_S3_10_4_12, auxf-impr from fMLLR is 0, over 190 frames.
WARNING (gmm-est-fmllr:Update():fmllr-diag-gmm.cc:162) Not updating fMLLR since below min-count: count is 187
LOG (gmm-est-fmllr:main():gmm-est-fmllr.cc:143) For speaker train_S3_10_4_14, auxf-impr from fMLLR is 0, over 187 frames.
WARNING (gmm-est-fmllr:Update():fmllr-diag-gmm.cc:162) Not updating fMLLR since below min-count: count is 191
LOG (gmm-est-fmllr:main():gmm-est-fmllr.cc:143) For speaker train_S3_10_4_16, auxf-impr from fMLLR is 0, over 191 frames.
WARNING (gmm-est-fmllr:Update():fmllr-diag-gmm.cc:162) Not updating fMLLR since below min-count: count is 169
LOG (gmm-est-fmllr:main():gmm-est-fmllr.cc:143) For speaker train_S3_10_4_18, auxf-impr from fMLLR is 0, over 169 frames.
WARNING (gmm-est-fmllr:Update():fmllr-diag-gmm.cc:162) Not updating fMLLR since below min-count: count is 182
LOG (gmm-est-fmllr:main():gmm-est-fmllr.cc:143) For speaker train_S3_10_4_20, auxf-impr from fMLLR is 0, over 182 frames.
WARNING (gmm-est-fmllr:Update():fmllr-diag-gmm.cc:162) Not updating fMLLR since below min-count: count is 190
LOG (gmm-est-fmllr:main():gmm-est-fmllr.cc:143) For speaker train_S3_10_5_12, auxf-impr from fMLLR is 0, over 190 frames.
WARNING (gmm-est-fmllr:Update():fmllr-diag-gmm.cc:162) Not updating fMLLR since below min-count: count is 187
LOG (gmm-est-fmllr:main():gmm-est-fmllr.cc:143) For speaker train_S3_10_5_14, auxf-impr from fMLLR is 0, over 187 frames.
WARNING (gmm-est-fmllr:Update():fmllr-diag-gmm.cc:162) Not updating fMLLR since below min-count: count is 191
LOG (gmm-est-fmllr:main():gmm-est-fmllr.cc:143) For speaker train_S3_10_5_16, auxf-impr from fMLLR is 0, over 191 frames.
WARNING (gmm-est-fmllr:Update():fmllr-diag-gmm.cc:162) Not updating fMLLR since below min-count: count is 169
LOG (gmm-est-fmllr:main():gmm-est-fmllr.cc:143) For speaker train_S3_10_5_18, auxf-impr from fMLLR is 0, over 169 frames.
WARNING (gmm-est-fmllr:Update():fmllr-diag-gmm.cc:162) Not updating fMLLR since below min-count: count is 182
LOG (gmm-est-fmllr:main():gmm-est-fmllr.cc:143) For speaker train_S3_10_5_20, auxf-impr from fMLLR is 0, over 182 frames.
WARNING (gmm-est-fmllr:Update():fmllr-diag-gmm.cc:162) Not updating fMLLR since below min-count: count is 190
LOG (gmm-est-fmllr:main():gmm-est-fmllr.cc:143) For speaker train_S3_10_6_12, auxf-impr from fMLLR is 0, over 190 frames.
WARNING (gmm-est-fmllr:Update():fmllr-diag-gmm.cc:162) Not updating fMLLR since below min-count: count is 187
LOG (gmm-est-fmllr:main():gmm-est-fmllr.cc:143) For speaker train_S3_10_6_14, auxf-impr from fMLLR is 0, over 187 frames.
WARNING (gmm-est-fmllr:Update():fmllr-diag-gmm.cc:162) Not updating fMLLR since below min-count: count is 191
LOG (gmm-est-fmllr:main():gmm-est-fmllr.cc:143) For speaker train_S3_10_6_16, auxf-impr from fMLLR is 0, over 191 frames.
WARNING (gmm-est-fmllr:Update():fmllr-diag-gmm.cc:162) Not updating fMLLR since below min-count: count is 169
LOG (gmm-est-fmllr:main():gmm-est-fmllr.cc:143) For speaker train_S3_10_6_18, auxf-impr from fMLLR is 0, over 169 frames.
WARNING (gmm-est-fmllr:Update():fmllr-diag-gmm.cc:162) Not updating fMLLR since below min-count: count is 182
LOG (gmm-est-fmllr:main():gmm-est-fmllr.cc:143) For speaker train_S3_10_6_20, auxf-impr from fMLLR is 0, over 182 frames.
WARNING (gmm-est-fmllr:Update():fmllr-diag-gmm.cc:162) Not updating fMLLR since below min-count: count is 190
LOG (gmm-est-fmllr:main():gmm-est-fmllr.cc:143) For speaker train_S3_10_7_12, auxf-impr from fMLLR is 0, over 190 frames.
WARNING (gmm-est-fmllr:Update():fmllr-diag-gmm.cc:162) Not updating fMLLR since below min-count: count is 187
LOG (gmm-est-fmllr:main():gmm-est-fmllr.cc:143) For speaker train_S3_10_7_14, auxf-impr from fMLLR is 0, over 187 frames.
WARNING (gmm-est-fmllr:Update():fmllr-diag-gmm.cc:162) Not updating fMLLR since below min-count: count is 191
LOG (gmm-est-fmllr:main():gmm-est-fmllr.cc:143) For speaker train_S3_10_7_16, auxf-impr from fMLLR is 0, over 191 frames.
WARNING (gmm-est-fmllr:Update():fmllr-diag-gmm.cc:162) Not updating fMLLR since below min-count: count is 169
LOG (gmm-est-fmllr:main():gmm-est-fmllr.cc:143) For speaker train_S3_10_7_18, auxf-impr from fMLLR is 0, over 169 frames.
WARNING (gmm-est-fmllr:Update():fmllr-diag-gmm.cc:162) Not updating fMLLR since below min-count: count is 182
LOG (gmm-est-fmllr:main():gmm-est-fmllr.cc:143) For speaker train_S3_10_7_20, auxf-impr from fMLLR is 0, over 182 frames.
WARNING (gmm-est-fmllr:Update():fmllr-diag-gmm.cc:162) Not updating fMLLR since below min-count: count is 226
LOG (gmm-est-fmllr:main():gmm-est-fmllr.cc:143) For speaker train_S3_11_1_12, auxf-impr from fMLLR is 0, over 226 frames.
WARNING (gmm-est-fmllr:Update():fmllr-diag-gmm.cc:162) Not updating fMLLR since below min-count: count is 222
LOG (gmm-est-fmllr:main():gmm-est-fmllr.cc:143) For speaker train_S3_11_1_14, auxf-impr from fMLLR is 0, over 222 frames.
WARNING (gmm-est-fmllr:Update():fmllr-diag-gmm.cc:162) Not updating fMLLR since below min-count: count is 226
LOG (gmm-est-fmllr:main():gmm-est-fmllr.cc:143) For speaker train_S3_11_1_16, auxf-impr from fMLLR is 0, over 226 frames.
WARNING (gmm-est-fmllr:Update():fmllr-diag-gmm.cc:162) Not updating fMLLR since below min-count: count is 201
LOG (gmm-est-fmllr:main():gmm-est-fmllr.cc:143) For speaker train_S3_11_1_18, auxf-impr from fMLLR is 0, over 201 frames.
WARNING (gmm-est-fmllr:Update():fmllr-diag-gmm.cc:162) Not updating fMLLR since below min-count: count is 216
LOG (gmm-est-fmllr:main():gmm-est-fmllr.cc:143) For speaker train_S3_11_1_20, auxf-impr from fMLLR is 0, over 216 frames.
WARNING (gmm-est-fmllr:Update():fmllr-diag-gmm.cc:162) Not updating fMLLR since below min-count: count is 226
LOG (gmm-est-fmllr:main():gmm-est-fmllr.cc:143) For speaker train_S3_11_2_12, auxf-impr from fMLLR is 0, over 226 frames.
WARNING (gmm-est-fmllr:Update():fmllr-diag-gmm.cc:162) Not updating fMLLR since below min-count: count is 222
LOG (gmm-est-fmllr:main():gmm-est-fmllr.cc:143) For speaker train_S3_11_2_14, auxf-impr from fMLLR is 0, over 222 frames.
WARNING (gmm-est-fmllr:Update():fmllr-diag-gmm.cc:162) Not updating fMLLR since below min-count: count is 226
LOG (gmm-est-fmllr:main():gmm-est-fmllr.cc:143) For speaker train_S3_11_2_16, auxf-impr from fMLLR is 0, over 226 frames.
WARNING (gmm-est-fmllr:Update():fmllr-diag-gmm.cc:162) Not updating fMLLR since below min-count: count is 201
LOG (gmm-est-fmllr:main():gmm-est-fmllr.cc:143) For speaker train_S3_11_2_18, auxf-impr from fMLLR is 0, over 201 frames.
WARNING (gmm-est-fmllr:Update():fmllr-diag-gmm.cc:162) Not updating fMLLR since below min-count: count is 216
LOG (gmm-est-fmllr:main():gmm-est-fmllr.cc:143) For speaker train_S3_11_2_20, auxf-impr from fMLLR is 0, over 216 frames.
WARNING (gmm-est-fmllr:Update():fmllr-diag-gmm.cc:162) Not updating fMLLR since below min-count: count is 226
LOG (gmm-est-fmllr:main():gmm-est-fmllr.cc:143) For speaker train_S3_11_3_12, auxf-impr from fMLLR is 0, over 226 frames.
WARNING (gmm-est-fmllr:Update():fmllr-diag-gmm.cc:162) Not updating fMLLR since below min-count: count is 222
LOG (gmm-est-fmllr:main():gmm-est-fmllr.cc:143) For speaker train_S3_11_3_14, auxf-impr from fMLLR is 0, over 222 frames.
WARNING (gmm-est-fmllr:Update():fmllr-diag-gmm.cc:162) Not updating fMLLR since below min-count: count is 226
LOG (gmm-est-fmllr:main():gmm-est-fmllr.cc:143) For speaker train_S3_11_3_16, auxf-impr from fMLLR is 0, over 226 frames.
WARNING (gmm-est-fmllr:Update():fmllr-diag-gmm.cc:162) Not updating fMLLR since below min-count: count is 201
LOG (gmm-est-fmllr:main():gmm-est-fmllr.cc:143) For speaker train_S3_11_3_18, auxf-impr from fMLLR is 0, over 201 frames.
WARNING (gmm-est-fmllr:Update():fmllr-diag-gmm.cc:162) Not updating fMLLR since below min-count: count is 216
LOG (gmm-est-fmllr:main():gmm-est-fmllr.cc:143) For speaker train_S3_11_3_20, auxf-impr from fMLLR is 0, over 216 frames.
WARNING (gmm-est-fmllr:Update():fmllr-diag-gmm.cc:162) Not updating fMLLR since below min-count: count is 226
LOG (gmm-est-fmllr:main():gmm-est-fmllr.cc:143) For speaker train_S3_11_4_12, auxf-impr from fMLLR is 0, over 226 frames.
WARNING (gmm-est-fmllr:Update():fmllr-diag-gmm.cc:162) Not updating fMLLR since below min-count: count is 222
LOG (gmm-est-fmllr:main():gmm-est-fmllr.cc:143) For speaker train_S3_11_4_14, auxf-impr from fMLLR is 0, over 222 frames.
WARNING (gmm-est-fmllr:Update():fmllr-diag-gmm.cc:162) Not updating fMLLR since below min-count: count is 226
LOG (gmm-est-fmllr:main():gmm-est-fmllr.cc:143) For speaker train_S3_11_4_16, auxf-impr from fMLLR is 0, over 226 frames.
WARNING (gmm-est-fmllr:Update():fmllr-diag-gmm.cc:162) Not updating fMLLR since below min-count: count is 201
LOG (gmm-est-fmllr:main():gmm-est-fmllr.cc:143) For speaker train_S3_11_4_18, auxf-impr from fMLLR is 0, over 201 frames.
WARNING (gmm-est-fmllr:Update():fmllr-diag-gmm.cc:162) Not updating fMLLR since below min-count: count is 216
LOG (gmm-est-fmllr:main():gmm-est-fmllr.cc:143) For speaker train_S3_11_4_20, auxf-impr from fMLLR is 0, over 216 frames.
WARNING (gmm-est-fmllr:Update():fmllr-diag-gmm.cc:162) Not updating fMLLR since below min-count: count is 226
LOG (gmm-est-fmllr:main():gmm-est-fmllr.cc:143) For speaker train_S3_11_5_12, auxf-impr from fMLLR is 0, over 226 frames.
WARNING (gmm-est-fmllr:Update():fmllr-diag-gmm.cc:162) Not updating fMLLR since below min-count: count is 222
LOG (gmm-est-fmllr:main():gmm-est-fmllr.cc:143) For speaker train_S3_11_5_14, auxf-impr from fMLLR is 0, over 222 frames.
WARNING (gmm-est-fmllr:Update():fmllr-diag-gmm.cc:162) Not updating fMLLR since below min-count: count is 226
LOG (gmm-est-fmllr:main():gmm-est-fmllr.cc:143) For speaker train_S3_11_5_16, auxf-impr from fMLLR is 0, over 226 frames.
WARNING (gmm-est-fmllr:Update():fmllr-diag-gmm.cc:162) Not updating fMLLR since below min-count: count is 201
LOG (gmm-est-fmllr:main():gmm-est-fmllr.cc:143) For speaker train_S3_11_5_18, auxf-impr from fMLLR is 0, over 201 frames.
WARNING (gmm-est-fmllr:Update():fmllr-diag-gmm.cc:162) Not updating fMLLR since below min-count: count is 216
LOG (gmm-est-fmllr:main():gmm-est-fmllr.cc:143) For speaker train_S3_11_5_20, auxf-impr from fMLLR is 0, over 216 frames.
WARNING (gmm-est-fmllr:Update():fmllr-diag-gmm.cc:162) Not updating fMLLR since below min-count: count is 226
LOG (gmm-est-fmllr:main():gmm-est-fmllr.cc:143) For speaker train_S3_11_6_12, auxf-impr from fMLLR is 0, over 226 frames.
WARNING (gmm-est-fmllr:Update():fmllr-diag-gmm.cc:162) Not updating fMLLR since below min-count: count is 222
LOG (gmm-est-fmllr:main():gmm-est-fmllr.cc:143) For speaker train_S3_11_6_14, auxf-impr from fMLLR is 0, over 222 frames.
WARNING (gmm-est-fmllr:Update():fmllr-diag-gmm.cc:162) Not updating fMLLR since below min-count: count is 226
LOG (gmm-est-fmllr:main():gmm-est-fmllr.cc:143) For speaker train_S3_11_6_16, auxf-impr from fMLLR is 0, over 226 frames.
WARNING (gmm-est-fmllr:Update():fmllr-diag-gmm.cc:162) Not updating fMLLR since below min-count: count is 201
LOG (gmm-est-fmllr:main():gmm-est-fmllr.cc:143) For speaker train_S3_11_6_18, auxf-impr from fMLLR is 0, over 201 frames.
WARNING (gmm-est-fmllr:Update():fmllr-diag-gmm.cc:162) Not updating fMLLR since below min-count: count is 216
LOG (gmm-est-fmllr:main():gmm-est-fmllr.cc:143) For speaker train_S3_11_6_20, auxf-impr from fMLLR is 0, over 216 frames.
WARNING (gmm-est-fmllr:Update():fmllr-diag-gmm.cc:162) Not updating fMLLR since below min-count: count is 226
LOG (gmm-est-fmllr:main():gmm-est-fmllr.cc:143) For speaker train_S3_11_7_12, auxf-impr from fMLLR is 0, over 226 frames.
WARNING (gmm-est-fmllr:Update():fmllr-diag-gmm.cc:162) Not updating fMLLR since below min-count: count is 222
LOG (gmm-est-fmllr:main():gmm-est-fmllr.cc:143) For speaker train_S3_11_7_14, auxf-impr from fMLLR is 0, over 222 frames.
WARNING (gmm-est-fmllr:Update():fmllr-diag-gmm.cc:162) Not updating fMLLR since below min-count: count is 226
LOG (gmm-est-fmllr:main():gmm-est-fmllr.cc:143) For speaker train_S3_11_7_16, auxf-impr from fMLLR is 0, over 226 frames.
WARNING (gmm-est-fmllr:Update():fmllr-diag-gmm.cc:162) Not updating fMLLR since below min-count: count is 201
LOG (gmm-est-fmllr:main():gmm-est-fmllr.cc:143) For speaker train_S3_11_7_18, auxf-impr from fMLLR is 0, over 201 frames.
WARNING (gmm-est-fmllr:Update():fmllr-diag-gmm.cc:162) Not updating fMLLR since below min-count: count is 216
LOG (gmm-est-fmllr:main():gmm-est-fmllr.cc:143) For speaker train_S3_11_7_20, auxf-impr from fMLLR is 0, over 216 frames.
WARNING (gmm-est-fmllr:Update():fmllr-diag-gmm.cc:162) Not updating fMLLR since below min-count: count is 206
LOG (gmm-est-fmllr:main():gmm-est-fmllr.cc:143) For speaker train_S3_12_1_12, auxf-impr from fMLLR is 0, over 206 frames.
WARNING (gmm-est-fmllr:Update():fmllr-diag-gmm.cc:162) Not updating fMLLR since below min-count: count is 202
LOG (gmm-est-fmllr:main():gmm-est-fmllr.cc:143) For speaker train_S3_12_1_14, auxf-impr from fMLLR is 0, over 202 frames.
WARNING (gmm-est-fmllr:Update():fmllr-diag-gmm.cc:162) Not updating fMLLR since below min-count: count is 206
LOG (gmm-est-fmllr:main():gmm-est-fmllr.cc:143) For speaker train_S3_12_1_16, auxf-impr from fMLLR is 0, over 206 frames.
WARNING (gmm-est-fmllr:Update():fmllr-diag-gmm.cc:162) Not updating fMLLR since below min-count: count is 183
LOG (gmm-est-fmllr:main():gmm-est-fmllr.cc:143) For speaker train_S3_12_1_18, auxf-impr from fMLLR is 0, over 183 frames.
WARNING (gmm-est-fmllr:Update():fmllr-diag-gmm.cc:162) Not updating fMLLR since below min-count: count is 196
LOG (gmm-est-fmllr:main():gmm-est-fmllr.cc:143) For speaker train_S3_12_1_20, auxf-impr from fMLLR is 0, over 196 frames.
WARNING (gmm-est-fmllr:Update():fmllr-diag-gmm.cc:162) Not updating fMLLR since below min-count: count is 206
LOG (gmm-est-fmllr:main():gmm-est-fmllr.cc:143) For speaker train_S3_12_2_12, auxf-impr from fMLLR is 0, over 206 frames.
WARNING (gmm-est-fmllr:Update():fmllr-diag-gmm.cc:162) Not updating fMLLR since below min-count: count is 202
LOG (gmm-est-fmllr:main():gmm-est-fmllr.cc:143) For speaker train_S3_12_2_14, auxf-impr from fMLLR is 0, over 202 frames.
WARNING (gmm-est-fmllr:Update():fmllr-diag-gmm.cc:162) Not updating fMLLR since below min-count: count is 206
LOG (gmm-est-fmllr:main():gmm-est-fmllr.cc:143) For speaker train_S3_12_2_16, auxf-impr from fMLLR is 0, over 206 frames.
WARNING (gmm-est-fmllr:Update():fmllr-diag-gmm.cc:162) Not updating fMLLR since below min-count: count is 183
LOG (gmm-est-fmllr:main():gmm-est-fmllr.cc:143) For speaker train_S3_12_2_18, auxf-impr from fMLLR is 0, over 183 frames.
WARNING (gmm-est-fmllr:Update():fmllr-diag-gmm.cc:162) Not updating fMLLR since below min-count: count is 196
LOG (gmm-est-fmllr:main():gmm-est-fmllr.cc:143) For speaker train_S3_12_2_20, auxf-impr from fMLLR is 0, over 196 frames.
WARNING (gmm-est-fmllr:Update():fmllr-diag-gmm.cc:162) Not updating fMLLR since below min-count: count is 206
LOG (gmm-est-fmllr:main():gmm-est-fmllr.cc:143) For speaker train_S3_12_3_12, auxf-impr from fMLLR is 0, over 206 frames.
WARNING (gmm-est-fmllr:Update():fmllr-diag-gmm.cc:162) Not updating fMLLR since below min-count: count is 202
LOG (gmm-est-fmllr:main():gmm-est-fmllr.cc:143) For speaker train_S3_12_3_14, auxf-impr from fMLLR is 0, over 202 frames.
WARNING (gmm-est-fmllr:Update():fmllr-diag-gmm.cc:162) Not updating fMLLR since below min-count: count is 206
LOG (gmm-est-fmllr:main():gmm-est-fmllr.cc:143) For speaker train_S3_12_3_16, auxf-impr from fMLLR is 0, over 206 frames.
WARNING (gmm-est-fmllr:Update():fmllr-diag-gmm.cc:162) Not updating fMLLR since below min-count: count is 183
LOG (gmm-est-fmllr:main():gmm-est-fmllr.cc:143) For speaker train_S3_12_3_18, auxf-impr from fMLLR is 0, over 183 frames.
WARNING (gmm-est-fmllr:Update():fmllr-diag-gmm.cc:162) Not updating fMLLR since below min-count: count is 196
LOG (gmm-est-fmllr:main():gmm-est-fmllr.cc:143) For speaker train_S3_12_3_20, auxf-impr from fMLLR is 0, over 196 frames.
LOG (ali-to-post:main():ali-to-post.cc:65) Converted 275 alignments.
WARNING (gmm-est-fmllr:Update():fmllr-diag-gmm.cc:162) Not updating fMLLR since below min-count: count is 206
LOG (gmm-est-fmllr:main():gmm-est-fmllr.cc:143) For speaker train_S3_12_4_12, auxf-impr from fMLLR is 0, over 206 frames.
WARNING (gmm-est-fmllr:Update():fmllr-diag-gmm.cc:162) Not updating fMLLR since below min-count: count is 202
LOG (gmm-est-fmllr:main():gmm-est-fmllr.cc:143) For speaker train_S3_12_4_14, auxf-impr from fMLLR is 0, over 202 frames.
WARNING (gmm-est-fmllr:Update():fmllr-diag-gmm.cc:162) Not updating fMLLR since below min-count: count is 206
LOG (gmm-est-fmllr:main():gmm-est-fmllr.cc:143) For speaker train_S3_12_4_16, auxf-impr from fMLLR is 0, over 206 frames.
WARNING (gmm-est-fmllr:Update():fmllr-diag-gmm.cc:162) Not updating fMLLR since below min-count: count is 183
LOG (gmm-est-fmllr:main():gmm-est-fmllr.cc:143) For speaker train_S3_12_4_18, auxf-impr from fMLLR is 0, over 183 frames.
WARNING (gmm-est-fmllr:Update():fmllr-diag-gmm.cc:162) Not updating fMLLR since below min-count: count is 197
LOG (gmm-est-fmllr:main():gmm-est-fmllr.cc:143) For speaker train_S3_12_4_20, auxf-impr from fMLLR is 0, over 197 frames.
WARNING (gmm-est-fmllr:Update():fmllr-diag-gmm.cc:162) Not updating fMLLR since below min-count: count is 206
LOG (gmm-est-fmllr:main():gmm-est-fmllr.cc:143) For speaker train_S3_12_5_12, auxf-impr from fMLLR is 0, over 206 frames.
WARNING (gmm-est-fmllr:Update():fmllr-diag-gmm.cc:162) Not updating fMLLR since below min-count: count is 202
LOG (gmm-est-fmllr:main():gmm-est-fmllr.cc:143) For speaker train_S3_12_5_14, auxf-impr from fMLLR is 0, over 202 frames.
WARNING (gmm-est-fmllr:Update():fmllr-diag-gmm.cc:162) Not updating fMLLR since below min-count: count is 206
LOG (gmm-est-fmllr:main():gmm-est-fmllr.cc:143) For speaker train_S3_12_5_16, auxf-impr from fMLLR is 0, over 206 frames.
WARNING (gmm-est-fmllr:Update():fmllr-diag-gmm.cc:162) Not updating fMLLR since below min-count: count is 183
LOG (gmm-est-fmllr:main():gmm-est-fmllr.cc:143) For speaker train_S3_12_5_18, auxf-impr from fMLLR is 0, over 183 frames.
WARNING (gmm-est-fmllr:Update():fmllr-diag-gmm.cc:162) Not updating fMLLR since below min-count: count is 196
LOG (gmm-est-fmllr:main():gmm-est-fmllr.cc:143) For speaker train_S3_12_5_20, auxf-impr from fMLLR is 0, over 196 frames.
WARNING (gmm-est-fmllr:Update():fmllr-diag-gmm.cc:162) Not updating fMLLR since below min-count: count is 206
LOG (gmm-est-fmllr:main():gmm-est-fmllr.cc:143) For speaker train_S3_12_6_12, auxf-impr from fMLLR is 0, over 206 frames.
WARNING (gmm-est-fmllr:Update():fmllr-diag-gmm.cc:162) Not updating fMLLR since below min-count: count is 202
LOG (gmm-est-fmllr:main():gmm-est-fmllr.cc:143) For speaker train_S3_12_6_14, auxf-impr from fMLLR is 0, over 202 frames.
WARNING (gmm-est-fmllr:Update():fmllr-diag-gmm.cc:162) Not updating fMLLR since below min-count: count is 206
LOG (gmm-est-fmllr:main():gmm-est-fmllr.cc:143) For speaker train_S3_12_6_16, auxf-impr from fMLLR is 0, over 206 frames.
WARNING (gmm-est-fmllr:Update():fmllr-diag-gmm.cc:162) Not updating fMLLR since below min-count: count is 183
LOG (gmm-est-fmllr:main():gmm-est-fmllr.cc:143) For speaker train_S3_12_6_18, auxf-impr from fMLLR is 0, over 183 frames.
WARNING (gmm-est-fmllr:Update():fmllr-diag-gmm.cc:162) Not updating fMLLR since below min-count: count is 197
LOG (gmm-est-fmllr:main():gmm-est-fmllr.cc:143) For speaker train_S3_12_6_20, auxf-impr from fMLLR is 0, over 197 frames.
LOG (weight-silence-post:main():weight-silence-post.cc:95) Done 275 posteriors.
WARNING (gmm-est-fmllr:Update():fmllr-diag-gmm.cc:162) Not updating fMLLR since below min-count: count is 206
LOG (gmm-est-fmllr:main():gmm-est-fmllr.cc:143) For speaker train_S3_12_7_12, auxf-impr from fMLLR is 0, over 206 frames.
WARNING (gmm-est-fmllr:Update():fmllr-diag-gmm.cc:162) Not updating fMLLR since below min-count: count is 202
LOG (gmm-est-fmllr:main():gmm-est-fmllr.cc:143) For speaker train_S3_12_7_14, auxf-impr from fMLLR is 0, over 202 frames.
WARNING (gmm-est-fmllr:Update():fmllr-diag-gmm.cc:162) Not updating fMLLR since below min-count: count is 206
LOG (gmm-est-fmllr:main():gmm-est-fmllr.cc:143) For speaker train_S3_12_7_16, auxf-impr from fMLLR is 0, over 206 frames.
WARNING (gmm-est-fmllr:Update():fmllr-diag-gmm.cc:162) Not updating fMLLR since below min-count: count is 183
LOG (gmm-est-fmllr:main():gmm-est-fmllr.cc:143) For speaker train_S3_12_7_18, auxf-impr from fMLLR is 0, over 183 frames.
WARNING (gmm-est-fmllr:Update():fmllr-diag-gmm.cc:162) Not updating fMLLR since below min-count: count is 197
LOG (gmm-est-fmllr:main():gmm-est-fmllr.cc:143) For speaker train_S3_12_7_20, auxf-impr from fMLLR is 0, over 197 frames.
WARNING (gmm-est-fmllr:Update():fmllr-diag-gmm.cc:162) Not updating fMLLR since below min-count: count is 203
LOG (gmm-est-fmllr:main():gmm-est-fmllr.cc:143) For speaker train_S3_3_1_12, auxf-impr from fMLLR is 0, over 203 frames.
WARNING (gmm-est-fmllr:Update():fmllr-diag-gmm.cc:162) Not updating fMLLR since below min-count: count is 198
LOG (gmm-est-fmllr:main():gmm-est-fmllr.cc:143) For speaker train_S3_3_1_14, auxf-impr from fMLLR is 0, over 198 frames.
WARNING (gmm-est-fmllr:Update():fmllr-diag-gmm.cc:162) Not updating fMLLR since below min-count: count is 202
LOG (gmm-est-fmllr:main():gmm-est-fmllr.cc:143) For speaker train_S3_3_1_16, auxf-impr from fMLLR is 0, over 202 frames.
WARNING (gmm-est-fmllr:Update():fmllr-diag-gmm.cc:162) Not updating fMLLR since below min-count: count is 180
LOG (gmm-est-fmllr:main():gmm-est-fmllr.cc:143) For speaker train_S3_3_1_18, auxf-impr from fMLLR is 0, over 180 frames.
LOG (apply-cmvn:main():apply-cmvn.cc:146) Applied cepstral mean normalization to 275 utterances, errors on 0
WARNING (gmm-est-fmllr:Update():fmllr-diag-gmm.cc:162) Not updating fMLLR since below min-count: count is 193
LOG (gmm-est-fmllr:main():gmm-est-fmllr.cc:143) For speaker train_S3_3_1_20, auxf-impr from fMLLR is 0, over 193 frames.
WARNING (gmm-est-fmllr:Update():fmllr-diag-gmm.cc:162) Not updating fMLLR since below min-count: count is 203
LOG (gmm-est-fmllr:main():gmm-est-fmllr.cc:143) For speaker train_S3_3_2_12, auxf-impr from fMLLR is 0, over 203 frames.
WARNING (gmm-est-fmllr:Update():fmllr-diag-gmm.cc:162) Not updating fMLLR since below min-count: count is 198
LOG (gmm-est-fmllr:main():gmm-est-fmllr.cc:143) For speaker train_S3_3_2_14, auxf-impr from fMLLR is 0, over 198 frames.
WARNING (gmm-est-fmllr:Update():fmllr-diag-gmm.cc:162) Not updating fMLLR since below min-count: count is 202
LOG (gmm-est-fmllr:main():gmm-est-fmllr.cc:143) For speaker train_S3_3_2_16, auxf-impr from fMLLR is 0, over 202 frames.
WARNING (gmm-est-fmllr:Update():fmllr-diag-gmm.cc:162) Not updating fMLLR since below min-count: count is 180
LOG (gmm-est-fmllr:main():gmm-est-fmllr.cc:143) For speaker train_S3_3_2_18, auxf-impr from fMLLR is 0, over 180 frames.
WARNING (gmm-est-fmllr:Update():fmllr-diag-gmm.cc:162) Not updating fMLLR since below min-count: count is 193
LOG (gmm-est-fmllr:main():gmm-est-fmllr.cc:143) For speaker train_S3_3_2_20, auxf-impr from fMLLR is 0, over 193 frames.
LOG (transform-feats:main():transform-feats.cc:158) Overall average logdet is 0 over 77590 frames.
LOG (transform-feats:main():transform-feats.cc:161) Applied transform to 275 utterances; 0 had errors.
WARNING (gmm-est-fmllr:Update():fmllr-diag-gmm.cc:162) Not updating fMLLR since below min-count: count is 203
LOG (gmm-est-fmllr:main():gmm-est-fmllr.cc:143) For speaker train_S3_3_3_12, auxf-impr from fMLLR is 0, over 203 frames.
WARNING (gmm-est-fmllr:Update():fmllr-diag-gmm.cc:162) Not updating fMLLR since below min-count: count is 198
LOG (gmm-est-fmllr:main():gmm-est-fmllr.cc:143) For speaker train_S3_3_3_14, auxf-impr from fMLLR is 0, over 198 frames.
LOG (gmm-est-fmllr:main():gmm-est-fmllr.cc:188) Done 275 files, 0 with no posts, 0 with other errors.
LOG (gmm-est-fmllr:main():gmm-est-fmllr.cc:190) Overall fMLLR auxf impr per frame is 0 over 49993 frames.
# Accounting: time=2 threads=1
# Ended (code 0) at Thu Feb 27 12:03:40 IST 2020, elapsed time 2 seconds
