# ali-to-post "ark:gunzip -c exp/mono_ali/ali.11.gz|" ark:- | weight-silence-post 0.0 1 exp/mono_ali/final.mdl ark:- ark:- | gmm-est-fmllr --fmllr-update-type=full --spk2utt=ark:data/train/split30/11/spk2utt exp/mono_ali/final.mdl "ark,s,cs:apply-cmvn  --utt2spk=ark:data/train/split30/11/utt2spk scp:data/train/split30/11/cmvn.scp scp:data/train/split30/11/feats.scp ark:- | add-deltas  ark:- ark:- |" ark:- ark:exp/mono2/trans.11 
# Started at Thu Feb 27 12:03:00 IST 2020
#
ali-to-post 'ark:gunzip -c exp/mono_ali/ali.11.gz|' ark:- 
gmm-est-fmllr --fmllr-update-type=full --spk2utt=ark:data/train/split30/11/spk2utt exp/mono_ali/final.mdl 'ark,s,cs:apply-cmvn  --utt2spk=ark:data/train/split30/11/utt2spk scp:data/train/split30/11/cmvn.scp scp:data/train/split30/11/feats.scp ark:- | add-deltas  ark:- ark:- |' ark:- ark:exp/mono2/trans.11 
weight-silence-post 0.0 1 exp/mono_ali/final.mdl ark:- ark:- 
apply-cmvn --utt2spk=ark:data/train/split30/11/utt2spk scp:data/train/split30/11/cmvn.scp scp:data/train/split30/11/feats.scp ark:- 
add-deltas ark:- ark:- 
WARNING (gmm-est-fmllr:Update():fmllr-diag-gmm.cc:162) Not updating fMLLR since below min-count: count is 207
LOG (gmm-est-fmllr:main():gmm-est-fmllr.cc:143) For speaker train_S16_4_5_20, auxf-impr from fMLLR is 0, over 207 frames.
WARNING (gmm-est-fmllr:Update():fmllr-diag-gmm.cc:162) Not updating fMLLR since below min-count: count is 217
LOG (gmm-est-fmllr:main():gmm-est-fmllr.cc:143) For speaker train_S16_4_6_12, auxf-impr from fMLLR is 0, over 217 frames.
WARNING (gmm-est-fmllr:Update():fmllr-diag-gmm.cc:162) Not updating fMLLR since below min-count: count is 212
LOG (gmm-est-fmllr:main():gmm-est-fmllr.cc:143) For speaker train_S16_4_6_14, auxf-impr from fMLLR is 0, over 212 frames.
WARNING (gmm-est-fmllr:Update():fmllr-diag-gmm.cc:162) Not updating fMLLR since below min-count: count is 216
LOG (gmm-est-fmllr:main():gmm-est-fmllr.cc:143) For speaker train_S16_4_6_16, auxf-impr from fMLLR is 0, over 216 frames.
WARNING (gmm-est-fmllr:Update():fmllr-diag-gmm.cc:162) Not updating fMLLR since below min-count: count is 193
LOG (gmm-est-fmllr:main():gmm-est-fmllr.cc:143) For speaker train_S16_4_6_18, auxf-impr from fMLLR is 0, over 193 frames.
WARNING (gmm-est-fmllr:Update():fmllr-diag-gmm.cc:162) Not updating fMLLR since below min-count: count is 207
LOG (gmm-est-fmllr:main():gmm-est-fmllr.cc:143) For speaker train_S16_4_6_20, auxf-impr from fMLLR is 0, over 207 frames.
WARNING (gmm-est-fmllr:Update():fmllr-diag-gmm.cc:162) Not updating fMLLR since below min-count: count is 217
LOG (gmm-est-fmllr:main():gmm-est-fmllr.cc:143) For speaker train_S16_4_7_12, auxf-impr from fMLLR is 0, over 217 frames.
WARNING (gmm-est-fmllr:Update():fmllr-diag-gmm.cc:162) Not updating fMLLR since below min-count: count is 212
LOG (gmm-est-fmllr:main():gmm-est-fmllr.cc:143) For speaker train_S16_4_7_14, auxf-impr from fMLLR is 0, over 212 frames.
WARNING (gmm-est-fmllr:Update():fmllr-diag-gmm.cc:162) Not updating fMLLR since below min-count: count is 216
LOG (gmm-est-fmllr:main():gmm-est-fmllr.cc:143) For speaker train_S16_4_7_16, auxf-impr from fMLLR is 0, over 216 frames.
WARNING (gmm-est-fmllr:Update():fmllr-diag-gmm.cc:162) Not updating fMLLR since below min-count: count is 192
LOG (gmm-est-fmllr:main():gmm-est-fmllr.cc:143) For speaker train_S16_4_7_18, auxf-impr from fMLLR is 0, over 192 frames.
WARNING (gmm-est-fmllr:Update():fmllr-diag-gmm.cc:162) Not updating fMLLR since below min-count: count is 207
LOG (gmm-est-fmllr:main():gmm-est-fmllr.cc:143) For speaker train_S16_4_7_20, auxf-impr from fMLLR is 0, over 207 frames.
WARNING (gmm-est-fmllr:Update():fmllr-diag-gmm.cc:162) Not updating fMLLR since below min-count: count is 206
LOG (gmm-est-fmllr:main():gmm-est-fmllr.cc:143) For speaker train_S16_5_1_12, auxf-impr from fMLLR is 0, over 206 frames.
WARNING (gmm-est-fmllr:Update():fmllr-diag-gmm.cc:162) Not updating fMLLR since below min-count: count is 202
LOG (gmm-est-fmllr:main():gmm-est-fmllr.cc:143) For speaker train_S16_5_1_14, auxf-impr from fMLLR is 0, over 202 frames.
WARNING (gmm-est-fmllr:Update():fmllr-diag-gmm.cc:162) Not updating fMLLR since below min-count: count is 206
LOG (gmm-est-fmllr:main():gmm-est-fmllr.cc:143) For speaker train_S16_5_1_16, auxf-impr from fMLLR is 0, over 206 frames.
WARNING (gmm-est-fmllr:Update():fmllr-diag-gmm.cc:162) Not updating fMLLR since below min-count: count is 182
LOG (gmm-est-fmllr:main():gmm-est-fmllr.cc:143) For speaker train_S16_5_1_18, auxf-impr from fMLLR is 0, over 182 frames.
WARNING (gmm-est-fmllr:Update():fmllr-diag-gmm.cc:162) Not updating fMLLR since below min-count: count is 197
LOG (gmm-est-fmllr:main():gmm-est-fmllr.cc:143) For speaker train_S16_5_1_20, auxf-impr from fMLLR is 0, over 197 frames.
WARNING (gmm-est-fmllr:Update():fmllr-diag-gmm.cc:162) Not updating fMLLR since below min-count: count is 206
LOG (gmm-est-fmllr:main():gmm-est-fmllr.cc:143) For speaker train_S16_5_2_12, auxf-impr from fMLLR is 0, over 206 frames.
WARNING (gmm-est-fmllr:Update():fmllr-diag-gmm.cc:162) Not updating fMLLR since below min-count: count is 201
LOG (gmm-est-fmllr:main():gmm-est-fmllr.cc:143) For speaker train_S16_5_2_14, auxf-impr from fMLLR is 0, over 201 frames.
WARNING (gmm-est-fmllr:Update():fmllr-diag-gmm.cc:162) Not updating fMLLR since below min-count: count is 206
LOG (gmm-est-fmllr:main():gmm-est-fmllr.cc:143) For speaker train_S16_5_2_16, auxf-impr from fMLLR is 0, over 206 frames.
WARNING (gmm-est-fmllr:Update():fmllr-diag-gmm.cc:162) Not updating fMLLR since below min-count: count is 182
LOG (gmm-est-fmllr:main():gmm-est-fmllr.cc:143) For speaker train_S16_5_2_18, auxf-impr from fMLLR is 0, over 182 frames.
WARNING (gmm-est-fmllr:Update():fmllr-diag-gmm.cc:162) Not updating fMLLR since below min-count: count is 197
LOG (gmm-est-fmllr:main():gmm-est-fmllr.cc:143) For speaker train_S16_5_2_20, auxf-impr from fMLLR is 0, over 197 frames.
WARNING (gmm-est-fmllr:Update():fmllr-diag-gmm.cc:162) Not updating fMLLR since below min-count: count is 206
LOG (gmm-est-fmllr:main():gmm-est-fmllr.cc:143) For speaker train_S16_5_3_12, auxf-impr from fMLLR is 0, over 206 frames.
WARNING (gmm-est-fmllr:Update():fmllr-diag-gmm.cc:162) Not updating fMLLR since below min-count: count is 202
LOG (gmm-est-fmllr:main():gmm-est-fmllr.cc:143) For speaker train_S16_5_3_14, auxf-impr from fMLLR is 0, over 202 frames.
WARNING (gmm-est-fmllr:Update():fmllr-diag-gmm.cc:162) Not updating fMLLR since below min-count: count is 206
LOG (gmm-est-fmllr:main():gmm-est-fmllr.cc:143) For speaker train_S16_5_3_16, auxf-impr from fMLLR is 0, over 206 frames.
WARNING (gmm-est-fmllr:Update():fmllr-diag-gmm.cc:162) Not updating fMLLR since below min-count: count is 182
LOG (gmm-est-fmllr:main():gmm-est-fmllr.cc:143) For speaker train_S16_5_3_18, auxf-impr from fMLLR is 0, over 182 frames.
WARNING (gmm-est-fmllr:Update():fmllr-diag-gmm.cc:162) Not updating fMLLR since below min-count: count is 197
LOG (gmm-est-fmllr:main():gmm-est-fmllr.cc:143) For speaker train_S16_5_3_20, auxf-impr from fMLLR is 0, over 197 frames.
WARNING (gmm-est-fmllr:Update():fmllr-diag-gmm.cc:162) Not updating fMLLR since below min-count: count is 206
LOG (gmm-est-fmllr:main():gmm-est-fmllr.cc:143) For speaker train_S16_5_4_12, auxf-impr from fMLLR is 0, over 206 frames.
WARNING (gmm-est-fmllr:Update():fmllr-diag-gmm.cc:162) Not updating fMLLR since below min-count: count is 201
LOG (gmm-est-fmllr:main():gmm-est-fmllr.cc:143) For speaker train_S16_5_4_14, auxf-impr from fMLLR is 0, over 201 frames.
WARNING (gmm-est-fmllr:Update():fmllr-diag-gmm.cc:162) Not updating fMLLR since below min-count: count is 206
LOG (gmm-est-fmllr:main():gmm-est-fmllr.cc:143) For speaker train_S16_5_4_16, auxf-impr from fMLLR is 0, over 206 frames.
WARNING (gmm-est-fmllr:Update():fmllr-diag-gmm.cc:162) Not updating fMLLR since below min-count: count is 182
LOG (gmm-est-fmllr:main():gmm-est-fmllr.cc:143) For speaker train_S16_5_4_18, auxf-impr from fMLLR is 0, over 182 frames.
WARNING (gmm-est-fmllr:Update():fmllr-diag-gmm.cc:162) Not updating fMLLR since below min-count: count is 197
LOG (gmm-est-fmllr:main():gmm-est-fmllr.cc:143) For speaker train_S16_5_4_20, auxf-impr from fMLLR is 0, over 197 frames.
WARNING (gmm-est-fmllr:Update():fmllr-diag-gmm.cc:162) Not updating fMLLR since below min-count: count is 206
LOG (gmm-est-fmllr:main():gmm-est-fmllr.cc:143) For speaker train_S16_5_5_12, auxf-impr from fMLLR is 0, over 206 frames.
WARNING (gmm-est-fmllr:Update():fmllr-diag-gmm.cc:162) Not updating fMLLR since below min-count: count is 201
LOG (gmm-est-fmllr:main():gmm-est-fmllr.cc:143) For speaker train_S16_5_5_14, auxf-impr from fMLLR is 0, over 201 frames.
WARNING (gmm-est-fmllr:Update():fmllr-diag-gmm.cc:162) Not updating fMLLR since below min-count: count is 206
LOG (gmm-est-fmllr:main():gmm-est-fmllr.cc:143) For speaker train_S16_5_5_16, auxf-impr from fMLLR is 0, over 206 frames.
WARNING (gmm-est-fmllr:Update():fmllr-diag-gmm.cc:162) Not updating fMLLR since below min-count: count is 182
LOG (gmm-est-fmllr:main():gmm-est-fmllr.cc:143) For speaker train_S16_5_5_18, auxf-impr from fMLLR is 0, over 182 frames.
WARNING (gmm-est-fmllr:Update():fmllr-diag-gmm.cc:162) Not updating fMLLR since below min-count: count is 197
LOG (gmm-est-fmllr:main():gmm-est-fmllr.cc:143) For speaker train_S16_5_5_20, auxf-impr from fMLLR is 0, over 197 frames.
WARNING (gmm-est-fmllr:Update():fmllr-diag-gmm.cc:162) Not updating fMLLR since below min-count: count is 206
LOG (gmm-est-fmllr:main():gmm-est-fmllr.cc:143) For speaker train_S16_5_6_12, auxf-impr from fMLLR is 0, over 206 frames.
WARNING (gmm-est-fmllr:Update():fmllr-diag-gmm.cc:162) Not updating fMLLR since below min-count: count is 201
LOG (gmm-est-fmllr:main():gmm-est-fmllr.cc:143) For speaker train_S16_5_6_14, auxf-impr from fMLLR is 0, over 201 frames.
WARNING (gmm-est-fmllr:Update():fmllr-diag-gmm.cc:162) Not updating fMLLR since below min-count: count is 206
LOG (gmm-est-fmllr:main():gmm-est-fmllr.cc:143) For speaker train_S16_5_6_16, auxf-impr from fMLLR is 0, over 206 frames.
WARNING (gmm-est-fmllr:Update():fmllr-diag-gmm.cc:162) Not updating fMLLR since below min-count: count is 182
LOG (gmm-est-fmllr:main():gmm-est-fmllr.cc:143) For speaker train_S16_5_6_18, auxf-impr from fMLLR is 0, over 182 frames.
WARNING (gmm-est-fmllr:Update():fmllr-diag-gmm.cc:162) Not updating fMLLR since below min-count: count is 197
LOG (gmm-est-fmllr:main():gmm-est-fmllr.cc:143) For speaker train_S16_5_6_20, auxf-impr from fMLLR is 0, over 197 frames.
WARNING (gmm-est-fmllr:Update():fmllr-diag-gmm.cc:162) Not updating fMLLR since below min-count: count is 206
LOG (gmm-est-fmllr:main():gmm-est-fmllr.cc:143) For speaker train_S16_5_7_12, auxf-impr from fMLLR is 0, over 206 frames.
WARNING (gmm-est-fmllr:Update():fmllr-diag-gmm.cc:162) Not updating fMLLR since below min-count: count is 202
LOG (gmm-est-fmllr:main():gmm-est-fmllr.cc:143) For speaker train_S16_5_7_14, auxf-impr from fMLLR is 0, over 202 frames.
WARNING (gmm-est-fmllr:Update():fmllr-diag-gmm.cc:162) Not updating fMLLR since below min-count: count is 206
LOG (gmm-est-fmllr:main():gmm-est-fmllr.cc:143) For speaker train_S16_5_7_16, auxf-impr from fMLLR is 0, over 206 frames.
WARNING (gmm-est-fmllr:Update():fmllr-diag-gmm.cc:162) Not updating fMLLR since below min-count: count is 182
LOG (gmm-est-fmllr:main():gmm-est-fmllr.cc:143) For speaker train_S16_5_7_18, auxf-impr from fMLLR is 0, over 182 frames.
WARNING (gmm-est-fmllr:Update():fmllr-diag-gmm.cc:162) Not updating fMLLR since below min-count: count is 197
LOG (gmm-est-fmllr:main():gmm-est-fmllr.cc:143) For speaker train_S16_5_7_20, auxf-impr from fMLLR is 0, over 197 frames.
WARNING (gmm-est-fmllr:Update():fmllr-diag-gmm.cc:162) Not updating fMLLR since below min-count: count is 243
LOG (gmm-est-fmllr:main():gmm-est-fmllr.cc:143) For speaker train_S16_6_1_12, auxf-impr from fMLLR is 0, over 243 frames.
WARNING (gmm-est-fmllr:Update():fmllr-diag-gmm.cc:162) Not updating fMLLR since below min-count: count is 238
LOG (gmm-est-fmllr:main():gmm-est-fmllr.cc:143) For speaker train_S16_6_1_14, auxf-impr from fMLLR is 0, over 238 frames.
WARNING (gmm-est-fmllr:Update():fmllr-diag-gmm.cc:162) Not updating fMLLR since below min-count: count is 243
LOG (gmm-est-fmllr:main():gmm-est-fmllr.cc:143) For speaker train_S16_6_1_16, auxf-impr from fMLLR is 0, over 243 frames.
WARNING (gmm-est-fmllr:Update():fmllr-diag-gmm.cc:162) Not updating fMLLR since below min-count: count is 216
LOG (gmm-est-fmllr:main():gmm-est-fmllr.cc:143) For speaker train_S16_6_1_18, auxf-impr from fMLLR is 0, over 216 frames.
WARNING (gmm-est-fmllr:Update():fmllr-diag-gmm.cc:162) Not updating fMLLR since below min-count: count is 232
LOG (gmm-est-fmllr:main():gmm-est-fmllr.cc:143) For speaker train_S16_6_1_20, auxf-impr from fMLLR is 0, over 232 frames.
WARNING (gmm-est-fmllr:Update():fmllr-diag-gmm.cc:162) Not updating fMLLR since below min-count: count is 243
LOG (gmm-est-fmllr:main():gmm-est-fmllr.cc:143) For speaker train_S16_6_2_12, auxf-impr from fMLLR is 0, over 243 frames.
WARNING (gmm-est-fmllr:Update():fmllr-diag-gmm.cc:162) Not updating fMLLR since below min-count: count is 238
LOG (gmm-est-fmllr:main():gmm-est-fmllr.cc:143) For speaker train_S16_6_2_14, auxf-impr from fMLLR is 0, over 238 frames.
WARNING (gmm-est-fmllr:Update():fmllr-diag-gmm.cc:162) Not updating fMLLR since below min-count: count is 243
LOG (gmm-est-fmllr:main():gmm-est-fmllr.cc:143) For speaker train_S16_6_2_16, auxf-impr from fMLLR is 0, over 243 frames.
WARNING (gmm-est-fmllr:Update():fmllr-diag-gmm.cc:162) Not updating fMLLR since below min-count: count is 216
LOG (gmm-est-fmllr:main():gmm-est-fmllr.cc:143) For speaker train_S16_6_2_18, auxf-impr from fMLLR is 0, over 216 frames.
WARNING (gmm-est-fmllr:Update():fmllr-diag-gmm.cc:162) Not updating fMLLR since below min-count: count is 232
LOG (gmm-est-fmllr:main():gmm-est-fmllr.cc:143) For speaker train_S16_6_2_20, auxf-impr from fMLLR is 0, over 232 frames.
WARNING (gmm-est-fmllr:Update():fmllr-diag-gmm.cc:162) Not updating fMLLR since below min-count: count is 243
LOG (gmm-est-fmllr:main():gmm-est-fmllr.cc:143) For speaker train_S16_6_3_12, auxf-impr from fMLLR is 0, over 243 frames.
WARNING (gmm-est-fmllr:Update():fmllr-diag-gmm.cc:162) Not updating fMLLR since below min-count: count is 238
LOG (gmm-est-fmllr:main():gmm-est-fmllr.cc:143) For speaker train_S16_6_3_14, auxf-impr from fMLLR is 0, over 238 frames.
WARNING (gmm-est-fmllr:Update():fmllr-diag-gmm.cc:162) Not updating fMLLR since below min-count: count is 243
LOG (gmm-est-fmllr:main():gmm-est-fmllr.cc:143) For speaker train_S16_6_3_16, auxf-impr from fMLLR is 0, over 243 frames.
WARNING (gmm-est-fmllr:Update():fmllr-diag-gmm.cc:162) Not updating fMLLR since below min-count: count is 216
LOG (gmm-est-fmllr:main():gmm-est-fmllr.cc:143) For speaker train_S16_6_3_18, auxf-impr from fMLLR is 0, over 216 frames.
WARNING (gmm-est-fmllr:Update():fmllr-diag-gmm.cc:162) Not updating fMLLR since below min-count: count is 232
LOG (gmm-est-fmllr:main():gmm-est-fmllr.cc:143) For speaker train_S16_6_3_20, auxf-impr from fMLLR is 0, over 232 frames.
WARNING (gmm-est-fmllr:Update():fmllr-diag-gmm.cc:162) Not updating fMLLR since below min-count: count is 243
LOG (gmm-est-fmllr:main():gmm-est-fmllr.cc:143) For speaker train_S16_6_4_12, auxf-impr from fMLLR is 0, over 243 frames.
WARNING (gmm-est-fmllr:Update():fmllr-diag-gmm.cc:162) Not updating fMLLR since below min-count: count is 238
LOG (gmm-est-fmllr:main():gmm-est-fmllr.cc:143) For speaker train_S16_6_4_14, auxf-impr from fMLLR is 0, over 238 frames.
WARNING (gmm-est-fmllr:Update():fmllr-diag-gmm.cc:162) Not updating fMLLR since below min-count: count is 243
LOG (gmm-est-fmllr:main():gmm-est-fmllr.cc:143) For speaker train_S16_6_4_16, auxf-impr from fMLLR is 0, over 243 frames.
WARNING (gmm-est-fmllr:Update():fmllr-diag-gmm.cc:162) Not updating fMLLR since below min-count: count is 216
LOG (gmm-est-fmllr:main():gmm-est-fmllr.cc:143) For speaker train_S16_6_4_18, auxf-impr from fMLLR is 0, over 216 frames.
WARNING (gmm-est-fmllr:Update():fmllr-diag-gmm.cc:162) Not updating fMLLR since below min-count: count is 232
LOG (gmm-est-fmllr:main():gmm-est-fmllr.cc:143) For speaker train_S16_6_4_20, auxf-impr from fMLLR is 0, over 232 frames.
WARNING (gmm-est-fmllr:Update():fmllr-diag-gmm.cc:162) Not updating fMLLR since below min-count: count is 243
LOG (gmm-est-fmllr:main():gmm-est-fmllr.cc:143) For speaker train_S16_6_5_12, auxf-impr from fMLLR is 0, over 243 frames.
WARNING (gmm-est-fmllr:Update():fmllr-diag-gmm.cc:162) Not updating fMLLR since below min-count: count is 238
LOG (gmm-est-fmllr:main():gmm-est-fmllr.cc:143) For speaker train_S16_6_5_14, auxf-impr from fMLLR is 0, over 238 frames.
WARNING (gmm-est-fmllr:Update():fmllr-diag-gmm.cc:162) Not updating fMLLR since below min-count: count is 243
LOG (gmm-est-fmllr:main():gmm-est-fmllr.cc:143) For speaker train_S16_6_5_16, auxf-impr from fMLLR is 0, over 243 frames.
WARNING (gmm-est-fmllr:Update():fmllr-diag-gmm.cc:162) Not updating fMLLR since below min-count: count is 216
LOG (gmm-est-fmllr:main():gmm-est-fmllr.cc:143) For speaker train_S16_6_5_18, auxf-impr from fMLLR is 0, over 216 frames.
WARNING (gmm-est-fmllr:Update():fmllr-diag-gmm.cc:162) Not updating fMLLR since below min-count: count is 232
LOG (gmm-est-fmllr:main():gmm-est-fmllr.cc:143) For speaker train_S16_6_5_20, auxf-impr from fMLLR is 0, over 232 frames.
WARNING (gmm-est-fmllr:Update():fmllr-diag-gmm.cc:162) Not updating fMLLR since below min-count: count is 243
LOG (gmm-est-fmllr:main():gmm-est-fmllr.cc:143) For speaker train_S16_6_6_12, auxf-impr from fMLLR is 0, over 243 frames.
WARNING (gmm-est-fmllr:Update():fmllr-diag-gmm.cc:162) Not updating fMLLR since below min-count: count is 238
LOG (gmm-est-fmllr:main():gmm-est-fmllr.cc:143) For speaker train_S16_6_6_14, auxf-impr from fMLLR is 0, over 238 frames.
WARNING (gmm-est-fmllr:Update():fmllr-diag-gmm.cc:162) Not updating fMLLR since below min-count: count is 243
LOG (gmm-est-fmllr:main():gmm-est-fmllr.cc:143) For speaker train_S16_6_6_16, auxf-impr from fMLLR is 0, over 243 frames.
WARNING (gmm-est-fmllr:Update():fmllr-diag-gmm.cc:162) Not updating fMLLR since below min-count: count is 216
LOG (gmm-est-fmllr:main():gmm-est-fmllr.cc:143) For speaker train_S16_6_6_18, auxf-impr from fMLLR is 0, over 216 frames.
WARNING (gmm-est-fmllr:Update():fmllr-diag-gmm.cc:162) Not updating fMLLR since below min-count: count is 232
LOG (gmm-est-fmllr:main():gmm-est-fmllr.cc:143) For speaker train_S16_6_6_20, auxf-impr from fMLLR is 0, over 232 frames.
WARNING (gmm-est-fmllr:Update():fmllr-diag-gmm.cc:162) Not updating fMLLR since below min-count: count is 243
LOG (gmm-est-fmllr:main():gmm-est-fmllr.cc:143) For speaker train_S16_6_7_12, auxf-impr from fMLLR is 0, over 243 frames.
WARNING (gmm-est-fmllr:Update():fmllr-diag-gmm.cc:162) Not updating fMLLR since below min-count: count is 238
LOG (gmm-est-fmllr:main():gmm-est-fmllr.cc:143) For speaker train_S16_6_7_14, auxf-impr from fMLLR is 0, over 238 frames.
WARNING (gmm-est-fmllr:Update():fmllr-diag-gmm.cc:162) Not updating fMLLR since below min-count: count is 243
LOG (gmm-est-fmllr:main():gmm-est-fmllr.cc:143) For speaker train_S16_6_7_16, auxf-impr from fMLLR is 0, over 243 frames.
WARNING (gmm-est-fmllr:Update():fmllr-diag-gmm.cc:162) Not updating fMLLR since below min-count: count is 216
LOG (gmm-est-fmllr:main():gmm-est-fmllr.cc:143) For speaker train_S16_6_7_18, auxf-impr from fMLLR is 0, over 216 frames.
WARNING (gmm-est-fmllr:Update():fmllr-diag-gmm.cc:162) Not updating fMLLR since below min-count: count is 232
LOG (gmm-est-fmllr:main():gmm-est-fmllr.cc:143) For speaker train_S16_6_7_20, auxf-impr from fMLLR is 0, over 232 frames.
WARNING (gmm-est-fmllr:Update():fmllr-diag-gmm.cc:162) Not updating fMLLR since below min-count: count is 214
LOG (gmm-est-fmllr:main():gmm-est-fmllr.cc:143) For speaker train_S16_7_1_12, auxf-impr from fMLLR is 0, over 214 frames.
WARNING (gmm-est-fmllr:Update():fmllr-diag-gmm.cc:162) Not updating fMLLR since below min-count: count is 211
LOG (gmm-est-fmllr:main():gmm-est-fmllr.cc:143) For speaker train_S16_7_1_14, auxf-impr from fMLLR is 0, over 211 frames.
WARNING (gmm-est-fmllr:Update():fmllr-diag-gmm.cc:162) Not updating fMLLR since below min-count: count is 215
LOG (gmm-est-fmllr:main():gmm-est-fmllr.cc:143) For speaker train_S16_7_1_16, auxf-impr from fMLLR is 0, over 215 frames.
WARNING (gmm-est-fmllr:Update():fmllr-diag-gmm.cc:162) Not updating fMLLR since below min-count: count is 190
LOG (gmm-est-fmllr:main():gmm-est-fmllr.cc:143) For speaker train_S16_7_1_18, auxf-impr from fMLLR is 0, over 190 frames.
WARNING (gmm-est-fmllr:Update():fmllr-diag-gmm.cc:162) Not updating fMLLR since below min-count: count is 205
LOG (gmm-est-fmllr:main():gmm-est-fmllr.cc:143) For speaker train_S16_7_1_20, auxf-impr from fMLLR is 0, over 205 frames.
WARNING (gmm-est-fmllr:Update():fmllr-diag-gmm.cc:162) Not updating fMLLR since below min-count: count is 214
LOG (gmm-est-fmllr:main():gmm-est-fmllr.cc:143) For speaker train_S16_7_2_12, auxf-impr from fMLLR is 0, over 214 frames.
WARNING (gmm-est-fmllr:Update():fmllr-diag-gmm.cc:162) Not updating fMLLR since below min-count: count is 210
LOG (gmm-est-fmllr:main():gmm-est-fmllr.cc:143) For speaker train_S16_7_2_14, auxf-impr from fMLLR is 0, over 210 frames.
WARNING (gmm-est-fmllr:Update():fmllr-diag-gmm.cc:162) Not updating fMLLR since below min-count: count is 215
LOG (gmm-est-fmllr:main():gmm-est-fmllr.cc:143) For speaker train_S16_7_2_16, auxf-impr from fMLLR is 0, over 215 frames.
WARNING (gmm-est-fmllr:Update():fmllr-diag-gmm.cc:162) Not updating fMLLR since below min-count: count is 190
LOG (gmm-est-fmllr:main():gmm-est-fmllr.cc:143) For speaker train_S16_7_2_18, auxf-impr from fMLLR is 0, over 190 frames.
WARNING (gmm-est-fmllr:Update():fmllr-diag-gmm.cc:162) Not updating fMLLR since below min-count: count is 205
LOG (gmm-est-fmllr:main():gmm-est-fmllr.cc:143) For speaker train_S16_7_2_20, auxf-impr from fMLLR is 0, over 205 frames.
WARNING (gmm-est-fmllr:Update():fmllr-diag-gmm.cc:162) Not updating fMLLR since below min-count: count is 214
LOG (gmm-est-fmllr:main():gmm-est-fmllr.cc:143) For speaker train_S16_7_3_12, auxf-impr from fMLLR is 0, over 214 frames.
WARNING (gmm-est-fmllr:Update():fmllr-diag-gmm.cc:162) Not updating fMLLR since below min-count: count is 210
LOG (gmm-est-fmllr:main():gmm-est-fmllr.cc:143) For speaker train_S16_7_3_14, auxf-impr from fMLLR is 0, over 210 frames.
WARNING (gmm-est-fmllr:Update():fmllr-diag-gmm.cc:162) Not updating fMLLR since below min-count: count is 215
LOG (gmm-est-fmllr:main():gmm-est-fmllr.cc:143) For speaker train_S16_7_3_16, auxf-impr from fMLLR is 0, over 215 frames.
WARNING (gmm-est-fmllr:Update():fmllr-diag-gmm.cc:162) Not updating fMLLR since below min-count: count is 190
LOG (gmm-est-fmllr:main():gmm-est-fmllr.cc:143) For speaker train_S16_7_3_18, auxf-impr from fMLLR is 0, over 190 frames.
WARNING (gmm-est-fmllr:Update():fmllr-diag-gmm.cc:162) Not updating fMLLR since below min-count: count is 205
LOG (gmm-est-fmllr:main():gmm-est-fmllr.cc:143) For speaker train_S16_7_3_20, auxf-impr from fMLLR is 0, over 205 frames.
WARNING (gmm-est-fmllr:Update():fmllr-diag-gmm.cc:162) Not updating fMLLR since below min-count: count is 214
LOG (gmm-est-fmllr:main():gmm-est-fmllr.cc:143) For speaker train_S16_7_4_12, auxf-impr from fMLLR is 0, over 214 frames.
WARNING (gmm-est-fmllr:Update():fmllr-diag-gmm.cc:162) Not updating fMLLR since below min-count: count is 210
LOG (gmm-est-fmllr:main():gmm-est-fmllr.cc:143) For speaker train_S16_7_4_14, auxf-impr from fMLLR is 0, over 210 frames.
WARNING (gmm-est-fmllr:Update():fmllr-diag-gmm.cc:162) Not updating fMLLR since below min-count: count is 215
LOG (gmm-est-fmllr:main():gmm-est-fmllr.cc:143) For speaker train_S16_7_4_16, auxf-impr from fMLLR is 0, over 215 frames.
WARNING (gmm-est-fmllr:Update():fmllr-diag-gmm.cc:162) Not updating fMLLR since below min-count: count is 190
LOG (gmm-est-fmllr:main():gmm-est-fmllr.cc:143) For speaker train_S16_7_4_18, auxf-impr from fMLLR is 0, over 190 frames.
WARNING (gmm-est-fmllr:Update():fmllr-diag-gmm.cc:162) Not updating fMLLR since below min-count: count is 205
LOG (gmm-est-fmllr:main():gmm-est-fmllr.cc:143) For speaker train_S16_7_4_20, auxf-impr from fMLLR is 0, over 205 frames.
WARNING (gmm-est-fmllr:Update():fmllr-diag-gmm.cc:162) Not updating fMLLR since below min-count: count is 214
LOG (gmm-est-fmllr:main():gmm-est-fmllr.cc:143) For speaker train_S16_7_5_12, auxf-impr from fMLLR is 0, over 214 frames.
WARNING (gmm-est-fmllr:Update():fmllr-diag-gmm.cc:162) Not updating fMLLR since below min-count: count is 210
LOG (gmm-est-fmllr:main():gmm-est-fmllr.cc:143) For speaker train_S16_7_5_14, auxf-impr from fMLLR is 0, over 210 frames.
WARNING (gmm-est-fmllr:Update():fmllr-diag-gmm.cc:162) Not updating fMLLR since below min-count: count is 215
LOG (gmm-est-fmllr:main():gmm-est-fmllr.cc:143) For speaker train_S16_7_5_16, auxf-impr from fMLLR is 0, over 215 frames.
WARNING (gmm-est-fmllr:Update():fmllr-diag-gmm.cc:162) Not updating fMLLR since below min-count: count is 190
LOG (gmm-est-fmllr:main():gmm-est-fmllr.cc:143) For speaker train_S16_7_5_18, auxf-impr from fMLLR is 0, over 190 frames.
WARNING (gmm-est-fmllr:Update():fmllr-diag-gmm.cc:162) Not updating fMLLR since below min-count: count is 205
LOG (gmm-est-fmllr:main():gmm-est-fmllr.cc:143) For speaker train_S16_7_5_20, auxf-impr from fMLLR is 0, over 205 frames.
WARNING (gmm-est-fmllr:Update():fmllr-diag-gmm.cc:162) Not updating fMLLR since below min-count: count is 214
LOG (gmm-est-fmllr:main():gmm-est-fmllr.cc:143) For speaker train_S16_7_6_12, auxf-impr from fMLLR is 0, over 214 frames.
WARNING (gmm-est-fmllr:Update():fmllr-diag-gmm.cc:162) Not updating fMLLR since below min-count: count is 210
LOG (gmm-est-fmllr:main():gmm-est-fmllr.cc:143) For speaker train_S16_7_6_14, auxf-impr from fMLLR is 0, over 210 frames.
WARNING (gmm-est-fmllr:Update():fmllr-diag-gmm.cc:162) Not updating fMLLR since below min-count: count is 215
LOG (gmm-est-fmllr:main():gmm-est-fmllr.cc:143) For speaker train_S16_7_6_16, auxf-impr from fMLLR is 0, over 215 frames.
WARNING (gmm-est-fmllr:Update():fmllr-diag-gmm.cc:162) Not updating fMLLR since below min-count: count is 190
LOG (gmm-est-fmllr:main():gmm-est-fmllr.cc:143) For speaker train_S16_7_6_18, auxf-impr from fMLLR is 0, over 190 frames.
WARNING (gmm-est-fmllr:Update():fmllr-diag-gmm.cc:162) Not updating fMLLR since below min-count: count is 205
LOG (gmm-est-fmllr:main():gmm-est-fmllr.cc:143) For speaker train_S16_7_6_20, auxf-impr from fMLLR is 0, over 205 frames.
WARNING (gmm-est-fmllr:Update():fmllr-diag-gmm.cc:162) Not updating fMLLR since below min-count: count is 214
LOG (gmm-est-fmllr:main():gmm-est-fmllr.cc:143) For speaker train_S16_7_7_12, auxf-impr from fMLLR is 0, over 214 frames.
WARNING (gmm-est-fmllr:Update():fmllr-diag-gmm.cc:162) Not updating fMLLR since below min-count: count is 210
LOG (gmm-est-fmllr:main():gmm-est-fmllr.cc:143) For speaker train_S16_7_7_14, auxf-impr from fMLLR is 0, over 210 frames.
WARNING (gmm-est-fmllr:Update():fmllr-diag-gmm.cc:162) Not updating fMLLR since below min-count: count is 215
LOG (gmm-est-fmllr:main():gmm-est-fmllr.cc:143) For speaker train_S16_7_7_16, auxf-impr from fMLLR is 0, over 215 frames.
WARNING (gmm-est-fmllr:Update():fmllr-diag-gmm.cc:162) Not updating fMLLR since below min-count: count is 190
LOG (gmm-est-fmllr:main():gmm-est-fmllr.cc:143) For speaker train_S16_7_7_18, auxf-impr from fMLLR is 0, over 190 frames.
WARNING (gmm-est-fmllr:Update():fmllr-diag-gmm.cc:162) Not updating fMLLR since below min-count: count is 205
LOG (gmm-est-fmllr:main():gmm-est-fmllr.cc:143) For speaker train_S16_7_7_20, auxf-impr from fMLLR is 0, over 205 frames.
WARNING (gmm-est-fmllr:Update():fmllr-diag-gmm.cc:162) Not updating fMLLR since below min-count: count is 227
LOG (gmm-est-fmllr:main():gmm-est-fmllr.cc:143) For speaker train_S16_8_1_12, auxf-impr from fMLLR is 0, over 227 frames.
WARNING (gmm-est-fmllr:Update():fmllr-diag-gmm.cc:162) Not updating fMLLR since below min-count: count is 223
LOG (gmm-est-fmllr:main():gmm-est-fmllr.cc:143) For speaker train_S16_8_1_14, auxf-impr from fMLLR is 0, over 223 frames.
WARNING (gmm-est-fmllr:Update():fmllr-diag-gmm.cc:162) Not updating fMLLR since below min-count: count is 227
LOG (gmm-est-fmllr:main():gmm-est-fmllr.cc:143) For speaker train_S16_8_1_16, auxf-impr from fMLLR is 0, over 227 frames.
WARNING (gmm-est-fmllr:Update():fmllr-diag-gmm.cc:162) Not updating fMLLR since below min-count: count is 204
LOG (gmm-est-fmllr:main():gmm-est-fmllr.cc:143) For speaker train_S16_8_1_18, auxf-impr from fMLLR is 0, over 204 frames.
WARNING (gmm-est-fmllr:Update():fmllr-diag-gmm.cc:162) Not updating fMLLR since below min-count: count is 220
LOG (gmm-est-fmllr:main():gmm-est-fmllr.cc:143) For speaker train_S16_8_1_20, auxf-impr from fMLLR is 0, over 220 frames.
WARNING (gmm-est-fmllr:Update():fmllr-diag-gmm.cc:162) Not updating fMLLR since below min-count: count is 230
LOG (gmm-est-fmllr:main():gmm-est-fmllr.cc:143) For speaker train_S16_8_2_12, auxf-impr from fMLLR is 0, over 230 frames.
WARNING (gmm-est-fmllr:Update():fmllr-diag-gmm.cc:162) Not updating fMLLR since below min-count: count is 223
LOG (gmm-est-fmllr:main():gmm-est-fmllr.cc:143) For speaker train_S16_8_2_14, auxf-impr from fMLLR is 0, over 223 frames.
WARNING (gmm-est-fmllr:Update():fmllr-diag-gmm.cc:162) Not updating fMLLR since below min-count: count is 227
LOG (gmm-est-fmllr:main():gmm-est-fmllr.cc:143) For speaker train_S16_8_2_16, auxf-impr from fMLLR is 0, over 227 frames.
WARNING (gmm-est-fmllr:Update():fmllr-diag-gmm.cc:162) Not updating fMLLR since below min-count: count is 204
LOG (gmm-est-fmllr:main():gmm-est-fmllr.cc:143) For speaker train_S16_8_2_18, auxf-impr from fMLLR is 0, over 204 frames.
WARNING (gmm-est-fmllr:Update():fmllr-diag-gmm.cc:162) Not updating fMLLR since below min-count: count is 220
LOG (gmm-est-fmllr:main():gmm-est-fmllr.cc:143) For speaker train_S16_8_2_20, auxf-impr from fMLLR is 0, over 220 frames.
WARNING (gmm-est-fmllr:Update():fmllr-diag-gmm.cc:162) Not updating fMLLR since below min-count: count is 227
LOG (gmm-est-fmllr:main():gmm-est-fmllr.cc:143) For speaker train_S16_8_3_12, auxf-impr from fMLLR is 0, over 227 frames.
WARNING (gmm-est-fmllr:Update():fmllr-diag-gmm.cc:162) Not updating fMLLR since below min-count: count is 223
LOG (gmm-est-fmllr:main():gmm-est-fmllr.cc:143) For speaker train_S16_8_3_14, auxf-impr from fMLLR is 0, over 223 frames.
WARNING (gmm-est-fmllr:Update():fmllr-diag-gmm.cc:162) Not updating fMLLR since below min-count: count is 227
LOG (gmm-est-fmllr:main():gmm-est-fmllr.cc:143) For speaker train_S16_8_3_16, auxf-impr from fMLLR is 0, over 227 frames.
WARNING (gmm-est-fmllr:Update():fmllr-diag-gmm.cc:162) Not updating fMLLR since below min-count: count is 204
LOG (gmm-est-fmllr:main():gmm-est-fmllr.cc:143) For speaker train_S16_8_3_18, auxf-impr from fMLLR is 0, over 204 frames.
WARNING (gmm-est-fmllr:Update():fmllr-diag-gmm.cc:162) Not updating fMLLR since below min-count: count is 220
LOG (gmm-est-fmllr:main():gmm-est-fmllr.cc:143) For speaker train_S16_8_3_20, auxf-impr from fMLLR is 0, over 220 frames.
WARNING (gmm-est-fmllr:Update():fmllr-diag-gmm.cc:162) Not updating fMLLR since below min-count: count is 227
LOG (gmm-est-fmllr:main():gmm-est-fmllr.cc:143) For speaker train_S16_8_4_12, auxf-impr from fMLLR is 0, over 227 frames.
WARNING (gmm-est-fmllr:Update():fmllr-diag-gmm.cc:162) Not updating fMLLR since below min-count: count is 223
LOG (gmm-est-fmllr:main():gmm-est-fmllr.cc:143) For speaker train_S16_8_4_14, auxf-impr from fMLLR is 0, over 223 frames.
WARNING (gmm-est-fmllr:Update():fmllr-diag-gmm.cc:162) Not updating fMLLR since below min-count: count is 227
LOG (gmm-est-fmllr:main():gmm-est-fmllr.cc:143) For speaker train_S16_8_4_16, auxf-impr from fMLLR is 0, over 227 frames.
WARNING (gmm-est-fmllr:Update():fmllr-diag-gmm.cc:162) Not updating fMLLR since below min-count: count is 204
LOG (gmm-est-fmllr:main():gmm-est-fmllr.cc:143) For speaker train_S16_8_4_18, auxf-impr from fMLLR is 0, over 204 frames.
WARNING (gmm-est-fmllr:Update():fmllr-diag-gmm.cc:162) Not updating fMLLR since below min-count: count is 220
LOG (gmm-est-fmllr:main():gmm-est-fmllr.cc:143) For speaker train_S16_8_4_20, auxf-impr from fMLLR is 0, over 220 frames.
WARNING (gmm-est-fmllr:Update():fmllr-diag-gmm.cc:162) Not updating fMLLR since below min-count: count is 227
LOG (gmm-est-fmllr:main():gmm-est-fmllr.cc:143) For speaker train_S16_8_5_12, auxf-impr from fMLLR is 0, over 227 frames.
WARNING (gmm-est-fmllr:Update():fmllr-diag-gmm.cc:162) Not updating fMLLR since below min-count: count is 223
LOG (gmm-est-fmllr:main():gmm-est-fmllr.cc:143) For speaker train_S16_8_5_14, auxf-impr from fMLLR is 0, over 223 frames.
WARNING (gmm-est-fmllr:Update():fmllr-diag-gmm.cc:162) Not updating fMLLR since below min-count: count is 227
LOG (gmm-est-fmllr:main():gmm-est-fmllr.cc:143) For speaker train_S16_8_5_16, auxf-impr from fMLLR is 0, over 227 frames.
WARNING (gmm-est-fmllr:Update():fmllr-diag-gmm.cc:162) Not updating fMLLR since below min-count: count is 204
LOG (gmm-est-fmllr:main():gmm-est-fmllr.cc:143) For speaker train_S16_8_5_18, auxf-impr from fMLLR is 0, over 204 frames.
WARNING (gmm-est-fmllr:Update():fmllr-diag-gmm.cc:162) Not updating fMLLR since below min-count: count is 217
LOG (gmm-est-fmllr:main():gmm-est-fmllr.cc:143) For speaker train_S16_8_5_20, auxf-impr from fMLLR is 0, over 217 frames.
WARNING (gmm-est-fmllr:Update():fmllr-diag-gmm.cc:162) Not updating fMLLR since below min-count: count is 230
LOG (gmm-est-fmllr:main():gmm-est-fmllr.cc:143) For speaker train_S16_8_6_12, auxf-impr from fMLLR is 0, over 230 frames.
WARNING (gmm-est-fmllr:Update():fmllr-diag-gmm.cc:162) Not updating fMLLR since below min-count: count is 223
LOG (gmm-est-fmllr:main():gmm-est-fmllr.cc:143) For speaker train_S16_8_6_14, auxf-impr from fMLLR is 0, over 223 frames.
WARNING (gmm-est-fmllr:Update():fmllr-diag-gmm.cc:162) Not updating fMLLR since below min-count: count is 227
LOG (gmm-est-fmllr:main():gmm-est-fmllr.cc:143) For speaker train_S16_8_6_16, auxf-impr from fMLLR is 0, over 227 frames.
WARNING (gmm-est-fmllr:Update():fmllr-diag-gmm.cc:162) Not updating fMLLR since below min-count: count is 204
LOG (gmm-est-fmllr:main():gmm-est-fmllr.cc:143) For speaker train_S16_8_6_18, auxf-impr from fMLLR is 0, over 204 frames.
WARNING (gmm-est-fmllr:Update():fmllr-diag-gmm.cc:162) Not updating fMLLR since below min-count: count is 220
LOG (gmm-est-fmllr:main():gmm-est-fmllr.cc:143) For speaker train_S16_8_6_20, auxf-impr from fMLLR is 0, over 220 frames.
WARNING (gmm-est-fmllr:Update():fmllr-diag-gmm.cc:162) Not updating fMLLR since below min-count: count is 227
LOG (gmm-est-fmllr:main():gmm-est-fmllr.cc:143) For speaker train_S16_8_7_12, auxf-impr from fMLLR is 0, over 227 frames.
WARNING (gmm-est-fmllr:Update():fmllr-diag-gmm.cc:162) Not updating fMLLR since below min-count: count is 223
LOG (gmm-est-fmllr:main():gmm-est-fmllr.cc:143) For speaker train_S16_8_7_14, auxf-impr from fMLLR is 0, over 223 frames.
WARNING (gmm-est-fmllr:Update():fmllr-diag-gmm.cc:162) Not updating fMLLR since below min-count: count is 227
LOG (gmm-est-fmllr:main():gmm-est-fmllr.cc:143) For speaker train_S16_8_7_16, auxf-impr from fMLLR is 0, over 227 frames.
WARNING (gmm-est-fmllr:Update():fmllr-diag-gmm.cc:162) Not updating fMLLR since below min-count: count is 204
LOG (gmm-est-fmllr:main():gmm-est-fmllr.cc:143) For speaker train_S16_8_7_18, auxf-impr from fMLLR is 0, over 204 frames.
WARNING (gmm-est-fmllr:Update():fmllr-diag-gmm.cc:162) Not updating fMLLR since below min-count: count is 220
LOG (gmm-est-fmllr:main():gmm-est-fmllr.cc:143) For speaker train_S16_8_7_20, auxf-impr from fMLLR is 0, over 220 frames.
WARNING (gmm-est-fmllr:Update():fmllr-diag-gmm.cc:162) Not updating fMLLR since below min-count: count is 226
LOG (gmm-est-fmllr:main():gmm-est-fmllr.cc:143) For speaker train_S16_9_1_12, auxf-impr from fMLLR is 0, over 226 frames.
WARNING (gmm-est-fmllr:Update():fmllr-diag-gmm.cc:162) Not updating fMLLR since below min-count: count is 222
LOG (gmm-est-fmllr:main():gmm-est-fmllr.cc:143) For speaker train_S16_9_1_14, auxf-impr from fMLLR is 0, over 222 frames.
WARNING (gmm-est-fmllr:Update():fmllr-diag-gmm.cc:162) Not updating fMLLR since below min-count: count is 227
LOG (gmm-est-fmllr:main():gmm-est-fmllr.cc:143) For speaker train_S16_9_1_16, auxf-impr from fMLLR is 0, over 227 frames.
WARNING (gmm-est-fmllr:Update():fmllr-diag-gmm.cc:162) Not updating fMLLR since below min-count: count is 201
LOG (gmm-est-fmllr:main():gmm-est-fmllr.cc:143) For speaker train_S16_9_1_18, auxf-impr from fMLLR is 0, over 201 frames.
WARNING (gmm-est-fmllr:Update():fmllr-diag-gmm.cc:162) Not updating fMLLR since below min-count: count is 216
LOG (gmm-est-fmllr:main():gmm-est-fmllr.cc:143) For speaker train_S16_9_1_20, auxf-impr from fMLLR is 0, over 216 frames.
WARNING (gmm-est-fmllr:Update():fmllr-diag-gmm.cc:162) Not updating fMLLR since below min-count: count is 226
LOG (gmm-est-fmllr:main():gmm-est-fmllr.cc:143) For speaker train_S16_9_2_12, auxf-impr from fMLLR is 0, over 226 frames.
WARNING (gmm-est-fmllr:Update():fmllr-diag-gmm.cc:162) Not updating fMLLR since below min-count: count is 222
LOG (gmm-est-fmllr:main():gmm-est-fmllr.cc:143) For speaker train_S16_9_2_14, auxf-impr from fMLLR is 0, over 222 frames.
WARNING (gmm-est-fmllr:Update():fmllr-diag-gmm.cc:162) Not updating fMLLR since below min-count: count is 227
LOG (gmm-est-fmllr:main():gmm-est-fmllr.cc:143) For speaker train_S16_9_2_16, auxf-impr from fMLLR is 0, over 227 frames.
WARNING (gmm-est-fmllr:Update():fmllr-diag-gmm.cc:162) Not updating fMLLR since below min-count: count is 201
LOG (gmm-est-fmllr:main():gmm-est-fmllr.cc:143) For speaker train_S16_9_2_18, auxf-impr from fMLLR is 0, over 201 frames.
WARNING (gmm-est-fmllr:Update():fmllr-diag-gmm.cc:162) Not updating fMLLR since below min-count: count is 217
LOG (gmm-est-fmllr:main():gmm-est-fmllr.cc:143) For speaker train_S16_9_2_20, auxf-impr from fMLLR is 0, over 217 frames.
WARNING (gmm-est-fmllr:Update():fmllr-diag-gmm.cc:162) Not updating fMLLR since below min-count: count is 226
LOG (gmm-est-fmllr:main():gmm-est-fmllr.cc:143) For speaker train_S16_9_3_12, auxf-impr from fMLLR is 0, over 226 frames.
WARNING (gmm-est-fmllr:Update():fmllr-diag-gmm.cc:162) Not updating fMLLR since below min-count: count is 222
LOG (gmm-est-fmllr:main():gmm-est-fmllr.cc:143) For speaker train_S16_9_3_14, auxf-impr from fMLLR is 0, over 222 frames.
WARNING (gmm-est-fmllr:Update():fmllr-diag-gmm.cc:162) Not updating fMLLR since below min-count: count is 227
LOG (gmm-est-fmllr:main():gmm-est-fmllr.cc:143) For speaker train_S16_9_3_16, auxf-impr from fMLLR is 0, over 227 frames.
WARNING (gmm-est-fmllr:Update():fmllr-diag-gmm.cc:162) Not updating fMLLR since below min-count: count is 201
LOG (gmm-est-fmllr:main():gmm-est-fmllr.cc:143) For speaker train_S16_9_3_18, auxf-impr from fMLLR is 0, over 201 frames.
WARNING (gmm-est-fmllr:Update():fmllr-diag-gmm.cc:162) Not updating fMLLR since below min-count: count is 216
LOG (gmm-est-fmllr:main():gmm-est-fmllr.cc:143) For speaker train_S16_9_3_20, auxf-impr from fMLLR is 0, over 216 frames.
WARNING (gmm-est-fmllr:Update():fmllr-diag-gmm.cc:162) Not updating fMLLR since below min-count: count is 226
LOG (gmm-est-fmllr:main():gmm-est-fmllr.cc:143) For speaker train_S16_9_4_12, auxf-impr from fMLLR is 0, over 226 frames.
WARNING (gmm-est-fmllr:Update():fmllr-diag-gmm.cc:162) Not updating fMLLR since below min-count: count is 222
LOG (gmm-est-fmllr:main():gmm-est-fmllr.cc:143) For speaker train_S16_9_4_14, auxf-impr from fMLLR is 0, over 222 frames.
WARNING (gmm-est-fmllr:Update():fmllr-diag-gmm.cc:162) Not updating fMLLR since below min-count: count is 227
LOG (gmm-est-fmllr:main():gmm-est-fmllr.cc:143) For speaker train_S16_9_4_16, auxf-impr from fMLLR is 0, over 227 frames.
WARNING (gmm-est-fmllr:Update():fmllr-diag-gmm.cc:162) Not updating fMLLR since below min-count: count is 201
LOG (gmm-est-fmllr:main():gmm-est-fmllr.cc:143) For speaker train_S16_9_4_18, auxf-impr from fMLLR is 0, over 201 frames.
WARNING (gmm-est-fmllr:Update():fmllr-diag-gmm.cc:162) Not updating fMLLR since below min-count: count is 217
LOG (gmm-est-fmllr:main():gmm-est-fmllr.cc:143) For speaker train_S16_9_4_20, auxf-impr from fMLLR is 0, over 217 frames.
WARNING (gmm-est-fmllr:Update():fmllr-diag-gmm.cc:162) Not updating fMLLR since below min-count: count is 226
LOG (gmm-est-fmllr:main():gmm-est-fmllr.cc:143) For speaker train_S16_9_5_12, auxf-impr from fMLLR is 0, over 226 frames.
WARNING (gmm-est-fmllr:Update():fmllr-diag-gmm.cc:162) Not updating fMLLR since below min-count: count is 222
LOG (gmm-est-fmllr:main():gmm-est-fmllr.cc:143) For speaker train_S16_9_5_14, auxf-impr from fMLLR is 0, over 222 frames.
WARNING (gmm-est-fmllr:Update():fmllr-diag-gmm.cc:162) Not updating fMLLR since below min-count: count is 227
LOG (gmm-est-fmllr:main():gmm-est-fmllr.cc:143) For speaker train_S16_9_5_16, auxf-impr from fMLLR is 0, over 227 frames.
WARNING (gmm-est-fmllr:Update():fmllr-diag-gmm.cc:162) Not updating fMLLR since below min-count: count is 201
LOG (gmm-est-fmllr:main():gmm-est-fmllr.cc:143) For speaker train_S16_9_5_18, auxf-impr from fMLLR is 0, over 201 frames.
WARNING (gmm-est-fmllr:Update():fmllr-diag-gmm.cc:162) Not updating fMLLR since below min-count: count is 217
LOG (gmm-est-fmllr:main():gmm-est-fmllr.cc:143) For speaker train_S16_9_5_20, auxf-impr from fMLLR is 0, over 217 frames.
WARNING (gmm-est-fmllr:Update():fmllr-diag-gmm.cc:162) Not updating fMLLR since below min-count: count is 226
LOG (gmm-est-fmllr:main():gmm-est-fmllr.cc:143) For speaker train_S16_9_6_12, auxf-impr from fMLLR is 0, over 226 frames.
WARNING (gmm-est-fmllr:Update():fmllr-diag-gmm.cc:162) Not updating fMLLR since below min-count: count is 222
LOG (gmm-est-fmllr:main():gmm-est-fmllr.cc:143) For speaker train_S16_9_6_14, auxf-impr from fMLLR is 0, over 222 frames.
WARNING (gmm-est-fmllr:Update():fmllr-diag-gmm.cc:162) Not updating fMLLR since below min-count: count is 227
LOG (gmm-est-fmllr:main():gmm-est-fmllr.cc:143) For speaker train_S16_9_6_16, auxf-impr from fMLLR is 0, over 227 frames.
WARNING (gmm-est-fmllr:Update():fmllr-diag-gmm.cc:162) Not updating fMLLR since below min-count: count is 201
LOG (gmm-est-fmllr:main():gmm-est-fmllr.cc:143) For speaker train_S16_9_6_18, auxf-impr from fMLLR is 0, over 201 frames.
WARNING (gmm-est-fmllr:Update():fmllr-diag-gmm.cc:162) Not updating fMLLR since below min-count: count is 217
LOG (gmm-est-fmllr:main():gmm-est-fmllr.cc:143) For speaker train_S16_9_6_20, auxf-impr from fMLLR is 0, over 217 frames.
WARNING (gmm-est-fmllr:Update():fmllr-diag-gmm.cc:162) Not updating fMLLR since below min-count: count is 226
LOG (gmm-est-fmllr:main():gmm-est-fmllr.cc:143) For speaker train_S16_9_7_12, auxf-impr from fMLLR is 0, over 226 frames.
WARNING (gmm-est-fmllr:Update():fmllr-diag-gmm.cc:162) Not updating fMLLR since below min-count: count is 222
LOG (gmm-est-fmllr:main():gmm-est-fmllr.cc:143) For speaker train_S16_9_7_14, auxf-impr from fMLLR is 0, over 222 frames.
WARNING (gmm-est-fmllr:Update():fmllr-diag-gmm.cc:162) Not updating fMLLR since below min-count: count is 227
LOG (gmm-est-fmllr:main():gmm-est-fmllr.cc:143) For speaker train_S16_9_7_16, auxf-impr from fMLLR is 0, over 227 frames.
WARNING (gmm-est-fmllr:Update():fmllr-diag-gmm.cc:162) Not updating fMLLR since below min-count: count is 201
LOG (gmm-est-fmllr:main():gmm-est-fmllr.cc:143) For speaker train_S16_9_7_18, auxf-impr from fMLLR is 0, over 201 frames.
WARNING (gmm-est-fmllr:Update():fmllr-diag-gmm.cc:162) Not updating fMLLR since below min-count: count is 217
LOG (gmm-est-fmllr:main():gmm-est-fmllr.cc:143) For speaker train_S16_9_7_20, auxf-impr from fMLLR is 0, over 217 frames.
WARNING (gmm-est-fmllr:Update():fmllr-diag-gmm.cc:162) Not updating fMLLR since below min-count: count is 219
LOG (gmm-est-fmllr:main():gmm-est-fmllr.cc:143) For speaker train_S17_10_1_12, auxf-impr from fMLLR is 0, over 219 frames.
WARNING (gmm-est-fmllr:Update():fmllr-diag-gmm.cc:162) Not updating fMLLR since below min-count: count is 217
LOG (gmm-est-fmllr:main():gmm-est-fmllr.cc:143) For speaker train_S17_10_1_14, auxf-impr from fMLLR is 0, over 217 frames.
WARNING (gmm-est-fmllr:Update():fmllr-diag-gmm.cc:162) Not updating fMLLR since below min-count: count is 220
LOG (gmm-est-fmllr:main():gmm-est-fmllr.cc:143) For speaker train_S17_10_1_16, auxf-impr from fMLLR is 0, over 220 frames.
WARNING (gmm-est-fmllr:Update():fmllr-diag-gmm.cc:162) Not updating fMLLR since below min-count: count is 195
LOG (gmm-est-fmllr:main():gmm-est-fmllr.cc:143) For speaker train_S17_10_1_18, auxf-impr from fMLLR is 0, over 195 frames.
WARNING (gmm-est-fmllr:Update():fmllr-diag-gmm.cc:162) Not updating fMLLR since below min-count: count is 210
LOG (gmm-est-fmllr:main():gmm-est-fmllr.cc:143) For speaker train_S17_10_1_20, auxf-impr from fMLLR is 0, over 210 frames.
WARNING (gmm-est-fmllr:Update():fmllr-diag-gmm.cc:162) Not updating fMLLR since below min-count: count is 219
LOG (gmm-est-fmllr:main():gmm-est-fmllr.cc:143) For speaker train_S17_10_2_12, auxf-impr from fMLLR is 0, over 219 frames.
WARNING (gmm-est-fmllr:Update():fmllr-diag-gmm.cc:162) Not updating fMLLR since below min-count: count is 217
LOG (gmm-est-fmllr:main():gmm-est-fmllr.cc:143) For speaker train_S17_10_2_14, auxf-impr from fMLLR is 0, over 217 frames.
WARNING (gmm-est-fmllr:Update():fmllr-diag-gmm.cc:162) Not updating fMLLR since below min-count: count is 220
LOG (gmm-est-fmllr:main():gmm-est-fmllr.cc:143) For speaker train_S17_10_2_16, auxf-impr from fMLLR is 0, over 220 frames.
WARNING (gmm-est-fmllr:Update():fmllr-diag-gmm.cc:162) Not updating fMLLR since below min-count: count is 195
LOG (gmm-est-fmllr:main():gmm-est-fmllr.cc:143) For speaker train_S17_10_2_18, auxf-impr from fMLLR is 0, over 195 frames.
WARNING (gmm-est-fmllr:Update():fmllr-diag-gmm.cc:162) Not updating fMLLR since below min-count: count is 210
LOG (gmm-est-fmllr:main():gmm-est-fmllr.cc:143) For speaker train_S17_10_2_20, auxf-impr from fMLLR is 0, over 210 frames.
WARNING (gmm-est-fmllr:Update():fmllr-diag-gmm.cc:162) Not updating fMLLR since below min-count: count is 219
LOG (gmm-est-fmllr:main():gmm-est-fmllr.cc:143) For speaker train_S17_10_3_12, auxf-impr from fMLLR is 0, over 219 frames.
WARNING (gmm-est-fmllr:Update():fmllr-diag-gmm.cc:162) Not updating fMLLR since below min-count: count is 217
LOG (gmm-est-fmllr:main():gmm-est-fmllr.cc:143) For speaker train_S17_10_3_14, auxf-impr from fMLLR is 0, over 217 frames.
WARNING (gmm-est-fmllr:Update():fmllr-diag-gmm.cc:162) Not updating fMLLR since below min-count: count is 220
LOG (gmm-est-fmllr:main():gmm-est-fmllr.cc:143) For speaker train_S17_10_3_16, auxf-impr from fMLLR is 0, over 220 frames.
WARNING (gmm-est-fmllr:Update():fmllr-diag-gmm.cc:162) Not updating fMLLR since below min-count: count is 195
LOG (gmm-est-fmllr:main():gmm-est-fmllr.cc:143) For speaker train_S17_10_3_18, auxf-impr from fMLLR is 0, over 195 frames.
WARNING (gmm-est-fmllr:Update():fmllr-diag-gmm.cc:162) Not updating fMLLR since below min-count: count is 210
LOG (gmm-est-fmllr:main():gmm-est-fmllr.cc:143) For speaker train_S17_10_3_20, auxf-impr from fMLLR is 0, over 210 frames.
WARNING (gmm-est-fmllr:Update():fmllr-diag-gmm.cc:162) Not updating fMLLR since below min-count: count is 219
LOG (gmm-est-fmllr:main():gmm-est-fmllr.cc:143) For speaker train_S17_10_4_12, auxf-impr from fMLLR is 0, over 219 frames.
WARNING (gmm-est-fmllr:Update():fmllr-diag-gmm.cc:162) Not updating fMLLR since below min-count: count is 216
LOG (gmm-est-fmllr:main():gmm-est-fmllr.cc:143) For speaker train_S17_10_4_14, auxf-impr from fMLLR is 0, over 216 frames.
WARNING (gmm-est-fmllr:Update():fmllr-diag-gmm.cc:162) Not updating fMLLR since below min-count: count is 219
LOG (gmm-est-fmllr:main():gmm-est-fmllr.cc:143) For speaker train_S17_10_4_16, auxf-impr from fMLLR is 0, over 219 frames.
WARNING (gmm-est-fmllr:Update():fmllr-diag-gmm.cc:162) Not updating fMLLR since below min-count: count is 195
LOG (gmm-est-fmllr:main():gmm-est-fmllr.cc:143) For speaker train_S17_10_4_18, auxf-impr from fMLLR is 0, over 195 frames.
WARNING (gmm-est-fmllr:Update():fmllr-diag-gmm.cc:162) Not updating fMLLR since below min-count: count is 210
LOG (gmm-est-fmllr:main():gmm-est-fmllr.cc:143) For speaker train_S17_10_4_20, auxf-impr from fMLLR is 0, over 210 frames.
WARNING (gmm-est-fmllr:Update():fmllr-diag-gmm.cc:162) Not updating fMLLR since below min-count: count is 219
LOG (gmm-est-fmllr:main():gmm-est-fmllr.cc:143) For speaker train_S17_10_5_12, auxf-impr from fMLLR is 0, over 219 frames.
WARNING (gmm-est-fmllr:Update():fmllr-diag-gmm.cc:162) Not updating fMLLR since below min-count: count is 217
LOG (gmm-est-fmllr:main():gmm-est-fmllr.cc:143) For speaker train_S17_10_5_14, auxf-impr from fMLLR is 0, over 217 frames.
WARNING (gmm-est-fmllr:Update():fmllr-diag-gmm.cc:162) Not updating fMLLR since below min-count: count is 220
LOG (gmm-est-fmllr:main():gmm-est-fmllr.cc:143) For speaker train_S17_10_5_16, auxf-impr from fMLLR is 0, over 220 frames.
WARNING (gmm-est-fmllr:Update():fmllr-diag-gmm.cc:162) Not updating fMLLR since below min-count: count is 195
LOG (gmm-est-fmllr:main():gmm-est-fmllr.cc:143) For speaker train_S17_10_5_18, auxf-impr from fMLLR is 0, over 195 frames.
WARNING (gmm-est-fmllr:Update():fmllr-diag-gmm.cc:162) Not updating fMLLR since below min-count: count is 210
LOG (gmm-est-fmllr:main():gmm-est-fmllr.cc:143) For speaker train_S17_10_5_20, auxf-impr from fMLLR is 0, over 210 frames.
WARNING (gmm-est-fmllr:Update():fmllr-diag-gmm.cc:162) Not updating fMLLR since below min-count: count is 219
LOG (gmm-est-fmllr:main():gmm-est-fmllr.cc:143) For speaker train_S17_10_6_12, auxf-impr from fMLLR is 0, over 219 frames.
WARNING (gmm-est-fmllr:Update():fmllr-diag-gmm.cc:162) Not updating fMLLR since below min-count: count is 216
LOG (gmm-est-fmllr:main():gmm-est-fmllr.cc:143) For speaker train_S17_10_6_14, auxf-impr from fMLLR is 0, over 216 frames.
WARNING (gmm-est-fmllr:Update():fmllr-diag-gmm.cc:162) Not updating fMLLR since below min-count: count is 220
LOG (gmm-est-fmllr:main():gmm-est-fmllr.cc:143) For speaker train_S17_10_6_16, auxf-impr from fMLLR is 0, over 220 frames.
WARNING (gmm-est-fmllr:Update():fmllr-diag-gmm.cc:162) Not updating fMLLR since below min-count: count is 195
LOG (gmm-est-fmllr:main():gmm-est-fmllr.cc:143) For speaker train_S17_10_6_18, auxf-impr from fMLLR is 0, over 195 frames.
WARNING (gmm-est-fmllr:Update():fmllr-diag-gmm.cc:162) Not updating fMLLR since below min-count: count is 210
LOG (gmm-est-fmllr:main():gmm-est-fmllr.cc:143) For speaker train_S17_10_6_20, auxf-impr from fMLLR is 0, over 210 frames.
WARNING (gmm-est-fmllr:Update():fmllr-diag-gmm.cc:162) Not updating fMLLR since below min-count: count is 219
LOG (gmm-est-fmllr:main():gmm-est-fmllr.cc:143) For speaker train_S17_10_7_12, auxf-impr from fMLLR is 0, over 219 frames.
WARNING (gmm-est-fmllr:Update():fmllr-diag-gmm.cc:162) Not updating fMLLR since below min-count: count is 216
LOG (gmm-est-fmllr:main():gmm-est-fmllr.cc:143) For speaker train_S17_10_7_14, auxf-impr from fMLLR is 0, over 216 frames.
WARNING (gmm-est-fmllr:Update():fmllr-diag-gmm.cc:162) Not updating fMLLR since below min-count: count is 219
LOG (gmm-est-fmllr:main():gmm-est-fmllr.cc:143) For speaker train_S17_10_7_16, auxf-impr from fMLLR is 0, over 219 frames.
WARNING (gmm-est-fmllr:Update():fmllr-diag-gmm.cc:162) Not updating fMLLR since below min-count: count is 195
LOG (gmm-est-fmllr:main():gmm-est-fmllr.cc:143) For speaker train_S17_10_7_18, auxf-impr from fMLLR is 0, over 195 frames.
WARNING (gmm-est-fmllr:Update():fmllr-diag-gmm.cc:162) Not updating fMLLR since below min-count: count is 210
LOG (gmm-est-fmllr:main():gmm-est-fmllr.cc:143) For speaker train_S17_10_7_20, auxf-impr from fMLLR is 0, over 210 frames.
WARNING (gmm-est-fmllr:Update():fmllr-diag-gmm.cc:162) Not updating fMLLR since below min-count: count is 200
LOG (gmm-est-fmllr:main():gmm-est-fmllr.cc:143) For speaker train_S17_11_1_12, auxf-impr from fMLLR is 0, over 200 frames.
WARNING (gmm-est-fmllr:Update():fmllr-diag-gmm.cc:162) Not updating fMLLR since below min-count: count is 196
LOG (gmm-est-fmllr:main():gmm-est-fmllr.cc:143) For speaker train_S17_11_1_14, auxf-impr from fMLLR is 0, over 196 frames.
WARNING (gmm-est-fmllr:Update():fmllr-diag-gmm.cc:162) Not updating fMLLR since below min-count: count is 200
LOG (gmm-est-fmllr:main():gmm-est-fmllr.cc:143) For speaker train_S17_11_1_16, auxf-impr from fMLLR is 0, over 200 frames.
WARNING (gmm-est-fmllr:Update():fmllr-diag-gmm.cc:162) Not updating fMLLR since below min-count: count is 177
LOG (gmm-est-fmllr:main():gmm-est-fmllr.cc:143) For speaker train_S17_11_1_18, auxf-impr from fMLLR is 0, over 177 frames.
WARNING (gmm-est-fmllr:Update():fmllr-diag-gmm.cc:162) Not updating fMLLR since below min-count: count is 191
LOG (gmm-est-fmllr:main():gmm-est-fmllr.cc:143) For speaker train_S17_11_1_20, auxf-impr from fMLLR is 0, over 191 frames.
WARNING (gmm-est-fmllr:Update():fmllr-diag-gmm.cc:162) Not updating fMLLR since below min-count: count is 200
LOG (gmm-est-fmllr:main():gmm-est-fmllr.cc:143) For speaker train_S17_11_2_12, auxf-impr from fMLLR is 0, over 200 frames.
WARNING (gmm-est-fmllr:Update():fmllr-diag-gmm.cc:162) Not updating fMLLR since below min-count: count is 196
LOG (gmm-est-fmllr:main():gmm-est-fmllr.cc:143) For speaker train_S17_11_2_14, auxf-impr from fMLLR is 0, over 196 frames.
WARNING (gmm-est-fmllr:Update():fmllr-diag-gmm.cc:162) Not updating fMLLR since below min-count: count is 200
LOG (gmm-est-fmllr:main():gmm-est-fmllr.cc:143) For speaker train_S17_11_2_16, auxf-impr from fMLLR is 0, over 200 frames.
WARNING (gmm-est-fmllr:Update():fmllr-diag-gmm.cc:162) Not updating fMLLR since below min-count: count is 177
LOG (gmm-est-fmllr:main():gmm-est-fmllr.cc:143) For speaker train_S17_11_2_18, auxf-impr from fMLLR is 0, over 177 frames.
WARNING (gmm-est-fmllr:Update():fmllr-diag-gmm.cc:162) Not updating fMLLR since below min-count: count is 191
LOG (gmm-est-fmllr:main():gmm-est-fmllr.cc:143) For speaker train_S17_11_2_20, auxf-impr from fMLLR is 0, over 191 frames.
WARNING (gmm-est-fmllr:Update():fmllr-diag-gmm.cc:162) Not updating fMLLR since below min-count: count is 200
LOG (gmm-est-fmllr:main():gmm-est-fmllr.cc:143) For speaker train_S17_11_3_12, auxf-impr from fMLLR is 0, over 200 frames.
WARNING (gmm-est-fmllr:Update():fmllr-diag-gmm.cc:162) Not updating fMLLR since below min-count: count is 196
LOG (gmm-est-fmllr:main():gmm-est-fmllr.cc:143) For speaker train_S17_11_3_14, auxf-impr from fMLLR is 0, over 196 frames.
WARNING (gmm-est-fmllr:Update():fmllr-diag-gmm.cc:162) Not updating fMLLR since below min-count: count is 200
LOG (gmm-est-fmllr:main():gmm-est-fmllr.cc:143) For speaker train_S17_11_3_16, auxf-impr from fMLLR is 0, over 200 frames.
WARNING (gmm-est-fmllr:Update():fmllr-diag-gmm.cc:162) Not updating fMLLR since below min-count: count is 177
LOG (gmm-est-fmllr:main():gmm-est-fmllr.cc:143) For speaker train_S17_11_3_18, auxf-impr from fMLLR is 0, over 177 frames.
WARNING (gmm-est-fmllr:Update():fmllr-diag-gmm.cc:162) Not updating fMLLR since below min-count: count is 191
LOG (gmm-est-fmllr:main():gmm-est-fmllr.cc:143) For speaker train_S17_11_3_20, auxf-impr from fMLLR is 0, over 191 frames.
WARNING (gmm-est-fmllr:Update():fmllr-diag-gmm.cc:162) Not updating fMLLR since below min-count: count is 200
LOG (gmm-est-fmllr:main():gmm-est-fmllr.cc:143) For speaker train_S17_11_4_12, auxf-impr from fMLLR is 0, over 200 frames.
WARNING (gmm-est-fmllr:Update():fmllr-diag-gmm.cc:162) Not updating fMLLR since below min-count: count is 196
LOG (gmm-est-fmllr:main():gmm-est-fmllr.cc:143) For speaker train_S17_11_4_14, auxf-impr from fMLLR is 0, over 196 frames.
WARNING (gmm-est-fmllr:Update():fmllr-diag-gmm.cc:162) Not updating fMLLR since below min-count: count is 200
LOG (gmm-est-fmllr:main():gmm-est-fmllr.cc:143) For speaker train_S17_11_4_16, auxf-impr from fMLLR is 0, over 200 frames.
LOG (ali-to-post:main():ali-to-post.cc:65) Converted 275 alignments.
WARNING (gmm-est-fmllr:Update():fmllr-diag-gmm.cc:162) Not updating fMLLR since below min-count: count is 177
LOG (gmm-est-fmllr:main():gmm-est-fmllr.cc:143) For speaker train_S17_11_4_18, auxf-impr from fMLLR is 0, over 177 frames.
WARNING (gmm-est-fmllr:Update():fmllr-diag-gmm.cc:162) Not updating fMLLR since below min-count: count is 191
LOG (gmm-est-fmllr:main():gmm-est-fmllr.cc:143) For speaker train_S17_11_4_20, auxf-impr from fMLLR is 0, over 191 frames.
WARNING (gmm-est-fmllr:Update():fmllr-diag-gmm.cc:162) Not updating fMLLR since below min-count: count is 200
LOG (gmm-est-fmllr:main():gmm-est-fmllr.cc:143) For speaker train_S17_11_5_12, auxf-impr from fMLLR is 0, over 200 frames.
WARNING (gmm-est-fmllr:Update():fmllr-diag-gmm.cc:162) Not updating fMLLR since below min-count: count is 196
LOG (gmm-est-fmllr:main():gmm-est-fmllr.cc:143) For speaker train_S17_11_5_14, auxf-impr from fMLLR is 0, over 196 frames.
WARNING (gmm-est-fmllr:Update():fmllr-diag-gmm.cc:162) Not updating fMLLR since below min-count: count is 200
LOG (gmm-est-fmllr:main():gmm-est-fmllr.cc:143) For speaker train_S17_11_5_16, auxf-impr from fMLLR is 0, over 200 frames.
WARNING (gmm-est-fmllr:Update():fmllr-diag-gmm.cc:162) Not updating fMLLR since below min-count: count is 177
LOG (gmm-est-fmllr:main():gmm-est-fmllr.cc:143) For speaker train_S17_11_5_18, auxf-impr from fMLLR is 0, over 177 frames.
WARNING (gmm-est-fmllr:Update():fmllr-diag-gmm.cc:162) Not updating fMLLR since below min-count: count is 191
LOG (gmm-est-fmllr:main():gmm-est-fmllr.cc:143) For speaker train_S17_11_5_20, auxf-impr from fMLLR is 0, over 191 frames.
WARNING (gmm-est-fmllr:Update():fmllr-diag-gmm.cc:162) Not updating fMLLR since below min-count: count is 200
LOG (gmm-est-fmllr:main():gmm-est-fmllr.cc:143) For speaker train_S17_11_6_12, auxf-impr from fMLLR is 0, over 200 frames.
WARNING (gmm-est-fmllr:Update():fmllr-diag-gmm.cc:162) Not updating fMLLR since below min-count: count is 196
LOG (gmm-est-fmllr:main():gmm-est-fmllr.cc:143) For speaker train_S17_11_6_14, auxf-impr from fMLLR is 0, over 196 frames.
WARNING (gmm-est-fmllr:Update():fmllr-diag-gmm.cc:162) Not updating fMLLR since below min-count: count is 200
LOG (gmm-est-fmllr:main():gmm-est-fmllr.cc:143) For speaker train_S17_11_6_16, auxf-impr from fMLLR is 0, over 200 frames.
WARNING (gmm-est-fmllr:Update():fmllr-diag-gmm.cc:162) Not updating fMLLR since below min-count: count is 177
LOG (gmm-est-fmllr:main():gmm-est-fmllr.cc:143) For speaker train_S17_11_6_18, auxf-impr from fMLLR is 0, over 177 frames.
WARNING (gmm-est-fmllr:Update():fmllr-diag-gmm.cc:162) Not updating fMLLR since below min-count: count is 191
LOG (gmm-est-fmllr:main():gmm-est-fmllr.cc:143) For speaker train_S17_11_6_20, auxf-impr from fMLLR is 0, over 191 frames.
WARNING (gmm-est-fmllr:Update():fmllr-diag-gmm.cc:162) Not updating fMLLR since below min-count: count is 200
LOG (gmm-est-fmllr:main():gmm-est-fmllr.cc:143) For speaker train_S17_11_7_12, auxf-impr from fMLLR is 0, over 200 frames.
WARNING (gmm-est-fmllr:Update():fmllr-diag-gmm.cc:162) Not updating fMLLR since below min-count: count is 196
LOG (gmm-est-fmllr:main():gmm-est-fmllr.cc:143) For speaker train_S17_11_7_14, auxf-impr from fMLLR is 0, over 196 frames.
WARNING (gmm-est-fmllr:Update():fmllr-diag-gmm.cc:162) Not updating fMLLR since below min-count: count is 200
LOG (gmm-est-fmllr:main():gmm-est-fmllr.cc:143) For speaker train_S17_11_7_16, auxf-impr from fMLLR is 0, over 200 frames.
WARNING (gmm-est-fmllr:Update():fmllr-diag-gmm.cc:162) Not updating fMLLR since below min-count: count is 177
LOG (gmm-est-fmllr:main():gmm-est-fmllr.cc:143) For speaker train_S17_11_7_18, auxf-impr from fMLLR is 0, over 177 frames.
WARNING (gmm-est-fmllr:Update():fmllr-diag-gmm.cc:162) Not updating fMLLR since below min-count: count is 191
LOG (gmm-est-fmllr:main():gmm-est-fmllr.cc:143) For speaker train_S17_11_7_20, auxf-impr from fMLLR is 0, over 191 frames.
WARNING (gmm-est-fmllr:Update():fmllr-diag-gmm.cc:162) Not updating fMLLR since below min-count: count is 225
LOG (gmm-est-fmllr:main():gmm-est-fmllr.cc:143) For speaker train_S17_12_1_12, auxf-impr from fMLLR is 0, over 225 frames.
WARNING (gmm-est-fmllr:Update():fmllr-diag-gmm.cc:162) Not updating fMLLR since below min-count: count is 220
LOG (gmm-est-fmllr:main():gmm-est-fmllr.cc:143) For speaker train_S17_12_1_14, auxf-impr from fMLLR is 0, over 220 frames.
LOG (weight-silence-post:main():weight-silence-post.cc:95) Done 275 posteriors.
WARNING (gmm-est-fmllr:Update():fmllr-diag-gmm.cc:162) Not updating fMLLR since below min-count: count is 225
LOG (gmm-est-fmllr:main():gmm-est-fmllr.cc:143) For speaker train_S17_12_1_16, auxf-impr from fMLLR is 0, over 225 frames.
WARNING (gmm-est-fmllr:Update():fmllr-diag-gmm.cc:162) Not updating fMLLR since below min-count: count is 200
LOG (gmm-est-fmllr:main():gmm-est-fmllr.cc:143) For speaker train_S17_12_1_18, auxf-impr from fMLLR is 0, over 200 frames.
WARNING (gmm-est-fmllr:Update():fmllr-diag-gmm.cc:162) Not updating fMLLR since below min-count: count is 215
LOG (gmm-est-fmllr:main():gmm-est-fmllr.cc:143) For speaker train_S17_12_1_20, auxf-impr from fMLLR is 0, over 215 frames.
WARNING (gmm-est-fmllr:Update():fmllr-diag-gmm.cc:162) Not updating fMLLR since below min-count: count is 225
LOG (gmm-est-fmllr:main():gmm-est-fmllr.cc:143) For speaker train_S17_12_2_12, auxf-impr from fMLLR is 0, over 225 frames.
WARNING (gmm-est-fmllr:Update():fmllr-diag-gmm.cc:162) Not updating fMLLR since below min-count: count is 220
LOG (gmm-est-fmllr:main():gmm-est-fmllr.cc:143) For speaker train_S17_12_2_14, auxf-impr from fMLLR is 0, over 220 frames.
WARNING (gmm-est-fmllr:Update():fmllr-diag-gmm.cc:162) Not updating fMLLR since below min-count: count is 225
LOG (gmm-est-fmllr:main():gmm-est-fmllr.cc:143) For speaker train_S17_12_2_16, auxf-impr from fMLLR is 0, over 225 frames.
WARNING (gmm-est-fmllr:Update():fmllr-diag-gmm.cc:162) Not updating fMLLR since below min-count: count is 200
LOG (gmm-est-fmllr:main():gmm-est-fmllr.cc:143) For speaker train_S17_12_2_18, auxf-impr from fMLLR is 0, over 200 frames.
WARNING (gmm-est-fmllr:Update():fmllr-diag-gmm.cc:162) Not updating fMLLR since below min-count: count is 215
LOG (gmm-est-fmllr:main():gmm-est-fmllr.cc:143) For speaker train_S17_12_2_20, auxf-impr from fMLLR is 0, over 215 frames.
WARNING (gmm-est-fmllr:Update():fmllr-diag-gmm.cc:162) Not updating fMLLR since below min-count: count is 225
LOG (gmm-est-fmllr:main():gmm-est-fmllr.cc:143) For speaker train_S17_12_3_12, auxf-impr from fMLLR is 0, over 225 frames.
WARNING (gmm-est-fmllr:Update():fmllr-diag-gmm.cc:162) Not updating fMLLR since below min-count: count is 220
LOG (gmm-est-fmllr:main():gmm-est-fmllr.cc:143) For speaker train_S17_12_3_14, auxf-impr from fMLLR is 0, over 220 frames.
LOG (apply-cmvn:main():apply-cmvn.cc:146) Applied cepstral mean normalization to 275 utterances, errors on 0
WARNING (gmm-est-fmllr:Update():fmllr-diag-gmm.cc:162) Not updating fMLLR since below min-count: count is 225
LOG (gmm-est-fmllr:main():gmm-est-fmllr.cc:143) For speaker train_S17_12_3_16, auxf-impr from fMLLR is 0, over 225 frames.
WARNING (gmm-est-fmllr:Update():fmllr-diag-gmm.cc:162) Not updating fMLLR since below min-count: count is 200
LOG (gmm-est-fmllr:main():gmm-est-fmllr.cc:143) For speaker train_S17_12_3_18, auxf-impr from fMLLR is 0, over 200 frames.
WARNING (gmm-est-fmllr:Update():fmllr-diag-gmm.cc:162) Not updating fMLLR since below min-count: count is 215
LOG (gmm-est-fmllr:main():gmm-est-fmllr.cc:143) For speaker train_S17_12_3_20, auxf-impr from fMLLR is 0, over 215 frames.
WARNING (gmm-est-fmllr:Update():fmllr-diag-gmm.cc:162) Not updating fMLLR since below min-count: count is 225
LOG (gmm-est-fmllr:main():gmm-est-fmllr.cc:143) For speaker train_S17_12_4_12, auxf-impr from fMLLR is 0, over 225 frames.
WARNING (gmm-est-fmllr:Update():fmllr-diag-gmm.cc:162) Not updating fMLLR since below min-count: count is 220
LOG (gmm-est-fmllr:main():gmm-est-fmllr.cc:143) For speaker train_S17_12_4_14, auxf-impr from fMLLR is 0, over 220 frames.
WARNING (gmm-est-fmllr:Update():fmllr-diag-gmm.cc:162) Not updating fMLLR since below min-count: count is 225
LOG (gmm-est-fmllr:main():gmm-est-fmllr.cc:143) For speaker train_S17_12_4_16, auxf-impr from fMLLR is 0, over 225 frames.
WARNING (gmm-est-fmllr:Update():fmllr-diag-gmm.cc:162) Not updating fMLLR since below min-count: count is 200
LOG (gmm-est-fmllr:main():gmm-est-fmllr.cc:143) For speaker train_S17_12_4_18, auxf-impr from fMLLR is 0, over 200 frames.
LOG (gmm-est-fmllr:main():gmm-est-fmllr.cc:188) Done 275 files, 0 with no posts, 0 with other errors.
LOG (gmm-est-fmllr:main():gmm-est-fmllr.cc:190) Overall fMLLR auxf impr per frame is 0 over 58340 frames.
# Accounting: time=3 threads=1
# Ended (code 0) at Thu Feb 27 12:03:03 IST 2020, elapsed time 3 seconds
