# ali-to-post "ark:gunzip -c exp/mono_ali/ali.30.gz|" ark:- | weight-silence-post 0.0 1 exp/mono_ali/final.mdl ark:- ark:- | gmm-est-fmllr --fmllr-update-type=full --spk2utt=ark:data/train/split30/30/spk2utt exp/mono_ali/final.mdl "ark,s,cs:apply-cmvn  --utt2spk=ark:data/train/split30/30/utt2spk scp:data/train/split30/30/cmvn.scp scp:data/train/split30/30/feats.scp ark:- | add-deltas  ark:- ark:- |" ark:- ark:exp/mono2/trans.30 
# Started at Thu Feb 27 12:03:11 IST 2020
#
ali-to-post 'ark:gunzip -c exp/mono_ali/ali.30.gz|' ark:- 
weight-silence-post 0.0 1 exp/mono_ali/final.mdl ark:- ark:- 
gmm-est-fmllr --fmllr-update-type=full --spk2utt=ark:data/train/split30/30/spk2utt exp/mono_ali/final.mdl 'ark,s,cs:apply-cmvn  --utt2spk=ark:data/train/split30/30/utt2spk scp:data/train/split30/30/cmvn.scp scp:data/train/split30/30/feats.scp ark:- | add-deltas  ark:- ark:- |' ark:- ark:exp/mono2/trans.30 
apply-cmvn --utt2spk=ark:data/train/split30/30/utt2spk scp:data/train/split30/30/cmvn.scp scp:data/train/split30/30/feats.scp ark:- 
add-deltas ark:- ark:- 
WARNING (gmm-est-fmllr:Update():fmllr-diag-gmm.cc:162) Not updating fMLLR since below min-count: count is 285
LOG (gmm-est-fmllr:main():gmm-est-fmllr.cc:143) For speaker train_S9_14_2_12, auxf-impr from fMLLR is 0, over 285 frames.
WARNING (gmm-est-fmllr:Update():fmllr-diag-gmm.cc:162) Not updating fMLLR since below min-count: count is 279
LOG (gmm-est-fmllr:main():gmm-est-fmllr.cc:143) For speaker train_S9_14_2_14, auxf-impr from fMLLR is 0, over 279 frames.
WARNING (gmm-est-fmllr:Update():fmllr-diag-gmm.cc:162) Not updating fMLLR since below min-count: count is 285
LOG (gmm-est-fmllr:main():gmm-est-fmllr.cc:143) For speaker train_S9_14_2_16, auxf-impr from fMLLR is 0, over 285 frames.
WARNING (gmm-est-fmllr:Update():fmllr-diag-gmm.cc:162) Not updating fMLLR since below min-count: count is 253
LOG (gmm-est-fmllr:main():gmm-est-fmllr.cc:143) For speaker train_S9_14_2_18, auxf-impr from fMLLR is 0, over 253 frames.
WARNING (gmm-est-fmllr:Update():fmllr-diag-gmm.cc:162) Not updating fMLLR since below min-count: count is 272
LOG (gmm-est-fmllr:main():gmm-est-fmllr.cc:143) For speaker train_S9_14_2_20, auxf-impr from fMLLR is 0, over 272 frames.
WARNING (gmm-est-fmllr:Update():fmllr-diag-gmm.cc:162) Not updating fMLLR since below min-count: count is 285
LOG (gmm-est-fmllr:main():gmm-est-fmllr.cc:143) For speaker train_S9_14_3_12, auxf-impr from fMLLR is 0, over 285 frames.
WARNING (gmm-est-fmllr:Update():fmllr-diag-gmm.cc:162) Not updating fMLLR since below min-count: count is 279
LOG (gmm-est-fmllr:main():gmm-est-fmllr.cc:143) For speaker train_S9_14_3_14, auxf-impr from fMLLR is 0, over 279 frames.
WARNING (gmm-est-fmllr:Update():fmllr-diag-gmm.cc:162) Not updating fMLLR since below min-count: count is 284
LOG (gmm-est-fmllr:main():gmm-est-fmllr.cc:143) For speaker train_S9_14_3_16, auxf-impr from fMLLR is 0, over 284 frames.
WARNING (gmm-est-fmllr:Update():fmllr-diag-gmm.cc:162) Not updating fMLLR since below min-count: count is 253
LOG (gmm-est-fmllr:main():gmm-est-fmllr.cc:143) For speaker train_S9_14_3_18, auxf-impr from fMLLR is 0, over 253 frames.
WARNING (gmm-est-fmllr:Update():fmllr-diag-gmm.cc:162) Not updating fMLLR since below min-count: count is 272
LOG (gmm-est-fmllr:main():gmm-est-fmllr.cc:143) For speaker train_S9_14_3_20, auxf-impr from fMLLR is 0, over 272 frames.
WARNING (gmm-est-fmllr:Update():fmllr-diag-gmm.cc:162) Not updating fMLLR since below min-count: count is 285
LOG (gmm-est-fmllr:main():gmm-est-fmllr.cc:143) For speaker train_S9_14_4_12, auxf-impr from fMLLR is 0, over 285 frames.
WARNING (gmm-est-fmllr:Update():fmllr-diag-gmm.cc:162) Not updating fMLLR since below min-count: count is 279
LOG (gmm-est-fmllr:main():gmm-est-fmllr.cc:143) For speaker train_S9_14_4_14, auxf-impr from fMLLR is 0, over 279 frames.
WARNING (gmm-est-fmllr:Update():fmllr-diag-gmm.cc:162) Not updating fMLLR since below min-count: count is 285
LOG (gmm-est-fmllr:main():gmm-est-fmllr.cc:143) For speaker train_S9_14_4_16, auxf-impr from fMLLR is 0, over 285 frames.
WARNING (gmm-est-fmllr:Update():fmllr-diag-gmm.cc:162) Not updating fMLLR since below min-count: count is 253
LOG (gmm-est-fmllr:main():gmm-est-fmllr.cc:143) For speaker train_S9_14_4_18, auxf-impr from fMLLR is 0, over 253 frames.
WARNING (gmm-est-fmllr:Update():fmllr-diag-gmm.cc:162) Not updating fMLLR since below min-count: count is 272
LOG (gmm-est-fmllr:main():gmm-est-fmllr.cc:143) For speaker train_S9_14_4_20, auxf-impr from fMLLR is 0, over 272 frames.
WARNING (gmm-est-fmllr:Update():fmllr-diag-gmm.cc:162) Not updating fMLLR since below min-count: count is 285
LOG (gmm-est-fmllr:main():gmm-est-fmllr.cc:143) For speaker train_S9_14_5_12, auxf-impr from fMLLR is 0, over 285 frames.
WARNING (gmm-est-fmllr:Update():fmllr-diag-gmm.cc:162) Not updating fMLLR since below min-count: count is 279
LOG (gmm-est-fmllr:main():gmm-est-fmllr.cc:143) For speaker train_S9_14_5_14, auxf-impr from fMLLR is 0, over 279 frames.
WARNING (gmm-est-fmllr:Update():fmllr-diag-gmm.cc:162) Not updating fMLLR since below min-count: count is 285
LOG (gmm-est-fmllr:main():gmm-est-fmllr.cc:143) For speaker train_S9_14_5_16, auxf-impr from fMLLR is 0, over 285 frames.
WARNING (gmm-est-fmllr:Update():fmllr-diag-gmm.cc:162) Not updating fMLLR since below min-count: count is 253
LOG (gmm-est-fmllr:main():gmm-est-fmllr.cc:143) For speaker train_S9_14_5_18, auxf-impr from fMLLR is 0, over 253 frames.
WARNING (gmm-est-fmllr:Update():fmllr-diag-gmm.cc:162) Not updating fMLLR since below min-count: count is 272
LOG (gmm-est-fmllr:main():gmm-est-fmllr.cc:143) For speaker train_S9_14_5_20, auxf-impr from fMLLR is 0, over 272 frames.
WARNING (gmm-est-fmllr:Update():fmllr-diag-gmm.cc:162) Not updating fMLLR since below min-count: count is 285
LOG (gmm-est-fmllr:main():gmm-est-fmllr.cc:143) For speaker train_S9_14_6_12, auxf-impr from fMLLR is 0, over 285 frames.
WARNING (gmm-est-fmllr:Update():fmllr-diag-gmm.cc:162) Not updating fMLLR since below min-count: count is 279
LOG (gmm-est-fmllr:main():gmm-est-fmllr.cc:143) For speaker train_S9_14_6_14, auxf-impr from fMLLR is 0, over 279 frames.
WARNING (gmm-est-fmllr:Update():fmllr-diag-gmm.cc:162) Not updating fMLLR since below min-count: count is 285
LOG (gmm-est-fmllr:main():gmm-est-fmllr.cc:143) For speaker train_S9_14_6_16, auxf-impr from fMLLR is 0, over 285 frames.
WARNING (gmm-est-fmllr:Update():fmllr-diag-gmm.cc:162) Not updating fMLLR since below min-count: count is 253
LOG (gmm-est-fmllr:main():gmm-est-fmllr.cc:143) For speaker train_S9_14_6_18, auxf-impr from fMLLR is 0, over 253 frames.
WARNING (gmm-est-fmllr:Update():fmllr-diag-gmm.cc:162) Not updating fMLLR since below min-count: count is 272
LOG (gmm-est-fmllr:main():gmm-est-fmllr.cc:143) For speaker train_S9_14_6_20, auxf-impr from fMLLR is 0, over 272 frames.
WARNING (gmm-est-fmllr:Update():fmllr-diag-gmm.cc:162) Not updating fMLLR since below min-count: count is 285
LOG (gmm-est-fmllr:main():gmm-est-fmllr.cc:143) For speaker train_S9_14_7_12, auxf-impr from fMLLR is 0, over 285 frames.
WARNING (gmm-est-fmllr:Update():fmllr-diag-gmm.cc:162) Not updating fMLLR since below min-count: count is 279
LOG (gmm-est-fmllr:main():gmm-est-fmllr.cc:143) For speaker train_S9_14_7_14, auxf-impr from fMLLR is 0, over 279 frames.
WARNING (gmm-est-fmllr:Update():fmllr-diag-gmm.cc:162) Not updating fMLLR since below min-count: count is 285
LOG (gmm-est-fmllr:main():gmm-est-fmllr.cc:143) For speaker train_S9_14_7_16, auxf-impr from fMLLR is 0, over 285 frames.
WARNING (gmm-est-fmllr:Update():fmllr-diag-gmm.cc:162) Not updating fMLLR since below min-count: count is 253
LOG (gmm-est-fmllr:main():gmm-est-fmllr.cc:143) For speaker train_S9_14_7_18, auxf-impr from fMLLR is 0, over 253 frames.
WARNING (gmm-est-fmllr:Update():fmllr-diag-gmm.cc:162) Not updating fMLLR since below min-count: count is 272
LOG (gmm-est-fmllr:main():gmm-est-fmllr.cc:143) For speaker train_S9_14_7_20, auxf-impr from fMLLR is 0, over 272 frames.
WARNING (gmm-est-fmllr:Update():fmllr-diag-gmm.cc:162) Not updating fMLLR since below min-count: count is 324
LOG (gmm-est-fmllr:main():gmm-est-fmllr.cc:143) For speaker train_S9_3_1_12, auxf-impr from fMLLR is 0, over 324 frames.
WARNING (gmm-est-fmllr:Update():fmllr-diag-gmm.cc:162) Not updating fMLLR since below min-count: count is 318
LOG (gmm-est-fmllr:main():gmm-est-fmllr.cc:143) For speaker train_S9_3_1_14, auxf-impr from fMLLR is 0, over 318 frames.
WARNING (gmm-est-fmllr:Update():fmllr-diag-gmm.cc:162) Not updating fMLLR since below min-count: count is 324
LOG (gmm-est-fmllr:main():gmm-est-fmllr.cc:143) For speaker train_S9_3_1_16, auxf-impr from fMLLR is 0, over 324 frames.
WARNING (gmm-est-fmllr:Update():fmllr-diag-gmm.cc:162) Not updating fMLLR since below min-count: count is 289
LOG (gmm-est-fmllr:main():gmm-est-fmllr.cc:143) For speaker train_S9_3_1_18, auxf-impr from fMLLR is 0, over 289 frames.
WARNING (gmm-est-fmllr:Update():fmllr-diag-gmm.cc:162) Not updating fMLLR since below min-count: count is 311
LOG (gmm-est-fmllr:main():gmm-est-fmllr.cc:143) For speaker train_S9_3_1_20, auxf-impr from fMLLR is 0, over 311 frames.
WARNING (gmm-est-fmllr:Update():fmllr-diag-gmm.cc:162) Not updating fMLLR since below min-count: count is 324
LOG (gmm-est-fmllr:main():gmm-est-fmllr.cc:143) For speaker train_S9_3_2_12, auxf-impr from fMLLR is 0, over 324 frames.
WARNING (gmm-est-fmllr:Update():fmllr-diag-gmm.cc:162) Not updating fMLLR since below min-count: count is 318
LOG (gmm-est-fmllr:main():gmm-est-fmllr.cc:143) For speaker train_S9_3_2_14, auxf-impr from fMLLR is 0, over 318 frames.
WARNING (gmm-est-fmllr:Update():fmllr-diag-gmm.cc:162) Not updating fMLLR since below min-count: count is 324
LOG (gmm-est-fmllr:main():gmm-est-fmllr.cc:143) For speaker train_S9_3_2_16, auxf-impr from fMLLR is 0, over 324 frames.
WARNING (gmm-est-fmllr:Update():fmllr-diag-gmm.cc:162) Not updating fMLLR since below min-count: count is 289
LOG (gmm-est-fmllr:main():gmm-est-fmllr.cc:143) For speaker train_S9_3_2_18, auxf-impr from fMLLR is 0, over 289 frames.
WARNING (gmm-est-fmllr:Update():fmllr-diag-gmm.cc:162) Not updating fMLLR since below min-count: count is 311
LOG (gmm-est-fmllr:main():gmm-est-fmllr.cc:143) For speaker train_S9_3_2_20, auxf-impr from fMLLR is 0, over 311 frames.
WARNING (gmm-est-fmllr:Update():fmllr-diag-gmm.cc:162) Not updating fMLLR since below min-count: count is 324
LOG (gmm-est-fmllr:main():gmm-est-fmllr.cc:143) For speaker train_S9_3_3_12, auxf-impr from fMLLR is 0, over 324 frames.
WARNING (gmm-est-fmllr:Update():fmllr-diag-gmm.cc:162) Not updating fMLLR since below min-count: count is 318
LOG (gmm-est-fmllr:main():gmm-est-fmllr.cc:143) For speaker train_S9_3_3_14, auxf-impr from fMLLR is 0, over 318 frames.
WARNING (gmm-est-fmllr:Update():fmllr-diag-gmm.cc:162) Not updating fMLLR since below min-count: count is 324
LOG (gmm-est-fmllr:main():gmm-est-fmllr.cc:143) For speaker train_S9_3_3_16, auxf-impr from fMLLR is 0, over 324 frames.
WARNING (gmm-est-fmllr:Update():fmllr-diag-gmm.cc:162) Not updating fMLLR since below min-count: count is 289
LOG (gmm-est-fmllr:main():gmm-est-fmllr.cc:143) For speaker train_S9_3_3_18, auxf-impr from fMLLR is 0, over 289 frames.
WARNING (gmm-est-fmllr:Update():fmllr-diag-gmm.cc:162) Not updating fMLLR since below min-count: count is 311
LOG (gmm-est-fmllr:main():gmm-est-fmllr.cc:143) For speaker train_S9_3_3_20, auxf-impr from fMLLR is 0, over 311 frames.
WARNING (gmm-est-fmllr:Update():fmllr-diag-gmm.cc:162) Not updating fMLLR since below min-count: count is 324
LOG (gmm-est-fmllr:main():gmm-est-fmllr.cc:143) For speaker train_S9_3_4_12, auxf-impr from fMLLR is 0, over 324 frames.
WARNING (gmm-est-fmllr:Update():fmllr-diag-gmm.cc:162) Not updating fMLLR since below min-count: count is 318
LOG (gmm-est-fmllr:main():gmm-est-fmllr.cc:143) For speaker train_S9_3_4_14, auxf-impr from fMLLR is 0, over 318 frames.
WARNING (gmm-est-fmllr:Update():fmllr-diag-gmm.cc:162) Not updating fMLLR since below min-count: count is 324
LOG (gmm-est-fmllr:main():gmm-est-fmllr.cc:143) For speaker train_S9_3_4_16, auxf-impr from fMLLR is 0, over 324 frames.
WARNING (gmm-est-fmllr:Update():fmllr-diag-gmm.cc:162) Not updating fMLLR since below min-count: count is 289
LOG (gmm-est-fmllr:main():gmm-est-fmllr.cc:143) For speaker train_S9_3_4_18, auxf-impr from fMLLR is 0, over 289 frames.
WARNING (gmm-est-fmllr:Update():fmllr-diag-gmm.cc:162) Not updating fMLLR since below min-count: count is 311
LOG (gmm-est-fmllr:main():gmm-est-fmllr.cc:143) For speaker train_S9_3_4_20, auxf-impr from fMLLR is 0, over 311 frames.
WARNING (gmm-est-fmllr:Update():fmllr-diag-gmm.cc:162) Not updating fMLLR since below min-count: count is 324
LOG (gmm-est-fmllr:main():gmm-est-fmllr.cc:143) For speaker train_S9_3_5_12, auxf-impr from fMLLR is 0, over 324 frames.
WARNING (gmm-est-fmllr:Update():fmllr-diag-gmm.cc:162) Not updating fMLLR since below min-count: count is 318
LOG (gmm-est-fmllr:main():gmm-est-fmllr.cc:143) For speaker train_S9_3_5_14, auxf-impr from fMLLR is 0, over 318 frames.
WARNING (gmm-est-fmllr:Update():fmllr-diag-gmm.cc:162) Not updating fMLLR since below min-count: count is 324
LOG (gmm-est-fmllr:main():gmm-est-fmllr.cc:143) For speaker train_S9_3_5_16, auxf-impr from fMLLR is 0, over 324 frames.
WARNING (gmm-est-fmllr:Update():fmllr-diag-gmm.cc:162) Not updating fMLLR since below min-count: count is 289
LOG (gmm-est-fmllr:main():gmm-est-fmllr.cc:143) For speaker train_S9_3_5_18, auxf-impr from fMLLR is 0, over 289 frames.
WARNING (gmm-est-fmllr:Update():fmllr-diag-gmm.cc:162) Not updating fMLLR since below min-count: count is 311
LOG (gmm-est-fmllr:main():gmm-est-fmllr.cc:143) For speaker train_S9_3_5_20, auxf-impr from fMLLR is 0, over 311 frames.
WARNING (gmm-est-fmllr:Update():fmllr-diag-gmm.cc:162) Not updating fMLLR since below min-count: count is 324
LOG (gmm-est-fmllr:main():gmm-est-fmllr.cc:143) For speaker train_S9_3_6_12, auxf-impr from fMLLR is 0, over 324 frames.
WARNING (gmm-est-fmllr:Update():fmllr-diag-gmm.cc:162) Not updating fMLLR since below min-count: count is 318
LOG (gmm-est-fmllr:main():gmm-est-fmllr.cc:143) For speaker train_S9_3_6_14, auxf-impr from fMLLR is 0, over 318 frames.
WARNING (gmm-est-fmllr:Update():fmllr-diag-gmm.cc:162) Not updating fMLLR since below min-count: count is 324
LOG (gmm-est-fmllr:main():gmm-est-fmllr.cc:143) For speaker train_S9_3_6_16, auxf-impr from fMLLR is 0, over 324 frames.
WARNING (gmm-est-fmllr:Update():fmllr-diag-gmm.cc:162) Not updating fMLLR since below min-count: count is 289
LOG (gmm-est-fmllr:main():gmm-est-fmllr.cc:143) For speaker train_S9_3_6_18, auxf-impr from fMLLR is 0, over 289 frames.
WARNING (gmm-est-fmllr:Update():fmllr-diag-gmm.cc:162) Not updating fMLLR since below min-count: count is 310
LOG (gmm-est-fmllr:main():gmm-est-fmllr.cc:143) For speaker train_S9_3_6_20, auxf-impr from fMLLR is 0, over 310 frames.
WARNING (gmm-est-fmllr:Update():fmllr-diag-gmm.cc:162) Not updating fMLLR since below min-count: count is 324
LOG (gmm-est-fmllr:main():gmm-est-fmllr.cc:143) For speaker train_S9_3_7_12, auxf-impr from fMLLR is 0, over 324 frames.
WARNING (gmm-est-fmllr:Update():fmllr-diag-gmm.cc:162) Not updating fMLLR since below min-count: count is 317
LOG (gmm-est-fmllr:main():gmm-est-fmllr.cc:143) For speaker train_S9_3_7_14, auxf-impr from fMLLR is 0, over 317 frames.
WARNING (gmm-est-fmllr:Update():fmllr-diag-gmm.cc:162) Not updating fMLLR since below min-count: count is 324
LOG (gmm-est-fmllr:main():gmm-est-fmllr.cc:143) For speaker train_S9_3_7_16, auxf-impr from fMLLR is 0, over 324 frames.
WARNING (gmm-est-fmllr:Update():fmllr-diag-gmm.cc:162) Not updating fMLLR since below min-count: count is 289
LOG (gmm-est-fmllr:main():gmm-est-fmllr.cc:143) For speaker train_S9_3_7_18, auxf-impr from fMLLR is 0, over 289 frames.
WARNING (gmm-est-fmllr:Update():fmllr-diag-gmm.cc:162) Not updating fMLLR since below min-count: count is 310
LOG (gmm-est-fmllr:main():gmm-est-fmllr.cc:143) For speaker train_S9_3_7_20, auxf-impr from fMLLR is 0, over 310 frames.
WARNING (gmm-est-fmllr:Update():fmllr-diag-gmm.cc:162) Not updating fMLLR since below min-count: count is 335
LOG (gmm-est-fmllr:main():gmm-est-fmllr.cc:143) For speaker train_S9_4_1_12, auxf-impr from fMLLR is 0, over 335 frames.
WARNING (gmm-est-fmllr:Update():fmllr-diag-gmm.cc:162) Not updating fMLLR since below min-count: count is 329
LOG (gmm-est-fmllr:main():gmm-est-fmllr.cc:143) For speaker train_S9_4_1_14, auxf-impr from fMLLR is 0, over 329 frames.
WARNING (gmm-est-fmllr:Update():fmllr-diag-gmm.cc:162) Not updating fMLLR since below min-count: count is 336
LOG (gmm-est-fmllr:main():gmm-est-fmllr.cc:143) For speaker train_S9_4_1_16, auxf-impr from fMLLR is 0, over 336 frames.
WARNING (gmm-est-fmllr:Update():fmllr-diag-gmm.cc:162) Not updating fMLLR since below min-count: count is 298
LOG (gmm-est-fmllr:main():gmm-est-fmllr.cc:143) For speaker train_S9_4_1_18, auxf-impr from fMLLR is 0, over 298 frames.
WARNING (gmm-est-fmllr:Update():fmllr-diag-gmm.cc:162) Not updating fMLLR since below min-count: count is 321
LOG (gmm-est-fmllr:main():gmm-est-fmllr.cc:143) For speaker train_S9_4_1_20, auxf-impr from fMLLR is 0, over 321 frames.
WARNING (gmm-est-fmllr:Update():fmllr-diag-gmm.cc:162) Not updating fMLLR since below min-count: count is 335
LOG (gmm-est-fmllr:main():gmm-est-fmllr.cc:143) For speaker train_S9_4_2_12, auxf-impr from fMLLR is 0, over 335 frames.
WARNING (gmm-est-fmllr:Update():fmllr-diag-gmm.cc:162) Not updating fMLLR since below min-count: count is 329
LOG (gmm-est-fmllr:main():gmm-est-fmllr.cc:143) For speaker train_S9_4_2_14, auxf-impr from fMLLR is 0, over 329 frames.
WARNING (gmm-est-fmllr:Update():fmllr-diag-gmm.cc:162) Not updating fMLLR since below min-count: count is 336
LOG (gmm-est-fmllr:main():gmm-est-fmllr.cc:143) For speaker train_S9_4_2_16, auxf-impr from fMLLR is 0, over 336 frames.
WARNING (gmm-est-fmllr:Update():fmllr-diag-gmm.cc:162) Not updating fMLLR since below min-count: count is 298
LOG (gmm-est-fmllr:main():gmm-est-fmllr.cc:143) For speaker train_S9_4_2_18, auxf-impr from fMLLR is 0, over 298 frames.
WARNING (gmm-est-fmllr:Update():fmllr-diag-gmm.cc:162) Not updating fMLLR since below min-count: count is 321
LOG (gmm-est-fmllr:main():gmm-est-fmllr.cc:143) For speaker train_S9_4_2_20, auxf-impr from fMLLR is 0, over 321 frames.
WARNING (gmm-est-fmllr:Update():fmllr-diag-gmm.cc:162) Not updating fMLLR since below min-count: count is 335
LOG (gmm-est-fmllr:main():gmm-est-fmllr.cc:143) For speaker train_S9_4_3_12, auxf-impr from fMLLR is 0, over 335 frames.
WARNING (gmm-est-fmllr:Update():fmllr-diag-gmm.cc:162) Not updating fMLLR since below min-count: count is 329
LOG (gmm-est-fmllr:main():gmm-est-fmllr.cc:143) For speaker train_S9_4_3_14, auxf-impr from fMLLR is 0, over 329 frames.
WARNING (gmm-est-fmllr:Update():fmllr-diag-gmm.cc:162) Not updating fMLLR since below min-count: count is 336
LOG (gmm-est-fmllr:main():gmm-est-fmllr.cc:143) For speaker train_S9_4_3_16, auxf-impr from fMLLR is 0, over 336 frames.
WARNING (gmm-est-fmllr:Update():fmllr-diag-gmm.cc:162) Not updating fMLLR since below min-count: count is 298
LOG (gmm-est-fmllr:main():gmm-est-fmllr.cc:143) For speaker train_S9_4_3_18, auxf-impr from fMLLR is 0, over 298 frames.
WARNING (gmm-est-fmllr:Update():fmllr-diag-gmm.cc:162) Not updating fMLLR since below min-count: count is 321
LOG (gmm-est-fmllr:main():gmm-est-fmllr.cc:143) For speaker train_S9_4_3_20, auxf-impr from fMLLR is 0, over 321 frames.
WARNING (gmm-est-fmllr:Update():fmllr-diag-gmm.cc:162) Not updating fMLLR since below min-count: count is 335
LOG (gmm-est-fmllr:main():gmm-est-fmllr.cc:143) For speaker train_S9_4_4_12, auxf-impr from fMLLR is 0, over 335 frames.
WARNING (gmm-est-fmllr:Update():fmllr-diag-gmm.cc:162) Not updating fMLLR since below min-count: count is 329
LOG (gmm-est-fmllr:main():gmm-est-fmllr.cc:143) For speaker train_S9_4_4_14, auxf-impr from fMLLR is 0, over 329 frames.
WARNING (gmm-est-fmllr:Update():fmllr-diag-gmm.cc:162) Not updating fMLLR since below min-count: count is 336
LOG (gmm-est-fmllr:main():gmm-est-fmllr.cc:143) For speaker train_S9_4_4_16, auxf-impr from fMLLR is 0, over 336 frames.
WARNING (gmm-est-fmllr:Update():fmllr-diag-gmm.cc:162) Not updating fMLLR since below min-count: count is 298
LOG (gmm-est-fmllr:main():gmm-est-fmllr.cc:143) For speaker train_S9_4_4_18, auxf-impr from fMLLR is 0, over 298 frames.
WARNING (gmm-est-fmllr:Update():fmllr-diag-gmm.cc:162) Not updating fMLLR since below min-count: count is 321
LOG (gmm-est-fmllr:main():gmm-est-fmllr.cc:143) For speaker train_S9_4_4_20, auxf-impr from fMLLR is 0, over 321 frames.
WARNING (gmm-est-fmllr:Update():fmllr-diag-gmm.cc:162) Not updating fMLLR since below min-count: count is 335
LOG (gmm-est-fmllr:main():gmm-est-fmllr.cc:143) For speaker train_S9_4_5_12, auxf-impr from fMLLR is 0, over 335 frames.
WARNING (gmm-est-fmllr:Update():fmllr-diag-gmm.cc:162) Not updating fMLLR since below min-count: count is 329
LOG (gmm-est-fmllr:main():gmm-est-fmllr.cc:143) For speaker train_S9_4_5_14, auxf-impr from fMLLR is 0, over 329 frames.
WARNING (gmm-est-fmllr:Update():fmllr-diag-gmm.cc:162) Not updating fMLLR since below min-count: count is 336
LOG (gmm-est-fmllr:main():gmm-est-fmllr.cc:143) For speaker train_S9_4_5_16, auxf-impr from fMLLR is 0, over 336 frames.
WARNING (gmm-est-fmllr:Update():fmllr-diag-gmm.cc:162) Not updating fMLLR since below min-count: count is 298
LOG (gmm-est-fmllr:main():gmm-est-fmllr.cc:143) For speaker train_S9_4_5_18, auxf-impr from fMLLR is 0, over 298 frames.
WARNING (gmm-est-fmllr:Update():fmllr-diag-gmm.cc:162) Not updating fMLLR since below min-count: count is 321
LOG (gmm-est-fmllr:main():gmm-est-fmllr.cc:143) For speaker train_S9_4_5_20, auxf-impr from fMLLR is 0, over 321 frames.
WARNING (gmm-est-fmllr:Update():fmllr-diag-gmm.cc:162) Not updating fMLLR since below min-count: count is 335
LOG (gmm-est-fmllr:main():gmm-est-fmllr.cc:143) For speaker train_S9_4_6_12, auxf-impr from fMLLR is 0, over 335 frames.
WARNING (gmm-est-fmllr:Update():fmllr-diag-gmm.cc:162) Not updating fMLLR since below min-count: count is 329
LOG (gmm-est-fmllr:main():gmm-est-fmllr.cc:143) For speaker train_S9_4_6_14, auxf-impr from fMLLR is 0, over 329 frames.
WARNING (gmm-est-fmllr:Update():fmllr-diag-gmm.cc:162) Not updating fMLLR since below min-count: count is 336
LOG (gmm-est-fmllr:main():gmm-est-fmllr.cc:143) For speaker train_S9_4_6_16, auxf-impr from fMLLR is 0, over 336 frames.
WARNING (gmm-est-fmllr:Update():fmllr-diag-gmm.cc:162) Not updating fMLLR since below min-count: count is 298
LOG (gmm-est-fmllr:main():gmm-est-fmllr.cc:143) For speaker train_S9_4_6_18, auxf-impr from fMLLR is 0, over 298 frames.
WARNING (gmm-est-fmllr:Update():fmllr-diag-gmm.cc:162) Not updating fMLLR since below min-count: count is 321
LOG (gmm-est-fmllr:main():gmm-est-fmllr.cc:143) For speaker train_S9_4_6_20, auxf-impr from fMLLR is 0, over 321 frames.
WARNING (gmm-est-fmllr:Update():fmllr-diag-gmm.cc:162) Not updating fMLLR since below min-count: count is 335
LOG (gmm-est-fmllr:main():gmm-est-fmllr.cc:143) For speaker train_S9_4_7_12, auxf-impr from fMLLR is 0, over 335 frames.
WARNING (gmm-est-fmllr:Update():fmllr-diag-gmm.cc:162) Not updating fMLLR since below min-count: count is 329
LOG (gmm-est-fmllr:main():gmm-est-fmllr.cc:143) For speaker train_S9_4_7_14, auxf-impr from fMLLR is 0, over 329 frames.
WARNING (gmm-est-fmllr:Update():fmllr-diag-gmm.cc:162) Not updating fMLLR since below min-count: count is 336
LOG (gmm-est-fmllr:main():gmm-est-fmllr.cc:143) For speaker train_S9_4_7_16, auxf-impr from fMLLR is 0, over 336 frames.
WARNING (gmm-est-fmllr:Update():fmllr-diag-gmm.cc:162) Not updating fMLLR since below min-count: count is 298
LOG (gmm-est-fmllr:main():gmm-est-fmllr.cc:143) For speaker train_S9_4_7_18, auxf-impr from fMLLR is 0, over 298 frames.
WARNING (gmm-est-fmllr:Update():fmllr-diag-gmm.cc:162) Not updating fMLLR since below min-count: count is 321
LOG (gmm-est-fmllr:main():gmm-est-fmllr.cc:143) For speaker train_S9_4_7_20, auxf-impr from fMLLR is 0, over 321 frames.
WARNING (gmm-est-fmllr:Update():fmllr-diag-gmm.cc:162) Not updating fMLLR since below min-count: count is 286
LOG (gmm-est-fmllr:main():gmm-est-fmllr.cc:143) For speaker train_S9_5_1_12, auxf-impr from fMLLR is 0, over 286 frames.
WARNING (gmm-est-fmllr:Update():fmllr-diag-gmm.cc:162) Not updating fMLLR since below min-count: count is 280
LOG (gmm-est-fmllr:main():gmm-est-fmllr.cc:143) For speaker train_S9_5_1_14, auxf-impr from fMLLR is 0, over 280 frames.
WARNING (gmm-est-fmllr:Update():fmllr-diag-gmm.cc:162) Not updating fMLLR since below min-count: count is 286
LOG (gmm-est-fmllr:main():gmm-est-fmllr.cc:143) For speaker train_S9_5_1_16, auxf-impr from fMLLR is 0, over 286 frames.
WARNING (gmm-est-fmllr:Update():fmllr-diag-gmm.cc:162) Not updating fMLLR since below min-count: count is 254
LOG (gmm-est-fmllr:main():gmm-est-fmllr.cc:143) For speaker train_S9_5_1_18, auxf-impr from fMLLR is 0, over 254 frames.
WARNING (gmm-est-fmllr:Update():fmllr-diag-gmm.cc:162) Not updating fMLLR since below min-count: count is 273
LOG (gmm-est-fmllr:main():gmm-est-fmllr.cc:143) For speaker train_S9_5_1_20, auxf-impr from fMLLR is 0, over 273 frames.
WARNING (gmm-est-fmllr:Update():fmllr-diag-gmm.cc:162) Not updating fMLLR since below min-count: count is 286
LOG (gmm-est-fmllr:main():gmm-est-fmllr.cc:143) For speaker train_S9_5_2_12, auxf-impr from fMLLR is 0, over 286 frames.
WARNING (gmm-est-fmllr:Update():fmllr-diag-gmm.cc:162) Not updating fMLLR since below min-count: count is 280
LOG (gmm-est-fmllr:main():gmm-est-fmllr.cc:143) For speaker train_S9_5_2_14, auxf-impr from fMLLR is 0, over 280 frames.
WARNING (gmm-est-fmllr:Update():fmllr-diag-gmm.cc:162) Not updating fMLLR since below min-count: count is 286
LOG (gmm-est-fmllr:main():gmm-est-fmllr.cc:143) For speaker train_S9_5_2_16, auxf-impr from fMLLR is 0, over 286 frames.
WARNING (gmm-est-fmllr:Update():fmllr-diag-gmm.cc:162) Not updating fMLLR since below min-count: count is 254
LOG (gmm-est-fmllr:main():gmm-est-fmllr.cc:143) For speaker train_S9_5_2_18, auxf-impr from fMLLR is 0, over 254 frames.
WARNING (gmm-est-fmllr:Update():fmllr-diag-gmm.cc:162) Not updating fMLLR since below min-count: count is 273
LOG (gmm-est-fmllr:main():gmm-est-fmllr.cc:143) For speaker train_S9_5_2_20, auxf-impr from fMLLR is 0, over 273 frames.
WARNING (gmm-est-fmllr:Update():fmllr-diag-gmm.cc:162) Not updating fMLLR since below min-count: count is 286
LOG (gmm-est-fmllr:main():gmm-est-fmllr.cc:143) For speaker train_S9_5_3_12, auxf-impr from fMLLR is 0, over 286 frames.
WARNING (gmm-est-fmllr:Update():fmllr-diag-gmm.cc:162) Not updating fMLLR since below min-count: count is 280
LOG (gmm-est-fmllr:main():gmm-est-fmllr.cc:143) For speaker train_S9_5_3_14, auxf-impr from fMLLR is 0, over 280 frames.
WARNING (gmm-est-fmllr:Update():fmllr-diag-gmm.cc:162) Not updating fMLLR since below min-count: count is 286
LOG (gmm-est-fmllr:main():gmm-est-fmllr.cc:143) For speaker train_S9_5_3_16, auxf-impr from fMLLR is 0, over 286 frames.
WARNING (gmm-est-fmllr:Update():fmllr-diag-gmm.cc:162) Not updating fMLLR since below min-count: count is 254
LOG (gmm-est-fmllr:main():gmm-est-fmllr.cc:143) For speaker train_S9_5_3_18, auxf-impr from fMLLR is 0, over 254 frames.
WARNING (gmm-est-fmllr:Update():fmllr-diag-gmm.cc:162) Not updating fMLLR since below min-count: count is 273
LOG (gmm-est-fmllr:main():gmm-est-fmllr.cc:143) For speaker train_S9_5_3_20, auxf-impr from fMLLR is 0, over 273 frames.
WARNING (gmm-est-fmllr:Update():fmllr-diag-gmm.cc:162) Not updating fMLLR since below min-count: count is 286
LOG (gmm-est-fmllr:main():gmm-est-fmllr.cc:143) For speaker train_S9_5_4_12, auxf-impr from fMLLR is 0, over 286 frames.
WARNING (gmm-est-fmllr:Update():fmllr-diag-gmm.cc:162) Not updating fMLLR since below min-count: count is 280
LOG (gmm-est-fmllr:main():gmm-est-fmllr.cc:143) For speaker train_S9_5_4_14, auxf-impr from fMLLR is 0, over 280 frames.
WARNING (gmm-est-fmllr:Update():fmllr-diag-gmm.cc:162) Not updating fMLLR since below min-count: count is 286
LOG (gmm-est-fmllr:main():gmm-est-fmllr.cc:143) For speaker train_S9_5_4_16, auxf-impr from fMLLR is 0, over 286 frames.
WARNING (gmm-est-fmllr:Update():fmllr-diag-gmm.cc:162) Not updating fMLLR since below min-count: count is 254
LOG (gmm-est-fmllr:main():gmm-est-fmllr.cc:143) For speaker train_S9_5_4_18, auxf-impr from fMLLR is 0, over 254 frames.
WARNING (gmm-est-fmllr:Update():fmllr-diag-gmm.cc:162) Not updating fMLLR since below min-count: count is 273
LOG (gmm-est-fmllr:main():gmm-est-fmllr.cc:143) For speaker train_S9_5_4_20, auxf-impr from fMLLR is 0, over 273 frames.
WARNING (gmm-est-fmllr:Update():fmllr-diag-gmm.cc:162) Not updating fMLLR since below min-count: count is 286
LOG (gmm-est-fmllr:main():gmm-est-fmllr.cc:143) For speaker train_S9_5_5_12, auxf-impr from fMLLR is 0, over 286 frames.
WARNING (gmm-est-fmllr:Update():fmllr-diag-gmm.cc:162) Not updating fMLLR since below min-count: count is 280
LOG (gmm-est-fmllr:main():gmm-est-fmllr.cc:143) For speaker train_S9_5_5_14, auxf-impr from fMLLR is 0, over 280 frames.
WARNING (gmm-est-fmllr:Update():fmllr-diag-gmm.cc:162) Not updating fMLLR since below min-count: count is 286
LOG (gmm-est-fmllr:main():gmm-est-fmllr.cc:143) For speaker train_S9_5_5_16, auxf-impr from fMLLR is 0, over 286 frames.
WARNING (gmm-est-fmllr:Update():fmllr-diag-gmm.cc:162) Not updating fMLLR since below min-count: count is 254
LOG (gmm-est-fmllr:main():gmm-est-fmllr.cc:143) For speaker train_S9_5_5_18, auxf-impr from fMLLR is 0, over 254 frames.
WARNING (gmm-est-fmllr:Update():fmllr-diag-gmm.cc:162) Not updating fMLLR since below min-count: count is 273
LOG (gmm-est-fmllr:main():gmm-est-fmllr.cc:143) For speaker train_S9_5_5_20, auxf-impr from fMLLR is 0, over 273 frames.
WARNING (gmm-est-fmllr:Update():fmllr-diag-gmm.cc:162) Not updating fMLLR since below min-count: count is 286
LOG (gmm-est-fmllr:main():gmm-est-fmllr.cc:143) For speaker train_S9_5_6_12, auxf-impr from fMLLR is 0, over 286 frames.
WARNING (gmm-est-fmllr:Update():fmllr-diag-gmm.cc:162) Not updating fMLLR since below min-count: count is 280
LOG (gmm-est-fmllr:main():gmm-est-fmllr.cc:143) For speaker train_S9_5_6_14, auxf-impr from fMLLR is 0, over 280 frames.
WARNING (gmm-est-fmllr:Update():fmllr-diag-gmm.cc:162) Not updating fMLLR since below min-count: count is 286
LOG (gmm-est-fmllr:main():gmm-est-fmllr.cc:143) For speaker train_S9_5_6_16, auxf-impr from fMLLR is 0, over 286 frames.
WARNING (gmm-est-fmllr:Update():fmllr-diag-gmm.cc:162) Not updating fMLLR since below min-count: count is 254
LOG (gmm-est-fmllr:main():gmm-est-fmllr.cc:143) For speaker train_S9_5_6_18, auxf-impr from fMLLR is 0, over 254 frames.
WARNING (gmm-est-fmllr:Update():fmllr-diag-gmm.cc:162) Not updating fMLLR since below min-count: count is 273
LOG (gmm-est-fmllr:main():gmm-est-fmllr.cc:143) For speaker train_S9_5_6_20, auxf-impr from fMLLR is 0, over 273 frames.
WARNING (gmm-est-fmllr:Update():fmllr-diag-gmm.cc:162) Not updating fMLLR since below min-count: count is 286
LOG (gmm-est-fmllr:main():gmm-est-fmllr.cc:143) For speaker train_S9_5_7_12, auxf-impr from fMLLR is 0, over 286 frames.
WARNING (gmm-est-fmllr:Update():fmllr-diag-gmm.cc:162) Not updating fMLLR since below min-count: count is 280
LOG (gmm-est-fmllr:main():gmm-est-fmllr.cc:143) For speaker train_S9_5_7_14, auxf-impr from fMLLR is 0, over 280 frames.
WARNING (gmm-est-fmllr:Update():fmllr-diag-gmm.cc:162) Not updating fMLLR since below min-count: count is 286
LOG (gmm-est-fmllr:main():gmm-est-fmllr.cc:143) For speaker train_S9_5_7_16, auxf-impr from fMLLR is 0, over 286 frames.
WARNING (gmm-est-fmllr:Update():fmllr-diag-gmm.cc:162) Not updating fMLLR since below min-count: count is 254
LOG (gmm-est-fmllr:main():gmm-est-fmllr.cc:143) For speaker train_S9_5_7_18, auxf-impr from fMLLR is 0, over 254 frames.
WARNING (gmm-est-fmllr:Update():fmllr-diag-gmm.cc:162) Not updating fMLLR since below min-count: count is 273
LOG (gmm-est-fmllr:main():gmm-est-fmllr.cc:143) For speaker train_S9_5_7_20, auxf-impr from fMLLR is 0, over 273 frames.
WARNING (gmm-est-fmllr:Update():fmllr-diag-gmm.cc:162) Not updating fMLLR since below min-count: count is 277
LOG (gmm-est-fmllr:main():gmm-est-fmllr.cc:143) For speaker train_S9_6_1_12, auxf-impr from fMLLR is 0, over 277 frames.
WARNING (gmm-est-fmllr:Update():fmllr-diag-gmm.cc:162) Not updating fMLLR since below min-count: count is 272
LOG (gmm-est-fmllr:main():gmm-est-fmllr.cc:143) For speaker train_S9_6_1_14, auxf-impr from fMLLR is 0, over 272 frames.
WARNING (gmm-est-fmllr:Update():fmllr-diag-gmm.cc:162) Not updating fMLLR since below min-count: count is 277
LOG (gmm-est-fmllr:main():gmm-est-fmllr.cc:143) For speaker train_S9_6_1_16, auxf-impr from fMLLR is 0, over 277 frames.
WARNING (gmm-est-fmllr:Update():fmllr-diag-gmm.cc:162) Not updating fMLLR since below min-count: count is 246
LOG (gmm-est-fmllr:main():gmm-est-fmllr.cc:143) For speaker train_S9_6_1_18, auxf-impr from fMLLR is 0, over 246 frames.
WARNING (gmm-est-fmllr:Update():fmllr-diag-gmm.cc:162) Not updating fMLLR since below min-count: count is 264
LOG (gmm-est-fmllr:main():gmm-est-fmllr.cc:143) For speaker train_S9_6_1_20, auxf-impr from fMLLR is 0, over 264 frames.
WARNING (gmm-est-fmllr:Update():fmllr-diag-gmm.cc:162) Not updating fMLLR since below min-count: count is 277
LOG (gmm-est-fmllr:main():gmm-est-fmllr.cc:143) For speaker train_S9_6_2_12, auxf-impr from fMLLR is 0, over 277 frames.
WARNING (gmm-est-fmllr:Update():fmllr-diag-gmm.cc:162) Not updating fMLLR since below min-count: count is 272
LOG (gmm-est-fmllr:main():gmm-est-fmllr.cc:143) For speaker train_S9_6_2_14, auxf-impr from fMLLR is 0, over 272 frames.
WARNING (gmm-est-fmllr:Update():fmllr-diag-gmm.cc:162) Not updating fMLLR since below min-count: count is 277
LOG (gmm-est-fmllr:main():gmm-est-fmllr.cc:143) For speaker train_S9_6_2_16, auxf-impr from fMLLR is 0, over 277 frames.
WARNING (gmm-est-fmllr:Update():fmllr-diag-gmm.cc:162) Not updating fMLLR since below min-count: count is 246
LOG (gmm-est-fmllr:main():gmm-est-fmllr.cc:143) For speaker train_S9_6_2_18, auxf-impr from fMLLR is 0, over 246 frames.
WARNING (gmm-est-fmllr:Update():fmllr-diag-gmm.cc:162) Not updating fMLLR since below min-count: count is 264
LOG (gmm-est-fmllr:main():gmm-est-fmllr.cc:143) For speaker train_S9_6_2_20, auxf-impr from fMLLR is 0, over 264 frames.
WARNING (gmm-est-fmllr:Update():fmllr-diag-gmm.cc:162) Not updating fMLLR since below min-count: count is 277
LOG (gmm-est-fmllr:main():gmm-est-fmllr.cc:143) For speaker train_S9_6_3_12, auxf-impr from fMLLR is 0, over 277 frames.
WARNING (gmm-est-fmllr:Update():fmllr-diag-gmm.cc:162) Not updating fMLLR since below min-count: count is 272
LOG (gmm-est-fmllr:main():gmm-est-fmllr.cc:143) For speaker train_S9_6_3_14, auxf-impr from fMLLR is 0, over 272 frames.
WARNING (gmm-est-fmllr:Update():fmllr-diag-gmm.cc:162) Not updating fMLLR since below min-count: count is 277
LOG (gmm-est-fmllr:main():gmm-est-fmllr.cc:143) For speaker train_S9_6_3_16, auxf-impr from fMLLR is 0, over 277 frames.
WARNING (gmm-est-fmllr:Update():fmllr-diag-gmm.cc:162) Not updating fMLLR since below min-count: count is 246
LOG (gmm-est-fmllr:main():gmm-est-fmllr.cc:143) For speaker train_S9_6_3_18, auxf-impr from fMLLR is 0, over 246 frames.
WARNING (gmm-est-fmllr:Update():fmllr-diag-gmm.cc:162) Not updating fMLLR since below min-count: count is 264
LOG (gmm-est-fmllr:main():gmm-est-fmllr.cc:143) For speaker train_S9_6_3_20, auxf-impr from fMLLR is 0, over 264 frames.
WARNING (gmm-est-fmllr:Update():fmllr-diag-gmm.cc:162) Not updating fMLLR since below min-count: count is 277
LOG (gmm-est-fmllr:main():gmm-est-fmllr.cc:143) For speaker train_S9_6_4_12, auxf-impr from fMLLR is 0, over 277 frames.
WARNING (gmm-est-fmllr:Update():fmllr-diag-gmm.cc:162) Not updating fMLLR since below min-count: count is 272
LOG (gmm-est-fmllr:main():gmm-est-fmllr.cc:143) For speaker train_S9_6_4_14, auxf-impr from fMLLR is 0, over 272 frames.
WARNING (gmm-est-fmllr:Update():fmllr-diag-gmm.cc:162) Not updating fMLLR since below min-count: count is 277
LOG (gmm-est-fmllr:main():gmm-est-fmllr.cc:143) For speaker train_S9_6_4_16, auxf-impr from fMLLR is 0, over 277 frames.
WARNING (gmm-est-fmllr:Update():fmllr-diag-gmm.cc:162) Not updating fMLLR since below min-count: count is 246
LOG (gmm-est-fmllr:main():gmm-est-fmllr.cc:143) For speaker train_S9_6_4_18, auxf-impr from fMLLR is 0, over 246 frames.
WARNING (gmm-est-fmllr:Update():fmllr-diag-gmm.cc:162) Not updating fMLLR since below min-count: count is 264
LOG (gmm-est-fmllr:main():gmm-est-fmllr.cc:143) For speaker train_S9_6_4_20, auxf-impr from fMLLR is 0, over 264 frames.
WARNING (gmm-est-fmllr:Update():fmllr-diag-gmm.cc:162) Not updating fMLLR since below min-count: count is 277
LOG (gmm-est-fmllr:main():gmm-est-fmllr.cc:143) For speaker train_S9_6_5_12, auxf-impr from fMLLR is 0, over 277 frames.
WARNING (gmm-est-fmllr:Update():fmllr-diag-gmm.cc:162) Not updating fMLLR since below min-count: count is 272
LOG (gmm-est-fmllr:main():gmm-est-fmllr.cc:143) For speaker train_S9_6_5_14, auxf-impr from fMLLR is 0, over 272 frames.
WARNING (gmm-est-fmllr:Update():fmllr-diag-gmm.cc:162) Not updating fMLLR since below min-count: count is 277
LOG (gmm-est-fmllr:main():gmm-est-fmllr.cc:143) For speaker train_S9_6_5_16, auxf-impr from fMLLR is 0, over 277 frames.
WARNING (gmm-est-fmllr:Update():fmllr-diag-gmm.cc:162) Not updating fMLLR since below min-count: count is 246
LOG (gmm-est-fmllr:main():gmm-est-fmllr.cc:143) For speaker train_S9_6_5_18, auxf-impr from fMLLR is 0, over 246 frames.
WARNING (gmm-est-fmllr:Update():fmllr-diag-gmm.cc:162) Not updating fMLLR since below min-count: count is 264
LOG (gmm-est-fmllr:main():gmm-est-fmllr.cc:143) For speaker train_S9_6_5_20, auxf-impr from fMLLR is 0, over 264 frames.
WARNING (gmm-est-fmllr:Update():fmllr-diag-gmm.cc:162) Not updating fMLLR since below min-count: count is 277
LOG (gmm-est-fmllr:main():gmm-est-fmllr.cc:143) For speaker train_S9_6_6_12, auxf-impr from fMLLR is 0, over 277 frames.
WARNING (gmm-est-fmllr:Update():fmllr-diag-gmm.cc:162) Not updating fMLLR since below min-count: count is 272
LOG (gmm-est-fmllr:main():gmm-est-fmllr.cc:143) For speaker train_S9_6_6_14, auxf-impr from fMLLR is 0, over 272 frames.
WARNING (gmm-est-fmllr:Update():fmllr-diag-gmm.cc:162) Not updating fMLLR since below min-count: count is 277
LOG (gmm-est-fmllr:main():gmm-est-fmllr.cc:143) For speaker train_S9_6_6_16, auxf-impr from fMLLR is 0, over 277 frames.
WARNING (gmm-est-fmllr:Update():fmllr-diag-gmm.cc:162) Not updating fMLLR since below min-count: count is 246
LOG (gmm-est-fmllr:main():gmm-est-fmllr.cc:143) For speaker train_S9_6_6_18, auxf-impr from fMLLR is 0, over 246 frames.
WARNING (gmm-est-fmllr:Update():fmllr-diag-gmm.cc:162) Not updating fMLLR since below min-count: count is 264
LOG (gmm-est-fmllr:main():gmm-est-fmllr.cc:143) For speaker train_S9_6_6_20, auxf-impr from fMLLR is 0, over 264 frames.
WARNING (gmm-est-fmllr:Update():fmllr-diag-gmm.cc:162) Not updating fMLLR since below min-count: count is 277
LOG (gmm-est-fmllr:main():gmm-est-fmllr.cc:143) For speaker train_S9_6_7_12, auxf-impr from fMLLR is 0, over 277 frames.
WARNING (gmm-est-fmllr:Update():fmllr-diag-gmm.cc:162) Not updating fMLLR since below min-count: count is 272
LOG (gmm-est-fmllr:main():gmm-est-fmllr.cc:143) For speaker train_S9_6_7_14, auxf-impr from fMLLR is 0, over 272 frames.
WARNING (gmm-est-fmllr:Update():fmllr-diag-gmm.cc:162) Not updating fMLLR since below min-count: count is 277
LOG (gmm-est-fmllr:main():gmm-est-fmllr.cc:143) For speaker train_S9_6_7_16, auxf-impr from fMLLR is 0, over 277 frames.
WARNING (gmm-est-fmllr:Update():fmllr-diag-gmm.cc:162) Not updating fMLLR since below min-count: count is 246
LOG (gmm-est-fmllr:main():gmm-est-fmllr.cc:143) For speaker train_S9_6_7_18, auxf-impr from fMLLR is 0, over 246 frames.
WARNING (gmm-est-fmllr:Update():fmllr-diag-gmm.cc:162) Not updating fMLLR since below min-count: count is 264
LOG (gmm-est-fmllr:main():gmm-est-fmllr.cc:143) For speaker train_S9_6_7_20, auxf-impr from fMLLR is 0, over 264 frames.
LOG (gmm-est-fmllr:ComputeFmllrMatrixDiagGmmFull():fmllr-diag-gmm.cc:262) fMLLR objf improvement is 7.6707 per frame over 565 frames.
LOG (gmm-est-fmllr:main():gmm-est-fmllr.cc:143) For speaker train_S9_7_1_12, auxf-impr from fMLLR is 7.6707, over 565 frames.
LOG (gmm-est-fmllr:ComputeFmllrMatrixDiagGmmFull():fmllr-diag-gmm.cc:262) fMLLR objf improvement is 7.70267 per frame over 553 frames.
LOG (gmm-est-fmllr:main():gmm-est-fmllr.cc:143) For speaker train_S9_7_1_14, auxf-impr from fMLLR is 7.70267, over 553 frames.
LOG (gmm-est-fmllr:ComputeFmllrMatrixDiagGmmFull():fmllr-diag-gmm.cc:262) fMLLR objf improvement is 8.15598 per frame over 565 frames.
LOG (gmm-est-fmllr:main():gmm-est-fmllr.cc:143) For speaker train_S9_7_1_16, auxf-impr from fMLLR is 8.15598, over 565 frames.
LOG (gmm-est-fmllr:ComputeFmllrMatrixDiagGmmFull():fmllr-diag-gmm.cc:262) fMLLR objf improvement is 8.49845 per frame over 502 frames.
LOG (gmm-est-fmllr:main():gmm-est-fmllr.cc:143) For speaker train_S9_7_1_18, auxf-impr from fMLLR is 8.49845, over 502 frames.
LOG (gmm-est-fmllr:ComputeFmllrMatrixDiagGmmFull():fmllr-diag-gmm.cc:262) fMLLR objf improvement is 8.18207 per frame over 540 frames.
LOG (gmm-est-fmllr:main():gmm-est-fmllr.cc:143) For speaker train_S9_7_1_20, auxf-impr from fMLLR is 8.18207, over 540 frames.
LOG (gmm-est-fmllr:ComputeFmllrMatrixDiagGmmFull():fmllr-diag-gmm.cc:262) fMLLR objf improvement is 7.77702 per frame over 565 frames.
LOG (gmm-est-fmllr:main():gmm-est-fmllr.cc:143) For speaker train_S9_7_2_12, auxf-impr from fMLLR is 7.77702, over 565 frames.
LOG (gmm-est-fmllr:ComputeFmllrMatrixDiagGmmFull():fmllr-diag-gmm.cc:262) fMLLR objf improvement is 7.86216 per frame over 553 frames.
LOG (gmm-est-fmllr:main():gmm-est-fmllr.cc:143) For speaker train_S9_7_2_14, auxf-impr from fMLLR is 7.86216, over 553 frames.
LOG (gmm-est-fmllr:ComputeFmllrMatrixDiagGmmFull():fmllr-diag-gmm.cc:262) fMLLR objf improvement is 8.19317 per frame over 565 frames.
LOG (gmm-est-fmllr:main():gmm-est-fmllr.cc:143) For speaker train_S9_7_2_16, auxf-impr from fMLLR is 8.19317, over 565 frames.
LOG (gmm-est-fmllr:ComputeFmllrMatrixDiagGmmFull():fmllr-diag-gmm.cc:262) fMLLR objf improvement is 8.45409 per frame over 502 frames.
LOG (gmm-est-fmllr:main():gmm-est-fmllr.cc:143) For speaker train_S9_7_2_18, auxf-impr from fMLLR is 8.45409, over 502 frames.
LOG (gmm-est-fmllr:ComputeFmllrMatrixDiagGmmFull():fmllr-diag-gmm.cc:262) fMLLR objf improvement is 8.27625 per frame over 540 frames.
LOG (gmm-est-fmllr:main():gmm-est-fmllr.cc:143) For speaker train_S9_7_2_20, auxf-impr from fMLLR is 8.27625, over 540 frames.
LOG (gmm-est-fmllr:ComputeFmllrMatrixDiagGmmFull():fmllr-diag-gmm.cc:262) fMLLR objf improvement is 7.66335 per frame over 565 frames.
LOG (gmm-est-fmllr:main():gmm-est-fmllr.cc:143) For speaker train_S9_7_3_12, auxf-impr from fMLLR is 7.66335, over 565 frames.
LOG (gmm-est-fmllr:ComputeFmllrMatrixDiagGmmFull():fmllr-diag-gmm.cc:262) fMLLR objf improvement is 7.78378 per frame over 553 frames.
LOG (gmm-est-fmllr:main():gmm-est-fmllr.cc:143) For speaker train_S9_7_3_14, auxf-impr from fMLLR is 7.78378, over 553 frames.
LOG (gmm-est-fmllr:ComputeFmllrMatrixDiagGmmFull():fmllr-diag-gmm.cc:262) fMLLR objf improvement is 8.18492 per frame over 565 frames.
LOG (gmm-est-fmllr:main():gmm-est-fmllr.cc:143) For speaker train_S9_7_3_16, auxf-impr from fMLLR is 8.18492, over 565 frames.
LOG (gmm-est-fmllr:ComputeFmllrMatrixDiagGmmFull():fmllr-diag-gmm.cc:262) fMLLR objf improvement is 8.48167 per frame over 502 frames.
LOG (gmm-est-fmllr:main():gmm-est-fmllr.cc:143) For speaker train_S9_7_3_18, auxf-impr from fMLLR is 8.48167, over 502 frames.
LOG (gmm-est-fmllr:ComputeFmllrMatrixDiagGmmFull():fmllr-diag-gmm.cc:262) fMLLR objf improvement is 8.17764 per frame over 540 frames.
LOG (gmm-est-fmllr:main():gmm-est-fmllr.cc:143) For speaker train_S9_7_3_20, auxf-impr from fMLLR is 8.17764, over 540 frames.
LOG (gmm-est-fmllr:ComputeFmllrMatrixDiagGmmFull():fmllr-diag-gmm.cc:262) fMLLR objf improvement is 7.73657 per frame over 565 frames.
LOG (gmm-est-fmllr:main():gmm-est-fmllr.cc:143) For speaker train_S9_7_4_12, auxf-impr from fMLLR is 7.73657, over 565 frames.
LOG (gmm-est-fmllr:ComputeFmllrMatrixDiagGmmFull():fmllr-diag-gmm.cc:262) fMLLR objf improvement is 7.75796 per frame over 553 frames.
LOG (gmm-est-fmllr:main():gmm-est-fmllr.cc:143) For speaker train_S9_7_4_14, auxf-impr from fMLLR is 7.75796, over 553 frames.
LOG (gmm-est-fmllr:ComputeFmllrMatrixDiagGmmFull():fmllr-diag-gmm.cc:262) fMLLR objf improvement is 8.19333 per frame over 565 frames.
LOG (gmm-est-fmllr:main():gmm-est-fmllr.cc:143) For speaker train_S9_7_4_16, auxf-impr from fMLLR is 8.19333, over 565 frames.
LOG (gmm-est-fmllr:ComputeFmllrMatrixDiagGmmFull():fmllr-diag-gmm.cc:262) fMLLR objf improvement is 8.45904 per frame over 502 frames.
LOG (gmm-est-fmllr:main():gmm-est-fmllr.cc:143) For speaker train_S9_7_4_18, auxf-impr from fMLLR is 8.45904, over 502 frames.
LOG (gmm-est-fmllr:ComputeFmllrMatrixDiagGmmFull():fmllr-diag-gmm.cc:262) fMLLR objf improvement is 8.18035 per frame over 540 frames.
LOG (gmm-est-fmllr:main():gmm-est-fmllr.cc:143) For speaker train_S9_7_4_20, auxf-impr from fMLLR is 8.18035, over 540 frames.
LOG (gmm-est-fmllr:ComputeFmllrMatrixDiagGmmFull():fmllr-diag-gmm.cc:262) fMLLR objf improvement is 7.77718 per frame over 565 frames.
LOG (gmm-est-fmllr:main():gmm-est-fmllr.cc:143) For speaker train_S9_7_5_12, auxf-impr from fMLLR is 7.77718, over 565 frames.
LOG (gmm-est-fmllr:ComputeFmllrMatrixDiagGmmFull():fmllr-diag-gmm.cc:262) fMLLR objf improvement is 7.81917 per frame over 553 frames.
LOG (gmm-est-fmllr:main():gmm-est-fmllr.cc:143) For speaker train_S9_7_5_14, auxf-impr from fMLLR is 7.81917, over 553 frames.
LOG (gmm-est-fmllr:ComputeFmllrMatrixDiagGmmFull():fmllr-diag-gmm.cc:262) fMLLR objf improvement is 8.17966 per frame over 565 frames.
LOG (gmm-est-fmllr:main():gmm-est-fmllr.cc:143) For speaker train_S9_7_5_16, auxf-impr from fMLLR is 8.17966, over 565 frames.
LOG (gmm-est-fmllr:ComputeFmllrMatrixDiagGmmFull():fmllr-diag-gmm.cc:262) fMLLR objf improvement is 8.43811 per frame over 502 frames.
LOG (gmm-est-fmllr:main():gmm-est-fmllr.cc:143) For speaker train_S9_7_5_18, auxf-impr from fMLLR is 8.43811, over 502 frames.
LOG (gmm-est-fmllr:ComputeFmllrMatrixDiagGmmFull():fmllr-diag-gmm.cc:262) fMLLR objf improvement is 8.34911 per frame over 540 frames.
LOG (gmm-est-fmllr:main():gmm-est-fmllr.cc:143) For speaker train_S9_7_5_20, auxf-impr from fMLLR is 8.34911, over 540 frames.
LOG (gmm-est-fmllr:ComputeFmllrMatrixDiagGmmFull():fmllr-diag-gmm.cc:262) fMLLR objf improvement is 7.6866 per frame over 565 frames.
LOG (gmm-est-fmllr:main():gmm-est-fmllr.cc:143) For speaker train_S9_7_6_12, auxf-impr from fMLLR is 7.6866, over 565 frames.
LOG (gmm-est-fmllr:ComputeFmllrMatrixDiagGmmFull():fmllr-diag-gmm.cc:262) fMLLR objf improvement is 7.83835 per frame over 553 frames.
LOG (gmm-est-fmllr:main():gmm-est-fmllr.cc:143) For speaker train_S9_7_6_14, auxf-impr from fMLLR is 7.83835, over 553 frames.
LOG (gmm-est-fmllr:ComputeFmllrMatrixDiagGmmFull():fmllr-diag-gmm.cc:262) fMLLR objf improvement is 8.16257 per frame over 565 frames.
LOG (gmm-est-fmllr:main():gmm-est-fmllr.cc:143) For speaker train_S9_7_6_16, auxf-impr from fMLLR is 8.16257, over 565 frames.
LOG (gmm-est-fmllr:ComputeFmllrMatrixDiagGmmFull():fmllr-diag-gmm.cc:262) fMLLR objf improvement is 8.58335 per frame over 502 frames.
LOG (gmm-est-fmllr:main():gmm-est-fmllr.cc:143) For speaker train_S9_7_6_18, auxf-impr from fMLLR is 8.58335, over 502 frames.
LOG (gmm-est-fmllr:ComputeFmllrMatrixDiagGmmFull():fmllr-diag-gmm.cc:262) fMLLR objf improvement is 8.38568 per frame over 540 frames.
LOG (gmm-est-fmllr:main():gmm-est-fmllr.cc:143) For speaker train_S9_7_6_20, auxf-impr from fMLLR is 8.38568, over 540 frames.
LOG (gmm-est-fmllr:ComputeFmllrMatrixDiagGmmFull():fmllr-diag-gmm.cc:262) fMLLR objf improvement is 7.78925 per frame over 565 frames.
LOG (gmm-est-fmllr:main():gmm-est-fmllr.cc:143) For speaker train_S9_7_7_12, auxf-impr from fMLLR is 7.78925, over 565 frames.
LOG (gmm-est-fmllr:ComputeFmllrMatrixDiagGmmFull():fmllr-diag-gmm.cc:262) fMLLR objf improvement is 7.90609 per frame over 553 frames.
LOG (gmm-est-fmllr:main():gmm-est-fmllr.cc:143) For speaker train_S9_7_7_14, auxf-impr from fMLLR is 7.90609, over 553 frames.
LOG (gmm-est-fmllr:ComputeFmllrMatrixDiagGmmFull():fmllr-diag-gmm.cc:262) fMLLR objf improvement is 8.37964 per frame over 565 frames.
LOG (gmm-est-fmllr:main():gmm-est-fmllr.cc:143) For speaker train_S9_7_7_16, auxf-impr from fMLLR is 8.37964, over 565 frames.
LOG (gmm-est-fmllr:ComputeFmllrMatrixDiagGmmFull():fmllr-diag-gmm.cc:262) fMLLR objf improvement is 8.58076 per frame over 502 frames.
LOG (gmm-est-fmllr:main():gmm-est-fmllr.cc:143) For speaker train_S9_7_7_18, auxf-impr from fMLLR is 8.58076, over 502 frames.
LOG (gmm-est-fmllr:ComputeFmllrMatrixDiagGmmFull():fmllr-diag-gmm.cc:262) fMLLR objf improvement is 8.54618 per frame over 540 frames.
LOG (gmm-est-fmllr:main():gmm-est-fmllr.cc:143) For speaker train_S9_7_7_20, auxf-impr from fMLLR is 8.54618, over 540 frames.
WARNING (gmm-est-fmllr:Update():fmllr-diag-gmm.cc:162) Not updating fMLLR since below min-count: count is 280
LOG (gmm-est-fmllr:main():gmm-est-fmllr.cc:143) For speaker train_S9_8_1_12, auxf-impr from fMLLR is 0, over 280 frames.
WARNING (gmm-est-fmllr:Update():fmllr-diag-gmm.cc:162) Not updating fMLLR since below min-count: count is 275
LOG (gmm-est-fmllr:main():gmm-est-fmllr.cc:143) For speaker train_S9_8_1_14, auxf-impr from fMLLR is 0, over 275 frames.
WARNING (gmm-est-fmllr:Update():fmllr-diag-gmm.cc:162) Not updating fMLLR since below min-count: count is 280
LOG (gmm-est-fmllr:main():gmm-est-fmllr.cc:143) For speaker train_S9_8_1_16, auxf-impr from fMLLR is 0, over 280 frames.
WARNING (gmm-est-fmllr:Update():fmllr-diag-gmm.cc:162) Not updating fMLLR since below min-count: count is 250
LOG (gmm-est-fmllr:main():gmm-est-fmllr.cc:143) For speaker train_S9_8_1_18, auxf-impr from fMLLR is 0, over 250 frames.
WARNING (gmm-est-fmllr:Update():fmllr-diag-gmm.cc:162) Not updating fMLLR since below min-count: count is 268
LOG (gmm-est-fmllr:main():gmm-est-fmllr.cc:143) For speaker train_S9_8_1_20, auxf-impr from fMLLR is 0, over 268 frames.
WARNING (gmm-est-fmllr:Update():fmllr-diag-gmm.cc:162) Not updating fMLLR since below min-count: count is 280
LOG (gmm-est-fmllr:main():gmm-est-fmllr.cc:143) For speaker train_S9_8_2_12, auxf-impr from fMLLR is 0, over 280 frames.
WARNING (gmm-est-fmllr:Update():fmllr-diag-gmm.cc:162) Not updating fMLLR since below min-count: count is 275
LOG (gmm-est-fmllr:main():gmm-est-fmllr.cc:143) For speaker train_S9_8_2_14, auxf-impr from fMLLR is 0, over 275 frames.
WARNING (gmm-est-fmllr:Update():fmllr-diag-gmm.cc:162) Not updating fMLLR since below min-count: count is 280
LOG (gmm-est-fmllr:main():gmm-est-fmllr.cc:143) For speaker train_S9_8_2_16, auxf-impr from fMLLR is 0, over 280 frames.
WARNING (gmm-est-fmllr:Update():fmllr-diag-gmm.cc:162) Not updating fMLLR since below min-count: count is 249
LOG (gmm-est-fmllr:main():gmm-est-fmllr.cc:143) For speaker train_S9_8_2_18, auxf-impr from fMLLR is 0, over 249 frames.
WARNING (gmm-est-fmllr:Update():fmllr-diag-gmm.cc:162) Not updating fMLLR since below min-count: count is 268
LOG (gmm-est-fmllr:main():gmm-est-fmllr.cc:143) For speaker train_S9_8_2_20, auxf-impr from fMLLR is 0, over 268 frames.
WARNING (gmm-est-fmllr:Update():fmllr-diag-gmm.cc:162) Not updating fMLLR since below min-count: count is 280
LOG (gmm-est-fmllr:main():gmm-est-fmllr.cc:143) For speaker train_S9_8_3_12, auxf-impr from fMLLR is 0, over 280 frames.
WARNING (gmm-est-fmllr:Update():fmllr-diag-gmm.cc:162) Not updating fMLLR since below min-count: count is 275
LOG (gmm-est-fmllr:main():gmm-est-fmllr.cc:143) For speaker train_S9_8_3_14, auxf-impr from fMLLR is 0, over 275 frames.
WARNING (gmm-est-fmllr:Update():fmllr-diag-gmm.cc:162) Not updating fMLLR since below min-count: count is 280
LOG (gmm-est-fmllr:main():gmm-est-fmllr.cc:143) For speaker train_S9_8_3_16, auxf-impr from fMLLR is 0, over 280 frames.
WARNING (gmm-est-fmllr:Update():fmllr-diag-gmm.cc:162) Not updating fMLLR since below min-count: count is 250
LOG (gmm-est-fmllr:main():gmm-est-fmllr.cc:143) For speaker train_S9_8_3_18, auxf-impr from fMLLR is 0, over 250 frames.
WARNING (gmm-est-fmllr:Update():fmllr-diag-gmm.cc:162) Not updating fMLLR since below min-count: count is 268
LOG (gmm-est-fmllr:main():gmm-est-fmllr.cc:143) For speaker train_S9_8_3_20, auxf-impr from fMLLR is 0, over 268 frames.
WARNING (gmm-est-fmllr:Update():fmllr-diag-gmm.cc:162) Not updating fMLLR since below min-count: count is 280
LOG (gmm-est-fmllr:main():gmm-est-fmllr.cc:143) For speaker train_S9_8_4_12, auxf-impr from fMLLR is 0, over 280 frames.
WARNING (gmm-est-fmllr:Update():fmllr-diag-gmm.cc:162) Not updating fMLLR since below min-count: count is 275
LOG (gmm-est-fmllr:main():gmm-est-fmllr.cc:143) For speaker train_S9_8_4_14, auxf-impr from fMLLR is 0, over 275 frames.
WARNING (gmm-est-fmllr:Update():fmllr-diag-gmm.cc:162) Not updating fMLLR since below min-count: count is 280
LOG (gmm-est-fmllr:main():gmm-est-fmllr.cc:143) For speaker train_S9_8_4_16, auxf-impr from fMLLR is 0, over 280 frames.
WARNING (gmm-est-fmllr:Update():fmllr-diag-gmm.cc:162) Not updating fMLLR since below min-count: count is 249
LOG (gmm-est-fmllr:main():gmm-est-fmllr.cc:143) For speaker train_S9_8_4_18, auxf-impr from fMLLR is 0, over 249 frames.
WARNING (gmm-est-fmllr:Update():fmllr-diag-gmm.cc:162) Not updating fMLLR since below min-count: count is 268
LOG (gmm-est-fmllr:main():gmm-est-fmllr.cc:143) For speaker train_S9_8_4_20, auxf-impr from fMLLR is 0, over 268 frames.
WARNING (gmm-est-fmllr:Update():fmllr-diag-gmm.cc:162) Not updating fMLLR since below min-count: count is 280
LOG (gmm-est-fmllr:main():gmm-est-fmllr.cc:143) For speaker train_S9_8_5_12, auxf-impr from fMLLR is 0, over 280 frames.
WARNING (gmm-est-fmllr:Update():fmllr-diag-gmm.cc:162) Not updating fMLLR since below min-count: count is 275
LOG (gmm-est-fmllr:main():gmm-est-fmllr.cc:143) For speaker train_S9_8_5_14, auxf-impr from fMLLR is 0, over 275 frames.
WARNING (gmm-est-fmllr:Update():fmllr-diag-gmm.cc:162) Not updating fMLLR since below min-count: count is 280
LOG (gmm-est-fmllr:main():gmm-est-fmllr.cc:143) For speaker train_S9_8_5_16, auxf-impr from fMLLR is 0, over 280 frames.
WARNING (gmm-est-fmllr:Update():fmllr-diag-gmm.cc:162) Not updating fMLLR since below min-count: count is 249
LOG (gmm-est-fmllr:main():gmm-est-fmllr.cc:143) For speaker train_S9_8_5_18, auxf-impr from fMLLR is 0, over 249 frames.
WARNING (gmm-est-fmllr:Update():fmllr-diag-gmm.cc:162) Not updating fMLLR since below min-count: count is 268
LOG (gmm-est-fmllr:main():gmm-est-fmllr.cc:143) For speaker train_S9_8_5_20, auxf-impr from fMLLR is 0, over 268 frames.
WARNING (gmm-est-fmllr:Update():fmllr-diag-gmm.cc:162) Not updating fMLLR since below min-count: count is 280
LOG (gmm-est-fmllr:main():gmm-est-fmllr.cc:143) For speaker train_S9_8_6_12, auxf-impr from fMLLR is 0, over 280 frames.
WARNING (gmm-est-fmllr:Update():fmllr-diag-gmm.cc:162) Not updating fMLLR since below min-count: count is 275
LOG (gmm-est-fmllr:main():gmm-est-fmllr.cc:143) For speaker train_S9_8_6_14, auxf-impr from fMLLR is 0, over 275 frames.
WARNING (gmm-est-fmllr:Update():fmllr-diag-gmm.cc:162) Not updating fMLLR since below min-count: count is 280
LOG (gmm-est-fmllr:main():gmm-est-fmllr.cc:143) For speaker train_S9_8_6_16, auxf-impr from fMLLR is 0, over 280 frames.
WARNING (gmm-est-fmllr:Update():fmllr-diag-gmm.cc:162) Not updating fMLLR since below min-count: count is 249
LOG (gmm-est-fmllr:main():gmm-est-fmllr.cc:143) For speaker train_S9_8_6_18, auxf-impr from fMLLR is 0, over 249 frames.
WARNING (gmm-est-fmllr:Update():fmllr-diag-gmm.cc:162) Not updating fMLLR since below min-count: count is 268
LOG (gmm-est-fmllr:main():gmm-est-fmllr.cc:143) For speaker train_S9_8_6_20, auxf-impr from fMLLR is 0, over 268 frames.
WARNING (gmm-est-fmllr:Update():fmllr-diag-gmm.cc:162) Not updating fMLLR since below min-count: count is 280
LOG (gmm-est-fmllr:main():gmm-est-fmllr.cc:143) For speaker train_S9_8_7_12, auxf-impr from fMLLR is 0, over 280 frames.
WARNING (gmm-est-fmllr:Update():fmllr-diag-gmm.cc:162) Not updating fMLLR since below min-count: count is 275
LOG (gmm-est-fmllr:main():gmm-est-fmllr.cc:143) For speaker train_S9_8_7_14, auxf-impr from fMLLR is 0, over 275 frames.
WARNING (gmm-est-fmllr:Update():fmllr-diag-gmm.cc:162) Not updating fMLLR since below min-count: count is 280
LOG (gmm-est-fmllr:main():gmm-est-fmllr.cc:143) For speaker train_S9_8_7_16, auxf-impr from fMLLR is 0, over 280 frames.
WARNING (gmm-est-fmllr:Update():fmllr-diag-gmm.cc:162) Not updating fMLLR since below min-count: count is 249
LOG (gmm-est-fmllr:main():gmm-est-fmllr.cc:143) For speaker train_S9_8_7_18, auxf-impr from fMLLR is 0, over 249 frames.
WARNING (gmm-est-fmllr:Update():fmllr-diag-gmm.cc:162) Not updating fMLLR since below min-count: count is 268
LOG (gmm-est-fmllr:main():gmm-est-fmllr.cc:143) For speaker train_S9_8_7_20, auxf-impr from fMLLR is 0, over 268 frames.
WARNING (gmm-est-fmllr:Update():fmllr-diag-gmm.cc:162) Not updating fMLLR since below min-count: count is 246
LOG (gmm-est-fmllr:main():gmm-est-fmllr.cc:143) For speaker train_S9_9_1_12, auxf-impr from fMLLR is 0, over 246 frames.
WARNING (gmm-est-fmllr:Update():fmllr-diag-gmm.cc:162) Not updating fMLLR since below min-count: count is 241
LOG (gmm-est-fmllr:main():gmm-est-fmllr.cc:143) For speaker train_S9_9_1_14, auxf-impr from fMLLR is 0, over 241 frames.
WARNING (gmm-est-fmllr:Update():fmllr-diag-gmm.cc:162) Not updating fMLLR since below min-count: count is 247
LOG (gmm-est-fmllr:main():gmm-est-fmllr.cc:143) For speaker train_S9_9_1_16, auxf-impr from fMLLR is 0, over 247 frames.
WARNING (gmm-est-fmllr:Update():fmllr-diag-gmm.cc:162) Not updating fMLLR since below min-count: count is 219
LOG (gmm-est-fmllr:main():gmm-est-fmllr.cc:143) For speaker train_S9_9_1_18, auxf-impr from fMLLR is 0, over 219 frames.
WARNING (gmm-est-fmllr:Update():fmllr-diag-gmm.cc:162) Not updating fMLLR since below min-count: count is 236
LOG (gmm-est-fmllr:main():gmm-est-fmllr.cc:143) For speaker train_S9_9_1_20, auxf-impr from fMLLR is 0, over 236 frames.
WARNING (gmm-est-fmllr:Update():fmllr-diag-gmm.cc:162) Not updating fMLLR since below min-count: count is 246
LOG (gmm-est-fmllr:main():gmm-est-fmllr.cc:143) For speaker train_S9_9_2_12, auxf-impr from fMLLR is 0, over 246 frames.
WARNING (gmm-est-fmllr:Update():fmllr-diag-gmm.cc:162) Not updating fMLLR since below min-count: count is 241
LOG (gmm-est-fmllr:main():gmm-est-fmllr.cc:143) For speaker train_S9_9_2_14, auxf-impr from fMLLR is 0, over 241 frames.
WARNING (gmm-est-fmllr:Update():fmllr-diag-gmm.cc:162) Not updating fMLLR since below min-count: count is 247
LOG (gmm-est-fmllr:main():gmm-est-fmllr.cc:143) For speaker train_S9_9_2_16, auxf-impr from fMLLR is 0, over 247 frames.
WARNING (gmm-est-fmllr:Update():fmllr-diag-gmm.cc:162) Not updating fMLLR since below min-count: count is 219
LOG (gmm-est-fmllr:main():gmm-est-fmllr.cc:143) For speaker train_S9_9_2_18, auxf-impr from fMLLR is 0, over 219 frames.
LOG (ali-to-post:main():ali-to-post.cc:65) Converted 275 alignments.
WARNING (gmm-est-fmllr:Update():fmllr-diag-gmm.cc:162) Not updating fMLLR since below min-count: count is 236
LOG (gmm-est-fmllr:main():gmm-est-fmllr.cc:143) For speaker train_S9_9_2_20, auxf-impr from fMLLR is 0, over 236 frames.
WARNING (gmm-est-fmllr:Update():fmllr-diag-gmm.cc:162) Not updating fMLLR since below min-count: count is 246
LOG (gmm-est-fmllr:main():gmm-est-fmllr.cc:143) For speaker train_S9_9_3_12, auxf-impr from fMLLR is 0, over 246 frames.
WARNING (gmm-est-fmllr:Update():fmllr-diag-gmm.cc:162) Not updating fMLLR since below min-count: count is 241
LOG (gmm-est-fmllr:main():gmm-est-fmllr.cc:143) For speaker train_S9_9_3_14, auxf-impr from fMLLR is 0, over 241 frames.
WARNING (gmm-est-fmllr:Update():fmllr-diag-gmm.cc:162) Not updating fMLLR since below min-count: count is 247
LOG (gmm-est-fmllr:main():gmm-est-fmllr.cc:143) For speaker train_S9_9_3_16, auxf-impr from fMLLR is 0, over 247 frames.
WARNING (gmm-est-fmllr:Update():fmllr-diag-gmm.cc:162) Not updating fMLLR since below min-count: count is 219
LOG (gmm-est-fmllr:main():gmm-est-fmllr.cc:143) For speaker train_S9_9_3_18, auxf-impr from fMLLR is 0, over 219 frames.
WARNING (gmm-est-fmllr:Update():fmllr-diag-gmm.cc:162) Not updating fMLLR since below min-count: count is 236
LOG (gmm-est-fmllr:main():gmm-est-fmllr.cc:143) For speaker train_S9_9_3_20, auxf-impr from fMLLR is 0, over 236 frames.
WARNING (gmm-est-fmllr:Update():fmllr-diag-gmm.cc:162) Not updating fMLLR since below min-count: count is 246
LOG (gmm-est-fmllr:main():gmm-est-fmllr.cc:143) For speaker train_S9_9_4_12, auxf-impr from fMLLR is 0, over 246 frames.
WARNING (gmm-est-fmllr:Update():fmllr-diag-gmm.cc:162) Not updating fMLLR since below min-count: count is 241
LOG (gmm-est-fmllr:main():gmm-est-fmllr.cc:143) For speaker train_S9_9_4_14, auxf-impr from fMLLR is 0, over 241 frames.
WARNING (gmm-est-fmllr:Update():fmllr-diag-gmm.cc:162) Not updating fMLLR since below min-count: count is 247
LOG (gmm-est-fmllr:main():gmm-est-fmllr.cc:143) For speaker train_S9_9_4_16, auxf-impr from fMLLR is 0, over 247 frames.
WARNING (gmm-est-fmllr:Update():fmllr-diag-gmm.cc:162) Not updating fMLLR since below min-count: count is 219
LOG (gmm-est-fmllr:main():gmm-est-fmllr.cc:143) For speaker train_S9_9_4_18, auxf-impr from fMLLR is 0, over 219 frames.
WARNING (gmm-est-fmllr:Update():fmllr-diag-gmm.cc:162) Not updating fMLLR since below min-count: count is 236
LOG (gmm-est-fmllr:main():gmm-est-fmllr.cc:143) For speaker train_S9_9_4_20, auxf-impr from fMLLR is 0, over 236 frames.
WARNING (gmm-est-fmllr:Update():fmllr-diag-gmm.cc:162) Not updating fMLLR since below min-count: count is 247
LOG (gmm-est-fmllr:main():gmm-est-fmllr.cc:143) For speaker train_S9_9_5_12, auxf-impr from fMLLR is 0, over 247 frames.
WARNING (gmm-est-fmllr:Update():fmllr-diag-gmm.cc:162) Not updating fMLLR since below min-count: count is 241
LOG (gmm-est-fmllr:main():gmm-est-fmllr.cc:143) For speaker train_S9_9_5_14, auxf-impr from fMLLR is 0, over 241 frames.
LOG (weight-silence-post:main():weight-silence-post.cc:95) Done 275 posteriors.
WARNING (gmm-est-fmllr:Update():fmllr-diag-gmm.cc:162) Not updating fMLLR since below min-count: count is 247
LOG (gmm-est-fmllr:main():gmm-est-fmllr.cc:143) For speaker train_S9_9_5_16, auxf-impr from fMLLR is 0, over 247 frames.
WARNING (gmm-est-fmllr:Update():fmllr-diag-gmm.cc:162) Not updating fMLLR since below min-count: count is 219
LOG (gmm-est-fmllr:main():gmm-est-fmllr.cc:143) For speaker train_S9_9_5_18, auxf-impr from fMLLR is 0, over 219 frames.
WARNING (gmm-est-fmllr:Update():fmllr-diag-gmm.cc:162) Not updating fMLLR since below min-count: count is 236
LOG (gmm-est-fmllr:main():gmm-est-fmllr.cc:143) For speaker train_S9_9_5_20, auxf-impr from fMLLR is 0, over 236 frames.
WARNING (gmm-est-fmllr:Update():fmllr-diag-gmm.cc:162) Not updating fMLLR since below min-count: count is 247
LOG (gmm-est-fmllr:main():gmm-est-fmllr.cc:143) For speaker train_S9_9_6_12, auxf-impr from fMLLR is 0, over 247 frames.
WARNING (gmm-est-fmllr:Update():fmllr-diag-gmm.cc:162) Not updating fMLLR since below min-count: count is 241
LOG (gmm-est-fmllr:main():gmm-est-fmllr.cc:143) For speaker train_S9_9_6_14, auxf-impr from fMLLR is 0, over 241 frames.
WARNING (gmm-est-fmllr:Update():fmllr-diag-gmm.cc:162) Not updating fMLLR since below min-count: count is 246
LOG (gmm-est-fmllr:main():gmm-est-fmllr.cc:143) For speaker train_S9_9_6_16, auxf-impr from fMLLR is 0, over 246 frames.
LOG (apply-cmvn:main():apply-cmvn.cc:146) Applied cepstral mean normalization to 275 utterances, errors on 0
WARNING (gmm-est-fmllr:Update():fmllr-diag-gmm.cc:162) Not updating fMLLR since below min-count: count is 219
LOG (gmm-est-fmllr:main():gmm-est-fmllr.cc:143) For speaker train_S9_9_6_18, auxf-impr from fMLLR is 0, over 219 frames.
WARNING (gmm-est-fmllr:Update():fmllr-diag-gmm.cc:162) Not updating fMLLR since below min-count: count is 236
LOG (gmm-est-fmllr:main():gmm-est-fmllr.cc:143) For speaker train_S9_9_6_20, auxf-impr from fMLLR is 0, over 236 frames.
WARNING (gmm-est-fmllr:Update():fmllr-diag-gmm.cc:162) Not updating fMLLR since below min-count: count is 247
LOG (gmm-est-fmllr:main():gmm-est-fmllr.cc:143) For speaker train_S9_9_7_12, auxf-impr from fMLLR is 0, over 247 frames.
WARNING (gmm-est-fmllr:Update():fmllr-diag-gmm.cc:162) Not updating fMLLR since below min-count: count is 241
LOG (gmm-est-fmllr:main():gmm-est-fmllr.cc:143) For speaker train_S9_9_7_14, auxf-impr from fMLLR is 0, over 241 frames.
WARNING (gmm-est-fmllr:Update():fmllr-diag-gmm.cc:162) Not updating fMLLR since below min-count: count is 247
LOG (gmm-est-fmllr:main():gmm-est-fmllr.cc:143) For speaker train_S9_9_7_16, auxf-impr from fMLLR is 0, over 247 frames.
WARNING (gmm-est-fmllr:Update():fmllr-diag-gmm.cc:162) Not updating fMLLR since below min-count: count is 219
LOG (gmm-est-fmllr:main():gmm-est-fmllr.cc:143) For speaker train_S9_9_7_18, auxf-impr from fMLLR is 0, over 219 frames.
WARNING (gmm-est-fmllr:Update():fmllr-diag-gmm.cc:162) Not updating fMLLR since below min-count: count is 236
LOG (gmm-est-fmllr:main():gmm-est-fmllr.cc:143) For speaker train_S9_9_7_20, auxf-impr from fMLLR is 0, over 236 frames.
LOG (gmm-est-fmllr:main():gmm-est-fmllr.cc:188) Done 275 files, 0 with no posts, 0 with other errors.
LOG (gmm-est-fmllr:main():gmm-est-fmllr.cc:190) Overall fMLLR auxf impr per frame is 1.78804 over 86406 frames.
# Accounting: time=7 threads=1
# Ended (code 0) at Thu Feb 27 12:03:18 IST 2020, elapsed time 7 seconds
