# nnet-shuffle-egs --buffer-size=5000 --srand=0 ark:exp/mono3_nnet/egs/egs.21.0.ark ark:- | nnet-train-parallel --num-threads=16 --minibatch-size=128 --srand=0 exp/mono3_nnet/0.mdl ark:- exp/mono3_nnet/1.21.mdl 
# Started at Thu Feb 13 09:38:32 IST 2020
#
nnet-train-parallel --num-threads=16 --minibatch-size=128 --srand=0 exp/mono3_nnet/0.mdl ark:- exp/mono3_nnet/1.21.mdl 
nnet-shuffle-egs --buffer-size=5000 --srand=0 ark:exp/mono3_nnet/egs/egs.21.0.ark ark:- 
LOG (nnet-train-parallel:GetScalingFactor():nnet-component.cc:1564) Limiting step size to 10 using scaling factor 0.29241, for component index 4
LOG (nnet-train-parallel:GetScalingFactor():nnet-component.cc:1564) Limiting step size to 10 using scaling factor 0.28614, for component index 4
LOG (nnet-train-parallel:GetScalingFactor():nnet-component.cc:1564) Limiting step size to 10 using scaling factor 0.278453, for component index 4
LOG (nnet-train-parallel:GetScalingFactor():nnet-component.cc:1564) Limiting step size to 10 using scaling factor 0.297841, for component index 4
LOG (nnet-train-parallel:GetScalingFactor():nnet-component.cc:1564) Limiting step size to 10 using scaling factor 0.278544, for component index 4
LOG (nnet-train-parallel:GetScalingFactor():nnet-component.cc:1564) Limiting step size to 10 using scaling factor 0.288118, for component index 4
LOG (nnet-train-parallel:GetScalingFactor():nnet-component.cc:1564) Limiting step size to 10 using scaling factor 0.284892, for component index 4
LOG (nnet-train-parallel:GetScalingFactor():nnet-component.cc:1564) Limiting step size to 10 using scaling factor 0.286344, for component index 4
LOG (nnet-train-parallel:GetScalingFactor():nnet-component.cc:1564) Limiting step size to 10 using scaling factor 0.28672, for component index 4
LOG (nnet-train-parallel:GetScalingFactor():nnet-component.cc:1564) Limiting step size to 10 using scaling factor 0.297883, for component index 4
LOG (nnet-shuffle-egs:main():nnet-shuffle-egs.cc:102) Shuffled order of 50663 neural-network training examples using a buffer (partial randomization)
LOG (nnet-train-parallel:DoBackpropParallel():nnet-update-parallel.cc:194) Did backprop on 50663 examples, average log-prob per frame is -1.69274
LOG (nnet-train-parallel:DoBackpropParallel():nnet-update-parallel.cc:196) [this line is to be parsed by a script:] log-prob-per-frame=-1.69274
LOG (nnet-train-parallel:main():nnet-train-parallel.cc:102) Finished training, processed 50663 training examples (weighted).  Wrote model to exp/mono3_nnet/1.21.mdl
# Accounting: time=14 threads=1
# Ended (code 0) at Thu Feb 13 09:38:46 IST 2020, elapsed time 14 seconds
