# nnet-shuffle-egs --buffer-size=5000 --srand=0 ark:exp/mono3_nnet/egs/egs.29.0.ark ark:- | nnet-train-parallel --num-threads=16 --minibatch-size=128 --srand=0 exp/mono3_nnet/0.mdl ark:- exp/mono3_nnet/1.29.mdl 
# Started at Thu Feb 13 09:38:58 IST 2020
#
nnet-train-parallel --num-threads=16 --minibatch-size=128 --srand=0 exp/mono3_nnet/0.mdl ark:- exp/mono3_nnet/1.29.mdl 
nnet-shuffle-egs --buffer-size=5000 --srand=0 ark:exp/mono3_nnet/egs/egs.29.0.ark ark:- 
LOG (nnet-train-parallel:GetScalingFactor():nnet-component.cc:1564) Limiting step size to 10 using scaling factor 0.277693, for component index 4
LOG (nnet-train-parallel:GetScalingFactor():nnet-component.cc:1564) Limiting step size to 10 using scaling factor 0.281165, for component index 4
LOG (nnet-train-parallel:GetScalingFactor():nnet-component.cc:1564) Limiting step size to 10 using scaling factor 0.293276, for component index 4
LOG (nnet-train-parallel:GetScalingFactor():nnet-component.cc:1564) Limiting step size to 10 using scaling factor 0.290211, for component index 4
LOG (nnet-train-parallel:GetScalingFactor():nnet-component.cc:1564) Limiting step size to 10 using scaling factor 0.287374, for component index 4
LOG (nnet-train-parallel:GetScalingFactor():nnet-component.cc:1564) Limiting step size to 10 using scaling factor 0.285898, for component index 4
LOG (nnet-train-parallel:GetScalingFactor():nnet-component.cc:1564) Limiting step size to 10 using scaling factor 0.282196, for component index 4
LOG (nnet-train-parallel:GetScalingFactor():nnet-component.cc:1564) Limiting step size to 10 using scaling factor 0.295583, for component index 4
LOG (nnet-train-parallel:GetScalingFactor():nnet-component.cc:1564) Limiting step size to 10 using scaling factor 0.287042, for component index 4
LOG (nnet-train-parallel:GetScalingFactor():nnet-component.cc:1564) Limiting step size to 10 using scaling factor 0.290581, for component index 4
LOG (nnet-shuffle-egs:main():nnet-shuffle-egs.cc:102) Shuffled order of 50654 neural-network training examples using a buffer (partial randomization)
LOG (nnet-train-parallel:DoBackpropParallel():nnet-update-parallel.cc:194) Did backprop on 50654 examples, average log-prob per frame is -1.66113
LOG (nnet-train-parallel:DoBackpropParallel():nnet-update-parallel.cc:196) [this line is to be parsed by a script:] log-prob-per-frame=-1.66113
LOG (nnet-train-parallel:main():nnet-train-parallel.cc:102) Finished training, processed 50654 training examples (weighted).  Wrote model to exp/mono3_nnet/1.29.mdl
# Accounting: time=8 threads=1
# Ended (code 0) at Thu Feb 13 09:39:06 IST 2020, elapsed time 8 seconds
