# nnet-shuffle-egs --buffer-size=5000 --srand=5 ark:exp/mono3_nnet/egs/egs.28.0.ark ark:- | nnet-train-parallel --num-threads=16 --minibatch-size=128 --srand=5 "nnet-init --srand=5 exp/mono3_nnet/hidden.config - | nnet-insert exp/mono3_nnet/5.mdl - - |" ark:- exp/mono3_nnet/6.28.mdl 
# Started at Thu Feb 13 09:56:41 IST 2020
#
nnet-train-parallel --num-threads=16 --minibatch-size=128 --srand=5 'nnet-init --srand=5 exp/mono3_nnet/hidden.config - | nnet-insert exp/mono3_nnet/5.mdl - - |' ark:- exp/mono3_nnet/6.28.mdl 
nnet-shuffle-egs --buffer-size=5000 --srand=5 ark:exp/mono3_nnet/egs/egs.28.0.ark ark:- 
nnet-init --srand=5 exp/mono3_nnet/hidden.config - 
nnet-insert exp/mono3_nnet/5.mdl - - 
LOG (nnet-init:main():nnet-init.cc:69) Initialized raw neural net and wrote it to -
LOG (nnet-insert:main():nnet-insert.cc:106) Inserted 2 components at position 8
LOG (nnet-insert:main():nnet-insert.cc:122) Randomized component index 10 with stddev 0.0057735
LOG (nnet-insert:main():nnet-insert.cc:132) Write neural-net acoustic model to -
LOG (nnet-train-parallel:GetScalingFactor():nnet-component.cc:1564) Limiting step size to 10 using scaling factor 0.694111, for component index 10
LOG (nnet-train-parallel:GetScalingFactor():nnet-component.cc:1564) Limiting step size to 10 using scaling factor 0.692054, for component index 10
LOG (nnet-train-parallel:GetScalingFactor():nnet-component.cc:1564) Limiting step size to 10 using scaling factor 0.689286, for component index 10
LOG (nnet-train-parallel:GetScalingFactor():nnet-component.cc:1564) Limiting step size to 10 using scaling factor 0.707808, for component index 10
LOG (nnet-train-parallel:GetScalingFactor():nnet-component.cc:1564) Limiting step size to 10 using scaling factor 0.679449, for component index 10
LOG (nnet-train-parallel:GetScalingFactor():nnet-component.cc:1564) Limiting step size to 10 using scaling factor 0.689564, for component index 10
LOG (nnet-train-parallel:GetScalingFactor():nnet-component.cc:1564) Limiting step size to 10 using scaling factor 0.68609, for component index 10
LOG (nnet-train-parallel:GetScalingFactor():nnet-component.cc:1564) Limiting step size to 10 using scaling factor 0.689632, for component index 10
LOG (nnet-train-parallel:GetScalingFactor():nnet-component.cc:1564) Limiting step size to 10 using scaling factor 0.701, for component index 10
LOG (nnet-train-parallel:GetScalingFactor():nnet-component.cc:1564) Limiting step size to 10 using scaling factor 0.694212, for component index 10
LOG (nnet-shuffle-egs:main():nnet-shuffle-egs.cc:102) Shuffled order of 50655 neural-network training examples using a buffer (partial randomization)
LOG (nnet-train-parallel:DoBackpropParallel():nnet-update-parallel.cc:194) Did backprop on 50655 examples, average log-prob per frame is -1.62463
LOG (nnet-train-parallel:DoBackpropParallel():nnet-update-parallel.cc:196) [this line is to be parsed by a script:] log-prob-per-frame=-1.62463
LOG (nnet-train-parallel:main():nnet-train-parallel.cc:102) Finished training, processed 50655 training examples (weighted).  Wrote model to exp/mono3_nnet/6.28.mdl
# Accounting: time=41 threads=1
# Ended (code 0) at Thu Feb 13 09:57:22 IST 2020, elapsed time 41 seconds
