# nnet-shuffle-egs --buffer-size=5000 --srand=2 ark:exp/mono3_nnet/egs/egs.6.0.ark ark:- | nnet-train-parallel --num-threads=16 --minibatch-size=128 --srand=2 exp/mono3_nnet/2.mdl ark:- exp/mono3_nnet/3.6.mdl 
# Started at Thu Feb 13 09:42:17 IST 2020
#
nnet-train-parallel --num-threads=16 --minibatch-size=128 --srand=2 exp/mono3_nnet/2.mdl ark:- exp/mono3_nnet/3.6.mdl 
nnet-shuffle-egs --buffer-size=5000 --srand=2 ark:exp/mono3_nnet/egs/egs.6.0.ark ark:- 
LOG (nnet-train-parallel:GetScalingFactor():nnet-component.cc:1564) Limiting step size to 10 using scaling factor 0.947196, for component index 4
LOG (nnet-train-parallel:GetScalingFactor():nnet-component.cc:1564) Limiting step size to 10 using scaling factor 0.851287, for component index 4
LOG (nnet-train-parallel:GetScalingFactor():nnet-component.cc:1564) Limiting step size to 10 using scaling factor 0.960184, for component index 4
LOG (nnet-train-parallel:GetScalingFactor():nnet-component.cc:1564) Limiting step size to 10 using scaling factor 0.973097, for component index 4
LOG (nnet-train-parallel:GetScalingFactor():nnet-component.cc:1564) Limiting step size to 10 using scaling factor 0.865529, for component index 4
LOG (nnet-train-parallel:GetScalingFactor():nnet-component.cc:1564) Limiting step size to 10 using scaling factor 0.969343, for component index 4
LOG (nnet-train-parallel:GetScalingFactor():nnet-component.cc:1564) Limiting step size to 10 using scaling factor 0.957752, for component index 4
LOG (nnet-train-parallel:GetScalingFactor():nnet-component.cc:1564) Limiting step size to 10 using scaling factor 0.840638, for component index 6
LOG (nnet-train-parallel:GetScalingFactor():nnet-component.cc:1564) Limiting step size to 10 using scaling factor 0.92548, for component index 6
LOG (nnet-train-parallel:GetScalingFactor():nnet-component.cc:1564) Limiting step size to 10 using scaling factor 0.699818, for component index 6
LOG (nnet-shuffle-egs:main():nnet-shuffle-egs.cc:102) Shuffled order of 50679 neural-network training examples using a buffer (partial randomization)
LOG (nnet-train-parallel:DoBackpropParallel():nnet-update-parallel.cc:194) Did backprop on 50679 examples, average log-prob per frame is -1.20285
LOG (nnet-train-parallel:DoBackpropParallel():nnet-update-parallel.cc:196) [this line is to be parsed by a script:] log-prob-per-frame=-1.20285
LOG (nnet-train-parallel:main():nnet-train-parallel.cc:102) Finished training, processed 50679 training examples (weighted).  Wrote model to exp/mono3_nnet/3.6.mdl
# Accounting: time=22 threads=1
# Ended (code 0) at Thu Feb 13 09:42:39 IST 2020, elapsed time 22 seconds
