# nnet-shuffle-egs --buffer-size=5000 --srand=2 ark:exp/mono3_nnet/egs/egs.17.0.ark ark:- | nnet-train-parallel --num-threads=16 --minibatch-size=128 --srand=2 exp/mono3_nnet/2.mdl ark:- exp/mono3_nnet/3.17.mdl 
# Started at Thu Feb 13 09:43:24 IST 2020
#
nnet-train-parallel --num-threads=16 --minibatch-size=128 --srand=2 exp/mono3_nnet/2.mdl ark:- exp/mono3_nnet/3.17.mdl 
nnet-shuffle-egs --buffer-size=5000 --srand=2 ark:exp/mono3_nnet/egs/egs.17.0.ark ark:- 
LOG (nnet-train-parallel:GetScalingFactor():nnet-component.cc:1564) Limiting step size to 10 using scaling factor 0.959299, for component index 6
LOG (nnet-train-parallel:GetScalingFactor():nnet-component.cc:1564) Limiting step size to 10 using scaling factor 0.877322, for component index 4
LOG (nnet-train-parallel:GetScalingFactor():nnet-component.cc:1564) Limiting step size to 10 using scaling factor 0.827444, for component index 4
LOG (nnet-train-parallel:GetScalingFactor():nnet-component.cc:1564) Limiting step size to 10 using scaling factor 0.885984, for component index 4
LOG (nnet-train-parallel:GetScalingFactor():nnet-component.cc:1564) Limiting step size to 10 using scaling factor 0.942992, for component index 6
LOG (nnet-train-parallel:GetScalingFactor():nnet-component.cc:1564) Limiting step size to 10 using scaling factor 0.994798, for component index 4
LOG (nnet-train-parallel:GetScalingFactor():nnet-component.cc:1564) Limiting step size to 10 using scaling factor 0.908279, for component index 4
LOG (nnet-train-parallel:GetScalingFactor():nnet-component.cc:1564) Limiting step size to 10 using scaling factor 0.754479, for component index 4
LOG (nnet-train-parallel:GetScalingFactor():nnet-component.cc:1564) Limiting step size to 10 using scaling factor 0.896896, for component index 4
LOG (nnet-train-parallel:GetScalingFactor():nnet-component.cc:1564) Limiting step size to 10 using scaling factor 0.875613, for component index 4
LOG (nnet-shuffle-egs:main():nnet-shuffle-egs.cc:102) Shuffled order of 50667 neural-network training examples using a buffer (partial randomization)
LOG (nnet-train-parallel:DoBackpropParallel():nnet-update-parallel.cc:194) Did backprop on 50667 examples, average log-prob per frame is -1.21742
LOG (nnet-train-parallel:DoBackpropParallel():nnet-update-parallel.cc:196) [this line is to be parsed by a script:] log-prob-per-frame=-1.21742
LOG (nnet-train-parallel:main():nnet-train-parallel.cc:102) Finished training, processed 50667 training examples (weighted).  Wrote model to exp/mono3_nnet/3.17.mdl
# Accounting: time=22 threads=1
# Ended (code 0) at Thu Feb 13 09:43:46 IST 2020, elapsed time 22 seconds
