# nnet-shuffle-egs --buffer-size=5000 --srand=3 ark:exp/mono3_nnet/egs/egs.20.0.ark ark:- | nnet-train-parallel --num-threads=16 --minibatch-size=128 --srand=3 "nnet-init --srand=3 exp/mono3_nnet/hidden.config - | nnet-insert exp/mono3_nnet/3.mdl - - |" ark:- exp/mono3_nnet/4.20.mdl 
# Started at Thu Feb 13 09:46:50 IST 2020
#
nnet-train-parallel --num-threads=16 --minibatch-size=128 --srand=3 'nnet-init --srand=3 exp/mono3_nnet/hidden.config - | nnet-insert exp/mono3_nnet/3.mdl - - |' ark:- exp/mono3_nnet/4.20.mdl 
nnet-shuffle-egs --buffer-size=5000 --srand=3 ark:exp/mono3_nnet/egs/egs.20.0.ark ark:- 
nnet-init --srand=3 exp/mono3_nnet/hidden.config - 
nnet-insert exp/mono3_nnet/3.mdl - - 
LOG (nnet-insert:main():nnet-insert.cc:106) Inserted 2 components at position 6
LOG (nnet-insert:main():nnet-insert.cc:122) Randomized component index 8 with stddev 0.0057735
LOG (nnet-insert:main():nnet-insert.cc:132) Write neural-net acoustic model to -
LOG (nnet-init:main():nnet-init.cc:69) Initialized raw neural net and wrote it to -
LOG (nnet-train-parallel:GetScalingFactor():nnet-component.cc:1564) Limiting step size to 10 using scaling factor 0.553311, for component index 8
LOG (nnet-train-parallel:GetScalingFactor():nnet-component.cc:1564) Limiting step size to 10 using scaling factor 0.558737, for component index 8
LOG (nnet-train-parallel:GetScalingFactor():nnet-component.cc:1564) Limiting step size to 10 using scaling factor 0.539786, for component index 8
LOG (nnet-train-parallel:GetScalingFactor():nnet-component.cc:1564) Limiting step size to 10 using scaling factor 0.551728, for component index 8
LOG (nnet-train-parallel:GetScalingFactor():nnet-component.cc:1564) Limiting step size to 10 using scaling factor 0.55733, for component index 8
LOG (nnet-train-parallel:GetScalingFactor():nnet-component.cc:1564) Limiting step size to 10 using scaling factor 0.548591, for component index 8
LOG (nnet-train-parallel:GetScalingFactor():nnet-component.cc:1564) Limiting step size to 10 using scaling factor 0.544439, for component index 8
LOG (nnet-train-parallel:GetScalingFactor():nnet-component.cc:1564) Limiting step size to 10 using scaling factor 0.566101, for component index 8
LOG (nnet-train-parallel:GetScalingFactor():nnet-component.cc:1564) Limiting step size to 10 using scaling factor 0.551796, for component index 8
LOG (nnet-train-parallel:GetScalingFactor():nnet-component.cc:1564) Limiting step size to 10 using scaling factor 0.565748, for component index 8
LOG (nnet-train-parallel:GetScalingFactor():nnet-component.cc:1564) Limiting step size to 10 using scaling factor 0.549195, for component index 8
LOG (nnet-train-parallel:GetScalingFactor():nnet-component.cc:1564) Limiting step size to 10 using scaling factor 0.565658, for component index 8
LOG (nnet-train-parallel:GetScalingFactor():nnet-component.cc:1564) Limiting step size to 10 using scaling factor 0.579229, for component index 8
LOG (nnet-shuffle-egs:main():nnet-shuffle-egs.cc:102) Shuffled order of 50664 neural-network training examples using a buffer (partial randomization)
LOG (nnet-train-parallel:DoBackpropParallel():nnet-update-parallel.cc:194) Did backprop on 50664 examples, average log-prob per frame is -1.98639
LOG (nnet-train-parallel:DoBackpropParallel():nnet-update-parallel.cc:196) [this line is to be parsed by a script:] log-prob-per-frame=-1.98639
LOG (nnet-train-parallel:main():nnet-train-parallel.cc:102) Finished training, processed 50664 training examples (weighted).  Wrote model to exp/mono3_nnet/4.20.mdl
# Accounting: time=31 threads=1
# Ended (code 0) at Thu Feb 13 09:47:21 IST 2020, elapsed time 31 seconds
