# nnet-shuffle-egs --buffer-size=5000 --srand=1 ark:exp/mono3_nnet/egs/egs.2.0.ark ark:- | nnet-train-parallel --num-threads=16 --minibatch-size=128 --srand=1 "nnet-init --srand=1 exp/mono3_nnet/hidden.config - | nnet-insert exp/mono3_nnet/1.mdl - - |" ark:- exp/mono3_nnet/2.2.mdl 
# Started at Thu Feb 13 09:39:07 IST 2020
#
nnet-train-parallel --num-threads=16 --minibatch-size=128 --srand=1 'nnet-init --srand=1 exp/mono3_nnet/hidden.config - | nnet-insert exp/mono3_nnet/1.mdl - - |' ark:- exp/mono3_nnet/2.2.mdl 
nnet-shuffle-egs --buffer-size=5000 --srand=1 ark:exp/mono3_nnet/egs/egs.2.0.ark ark:- 
nnet-init --srand=1 exp/mono3_nnet/hidden.config - 
nnet-insert exp/mono3_nnet/1.mdl - - 
LOG (nnet-init:main():nnet-init.cc:69) Initialized raw neural net and wrote it to -
LOG (nnet-insert:main():nnet-insert.cc:106) Inserted 2 components at position 4
LOG (nnet-insert:main():nnet-insert.cc:122) Randomized component index 6 with stddev 0.0057735
LOG (nnet-insert:main():nnet-insert.cc:132) Write neural-net acoustic model to -
LOG (nnet-train-parallel:GetScalingFactor():nnet-component.cc:1564) Limiting step size to 10 using scaling factor 0.447763, for component index 6
LOG (nnet-train-parallel:GetScalingFactor():nnet-component.cc:1564) Limiting step size to 10 using scaling factor 0.4537, for component index 6
LOG (nnet-train-parallel:GetScalingFactor():nnet-component.cc:1564) Limiting step size to 10 using scaling factor 0.4471, for component index 6
LOG (nnet-train-parallel:GetScalingFactor():nnet-component.cc:1564) Limiting step size to 10 using scaling factor 0.431618, for component index 6
LOG (nnet-train-parallel:GetScalingFactor():nnet-component.cc:1564) Limiting step size to 10 using scaling factor 0.438585, for component index 6
LOG (nnet-train-parallel:GetScalingFactor():nnet-component.cc:1564) Limiting step size to 10 using scaling factor 0.444121, for component index 6
LOG (nnet-train-parallel:GetScalingFactor():nnet-component.cc:1564) Limiting step size to 10 using scaling factor 0.437858, for component index 6
LOG (nnet-train-parallel:GetScalingFactor():nnet-component.cc:1564) Limiting step size to 10 using scaling factor 0.442469, for component index 6
LOG (nnet-train-parallel:GetScalingFactor():nnet-component.cc:1564) Limiting step size to 10 using scaling factor 0.464728, for component index 6
LOG (nnet-train-parallel:GetScalingFactor():nnet-component.cc:1564) Limiting step size to 10 using scaling factor 0.452909, for component index 6
LOG (nnet-shuffle-egs:main():nnet-shuffle-egs.cc:102) Shuffled order of 50683 neural-network training examples using a buffer (partial randomization)
LOG (nnet-train-parallel:DoBackpropParallel():nnet-update-parallel.cc:194) Did backprop on 50683 examples, average log-prob per frame is -1.73237
LOG (nnet-train-parallel:DoBackpropParallel():nnet-update-parallel.cc:196) [this line is to be parsed by a script:] log-prob-per-frame=-1.73237
LOG (nnet-train-parallel:main():nnet-train-parallel.cc:102) Finished training, processed 50683 training examples (weighted).  Wrote model to exp/mono3_nnet/2.2.mdl
# Accounting: time=23 threads=1
# Ended (code 0) at Thu Feb 13 09:39:30 IST 2020, elapsed time 23 seconds
