# nnet-shuffle-egs --buffer-size=5000 --srand=13 ark:exp/mono3_nnet/egs/egs.25.0.ark ark:- | nnet-train-parallel --num-threads=16 --minibatch-size=128 --srand=13 "nnet-init --srand=13 exp/mono3_nnet/hidden.config - | nnet-insert exp/mono3_nnet/13.mdl - - |" ark:- exp/mono3_nnet/14.25.mdl 
# Started at Thu Feb 13 10:55:00 IST 2020
#
nnet-shuffle-egs --buffer-size=5000 --srand=13 ark:exp/mono3_nnet/egs/egs.25.0.ark ark:- 
nnet-train-parallel --num-threads=16 --minibatch-size=128 --srand=13 'nnet-init --srand=13 exp/mono3_nnet/hidden.config - | nnet-insert exp/mono3_nnet/13.mdl - - |' ark:- exp/mono3_nnet/14.25.mdl 
nnet-init --srand=13 exp/mono3_nnet/hidden.config - 
nnet-insert exp/mono3_nnet/13.mdl - - 
LOG (nnet-init:main():nnet-init.cc:69) Initialized raw neural net and wrote it to -
LOG (nnet-insert:main():nnet-insert.cc:106) Inserted 2 components at position 16
LOG (nnet-insert:main():nnet-insert.cc:122) Randomized component index 18 with stddev 0.0057735
LOG (nnet-insert:main():nnet-insert.cc:132) Write neural-net acoustic model to -
LOG (nnet-train-parallel:GetScalingFactor():nnet-component.cc:1564) Limiting step size to 10 using scaling factor 0.784257, for component index 16
LOG (nnet-train-parallel:GetScalingFactor():nnet-component.cc:1564) Limiting step size to 10 using scaling factor 0.636981, for component index 16
LOG (nnet-train-parallel:GetScalingFactor():nnet-component.cc:1564) Limiting step size to 10 using scaling factor 0.595392, for component index 16
LOG (nnet-train-parallel:GetScalingFactor():nnet-component.cc:1564) Limiting step size to 10 using scaling factor 0.47203, for component index 16
LOG (nnet-train-parallel:GetScalingFactor():nnet-component.cc:1564) Limiting step size to 10 using scaling factor 0.569347, for component index 16
LOG (nnet-train-parallel:GetScalingFactor():nnet-component.cc:1564) Limiting step size to 10 using scaling factor 0.552526, for component index 16
LOG (nnet-train-parallel:GetScalingFactor():nnet-component.cc:1564) Limiting step size to 10 using scaling factor 0.718521, for component index 16
LOG (nnet-train-parallel:GetScalingFactor():nnet-component.cc:1564) Limiting step size to 10 using scaling factor 0.791004, for component index 16
LOG (nnet-train-parallel:GetScalingFactor():nnet-component.cc:1564) Limiting step size to 10 using scaling factor 0.755332, for component index 16
LOG (nnet-train-parallel:GetScalingFactor():nnet-component.cc:1564) Limiting step size to 10 using scaling factor 0.735146, for component index 16
LOG (nnet-shuffle-egs:main():nnet-shuffle-egs.cc:102) Shuffled order of 50658 neural-network training examples using a buffer (partial randomization)
LOG (nnet-train-parallel:DoBackpropParallel():nnet-update-parallel.cc:194) Did backprop on 50658 examples, average log-prob per frame is -0.374201
LOG (nnet-train-parallel:DoBackpropParallel():nnet-update-parallel.cc:196) [this line is to be parsed by a script:] log-prob-per-frame=-0.374201
LOG (nnet-train-parallel:main():nnet-train-parallel.cc:102) Finished training, processed 50658 training examples (weighted).  Wrote model to exp/mono3_nnet/14.25.mdl
# Accounting: time=77 threads=1
# Ended (code 0) at Thu Feb 13 10:56:18 IST 2020, elapsed time 77 seconds
