# nnet-shuffle-egs --buffer-size=5000 --srand=17 ark:exp/mono3_nnet/egs/egs.4.0.ark ark:- | nnet-train-parallel --num-threads=16 --minibatch-size=128 --srand=17 "nnet-init --srand=17 exp/mono3_nnet/hidden.config - | nnet-insert exp/mono3_nnet/17.mdl - - |" ark:- exp/mono3_nnet/18.4.mdl 
# Started at Thu Feb 13 11:28:36 IST 2020
#
nnet-shuffle-egs --buffer-size=5000 --srand=17 ark:exp/mono3_nnet/egs/egs.4.0.ark ark:- 
nnet-train-parallel --num-threads=16 --minibatch-size=128 --srand=17 'nnet-init --srand=17 exp/mono3_nnet/hidden.config - | nnet-insert exp/mono3_nnet/17.mdl - - |' ark:- exp/mono3_nnet/18.4.mdl 
nnet-init --srand=17 exp/mono3_nnet/hidden.config - 
nnet-insert exp/mono3_nnet/17.mdl - - 
LOG (nnet-init:main():nnet-init.cc:69) Initialized raw neural net and wrote it to -
LOG (nnet-insert:main():nnet-insert.cc:106) Inserted 2 components at position 20
LOG (nnet-insert:main():nnet-insert.cc:122) Randomized component index 22 with stddev 0.0057735
LOG (nnet-insert:main():nnet-insert.cc:132) Write neural-net acoustic model to -
LOG (nnet-train-parallel:GetScalingFactor():nnet-component.cc:1564) Limiting step size to 10 using scaling factor 0.812619, for component index 20
LOG (nnet-train-parallel:GetScalingFactor():nnet-component.cc:1564) Limiting step size to 10 using scaling factor 0.962369, for component index 20
LOG (nnet-train-parallel:GetScalingFactor():nnet-component.cc:1564) Limiting step size to 10 using scaling factor 0.831482, for component index 20
LOG (nnet-train-parallel:GetScalingFactor():nnet-component.cc:1564) Limiting step size to 10 using scaling factor 0.653259, for component index 20
LOG (nnet-train-parallel:GetScalingFactor():nnet-component.cc:1564) Limiting step size to 10 using scaling factor 0.66191, for component index 20
LOG (nnet-train-parallel:GetScalingFactor():nnet-component.cc:1564) Limiting step size to 10 using scaling factor 0.740422, for component index 20
LOG (nnet-train-parallel:GetScalingFactor():nnet-component.cc:1564) Limiting step size to 10 using scaling factor 0.938781, for component index 20
LOG (nnet-train-parallel:GetScalingFactor():nnet-component.cc:1564) Limiting step size to 10 using scaling factor 0.870308, for component index 20
LOG (nnet-train-parallel:GetScalingFactor():nnet-component.cc:1564) Limiting step size to 10 using scaling factor 0.942325, for component index 20
LOG (nnet-train-parallel:GetScalingFactor():nnet-component.cc:1564) Limiting step size to 10 using scaling factor 0.938819, for component index 20
LOG (nnet-shuffle-egs:main():nnet-shuffle-egs.cc:102) Shuffled order of 50681 neural-network training examples using a buffer (partial randomization)
LOG (nnet-train-parallel:DoBackpropParallel():nnet-update-parallel.cc:194) Did backprop on 50681 examples, average log-prob per frame is -0.381783
LOG (nnet-train-parallel:DoBackpropParallel():nnet-update-parallel.cc:196) [this line is to be parsed by a script:] log-prob-per-frame=-0.381783
LOG (nnet-train-parallel:main():nnet-train-parallel.cc:102) Finished training, processed 50681 training examples (weighted).  Wrote model to exp/mono3_nnet/18.4.mdl
# Accounting: time=97 threads=1
# Ended (code 0) at Thu Feb 13 11:30:13 IST 2020, elapsed time 97 seconds
