# nnet-shuffle-egs --buffer-size=5000 --srand=0 ark:exp/mono3_nnet/egs/egs.11.0.ark ark:- | nnet-train-parallel --num-threads=16 --minibatch-size=128 --srand=0 exp/mono3_nnet/0.mdl ark:- exp/mono3_nnet/1.11.mdl 
# Started at Thu Feb 13 09:37:54 IST 2020
#
nnet-train-parallel --num-threads=16 --minibatch-size=128 --srand=0 exp/mono3_nnet/0.mdl ark:- exp/mono3_nnet/1.11.mdl 
nnet-shuffle-egs --buffer-size=5000 --srand=0 ark:exp/mono3_nnet/egs/egs.11.0.ark ark:- 
LOG (nnet-train-parallel:GetScalingFactor():nnet-component.cc:1564) Limiting step size to 10 using scaling factor 0.292753, for component index 4
LOG (nnet-train-parallel:GetScalingFactor():nnet-component.cc:1564) Limiting step size to 10 using scaling factor 0.281361, for component index 4
LOG (nnet-train-parallel:GetScalingFactor():nnet-component.cc:1564) Limiting step size to 10 using scaling factor 0.292159, for component index 4
LOG (nnet-train-parallel:GetScalingFactor():nnet-component.cc:1564) Limiting step size to 10 using scaling factor 0.281033, for component index 4
LOG (nnet-train-parallel:GetScalingFactor():nnet-component.cc:1564) Limiting step size to 10 using scaling factor 0.288011, for component index 4
LOG (nnet-train-parallel:GetScalingFactor():nnet-component.cc:1564) Limiting step size to 10 using scaling factor 0.287486, for component index 4
LOG (nnet-train-parallel:GetScalingFactor():nnet-component.cc:1564) Limiting step size to 10 using scaling factor 0.289122, for component index 4
LOG (nnet-train-parallel:GetScalingFactor():nnet-component.cc:1564) Limiting step size to 10 using scaling factor 0.280083, for component index 4
LOG (nnet-train-parallel:GetScalingFactor():nnet-component.cc:1564) Limiting step size to 10 using scaling factor 0.287224, for component index 4
LOG (nnet-train-parallel:GetScalingFactor():nnet-component.cc:1564) Limiting step size to 10 using scaling factor 0.298461, for component index 4
LOG (nnet-shuffle-egs:main():nnet-shuffle-egs.cc:102) Shuffled order of 50673 neural-network training examples using a buffer (partial randomization)
LOG (nnet-train-parallel:DoBackpropParallel():nnet-update-parallel.cc:194) Did backprop on 50673 examples, average log-prob per frame is -1.70495
LOG (nnet-train-parallel:DoBackpropParallel():nnet-update-parallel.cc:196) [this line is to be parsed by a script:] log-prob-per-frame=-1.70495
LOG (nnet-train-parallel:main():nnet-train-parallel.cc:102) Finished training, processed 50673 training examples (weighted).  Wrote model to exp/mono3_nnet/1.11.mdl
# Accounting: time=13 threads=1
# Ended (code 0) at Thu Feb 13 09:38:08 IST 2020, elapsed time 13 seconds
