# nnet-shuffle-egs --buffer-size=5000 --srand=16 ark:exp/mono3_nnet/egs/egs.8.0.ark ark:- | nnet-train-parallel --num-threads=16 --minibatch-size=128 --srand=16 exp/mono3_nnet/16.mdl ark:- exp/mono3_nnet/17.8.mdl 
# Started at Thu Feb 13 11:19:14 IST 2020
#
nnet-shuffle-egs --buffer-size=5000 --srand=16 ark:exp/mono3_nnet/egs/egs.8.0.ark ark:- 
nnet-train-parallel --num-threads=16 --minibatch-size=128 --srand=16 exp/mono3_nnet/16.mdl ark:- exp/mono3_nnet/17.8.mdl 
LOG (nnet-train-parallel:GetScalingFactor():nnet-component.cc:1564) Limiting step size to 10 using scaling factor 0.95705, for component index 4
LOG (nnet-train-parallel:GetScalingFactor():nnet-component.cc:1564) Limiting step size to 10 using scaling factor 0.952901, for component index 4
LOG (nnet-train-parallel:GetScalingFactor():nnet-component.cc:1564) Limiting step size to 10 using scaling factor 0.86114, for component index 4
LOG (nnet-train-parallel:GetScalingFactor():nnet-component.cc:1564) Limiting step size to 10 using scaling factor 0.947069, for component index 4
LOG (nnet-train-parallel:GetScalingFactor():nnet-component.cc:1564) Limiting step size to 10 using scaling factor 0.953404, for component index 4
LOG (nnet-train-parallel:GetScalingFactor():nnet-component.cc:1564) Limiting step size to 10 using scaling factor 0.976076, for component index 4
LOG (nnet-train-parallel:GetScalingFactor():nnet-component.cc:1564) Limiting step size to 10 using scaling factor 0.962185, for component index 4
LOG (nnet-train-parallel:GetScalingFactor():nnet-component.cc:1564) Limiting step size to 10 using scaling factor 0.759728, for component index 4
LOG (nnet-train-parallel:GetScalingFactor():nnet-component.cc:1564) Limiting step size to 10 using scaling factor 0.824655, for component index 4
LOG (nnet-train-parallel:GetScalingFactor():nnet-component.cc:1564) Limiting step size to 10 using scaling factor 0.997055, for component index 4
LOG (nnet-shuffle-egs:main():nnet-shuffle-egs.cc:102) Shuffled order of 50675 neural-network training examples using a buffer (partial randomization)
LOG (nnet-train-parallel:DoBackpropParallel():nnet-update-parallel.cc:194) Did backprop on 50675 examples, average log-prob per frame is -0.33412
LOG (nnet-train-parallel:DoBackpropParallel():nnet-update-parallel.cc:196) [this line is to be parsed by a script:] log-prob-per-frame=-0.33412
LOG (nnet-train-parallel:main():nnet-train-parallel.cc:102) Finished training, processed 50675 training examples (weighted).  Wrote model to exp/mono3_nnet/17.8.mdl
# Accounting: time=87 threads=1
# Ended (code 0) at Thu Feb 13 11:20:42 IST 2020, elapsed time 87 seconds
