# nnet-shuffle-egs --buffer-size=5000 --srand=3 ark:exp/mono3_nnet/egs/egs.25.0.ark ark:- | nnet-train-parallel --num-threads=16 --minibatch-size=128 --srand=3 "nnet-init --srand=3 exp/mono3_nnet/hidden.config - | nnet-insert exp/mono3_nnet/3.mdl - - |" ark:- exp/mono3_nnet/4.25.mdl 
# Started at Thu Feb 13 09:47:50 IST 2020
#
nnet-shuffle-egs --buffer-size=5000 --srand=3 ark:exp/mono3_nnet/egs/egs.25.0.ark ark:- 
nnet-train-parallel --num-threads=16 --minibatch-size=128 --srand=3 'nnet-init --srand=3 exp/mono3_nnet/hidden.config - | nnet-insert exp/mono3_nnet/3.mdl - - |' ark:- exp/mono3_nnet/4.25.mdl 
nnet-init --srand=3 exp/mono3_nnet/hidden.config - 
nnet-insert exp/mono3_nnet/3.mdl - - 
LOG (nnet-insert:main():nnet-insert.cc:106) Inserted 2 components at position 6
LOG (nnet-insert:main():nnet-insert.cc:122) Randomized component index 8 with stddev 0.0057735
LOG (nnet-insert:main():nnet-insert.cc:132) Write neural-net acoustic model to -
LOG (nnet-init:main():nnet-init.cc:69) Initialized raw neural net and wrote it to -
LOG (nnet-train-parallel:GetScalingFactor():nnet-component.cc:1564) Limiting step size to 10 using scaling factor 0.544705, for component index 8
LOG (nnet-train-parallel:GetScalingFactor():nnet-component.cc:1564) Limiting step size to 10 using scaling factor 0.561916, for component index 8
LOG (nnet-train-parallel:GetScalingFactor():nnet-component.cc:1564) Limiting step size to 10 using scaling factor 0.559126, for component index 8
LOG (nnet-train-parallel:GetScalingFactor():nnet-component.cc:1564) Limiting step size to 10 using scaling factor 0.560975, for component index 8
LOG (nnet-train-parallel:GetScalingFactor():nnet-component.cc:1564) Limiting step size to 10 using scaling factor 0.559983, for component index 8
LOG (nnet-train-parallel:GetScalingFactor():nnet-component.cc:1564) Limiting step size to 10 using scaling factor 0.548939, for component index 8
LOG (nnet-train-parallel:GetScalingFactor():nnet-component.cc:1564) Limiting step size to 10 using scaling factor 0.558182, for component index 8
LOG (nnet-train-parallel:GetScalingFactor():nnet-component.cc:1564) Limiting step size to 10 using scaling factor 0.556173, for component index 8
LOG (nnet-train-parallel:GetScalingFactor():nnet-component.cc:1564) Limiting step size to 10 using scaling factor 0.564915, for component index 8
LOG (nnet-train-parallel:GetScalingFactor():nnet-component.cc:1564) Limiting step size to 10 using scaling factor 0.568847, for component index 8
LOG (nnet-shuffle-egs:main():nnet-shuffle-egs.cc:102) Shuffled order of 50658 neural-network training examples using a buffer (partial randomization)
LOG (nnet-train-parallel:DoBackpropParallel():nnet-update-parallel.cc:194) Did backprop on 50658 examples, average log-prob per frame is -1.40829
LOG (nnet-train-parallel:DoBackpropParallel():nnet-update-parallel.cc:196) [this line is to be parsed by a script:] log-prob-per-frame=-1.40829
LOG (nnet-train-parallel:main():nnet-train-parallel.cc:102) Finished training, processed 50658 training examples (weighted).  Wrote model to exp/mono3_nnet/4.25.mdl
# Accounting: time=31 threads=1
# Ended (code 0) at Thu Feb 13 09:48:21 IST 2020, elapsed time 31 seconds
