# nnet-shuffle-egs --buffer-size=5000 --srand=21 ark:exp/mono3_nnet/egs/egs.11.0.ark ark:- | nnet-train-parallel --num-threads=16 --minibatch-size=128 --srand=21 exp/mono3_nnet/21.mdl ark:- exp/mono3_nnet/22.11.mdl 
# Started at Thu Feb 13 12:21:24 IST 2020
#
nnet-train-parallel --num-threads=16 --minibatch-size=128 --srand=21 exp/mono3_nnet/21.mdl ark:- exp/mono3_nnet/22.11.mdl 
nnet-shuffle-egs --buffer-size=5000 --srand=21 ark:exp/mono3_nnet/egs/egs.11.0.ark ark:- 
LOG (nnet-train-parallel:GetScalingFactor():nnet-component.cc:1564) Limiting step size to 10 using scaling factor 0.919178, for component index 4
LOG (nnet-train-parallel:GetScalingFactor():nnet-component.cc:1564) Limiting step size to 10 using scaling factor 0.864872, for component index 4
LOG (nnet-train-parallel:GetScalingFactor():nnet-component.cc:1564) Limiting step size to 10 using scaling factor 0.923198, for component index 4
LOG (nnet-train-parallel:GetScalingFactor():nnet-component.cc:1564) Limiting step size to 10 using scaling factor 0.899125, for component index 4
LOG (nnet-train-parallel:GetScalingFactor():nnet-component.cc:1564) Limiting step size to 10 using scaling factor 0.799688, for component index 4
LOG (nnet-train-parallel:GetScalingFactor():nnet-component.cc:1564) Limiting step size to 10 using scaling factor 0.964498, for component index 4
LOG (nnet-train-parallel:GetScalingFactor():nnet-component.cc:1564) Limiting step size to 10 using scaling factor 0.750963, for component index 4
LOG (nnet-train-parallel:GetScalingFactor():nnet-component.cc:1564) Limiting step size to 10 using scaling factor 0.748863, for component index 4
LOG (nnet-train-parallel:GetScalingFactor():nnet-component.cc:1564) Limiting step size to 10 using scaling factor 0.865336, for component index 4
LOG (nnet-train-parallel:GetScalingFactor():nnet-component.cc:1564) Limiting step size to 10 using scaling factor 0.604062, for component index 4
LOG (nnet-shuffle-egs:main():nnet-shuffle-egs.cc:102) Shuffled order of 50673 neural-network training examples using a buffer (partial randomization)
LOG (nnet-train-parallel:DoBackpropParallel():nnet-update-parallel.cc:194) Did backprop on 50673 examples, average log-prob per frame is -0.441874
LOG (nnet-train-parallel:DoBackpropParallel():nnet-update-parallel.cc:196) [this line is to be parsed by a script:] log-prob-per-frame=-0.441874
LOG (nnet-train-parallel:main():nnet-train-parallel.cc:102) Finished training, processed 50673 training examples (weighted).  Wrote model to exp/mono3_nnet/22.11.mdl
# Accounting: time=108 threads=1
# Ended (code 0) at Thu Feb 13 12:23:12 IST 2020, elapsed time 108 seconds
