# nnet-shuffle-egs --buffer-size=5000 --srand=6 ark:exp/mono3_nnet/egs/egs.1.0.ark ark:- | nnet-train-parallel --num-threads=16 --minibatch-size=128 --srand=6 exp/mono3_nnet/6.mdl ark:- exp/mono3_nnet/7.1.mdl 
# Started at Thu Feb 13 09:57:45 IST 2020
#
nnet-shuffle-egs --buffer-size=5000 --srand=6 ark:exp/mono3_nnet/egs/egs.1.0.ark ark:- 
nnet-train-parallel --num-threads=16 --minibatch-size=128 --srand=6 exp/mono3_nnet/6.mdl ark:- exp/mono3_nnet/7.1.mdl 
LOG (nnet-train-parallel:GetScalingFactor():nnet-component.cc:1564) Limiting step size to 10 using scaling factor 0.991485, for component index 8
LOG (nnet-train-parallel:GetScalingFactor():nnet-component.cc:1564) Limiting step size to 10 using scaling factor 0.902464, for component index 6
LOG (nnet-train-parallel:GetScalingFactor():nnet-component.cc:1564) Limiting step size to 10 using scaling factor 0.838638, for component index 4
LOG (nnet-train-parallel:GetScalingFactor():nnet-component.cc:1564) Limiting step size to 10 using scaling factor 0.783147, for component index 4
LOG (nnet-train-parallel:GetScalingFactor():nnet-component.cc:1564) Limiting step size to 10 using scaling factor 0.951582, for component index 4
LOG (nnet-train-parallel:GetScalingFactor():nnet-component.cc:1564) Limiting step size to 10 using scaling factor 0.997036, for component index 4
LOG (nnet-train-parallel:GetScalingFactor():nnet-component.cc:1564) Limiting step size to 10 using scaling factor 0.976789, for component index 4
LOG (nnet-train-parallel:GetScalingFactor():nnet-component.cc:1564) Limiting step size to 10 using scaling factor 0.932432, for component index 6
LOG (nnet-train-parallel:GetScalingFactor():nnet-component.cc:1564) Limiting step size to 10 using scaling factor 0.847368, for component index 6
LOG (nnet-train-parallel:GetScalingFactor():nnet-component.cc:1564) Limiting step size to 10 using scaling factor 0.891183, for component index 6
LOG (nnet-shuffle-egs:main():nnet-shuffle-egs.cc:102) Shuffled order of 50683 neural-network training examples using a buffer (partial randomization)
LOG (nnet-train-parallel:DoBackpropParallel():nnet-update-parallel.cc:194) Did backprop on 50683 examples, average log-prob per frame is -1.04185
LOG (nnet-train-parallel:DoBackpropParallel():nnet-update-parallel.cc:196) [this line is to be parsed by a script:] log-prob-per-frame=-1.04185
LOG (nnet-train-parallel:main():nnet-train-parallel.cc:102) Finished training, processed 50683 training examples (weighted).  Wrote model to exp/mono3_nnet/7.1.mdl
# Accounting: time=41 threads=1
# Ended (code 0) at Thu Feb 13 09:58:26 IST 2020, elapsed time 41 seconds
