# nnet-shuffle-egs --buffer-size=5000 --srand=7 ark:exp/mono3_nnet/egs/egs.11.0.ark ark:- | nnet-train-parallel --num-threads=16 --minibatch-size=128 --srand=7 "nnet-init --srand=7 exp/mono3_nnet/hidden.config - | nnet-insert exp/mono3_nnet/7.mdl - - |" ark:- exp/mono3_nnet/8.11.mdl 
# Started at Thu Feb 13 10:04:32 IST 2020
#
nnet-train-parallel --num-threads=16 --minibatch-size=128 --srand=7 'nnet-init --srand=7 exp/mono3_nnet/hidden.config - | nnet-insert exp/mono3_nnet/7.mdl - - |' ark:- exp/mono3_nnet/8.11.mdl 
nnet-shuffle-egs --buffer-size=5000 --srand=7 ark:exp/mono3_nnet/egs/egs.11.0.ark ark:- 
nnet-insert exp/mono3_nnet/7.mdl - - 
nnet-init --srand=7 exp/mono3_nnet/hidden.config - 
LOG (nnet-insert:main():nnet-insert.cc:106) Inserted 2 components at position 10
LOG (nnet-insert:main():nnet-insert.cc:122) Randomized component index 12 with stddev 0.0057735
LOG (nnet-insert:main():nnet-insert.cc:132) Write neural-net acoustic model to -
LOG (nnet-init:main():nnet-init.cc:69) Initialized raw neural net and wrote it to -
LOG (nnet-train-parallel:GetScalingFactor():nnet-component.cc:1564) Limiting step size to 10 using scaling factor 0.880167, for component index 12
LOG (nnet-train-parallel:GetScalingFactor():nnet-component.cc:1564) Limiting step size to 10 using scaling factor 0.893097, for component index 12
LOG (nnet-train-parallel:GetScalingFactor():nnet-component.cc:1564) Limiting step size to 10 using scaling factor 0.881811, for component index 12
LOG (nnet-train-parallel:GetScalingFactor():nnet-component.cc:1564) Limiting step size to 10 using scaling factor 0.908106, for component index 12
LOG (nnet-train-parallel:GetScalingFactor():nnet-component.cc:1564) Limiting step size to 10 using scaling factor 0.893803, for component index 12
LOG (nnet-train-parallel:GetScalingFactor():nnet-component.cc:1564) Limiting step size to 10 using scaling factor 0.87717, for component index 12
LOG (nnet-train-parallel:GetScalingFactor():nnet-component.cc:1564) Limiting step size to 10 using scaling factor 0.871613, for component index 12
LOG (nnet-train-parallel:GetScalingFactor():nnet-component.cc:1564) Limiting step size to 10 using scaling factor 0.899253, for component index 12
LOG (nnet-train-parallel:GetScalingFactor():nnet-component.cc:1564) Limiting step size to 10 using scaling factor 0.869347, for component index 12
LOG (nnet-train-parallel:GetScalingFactor():nnet-component.cc:1564) Limiting step size to 10 using scaling factor 0.918456, for component index 12
LOG (nnet-shuffle-egs:main():nnet-shuffle-egs.cc:102) Shuffled order of 50673 neural-network training examples using a buffer (partial randomization)
LOG (nnet-train-parallel:DoBackpropParallel():nnet-update-parallel.cc:194) Did backprop on 50673 examples, average log-prob per frame is -0.944094
LOG (nnet-train-parallel:DoBackpropParallel():nnet-update-parallel.cc:196) [this line is to be parsed by a script:] log-prob-per-frame=-0.944094
LOG (nnet-train-parallel:main():nnet-train-parallel.cc:102) Finished training, processed 50673 training examples (weighted).  Wrote model to exp/mono3_nnet/8.11.mdl
# Accounting: time=50 threads=1
# Ended (code 0) at Thu Feb 13 10:05:22 IST 2020, elapsed time 50 seconds
