# nnet-shuffle-egs --buffer-size=5000 --srand=4 ark:exp/mono3_nnet/egs/egs.10.0.ark ark:- | nnet-train-parallel --num-threads=16 --minibatch-size=128 --srand=4 exp/mono3_nnet/4.mdl ark:- exp/mono3_nnet/5.10.mdl 
# Started at Thu Feb 13 09:49:41 IST 2020
#
nnet-train-parallel --num-threads=16 --minibatch-size=128 --srand=4 exp/mono3_nnet/4.mdl ark:- exp/mono3_nnet/5.10.mdl 
nnet-shuffle-egs --buffer-size=5000 --srand=4 ark:exp/mono3_nnet/egs/egs.10.0.ark ark:- 
LOG (nnet-train-parallel:GetScalingFactor():nnet-component.cc:1564) Limiting step size to 10 using scaling factor 0.965738, for component index 4
LOG (nnet-train-parallel:GetScalingFactor():nnet-component.cc:1564) Limiting step size to 10 using scaling factor 0.998619, for component index 4
LOG (nnet-train-parallel:GetScalingFactor():nnet-component.cc:1564) Limiting step size to 10 using scaling factor 0.774246, for component index 4
LOG (nnet-train-parallel:GetScalingFactor():nnet-component.cc:1564) Limiting step size to 10 using scaling factor 0.949493, for component index 4
LOG (nnet-train-parallel:GetScalingFactor():nnet-component.cc:1564) Limiting step size to 10 using scaling factor 0.91897, for component index 4
LOG (nnet-train-parallel:GetScalingFactor():nnet-component.cc:1564) Limiting step size to 10 using scaling factor 0.962972, for component index 4
LOG (nnet-train-parallel:GetScalingFactor():nnet-component.cc:1564) Limiting step size to 10 using scaling factor 0.625497, for component index 4
LOG (nnet-train-parallel:GetScalingFactor():nnet-component.cc:1564) Limiting step size to 10 using scaling factor 0.883036, for component index 4
LOG (nnet-train-parallel:GetScalingFactor():nnet-component.cc:1564) Limiting step size to 10 using scaling factor 0.916879, for component index 4
LOG (nnet-train-parallel:GetScalingFactor():nnet-component.cc:1564) Limiting step size to 10 using scaling factor 0.949296, for component index 4
LOG (nnet-shuffle-egs:main():nnet-shuffle-egs.cc:102) Shuffled order of 50674 neural-network training examples using a buffer (partial randomization)
LOG (nnet-train-parallel:DoBackpropParallel():nnet-update-parallel.cc:194) Did backprop on 50674 examples, average log-prob per frame is -0.853092
LOG (nnet-train-parallel:DoBackpropParallel():nnet-update-parallel.cc:196) [this line is to be parsed by a script:] log-prob-per-frame=-0.853092
LOG (nnet-train-parallel:main():nnet-train-parallel.cc:102) Finished training, processed 50674 training examples (weighted).  Wrote model to exp/mono3_nnet/5.10.mdl
# Accounting: time=32 threads=1
# Ended (code 0) at Thu Feb 13 09:50:13 IST 2020, elapsed time 32 seconds
