# nnet-shuffle-egs --buffer-size=5000 --srand=8 ark:exp/mono3_nnet/egs/egs.23.0.ark ark:- | nnet-train-parallel --num-threads=16 --minibatch-size=128 --srand=8 exp/mono3_nnet/8.mdl ark:- exp/mono3_nnet/9.23.mdl 
# Started at Thu Feb 27 16:08:24 IST 2020
#
nnet-train-parallel --num-threads=16 --minibatch-size=128 --srand=8 exp/mono3_nnet/8.mdl ark:- exp/mono3_nnet/9.23.mdl 
nnet-shuffle-egs --buffer-size=5000 --srand=8 ark:exp/mono3_nnet/egs/egs.23.0.ark ark:- 
LOG (nnet-train-parallel:GetScalingFactor():nnet-component.cc:1564) Limiting step size to 10 using scaling factor 0.91345, for component index 4
LOG (nnet-train-parallel:GetScalingFactor():nnet-component.cc:1564) Limiting step size to 10 using scaling factor 0.955496, for component index 4
LOG (nnet-train-parallel:GetScalingFactor():nnet-component.cc:1564) Limiting step size to 10 using scaling factor 0.852974, for component index 4
LOG (nnet-train-parallel:GetScalingFactor():nnet-component.cc:1564) Limiting step size to 10 using scaling factor 0.831223, for component index 4
LOG (nnet-train-parallel:GetScalingFactor():nnet-component.cc:1564) Limiting step size to 10 using scaling factor 0.914509, for component index 4
LOG (nnet-train-parallel:GetScalingFactor():nnet-component.cc:1564) Limiting step size to 10 using scaling factor 0.853531, for component index 4
LOG (nnet-train-parallel:GetScalingFactor():nnet-component.cc:1564) Limiting step size to 10 using scaling factor 0.826005, for component index 4
LOG (nnet-train-parallel:GetScalingFactor():nnet-component.cc:1564) Limiting step size to 10 using scaling factor 0.952682, for component index 4
LOG (nnet-train-parallel:GetScalingFactor():nnet-component.cc:1564) Limiting step size to 10 using scaling factor 0.821897, for component index 4
LOG (nnet-train-parallel:GetScalingFactor():nnet-component.cc:1564) Limiting step size to 10 using scaling factor 0.953141, for component index 4
LOG (nnet-shuffle-egs:main():nnet-shuffle-egs.cc:102) Shuffled order of 81154 neural-network training examples using a buffer (partial randomization)
LOG (nnet-train-parallel:DoBackpropParallel():nnet-update-parallel.cc:194) Did backprop on 81154 examples, average log-prob per frame is -0.701482
LOG (nnet-train-parallel:DoBackpropParallel():nnet-update-parallel.cc:196) [this line is to be parsed by a script:] log-prob-per-frame=-0.701482
LOG (nnet-train-parallel:main():nnet-train-parallel.cc:102) Finished training, processed 81154 training examples (weighted).  Wrote model to exp/mono3_nnet/9.23.mdl
# Accounting: time=81 threads=1
# Ended (code 0) at Thu Feb 27 16:09:45 IST 2020, elapsed time 81 seconds
