# nnet-shuffle-egs --buffer-size=5000 --srand=2 ark:exp/mono3_nnet/egs/egs.21.0.ark ark:- | nnet-train-parallel --num-threads=16 --minibatch-size=128 --srand=2 exp/mono3_nnet/2.mdl ark:- exp/mono3_nnet/3.21.mdl 
# Started at Thu Feb 27 15:21:26 IST 2020
#
nnet-train-parallel --num-threads=16 --minibatch-size=128 --srand=2 exp/mono3_nnet/2.mdl ark:- exp/mono3_nnet/3.21.mdl 
nnet-shuffle-egs --buffer-size=5000 --srand=2 ark:exp/mono3_nnet/egs/egs.21.0.ark ark:- 
LOG (nnet-train-parallel:GetScalingFactor():nnet-component.cc:1564) Limiting step size to 10 using scaling factor 0.926649, for component index 6
LOG (nnet-train-parallel:GetScalingFactor():nnet-component.cc:1564) Limiting step size to 10 using scaling factor 0.898406, for component index 6
LOG (nnet-train-parallel:GetScalingFactor():nnet-component.cc:1564) Limiting step size to 10 using scaling factor 0.979202, for component index 6
LOG (nnet-train-parallel:GetScalingFactor():nnet-component.cc:1564) Limiting step size to 10 using scaling factor 0.940469, for component index 4
LOG (nnet-train-parallel:GetScalingFactor():nnet-component.cc:1564) Limiting step size to 10 using scaling factor 0.875041, for component index 4
LOG (nnet-train-parallel:GetScalingFactor():nnet-component.cc:1564) Limiting step size to 10 using scaling factor 0.90319, for component index 4
LOG (nnet-train-parallel:GetScalingFactor():nnet-component.cc:1564) Limiting step size to 10 using scaling factor 0.88188, for component index 6
LOG (nnet-train-parallel:GetScalingFactor():nnet-component.cc:1564) Limiting step size to 10 using scaling factor 0.827521, for component index 6
LOG (nnet-train-parallel:GetScalingFactor():nnet-component.cc:1564) Limiting step size to 10 using scaling factor 0.987922, for component index 6
LOG (nnet-train-parallel:GetScalingFactor():nnet-component.cc:1564) Limiting step size to 10 using scaling factor 0.938493, for component index 6
LOG (nnet-shuffle-egs:main():nnet-shuffle-egs.cc:102) Shuffled order of 81155 neural-network training examples using a buffer (partial randomization)
LOG (nnet-train-parallel:DoBackpropParallel():nnet-update-parallel.cc:194) Did backprop on 81155 examples, average log-prob per frame is -1.27894
LOG (nnet-train-parallel:DoBackpropParallel():nnet-update-parallel.cc:196) [this line is to be parsed by a script:] log-prob-per-frame=-1.27894
LOG (nnet-train-parallel:main():nnet-train-parallel.cc:102) Finished training, processed 81155 training examples (weighted).  Wrote model to exp/mono3_nnet/3.21.mdl
# Accounting: time=35 threads=1
# Ended (code 0) at Thu Feb 27 15:22:01 IST 2020, elapsed time 35 seconds
