# nnet-shuffle-egs --buffer-size=5000 --srand=17 ark:exp/mono3_nnet/egs/egs.17.0.ark ark:- | nnet-train-parallel --num-threads=16 --minibatch-size=128 --srand=17 "nnet-init --srand=17 exp/mono3_nnet/hidden.config - | nnet-insert exp/mono3_nnet/17.mdl - - |" ark:- exp/mono3_nnet/18.17.mdl 
# Started at Thu Feb 27 18:18:01 IST 2020
#
nnet-shuffle-egs --buffer-size=5000 --srand=17 ark:exp/mono3_nnet/egs/egs.17.0.ark ark:- 
nnet-train-parallel --num-threads=16 --minibatch-size=128 --srand=17 'nnet-init --srand=17 exp/mono3_nnet/hidden.config - | nnet-insert exp/mono3_nnet/17.mdl - - |' ark:- exp/mono3_nnet/18.17.mdl 
nnet-insert exp/mono3_nnet/17.mdl - - 
nnet-init --srand=17 exp/mono3_nnet/hidden.config - 
LOG (nnet-insert:main():nnet-insert.cc:106) Inserted 2 components at position 20
LOG (nnet-init:main():nnet-init.cc:69) Initialized raw neural net and wrote it to -
LOG (nnet-insert:main():nnet-insert.cc:122) Randomized component index 22 with stddev 0.0057735
LOG (nnet-insert:main():nnet-insert.cc:132) Write neural-net acoustic model to -
LOG (nnet-train-parallel:GetScalingFactor():nnet-component.cc:1564) Limiting step size to 10 using scaling factor 0.602089, for component index 20
LOG (nnet-train-parallel:GetScalingFactor():nnet-component.cc:1564) Limiting step size to 10 using scaling factor 0.491925, for component index 20
LOG (nnet-train-parallel:GetScalingFactor():nnet-component.cc:1564) Limiting step size to 10 using scaling factor 0.562486, for component index 20
LOG (nnet-train-parallel:GetScalingFactor():nnet-component.cc:1564) Limiting step size to 10 using scaling factor 0.592677, for component index 20
LOG (nnet-train-parallel:GetScalingFactor():nnet-component.cc:1564) Limiting step size to 10 using scaling factor 0.576253, for component index 20
LOG (nnet-train-parallel:GetScalingFactor():nnet-component.cc:1564) Limiting step size to 10 using scaling factor 0.550375, for component index 20
LOG (nnet-train-parallel:GetScalingFactor():nnet-component.cc:1564) Limiting step size to 10 using scaling factor 0.881762, for component index 20
LOG (nnet-train-parallel:GetScalingFactor():nnet-component.cc:1564) Limiting step size to 10 using scaling factor 0.995805, for component index 20
LOG (nnet-train-parallel:GetScalingFactor():nnet-component.cc:1564) Limiting step size to 10 using scaling factor 0.961599, for component index 20
LOG (nnet-train-parallel:GetScalingFactor():nnet-component.cc:1564) Limiting step size to 10 using scaling factor 0.821052, for component index 20
LOG (nnet-shuffle-egs:main():nnet-shuffle-egs.cc:102) Shuffled order of 81158 neural-network training examples using a buffer (partial randomization)
LOG (nnet-train-parallel:DoBackpropParallel():nnet-update-parallel.cc:194) Did backprop on 81158 examples, average log-prob per frame is -0.399975
LOG (nnet-train-parallel:DoBackpropParallel():nnet-update-parallel.cc:196) [this line is to be parsed by a script:] log-prob-per-frame=-0.399975
LOG (nnet-train-parallel:main():nnet-train-parallel.cc:102) Finished training, processed 81158 training examples (weighted).  Wrote model to exp/mono3_nnet/18.17.mdl
# Accounting: time=152 threads=1
# Ended (code 0) at Thu Feb 27 18:20:33 IST 2020, elapsed time 152 seconds
