# nnet-shuffle-egs --buffer-size=5000 --srand=17 ark:exp/mono3_nnet/egs/egs.5.0.ark ark:- | nnet-train-parallel --num-threads=16 --minibatch-size=128 --srand=17 "nnet-init --srand=17 exp/mono3_nnet/hidden.config - | nnet-insert exp/mono3_nnet/17.mdl - - |" ark:- exp/mono3_nnet/18.5.mdl 
# Started at Thu Feb 27 18:10:25 IST 2020
#
nnet-train-parallel --num-threads=16 --minibatch-size=128 --srand=17 'nnet-init --srand=17 exp/mono3_nnet/hidden.config - | nnet-insert exp/mono3_nnet/17.mdl - - |' ark:- exp/mono3_nnet/18.5.mdl 
nnet-shuffle-egs --buffer-size=5000 --srand=17 ark:exp/mono3_nnet/egs/egs.5.0.ark ark:- 
nnet-insert exp/mono3_nnet/17.mdl - - 
nnet-init --srand=17 exp/mono3_nnet/hidden.config - 
LOG (nnet-init:main():nnet-init.cc:69) Initialized raw neural net and wrote it to -
LOG (nnet-insert:main():nnet-insert.cc:106) Inserted 2 components at position 20
LOG (nnet-insert:main():nnet-insert.cc:122) Randomized component index 22 with stddev 0.0057735
LOG (nnet-insert:main():nnet-insert.cc:132) Write neural-net acoustic model to -
LOG (nnet-train-parallel:GetScalingFactor():nnet-component.cc:1564) Limiting step size to 10 using scaling factor 0.945277, for component index 20
LOG (nnet-train-parallel:GetScalingFactor():nnet-component.cc:1564) Limiting step size to 10 using scaling factor 0.822309, for component index 20
LOG (nnet-train-parallel:GetScalingFactor():nnet-component.cc:1564) Limiting step size to 10 using scaling factor 0.700258, for component index 20
LOG (nnet-train-parallel:GetScalingFactor():nnet-component.cc:1564) Limiting step size to 10 using scaling factor 0.765135, for component index 20
LOG (nnet-train-parallel:GetScalingFactor():nnet-component.cc:1564) Limiting step size to 10 using scaling factor 0.510797, for component index 20
LOG (nnet-train-parallel:GetScalingFactor():nnet-component.cc:1564) Limiting step size to 10 using scaling factor 0.533182, for component index 20
LOG (nnet-train-parallel:GetScalingFactor():nnet-component.cc:1564) Limiting step size to 10 using scaling factor 0.588924, for component index 20
LOG (nnet-train-parallel:GetScalingFactor():nnet-component.cc:1564) Limiting step size to 10 using scaling factor 0.543121, for component index 20
LOG (nnet-train-parallel:GetScalingFactor():nnet-component.cc:1564) Limiting step size to 10 using scaling factor 0.534124, for component index 20
LOG (nnet-train-parallel:GetScalingFactor():nnet-component.cc:1564) Limiting step size to 10 using scaling factor 0.939364, for component index 20
LOG (nnet-shuffle-egs:main():nnet-shuffle-egs.cc:102) Shuffled order of 81176 neural-network training examples using a buffer (partial randomization)
LOG (nnet-train-parallel:DoBackpropParallel():nnet-update-parallel.cc:194) Did backprop on 81176 examples, average log-prob per frame is -0.394884
LOG (nnet-train-parallel:DoBackpropParallel():nnet-update-parallel.cc:196) [this line is to be parsed by a script:] log-prob-per-frame=-0.394884
LOG (nnet-train-parallel:main():nnet-train-parallel.cc:102) Finished training, processed 81176 training examples (weighted).  Wrote model to exp/mono3_nnet/18.5.mdl
# Accounting: time=151 threads=1
# Ended (code 0) at Thu Feb 27 18:12:56 IST 2020, elapsed time 151 seconds
