# nnet-shuffle-egs --buffer-size=5000 --srand=19 ark:exp/mono3_nnet/egs/egs.4.0.ark ark:- | nnet-train-parallel --num-threads=16 --minibatch-size=128 --srand=19 "nnet-init --srand=19 exp/mono3_nnet/hidden.config - | nnet-insert exp/mono3_nnet/19.mdl - - |" ark:- exp/mono3_nnet/20.4.mdl 
# Started at Thu Feb 27 18:46:02 IST 2020
#
nnet-shuffle-egs --buffer-size=5000 --srand=19 ark:exp/mono3_nnet/egs/egs.4.0.ark ark:- 
nnet-train-parallel --num-threads=16 --minibatch-size=128 --srand=19 'nnet-init --srand=19 exp/mono3_nnet/hidden.config - | nnet-insert exp/mono3_nnet/19.mdl - - |' ark:- exp/mono3_nnet/20.4.mdl 
nnet-insert exp/mono3_nnet/19.mdl - - 
nnet-init --srand=19 exp/mono3_nnet/hidden.config - 
LOG (nnet-insert:main():nnet-insert.cc:106) Inserted 2 components at position 22
LOG (nnet-insert:main():nnet-insert.cc:122) Randomized component index 24 with stddev 0.0057735
LOG (nnet-init:main():nnet-init.cc:69) Initialized raw neural net and wrote it to -
LOG (nnet-insert:main():nnet-insert.cc:132) Write neural-net acoustic model to -
LOG (nnet-train-parallel:GetScalingFactor():nnet-component.cc:1564) Limiting step size to 10 using scaling factor 0.839804, for component index 22
LOG (nnet-train-parallel:GetScalingFactor():nnet-component.cc:1564) Limiting step size to 10 using scaling factor 0.67446, for component index 22
LOG (nnet-train-parallel:GetScalingFactor():nnet-component.cc:1564) Limiting step size to 10 using scaling factor 0.688276, for component index 22
LOG (nnet-train-parallel:GetScalingFactor():nnet-component.cc:1564) Limiting step size to 10 using scaling factor 0.650824, for component index 22
LOG (nnet-train-parallel:GetScalingFactor():nnet-component.cc:1564) Limiting step size to 10 using scaling factor 0.630208, for component index 22
LOG (nnet-train-parallel:GetScalingFactor():nnet-component.cc:1564) Limiting step size to 10 using scaling factor 0.623381, for component index 22
LOG (nnet-train-parallel:GetScalingFactor():nnet-component.cc:1564) Limiting step size to 10 using scaling factor 0.91981, for component index 22
LOG (nnet-train-parallel:GetScalingFactor():nnet-component.cc:1564) Limiting step size to 10 using scaling factor 0.839106, for component index 22
LOG (nnet-train-parallel:GetScalingFactor():nnet-component.cc:1564) Limiting step size to 10 using scaling factor 0.96051, for component index 22
LOG (nnet-train-parallel:GetScalingFactor():nnet-component.cc:1564) Limiting step size to 10 using scaling factor 0.881387, for component index 22
LOG (nnet-shuffle-egs:main():nnet-shuffle-egs.cc:102) Shuffled order of 81176 neural-network training examples using a buffer (partial randomization)
LOG (nnet-train-parallel:DoBackpropParallel():nnet-update-parallel.cc:194) Did backprop on 81176 examples, average log-prob per frame is -0.522539
LOG (nnet-train-parallel:DoBackpropParallel():nnet-update-parallel.cc:196) [this line is to be parsed by a script:] log-prob-per-frame=-0.522539
LOG (nnet-train-parallel:main():nnet-train-parallel.cc:102) Finished training, processed 81176 training examples (weighted).  Wrote model to exp/mono3_nnet/20.4.mdl
# Accounting: time=172 threads=1
# Ended (code 0) at Thu Feb 27 18:48:54 IST 2020, elapsed time 172 seconds
