# nnet-shuffle-egs --buffer-size=5000 --srand=10 ark:exp/mono3_nnet/egs/egs.16.0.ark ark:- | nnet-train-parallel --num-threads=16 --minibatch-size=128 --srand=10 exp/mono3_nnet/10.mdl ark:- exp/mono3_nnet/11.16.mdl 
# Started at Thu Feb 27 16:28:14 IST 2020
#
nnet-shuffle-egs --buffer-size=5000 --srand=10 ark:exp/mono3_nnet/egs/egs.16.0.ark ark:- 
nnet-train-parallel --num-threads=16 --minibatch-size=128 --srand=10 exp/mono3_nnet/10.mdl ark:- exp/mono3_nnet/11.16.mdl 
LOG (nnet-train-parallel:GetScalingFactor():nnet-component.cc:1564) Limiting step size to 10 using scaling factor 0.895366, for component index 4
LOG (nnet-train-parallel:GetScalingFactor():nnet-component.cc:1564) Limiting step size to 10 using scaling factor 0.781935, for component index 4
LOG (nnet-train-parallel:GetScalingFactor():nnet-component.cc:1564) Limiting step size to 10 using scaling factor 0.957406, for component index 4
LOG (nnet-train-parallel:GetScalingFactor():nnet-component.cc:1564) Limiting step size to 10 using scaling factor 0.893344, for component index 4
LOG (nnet-train-parallel:GetScalingFactor():nnet-component.cc:1564) Limiting step size to 10 using scaling factor 0.911215, for component index 4
LOG (nnet-train-parallel:GetScalingFactor():nnet-component.cc:1564) Limiting step size to 10 using scaling factor 0.920948, for component index 4
LOG (nnet-train-parallel:GetScalingFactor():nnet-component.cc:1564) Limiting step size to 10 using scaling factor 0.985063, for component index 4
LOG (nnet-train-parallel:GetScalingFactor():nnet-component.cc:1564) Limiting step size to 10 using scaling factor 0.788494, for component index 4
LOG (nnet-train-parallel:GetScalingFactor():nnet-component.cc:1564) Limiting step size to 10 using scaling factor 0.941154, for component index 4
LOG (nnet-train-parallel:GetScalingFactor():nnet-component.cc:1564) Limiting step size to 10 using scaling factor 0.601895, for component index 4
LOG (nnet-shuffle-egs:main():nnet-shuffle-egs.cc:102) Shuffled order of 81158 neural-network training examples using a buffer (partial randomization)
LOG (nnet-train-parallel:DoBackpropParallel():nnet-update-parallel.cc:194) Did backprop on 81158 examples, average log-prob per frame is -0.509007
LOG (nnet-train-parallel:DoBackpropParallel():nnet-update-parallel.cc:196) [this line is to be parsed by a script:] log-prob-per-frame=-0.509007
LOG (nnet-train-parallel:main():nnet-train-parallel.cc:102) Finished training, processed 81158 training examples (weighted).  Wrote model to exp/mono3_nnet/11.16.mdl
# Accounting: time=93 threads=1
# Ended (code 0) at Thu Feb 27 16:29:47 IST 2020, elapsed time 93 seconds
