# nnet-shuffle-egs --buffer-size=5000 --srand=9 ark:exp/mono3_nnet/egs/egs.22.0.ark ark:- | nnet-train-parallel --num-threads=16 --minibatch-size=128 --srand=9 "nnet-init --srand=9 exp/mono3_nnet/hidden.config - | nnet-insert exp/mono3_nnet/9.mdl - - |" ark:- exp/mono3_nnet/10.22.mdl 
# Started at Thu Feb 27 16:19:34 IST 2020
#
nnet-shuffle-egs --buffer-size=5000 --srand=9 ark:exp/mono3_nnet/egs/egs.22.0.ark ark:- 
nnet-train-parallel --num-threads=16 --minibatch-size=128 --srand=9 'nnet-init --srand=9 exp/mono3_nnet/hidden.config - | nnet-insert exp/mono3_nnet/9.mdl - - |' ark:- exp/mono3_nnet/10.22.mdl 
nnet-init --srand=9 exp/mono3_nnet/hidden.config - 
nnet-insert exp/mono3_nnet/9.mdl - - 
LOG (nnet-init:main():nnet-init.cc:69) Initialized raw neural net and wrote it to -
LOG (nnet-insert:main():nnet-insert.cc:106) Inserted 2 components at position 12
LOG (nnet-insert:main():nnet-insert.cc:122) Randomized component index 14 with stddev 0.0057735
LOG (nnet-insert:main():nnet-insert.cc:132) Write neural-net acoustic model to -
LOG (nnet-train-parallel:GetScalingFactor():nnet-component.cc:1564) Limiting step size to 10 using scaling factor 0.860034, for component index 14
LOG (nnet-train-parallel:GetScalingFactor():nnet-component.cc:1564) Limiting step size to 10 using scaling factor 0.866609, for component index 14
LOG (nnet-train-parallel:GetScalingFactor():nnet-component.cc:1564) Limiting step size to 10 using scaling factor 0.85457, for component index 14
LOG (nnet-train-parallel:GetScalingFactor():nnet-component.cc:1564) Limiting step size to 10 using scaling factor 0.856934, for component index 14
LOG (nnet-train-parallel:GetScalingFactor():nnet-component.cc:1564) Limiting step size to 10 using scaling factor 0.86518, for component index 14
LOG (nnet-train-parallel:GetScalingFactor():nnet-component.cc:1564) Limiting step size to 10 using scaling factor 0.867586, for component index 14
LOG (nnet-train-parallel:GetScalingFactor():nnet-component.cc:1564) Limiting step size to 10 using scaling factor 0.864125, for component index 14
LOG (nnet-train-parallel:GetScalingFactor():nnet-component.cc:1564) Limiting step size to 10 using scaling factor 0.884659, for component index 14
LOG (nnet-train-parallel:GetScalingFactor():nnet-component.cc:1564) Limiting step size to 10 using scaling factor 0.852839, for component index 14
LOG (nnet-train-parallel:GetScalingFactor():nnet-component.cc:1564) Limiting step size to 10 using scaling factor 0.86602, for component index 14
LOG (nnet-shuffle-egs:main():nnet-shuffle-egs.cc:102) Shuffled order of 81154 neural-network training examples using a buffer (partial randomization)
LOG (nnet-train-parallel:DoBackpropParallel():nnet-update-parallel.cc:194) Did backprop on 81154 examples, average log-prob per frame is -0.687475
LOG (nnet-train-parallel:DoBackpropParallel():nnet-update-parallel.cc:196) [this line is to be parsed by a script:] log-prob-per-frame=-0.687475
LOG (nnet-train-parallel:main():nnet-train-parallel.cc:102) Finished training, processed 81154 training examples (weighted).  Wrote model to exp/mono3_nnet/10.22.mdl
# Accounting: time=92 threads=1
# Ended (code 0) at Thu Feb 27 16:21:06 IST 2020, elapsed time 92 seconds
