# nnet-shuffle-egs --buffer-size=5000 --srand=13 ark:exp/mono3_nnet/egs/egs.21.0.ark ark:- | nnet-train-parallel --num-threads=16 --minibatch-size=128 --srand=13 "nnet-init --srand=13 exp/mono3_nnet/hidden.config - | nnet-insert exp/mono3_nnet/13.mdl - - |" ark:- exp/mono3_nnet/14.21.mdl 
# Started at Thu Feb 27 17:12:47 IST 2020
#
nnet-train-parallel --num-threads=16 --minibatch-size=128 --srand=13 'nnet-init --srand=13 exp/mono3_nnet/hidden.config - | nnet-insert exp/mono3_nnet/13.mdl - - |' ark:- exp/mono3_nnet/14.21.mdl 
nnet-shuffle-egs --buffer-size=5000 --srand=13 ark:exp/mono3_nnet/egs/egs.21.0.ark ark:- 
nnet-init --srand=13 exp/mono3_nnet/hidden.config - 
nnet-insert exp/mono3_nnet/13.mdl - - 
LOG (nnet-init:main():nnet-init.cc:69) Initialized raw neural net and wrote it to -
LOG (nnet-insert:main():nnet-insert.cc:106) Inserted 2 components at position 16
LOG (nnet-insert:main():nnet-insert.cc:122) Randomized component index 18 with stddev 0.0057735
LOG (nnet-insert:main():nnet-insert.cc:132) Write neural-net acoustic model to -
LOG (nnet-train-parallel:GetScalingFactor():nnet-component.cc:1564) Limiting step size to 10 using scaling factor 0.472119, for component index 16
LOG (nnet-train-parallel:GetScalingFactor():nnet-component.cc:1564) Limiting step size to 10 using scaling factor 0.444204, for component index 16
LOG (nnet-train-parallel:GetScalingFactor():nnet-component.cc:1564) Limiting step size to 10 using scaling factor 0.469629, for component index 16
LOG (nnet-train-parallel:GetScalingFactor():nnet-component.cc:1564) Limiting step size to 10 using scaling factor 0.517729, for component index 16
LOG (nnet-train-parallel:GetScalingFactor():nnet-component.cc:1564) Limiting step size to 10 using scaling factor 0.497683, for component index 16
LOG (nnet-train-parallel:GetScalingFactor():nnet-component.cc:1564) Limiting step size to 10 using scaling factor 0.477889, for component index 16
LOG (nnet-train-parallel:GetScalingFactor():nnet-component.cc:1564) Limiting step size to 10 using scaling factor 0.456921, for component index 16
LOG (nnet-train-parallel:GetScalingFactor():nnet-component.cc:1564) Limiting step size to 10 using scaling factor 0.614261, for component index 16
LOG (nnet-train-parallel:GetScalingFactor():nnet-component.cc:1564) Limiting step size to 10 using scaling factor 0.61655, for component index 16
LOG (nnet-train-parallel:GetScalingFactor():nnet-component.cc:1564) Limiting step size to 10 using scaling factor 0.662235, for component index 16
LOG (nnet-shuffle-egs:main():nnet-shuffle-egs.cc:102) Shuffled order of 81155 neural-network training examples using a buffer (partial randomization)
LOG (nnet-train-parallel:DoBackpropParallel():nnet-update-parallel.cc:194) Did backprop on 81155 examples, average log-prob per frame is -0.497645
LOG (nnet-train-parallel:DoBackpropParallel():nnet-update-parallel.cc:196) [this line is to be parsed by a script:] log-prob-per-frame=-0.497645
LOG (nnet-train-parallel:main():nnet-train-parallel.cc:102) Finished training, processed 81155 training examples (weighted).  Wrote model to exp/mono3_nnet/14.21.mdl
# Accounting: time=122 threads=1
# Ended (code 0) at Thu Feb 27 17:14:49 IST 2020, elapsed time 122 seconds
