# nnet-shuffle-egs --buffer-size=5000 --srand=17 ark:exp/mono3_nnet/egs/egs.10.0.ark ark:- | nnet-train-parallel --num-threads=16 --minibatch-size=128 --srand=17 "nnet-init --srand=17 exp/mono3_nnet/hidden.config - | nnet-insert exp/mono3_nnet/17.mdl - - |" ark:- exp/mono3_nnet/18.10.mdl 
# Started at Thu Feb 27 18:13:01 IST 2020
#
nnet-shuffle-egs --buffer-size=5000 --srand=17 ark:exp/mono3_nnet/egs/egs.10.0.ark ark:- 
nnet-train-parallel --num-threads=16 --minibatch-size=128 --srand=17 'nnet-init --srand=17 exp/mono3_nnet/hidden.config - | nnet-insert exp/mono3_nnet/17.mdl - - |' ark:- exp/mono3_nnet/18.10.mdl 
nnet-insert exp/mono3_nnet/17.mdl - - 
nnet-init --srand=17 exp/mono3_nnet/hidden.config - 
LOG (nnet-init:main():nnet-init.cc:69) Initialized raw neural net and wrote it to -
LOG (nnet-insert:main():nnet-insert.cc:106) Inserted 2 components at position 20
LOG (nnet-insert:main():nnet-insert.cc:122) Randomized component index 22 with stddev 0.0057735
LOG (nnet-insert:main():nnet-insert.cc:132) Write neural-net acoustic model to -
LOG (nnet-train-parallel:GetScalingFactor():nnet-component.cc:1564) Limiting step size to 10 using scaling factor 0.587462, for component index 20
LOG (nnet-train-parallel:GetScalingFactor():nnet-component.cc:1564) Limiting step size to 10 using scaling factor 0.625232, for component index 20
LOG (nnet-train-parallel:GetScalingFactor():nnet-component.cc:1564) Limiting step size to 10 using scaling factor 0.551637, for component index 20
LOG (nnet-train-parallel:GetScalingFactor():nnet-component.cc:1564) Limiting step size to 10 using scaling factor 0.567584, for component index 20
LOG (nnet-train-parallel:GetScalingFactor():nnet-component.cc:1564) Limiting step size to 10 using scaling factor 0.5604, for component index 20
LOG (nnet-train-parallel:GetScalingFactor():nnet-component.cc:1564) Limiting step size to 10 using scaling factor 0.48252, for component index 20
LOG (nnet-train-parallel:GetScalingFactor():nnet-component.cc:1564) Limiting step size to 10 using scaling factor 0.934214, for component index 20
LOG (nnet-train-parallel:GetScalingFactor():nnet-component.cc:1564) Limiting step size to 10 using scaling factor 0.875126, for component index 20
LOG (nnet-train-parallel:GetScalingFactor():nnet-component.cc:1564) Limiting step size to 10 using scaling factor 0.985329, for component index 20
LOG (nnet-train-parallel:GetScalingFactor():nnet-component.cc:1564) Limiting step size to 10 using scaling factor 0.876053, for component index 20
LOG (nnet-shuffle-egs:main():nnet-shuffle-egs.cc:102) Shuffled order of 81167 neural-network training examples using a buffer (partial randomization)
LOG (nnet-train-parallel:DoBackpropParallel():nnet-update-parallel.cc:194) Did backprop on 81167 examples, average log-prob per frame is -0.399398
LOG (nnet-train-parallel:DoBackpropParallel():nnet-update-parallel.cc:196) [this line is to be parsed by a script:] log-prob-per-frame=-0.399398
LOG (nnet-train-parallel:main():nnet-train-parallel.cc:102) Finished training, processed 81167 training examples (weighted).  Wrote model to exp/mono3_nnet/18.10.mdl
# Accounting: time=150 threads=1
# Ended (code 0) at Thu Feb 27 18:15:31 IST 2020, elapsed time 150 seconds
