# nnet-shuffle-egs --buffer-size=5000 --srand=8 ark:exp/mono3_nnet/egs/egs.15.0.ark ark:- | nnet-train-parallel --num-threads=16 --minibatch-size=128 --srand=8 exp/mono3_nnet/8.mdl ark:- exp/mono3_nnet/9.15.mdl 
# Started at Thu Feb 27 16:05:45 IST 2020
#
nnet-train-parallel --num-threads=16 --minibatch-size=128 --srand=8 exp/mono3_nnet/8.mdl ark:- exp/mono3_nnet/9.15.mdl 
nnet-shuffle-egs --buffer-size=5000 --srand=8 ark:exp/mono3_nnet/egs/egs.15.0.ark ark:- 
LOG (nnet-train-parallel:GetScalingFactor():nnet-component.cc:1564) Limiting step size to 10 using scaling factor 0.994914, for component index 4
LOG (nnet-train-parallel:GetScalingFactor():nnet-component.cc:1564) Limiting step size to 10 using scaling factor 0.984509, for component index 4
LOG (nnet-train-parallel:GetScalingFactor():nnet-component.cc:1564) Limiting step size to 10 using scaling factor 0.982521, for component index 4
LOG (nnet-train-parallel:GetScalingFactor():nnet-component.cc:1564) Limiting step size to 10 using scaling factor 0.844463, for component index 4
LOG (nnet-train-parallel:GetScalingFactor():nnet-component.cc:1564) Limiting step size to 10 using scaling factor 0.839153, for component index 4
LOG (nnet-train-parallel:GetScalingFactor():nnet-component.cc:1564) Limiting step size to 10 using scaling factor 0.841689, for component index 4
LOG (nnet-train-parallel:GetScalingFactor():nnet-component.cc:1564) Limiting step size to 10 using scaling factor 0.981058, for component index 4
LOG (nnet-train-parallel:GetScalingFactor():nnet-component.cc:1564) Limiting step size to 10 using scaling factor 0.894197, for component index 4
LOG (nnet-train-parallel:GetScalingFactor():nnet-component.cc:1564) Limiting step size to 10 using scaling factor 0.991018, for component index 4
LOG (nnet-train-parallel:GetScalingFactor():nnet-component.cc:1564) Limiting step size to 10 using scaling factor 0.819283, for component index 4
LOG (nnet-shuffle-egs:main():nnet-shuffle-egs.cc:102) Shuffled order of 81159 neural-network training examples using a buffer (partial randomization)
LOG (nnet-train-parallel:DoBackpropParallel():nnet-update-parallel.cc:194) Did backprop on 81159 examples, average log-prob per frame is -0.783393
LOG (nnet-train-parallel:DoBackpropParallel():nnet-update-parallel.cc:196) [this line is to be parsed by a script:] log-prob-per-frame=-0.783393
LOG (nnet-train-parallel:main():nnet-train-parallel.cc:102) Finished training, processed 81159 training examples (weighted).  Wrote model to exp/mono3_nnet/9.15.mdl
# Accounting: time=80 threads=1
# Ended (code 0) at Thu Feb 27 16:07:05 IST 2020, elapsed time 80 seconds
