# nnet-shuffle-egs --buffer-size=5000 --srand=10 ark:exp/mono3_nnet/egs/egs.10.0.ark ark:- | nnet-train-parallel --num-threads=16 --minibatch-size=128 --srand=10 exp/mono3_nnet/10.mdl ark:- exp/mono3_nnet/11.10.mdl 
# Started at Thu Feb 27 16:26:38 IST 2020
#
nnet-train-parallel --num-threads=16 --minibatch-size=128 --srand=10 exp/mono3_nnet/10.mdl ark:- exp/mono3_nnet/11.10.mdl 
nnet-shuffle-egs --buffer-size=5000 --srand=10 ark:exp/mono3_nnet/egs/egs.10.0.ark ark:- 
LOG (nnet-train-parallel:GetScalingFactor():nnet-component.cc:1564) Limiting step size to 10 using scaling factor 0.959419, for component index 4
LOG (nnet-train-parallel:GetScalingFactor():nnet-component.cc:1564) Limiting step size to 10 using scaling factor 0.917505, for component index 4
LOG (nnet-train-parallel:GetScalingFactor():nnet-component.cc:1564) Limiting step size to 10 using scaling factor 0.852432, for component index 4
LOG (nnet-train-parallel:GetScalingFactor():nnet-component.cc:1564) Limiting step size to 10 using scaling factor 0.976123, for component index 4
LOG (nnet-train-parallel:GetScalingFactor():nnet-component.cc:1564) Limiting step size to 10 using scaling factor 0.997646, for component index 4
LOG (nnet-train-parallel:GetScalingFactor():nnet-component.cc:1564) Limiting step size to 10 using scaling factor 0.933564, for component index 4
LOG (nnet-train-parallel:GetScalingFactor():nnet-component.cc:1564) Limiting step size to 10 using scaling factor 0.85064, for component index 4
LOG (nnet-train-parallel:GetScalingFactor():nnet-component.cc:1564) Limiting step size to 10 using scaling factor 0.84048, for component index 4
LOG (nnet-train-parallel:GetScalingFactor():nnet-component.cc:1564) Limiting step size to 10 using scaling factor 0.993847, for component index 4
LOG (nnet-train-parallel:GetScalingFactor():nnet-component.cc:1564) Limiting step size to 10 using scaling factor 0.977607, for component index 4
LOG (nnet-shuffle-egs:main():nnet-shuffle-egs.cc:102) Shuffled order of 81167 neural-network training examples using a buffer (partial randomization)
LOG (nnet-train-parallel:DoBackpropParallel():nnet-update-parallel.cc:194) Did backprop on 81167 examples, average log-prob per frame is -0.466573
LOG (nnet-train-parallel:DoBackpropParallel():nnet-update-parallel.cc:196) [this line is to be parsed by a script:] log-prob-per-frame=-0.466573
LOG (nnet-train-parallel:main():nnet-train-parallel.cc:102) Finished training, processed 81167 training examples (weighted).  Wrote model to exp/mono3_nnet/11.10.mdl
# Accounting: time=94 threads=1
# Ended (code 0) at Thu Feb 27 16:28:12 IST 2020, elapsed time 94 seconds
