# nnet-shuffle-egs --buffer-size=5000 --srand=26 ark:exp/mono3_nnet/egs/egs.7.0.ark ark:- | nnet-train-parallel --num-threads=16 --minibatch-size=128 --srand=26 exp/mono3_nnet/26.mdl ark:- exp/mono3_nnet/27.7.mdl 
# Started at Thu Feb 27 21:32:31 IST 2020
#
nnet-train-parallel --num-threads=16 --minibatch-size=128 --srand=26 exp/mono3_nnet/26.mdl ark:- exp/mono3_nnet/27.7.mdl 
nnet-shuffle-egs --buffer-size=5000 --srand=26 ark:exp/mono3_nnet/egs/egs.7.0.ark ark:- 
LOG (nnet-train-parallel:GetScalingFactor():nnet-component.cc:1564) Limiting step size to 10 using scaling factor 0.985349, for component index 4
LOG (nnet-train-parallel:GetScalingFactor():nnet-component.cc:1564) Limiting step size to 10 using scaling factor 0.904892, for component index 4
LOG (nnet-train-parallel:GetScalingFactor():nnet-component.cc:1564) Limiting step size to 10 using scaling factor 0.987327, for component index 4
LOG (nnet-train-parallel:GetScalingFactor():nnet-component.cc:1564) Limiting step size to 10 using scaling factor 0.996498, for component index 4
LOG (nnet-train-parallel:GetScalingFactor():nnet-component.cc:1564) Limiting step size to 10 using scaling factor 0.845617, for component index 4
LOG (nnet-train-parallel:GetScalingFactor():nnet-component.cc:1564) Limiting step size to 10 using scaling factor 0.854796, for component index 4
LOG (nnet-train-parallel:GetScalingFactor():nnet-component.cc:1564) Limiting step size to 10 using scaling factor 0.887495, for component index 4
LOG (nnet-train-parallel:GetScalingFactor():nnet-component.cc:1564) Limiting step size to 10 using scaling factor 0.89917, for component index 8
LOG (nnet-train-parallel:GetScalingFactor():nnet-component.cc:1564) Limiting step size to 10 using scaling factor 0.6641, for component index 4
LOG (nnet-train-parallel:GetScalingFactor():nnet-component.cc:1564) Limiting step size to 10 using scaling factor 0.878797, for component index 8
LOG (nnet-shuffle-egs:main():nnet-shuffle-egs.cc:102) Shuffled order of 81173 neural-network training examples using a buffer (partial randomization)
LOG (nnet-train-parallel:DoBackpropParallel():nnet-update-parallel.cc:194) Did backprop on 81173 examples, average log-prob per frame is -0.863503
LOG (nnet-train-parallel:DoBackpropParallel():nnet-update-parallel.cc:196) [this line is to be parsed by a script:] log-prob-per-frame=-0.863503
LOG (nnet-train-parallel:main():nnet-train-parallel.cc:102) Finished training, processed 81173 training examples (weighted).  Wrote model to exp/mono3_nnet/27.7.mdl
# Accounting: time=211 threads=1
# Ended (code 0) at Thu Feb 27 21:36:02 IST 2020, elapsed time 211 seconds
