# nnet-shuffle-egs --buffer-size=5000 --srand=4 ark:exp/mono3_nnet/egs/egs.17.0.ark ark:- | nnet-train-parallel --num-threads=16 --minibatch-size=128 --srand=4 exp/mono3_nnet/4.mdl ark:- exp/mono3_nnet/5.17.mdl 
# Started at Thu Feb 27 15:32:34 IST 2020
#
nnet-shuffle-egs --buffer-size=5000 --srand=4 ark:exp/mono3_nnet/egs/egs.17.0.ark ark:- 
nnet-train-parallel --num-threads=16 --minibatch-size=128 --srand=4 exp/mono3_nnet/4.mdl ark:- exp/mono3_nnet/5.17.mdl 
LOG (nnet-train-parallel:GetScalingFactor():nnet-component.cc:1564) Limiting step size to 10 using scaling factor 0.881524, for component index 4
LOG (nnet-train-parallel:GetScalingFactor():nnet-component.cc:1564) Limiting step size to 10 using scaling factor 0.996202, for component index 4
LOG (nnet-train-parallel:GetScalingFactor():nnet-component.cc:1564) Limiting step size to 10 using scaling factor 0.796228, for component index 4
LOG (nnet-train-parallel:GetScalingFactor():nnet-component.cc:1564) Limiting step size to 10 using scaling factor 0.899529, for component index 4
LOG (nnet-train-parallel:GetScalingFactor():nnet-component.cc:1564) Limiting step size to 10 using scaling factor 0.983291, for component index 4
LOG (nnet-train-parallel:GetScalingFactor():nnet-component.cc:1564) Limiting step size to 10 using scaling factor 0.874786, for component index 4
LOG (nnet-train-parallel:GetScalingFactor():nnet-component.cc:1564) Limiting step size to 10 using scaling factor 0.701717, for component index 4
LOG (nnet-train-parallel:GetScalingFactor():nnet-component.cc:1564) Limiting step size to 10 using scaling factor 0.959102, for component index 4
LOG (nnet-train-parallel:GetScalingFactor():nnet-component.cc:1564) Limiting step size to 10 using scaling factor 0.789657, for component index 4
LOG (nnet-train-parallel:GetScalingFactor():nnet-component.cc:1564) Limiting step size to 10 using scaling factor 0.86284, for component index 4
LOG (nnet-shuffle-egs:main():nnet-shuffle-egs.cc:102) Shuffled order of 81158 neural-network training examples using a buffer (partial randomization)
LOG (nnet-train-parallel:DoBackpropParallel():nnet-update-parallel.cc:194) Did backprop on 81158 examples, average log-prob per frame is -1.09466
LOG (nnet-train-parallel:DoBackpropParallel():nnet-update-parallel.cc:196) [this line is to be parsed by a script:] log-prob-per-frame=-1.09466
LOG (nnet-train-parallel:main():nnet-train-parallel.cc:102) Finished training, processed 81158 training examples (weighted).  Wrote model to exp/mono3_nnet/5.17.mdl
# Accounting: time=51 threads=1
# Ended (code 0) at Thu Feb 27 15:33:25 IST 2020, elapsed time 51 seconds
