# nnet-shuffle-egs --buffer-size=5000 --srand=7 ark:exp/mono3_nnet/egs/egs.26.0.ark ark:- | nnet-train-parallel --num-threads=16 --minibatch-size=128 --srand=7 "nnet-init --srand=7 exp/mono3_nnet/hidden.config - | nnet-insert exp/mono3_nnet/7.mdl - - |" ark:- exp/mono3_nnet/8.26.mdl 
# Started at Thu Feb 27 15:59:46 IST 2020
#
nnet-train-parallel --num-threads=16 --minibatch-size=128 --srand=7 'nnet-init --srand=7 exp/mono3_nnet/hidden.config - | nnet-insert exp/mono3_nnet/7.mdl - - |' ark:- exp/mono3_nnet/8.26.mdl 
nnet-shuffle-egs --buffer-size=5000 --srand=7 ark:exp/mono3_nnet/egs/egs.26.0.ark ark:- 
nnet-init --srand=7 exp/mono3_nnet/hidden.config - 
nnet-insert exp/mono3_nnet/7.mdl - - 
LOG (nnet-insert:main():nnet-insert.cc:106) Inserted 2 components at position 10
LOG (nnet-insert:main():nnet-insert.cc:122) Randomized component index 12 with stddev 0.0057735
LOG (nnet-init:main():nnet-init.cc:69) Initialized raw neural net and wrote it to -
LOG (nnet-insert:main():nnet-insert.cc:132) Write neural-net acoustic model to -
LOG (nnet-train-parallel:GetScalingFactor():nnet-component.cc:1564) Limiting step size to 10 using scaling factor 0.74177, for component index 12
LOG (nnet-train-parallel:GetScalingFactor():nnet-component.cc:1564) Limiting step size to 10 using scaling factor 0.734814, for component index 12
LOG (nnet-train-parallel:GetScalingFactor():nnet-component.cc:1564) Limiting step size to 10 using scaling factor 0.739874, for component index 12
LOG (nnet-train-parallel:GetScalingFactor():nnet-component.cc:1564) Limiting step size to 10 using scaling factor 0.732216, for component index 12
LOG (nnet-train-parallel:GetScalingFactor():nnet-component.cc:1564) Limiting step size to 10 using scaling factor 0.746407, for component index 12
LOG (nnet-train-parallel:GetScalingFactor():nnet-component.cc:1564) Limiting step size to 10 using scaling factor 0.736368, for component index 12
LOG (nnet-train-parallel:GetScalingFactor():nnet-component.cc:1564) Limiting step size to 10 using scaling factor 0.740649, for component index 12
LOG (nnet-train-parallel:GetScalingFactor():nnet-component.cc:1564) Limiting step size to 10 using scaling factor 0.738528, for component index 12
LOG (nnet-train-parallel:GetScalingFactor():nnet-component.cc:1564) Limiting step size to 10 using scaling factor 0.743345, for component index 12
LOG (nnet-train-parallel:GetScalingFactor():nnet-component.cc:1564) Limiting step size to 10 using scaling factor 0.782572, for component index 12
LOG (nnet-shuffle-egs:main():nnet-shuffle-egs.cc:102) Shuffled order of 81149 neural-network training examples using a buffer (partial randomization)
LOG (nnet-train-parallel:DoBackpropParallel():nnet-update-parallel.cc:194) Did backprop on 81149 examples, average log-prob per frame is -0.747583
LOG (nnet-train-parallel:DoBackpropParallel():nnet-update-parallel.cc:196) [this line is to be parsed by a script:] log-prob-per-frame=-0.747583
LOG (nnet-train-parallel:main():nnet-train-parallel.cc:102) Finished training, processed 81149 training examples (weighted).  Wrote model to exp/mono3_nnet/8.26.mdl
# Accounting: time=79 threads=1
# Ended (code 0) at Thu Feb 27 16:01:05 IST 2020, elapsed time 79 seconds
