# ali-to-post "ark:gunzip -c exp/mono2_ali/pre_ali.26.gz|" ark:- | weight-silence-post 0.0 1 exp/mono2/final.alimdl ark:- ark:- | gmm-post-to-gpost exp/mono2/final.alimdl "ark,s,cs:apply-cmvn  --utt2spk=ark:data/train/split30/26/utt2spk scp:data/train/split30/26/cmvn.scp scp:data/train/split30/26/feats.scp ark:- | add-deltas  ark:- ark:- |" ark:- ark:- | gmm-est-fmllr-gpost --fmllr-update-type=full --spk2utt=ark:data/train/split30/26/spk2utt exp/mono2/final.mdl "ark,s,cs:apply-cmvn  --utt2spk=ark:data/train/split30/26/utt2spk scp:data/train/split30/26/cmvn.scp scp:data/train/split30/26/feats.scp ark:- | add-deltas  ark:- ark:- |" ark,s,cs:- ark:exp/mono2_ali/trans.26 
# Started at Wed Feb 26 15:30:17 IST 2020
#
ali-to-post 'ark:gunzip -c exp/mono2_ali/pre_ali.26.gz|' ark:- 
weight-silence-post 0.0 1 exp/mono2/final.alimdl ark:- ark:- 
gmm-est-fmllr-gpost --fmllr-update-type=full --spk2utt=ark:data/train/split30/26/spk2utt exp/mono2/final.mdl 'ark,s,cs:apply-cmvn  --utt2spk=ark:data/train/split30/26/utt2spk scp:data/train/split30/26/cmvn.scp scp:data/train/split30/26/feats.scp ark:- | add-deltas  ark:- ark:- |' ark,s,cs:- ark:exp/mono2_ali/trans.26 
gmm-post-to-gpost exp/mono2/final.alimdl 'ark,s,cs:apply-cmvn  --utt2spk=ark:data/train/split30/26/utt2spk scp:data/train/split30/26/cmvn.scp scp:data/train/split30/26/feats.scp ark:- | add-deltas  ark:- ark:- |' ark:- ark:- 
apply-cmvn --utt2spk=ark:data/train/split30/26/utt2spk scp:data/train/split30/26/cmvn.scp scp:data/train/split30/26/feats.scp ark:- 
add-deltas ark:- ark:- 
apply-cmvn --utt2spk=ark:data/train/split30/26/utt2spk scp:data/train/split30/26/cmvn.scp scp:data/train/split30/26/feats.scp ark:- 
add-deltas ark:- ark:- 
WARNING (gmm-est-fmllr-gpost:Update():fmllr-diag-gmm.cc:162) Not updating fMLLR since below min-count: count is 188
LOG (gmm-est-fmllr-gpost:main():gmm-est-fmllr-gpost.cc:141) For speaker train_S6_6_5_20, auxf-impr from fMLLR is 0, over 188 frames.
WARNING (gmm-est-fmllr-gpost:Update():fmllr-diag-gmm.cc:162) Not updating fMLLR since below min-count: count is 196
LOG (gmm-est-fmllr-gpost:main():gmm-est-fmllr-gpost.cc:141) For speaker train_S6_6_6_12, auxf-impr from fMLLR is 0, over 196 frames.
WARNING (gmm-est-fmllr-gpost:Update():fmllr-diag-gmm.cc:162) Not updating fMLLR since below min-count: count is 193
LOG (gmm-est-fmllr-gpost:main():gmm-est-fmllr-gpost.cc:141) For speaker train_S6_6_6_14, auxf-impr from fMLLR is 0, over 193 frames.
WARNING (gmm-est-fmllr-gpost:Update():fmllr-diag-gmm.cc:162) Not updating fMLLR since below min-count: count is 196
LOG (gmm-est-fmllr-gpost:main():gmm-est-fmllr-gpost.cc:141) For speaker train_S6_6_6_16, auxf-impr from fMLLR is 0, over 196 frames.
WARNING (gmm-est-fmllr-gpost:Update():fmllr-diag-gmm.cc:162) Not updating fMLLR since below min-count: count is 174
LOG (gmm-est-fmllr-gpost:main():gmm-est-fmllr-gpost.cc:141) For speaker train_S6_6_6_18, auxf-impr from fMLLR is 0, over 174 frames.
WARNING (gmm-est-fmllr-gpost:Update():fmllr-diag-gmm.cc:162) Not updating fMLLR since below min-count: count is 188
LOG (gmm-est-fmllr-gpost:main():gmm-est-fmllr-gpost.cc:141) For speaker train_S6_6_6_20, auxf-impr from fMLLR is 0, over 188 frames.
WARNING (gmm-est-fmllr-gpost:Update():fmllr-diag-gmm.cc:162) Not updating fMLLR since below min-count: count is 196
LOG (gmm-est-fmllr-gpost:main():gmm-est-fmllr-gpost.cc:141) For speaker train_S6_6_7_12, auxf-impr from fMLLR is 0, over 196 frames.
WARNING (gmm-est-fmllr-gpost:Update():fmllr-diag-gmm.cc:162) Not updating fMLLR since below min-count: count is 191
LOG (gmm-est-fmllr-gpost:main():gmm-est-fmllr-gpost.cc:141) For speaker train_S6_6_7_14, auxf-impr from fMLLR is 0, over 191 frames.
WARNING (gmm-est-fmllr-gpost:Update():fmllr-diag-gmm.cc:162) Not updating fMLLR since below min-count: count is 194
LOG (gmm-est-fmllr-gpost:main():gmm-est-fmllr-gpost.cc:141) For speaker train_S6_6_7_16, auxf-impr from fMLLR is 0, over 194 frames.
WARNING (gmm-est-fmllr-gpost:Update():fmllr-diag-gmm.cc:162) Not updating fMLLR since below min-count: count is 174
LOG (gmm-est-fmllr-gpost:main():gmm-est-fmllr-gpost.cc:141) For speaker train_S6_6_7_18, auxf-impr from fMLLR is 0, over 174 frames.
WARNING (gmm-est-fmllr-gpost:Update():fmllr-diag-gmm.cc:162) Not updating fMLLR since below min-count: count is 187
LOG (gmm-est-fmllr-gpost:main():gmm-est-fmllr-gpost.cc:141) For speaker train_S6_6_7_20, auxf-impr from fMLLR is 0, over 187 frames.
WARNING (gmm-est-fmllr-gpost:Update():fmllr-diag-gmm.cc:162) Not updating fMLLR since below min-count: count is 207
LOG (gmm-est-fmllr-gpost:main():gmm-est-fmllr-gpost.cc:141) For speaker train_S6_7_1_12, auxf-impr from fMLLR is 0, over 207 frames.
WARNING (gmm-est-fmllr-gpost:Update():fmllr-diag-gmm.cc:162) Not updating fMLLR since below min-count: count is 204
LOG (gmm-est-fmllr-gpost:main():gmm-est-fmllr-gpost.cc:141) For speaker train_S6_7_1_14, auxf-impr from fMLLR is 0, over 204 frames.
WARNING (gmm-est-fmllr-gpost:Update():fmllr-diag-gmm.cc:162) Not updating fMLLR since below min-count: count is 207
LOG (gmm-est-fmllr-gpost:main():gmm-est-fmllr-gpost.cc:141) For speaker train_S6_7_1_16, auxf-impr from fMLLR is 0, over 207 frames.
WARNING (gmm-est-fmllr-gpost:Update():fmllr-diag-gmm.cc:162) Not updating fMLLR since below min-count: count is 184
LOG (gmm-est-fmllr-gpost:main():gmm-est-fmllr-gpost.cc:141) For speaker train_S6_7_1_18, auxf-impr from fMLLR is 0, over 184 frames.
WARNING (gmm-est-fmllr-gpost:Update():fmllr-diag-gmm.cc:162) Not updating fMLLR since below min-count: count is 198
LOG (gmm-est-fmllr-gpost:main():gmm-est-fmllr-gpost.cc:141) For speaker train_S6_7_1_20, auxf-impr from fMLLR is 0, over 198 frames.
WARNING (gmm-est-fmllr-gpost:Update():fmllr-diag-gmm.cc:162) Not updating fMLLR since below min-count: count is 207
LOG (gmm-est-fmllr-gpost:main():gmm-est-fmllr-gpost.cc:141) For speaker train_S6_7_2_12, auxf-impr from fMLLR is 0, over 207 frames.
WARNING (gmm-est-fmllr-gpost:Update():fmllr-diag-gmm.cc:162) Not updating fMLLR since below min-count: count is 203
LOG (gmm-est-fmllr-gpost:main():gmm-est-fmllr-gpost.cc:141) For speaker train_S6_7_2_14, auxf-impr from fMLLR is 0, over 203 frames.
WARNING (gmm-est-fmllr-gpost:Update():fmllr-diag-gmm.cc:162) Not updating fMLLR since below min-count: count is 207
LOG (gmm-est-fmllr-gpost:main():gmm-est-fmllr-gpost.cc:141) For speaker train_S6_7_2_16, auxf-impr from fMLLR is 0, over 207 frames.
WARNING (gmm-est-fmllr-gpost:Update():fmllr-diag-gmm.cc:162) Not updating fMLLR since below min-count: count is 184
LOG (gmm-est-fmllr-gpost:main():gmm-est-fmllr-gpost.cc:141) For speaker train_S6_7_2_18, auxf-impr from fMLLR is 0, over 184 frames.
WARNING (gmm-est-fmllr-gpost:Update():fmllr-diag-gmm.cc:162) Not updating fMLLR since below min-count: count is 199
LOG (gmm-est-fmllr-gpost:main():gmm-est-fmllr-gpost.cc:141) For speaker train_S6_7_2_20, auxf-impr from fMLLR is 0, over 199 frames.
WARNING (gmm-est-fmllr-gpost:Update():fmllr-diag-gmm.cc:162) Not updating fMLLR since below min-count: count is 207
LOG (gmm-est-fmllr-gpost:main():gmm-est-fmllr-gpost.cc:141) For speaker train_S6_7_3_12, auxf-impr from fMLLR is 0, over 207 frames.
WARNING (gmm-est-fmllr-gpost:Update():fmllr-diag-gmm.cc:162) Not updating fMLLR since below min-count: count is 203
LOG (gmm-est-fmllr-gpost:main():gmm-est-fmllr-gpost.cc:141) For speaker train_S6_7_3_14, auxf-impr from fMLLR is 0, over 203 frames.
WARNING (gmm-est-fmllr-gpost:Update():fmllr-diag-gmm.cc:162) Not updating fMLLR since below min-count: count is 207
LOG (gmm-est-fmllr-gpost:main():gmm-est-fmllr-gpost.cc:141) For speaker train_S6_7_3_16, auxf-impr from fMLLR is 0, over 207 frames.
WARNING (gmm-est-fmllr-gpost:Update():fmllr-diag-gmm.cc:162) Not updating fMLLR since below min-count: count is 184
LOG (gmm-est-fmllr-gpost:main():gmm-est-fmllr-gpost.cc:141) For speaker train_S6_7_3_18, auxf-impr from fMLLR is 0, over 184 frames.
WARNING (gmm-est-fmllr-gpost:Update():fmllr-diag-gmm.cc:162) Not updating fMLLR since below min-count: count is 199
LOG (gmm-est-fmllr-gpost:main():gmm-est-fmllr-gpost.cc:141) For speaker train_S6_7_3_20, auxf-impr from fMLLR is 0, over 199 frames.
WARNING (gmm-est-fmllr-gpost:Update():fmllr-diag-gmm.cc:162) Not updating fMLLR since below min-count: count is 207
LOG (gmm-est-fmllr-gpost:main():gmm-est-fmllr-gpost.cc:141) For speaker train_S6_7_4_12, auxf-impr from fMLLR is 0, over 207 frames.
WARNING (gmm-est-fmllr-gpost:Update():fmllr-diag-gmm.cc:162) Not updating fMLLR since below min-count: count is 204
LOG (gmm-est-fmllr-gpost:main():gmm-est-fmllr-gpost.cc:141) For speaker train_S6_7_4_14, auxf-impr from fMLLR is 0, over 204 frames.
WARNING (gmm-est-fmllr-gpost:Update():fmllr-diag-gmm.cc:162) Not updating fMLLR since below min-count: count is 207
LOG (gmm-est-fmllr-gpost:main():gmm-est-fmllr-gpost.cc:141) For speaker train_S6_7_4_16, auxf-impr from fMLLR is 0, over 207 frames.
WARNING (gmm-est-fmllr-gpost:Update():fmllr-diag-gmm.cc:162) Not updating fMLLR since below min-count: count is 184
LOG (gmm-est-fmllr-gpost:main():gmm-est-fmllr-gpost.cc:141) For speaker train_S6_7_4_18, auxf-impr from fMLLR is 0, over 184 frames.
WARNING (gmm-est-fmllr-gpost:Update():fmllr-diag-gmm.cc:162) Not updating fMLLR since below min-count: count is 199
LOG (gmm-est-fmllr-gpost:main():gmm-est-fmllr-gpost.cc:141) For speaker train_S6_7_4_20, auxf-impr from fMLLR is 0, over 199 frames.
WARNING (gmm-est-fmllr-gpost:Update():fmllr-diag-gmm.cc:162) Not updating fMLLR since below min-count: count is 208
LOG (gmm-est-fmllr-gpost:main():gmm-est-fmllr-gpost.cc:141) For speaker train_S6_7_5_12, auxf-impr from fMLLR is 0, over 208 frames.
WARNING (gmm-est-fmllr-gpost:Update():fmllr-diag-gmm.cc:162) Not updating fMLLR since below min-count: count is 203
LOG (gmm-est-fmllr-gpost:main():gmm-est-fmllr-gpost.cc:141) For speaker train_S6_7_5_14, auxf-impr from fMLLR is 0, over 203 frames.
WARNING (gmm-est-fmllr-gpost:Update():fmllr-diag-gmm.cc:162) Not updating fMLLR since below min-count: count is 207
LOG (gmm-est-fmllr-gpost:main():gmm-est-fmllr-gpost.cc:141) For speaker train_S6_7_5_16, auxf-impr from fMLLR is 0, over 207 frames.
WARNING (gmm-est-fmllr-gpost:Update():fmllr-diag-gmm.cc:162) Not updating fMLLR since below min-count: count is 184
LOG (gmm-est-fmllr-gpost:main():gmm-est-fmllr-gpost.cc:141) For speaker train_S6_7_5_18, auxf-impr from fMLLR is 0, over 184 frames.
WARNING (gmm-est-fmllr-gpost:Update():fmllr-diag-gmm.cc:162) Not updating fMLLR since below min-count: count is 199
LOG (gmm-est-fmllr-gpost:main():gmm-est-fmllr-gpost.cc:141) For speaker train_S6_7_5_20, auxf-impr from fMLLR is 0, over 199 frames.
WARNING (gmm-est-fmllr-gpost:Update():fmllr-diag-gmm.cc:162) Not updating fMLLR since below min-count: count is 207
LOG (gmm-est-fmllr-gpost:main():gmm-est-fmllr-gpost.cc:141) For speaker train_S6_7_6_12, auxf-impr from fMLLR is 0, over 207 frames.
WARNING (gmm-est-fmllr-gpost:Update():fmllr-diag-gmm.cc:162) Not updating fMLLR since below min-count: count is 203
LOG (gmm-est-fmllr-gpost:main():gmm-est-fmllr-gpost.cc:141) For speaker train_S6_7_6_14, auxf-impr from fMLLR is 0, over 203 frames.
WARNING (gmm-est-fmllr-gpost:Update():fmllr-diag-gmm.cc:162) Not updating fMLLR since below min-count: count is 207
LOG (gmm-est-fmllr-gpost:main():gmm-est-fmllr-gpost.cc:141) For speaker train_S6_7_6_16, auxf-impr from fMLLR is 0, over 207 frames.
WARNING (gmm-est-fmllr-gpost:Update():fmllr-diag-gmm.cc:162) Not updating fMLLR since below min-count: count is 184
LOG (gmm-est-fmllr-gpost:main():gmm-est-fmllr-gpost.cc:141) For speaker train_S6_7_6_18, auxf-impr from fMLLR is 0, over 184 frames.
WARNING (gmm-est-fmllr-gpost:Update():fmllr-diag-gmm.cc:162) Not updating fMLLR since below min-count: count is 198
LOG (gmm-est-fmllr-gpost:main():gmm-est-fmllr-gpost.cc:141) For speaker train_S6_7_6_20, auxf-impr from fMLLR is 0, over 198 frames.
WARNING (gmm-est-fmllr-gpost:Update():fmllr-diag-gmm.cc:162) Not updating fMLLR since below min-count: count is 207
LOG (gmm-est-fmllr-gpost:main():gmm-est-fmllr-gpost.cc:141) For speaker train_S6_7_7_12, auxf-impr from fMLLR is 0, over 207 frames.
WARNING (gmm-est-fmllr-gpost:Update():fmllr-diag-gmm.cc:162) Not updating fMLLR since below min-count: count is 203
LOG (gmm-est-fmllr-gpost:main():gmm-est-fmllr-gpost.cc:141) For speaker train_S6_7_7_14, auxf-impr from fMLLR is 0, over 203 frames.
WARNING (gmm-est-fmllr-gpost:Update():fmllr-diag-gmm.cc:162) Not updating fMLLR since below min-count: count is 207
LOG (gmm-est-fmllr-gpost:main():gmm-est-fmllr-gpost.cc:141) For speaker train_S6_7_7_16, auxf-impr from fMLLR is 0, over 207 frames.
WARNING (gmm-est-fmllr-gpost:Update():fmllr-diag-gmm.cc:162) Not updating fMLLR since below min-count: count is 185
LOG (gmm-est-fmllr-gpost:main():gmm-est-fmllr-gpost.cc:141) For speaker train_S6_7_7_18, auxf-impr from fMLLR is 0, over 185 frames.
WARNING (gmm-est-fmllr-gpost:Update():fmllr-diag-gmm.cc:162) Not updating fMLLR since below min-count: count is 199
LOG (gmm-est-fmllr-gpost:main():gmm-est-fmllr-gpost.cc:141) For speaker train_S6_7_7_20, auxf-impr from fMLLR is 0, over 199 frames.
WARNING (gmm-est-fmllr-gpost:Update():fmllr-diag-gmm.cc:162) Not updating fMLLR since below min-count: count is 171
LOG (gmm-est-fmllr-gpost:main():gmm-est-fmllr-gpost.cc:141) For speaker train_S6_8_1_12, auxf-impr from fMLLR is 0, over 171 frames.
WARNING (gmm-est-fmllr-gpost:Update():fmllr-diag-gmm.cc:162) Not updating fMLLR since below min-count: count is 170
LOG (gmm-est-fmllr-gpost:main():gmm-est-fmllr-gpost.cc:141) For speaker train_S6_8_1_14, auxf-impr from fMLLR is 0, over 170 frames.
WARNING (gmm-est-fmllr-gpost:Update():fmllr-diag-gmm.cc:162) Not updating fMLLR since below min-count: count is 174
LOG (gmm-est-fmllr-gpost:main():gmm-est-fmllr-gpost.cc:141) For speaker train_S6_8_1_16, auxf-impr from fMLLR is 0, over 174 frames.
WARNING (gmm-est-fmllr-gpost:Update():fmllr-diag-gmm.cc:162) Not updating fMLLR since below min-count: count is 155
LOG (gmm-est-fmllr-gpost:main():gmm-est-fmllr-gpost.cc:141) For speaker train_S6_8_1_18, auxf-impr from fMLLR is 0, over 155 frames.
WARNING (gmm-est-fmllr-gpost:Update():fmllr-diag-gmm.cc:162) Not updating fMLLR since below min-count: count is 166
LOG (gmm-est-fmllr-gpost:main():gmm-est-fmllr-gpost.cc:141) For speaker train_S6_8_1_20, auxf-impr from fMLLR is 0, over 166 frames.
WARNING (gmm-est-fmllr-gpost:Update():fmllr-diag-gmm.cc:162) Not updating fMLLR since below min-count: count is 171
LOG (gmm-est-fmllr-gpost:main():gmm-est-fmllr-gpost.cc:141) For speaker train_S6_8_2_12, auxf-impr from fMLLR is 0, over 171 frames.
WARNING (gmm-est-fmllr-gpost:Update():fmllr-diag-gmm.cc:162) Not updating fMLLR since below min-count: count is 170
LOG (gmm-est-fmllr-gpost:main():gmm-est-fmllr-gpost.cc:141) For speaker train_S6_8_2_14, auxf-impr from fMLLR is 0, over 170 frames.
WARNING (gmm-est-fmllr-gpost:Update():fmllr-diag-gmm.cc:162) Not updating fMLLR since below min-count: count is 175
LOG (gmm-est-fmllr-gpost:main():gmm-est-fmllr-gpost.cc:141) For speaker train_S6_8_2_16, auxf-impr from fMLLR is 0, over 175 frames.
WARNING (gmm-est-fmllr-gpost:Update():fmllr-diag-gmm.cc:162) Not updating fMLLR since below min-count: count is 155
LOG (gmm-est-fmllr-gpost:main():gmm-est-fmllr-gpost.cc:141) For speaker train_S6_8_2_18, auxf-impr from fMLLR is 0, over 155 frames.
WARNING (gmm-est-fmllr-gpost:Update():fmllr-diag-gmm.cc:162) Not updating fMLLR since below min-count: count is 166
LOG (gmm-est-fmllr-gpost:main():gmm-est-fmllr-gpost.cc:141) For speaker train_S6_8_2_20, auxf-impr from fMLLR is 0, over 166 frames.
WARNING (gmm-est-fmllr-gpost:Update():fmllr-diag-gmm.cc:162) Not updating fMLLR since below min-count: count is 171
LOG (gmm-est-fmllr-gpost:main():gmm-est-fmllr-gpost.cc:141) For speaker train_S6_8_3_12, auxf-impr from fMLLR is 0, over 171 frames.
WARNING (gmm-est-fmllr-gpost:Update():fmllr-diag-gmm.cc:162) Not updating fMLLR since below min-count: count is 170
LOG (gmm-est-fmllr-gpost:main():gmm-est-fmllr-gpost.cc:141) For speaker train_S6_8_3_14, auxf-impr from fMLLR is 0, over 170 frames.
WARNING (gmm-est-fmllr-gpost:Update():fmllr-diag-gmm.cc:162) Not updating fMLLR since below min-count: count is 174
LOG (gmm-est-fmllr-gpost:main():gmm-est-fmllr-gpost.cc:141) For speaker train_S6_8_3_16, auxf-impr from fMLLR is 0, over 174 frames.
WARNING (gmm-est-fmllr-gpost:Update():fmllr-diag-gmm.cc:162) Not updating fMLLR since below min-count: count is 155
LOG (gmm-est-fmllr-gpost:main():gmm-est-fmllr-gpost.cc:141) For speaker train_S6_8_3_18, auxf-impr from fMLLR is 0, over 155 frames.
WARNING (gmm-est-fmllr-gpost:Update():fmllr-diag-gmm.cc:162) Not updating fMLLR since below min-count: count is 166
LOG (gmm-est-fmllr-gpost:main():gmm-est-fmllr-gpost.cc:141) For speaker train_S6_8_3_20, auxf-impr from fMLLR is 0, over 166 frames.
WARNING (gmm-est-fmllr-gpost:Update():fmllr-diag-gmm.cc:162) Not updating fMLLR since below min-count: count is 171
LOG (gmm-est-fmllr-gpost:main():gmm-est-fmllr-gpost.cc:141) For speaker train_S6_8_4_12, auxf-impr from fMLLR is 0, over 171 frames.
WARNING (gmm-est-fmllr-gpost:Update():fmllr-diag-gmm.cc:162) Not updating fMLLR since below min-count: count is 170
LOG (gmm-est-fmllr-gpost:main():gmm-est-fmllr-gpost.cc:141) For speaker train_S6_8_4_14, auxf-impr from fMLLR is 0, over 170 frames.
WARNING (gmm-est-fmllr-gpost:Update():fmllr-diag-gmm.cc:162) Not updating fMLLR since below min-count: count is 174
LOG (gmm-est-fmllr-gpost:main():gmm-est-fmllr-gpost.cc:141) For speaker train_S6_8_4_16, auxf-impr from fMLLR is 0, over 174 frames.
WARNING (gmm-est-fmllr-gpost:Update():fmllr-diag-gmm.cc:162) Not updating fMLLR since below min-count: count is 155
LOG (gmm-est-fmllr-gpost:main():gmm-est-fmllr-gpost.cc:141) For speaker train_S6_8_4_18, auxf-impr from fMLLR is 0, over 155 frames.
WARNING (gmm-est-fmllr-gpost:Update():fmllr-diag-gmm.cc:162) Not updating fMLLR since below min-count: count is 166
LOG (gmm-est-fmllr-gpost:main():gmm-est-fmllr-gpost.cc:141) For speaker train_S6_8_4_20, auxf-impr from fMLLR is 0, over 166 frames.
WARNING (gmm-est-fmllr-gpost:Update():fmllr-diag-gmm.cc:162) Not updating fMLLR since below min-count: count is 171
LOG (gmm-est-fmllr-gpost:main():gmm-est-fmllr-gpost.cc:141) For speaker train_S6_8_5_12, auxf-impr from fMLLR is 0, over 171 frames.
WARNING (gmm-est-fmllr-gpost:Update():fmllr-diag-gmm.cc:162) Not updating fMLLR since below min-count: count is 170
LOG (gmm-est-fmllr-gpost:main():gmm-est-fmllr-gpost.cc:141) For speaker train_S6_8_5_14, auxf-impr from fMLLR is 0, over 170 frames.
WARNING (gmm-est-fmllr-gpost:Update():fmllr-diag-gmm.cc:162) Not updating fMLLR since below min-count: count is 174
LOG (gmm-est-fmllr-gpost:main():gmm-est-fmllr-gpost.cc:141) For speaker train_S6_8_5_16, auxf-impr from fMLLR is 0, over 174 frames.
WARNING (gmm-est-fmllr-gpost:Update():fmllr-diag-gmm.cc:162) Not updating fMLLR since below min-count: count is 155
LOG (gmm-est-fmllr-gpost:main():gmm-est-fmllr-gpost.cc:141) For speaker train_S6_8_5_18, auxf-impr from fMLLR is 0, over 155 frames.
WARNING (gmm-est-fmllr-gpost:Update():fmllr-diag-gmm.cc:162) Not updating fMLLR since below min-count: count is 166
LOG (gmm-est-fmllr-gpost:main():gmm-est-fmllr-gpost.cc:141) For speaker train_S6_8_5_20, auxf-impr from fMLLR is 0, over 166 frames.
WARNING (gmm-est-fmllr-gpost:Update():fmllr-diag-gmm.cc:162) Not updating fMLLR since below min-count: count is 174
LOG (gmm-est-fmllr-gpost:main():gmm-est-fmllr-gpost.cc:141) For speaker train_S6_8_6_12, auxf-impr from fMLLR is 0, over 174 frames.
WARNING (gmm-est-fmllr-gpost:Update():fmllr-diag-gmm.cc:162) Not updating fMLLR since below min-count: count is 170
LOG (gmm-est-fmllr-gpost:main():gmm-est-fmllr-gpost.cc:141) For speaker train_S6_8_6_14, auxf-impr from fMLLR is 0, over 170 frames.
WARNING (gmm-est-fmllr-gpost:Update():fmllr-diag-gmm.cc:162) Not updating fMLLR since below min-count: count is 174
LOG (gmm-est-fmllr-gpost:main():gmm-est-fmllr-gpost.cc:141) For speaker train_S6_8_6_16, auxf-impr from fMLLR is 0, over 174 frames.
WARNING (gmm-est-fmllr-gpost:Update():fmllr-diag-gmm.cc:162) Not updating fMLLR since below min-count: count is 155
LOG (gmm-est-fmllr-gpost:main():gmm-est-fmllr-gpost.cc:141) For speaker train_S6_8_6_18, auxf-impr from fMLLR is 0, over 155 frames.
WARNING (gmm-est-fmllr-gpost:Update():fmllr-diag-gmm.cc:162) Not updating fMLLR since below min-count: count is 166
LOG (gmm-est-fmllr-gpost:main():gmm-est-fmllr-gpost.cc:141) For speaker train_S6_8_6_20, auxf-impr from fMLLR is 0, over 166 frames.
WARNING (gmm-est-fmllr-gpost:Update():fmllr-diag-gmm.cc:162) Not updating fMLLR since below min-count: count is 171
LOG (gmm-est-fmllr-gpost:main():gmm-est-fmllr-gpost.cc:141) For speaker train_S6_8_7_12, auxf-impr from fMLLR is 0, over 171 frames.
WARNING (gmm-est-fmllr-gpost:Update():fmllr-diag-gmm.cc:162) Not updating fMLLR since below min-count: count is 170
LOG (gmm-est-fmllr-gpost:main():gmm-est-fmllr-gpost.cc:141) For speaker train_S6_8_7_14, auxf-impr from fMLLR is 0, over 170 frames.
WARNING (gmm-est-fmllr-gpost:Update():fmllr-diag-gmm.cc:162) Not updating fMLLR since below min-count: count is 172
LOG (gmm-est-fmllr-gpost:main():gmm-est-fmllr-gpost.cc:141) For speaker train_S6_8_7_16, auxf-impr from fMLLR is 0, over 172 frames.
WARNING (gmm-est-fmllr-gpost:Update():fmllr-diag-gmm.cc:162) Not updating fMLLR since below min-count: count is 155
LOG (gmm-est-fmllr-gpost:main():gmm-est-fmllr-gpost.cc:141) For speaker train_S6_8_7_18, auxf-impr from fMLLR is 0, over 155 frames.
WARNING (gmm-est-fmllr-gpost:Update():fmllr-diag-gmm.cc:162) Not updating fMLLR since below min-count: count is 166
LOG (gmm-est-fmllr-gpost:main():gmm-est-fmllr-gpost.cc:141) For speaker train_S6_8_7_20, auxf-impr from fMLLR is 0, over 166 frames.
WARNING (gmm-est-fmllr-gpost:Update():fmllr-diag-gmm.cc:162) Not updating fMLLR since below min-count: count is 186
LOG (gmm-est-fmllr-gpost:main():gmm-est-fmllr-gpost.cc:141) For speaker train_S6_9_1_12, auxf-impr from fMLLR is 0, over 186 frames.
WARNING (gmm-est-fmllr-gpost:Update():fmllr-diag-gmm.cc:162) Not updating fMLLR since below min-count: count is 183
LOG (gmm-est-fmllr-gpost:main():gmm-est-fmllr-gpost.cc:141) For speaker train_S6_9_1_14, auxf-impr from fMLLR is 0, over 183 frames.
WARNING (gmm-est-fmllr-gpost:Update():fmllr-diag-gmm.cc:162) Not updating fMLLR since below min-count: count is 186
LOG (gmm-est-fmllr-gpost:main():gmm-est-fmllr-gpost.cc:141) For speaker train_S6_9_1_16, auxf-impr from fMLLR is 0, over 186 frames.
WARNING (gmm-est-fmllr-gpost:Update():fmllr-diag-gmm.cc:162) Not updating fMLLR since below min-count: count is 165
LOG (gmm-est-fmllr-gpost:main():gmm-est-fmllr-gpost.cc:141) For speaker train_S6_9_1_18, auxf-impr from fMLLR is 0, over 165 frames.
WARNING (gmm-est-fmllr-gpost:Update():fmllr-diag-gmm.cc:162) Not updating fMLLR since below min-count: count is 178
LOG (gmm-est-fmllr-gpost:main():gmm-est-fmllr-gpost.cc:141) For speaker train_S6_9_1_20, auxf-impr from fMLLR is 0, over 178 frames.
WARNING (gmm-est-fmllr-gpost:Update():fmllr-diag-gmm.cc:162) Not updating fMLLR since below min-count: count is 186
LOG (gmm-est-fmllr-gpost:main():gmm-est-fmllr-gpost.cc:141) For speaker train_S6_9_2_12, auxf-impr from fMLLR is 0, over 186 frames.
WARNING (gmm-est-fmllr-gpost:Update():fmllr-diag-gmm.cc:162) Not updating fMLLR since below min-count: count is 183
LOG (gmm-est-fmllr-gpost:main():gmm-est-fmllr-gpost.cc:141) For speaker train_S6_9_2_14, auxf-impr from fMLLR is 0, over 183 frames.
WARNING (gmm-est-fmllr-gpost:Update():fmllr-diag-gmm.cc:162) Not updating fMLLR since below min-count: count is 186
LOG (gmm-est-fmllr-gpost:main():gmm-est-fmllr-gpost.cc:141) For speaker train_S6_9_2_16, auxf-impr from fMLLR is 0, over 186 frames.
WARNING (gmm-est-fmllr-gpost:Update():fmllr-diag-gmm.cc:162) Not updating fMLLR since below min-count: count is 165
LOG (gmm-est-fmllr-gpost:main():gmm-est-fmllr-gpost.cc:141) For speaker train_S6_9_2_18, auxf-impr from fMLLR is 0, over 165 frames.
WARNING (gmm-est-fmllr-gpost:Update():fmllr-diag-gmm.cc:162) Not updating fMLLR since below min-count: count is 178
LOG (gmm-est-fmllr-gpost:main():gmm-est-fmllr-gpost.cc:141) For speaker train_S6_9_2_20, auxf-impr from fMLLR is 0, over 178 frames.
WARNING (gmm-est-fmllr-gpost:Update():fmllr-diag-gmm.cc:162) Not updating fMLLR since below min-count: count is 186
LOG (gmm-est-fmllr-gpost:main():gmm-est-fmllr-gpost.cc:141) For speaker train_S6_9_3_12, auxf-impr from fMLLR is 0, over 186 frames.
WARNING (gmm-est-fmllr-gpost:Update():fmllr-diag-gmm.cc:162) Not updating fMLLR since below min-count: count is 182
LOG (gmm-est-fmllr-gpost:main():gmm-est-fmllr-gpost.cc:141) For speaker train_S6_9_3_14, auxf-impr from fMLLR is 0, over 182 frames.
WARNING (gmm-est-fmllr-gpost:Update():fmllr-diag-gmm.cc:162) Not updating fMLLR since below min-count: count is 186
LOG (gmm-est-fmllr-gpost:main():gmm-est-fmllr-gpost.cc:141) For speaker train_S6_9_3_16, auxf-impr from fMLLR is 0, over 186 frames.
WARNING (gmm-est-fmllr-gpost:Update():fmllr-diag-gmm.cc:162) Not updating fMLLR since below min-count: count is 165
LOG (gmm-est-fmllr-gpost:main():gmm-est-fmllr-gpost.cc:141) For speaker train_S6_9_3_18, auxf-impr from fMLLR is 0, over 165 frames.
WARNING (gmm-est-fmllr-gpost:Update():fmllr-diag-gmm.cc:162) Not updating fMLLR since below min-count: count is 178
LOG (gmm-est-fmllr-gpost:main():gmm-est-fmllr-gpost.cc:141) For speaker train_S6_9_3_20, auxf-impr from fMLLR is 0, over 178 frames.
WARNING (gmm-est-fmllr-gpost:Update():fmllr-diag-gmm.cc:162) Not updating fMLLR since below min-count: count is 183
LOG (gmm-est-fmllr-gpost:main():gmm-est-fmllr-gpost.cc:141) For speaker train_S6_9_4_12, auxf-impr from fMLLR is 0, over 183 frames.
WARNING (gmm-est-fmllr-gpost:Update():fmllr-diag-gmm.cc:162) Not updating fMLLR since below min-count: count is 182
LOG (gmm-est-fmllr-gpost:main():gmm-est-fmllr-gpost.cc:141) For speaker train_S6_9_4_14, auxf-impr from fMLLR is 0, over 182 frames.
WARNING (gmm-est-fmllr-gpost:Update():fmllr-diag-gmm.cc:162) Not updating fMLLR since below min-count: count is 187
LOG (gmm-est-fmllr-gpost:main():gmm-est-fmllr-gpost.cc:141) For speaker train_S6_9_4_16, auxf-impr from fMLLR is 0, over 187 frames.
WARNING (gmm-est-fmllr-gpost:Update():fmllr-diag-gmm.cc:162) Not updating fMLLR since below min-count: count is 166
LOG (gmm-est-fmllr-gpost:main():gmm-est-fmllr-gpost.cc:141) For speaker train_S6_9_4_18, auxf-impr from fMLLR is 0, over 166 frames.
WARNING (gmm-est-fmllr-gpost:Update():fmllr-diag-gmm.cc:162) Not updating fMLLR since below min-count: count is 178
LOG (gmm-est-fmllr-gpost:main():gmm-est-fmllr-gpost.cc:141) For speaker train_S6_9_4_20, auxf-impr from fMLLR is 0, over 178 frames.
WARNING (gmm-est-fmllr-gpost:Update():fmllr-diag-gmm.cc:162) Not updating fMLLR since below min-count: count is 183
LOG (gmm-est-fmllr-gpost:main():gmm-est-fmllr-gpost.cc:141) For speaker train_S6_9_5_12, auxf-impr from fMLLR is 0, over 183 frames.
WARNING (gmm-est-fmllr-gpost:Update():fmllr-diag-gmm.cc:162) Not updating fMLLR since below min-count: count is 182
LOG (gmm-est-fmllr-gpost:main():gmm-est-fmllr-gpost.cc:141) For speaker train_S6_9_5_14, auxf-impr from fMLLR is 0, over 182 frames.
WARNING (gmm-est-fmllr-gpost:Update():fmllr-diag-gmm.cc:162) Not updating fMLLR since below min-count: count is 186
LOG (gmm-est-fmllr-gpost:main():gmm-est-fmllr-gpost.cc:141) For speaker train_S6_9_5_16, auxf-impr from fMLLR is 0, over 186 frames.
WARNING (gmm-est-fmllr-gpost:Update():fmllr-diag-gmm.cc:162) Not updating fMLLR since below min-count: count is 165
LOG (gmm-est-fmllr-gpost:main():gmm-est-fmllr-gpost.cc:141) For speaker train_S6_9_5_18, auxf-impr from fMLLR is 0, over 165 frames.
WARNING (gmm-est-fmllr-gpost:Update():fmllr-diag-gmm.cc:162) Not updating fMLLR since below min-count: count is 178
LOG (gmm-est-fmllr-gpost:main():gmm-est-fmllr-gpost.cc:141) For speaker train_S6_9_5_20, auxf-impr from fMLLR is 0, over 178 frames.
WARNING (gmm-est-fmllr-gpost:Update():fmllr-diag-gmm.cc:162) Not updating fMLLR since below min-count: count is 186
LOG (gmm-est-fmllr-gpost:main():gmm-est-fmllr-gpost.cc:141) For speaker train_S6_9_6_12, auxf-impr from fMLLR is 0, over 186 frames.
WARNING (gmm-est-fmllr-gpost:Update():fmllr-diag-gmm.cc:162) Not updating fMLLR since below min-count: count is 182
LOG (gmm-est-fmllr-gpost:main():gmm-est-fmllr-gpost.cc:141) For speaker train_S6_9_6_14, auxf-impr from fMLLR is 0, over 182 frames.
WARNING (gmm-est-fmllr-gpost:Update():fmllr-diag-gmm.cc:162) Not updating fMLLR since below min-count: count is 187
LOG (gmm-est-fmllr-gpost:main():gmm-est-fmllr-gpost.cc:141) For speaker train_S6_9_6_16, auxf-impr from fMLLR is 0, over 187 frames.
WARNING (gmm-est-fmllr-gpost:Update():fmllr-diag-gmm.cc:162) Not updating fMLLR since below min-count: count is 165
LOG (gmm-est-fmllr-gpost:main():gmm-est-fmllr-gpost.cc:141) For speaker train_S6_9_6_18, auxf-impr from fMLLR is 0, over 165 frames.
WARNING (gmm-est-fmllr-gpost:Update():fmllr-diag-gmm.cc:162) Not updating fMLLR since below min-count: count is 178
LOG (gmm-est-fmllr-gpost:main():gmm-est-fmllr-gpost.cc:141) For speaker train_S6_9_6_20, auxf-impr from fMLLR is 0, over 178 frames.
WARNING (gmm-est-fmllr-gpost:Update():fmllr-diag-gmm.cc:162) Not updating fMLLR since below min-count: count is 186
LOG (gmm-est-fmllr-gpost:main():gmm-est-fmllr-gpost.cc:141) For speaker train_S6_9_7_12, auxf-impr from fMLLR is 0, over 186 frames.
WARNING (gmm-est-fmllr-gpost:Update():fmllr-diag-gmm.cc:162) Not updating fMLLR since below min-count: count is 182
LOG (gmm-est-fmllr-gpost:main():gmm-est-fmllr-gpost.cc:141) For speaker train_S6_9_7_14, auxf-impr from fMLLR is 0, over 182 frames.
WARNING (gmm-est-fmllr-gpost:Update():fmllr-diag-gmm.cc:162) Not updating fMLLR since below min-count: count is 186
LOG (gmm-est-fmllr-gpost:main():gmm-est-fmllr-gpost.cc:141) For speaker train_S6_9_7_16, auxf-impr from fMLLR is 0, over 186 frames.
WARNING (gmm-est-fmllr-gpost:Update():fmllr-diag-gmm.cc:162) Not updating fMLLR since below min-count: count is 165
LOG (gmm-est-fmllr-gpost:main():gmm-est-fmllr-gpost.cc:141) For speaker train_S6_9_7_18, auxf-impr from fMLLR is 0, over 165 frames.
WARNING (gmm-est-fmllr-gpost:Update():fmllr-diag-gmm.cc:162) Not updating fMLLR since below min-count: count is 179
LOG (gmm-est-fmllr-gpost:main():gmm-est-fmllr-gpost.cc:141) For speaker train_S6_9_7_20, auxf-impr from fMLLR is 0, over 179 frames.
WARNING (gmm-est-fmllr-gpost:Update():fmllr-diag-gmm.cc:162) Not updating fMLLR since below min-count: count is 213
LOG (gmm-est-fmllr-gpost:main():gmm-est-fmllr-gpost.cc:141) For speaker train_S7_10_1_12, auxf-impr from fMLLR is 0, over 213 frames.
WARNING (gmm-est-fmllr-gpost:Update():fmllr-diag-gmm.cc:162) Not updating fMLLR since below min-count: count is 208
LOG (gmm-est-fmllr-gpost:main():gmm-est-fmllr-gpost.cc:141) For speaker train_S7_10_1_14, auxf-impr from fMLLR is 0, over 208 frames.
WARNING (gmm-est-fmllr-gpost:Update():fmllr-diag-gmm.cc:162) Not updating fMLLR since below min-count: count is 213
LOG (gmm-est-fmllr-gpost:main():gmm-est-fmllr-gpost.cc:141) For speaker train_S7_10_1_16, auxf-impr from fMLLR is 0, over 213 frames.
WARNING (gmm-est-fmllr-gpost:Update():fmllr-diag-gmm.cc:162) Not updating fMLLR since below min-count: count is 189
LOG (gmm-est-fmllr-gpost:main():gmm-est-fmllr-gpost.cc:141) For speaker train_S7_10_1_18, auxf-impr from fMLLR is 0, over 189 frames.
WARNING (gmm-est-fmllr-gpost:Update():fmllr-diag-gmm.cc:162) Not updating fMLLR since below min-count: count is 203
LOG (gmm-est-fmllr-gpost:main():gmm-est-fmllr-gpost.cc:141) For speaker train_S7_10_1_20, auxf-impr from fMLLR is 0, over 203 frames.
WARNING (gmm-est-fmllr-gpost:Update():fmllr-diag-gmm.cc:162) Not updating fMLLR since below min-count: count is 213
LOG (gmm-est-fmllr-gpost:main():gmm-est-fmllr-gpost.cc:141) For speaker train_S7_10_2_12, auxf-impr from fMLLR is 0, over 213 frames.
WARNING (gmm-est-fmllr-gpost:Update():fmllr-diag-gmm.cc:162) Not updating fMLLR since below min-count: count is 208
LOG (gmm-est-fmllr-gpost:main():gmm-est-fmllr-gpost.cc:141) For speaker train_S7_10_2_14, auxf-impr from fMLLR is 0, over 208 frames.
WARNING (gmm-est-fmllr-gpost:Update():fmllr-diag-gmm.cc:162) Not updating fMLLR since below min-count: count is 213
LOG (gmm-est-fmllr-gpost:main():gmm-est-fmllr-gpost.cc:141) For speaker train_S7_10_2_16, auxf-impr from fMLLR is 0, over 213 frames.
WARNING (gmm-est-fmllr-gpost:Update():fmllr-diag-gmm.cc:162) Not updating fMLLR since below min-count: count is 189
LOG (gmm-est-fmllr-gpost:main():gmm-est-fmllr-gpost.cc:141) For speaker train_S7_10_2_18, auxf-impr from fMLLR is 0, over 189 frames.
WARNING (gmm-est-fmllr-gpost:Update():fmllr-diag-gmm.cc:162) Not updating fMLLR since below min-count: count is 203
LOG (gmm-est-fmllr-gpost:main():gmm-est-fmllr-gpost.cc:141) For speaker train_S7_10_2_20, auxf-impr from fMLLR is 0, over 203 frames.
WARNING (gmm-est-fmllr-gpost:Update():fmllr-diag-gmm.cc:162) Not updating fMLLR since below min-count: count is 213
LOG (gmm-est-fmllr-gpost:main():gmm-est-fmllr-gpost.cc:141) For speaker train_S7_10_3_12, auxf-impr from fMLLR is 0, over 213 frames.
WARNING (gmm-est-fmllr-gpost:Update():fmllr-diag-gmm.cc:162) Not updating fMLLR since below min-count: count is 208
LOG (gmm-est-fmllr-gpost:main():gmm-est-fmllr-gpost.cc:141) For speaker train_S7_10_3_14, auxf-impr from fMLLR is 0, over 208 frames.
WARNING (gmm-est-fmllr-gpost:Update():fmllr-diag-gmm.cc:162) Not updating fMLLR since below min-count: count is 213
LOG (gmm-est-fmllr-gpost:main():gmm-est-fmllr-gpost.cc:141) For speaker train_S7_10_3_16, auxf-impr from fMLLR is 0, over 213 frames.
WARNING (gmm-est-fmllr-gpost:Update():fmllr-diag-gmm.cc:162) Not updating fMLLR since below min-count: count is 189
LOG (gmm-est-fmllr-gpost:main():gmm-est-fmllr-gpost.cc:141) For speaker train_S7_10_3_18, auxf-impr from fMLLR is 0, over 189 frames.
WARNING (gmm-est-fmllr-gpost:Update():fmllr-diag-gmm.cc:162) Not updating fMLLR since below min-count: count is 203
LOG (gmm-est-fmllr-gpost:main():gmm-est-fmllr-gpost.cc:141) For speaker train_S7_10_3_20, auxf-impr from fMLLR is 0, over 203 frames.
WARNING (gmm-est-fmllr-gpost:Update():fmllr-diag-gmm.cc:162) Not updating fMLLR since below min-count: count is 213
LOG (gmm-est-fmllr-gpost:main():gmm-est-fmllr-gpost.cc:141) For speaker train_S7_10_4_12, auxf-impr from fMLLR is 0, over 213 frames.
WARNING (gmm-est-fmllr-gpost:Update():fmllr-diag-gmm.cc:162) Not updating fMLLR since below min-count: count is 208
LOG (gmm-est-fmllr-gpost:main():gmm-est-fmllr-gpost.cc:141) For speaker train_S7_10_4_14, auxf-impr from fMLLR is 0, over 208 frames.
WARNING (gmm-est-fmllr-gpost:Update():fmllr-diag-gmm.cc:162) Not updating fMLLR since below min-count: count is 213
LOG (gmm-est-fmllr-gpost:main():gmm-est-fmllr-gpost.cc:141) For speaker train_S7_10_4_16, auxf-impr from fMLLR is 0, over 213 frames.
WARNING (gmm-est-fmllr-gpost:Update():fmllr-diag-gmm.cc:162) Not updating fMLLR since below min-count: count is 189
LOG (gmm-est-fmllr-gpost:main():gmm-est-fmllr-gpost.cc:141) For speaker train_S7_10_4_18, auxf-impr from fMLLR is 0, over 189 frames.
WARNING (gmm-est-fmllr-gpost:Update():fmllr-diag-gmm.cc:162) Not updating fMLLR since below min-count: count is 203
LOG (gmm-est-fmllr-gpost:main():gmm-est-fmllr-gpost.cc:141) For speaker train_S7_10_4_20, auxf-impr from fMLLR is 0, over 203 frames.
WARNING (gmm-est-fmllr-gpost:Update():fmllr-diag-gmm.cc:162) Not updating fMLLR since below min-count: count is 213
LOG (gmm-est-fmllr-gpost:main():gmm-est-fmllr-gpost.cc:141) For speaker train_S7_10_5_12, auxf-impr from fMLLR is 0, over 213 frames.
WARNING (gmm-est-fmllr-gpost:Update():fmllr-diag-gmm.cc:162) Not updating fMLLR since below min-count: count is 208
LOG (gmm-est-fmllr-gpost:main():gmm-est-fmllr-gpost.cc:141) For speaker train_S7_10_5_14, auxf-impr from fMLLR is 0, over 208 frames.
WARNING (gmm-est-fmllr-gpost:Update():fmllr-diag-gmm.cc:162) Not updating fMLLR since below min-count: count is 213
LOG (gmm-est-fmllr-gpost:main():gmm-est-fmllr-gpost.cc:141) For speaker train_S7_10_5_16, auxf-impr from fMLLR is 0, over 213 frames.
WARNING (gmm-est-fmllr-gpost:Update():fmllr-diag-gmm.cc:162) Not updating fMLLR since below min-count: count is 189
LOG (gmm-est-fmllr-gpost:main():gmm-est-fmllr-gpost.cc:141) For speaker train_S7_10_5_18, auxf-impr from fMLLR is 0, over 189 frames.
WARNING (gmm-est-fmllr-gpost:Update():fmllr-diag-gmm.cc:162) Not updating fMLLR since below min-count: count is 203
LOG (gmm-est-fmllr-gpost:main():gmm-est-fmllr-gpost.cc:141) For speaker train_S7_10_5_20, auxf-impr from fMLLR is 0, over 203 frames.
WARNING (gmm-est-fmllr-gpost:Update():fmllr-diag-gmm.cc:162) Not updating fMLLR since below min-count: count is 213
LOG (gmm-est-fmllr-gpost:main():gmm-est-fmllr-gpost.cc:141) For speaker train_S7_10_6_12, auxf-impr from fMLLR is 0, over 213 frames.
WARNING (gmm-est-fmllr-gpost:Update():fmllr-diag-gmm.cc:162) Not updating fMLLR since below min-count: count is 208
LOG (gmm-est-fmllr-gpost:main():gmm-est-fmllr-gpost.cc:141) For speaker train_S7_10_6_14, auxf-impr from fMLLR is 0, over 208 frames.
WARNING (gmm-est-fmllr-gpost:Update():fmllr-diag-gmm.cc:162) Not updating fMLLR since below min-count: count is 213
LOG (gmm-est-fmllr-gpost:main():gmm-est-fmllr-gpost.cc:141) For speaker train_S7_10_6_16, auxf-impr from fMLLR is 0, over 213 frames.
WARNING (gmm-est-fmllr-gpost:Update():fmllr-diag-gmm.cc:162) Not updating fMLLR since below min-count: count is 189
LOG (gmm-est-fmllr-gpost:main():gmm-est-fmllr-gpost.cc:141) For speaker train_S7_10_6_18, auxf-impr from fMLLR is 0, over 189 frames.
WARNING (gmm-est-fmllr-gpost:Update():fmllr-diag-gmm.cc:162) Not updating fMLLR since below min-count: count is 203
LOG (gmm-est-fmllr-gpost:main():gmm-est-fmllr-gpost.cc:141) For speaker train_S7_10_6_20, auxf-impr from fMLLR is 0, over 203 frames.
WARNING (gmm-est-fmllr-gpost:Update():fmllr-diag-gmm.cc:162) Not updating fMLLR since below min-count: count is 213
LOG (gmm-est-fmllr-gpost:main():gmm-est-fmllr-gpost.cc:141) For speaker train_S7_10_7_12, auxf-impr from fMLLR is 0, over 213 frames.
WARNING (gmm-est-fmllr-gpost:Update():fmllr-diag-gmm.cc:162) Not updating fMLLR since below min-count: count is 208
LOG (gmm-est-fmllr-gpost:main():gmm-est-fmllr-gpost.cc:141) For speaker train_S7_10_7_14, auxf-impr from fMLLR is 0, over 208 frames.
WARNING (gmm-est-fmllr-gpost:Update():fmllr-diag-gmm.cc:162) Not updating fMLLR since below min-count: count is 213
LOG (gmm-est-fmllr-gpost:main():gmm-est-fmllr-gpost.cc:141) For speaker train_S7_10_7_16, auxf-impr from fMLLR is 0, over 213 frames.
WARNING (gmm-est-fmllr-gpost:Update():fmllr-diag-gmm.cc:162) Not updating fMLLR since below min-count: count is 189
LOG (gmm-est-fmllr-gpost:main():gmm-est-fmllr-gpost.cc:141) For speaker train_S7_10_7_18, auxf-impr from fMLLR is 0, over 189 frames.
WARNING (gmm-est-fmllr-gpost:Update():fmllr-diag-gmm.cc:162) Not updating fMLLR since below min-count: count is 203
LOG (gmm-est-fmllr-gpost:main():gmm-est-fmllr-gpost.cc:141) For speaker train_S7_10_7_20, auxf-impr from fMLLR is 0, over 203 frames.
WARNING (gmm-est-fmllr-gpost:Update():fmllr-diag-gmm.cc:162) Not updating fMLLR since below min-count: count is 213
LOG (gmm-est-fmllr-gpost:main():gmm-est-fmllr-gpost.cc:141) For speaker train_S7_11_1_12, auxf-impr from fMLLR is 0, over 213 frames.
WARNING (gmm-est-fmllr-gpost:Update():fmllr-diag-gmm.cc:162) Not updating fMLLR since below min-count: count is 209
LOG (gmm-est-fmllr-gpost:main():gmm-est-fmllr-gpost.cc:141) For speaker train_S7_11_1_14, auxf-impr from fMLLR is 0, over 209 frames.
WARNING (gmm-est-fmllr-gpost:Update():fmllr-diag-gmm.cc:162) Not updating fMLLR since below min-count: count is 213
LOG (gmm-est-fmllr-gpost:main():gmm-est-fmllr-gpost.cc:141) For speaker train_S7_11_1_16, auxf-impr from fMLLR is 0, over 213 frames.
WARNING (gmm-est-fmllr-gpost:Update():fmllr-diag-gmm.cc:162) Not updating fMLLR since below min-count: count is 189
LOG (gmm-est-fmllr-gpost:main():gmm-est-fmllr-gpost.cc:141) For speaker train_S7_11_1_18, auxf-impr from fMLLR is 0, over 189 frames.
WARNING (gmm-est-fmllr-gpost:Update():fmllr-diag-gmm.cc:162) Not updating fMLLR since below min-count: count is 204
LOG (gmm-est-fmllr-gpost:main():gmm-est-fmllr-gpost.cc:141) For speaker train_S7_11_1_20, auxf-impr from fMLLR is 0, over 204 frames.
WARNING (gmm-est-fmllr-gpost:Update():fmllr-diag-gmm.cc:162) Not updating fMLLR since below min-count: count is 213
LOG (gmm-est-fmllr-gpost:main():gmm-est-fmllr-gpost.cc:141) For speaker train_S7_11_2_12, auxf-impr from fMLLR is 0, over 213 frames.
WARNING (gmm-est-fmllr-gpost:Update():fmllr-diag-gmm.cc:162) Not updating fMLLR since below min-count: count is 209
LOG (gmm-est-fmllr-gpost:main():gmm-est-fmllr-gpost.cc:141) For speaker train_S7_11_2_14, auxf-impr from fMLLR is 0, over 209 frames.
WARNING (gmm-est-fmllr-gpost:Update():fmllr-diag-gmm.cc:162) Not updating fMLLR since below min-count: count is 213
LOG (gmm-est-fmllr-gpost:main():gmm-est-fmllr-gpost.cc:141) For speaker train_S7_11_2_16, auxf-impr from fMLLR is 0, over 213 frames.
WARNING (gmm-est-fmllr-gpost:Update():fmllr-diag-gmm.cc:162) Not updating fMLLR since below min-count: count is 189
LOG (gmm-est-fmllr-gpost:main():gmm-est-fmllr-gpost.cc:141) For speaker train_S7_11_2_18, auxf-impr from fMLLR is 0, over 189 frames.
WARNING (gmm-est-fmllr-gpost:Update():fmllr-diag-gmm.cc:162) Not updating fMLLR since below min-count: count is 204
LOG (gmm-est-fmllr-gpost:main():gmm-est-fmllr-gpost.cc:141) For speaker train_S7_11_2_20, auxf-impr from fMLLR is 0, over 204 frames.
WARNING (gmm-est-fmllr-gpost:Update():fmllr-diag-gmm.cc:162) Not updating fMLLR since below min-count: count is 213
LOG (gmm-est-fmllr-gpost:main():gmm-est-fmllr-gpost.cc:141) For speaker train_S7_11_3_12, auxf-impr from fMLLR is 0, over 213 frames.
WARNING (gmm-est-fmllr-gpost:Update():fmllr-diag-gmm.cc:162) Not updating fMLLR since below min-count: count is 209
LOG (gmm-est-fmllr-gpost:main():gmm-est-fmllr-gpost.cc:141) For speaker train_S7_11_3_14, auxf-impr from fMLLR is 0, over 209 frames.
WARNING (gmm-est-fmllr-gpost:Update():fmllr-diag-gmm.cc:162) Not updating fMLLR since below min-count: count is 213
LOG (gmm-est-fmllr-gpost:main():gmm-est-fmllr-gpost.cc:141) For speaker train_S7_11_3_16, auxf-impr from fMLLR is 0, over 213 frames.
WARNING (gmm-est-fmllr-gpost:Update():fmllr-diag-gmm.cc:162) Not updating fMLLR since below min-count: count is 189
LOG (gmm-est-fmllr-gpost:main():gmm-est-fmllr-gpost.cc:141) For speaker train_S7_11_3_18, auxf-impr from fMLLR is 0, over 189 frames.
WARNING (gmm-est-fmllr-gpost:Update():fmllr-diag-gmm.cc:162) Not updating fMLLR since below min-count: count is 204
LOG (gmm-est-fmllr-gpost:main():gmm-est-fmllr-gpost.cc:141) For speaker train_S7_11_3_20, auxf-impr from fMLLR is 0, over 204 frames.
WARNING (gmm-est-fmllr-gpost:Update():fmllr-diag-gmm.cc:162) Not updating fMLLR since below min-count: count is 213
LOG (gmm-est-fmllr-gpost:main():gmm-est-fmllr-gpost.cc:141) For speaker train_S7_11_4_12, auxf-impr from fMLLR is 0, over 213 frames.
WARNING (gmm-est-fmllr-gpost:Update():fmllr-diag-gmm.cc:162) Not updating fMLLR since below min-count: count is 209
LOG (gmm-est-fmllr-gpost:main():gmm-est-fmllr-gpost.cc:141) For speaker train_S7_11_4_14, auxf-impr from fMLLR is 0, over 209 frames.
WARNING (gmm-est-fmllr-gpost:Update():fmllr-diag-gmm.cc:162) Not updating fMLLR since below min-count: count is 213
LOG (gmm-est-fmllr-gpost:main():gmm-est-fmllr-gpost.cc:141) For speaker train_S7_11_4_16, auxf-impr from fMLLR is 0, over 213 frames.
WARNING (gmm-est-fmllr-gpost:Update():fmllr-diag-gmm.cc:162) Not updating fMLLR since below min-count: count is 189
LOG (gmm-est-fmllr-gpost:main():gmm-est-fmllr-gpost.cc:141) For speaker train_S7_11_4_18, auxf-impr from fMLLR is 0, over 189 frames.
WARNING (gmm-est-fmllr-gpost:Update():fmllr-diag-gmm.cc:162) Not updating fMLLR since below min-count: count is 204
LOG (gmm-est-fmllr-gpost:main():gmm-est-fmllr-gpost.cc:141) For speaker train_S7_11_4_20, auxf-impr from fMLLR is 0, over 204 frames.
WARNING (gmm-est-fmllr-gpost:Update():fmllr-diag-gmm.cc:162) Not updating fMLLR since below min-count: count is 213
LOG (gmm-est-fmllr-gpost:main():gmm-est-fmllr-gpost.cc:141) For speaker train_S7_11_5_12, auxf-impr from fMLLR is 0, over 213 frames.
WARNING (gmm-est-fmllr-gpost:Update():fmllr-diag-gmm.cc:162) Not updating fMLLR since below min-count: count is 209
LOG (gmm-est-fmllr-gpost:main():gmm-est-fmllr-gpost.cc:141) For speaker train_S7_11_5_14, auxf-impr from fMLLR is 0, over 209 frames.
WARNING (gmm-est-fmllr-gpost:Update():fmllr-diag-gmm.cc:162) Not updating fMLLR since below min-count: count is 213
LOG (gmm-est-fmllr-gpost:main():gmm-est-fmllr-gpost.cc:141) For speaker train_S7_11_5_16, auxf-impr from fMLLR is 0, over 213 frames.
WARNING (gmm-est-fmllr-gpost:Update():fmllr-diag-gmm.cc:162) Not updating fMLLR since below min-count: count is 189
LOG (gmm-est-fmllr-gpost:main():gmm-est-fmllr-gpost.cc:141) For speaker train_S7_11_5_18, auxf-impr from fMLLR is 0, over 189 frames.
WARNING (gmm-est-fmllr-gpost:Update():fmllr-diag-gmm.cc:162) Not updating fMLLR since below min-count: count is 204
LOG (gmm-est-fmllr-gpost:main():gmm-est-fmllr-gpost.cc:141) For speaker train_S7_11_5_20, auxf-impr from fMLLR is 0, over 204 frames.
WARNING (gmm-est-fmllr-gpost:Update():fmllr-diag-gmm.cc:162) Not updating fMLLR since below min-count: count is 213
LOG (gmm-est-fmllr-gpost:main():gmm-est-fmllr-gpost.cc:141) For speaker train_S7_11_6_12, auxf-impr from fMLLR is 0, over 213 frames.
WARNING (gmm-est-fmllr-gpost:Update():fmllr-diag-gmm.cc:162) Not updating fMLLR since below min-count: count is 209
LOG (gmm-est-fmllr-gpost:main():gmm-est-fmllr-gpost.cc:141) For speaker train_S7_11_6_14, auxf-impr from fMLLR is 0, over 209 frames.
WARNING (gmm-est-fmllr-gpost:Update():fmllr-diag-gmm.cc:162) Not updating fMLLR since below min-count: count is 213
LOG (gmm-est-fmllr-gpost:main():gmm-est-fmllr-gpost.cc:141) For speaker train_S7_11_6_16, auxf-impr from fMLLR is 0, over 213 frames.
WARNING (gmm-est-fmllr-gpost:Update():fmllr-diag-gmm.cc:162) Not updating fMLLR since below min-count: count is 189
LOG (gmm-est-fmllr-gpost:main():gmm-est-fmllr-gpost.cc:141) For speaker train_S7_11_6_18, auxf-impr from fMLLR is 0, over 189 frames.
WARNING (gmm-est-fmllr-gpost:Update():fmllr-diag-gmm.cc:162) Not updating fMLLR since below min-count: count is 204
LOG (gmm-est-fmllr-gpost:main():gmm-est-fmllr-gpost.cc:141) For speaker train_S7_11_6_20, auxf-impr from fMLLR is 0, over 204 frames.
WARNING (gmm-est-fmllr-gpost:Update():fmllr-diag-gmm.cc:162) Not updating fMLLR since below min-count: count is 213
LOG (gmm-est-fmllr-gpost:main():gmm-est-fmllr-gpost.cc:141) For speaker train_S7_11_7_12, auxf-impr from fMLLR is 0, over 213 frames.
WARNING (gmm-est-fmllr-gpost:Update():fmllr-diag-gmm.cc:162) Not updating fMLLR since below min-count: count is 209
LOG (gmm-est-fmllr-gpost:main():gmm-est-fmllr-gpost.cc:141) For speaker train_S7_11_7_14, auxf-impr from fMLLR is 0, over 209 frames.
WARNING (gmm-est-fmllr-gpost:Update():fmllr-diag-gmm.cc:162) Not updating fMLLR since below min-count: count is 213
LOG (gmm-est-fmllr-gpost:main():gmm-est-fmllr-gpost.cc:141) For speaker train_S7_11_7_16, auxf-impr from fMLLR is 0, over 213 frames.
WARNING (gmm-est-fmllr-gpost:Update():fmllr-diag-gmm.cc:162) Not updating fMLLR since below min-count: count is 189
LOG (gmm-est-fmllr-gpost:main():gmm-est-fmllr-gpost.cc:141) For speaker train_S7_11_7_18, auxf-impr from fMLLR is 0, over 189 frames.
WARNING (gmm-est-fmllr-gpost:Update():fmllr-diag-gmm.cc:162) Not updating fMLLR since below min-count: count is 204
LOG (gmm-est-fmllr-gpost:main():gmm-est-fmllr-gpost.cc:141) For speaker train_S7_11_7_20, auxf-impr from fMLLR is 0, over 204 frames.
WARNING (gmm-est-fmllr-gpost:Update():fmllr-diag-gmm.cc:162) Not updating fMLLR since below min-count: count is 196
LOG (gmm-est-fmllr-gpost:main():gmm-est-fmllr-gpost.cc:141) For speaker train_S7_12_1_12, auxf-impr from fMLLR is 0, over 196 frames.
WARNING (gmm-est-fmllr-gpost:Update():fmllr-diag-gmm.cc:162) Not updating fMLLR since below min-count: count is 191
LOG (gmm-est-fmllr-gpost:main():gmm-est-fmllr-gpost.cc:141) For speaker train_S7_12_1_14, auxf-impr from fMLLR is 0, over 191 frames.
WARNING (gmm-est-fmllr-gpost:Update():fmllr-diag-gmm.cc:162) Not updating fMLLR since below min-count: count is 195
LOG (gmm-est-fmllr-gpost:main():gmm-est-fmllr-gpost.cc:141) For speaker train_S7_12_1_16, auxf-impr from fMLLR is 0, over 195 frames.
WARNING (gmm-est-fmllr-gpost:Update():fmllr-diag-gmm.cc:162) Not updating fMLLR since below min-count: count is 173
LOG (gmm-est-fmllr-gpost:main():gmm-est-fmllr-gpost.cc:141) For speaker train_S7_12_1_18, auxf-impr from fMLLR is 0, over 173 frames.
WARNING (gmm-est-fmllr-gpost:Update():fmllr-diag-gmm.cc:162) Not updating fMLLR since below min-count: count is 186
LOG (gmm-est-fmllr-gpost:main():gmm-est-fmllr-gpost.cc:141) For speaker train_S7_12_1_20, auxf-impr from fMLLR is 0, over 186 frames.
WARNING (gmm-est-fmllr-gpost:Update():fmllr-diag-gmm.cc:162) Not updating fMLLR since below min-count: count is 196
LOG (gmm-est-fmllr-gpost:main():gmm-est-fmllr-gpost.cc:141) For speaker train_S7_12_2_12, auxf-impr from fMLLR is 0, over 196 frames.
WARNING (gmm-est-fmllr-gpost:Update():fmllr-diag-gmm.cc:162) Not updating fMLLR since below min-count: count is 191
LOG (gmm-est-fmllr-gpost:main():gmm-est-fmllr-gpost.cc:141) For speaker train_S7_12_2_14, auxf-impr from fMLLR is 0, over 191 frames.
WARNING (gmm-est-fmllr-gpost:Update():fmllr-diag-gmm.cc:162) Not updating fMLLR since below min-count: count is 195
LOG (gmm-est-fmllr-gpost:main():gmm-est-fmllr-gpost.cc:141) For speaker train_S7_12_2_16, auxf-impr from fMLLR is 0, over 195 frames.
WARNING (gmm-est-fmllr-gpost:Update():fmllr-diag-gmm.cc:162) Not updating fMLLR since below min-count: count is 173
LOG (gmm-est-fmllr-gpost:main():gmm-est-fmllr-gpost.cc:141) For speaker train_S7_12_2_18, auxf-impr from fMLLR is 0, over 173 frames.
WARNING (gmm-est-fmllr-gpost:Update():fmllr-diag-gmm.cc:162) Not updating fMLLR since below min-count: count is 186
LOG (gmm-est-fmllr-gpost:main():gmm-est-fmllr-gpost.cc:141) For speaker train_S7_12_2_20, auxf-impr from fMLLR is 0, over 186 frames.
WARNING (gmm-est-fmllr-gpost:Update():fmllr-diag-gmm.cc:162) Not updating fMLLR since below min-count: count is 196
LOG (gmm-est-fmllr-gpost:main():gmm-est-fmllr-gpost.cc:141) For speaker train_S7_12_3_12, auxf-impr from fMLLR is 0, over 196 frames.
WARNING (gmm-est-fmllr-gpost:Update():fmllr-diag-gmm.cc:162) Not updating fMLLR since below min-count: count is 191
LOG (gmm-est-fmllr-gpost:main():gmm-est-fmllr-gpost.cc:141) For speaker train_S7_12_3_14, auxf-impr from fMLLR is 0, over 191 frames.
WARNING (gmm-est-fmllr-gpost:Update():fmllr-diag-gmm.cc:162) Not updating fMLLR since below min-count: count is 195
LOG (gmm-est-fmllr-gpost:main():gmm-est-fmllr-gpost.cc:141) For speaker train_S7_12_3_16, auxf-impr from fMLLR is 0, over 195 frames.
WARNING (gmm-est-fmllr-gpost:Update():fmllr-diag-gmm.cc:162) Not updating fMLLR since below min-count: count is 173
LOG (gmm-est-fmllr-gpost:main():gmm-est-fmllr-gpost.cc:141) For speaker train_S7_12_3_18, auxf-impr from fMLLR is 0, over 173 frames.
WARNING (gmm-est-fmllr-gpost:Update():fmllr-diag-gmm.cc:162) Not updating fMLLR since below min-count: count is 186
LOG (gmm-est-fmllr-gpost:main():gmm-est-fmllr-gpost.cc:141) For speaker train_S7_12_3_20, auxf-impr from fMLLR is 0, over 186 frames.
WARNING (gmm-est-fmllr-gpost:Update():fmllr-diag-gmm.cc:162) Not updating fMLLR since below min-count: count is 196
LOG (gmm-est-fmllr-gpost:main():gmm-est-fmllr-gpost.cc:141) For speaker train_S7_12_4_12, auxf-impr from fMLLR is 0, over 196 frames.
WARNING (gmm-est-fmllr-gpost:Update():fmllr-diag-gmm.cc:162) Not updating fMLLR since below min-count: count is 191
LOG (gmm-est-fmllr-gpost:main():gmm-est-fmllr-gpost.cc:141) For speaker train_S7_12_4_14, auxf-impr from fMLLR is 0, over 191 frames.
WARNING (gmm-est-fmllr-gpost:Update():fmllr-diag-gmm.cc:162) Not updating fMLLR since below min-count: count is 195
LOG (gmm-est-fmllr-gpost:main():gmm-est-fmllr-gpost.cc:141) For speaker train_S7_12_4_16, auxf-impr from fMLLR is 0, over 195 frames.
WARNING (gmm-est-fmllr-gpost:Update():fmllr-diag-gmm.cc:162) Not updating fMLLR since below min-count: count is 173
LOG (gmm-est-fmllr-gpost:main():gmm-est-fmllr-gpost.cc:141) For speaker train_S7_12_4_18, auxf-impr from fMLLR is 0, over 173 frames.
WARNING (gmm-est-fmllr-gpost:Update():fmllr-diag-gmm.cc:162) Not updating fMLLR since below min-count: count is 186
LOG (gmm-est-fmllr-gpost:main():gmm-est-fmllr-gpost.cc:141) For speaker train_S7_12_4_20, auxf-impr from fMLLR is 0, over 186 frames.
WARNING (gmm-est-fmllr-gpost:Update():fmllr-diag-gmm.cc:162) Not updating fMLLR since below min-count: count is 196
LOG (gmm-est-fmllr-gpost:main():gmm-est-fmllr-gpost.cc:141) For speaker train_S7_12_5_12, auxf-impr from fMLLR is 0, over 196 frames.
WARNING (gmm-est-fmllr-gpost:Update():fmllr-diag-gmm.cc:162) Not updating fMLLR since below min-count: count is 191
LOG (gmm-est-fmllr-gpost:main():gmm-est-fmllr-gpost.cc:141) For speaker train_S7_12_5_14, auxf-impr from fMLLR is 0, over 191 frames.
WARNING (gmm-est-fmllr-gpost:Update():fmllr-diag-gmm.cc:162) Not updating fMLLR since below min-count: count is 195
LOG (gmm-est-fmllr-gpost:main():gmm-est-fmllr-gpost.cc:141) For speaker train_S7_12_5_16, auxf-impr from fMLLR is 0, over 195 frames.
WARNING (gmm-est-fmllr-gpost:Update():fmllr-diag-gmm.cc:162) Not updating fMLLR since below min-count: count is 173
LOG (gmm-est-fmllr-gpost:main():gmm-est-fmllr-gpost.cc:141) For speaker train_S7_12_5_18, auxf-impr from fMLLR is 0, over 173 frames.
WARNING (gmm-est-fmllr-gpost:Update():fmllr-diag-gmm.cc:162) Not updating fMLLR since below min-count: count is 186
LOG (gmm-est-fmllr-gpost:main():gmm-est-fmllr-gpost.cc:141) For speaker train_S7_12_5_20, auxf-impr from fMLLR is 0, over 186 frames.
WARNING (gmm-est-fmllr-gpost:Update():fmllr-diag-gmm.cc:162) Not updating fMLLR since below min-count: count is 196
LOG (gmm-est-fmllr-gpost:main():gmm-est-fmllr-gpost.cc:141) For speaker train_S7_12_6_12, auxf-impr from fMLLR is 0, over 196 frames.
WARNING (gmm-est-fmllr-gpost:Update():fmllr-diag-gmm.cc:162) Not updating fMLLR since below min-count: count is 191
LOG (gmm-est-fmllr-gpost:main():gmm-est-fmllr-gpost.cc:141) For speaker train_S7_12_6_14, auxf-impr from fMLLR is 0, over 191 frames.
WARNING (gmm-est-fmllr-gpost:Update():fmllr-diag-gmm.cc:162) Not updating fMLLR since below min-count: count is 195
LOG (gmm-est-fmllr-gpost:main():gmm-est-fmllr-gpost.cc:141) For speaker train_S7_12_6_16, auxf-impr from fMLLR is 0, over 195 frames.
WARNING (gmm-est-fmllr-gpost:Update():fmllr-diag-gmm.cc:162) Not updating fMLLR since below min-count: count is 173
LOG (gmm-est-fmllr-gpost:main():gmm-est-fmllr-gpost.cc:141) For speaker train_S7_12_6_18, auxf-impr from fMLLR is 0, over 173 frames.
WARNING (gmm-est-fmllr-gpost:Update():fmllr-diag-gmm.cc:162) Not updating fMLLR since below min-count: count is 186
LOG (gmm-est-fmllr-gpost:main():gmm-est-fmllr-gpost.cc:141) For speaker train_S7_12_6_20, auxf-impr from fMLLR is 0, over 186 frames.
WARNING (gmm-est-fmllr-gpost:Update():fmllr-diag-gmm.cc:162) Not updating fMLLR since below min-count: count is 196
LOG (gmm-est-fmllr-gpost:main():gmm-est-fmllr-gpost.cc:141) For speaker train_S7_12_7_12, auxf-impr from fMLLR is 0, over 196 frames.
WARNING (gmm-est-fmllr-gpost:Update():fmllr-diag-gmm.cc:162) Not updating fMLLR since below min-count: count is 191
LOG (gmm-est-fmllr-gpost:main():gmm-est-fmllr-gpost.cc:141) For speaker train_S7_12_7_14, auxf-impr from fMLLR is 0, over 191 frames.
WARNING (gmm-est-fmllr-gpost:Update():fmllr-diag-gmm.cc:162) Not updating fMLLR since below min-count: count is 195
LOG (gmm-est-fmllr-gpost:main():gmm-est-fmllr-gpost.cc:141) For speaker train_S7_12_7_16, auxf-impr from fMLLR is 0, over 195 frames.
WARNING (gmm-est-fmllr-gpost:Update():fmllr-diag-gmm.cc:162) Not updating fMLLR since below min-count: count is 173
LOG (gmm-est-fmllr-gpost:main():gmm-est-fmllr-gpost.cc:141) For speaker train_S7_12_7_18, auxf-impr from fMLLR is 0, over 173 frames.
WARNING (gmm-est-fmllr-gpost:Update():fmllr-diag-gmm.cc:162) Not updating fMLLR since below min-count: count is 186
LOG (gmm-est-fmllr-gpost:main():gmm-est-fmllr-gpost.cc:141) For speaker train_S7_12_7_20, auxf-impr from fMLLR is 0, over 186 frames.
WARNING (gmm-est-fmllr-gpost:Update():fmllr-diag-gmm.cc:162) Not updating fMLLR since below min-count: count is 191
LOG (gmm-est-fmllr-gpost:main():gmm-est-fmllr-gpost.cc:141) For speaker train_S7_13_1_12, auxf-impr from fMLLR is 0, over 191 frames.
WARNING (gmm-est-fmllr-gpost:Update():fmllr-diag-gmm.cc:162) Not updating fMLLR since below min-count: count is 188
LOG (gmm-est-fmllr-gpost:main():gmm-est-fmllr-gpost.cc:141) For speaker train_S7_13_1_14, auxf-impr from fMLLR is 0, over 188 frames.
WARNING (gmm-est-fmllr-gpost:Update():fmllr-diag-gmm.cc:162) Not updating fMLLR since below min-count: count is 191
LOG (gmm-est-fmllr-gpost:main():gmm-est-fmllr-gpost.cc:141) For speaker train_S7_13_1_16, auxf-impr from fMLLR is 0, over 191 frames.
WARNING (gmm-est-fmllr-gpost:Update():fmllr-diag-gmm.cc:162) Not updating fMLLR since below min-count: count is 170
LOG (gmm-est-fmllr-gpost:main():gmm-est-fmllr-gpost.cc:141) For speaker train_S7_13_1_18, auxf-impr from fMLLR is 0, over 170 frames.
WARNING (gmm-est-fmllr-gpost:Update():fmllr-diag-gmm.cc:162) Not updating fMLLR since below min-count: count is 183
LOG (gmm-est-fmllr-gpost:main():gmm-est-fmllr-gpost.cc:141) For speaker train_S7_13_1_20, auxf-impr from fMLLR is 0, over 183 frames.
WARNING (gmm-est-fmllr-gpost:Update():fmllr-diag-gmm.cc:162) Not updating fMLLR since below min-count: count is 191
LOG (gmm-est-fmllr-gpost:main():gmm-est-fmllr-gpost.cc:141) For speaker train_S7_13_2_12, auxf-impr from fMLLR is 0, over 191 frames.
WARNING (gmm-est-fmllr-gpost:Update():fmllr-diag-gmm.cc:162) Not updating fMLLR since below min-count: count is 188
LOG (gmm-est-fmllr-gpost:main():gmm-est-fmllr-gpost.cc:141) For speaker train_S7_13_2_14, auxf-impr from fMLLR is 0, over 188 frames.
WARNING (gmm-est-fmllr-gpost:Update():fmllr-diag-gmm.cc:162) Not updating fMLLR since below min-count: count is 191
LOG (gmm-est-fmllr-gpost:main():gmm-est-fmllr-gpost.cc:141) For speaker train_S7_13_2_16, auxf-impr from fMLLR is 0, over 191 frames.
LOG (ali-to-post:main():ali-to-post.cc:65) Converted 275 alignments.
WARNING (gmm-est-fmllr-gpost:Update():fmllr-diag-gmm.cc:162) Not updating fMLLR since below min-count: count is 170
LOG (gmm-est-fmllr-gpost:main():gmm-est-fmllr-gpost.cc:141) For speaker train_S7_13_2_18, auxf-impr from fMLLR is 0, over 170 frames.
WARNING (gmm-est-fmllr-gpost:Update():fmllr-diag-gmm.cc:162) Not updating fMLLR since below min-count: count is 183
LOG (gmm-est-fmllr-gpost:main():gmm-est-fmllr-gpost.cc:141) For speaker train_S7_13_2_20, auxf-impr from fMLLR is 0, over 183 frames.
WARNING (gmm-est-fmllr-gpost:Update():fmllr-diag-gmm.cc:162) Not updating fMLLR since below min-count: count is 191
LOG (gmm-est-fmllr-gpost:main():gmm-est-fmllr-gpost.cc:141) For speaker train_S7_13_3_12, auxf-impr from fMLLR is 0, over 191 frames.
WARNING (gmm-est-fmllr-gpost:Update():fmllr-diag-gmm.cc:162) Not updating fMLLR since below min-count: count is 188
LOG (gmm-est-fmllr-gpost:main():gmm-est-fmllr-gpost.cc:141) For speaker train_S7_13_3_14, auxf-impr from fMLLR is 0, over 188 frames.
WARNING (gmm-est-fmllr-gpost:Update():fmllr-diag-gmm.cc:162) Not updating fMLLR since below min-count: count is 191
LOG (gmm-est-fmllr-gpost:main():gmm-est-fmllr-gpost.cc:141) For speaker train_S7_13_3_16, auxf-impr from fMLLR is 0, over 191 frames.
WARNING (gmm-est-fmllr-gpost:Update():fmllr-diag-gmm.cc:162) Not updating fMLLR since below min-count: count is 170
LOG (gmm-est-fmllr-gpost:main():gmm-est-fmllr-gpost.cc:141) For speaker train_S7_13_3_18, auxf-impr from fMLLR is 0, over 170 frames.
WARNING (gmm-est-fmllr-gpost:Update():fmllr-diag-gmm.cc:162) Not updating fMLLR since below min-count: count is 183
LOG (gmm-est-fmllr-gpost:main():gmm-est-fmllr-gpost.cc:141) For speaker train_S7_13_3_20, auxf-impr from fMLLR is 0, over 183 frames.
WARNING (gmm-est-fmllr-gpost:Update():fmllr-diag-gmm.cc:162) Not updating fMLLR since below min-count: count is 191
LOG (gmm-est-fmllr-gpost:main():gmm-est-fmllr-gpost.cc:141) For speaker train_S7_13_4_12, auxf-impr from fMLLR is 0, over 191 frames.
WARNING (gmm-est-fmllr-gpost:Update():fmllr-diag-gmm.cc:162) Not updating fMLLR since below min-count: count is 188
LOG (gmm-est-fmllr-gpost:main():gmm-est-fmllr-gpost.cc:141) For speaker train_S7_13_4_14, auxf-impr from fMLLR is 0, over 188 frames.
WARNING (gmm-est-fmllr-gpost:Update():fmllr-diag-gmm.cc:162) Not updating fMLLR since below min-count: count is 191
LOG (gmm-est-fmllr-gpost:main():gmm-est-fmllr-gpost.cc:141) For speaker train_S7_13_4_16, auxf-impr from fMLLR is 0, over 191 frames.
WARNING (gmm-est-fmllr-gpost:Update():fmllr-diag-gmm.cc:162) Not updating fMLLR since below min-count: count is 170
LOG (gmm-est-fmllr-gpost:main():gmm-est-fmllr-gpost.cc:141) For speaker train_S7_13_4_18, auxf-impr from fMLLR is 0, over 170 frames.
WARNING (gmm-est-fmllr-gpost:Update():fmllr-diag-gmm.cc:162) Not updating fMLLR since below min-count: count is 183
LOG (gmm-est-fmllr-gpost:main():gmm-est-fmllr-gpost.cc:141) For speaker train_S7_13_4_20, auxf-impr from fMLLR is 0, over 183 frames.
WARNING (gmm-est-fmllr-gpost:Update():fmllr-diag-gmm.cc:162) Not updating fMLLR since below min-count: count is 191
LOG (gmm-est-fmllr-gpost:main():gmm-est-fmllr-gpost.cc:141) For speaker train_S7_13_5_12, auxf-impr from fMLLR is 0, over 191 frames.
WARNING (gmm-est-fmllr-gpost:Update():fmllr-diag-gmm.cc:162) Not updating fMLLR since below min-count: count is 188
LOG (gmm-est-fmllr-gpost:main():gmm-est-fmllr-gpost.cc:141) For speaker train_S7_13_5_14, auxf-impr from fMLLR is 0, over 188 frames.
WARNING (gmm-est-fmllr-gpost:Update():fmllr-diag-gmm.cc:162) Not updating fMLLR since below min-count: count is 191
LOG (gmm-est-fmllr-gpost:main():gmm-est-fmllr-gpost.cc:141) For speaker train_S7_13_5_16, auxf-impr from fMLLR is 0, over 191 frames.
WARNING (gmm-est-fmllr-gpost:Update():fmllr-diag-gmm.cc:162) Not updating fMLLR since below min-count: count is 170
LOG (gmm-est-fmllr-gpost:main():gmm-est-fmllr-gpost.cc:141) For speaker train_S7_13_5_18, auxf-impr from fMLLR is 0, over 170 frames.
WARNING (gmm-est-fmllr-gpost:Update():fmllr-diag-gmm.cc:162) Not updating fMLLR since below min-count: count is 183
LOG (gmm-est-fmllr-gpost:main():gmm-est-fmllr-gpost.cc:141) For speaker train_S7_13_5_20, auxf-impr from fMLLR is 0, over 183 frames.
WARNING (gmm-est-fmllr-gpost:Update():fmllr-diag-gmm.cc:162) Not updating fMLLR since below min-count: count is 191
LOG (gmm-est-fmllr-gpost:main():gmm-est-fmllr-gpost.cc:141) For speaker train_S7_13_6_12, auxf-impr from fMLLR is 0, over 191 frames.
WARNING (gmm-est-fmllr-gpost:Update():fmllr-diag-gmm.cc:162) Not updating fMLLR since below min-count: count is 188
LOG (gmm-est-fmllr-gpost:main():gmm-est-fmllr-gpost.cc:141) For speaker train_S7_13_6_14, auxf-impr from fMLLR is 0, over 188 frames.
WARNING (gmm-est-fmllr-gpost:Update():fmllr-diag-gmm.cc:162) Not updating fMLLR since below min-count: count is 191
LOG (gmm-est-fmllr-gpost:main():gmm-est-fmllr-gpost.cc:141) For speaker train_S7_13_6_16, auxf-impr from fMLLR is 0, over 191 frames.
LOG (weight-silence-post:main():weight-silence-post.cc:95) Done 275 posteriors.
WARNING (gmm-est-fmllr-gpost:Update():fmllr-diag-gmm.cc:162) Not updating fMLLR since below min-count: count is 170
LOG (gmm-est-fmllr-gpost:main():gmm-est-fmllr-gpost.cc:141) For speaker train_S7_13_6_18, auxf-impr from fMLLR is 0, over 170 frames.
WARNING (gmm-est-fmllr-gpost:Update():fmllr-diag-gmm.cc:162) Not updating fMLLR since below min-count: count is 183
LOG (gmm-est-fmllr-gpost:main():gmm-est-fmllr-gpost.cc:141) For speaker train_S7_13_6_20, auxf-impr from fMLLR is 0, over 183 frames.
WARNING (gmm-est-fmllr-gpost:Update():fmllr-diag-gmm.cc:162) Not updating fMLLR since below min-count: count is 191
LOG (gmm-est-fmllr-gpost:main():gmm-est-fmllr-gpost.cc:141) For speaker train_S7_13_7_12, auxf-impr from fMLLR is 0, over 191 frames.
WARNING (gmm-est-fmllr-gpost:Update():fmllr-diag-gmm.cc:162) Not updating fMLLR since below min-count: count is 188
LOG (gmm-est-fmllr-gpost:main():gmm-est-fmllr-gpost.cc:141) For speaker train_S7_13_7_14, auxf-impr from fMLLR is 0, over 188 frames.
WARNING (gmm-est-fmllr-gpost:Update():fmllr-diag-gmm.cc:162) Not updating fMLLR since below min-count: count is 191
LOG (gmm-est-fmllr-gpost:main():gmm-est-fmllr-gpost.cc:141) For speaker train_S7_13_7_16, auxf-impr from fMLLR is 0, over 191 frames.
WARNING (gmm-est-fmllr-gpost:Update():fmllr-diag-gmm.cc:162) Not updating fMLLR since below min-count: count is 170
LOG (gmm-est-fmllr-gpost:main():gmm-est-fmllr-gpost.cc:141) For speaker train_S7_13_7_18, auxf-impr from fMLLR is 0, over 170 frames.
WARNING (gmm-est-fmllr-gpost:Update():fmllr-diag-gmm.cc:162) Not updating fMLLR since below min-count: count is 183
LOG (gmm-est-fmllr-gpost:main():gmm-est-fmllr-gpost.cc:141) For speaker train_S7_13_7_20, auxf-impr from fMLLR is 0, over 183 frames.
WARNING (gmm-est-fmllr-gpost:Update():fmllr-diag-gmm.cc:162) Not updating fMLLR since below min-count: count is 197
LOG (gmm-est-fmllr-gpost:main():gmm-est-fmllr-gpost.cc:141) For speaker train_S7_14_1_12, auxf-impr from fMLLR is 0, over 197 frames.
WARNING (gmm-est-fmllr-gpost:Update():fmllr-diag-gmm.cc:162) Not updating fMLLR since below min-count: count is 193
LOG (gmm-est-fmllr-gpost:main():gmm-est-fmllr-gpost.cc:141) For speaker train_S7_14_1_14, auxf-impr from fMLLR is 0, over 193 frames.
LOG (apply-cmvn:main():apply-cmvn.cc:146) Applied cepstral mean normalization to 275 utterances, errors on 0
WARNING (gmm-est-fmllr-gpost:Update():fmllr-diag-gmm.cc:162) Not updating fMLLR since below min-count: count is 197
LOG (gmm-est-fmllr-gpost:main():gmm-est-fmllr-gpost.cc:141) For speaker train_S7_14_1_16, auxf-impr from fMLLR is 0, over 197 frames.
WARNING (gmm-est-fmllr-gpost:Update():fmllr-diag-gmm.cc:162) Not updating fMLLR since below min-count: count is 175
LOG (gmm-est-fmllr-gpost:main():gmm-est-fmllr-gpost.cc:141) For speaker train_S7_14_1_18, auxf-impr from fMLLR is 0, over 175 frames.
WARNING (gmm-est-fmllr-gpost:Update():fmllr-diag-gmm.cc:162) Not updating fMLLR since below min-count: count is 188
LOG (gmm-est-fmllr-gpost:main():gmm-est-fmllr-gpost.cc:141) For speaker train_S7_14_1_20, auxf-impr from fMLLR is 0, over 188 frames.
WARNING (gmm-est-fmllr-gpost:Update():fmllr-diag-gmm.cc:162) Not updating fMLLR since below min-count: count is 197
LOG (gmm-est-fmllr-gpost:main():gmm-est-fmllr-gpost.cc:141) For speaker train_S7_14_2_12, auxf-impr from fMLLR is 0, over 197 frames.
WARNING (gmm-est-fmllr-gpost:Update():fmllr-diag-gmm.cc:162) Not updating fMLLR since below min-count: count is 193
LOG (gmm-est-fmllr-gpost:main():gmm-est-fmllr-gpost.cc:141) For speaker train_S7_14_2_14, auxf-impr from fMLLR is 0, over 193 frames.
WARNING (gmm-est-fmllr-gpost:Update():fmllr-diag-gmm.cc:162) Not updating fMLLR since below min-count: count is 197
LOG (gmm-est-fmllr-gpost:main():gmm-est-fmllr-gpost.cc:141) For speaker train_S7_14_2_16, auxf-impr from fMLLR is 0, over 197 frames.
WARNING (gmm-est-fmllr-gpost:Update():fmllr-diag-gmm.cc:162) Not updating fMLLR since below min-count: count is 175
LOG (gmm-est-fmllr-gpost:main():gmm-est-fmllr-gpost.cc:141) For speaker train_S7_14_2_18, auxf-impr from fMLLR is 0, over 175 frames.
WARNING (gmm-est-fmllr-gpost:Update():fmllr-diag-gmm.cc:162) Not updating fMLLR since below min-count: count is 188
LOG (gmm-est-fmllr-gpost:main():gmm-est-fmllr-gpost.cc:141) For speaker train_S7_14_2_20, auxf-impr from fMLLR is 0, over 188 frames.
LOG (gmm-post-to-gpost:main():gmm-post-to-gpost.cc:124) Done 275 files, 0 with no posteriors, 0 with other errors.
LOG (gmm-post-to-gpost:main():gmm-post-to-gpost.cc:128) Overall avg like per frame (Gaussian only) = -80.536 over 52250 frames.
LOG (gmm-post-to-gpost:main():gmm-post-to-gpost.cc:131) Done converting post to gpost
WARNING (gmm-est-fmllr-gpost:Update():fmllr-diag-gmm.cc:162) Not updating fMLLR since below min-count: count is 197
LOG (gmm-est-fmllr-gpost:main():gmm-est-fmllr-gpost.cc:141) For speaker train_S7_14_3_12, auxf-impr from fMLLR is 0, over 197 frames.
LOG (apply-cmvn:main():apply-cmvn.cc:146) Applied cepstral mean normalization to 275 utterances, errors on 0
WARNING (gmm-est-fmllr-gpost:Update():fmllr-diag-gmm.cc:162) Not updating fMLLR since below min-count: count is 193
LOG (gmm-est-fmllr-gpost:main():gmm-est-fmllr-gpost.cc:141) For speaker train_S7_14_3_14, auxf-impr from fMLLR is 0, over 193 frames.
WARNING (gmm-est-fmllr-gpost:Update():fmllr-diag-gmm.cc:162) Not updating fMLLR since below min-count: count is 197
LOG (gmm-est-fmllr-gpost:main():gmm-est-fmllr-gpost.cc:141) For speaker train_S7_14_3_16, auxf-impr from fMLLR is 0, over 197 frames.
WARNING (gmm-est-fmllr-gpost:Update():fmllr-diag-gmm.cc:162) Not updating fMLLR since below min-count: count is 175
LOG (gmm-est-fmllr-gpost:main():gmm-est-fmllr-gpost.cc:141) For speaker train_S7_14_3_18, auxf-impr from fMLLR is 0, over 175 frames.
WARNING (gmm-est-fmllr-gpost:Update():fmllr-diag-gmm.cc:162) Not updating fMLLR since below min-count: count is 188
LOG (gmm-est-fmllr-gpost:main():gmm-est-fmllr-gpost.cc:141) For speaker train_S7_14_3_20, auxf-impr from fMLLR is 0, over 188 frames.
WARNING (gmm-est-fmllr-gpost:Update():fmllr-diag-gmm.cc:162) Not updating fMLLR since below min-count: count is 197
LOG (gmm-est-fmllr-gpost:main():gmm-est-fmllr-gpost.cc:141) For speaker train_S7_14_4_12, auxf-impr from fMLLR is 0, over 197 frames.
WARNING (gmm-est-fmllr-gpost:Update():fmllr-diag-gmm.cc:162) Not updating fMLLR since below min-count: count is 193
LOG (gmm-est-fmllr-gpost:main():gmm-est-fmllr-gpost.cc:141) For speaker train_S7_14_4_14, auxf-impr from fMLLR is 0, over 193 frames.
WARNING (gmm-est-fmllr-gpost:Update():fmllr-diag-gmm.cc:162) Not updating fMLLR since below min-count: count is 197
LOG (gmm-est-fmllr-gpost:main():gmm-est-fmllr-gpost.cc:141) For speaker train_S7_14_4_16, auxf-impr from fMLLR is 0, over 197 frames.
WARNING (gmm-est-fmllr-gpost:Update():fmllr-diag-gmm.cc:162) Not updating fMLLR since below min-count: count is 175
LOG (gmm-est-fmllr-gpost:main():gmm-est-fmllr-gpost.cc:141) For speaker train_S7_14_4_18, auxf-impr from fMLLR is 0, over 175 frames.
LOG (gmm-est-fmllr-gpost:main():gmm-est-fmllr-gpost.cc:186) Done 275 files, 0 with no gposts, 0 with other errors.
LOG (gmm-est-fmllr-gpost:main():gmm-est-fmllr-gpost.cc:188) Overall fMLLR auxf impr per frame is 0 over 52250 frames.
# Accounting: time=2 threads=1
# Ended (code 0) at Wed Feb 26 15:30:19 IST 2020, elapsed time 2 seconds
