# ali-to-post "ark:gunzip -c exp/mono2_ali/pre_ali.5.gz|" ark:- | weight-silence-post 0.0 1 exp/mono2/final.alimdl ark:- ark:- | gmm-post-to-gpost exp/mono2/final.alimdl "ark,s,cs:apply-cmvn  --utt2spk=ark:data/train/split30/5/utt2spk scp:data/train/split30/5/cmvn.scp scp:data/train/split30/5/feats.scp ark:- | add-deltas  ark:- ark:- |" ark:- ark:- | gmm-est-fmllr-gpost --fmllr-update-type=full --spk2utt=ark:data/train/split30/5/spk2utt exp/mono2/final.mdl "ark,s,cs:apply-cmvn  --utt2spk=ark:data/train/split30/5/utt2spk scp:data/train/split30/5/cmvn.scp scp:data/train/split30/5/feats.scp ark:- | add-deltas  ark:- ark:- |" ark,s,cs:- ark:exp/mono2_ali/trans.5 
# Started at Wed Feb 26 15:30:04 IST 2020
#
ali-to-post 'ark:gunzip -c exp/mono2_ali/pre_ali.5.gz|' ark:- 
gmm-post-to-gpost exp/mono2/final.alimdl 'ark,s,cs:apply-cmvn  --utt2spk=ark:data/train/split30/5/utt2spk scp:data/train/split30/5/cmvn.scp scp:data/train/split30/5/feats.scp ark:- | add-deltas  ark:- ark:- |' ark:- ark:- 
weight-silence-post 0.0 1 exp/mono2/final.alimdl ark:- ark:- 
gmm-est-fmllr-gpost --fmllr-update-type=full --spk2utt=ark:data/train/split30/5/spk2utt exp/mono2/final.mdl 'ark,s,cs:apply-cmvn  --utt2spk=ark:data/train/split30/5/utt2spk scp:data/train/split30/5/cmvn.scp scp:data/train/split30/5/feats.scp ark:- | add-deltas  ark:- ark:- |' ark,s,cs:- ark:exp/mono2_ali/trans.5 
add-deltas ark:- ark:- 
apply-cmvn --utt2spk=ark:data/train/split30/5/utt2spk scp:data/train/split30/5/cmvn.scp scp:data/train/split30/5/feats.scp ark:- 
apply-cmvn --utt2spk=ark:data/train/split30/5/utt2spk scp:data/train/split30/5/cmvn.scp scp:data/train/split30/5/feats.scp ark:- 
add-deltas ark:- ark:- 
WARNING (gmm-est-fmllr-gpost:Update():fmllr-diag-gmm.cc:162) Not updating fMLLR since below min-count: count is 126
LOG (gmm-est-fmllr-gpost:main():gmm-est-fmllr-gpost.cc:141) For speaker train_S12_5_4_16, auxf-impr from fMLLR is 0, over 126 frames.
WARNING (gmm-est-fmllr-gpost:Update():fmllr-diag-gmm.cc:162) Not updating fMLLR since below min-count: count is 111
LOG (gmm-est-fmllr-gpost:main():gmm-est-fmllr-gpost.cc:141) For speaker train_S12_5_4_18, auxf-impr from fMLLR is 0, over 111 frames.
WARNING (gmm-est-fmllr-gpost:Update():fmllr-diag-gmm.cc:162) Not updating fMLLR since below min-count: count is 120
LOG (gmm-est-fmllr-gpost:main():gmm-est-fmllr-gpost.cc:141) For speaker train_S12_5_4_20, auxf-impr from fMLLR is 0, over 120 frames.
WARNING (gmm-est-fmllr-gpost:Update():fmllr-diag-gmm.cc:162) Not updating fMLLR since below min-count: count is 126
LOG (gmm-est-fmllr-gpost:main():gmm-est-fmllr-gpost.cc:141) For speaker train_S12_5_5_12, auxf-impr from fMLLR is 0, over 126 frames.
WARNING (gmm-est-fmllr-gpost:Update():fmllr-diag-gmm.cc:162) Not updating fMLLR since below min-count: count is 123
LOG (gmm-est-fmllr-gpost:main():gmm-est-fmllr-gpost.cc:141) For speaker train_S12_5_5_14, auxf-impr from fMLLR is 0, over 123 frames.
WARNING (gmm-est-fmllr-gpost:Update():fmllr-diag-gmm.cc:162) Not updating fMLLR since below min-count: count is 126
LOG (gmm-est-fmllr-gpost:main():gmm-est-fmllr-gpost.cc:141) For speaker train_S12_5_5_16, auxf-impr from fMLLR is 0, over 126 frames.
WARNING (gmm-est-fmllr-gpost:Update():fmllr-diag-gmm.cc:162) Not updating fMLLR since below min-count: count is 111
LOG (gmm-est-fmllr-gpost:main():gmm-est-fmllr-gpost.cc:141) For speaker train_S12_5_5_18, auxf-impr from fMLLR is 0, over 111 frames.
WARNING (gmm-est-fmllr-gpost:Update():fmllr-diag-gmm.cc:162) Not updating fMLLR since below min-count: count is 120
LOG (gmm-est-fmllr-gpost:main():gmm-est-fmllr-gpost.cc:141) For speaker train_S12_5_5_20, auxf-impr from fMLLR is 0, over 120 frames.
WARNING (gmm-est-fmllr-gpost:Update():fmllr-diag-gmm.cc:162) Not updating fMLLR since below min-count: count is 126
LOG (gmm-est-fmllr-gpost:main():gmm-est-fmllr-gpost.cc:141) For speaker train_S12_5_6_12, auxf-impr from fMLLR is 0, over 126 frames.
WARNING (gmm-est-fmllr-gpost:Update():fmllr-diag-gmm.cc:162) Not updating fMLLR since below min-count: count is 123
LOG (gmm-est-fmllr-gpost:main():gmm-est-fmllr-gpost.cc:141) For speaker train_S12_5_6_14, auxf-impr from fMLLR is 0, over 123 frames.
WARNING (gmm-est-fmllr-gpost:Update():fmllr-diag-gmm.cc:162) Not updating fMLLR since below min-count: count is 126
LOG (gmm-est-fmllr-gpost:main():gmm-est-fmllr-gpost.cc:141) For speaker train_S12_5_6_16, auxf-impr from fMLLR is 0, over 126 frames.
WARNING (gmm-est-fmllr-gpost:Update():fmllr-diag-gmm.cc:162) Not updating fMLLR since below min-count: count is 111
LOG (gmm-est-fmllr-gpost:main():gmm-est-fmllr-gpost.cc:141) For speaker train_S12_5_6_18, auxf-impr from fMLLR is 0, over 111 frames.
WARNING (gmm-est-fmllr-gpost:Update():fmllr-diag-gmm.cc:162) Not updating fMLLR since below min-count: count is 120
LOG (gmm-est-fmllr-gpost:main():gmm-est-fmllr-gpost.cc:141) For speaker train_S12_5_6_20, auxf-impr from fMLLR is 0, over 120 frames.
WARNING (gmm-est-fmllr-gpost:Update():fmllr-diag-gmm.cc:162) Not updating fMLLR since below min-count: count is 126
LOG (gmm-est-fmllr-gpost:main():gmm-est-fmllr-gpost.cc:141) For speaker train_S12_5_7_12, auxf-impr from fMLLR is 0, over 126 frames.
WARNING (gmm-est-fmllr-gpost:Update():fmllr-diag-gmm.cc:162) Not updating fMLLR since below min-count: count is 123
LOG (gmm-est-fmllr-gpost:main():gmm-est-fmllr-gpost.cc:141) For speaker train_S12_5_7_14, auxf-impr from fMLLR is 0, over 123 frames.
WARNING (gmm-est-fmllr-gpost:Update():fmllr-diag-gmm.cc:162) Not updating fMLLR since below min-count: count is 126
LOG (gmm-est-fmllr-gpost:main():gmm-est-fmllr-gpost.cc:141) For speaker train_S12_5_7_16, auxf-impr from fMLLR is 0, over 126 frames.
WARNING (gmm-est-fmllr-gpost:Update():fmllr-diag-gmm.cc:162) Not updating fMLLR since below min-count: count is 111
LOG (gmm-est-fmllr-gpost:main():gmm-est-fmllr-gpost.cc:141) For speaker train_S12_5_7_18, auxf-impr from fMLLR is 0, over 111 frames.
WARNING (gmm-est-fmllr-gpost:Update():fmllr-diag-gmm.cc:162) Not updating fMLLR since below min-count: count is 120
LOG (gmm-est-fmllr-gpost:main():gmm-est-fmllr-gpost.cc:141) For speaker train_S12_5_7_20, auxf-impr from fMLLR is 0, over 120 frames.
WARNING (gmm-est-fmllr-gpost:Update():fmllr-diag-gmm.cc:162) Not updating fMLLR since below min-count: count is 131
LOG (gmm-est-fmllr-gpost:main():gmm-est-fmllr-gpost.cc:141) For speaker train_S12_6_1_12, auxf-impr from fMLLR is 0, over 131 frames.
WARNING (gmm-est-fmllr-gpost:Update():fmllr-diag-gmm.cc:162) Not updating fMLLR since below min-count: count is 125
LOG (gmm-est-fmllr-gpost:main():gmm-est-fmllr-gpost.cc:141) For speaker train_S12_6_1_14, auxf-impr from fMLLR is 0, over 125 frames.
WARNING (gmm-est-fmllr-gpost:Update():fmllr-diag-gmm.cc:162) Not updating fMLLR since below min-count: count is 131
LOG (gmm-est-fmllr-gpost:main():gmm-est-fmllr-gpost.cc:141) For speaker train_S12_6_1_16, auxf-impr from fMLLR is 0, over 131 frames.
WARNING (gmm-est-fmllr-gpost:Update():fmllr-diag-gmm.cc:162) Not updating fMLLR since below min-count: count is 115
LOG (gmm-est-fmllr-gpost:main():gmm-est-fmllr-gpost.cc:141) For speaker train_S12_6_1_18, auxf-impr from fMLLR is 0, over 115 frames.
WARNING (gmm-est-fmllr-gpost:Update():fmllr-diag-gmm.cc:162) Not updating fMLLR since below min-count: count is 125
LOG (gmm-est-fmllr-gpost:main():gmm-est-fmllr-gpost.cc:141) For speaker train_S12_6_1_20, auxf-impr from fMLLR is 0, over 125 frames.
WARNING (gmm-est-fmllr-gpost:Update():fmllr-diag-gmm.cc:162) Not updating fMLLR since below min-count: count is 131
LOG (gmm-est-fmllr-gpost:main():gmm-est-fmllr-gpost.cc:141) For speaker train_S12_6_2_12, auxf-impr from fMLLR is 0, over 131 frames.
WARNING (gmm-est-fmllr-gpost:Update():fmllr-diag-gmm.cc:162) Not updating fMLLR since below min-count: count is 125
LOG (gmm-est-fmllr-gpost:main():gmm-est-fmllr-gpost.cc:141) For speaker train_S12_6_2_14, auxf-impr from fMLLR is 0, over 125 frames.
WARNING (gmm-est-fmllr-gpost:Update():fmllr-diag-gmm.cc:162) Not updating fMLLR since below min-count: count is 131
LOG (gmm-est-fmllr-gpost:main():gmm-est-fmllr-gpost.cc:141) For speaker train_S12_6_2_16, auxf-impr from fMLLR is 0, over 131 frames.
WARNING (gmm-est-fmllr-gpost:Update():fmllr-diag-gmm.cc:162) Not updating fMLLR since below min-count: count is 115
LOG (gmm-est-fmllr-gpost:main():gmm-est-fmllr-gpost.cc:141) For speaker train_S12_6_2_18, auxf-impr from fMLLR is 0, over 115 frames.
WARNING (gmm-est-fmllr-gpost:Update():fmllr-diag-gmm.cc:162) Not updating fMLLR since below min-count: count is 125
LOG (gmm-est-fmllr-gpost:main():gmm-est-fmllr-gpost.cc:141) For speaker train_S12_6_2_20, auxf-impr from fMLLR is 0, over 125 frames.
WARNING (gmm-est-fmllr-gpost:Update():fmllr-diag-gmm.cc:162) Not updating fMLLR since below min-count: count is 131
LOG (gmm-est-fmllr-gpost:main():gmm-est-fmllr-gpost.cc:141) For speaker train_S12_6_3_12, auxf-impr from fMLLR is 0, over 131 frames.
WARNING (gmm-est-fmllr-gpost:Update():fmllr-diag-gmm.cc:162) Not updating fMLLR since below min-count: count is 125
LOG (gmm-est-fmllr-gpost:main():gmm-est-fmllr-gpost.cc:141) For speaker train_S12_6_3_14, auxf-impr from fMLLR is 0, over 125 frames.
WARNING (gmm-est-fmllr-gpost:Update():fmllr-diag-gmm.cc:162) Not updating fMLLR since below min-count: count is 131
LOG (gmm-est-fmllr-gpost:main():gmm-est-fmllr-gpost.cc:141) For speaker train_S12_6_3_16, auxf-impr from fMLLR is 0, over 131 frames.
WARNING (gmm-est-fmllr-gpost:Update():fmllr-diag-gmm.cc:162) Not updating fMLLR since below min-count: count is 115
LOG (gmm-est-fmllr-gpost:main():gmm-est-fmllr-gpost.cc:141) For speaker train_S12_6_3_18, auxf-impr from fMLLR is 0, over 115 frames.
WARNING (gmm-est-fmllr-gpost:Update():fmllr-diag-gmm.cc:162) Not updating fMLLR since below min-count: count is 125
LOG (gmm-est-fmllr-gpost:main():gmm-est-fmllr-gpost.cc:141) For speaker train_S12_6_3_20, auxf-impr from fMLLR is 0, over 125 frames.
WARNING (gmm-est-fmllr-gpost:Update():fmllr-diag-gmm.cc:162) Not updating fMLLR since below min-count: count is 131
LOG (gmm-est-fmllr-gpost:main():gmm-est-fmllr-gpost.cc:141) For speaker train_S12_6_4_12, auxf-impr from fMLLR is 0, over 131 frames.
WARNING (gmm-est-fmllr-gpost:Update():fmllr-diag-gmm.cc:162) Not updating fMLLR since below min-count: count is 125
LOG (gmm-est-fmllr-gpost:main():gmm-est-fmllr-gpost.cc:141) For speaker train_S12_6_4_14, auxf-impr from fMLLR is 0, over 125 frames.
WARNING (gmm-est-fmllr-gpost:Update():fmllr-diag-gmm.cc:162) Not updating fMLLR since below min-count: count is 131
LOG (gmm-est-fmllr-gpost:main():gmm-est-fmllr-gpost.cc:141) For speaker train_S12_6_4_16, auxf-impr from fMLLR is 0, over 131 frames.
WARNING (gmm-est-fmllr-gpost:Update():fmllr-diag-gmm.cc:162) Not updating fMLLR since below min-count: count is 115
LOG (gmm-est-fmllr-gpost:main():gmm-est-fmllr-gpost.cc:141) For speaker train_S12_6_4_18, auxf-impr from fMLLR is 0, over 115 frames.
WARNING (gmm-est-fmllr-gpost:Update():fmllr-diag-gmm.cc:162) Not updating fMLLR since below min-count: count is 125
LOG (gmm-est-fmllr-gpost:main():gmm-est-fmllr-gpost.cc:141) For speaker train_S12_6_4_20, auxf-impr from fMLLR is 0, over 125 frames.
WARNING (gmm-est-fmllr-gpost:Update():fmllr-diag-gmm.cc:162) Not updating fMLLR since below min-count: count is 131
LOG (gmm-est-fmllr-gpost:main():gmm-est-fmllr-gpost.cc:141) For speaker train_S12_6_5_12, auxf-impr from fMLLR is 0, over 131 frames.
WARNING (gmm-est-fmllr-gpost:Update():fmllr-diag-gmm.cc:162) Not updating fMLLR since below min-count: count is 125
LOG (gmm-est-fmllr-gpost:main():gmm-est-fmllr-gpost.cc:141) For speaker train_S12_6_5_14, auxf-impr from fMLLR is 0, over 125 frames.
WARNING (gmm-est-fmllr-gpost:Update():fmllr-diag-gmm.cc:162) Not updating fMLLR since below min-count: count is 131
LOG (gmm-est-fmllr-gpost:main():gmm-est-fmllr-gpost.cc:141) For speaker train_S12_6_5_16, auxf-impr from fMLLR is 0, over 131 frames.
WARNING (gmm-est-fmllr-gpost:Update():fmllr-diag-gmm.cc:162) Not updating fMLLR since below min-count: count is 115
LOG (gmm-est-fmllr-gpost:main():gmm-est-fmllr-gpost.cc:141) For speaker train_S12_6_5_18, auxf-impr from fMLLR is 0, over 115 frames.
WARNING (gmm-est-fmllr-gpost:Update():fmllr-diag-gmm.cc:162) Not updating fMLLR since below min-count: count is 125
LOG (gmm-est-fmllr-gpost:main():gmm-est-fmllr-gpost.cc:141) For speaker train_S12_6_5_20, auxf-impr from fMLLR is 0, over 125 frames.
WARNING (gmm-est-fmllr-gpost:Update():fmllr-diag-gmm.cc:162) Not updating fMLLR since below min-count: count is 131
LOG (gmm-est-fmllr-gpost:main():gmm-est-fmllr-gpost.cc:141) For speaker train_S12_6_6_12, auxf-impr from fMLLR is 0, over 131 frames.
WARNING (gmm-est-fmllr-gpost:Update():fmllr-diag-gmm.cc:162) Not updating fMLLR since below min-count: count is 129
LOG (gmm-est-fmllr-gpost:main():gmm-est-fmllr-gpost.cc:141) For speaker train_S12_6_6_14, auxf-impr from fMLLR is 0, over 129 frames.
WARNING (gmm-est-fmllr-gpost:Update():fmllr-diag-gmm.cc:162) Not updating fMLLR since below min-count: count is 131
LOG (gmm-est-fmllr-gpost:main():gmm-est-fmllr-gpost.cc:141) For speaker train_S12_6_6_16, auxf-impr from fMLLR is 0, over 131 frames.
WARNING (gmm-est-fmllr-gpost:Update():fmllr-diag-gmm.cc:162) Not updating fMLLR since below min-count: count is 115
LOG (gmm-est-fmllr-gpost:main():gmm-est-fmllr-gpost.cc:141) For speaker train_S12_6_6_18, auxf-impr from fMLLR is 0, over 115 frames.
WARNING (gmm-est-fmllr-gpost:Update():fmllr-diag-gmm.cc:162) Not updating fMLLR since below min-count: count is 125
LOG (gmm-est-fmllr-gpost:main():gmm-est-fmllr-gpost.cc:141) For speaker train_S12_6_6_20, auxf-impr from fMLLR is 0, over 125 frames.
WARNING (gmm-est-fmllr-gpost:Update():fmllr-diag-gmm.cc:162) Not updating fMLLR since below min-count: count is 131
LOG (gmm-est-fmllr-gpost:main():gmm-est-fmllr-gpost.cc:141) For speaker train_S12_6_7_12, auxf-impr from fMLLR is 0, over 131 frames.
WARNING (gmm-est-fmllr-gpost:Update():fmllr-diag-gmm.cc:162) Not updating fMLLR since below min-count: count is 129
LOG (gmm-est-fmllr-gpost:main():gmm-est-fmllr-gpost.cc:141) For speaker train_S12_6_7_14, auxf-impr from fMLLR is 0, over 129 frames.
WARNING (gmm-est-fmllr-gpost:Update():fmllr-diag-gmm.cc:162) Not updating fMLLR since below min-count: count is 131
LOG (gmm-est-fmllr-gpost:main():gmm-est-fmllr-gpost.cc:141) For speaker train_S12_6_7_16, auxf-impr from fMLLR is 0, over 131 frames.
WARNING (gmm-est-fmllr-gpost:Update():fmllr-diag-gmm.cc:162) Not updating fMLLR since below min-count: count is 115
LOG (gmm-est-fmllr-gpost:main():gmm-est-fmllr-gpost.cc:141) For speaker train_S12_6_7_18, auxf-impr from fMLLR is 0, over 115 frames.
WARNING (gmm-est-fmllr-gpost:Update():fmllr-diag-gmm.cc:162) Not updating fMLLR since below min-count: count is 125
LOG (gmm-est-fmllr-gpost:main():gmm-est-fmllr-gpost.cc:141) For speaker train_S12_6_7_20, auxf-impr from fMLLR is 0, over 125 frames.
WARNING (gmm-est-fmllr-gpost:Update():fmllr-diag-gmm.cc:162) Not updating fMLLR since below min-count: count is 130
LOG (gmm-est-fmllr-gpost:main():gmm-est-fmllr-gpost.cc:141) For speaker train_S12_7_1_12, auxf-impr from fMLLR is 0, over 130 frames.
WARNING (gmm-est-fmllr-gpost:Update():fmllr-diag-gmm.cc:162) Not updating fMLLR since below min-count: count is 128
LOG (gmm-est-fmllr-gpost:main():gmm-est-fmllr-gpost.cc:141) For speaker train_S12_7_1_14, auxf-impr from fMLLR is 0, over 128 frames.
WARNING (gmm-est-fmllr-gpost:Update():fmllr-diag-gmm.cc:162) Not updating fMLLR since below min-count: count is 131
LOG (gmm-est-fmllr-gpost:main():gmm-est-fmllr-gpost.cc:141) For speaker train_S12_7_1_16, auxf-impr from fMLLR is 0, over 131 frames.
WARNING (gmm-est-fmllr-gpost:Update():fmllr-diag-gmm.cc:162) Not updating fMLLR since below min-count: count is 115
LOG (gmm-est-fmllr-gpost:main():gmm-est-fmllr-gpost.cc:141) For speaker train_S12_7_1_18, auxf-impr from fMLLR is 0, over 115 frames.
WARNING (gmm-est-fmllr-gpost:Update():fmllr-diag-gmm.cc:162) Not updating fMLLR since below min-count: count is 124
LOG (gmm-est-fmllr-gpost:main():gmm-est-fmllr-gpost.cc:141) For speaker train_S12_7_1_20, auxf-impr from fMLLR is 0, over 124 frames.
WARNING (gmm-est-fmllr-gpost:Update():fmllr-diag-gmm.cc:162) Not updating fMLLR since below min-count: count is 130
LOG (gmm-est-fmllr-gpost:main():gmm-est-fmllr-gpost.cc:141) For speaker train_S12_7_2_12, auxf-impr from fMLLR is 0, over 130 frames.
WARNING (gmm-est-fmllr-gpost:Update():fmllr-diag-gmm.cc:162) Not updating fMLLR since below min-count: count is 128
LOG (gmm-est-fmllr-gpost:main():gmm-est-fmllr-gpost.cc:141) For speaker train_S12_7_2_14, auxf-impr from fMLLR is 0, over 128 frames.
WARNING (gmm-est-fmllr-gpost:Update():fmllr-diag-gmm.cc:162) Not updating fMLLR since below min-count: count is 131
LOG (gmm-est-fmllr-gpost:main():gmm-est-fmllr-gpost.cc:141) For speaker train_S12_7_2_16, auxf-impr from fMLLR is 0, over 131 frames.
WARNING (gmm-est-fmllr-gpost:Update():fmllr-diag-gmm.cc:162) Not updating fMLLR since below min-count: count is 115
LOG (gmm-est-fmllr-gpost:main():gmm-est-fmllr-gpost.cc:141) For speaker train_S12_7_2_18, auxf-impr from fMLLR is 0, over 115 frames.
WARNING (gmm-est-fmllr-gpost:Update():fmllr-diag-gmm.cc:162) Not updating fMLLR since below min-count: count is 124
LOG (gmm-est-fmllr-gpost:main():gmm-est-fmllr-gpost.cc:141) For speaker train_S12_7_2_20, auxf-impr from fMLLR is 0, over 124 frames.
WARNING (gmm-est-fmllr-gpost:Update():fmllr-diag-gmm.cc:162) Not updating fMLLR since below min-count: count is 130
LOG (gmm-est-fmllr-gpost:main():gmm-est-fmllr-gpost.cc:141) For speaker train_S12_7_3_12, auxf-impr from fMLLR is 0, over 130 frames.
WARNING (gmm-est-fmllr-gpost:Update():fmllr-diag-gmm.cc:162) Not updating fMLLR since below min-count: count is 128
LOG (gmm-est-fmllr-gpost:main():gmm-est-fmllr-gpost.cc:141) For speaker train_S12_7_3_14, auxf-impr from fMLLR is 0, over 128 frames.
WARNING (gmm-est-fmllr-gpost:Update():fmllr-diag-gmm.cc:162) Not updating fMLLR since below min-count: count is 130
LOG (gmm-est-fmllr-gpost:main():gmm-est-fmllr-gpost.cc:141) For speaker train_S12_7_3_16, auxf-impr from fMLLR is 0, over 130 frames.
WARNING (gmm-est-fmllr-gpost:Update():fmllr-diag-gmm.cc:162) Not updating fMLLR since below min-count: count is 115
LOG (gmm-est-fmllr-gpost:main():gmm-est-fmllr-gpost.cc:141) For speaker train_S12_7_3_18, auxf-impr from fMLLR is 0, over 115 frames.
WARNING (gmm-est-fmllr-gpost:Update():fmllr-diag-gmm.cc:162) Not updating fMLLR since below min-count: count is 124
LOG (gmm-est-fmllr-gpost:main():gmm-est-fmllr-gpost.cc:141) For speaker train_S12_7_3_20, auxf-impr from fMLLR is 0, over 124 frames.
WARNING (gmm-est-fmllr-gpost:Update():fmllr-diag-gmm.cc:162) Not updating fMLLR since below min-count: count is 130
LOG (gmm-est-fmllr-gpost:main():gmm-est-fmllr-gpost.cc:141) For speaker train_S12_7_4_12, auxf-impr from fMLLR is 0, over 130 frames.
WARNING (gmm-est-fmllr-gpost:Update():fmllr-diag-gmm.cc:162) Not updating fMLLR since below min-count: count is 128
LOG (gmm-est-fmllr-gpost:main():gmm-est-fmllr-gpost.cc:141) For speaker train_S12_7_4_14, auxf-impr from fMLLR is 0, over 128 frames.
WARNING (gmm-est-fmllr-gpost:Update():fmllr-diag-gmm.cc:162) Not updating fMLLR since below min-count: count is 130
LOG (gmm-est-fmllr-gpost:main():gmm-est-fmllr-gpost.cc:141) For speaker train_S12_7_4_16, auxf-impr from fMLLR is 0, over 130 frames.
WARNING (gmm-est-fmllr-gpost:Update():fmllr-diag-gmm.cc:162) Not updating fMLLR since below min-count: count is 115
LOG (gmm-est-fmllr-gpost:main():gmm-est-fmllr-gpost.cc:141) For speaker train_S12_7_4_18, auxf-impr from fMLLR is 0, over 115 frames.
WARNING (gmm-est-fmllr-gpost:Update():fmllr-diag-gmm.cc:162) Not updating fMLLR since below min-count: count is 124
LOG (gmm-est-fmllr-gpost:main():gmm-est-fmllr-gpost.cc:141) For speaker train_S12_7_4_20, auxf-impr from fMLLR is 0, over 124 frames.
WARNING (gmm-est-fmllr-gpost:Update():fmllr-diag-gmm.cc:162) Not updating fMLLR since below min-count: count is 130
LOG (gmm-est-fmllr-gpost:main():gmm-est-fmllr-gpost.cc:141) For speaker train_S12_7_5_12, auxf-impr from fMLLR is 0, over 130 frames.
WARNING (gmm-est-fmllr-gpost:Update():fmllr-diag-gmm.cc:162) Not updating fMLLR since below min-count: count is 127
LOG (gmm-est-fmllr-gpost:main():gmm-est-fmllr-gpost.cc:141) For speaker train_S12_7_5_14, auxf-impr from fMLLR is 0, over 127 frames.
WARNING (gmm-est-fmllr-gpost:Update():fmllr-diag-gmm.cc:162) Not updating fMLLR since below min-count: count is 130
LOG (gmm-est-fmllr-gpost:main():gmm-est-fmllr-gpost.cc:141) For speaker train_S12_7_5_16, auxf-impr from fMLLR is 0, over 130 frames.
WARNING (gmm-est-fmllr-gpost:Update():fmllr-diag-gmm.cc:162) Not updating fMLLR since below min-count: count is 115
LOG (gmm-est-fmllr-gpost:main():gmm-est-fmllr-gpost.cc:141) For speaker train_S12_7_5_18, auxf-impr from fMLLR is 0, over 115 frames.
WARNING (gmm-est-fmllr-gpost:Update():fmllr-diag-gmm.cc:162) Not updating fMLLR since below min-count: count is 124
LOG (gmm-est-fmllr-gpost:main():gmm-est-fmllr-gpost.cc:141) For speaker train_S12_7_5_20, auxf-impr from fMLLR is 0, over 124 frames.
WARNING (gmm-est-fmllr-gpost:Update():fmllr-diag-gmm.cc:162) Not updating fMLLR since below min-count: count is 130
LOG (gmm-est-fmllr-gpost:main():gmm-est-fmllr-gpost.cc:141) For speaker train_S12_7_6_12, auxf-impr from fMLLR is 0, over 130 frames.
WARNING (gmm-est-fmllr-gpost:Update():fmllr-diag-gmm.cc:162) Not updating fMLLR since below min-count: count is 127
LOG (gmm-est-fmllr-gpost:main():gmm-est-fmllr-gpost.cc:141) For speaker train_S12_7_6_14, auxf-impr from fMLLR is 0, over 127 frames.
WARNING (gmm-est-fmllr-gpost:Update():fmllr-diag-gmm.cc:162) Not updating fMLLR since below min-count: count is 130
LOG (gmm-est-fmllr-gpost:main():gmm-est-fmllr-gpost.cc:141) For speaker train_S12_7_6_16, auxf-impr from fMLLR is 0, over 130 frames.
WARNING (gmm-est-fmllr-gpost:Update():fmllr-diag-gmm.cc:162) Not updating fMLLR since below min-count: count is 115
LOG (gmm-est-fmllr-gpost:main():gmm-est-fmllr-gpost.cc:141) For speaker train_S12_7_6_18, auxf-impr from fMLLR is 0, over 115 frames.
WARNING (gmm-est-fmllr-gpost:Update():fmllr-diag-gmm.cc:162) Not updating fMLLR since below min-count: count is 124
LOG (gmm-est-fmllr-gpost:main():gmm-est-fmllr-gpost.cc:141) For speaker train_S12_7_6_20, auxf-impr from fMLLR is 0, over 124 frames.
WARNING (gmm-est-fmllr-gpost:Update():fmllr-diag-gmm.cc:162) Not updating fMLLR since below min-count: count is 130
LOG (gmm-est-fmllr-gpost:main():gmm-est-fmllr-gpost.cc:141) For speaker train_S12_7_7_12, auxf-impr from fMLLR is 0, over 130 frames.
WARNING (gmm-est-fmllr-gpost:Update():fmllr-diag-gmm.cc:162) Not updating fMLLR since below min-count: count is 127
LOG (gmm-est-fmllr-gpost:main():gmm-est-fmllr-gpost.cc:141) For speaker train_S12_7_7_14, auxf-impr from fMLLR is 0, over 127 frames.
WARNING (gmm-est-fmllr-gpost:Update():fmllr-diag-gmm.cc:162) Not updating fMLLR since below min-count: count is 130
LOG (gmm-est-fmllr-gpost:main():gmm-est-fmllr-gpost.cc:141) For speaker train_S12_7_7_16, auxf-impr from fMLLR is 0, over 130 frames.
WARNING (gmm-est-fmllr-gpost:Update():fmllr-diag-gmm.cc:162) Not updating fMLLR since below min-count: count is 115
LOG (gmm-est-fmllr-gpost:main():gmm-est-fmllr-gpost.cc:141) For speaker train_S12_7_7_18, auxf-impr from fMLLR is 0, over 115 frames.
WARNING (gmm-est-fmllr-gpost:Update():fmllr-diag-gmm.cc:162) Not updating fMLLR since below min-count: count is 124
LOG (gmm-est-fmllr-gpost:main():gmm-est-fmllr-gpost.cc:141) For speaker train_S12_7_7_20, auxf-impr from fMLLR is 0, over 124 frames.
WARNING (gmm-est-fmllr-gpost:Update():fmllr-diag-gmm.cc:162) Not updating fMLLR since below min-count: count is 131
LOG (gmm-est-fmllr-gpost:main():gmm-est-fmllr-gpost.cc:141) For speaker train_S12_8_1_12, auxf-impr from fMLLR is 0, over 131 frames.
WARNING (gmm-est-fmllr-gpost:Update():fmllr-diag-gmm.cc:162) Not updating fMLLR since below min-count: count is 129
LOG (gmm-est-fmllr-gpost:main():gmm-est-fmllr-gpost.cc:141) For speaker train_S12_8_1_14, auxf-impr from fMLLR is 0, over 129 frames.
WARNING (gmm-est-fmllr-gpost:Update():fmllr-diag-gmm.cc:162) Not updating fMLLR since below min-count: count is 134
LOG (gmm-est-fmllr-gpost:main():gmm-est-fmllr-gpost.cc:141) For speaker train_S12_8_1_16, auxf-impr from fMLLR is 0, over 134 frames.
WARNING (gmm-est-fmllr-gpost:Update():fmllr-diag-gmm.cc:162) Not updating fMLLR since below min-count: count is 119
LOG (gmm-est-fmllr-gpost:main():gmm-est-fmllr-gpost.cc:141) For speaker train_S12_8_1_18, auxf-impr from fMLLR is 0, over 119 frames.
WARNING (gmm-est-fmllr-gpost:Update():fmllr-diag-gmm.cc:162) Not updating fMLLR since below min-count: count is 128
LOG (gmm-est-fmllr-gpost:main():gmm-est-fmllr-gpost.cc:141) For speaker train_S12_8_1_20, auxf-impr from fMLLR is 0, over 128 frames.
WARNING (gmm-est-fmllr-gpost:Update():fmllr-diag-gmm.cc:162) Not updating fMLLR since below min-count: count is 131
LOG (gmm-est-fmllr-gpost:main():gmm-est-fmllr-gpost.cc:141) For speaker train_S12_8_2_12, auxf-impr from fMLLR is 0, over 131 frames.
WARNING (gmm-est-fmllr-gpost:Update():fmllr-diag-gmm.cc:162) Not updating fMLLR since below min-count: count is 129
LOG (gmm-est-fmllr-gpost:main():gmm-est-fmllr-gpost.cc:141) For speaker train_S12_8_2_14, auxf-impr from fMLLR is 0, over 129 frames.
WARNING (gmm-est-fmllr-gpost:Update():fmllr-diag-gmm.cc:162) Not updating fMLLR since below min-count: count is 134
LOG (gmm-est-fmllr-gpost:main():gmm-est-fmllr-gpost.cc:141) For speaker train_S12_8_2_16, auxf-impr from fMLLR is 0, over 134 frames.
WARNING (gmm-est-fmllr-gpost:Update():fmllr-diag-gmm.cc:162) Not updating fMLLR since below min-count: count is 119
LOG (gmm-est-fmllr-gpost:main():gmm-est-fmllr-gpost.cc:141) For speaker train_S12_8_2_18, auxf-impr from fMLLR is 0, over 119 frames.
WARNING (gmm-est-fmllr-gpost:Update():fmllr-diag-gmm.cc:162) Not updating fMLLR since below min-count: count is 128
LOG (gmm-est-fmllr-gpost:main():gmm-est-fmllr-gpost.cc:141) For speaker train_S12_8_2_20, auxf-impr from fMLLR is 0, over 128 frames.
WARNING (gmm-est-fmllr-gpost:Update():fmllr-diag-gmm.cc:162) Not updating fMLLR since below min-count: count is 131
LOG (gmm-est-fmllr-gpost:main():gmm-est-fmllr-gpost.cc:141) For speaker train_S12_8_3_12, auxf-impr from fMLLR is 0, over 131 frames.
WARNING (gmm-est-fmllr-gpost:Update():fmllr-diag-gmm.cc:162) Not updating fMLLR since below min-count: count is 129
LOG (gmm-est-fmllr-gpost:main():gmm-est-fmllr-gpost.cc:141) For speaker train_S12_8_3_14, auxf-impr from fMLLR is 0, over 129 frames.
WARNING (gmm-est-fmllr-gpost:Update():fmllr-diag-gmm.cc:162) Not updating fMLLR since below min-count: count is 134
LOG (gmm-est-fmllr-gpost:main():gmm-est-fmllr-gpost.cc:141) For speaker train_S12_8_3_16, auxf-impr from fMLLR is 0, over 134 frames.
WARNING (gmm-est-fmllr-gpost:Update():fmllr-diag-gmm.cc:162) Not updating fMLLR since below min-count: count is 119
LOG (gmm-est-fmllr-gpost:main():gmm-est-fmllr-gpost.cc:141) For speaker train_S12_8_3_18, auxf-impr from fMLLR is 0, over 119 frames.
WARNING (gmm-est-fmllr-gpost:Update():fmllr-diag-gmm.cc:162) Not updating fMLLR since below min-count: count is 128
LOG (gmm-est-fmllr-gpost:main():gmm-est-fmllr-gpost.cc:141) For speaker train_S12_8_3_20, auxf-impr from fMLLR is 0, over 128 frames.
WARNING (gmm-est-fmllr-gpost:Update():fmllr-diag-gmm.cc:162) Not updating fMLLR since below min-count: count is 131
LOG (gmm-est-fmllr-gpost:main():gmm-est-fmllr-gpost.cc:141) For speaker train_S12_8_4_12, auxf-impr from fMLLR is 0, over 131 frames.
WARNING (gmm-est-fmllr-gpost:Update():fmllr-diag-gmm.cc:162) Not updating fMLLR since below min-count: count is 129
LOG (gmm-est-fmllr-gpost:main():gmm-est-fmllr-gpost.cc:141) For speaker train_S12_8_4_14, auxf-impr from fMLLR is 0, over 129 frames.
WARNING (gmm-est-fmllr-gpost:Update():fmllr-diag-gmm.cc:162) Not updating fMLLR since below min-count: count is 134
LOG (gmm-est-fmllr-gpost:main():gmm-est-fmllr-gpost.cc:141) For speaker train_S12_8_4_16, auxf-impr from fMLLR is 0, over 134 frames.
WARNING (gmm-est-fmllr-gpost:Update():fmllr-diag-gmm.cc:162) Not updating fMLLR since below min-count: count is 119
LOG (gmm-est-fmllr-gpost:main():gmm-est-fmllr-gpost.cc:141) For speaker train_S12_8_4_18, auxf-impr from fMLLR is 0, over 119 frames.
WARNING (gmm-est-fmllr-gpost:Update():fmllr-diag-gmm.cc:162) Not updating fMLLR since below min-count: count is 128
LOG (gmm-est-fmllr-gpost:main():gmm-est-fmllr-gpost.cc:141) For speaker train_S12_8_4_20, auxf-impr from fMLLR is 0, over 128 frames.
WARNING (gmm-est-fmllr-gpost:Update():fmllr-diag-gmm.cc:162) Not updating fMLLR since below min-count: count is 131
LOG (gmm-est-fmllr-gpost:main():gmm-est-fmllr-gpost.cc:141) For speaker train_S12_8_5_12, auxf-impr from fMLLR is 0, over 131 frames.
WARNING (gmm-est-fmllr-gpost:Update():fmllr-diag-gmm.cc:162) Not updating fMLLR since below min-count: count is 129
LOG (gmm-est-fmllr-gpost:main():gmm-est-fmllr-gpost.cc:141) For speaker train_S12_8_5_14, auxf-impr from fMLLR is 0, over 129 frames.
WARNING (gmm-est-fmllr-gpost:Update():fmllr-diag-gmm.cc:162) Not updating fMLLR since below min-count: count is 134
LOG (gmm-est-fmllr-gpost:main():gmm-est-fmllr-gpost.cc:141) For speaker train_S12_8_5_16, auxf-impr from fMLLR is 0, over 134 frames.
WARNING (gmm-est-fmllr-gpost:Update():fmllr-diag-gmm.cc:162) Not updating fMLLR since below min-count: count is 119
LOG (gmm-est-fmllr-gpost:main():gmm-est-fmllr-gpost.cc:141) For speaker train_S12_8_5_18, auxf-impr from fMLLR is 0, over 119 frames.
WARNING (gmm-est-fmllr-gpost:Update():fmllr-diag-gmm.cc:162) Not updating fMLLR since below min-count: count is 128
LOG (gmm-est-fmllr-gpost:main():gmm-est-fmllr-gpost.cc:141) For speaker train_S12_8_5_20, auxf-impr from fMLLR is 0, over 128 frames.
WARNING (gmm-est-fmllr-gpost:Update():fmllr-diag-gmm.cc:162) Not updating fMLLR since below min-count: count is 131
LOG (gmm-est-fmllr-gpost:main():gmm-est-fmllr-gpost.cc:141) For speaker train_S12_8_6_12, auxf-impr from fMLLR is 0, over 131 frames.
WARNING (gmm-est-fmllr-gpost:Update():fmllr-diag-gmm.cc:162) Not updating fMLLR since below min-count: count is 129
LOG (gmm-est-fmllr-gpost:main():gmm-est-fmllr-gpost.cc:141) For speaker train_S12_8_6_14, auxf-impr from fMLLR is 0, over 129 frames.
WARNING (gmm-est-fmllr-gpost:Update():fmllr-diag-gmm.cc:162) Not updating fMLLR since below min-count: count is 134
LOG (gmm-est-fmllr-gpost:main():gmm-est-fmllr-gpost.cc:141) For speaker train_S12_8_6_16, auxf-impr from fMLLR is 0, over 134 frames.
WARNING (gmm-est-fmllr-gpost:Update():fmllr-diag-gmm.cc:162) Not updating fMLLR since below min-count: count is 119
LOG (gmm-est-fmllr-gpost:main():gmm-est-fmllr-gpost.cc:141) For speaker train_S12_8_6_18, auxf-impr from fMLLR is 0, over 119 frames.
WARNING (gmm-est-fmllr-gpost:Update():fmllr-diag-gmm.cc:162) Not updating fMLLR since below min-count: count is 128
LOG (gmm-est-fmllr-gpost:main():gmm-est-fmllr-gpost.cc:141) For speaker train_S12_8_6_20, auxf-impr from fMLLR is 0, over 128 frames.
WARNING (gmm-est-fmllr-gpost:Update():fmllr-diag-gmm.cc:162) Not updating fMLLR since below min-count: count is 131
LOG (gmm-est-fmllr-gpost:main():gmm-est-fmllr-gpost.cc:141) For speaker train_S12_8_7_12, auxf-impr from fMLLR is 0, over 131 frames.
WARNING (gmm-est-fmllr-gpost:Update():fmllr-diag-gmm.cc:162) Not updating fMLLR since below min-count: count is 131
LOG (gmm-est-fmllr-gpost:main():gmm-est-fmllr-gpost.cc:141) For speaker train_S12_8_7_14, auxf-impr from fMLLR is 0, over 131 frames.
WARNING (gmm-est-fmllr-gpost:Update():fmllr-diag-gmm.cc:162) Not updating fMLLR since below min-count: count is 134
LOG (gmm-est-fmllr-gpost:main():gmm-est-fmllr-gpost.cc:141) For speaker train_S12_8_7_16, auxf-impr from fMLLR is 0, over 134 frames.
WARNING (gmm-est-fmllr-gpost:Update():fmllr-diag-gmm.cc:162) Not updating fMLLR since below min-count: count is 119
LOG (gmm-est-fmllr-gpost:main():gmm-est-fmllr-gpost.cc:141) For speaker train_S12_8_7_18, auxf-impr from fMLLR is 0, over 119 frames.
WARNING (gmm-est-fmllr-gpost:Update():fmllr-diag-gmm.cc:162) Not updating fMLLR since below min-count: count is 128
LOG (gmm-est-fmllr-gpost:main():gmm-est-fmllr-gpost.cc:141) For speaker train_S12_8_7_20, auxf-impr from fMLLR is 0, over 128 frames.
WARNING (gmm-est-fmllr-gpost:Update():fmllr-diag-gmm.cc:162) Not updating fMLLR since below min-count: count is 127
LOG (gmm-est-fmllr-gpost:main():gmm-est-fmllr-gpost.cc:141) For speaker train_S12_9_1_12, auxf-impr from fMLLR is 0, over 127 frames.
WARNING (gmm-est-fmllr-gpost:Update():fmllr-diag-gmm.cc:162) Not updating fMLLR since below min-count: count is 124
LOG (gmm-est-fmllr-gpost:main():gmm-est-fmllr-gpost.cc:141) For speaker train_S12_9_1_14, auxf-impr from fMLLR is 0, over 124 frames.
WARNING (gmm-est-fmllr-gpost:Update():fmllr-diag-gmm.cc:162) Not updating fMLLR since below min-count: count is 125
LOG (gmm-est-fmllr-gpost:main():gmm-est-fmllr-gpost.cc:141) For speaker train_S12_9_1_16, auxf-impr from fMLLR is 0, over 125 frames.
WARNING (gmm-est-fmllr-gpost:Update():fmllr-diag-gmm.cc:162) Not updating fMLLR since below min-count: count is 111
LOG (gmm-est-fmllr-gpost:main():gmm-est-fmllr-gpost.cc:141) For speaker train_S12_9_1_18, auxf-impr from fMLLR is 0, over 111 frames.
WARNING (gmm-est-fmllr-gpost:Update():fmllr-diag-gmm.cc:162) Not updating fMLLR since below min-count: count is 120
LOG (gmm-est-fmllr-gpost:main():gmm-est-fmllr-gpost.cc:141) For speaker train_S12_9_1_20, auxf-impr from fMLLR is 0, over 120 frames.
WARNING (gmm-est-fmllr-gpost:Update():fmllr-diag-gmm.cc:162) Not updating fMLLR since below min-count: count is 127
LOG (gmm-est-fmllr-gpost:main():gmm-est-fmllr-gpost.cc:141) For speaker train_S12_9_2_12, auxf-impr from fMLLR is 0, over 127 frames.
WARNING (gmm-est-fmllr-gpost:Update():fmllr-diag-gmm.cc:162) Not updating fMLLR since below min-count: count is 124
LOG (gmm-est-fmllr-gpost:main():gmm-est-fmllr-gpost.cc:141) For speaker train_S12_9_2_14, auxf-impr from fMLLR is 0, over 124 frames.
WARNING (gmm-est-fmllr-gpost:Update():fmllr-diag-gmm.cc:162) Not updating fMLLR since below min-count: count is 125
LOG (gmm-est-fmllr-gpost:main():gmm-est-fmllr-gpost.cc:141) For speaker train_S12_9_2_16, auxf-impr from fMLLR is 0, over 125 frames.
WARNING (gmm-est-fmllr-gpost:Update():fmllr-diag-gmm.cc:162) Not updating fMLLR since below min-count: count is 111
LOG (gmm-est-fmllr-gpost:main():gmm-est-fmllr-gpost.cc:141) For speaker train_S12_9_2_18, auxf-impr from fMLLR is 0, over 111 frames.
WARNING (gmm-est-fmllr-gpost:Update():fmllr-diag-gmm.cc:162) Not updating fMLLR since below min-count: count is 120
LOG (gmm-est-fmllr-gpost:main():gmm-est-fmllr-gpost.cc:141) For speaker train_S12_9_2_20, auxf-impr from fMLLR is 0, over 120 frames.
WARNING (gmm-est-fmllr-gpost:Update():fmllr-diag-gmm.cc:162) Not updating fMLLR since below min-count: count is 127
LOG (gmm-est-fmllr-gpost:main():gmm-est-fmllr-gpost.cc:141) For speaker train_S12_9_3_12, auxf-impr from fMLLR is 0, over 127 frames.
WARNING (gmm-est-fmllr-gpost:Update():fmllr-diag-gmm.cc:162) Not updating fMLLR since below min-count: count is 124
LOG (gmm-est-fmllr-gpost:main():gmm-est-fmllr-gpost.cc:141) For speaker train_S12_9_3_14, auxf-impr from fMLLR is 0, over 124 frames.
WARNING (gmm-est-fmllr-gpost:Update():fmllr-diag-gmm.cc:162) Not updating fMLLR since below min-count: count is 125
LOG (gmm-est-fmllr-gpost:main():gmm-est-fmllr-gpost.cc:141) For speaker train_S12_9_3_16, auxf-impr from fMLLR is 0, over 125 frames.
WARNING (gmm-est-fmllr-gpost:Update():fmllr-diag-gmm.cc:162) Not updating fMLLR since below min-count: count is 111
LOG (gmm-est-fmllr-gpost:main():gmm-est-fmllr-gpost.cc:141) For speaker train_S12_9_3_18, auxf-impr from fMLLR is 0, over 111 frames.
WARNING (gmm-est-fmllr-gpost:Update():fmllr-diag-gmm.cc:162) Not updating fMLLR since below min-count: count is 120
LOG (gmm-est-fmllr-gpost:main():gmm-est-fmllr-gpost.cc:141) For speaker train_S12_9_3_20, auxf-impr from fMLLR is 0, over 120 frames.
WARNING (gmm-est-fmllr-gpost:Update():fmllr-diag-gmm.cc:162) Not updating fMLLR since below min-count: count is 127
LOG (gmm-est-fmllr-gpost:main():gmm-est-fmllr-gpost.cc:141) For speaker train_S12_9_4_12, auxf-impr from fMLLR is 0, over 127 frames.
WARNING (gmm-est-fmllr-gpost:Update():fmllr-diag-gmm.cc:162) Not updating fMLLR since below min-count: count is 124
LOG (gmm-est-fmllr-gpost:main():gmm-est-fmllr-gpost.cc:141) For speaker train_S12_9_4_14, auxf-impr from fMLLR is 0, over 124 frames.
WARNING (gmm-est-fmllr-gpost:Update():fmllr-diag-gmm.cc:162) Not updating fMLLR since below min-count: count is 125
LOG (gmm-est-fmllr-gpost:main():gmm-est-fmllr-gpost.cc:141) For speaker train_S12_9_4_16, auxf-impr from fMLLR is 0, over 125 frames.
WARNING (gmm-est-fmllr-gpost:Update():fmllr-diag-gmm.cc:162) Not updating fMLLR since below min-count: count is 111
LOG (gmm-est-fmllr-gpost:main():gmm-est-fmllr-gpost.cc:141) For speaker train_S12_9_4_18, auxf-impr from fMLLR is 0, over 111 frames.
WARNING (gmm-est-fmllr-gpost:Update():fmllr-diag-gmm.cc:162) Not updating fMLLR since below min-count: count is 120
LOG (gmm-est-fmllr-gpost:main():gmm-est-fmllr-gpost.cc:141) For speaker train_S12_9_4_20, auxf-impr from fMLLR is 0, over 120 frames.
WARNING (gmm-est-fmllr-gpost:Update():fmllr-diag-gmm.cc:162) Not updating fMLLR since below min-count: count is 127
LOG (gmm-est-fmllr-gpost:main():gmm-est-fmllr-gpost.cc:141) For speaker train_S12_9_5_12, auxf-impr from fMLLR is 0, over 127 frames.
WARNING (gmm-est-fmllr-gpost:Update():fmllr-diag-gmm.cc:162) Not updating fMLLR since below min-count: count is 124
LOG (gmm-est-fmllr-gpost:main():gmm-est-fmllr-gpost.cc:141) For speaker train_S12_9_5_14, auxf-impr from fMLLR is 0, over 124 frames.
WARNING (gmm-est-fmllr-gpost:Update():fmllr-diag-gmm.cc:162) Not updating fMLLR since below min-count: count is 125
LOG (gmm-est-fmllr-gpost:main():gmm-est-fmllr-gpost.cc:141) For speaker train_S12_9_5_16, auxf-impr from fMLLR is 0, over 125 frames.
WARNING (gmm-est-fmllr-gpost:Update():fmllr-diag-gmm.cc:162) Not updating fMLLR since below min-count: count is 111
LOG (gmm-est-fmllr-gpost:main():gmm-est-fmllr-gpost.cc:141) For speaker train_S12_9_5_18, auxf-impr from fMLLR is 0, over 111 frames.
WARNING (gmm-est-fmllr-gpost:Update():fmllr-diag-gmm.cc:162) Not updating fMLLR since below min-count: count is 120
LOG (gmm-est-fmllr-gpost:main():gmm-est-fmllr-gpost.cc:141) For speaker train_S12_9_5_20, auxf-impr from fMLLR is 0, over 120 frames.
WARNING (gmm-est-fmllr-gpost:Update():fmllr-diag-gmm.cc:162) Not updating fMLLR since below min-count: count is 127
LOG (gmm-est-fmllr-gpost:main():gmm-est-fmllr-gpost.cc:141) For speaker train_S12_9_6_12, auxf-impr from fMLLR is 0, over 127 frames.
WARNING (gmm-est-fmllr-gpost:Update():fmllr-diag-gmm.cc:162) Not updating fMLLR since below min-count: count is 124
LOG (gmm-est-fmllr-gpost:main():gmm-est-fmllr-gpost.cc:141) For speaker train_S12_9_6_14, auxf-impr from fMLLR is 0, over 124 frames.
WARNING (gmm-est-fmllr-gpost:Update():fmllr-diag-gmm.cc:162) Not updating fMLLR since below min-count: count is 125
LOG (gmm-est-fmllr-gpost:main():gmm-est-fmllr-gpost.cc:141) For speaker train_S12_9_6_16, auxf-impr from fMLLR is 0, over 125 frames.
WARNING (gmm-est-fmllr-gpost:Update():fmllr-diag-gmm.cc:162) Not updating fMLLR since below min-count: count is 111
LOG (gmm-est-fmllr-gpost:main():gmm-est-fmllr-gpost.cc:141) For speaker train_S12_9_6_18, auxf-impr from fMLLR is 0, over 111 frames.
WARNING (gmm-est-fmllr-gpost:Update():fmllr-diag-gmm.cc:162) Not updating fMLLR since below min-count: count is 120
LOG (gmm-est-fmllr-gpost:main():gmm-est-fmllr-gpost.cc:141) For speaker train_S12_9_6_20, auxf-impr from fMLLR is 0, over 120 frames.
WARNING (gmm-est-fmllr-gpost:Update():fmllr-diag-gmm.cc:162) Not updating fMLLR since below min-count: count is 127
LOG (gmm-est-fmllr-gpost:main():gmm-est-fmllr-gpost.cc:141) For speaker train_S12_9_7_12, auxf-impr from fMLLR is 0, over 127 frames.
WARNING (gmm-est-fmllr-gpost:Update():fmllr-diag-gmm.cc:162) Not updating fMLLR since below min-count: count is 129
LOG (gmm-est-fmllr-gpost:main():gmm-est-fmllr-gpost.cc:141) For speaker train_S12_9_7_14, auxf-impr from fMLLR is 0, over 129 frames.
WARNING (gmm-est-fmllr-gpost:Update():fmllr-diag-gmm.cc:162) Not updating fMLLR since below min-count: count is 125
LOG (gmm-est-fmllr-gpost:main():gmm-est-fmllr-gpost.cc:141) For speaker train_S12_9_7_16, auxf-impr from fMLLR is 0, over 125 frames.
WARNING (gmm-est-fmllr-gpost:Update():fmllr-diag-gmm.cc:162) Not updating fMLLR since below min-count: count is 111
LOG (gmm-est-fmllr-gpost:main():gmm-est-fmllr-gpost.cc:141) For speaker train_S12_9_7_18, auxf-impr from fMLLR is 0, over 111 frames.
WARNING (gmm-est-fmllr-gpost:Update():fmllr-diag-gmm.cc:162) Not updating fMLLR since below min-count: count is 120
LOG (gmm-est-fmllr-gpost:main():gmm-est-fmllr-gpost.cc:141) For speaker train_S12_9_7_20, auxf-impr from fMLLR is 0, over 120 frames.
WARNING (gmm-est-fmllr-gpost:Update():fmllr-diag-gmm.cc:162) Not updating fMLLR since below min-count: count is 324
LOG (gmm-est-fmllr-gpost:main():gmm-est-fmllr-gpost.cc:141) For speaker train_S13_10_1_12, auxf-impr from fMLLR is 0, over 324 frames.
WARNING (gmm-est-fmllr-gpost:Update():fmllr-diag-gmm.cc:162) Not updating fMLLR since below min-count: count is 318
LOG (gmm-est-fmllr-gpost:main():gmm-est-fmllr-gpost.cc:141) For speaker train_S13_10_1_14, auxf-impr from fMLLR is 0, over 318 frames.
WARNING (gmm-est-fmllr-gpost:Update():fmllr-diag-gmm.cc:162) Not updating fMLLR since below min-count: count is 330
LOG (gmm-est-fmllr-gpost:main():gmm-est-fmllr-gpost.cc:141) For speaker train_S13_10_1_16, auxf-impr from fMLLR is 0, over 330 frames.
WARNING (gmm-est-fmllr-gpost:Update():fmllr-diag-gmm.cc:162) Not updating fMLLR since below min-count: count is 292
LOG (gmm-est-fmllr-gpost:main():gmm-est-fmllr-gpost.cc:141) For speaker train_S13_10_1_18, auxf-impr from fMLLR is 0, over 292 frames.
WARNING (gmm-est-fmllr-gpost:Update():fmllr-diag-gmm.cc:162) Not updating fMLLR since below min-count: count is 315
LOG (gmm-est-fmllr-gpost:main():gmm-est-fmllr-gpost.cc:141) For speaker train_S13_10_1_20, auxf-impr from fMLLR is 0, over 315 frames.
WARNING (gmm-est-fmllr-gpost:Update():fmllr-diag-gmm.cc:162) Not updating fMLLR since below min-count: count is 324
LOG (gmm-est-fmllr-gpost:main():gmm-est-fmllr-gpost.cc:141) For speaker train_S13_10_2_12, auxf-impr from fMLLR is 0, over 324 frames.
WARNING (gmm-est-fmllr-gpost:Update():fmllr-diag-gmm.cc:162) Not updating fMLLR since below min-count: count is 318
LOG (gmm-est-fmllr-gpost:main():gmm-est-fmllr-gpost.cc:141) For speaker train_S13_10_2_14, auxf-impr from fMLLR is 0, over 318 frames.
WARNING (gmm-est-fmllr-gpost:Update():fmllr-diag-gmm.cc:162) Not updating fMLLR since below min-count: count is 330
LOG (gmm-est-fmllr-gpost:main():gmm-est-fmllr-gpost.cc:141) For speaker train_S13_10_2_16, auxf-impr from fMLLR is 0, over 330 frames.
WARNING (gmm-est-fmllr-gpost:Update():fmllr-diag-gmm.cc:162) Not updating fMLLR since below min-count: count is 292
LOG (gmm-est-fmllr-gpost:main():gmm-est-fmllr-gpost.cc:141) For speaker train_S13_10_2_18, auxf-impr from fMLLR is 0, over 292 frames.
WARNING (gmm-est-fmllr-gpost:Update():fmllr-diag-gmm.cc:162) Not updating fMLLR since below min-count: count is 315
LOG (gmm-est-fmllr-gpost:main():gmm-est-fmllr-gpost.cc:141) For speaker train_S13_10_2_20, auxf-impr from fMLLR is 0, over 315 frames.
WARNING (gmm-est-fmllr-gpost:Update():fmllr-diag-gmm.cc:162) Not updating fMLLR since below min-count: count is 324
LOG (gmm-est-fmllr-gpost:main():gmm-est-fmllr-gpost.cc:141) For speaker train_S13_10_3_12, auxf-impr from fMLLR is 0, over 324 frames.
WARNING (gmm-est-fmllr-gpost:Update():fmllr-diag-gmm.cc:162) Not updating fMLLR since below min-count: count is 318
LOG (gmm-est-fmllr-gpost:main():gmm-est-fmllr-gpost.cc:141) For speaker train_S13_10_3_14, auxf-impr from fMLLR is 0, over 318 frames.
WARNING (gmm-est-fmllr-gpost:Update():fmllr-diag-gmm.cc:162) Not updating fMLLR since below min-count: count is 330
LOG (gmm-est-fmllr-gpost:main():gmm-est-fmllr-gpost.cc:141) For speaker train_S13_10_3_16, auxf-impr from fMLLR is 0, over 330 frames.
WARNING (gmm-est-fmllr-gpost:Update():fmllr-diag-gmm.cc:162) Not updating fMLLR since below min-count: count is 292
LOG (gmm-est-fmllr-gpost:main():gmm-est-fmllr-gpost.cc:141) For speaker train_S13_10_3_18, auxf-impr from fMLLR is 0, over 292 frames.
WARNING (gmm-est-fmllr-gpost:Update():fmllr-diag-gmm.cc:162) Not updating fMLLR since below min-count: count is 315
LOG (gmm-est-fmllr-gpost:main():gmm-est-fmllr-gpost.cc:141) For speaker train_S13_10_3_20, auxf-impr from fMLLR is 0, over 315 frames.
WARNING (gmm-est-fmllr-gpost:Update():fmllr-diag-gmm.cc:162) Not updating fMLLR since below min-count: count is 324
LOG (gmm-est-fmllr-gpost:main():gmm-est-fmllr-gpost.cc:141) For speaker train_S13_10_4_12, auxf-impr from fMLLR is 0, over 324 frames.
WARNING (gmm-est-fmllr-gpost:Update():fmllr-diag-gmm.cc:162) Not updating fMLLR since below min-count: count is 321
LOG (gmm-est-fmllr-gpost:main():gmm-est-fmllr-gpost.cc:141) For speaker train_S13_10_4_14, auxf-impr from fMLLR is 0, over 321 frames.
WARNING (gmm-est-fmllr-gpost:Update():fmllr-diag-gmm.cc:162) Not updating fMLLR since below min-count: count is 330
LOG (gmm-est-fmllr-gpost:main():gmm-est-fmllr-gpost.cc:141) For speaker train_S13_10_4_16, auxf-impr from fMLLR is 0, over 330 frames.
WARNING (gmm-est-fmllr-gpost:Update():fmllr-diag-gmm.cc:162) Not updating fMLLR since below min-count: count is 292
LOG (gmm-est-fmllr-gpost:main():gmm-est-fmllr-gpost.cc:141) For speaker train_S13_10_4_18, auxf-impr from fMLLR is 0, over 292 frames.
WARNING (gmm-est-fmllr-gpost:Update():fmllr-diag-gmm.cc:162) Not updating fMLLR since below min-count: count is 315
LOG (gmm-est-fmllr-gpost:main():gmm-est-fmllr-gpost.cc:141) For speaker train_S13_10_4_20, auxf-impr from fMLLR is 0, over 315 frames.
WARNING (gmm-est-fmllr-gpost:Update():fmllr-diag-gmm.cc:162) Not updating fMLLR since below min-count: count is 324
LOG (gmm-est-fmllr-gpost:main():gmm-est-fmllr-gpost.cc:141) For speaker train_S13_10_5_12, auxf-impr from fMLLR is 0, over 324 frames.
WARNING (gmm-est-fmllr-gpost:Update():fmllr-diag-gmm.cc:162) Not updating fMLLR since below min-count: count is 321
LOG (gmm-est-fmllr-gpost:main():gmm-est-fmllr-gpost.cc:141) For speaker train_S13_10_5_14, auxf-impr from fMLLR is 0, over 321 frames.
WARNING (gmm-est-fmllr-gpost:Update():fmllr-diag-gmm.cc:162) Not updating fMLLR since below min-count: count is 329
LOG (gmm-est-fmllr-gpost:main():gmm-est-fmllr-gpost.cc:141) For speaker train_S13_10_5_16, auxf-impr from fMLLR is 0, over 329 frames.
WARNING (gmm-est-fmllr-gpost:Update():fmllr-diag-gmm.cc:162) Not updating fMLLR since below min-count: count is 292
LOG (gmm-est-fmllr-gpost:main():gmm-est-fmllr-gpost.cc:141) For speaker train_S13_10_5_18, auxf-impr from fMLLR is 0, over 292 frames.
WARNING (gmm-est-fmllr-gpost:Update():fmllr-diag-gmm.cc:162) Not updating fMLLR since below min-count: count is 315
LOG (gmm-est-fmllr-gpost:main():gmm-est-fmllr-gpost.cc:141) For speaker train_S13_10_5_20, auxf-impr from fMLLR is 0, over 315 frames.
WARNING (gmm-est-fmllr-gpost:Update():fmllr-diag-gmm.cc:162) Not updating fMLLR since below min-count: count is 324
LOG (gmm-est-fmllr-gpost:main():gmm-est-fmllr-gpost.cc:141) For speaker train_S13_10_6_12, auxf-impr from fMLLR is 0, over 324 frames.
WARNING (gmm-est-fmllr-gpost:Update():fmllr-diag-gmm.cc:162) Not updating fMLLR since below min-count: count is 321
LOG (gmm-est-fmllr-gpost:main():gmm-est-fmllr-gpost.cc:141) For speaker train_S13_10_6_14, auxf-impr from fMLLR is 0, over 321 frames.
WARNING (gmm-est-fmllr-gpost:Update():fmllr-diag-gmm.cc:162) Not updating fMLLR since below min-count: count is 329
LOG (gmm-est-fmllr-gpost:main():gmm-est-fmllr-gpost.cc:141) For speaker train_S13_10_6_16, auxf-impr from fMLLR is 0, over 329 frames.
WARNING (gmm-est-fmllr-gpost:Update():fmllr-diag-gmm.cc:162) Not updating fMLLR since below min-count: count is 292
LOG (gmm-est-fmllr-gpost:main():gmm-est-fmllr-gpost.cc:141) For speaker train_S13_10_6_18, auxf-impr from fMLLR is 0, over 292 frames.
WARNING (gmm-est-fmllr-gpost:Update():fmllr-diag-gmm.cc:162) Not updating fMLLR since below min-count: count is 314
LOG (gmm-est-fmllr-gpost:main():gmm-est-fmllr-gpost.cc:141) For speaker train_S13_10_6_20, auxf-impr from fMLLR is 0, over 314 frames.
WARNING (gmm-est-fmllr-gpost:Update():fmllr-diag-gmm.cc:162) Not updating fMLLR since below min-count: count is 324
LOG (gmm-est-fmllr-gpost:main():gmm-est-fmllr-gpost.cc:141) For speaker train_S13_10_7_12, auxf-impr from fMLLR is 0, over 324 frames.
WARNING (gmm-est-fmllr-gpost:Update():fmllr-diag-gmm.cc:162) Not updating fMLLR since below min-count: count is 321
LOG (gmm-est-fmllr-gpost:main():gmm-est-fmllr-gpost.cc:141) For speaker train_S13_10_7_14, auxf-impr from fMLLR is 0, over 321 frames.
WARNING (gmm-est-fmllr-gpost:Update():fmllr-diag-gmm.cc:162) Not updating fMLLR since below min-count: count is 328
LOG (gmm-est-fmllr-gpost:main():gmm-est-fmllr-gpost.cc:141) For speaker train_S13_10_7_16, auxf-impr from fMLLR is 0, over 328 frames.
WARNING (gmm-est-fmllr-gpost:Update():fmllr-diag-gmm.cc:162) Not updating fMLLR since below min-count: count is 292
LOG (gmm-est-fmllr-gpost:main():gmm-est-fmllr-gpost.cc:141) For speaker train_S13_10_7_18, auxf-impr from fMLLR is 0, over 292 frames.
WARNING (gmm-est-fmllr-gpost:Update():fmllr-diag-gmm.cc:162) Not updating fMLLR since below min-count: count is 314
LOG (gmm-est-fmllr-gpost:main():gmm-est-fmllr-gpost.cc:141) For speaker train_S13_10_7_20, auxf-impr from fMLLR is 0, over 314 frames.
WARNING (gmm-est-fmllr-gpost:Update():fmllr-diag-gmm.cc:162) Not updating fMLLR since below min-count: count is 370
LOG (gmm-est-fmllr-gpost:main():gmm-est-fmllr-gpost.cc:141) For speaker train_S13_11_1_12, auxf-impr from fMLLR is 0, over 370 frames.
WARNING (gmm-est-fmllr-gpost:Update():fmllr-diag-gmm.cc:162) Not updating fMLLR since below min-count: count is 363
LOG (gmm-est-fmllr-gpost:main():gmm-est-fmllr-gpost.cc:141) For speaker train_S13_11_1_14, auxf-impr from fMLLR is 0, over 363 frames.
WARNING (gmm-est-fmllr-gpost:Update():fmllr-diag-gmm.cc:162) Not updating fMLLR since below min-count: count is 370
LOG (gmm-est-fmllr-gpost:main():gmm-est-fmllr-gpost.cc:141) For speaker train_S13_11_1_16, auxf-impr from fMLLR is 0, over 370 frames.
WARNING (gmm-est-fmllr-gpost:Update():fmllr-diag-gmm.cc:162) Not updating fMLLR since below min-count: count is 329
LOG (gmm-est-fmllr-gpost:main():gmm-est-fmllr-gpost.cc:141) For speaker train_S13_11_1_18, auxf-impr from fMLLR is 0, over 329 frames.
WARNING (gmm-est-fmllr-gpost:Update():fmllr-diag-gmm.cc:162) Not updating fMLLR since below min-count: count is 354
LOG (gmm-est-fmllr-gpost:main():gmm-est-fmllr-gpost.cc:141) For speaker train_S13_11_1_20, auxf-impr from fMLLR is 0, over 354 frames.
WARNING (gmm-est-fmllr-gpost:Update():fmllr-diag-gmm.cc:162) Not updating fMLLR since below min-count: count is 370
LOG (gmm-est-fmllr-gpost:main():gmm-est-fmllr-gpost.cc:141) For speaker train_S13_11_2_12, auxf-impr from fMLLR is 0, over 370 frames.
WARNING (gmm-est-fmllr-gpost:Update():fmllr-diag-gmm.cc:162) Not updating fMLLR since below min-count: count is 363
LOG (gmm-est-fmllr-gpost:main():gmm-est-fmllr-gpost.cc:141) For speaker train_S13_11_2_14, auxf-impr from fMLLR is 0, over 363 frames.
WARNING (gmm-est-fmllr-gpost:Update():fmllr-diag-gmm.cc:162) Not updating fMLLR since below min-count: count is 370
LOG (gmm-est-fmllr-gpost:main():gmm-est-fmllr-gpost.cc:141) For speaker train_S13_11_2_16, auxf-impr from fMLLR is 0, over 370 frames.
WARNING (gmm-est-fmllr-gpost:Update():fmllr-diag-gmm.cc:162) Not updating fMLLR since below min-count: count is 329
LOG (gmm-est-fmllr-gpost:main():gmm-est-fmllr-gpost.cc:141) For speaker train_S13_11_2_18, auxf-impr from fMLLR is 0, over 329 frames.
WARNING (gmm-est-fmllr-gpost:Update():fmllr-diag-gmm.cc:162) Not updating fMLLR since below min-count: count is 354
LOG (gmm-est-fmllr-gpost:main():gmm-est-fmllr-gpost.cc:141) For speaker train_S13_11_2_20, auxf-impr from fMLLR is 0, over 354 frames.
WARNING (gmm-est-fmllr-gpost:Update():fmllr-diag-gmm.cc:162) Not updating fMLLR since below min-count: count is 370
LOG (gmm-est-fmllr-gpost:main():gmm-est-fmllr-gpost.cc:141) For speaker train_S13_11_3_12, auxf-impr from fMLLR is 0, over 370 frames.
WARNING (gmm-est-fmllr-gpost:Update():fmllr-diag-gmm.cc:162) Not updating fMLLR since below min-count: count is 363
LOG (gmm-est-fmllr-gpost:main():gmm-est-fmllr-gpost.cc:141) For speaker train_S13_11_3_14, auxf-impr from fMLLR is 0, over 363 frames.
WARNING (gmm-est-fmllr-gpost:Update():fmllr-diag-gmm.cc:162) Not updating fMLLR since below min-count: count is 370
LOG (gmm-est-fmllr-gpost:main():gmm-est-fmllr-gpost.cc:141) For speaker train_S13_11_3_16, auxf-impr from fMLLR is 0, over 370 frames.
WARNING (gmm-est-fmllr-gpost:Update():fmllr-diag-gmm.cc:162) Not updating fMLLR since below min-count: count is 329
LOG (gmm-est-fmllr-gpost:main():gmm-est-fmllr-gpost.cc:141) For speaker train_S13_11_3_18, auxf-impr from fMLLR is 0, over 329 frames.
WARNING (gmm-est-fmllr-gpost:Update():fmllr-diag-gmm.cc:162) Not updating fMLLR since below min-count: count is 354
LOG (gmm-est-fmllr-gpost:main():gmm-est-fmllr-gpost.cc:141) For speaker train_S13_11_3_20, auxf-impr from fMLLR is 0, over 354 frames.
WARNING (gmm-est-fmllr-gpost:Update():fmllr-diag-gmm.cc:162) Not updating fMLLR since below min-count: count is 370
LOG (gmm-est-fmllr-gpost:main():gmm-est-fmllr-gpost.cc:141) For speaker train_S13_11_4_12, auxf-impr from fMLLR is 0, over 370 frames.
WARNING (gmm-est-fmllr-gpost:Update():fmllr-diag-gmm.cc:162) Not updating fMLLR since below min-count: count is 363
LOG (gmm-est-fmllr-gpost:main():gmm-est-fmllr-gpost.cc:141) For speaker train_S13_11_4_14, auxf-impr from fMLLR is 0, over 363 frames.
WARNING (gmm-est-fmllr-gpost:Update():fmllr-diag-gmm.cc:162) Not updating fMLLR since below min-count: count is 370
LOG (gmm-est-fmllr-gpost:main():gmm-est-fmllr-gpost.cc:141) For speaker train_S13_11_4_16, auxf-impr from fMLLR is 0, over 370 frames.
WARNING (gmm-est-fmllr-gpost:Update():fmllr-diag-gmm.cc:162) Not updating fMLLR since below min-count: count is 329
LOG (gmm-est-fmllr-gpost:main():gmm-est-fmllr-gpost.cc:141) For speaker train_S13_11_4_18, auxf-impr from fMLLR is 0, over 329 frames.
WARNING (gmm-est-fmllr-gpost:Update():fmllr-diag-gmm.cc:162) Not updating fMLLR since below min-count: count is 354
LOG (gmm-est-fmllr-gpost:main():gmm-est-fmllr-gpost.cc:141) For speaker train_S13_11_4_20, auxf-impr from fMLLR is 0, over 354 frames.
WARNING (gmm-est-fmllr-gpost:Update():fmllr-diag-gmm.cc:162) Not updating fMLLR since below min-count: count is 370
LOG (gmm-est-fmllr-gpost:main():gmm-est-fmllr-gpost.cc:141) For speaker train_S13_11_5_12, auxf-impr from fMLLR is 0, over 370 frames.
WARNING (gmm-est-fmllr-gpost:Update():fmllr-diag-gmm.cc:162) Not updating fMLLR since below min-count: count is 363
LOG (gmm-est-fmllr-gpost:main():gmm-est-fmllr-gpost.cc:141) For speaker train_S13_11_5_14, auxf-impr from fMLLR is 0, over 363 frames.
WARNING (gmm-est-fmllr-gpost:Update():fmllr-diag-gmm.cc:162) Not updating fMLLR since below min-count: count is 370
LOG (gmm-est-fmllr-gpost:main():gmm-est-fmllr-gpost.cc:141) For speaker train_S13_11_5_16, auxf-impr from fMLLR is 0, over 370 frames.
WARNING (gmm-est-fmllr-gpost:Update():fmllr-diag-gmm.cc:162) Not updating fMLLR since below min-count: count is 329
LOG (gmm-est-fmllr-gpost:main():gmm-est-fmllr-gpost.cc:141) For speaker train_S13_11_5_18, auxf-impr from fMLLR is 0, over 329 frames.
WARNING (gmm-est-fmllr-gpost:Update():fmllr-diag-gmm.cc:162) Not updating fMLLR since below min-count: count is 354
LOG (gmm-est-fmllr-gpost:main():gmm-est-fmllr-gpost.cc:141) For speaker train_S13_11_5_20, auxf-impr from fMLLR is 0, over 354 frames.
WARNING (gmm-est-fmllr-gpost:Update():fmllr-diag-gmm.cc:162) Not updating fMLLR since below min-count: count is 370
LOG (gmm-est-fmllr-gpost:main():gmm-est-fmllr-gpost.cc:141) For speaker train_S13_11_6_12, auxf-impr from fMLLR is 0, over 370 frames.
WARNING (gmm-est-fmllr-gpost:Update():fmllr-diag-gmm.cc:162) Not updating fMLLR since below min-count: count is 363
LOG (gmm-est-fmllr-gpost:main():gmm-est-fmllr-gpost.cc:141) For speaker train_S13_11_6_14, auxf-impr from fMLLR is 0, over 363 frames.
WARNING (gmm-est-fmllr-gpost:Update():fmllr-diag-gmm.cc:162) Not updating fMLLR since below min-count: count is 370
LOG (gmm-est-fmllr-gpost:main():gmm-est-fmllr-gpost.cc:141) For speaker train_S13_11_6_16, auxf-impr from fMLLR is 0, over 370 frames.
WARNING (gmm-est-fmllr-gpost:Update():fmllr-diag-gmm.cc:162) Not updating fMLLR since below min-count: count is 329
LOG (gmm-est-fmllr-gpost:main():gmm-est-fmllr-gpost.cc:141) For speaker train_S13_11_6_18, auxf-impr from fMLLR is 0, over 329 frames.
WARNING (gmm-est-fmllr-gpost:Update():fmllr-diag-gmm.cc:162) Not updating fMLLR since below min-count: count is 354
LOG (gmm-est-fmllr-gpost:main():gmm-est-fmllr-gpost.cc:141) For speaker train_S13_11_6_20, auxf-impr from fMLLR is 0, over 354 frames.
WARNING (gmm-est-fmllr-gpost:Update():fmllr-diag-gmm.cc:162) Not updating fMLLR since below min-count: count is 370
LOG (gmm-est-fmllr-gpost:main():gmm-est-fmllr-gpost.cc:141) For speaker train_S13_11_7_12, auxf-impr from fMLLR is 0, over 370 frames.
WARNING (gmm-est-fmllr-gpost:Update():fmllr-diag-gmm.cc:162) Not updating fMLLR since below min-count: count is 363
LOG (gmm-est-fmllr-gpost:main():gmm-est-fmllr-gpost.cc:141) For speaker train_S13_11_7_14, auxf-impr from fMLLR is 0, over 363 frames.
WARNING (gmm-est-fmllr-gpost:Update():fmllr-diag-gmm.cc:162) Not updating fMLLR since below min-count: count is 370
LOG (gmm-est-fmllr-gpost:main():gmm-est-fmllr-gpost.cc:141) For speaker train_S13_11_7_16, auxf-impr from fMLLR is 0, over 370 frames.
WARNING (gmm-est-fmllr-gpost:Update():fmllr-diag-gmm.cc:162) Not updating fMLLR since below min-count: count is 329
LOG (gmm-est-fmllr-gpost:main():gmm-est-fmllr-gpost.cc:141) For speaker train_S13_11_7_18, auxf-impr from fMLLR is 0, over 329 frames.
WARNING (gmm-est-fmllr-gpost:Update():fmllr-diag-gmm.cc:162) Not updating fMLLR since below min-count: count is 354
LOG (gmm-est-fmllr-gpost:main():gmm-est-fmllr-gpost.cc:141) For speaker train_S13_11_7_20, auxf-impr from fMLLR is 0, over 354 frames.
WARNING (gmm-est-fmllr-gpost:Update():fmllr-diag-gmm.cc:162) Not updating fMLLR since below min-count: count is 177
LOG (gmm-est-fmllr-gpost:main():gmm-est-fmllr-gpost.cc:141) For speaker train_S13_12_1_12, auxf-impr from fMLLR is 0, over 177 frames.
WARNING (gmm-est-fmllr-gpost:Update():fmllr-diag-gmm.cc:162) Not updating fMLLR since below min-count: count is 175
LOG (gmm-est-fmllr-gpost:main():gmm-est-fmllr-gpost.cc:141) For speaker train_S13_12_1_14, auxf-impr from fMLLR is 0, over 175 frames.
LOG (ali-to-post:main():ali-to-post.cc:65) Converted 275 alignments.
WARNING (gmm-est-fmllr-gpost:Update():fmllr-diag-gmm.cc:162) Not updating fMLLR since below min-count: count is 178
LOG (gmm-est-fmllr-gpost:main():gmm-est-fmllr-gpost.cc:141) For speaker train_S13_12_1_16, auxf-impr from fMLLR is 0, over 178 frames.
WARNING (gmm-est-fmllr-gpost:Update():fmllr-diag-gmm.cc:162) Not updating fMLLR since below min-count: count is 158
LOG (gmm-est-fmllr-gpost:main():gmm-est-fmllr-gpost.cc:141) For speaker train_S13_12_1_18, auxf-impr from fMLLR is 0, over 158 frames.
WARNING (gmm-est-fmllr-gpost:Update():fmllr-diag-gmm.cc:162) Not updating fMLLR since below min-count: count is 170
LOG (gmm-est-fmllr-gpost:main():gmm-est-fmllr-gpost.cc:141) For speaker train_S13_12_1_20, auxf-impr from fMLLR is 0, over 170 frames.
WARNING (gmm-est-fmllr-gpost:Update():fmllr-diag-gmm.cc:162) Not updating fMLLR since below min-count: count is 178
LOG (gmm-est-fmllr-gpost:main():gmm-est-fmllr-gpost.cc:141) For speaker train_S13_12_2_12, auxf-impr from fMLLR is 0, over 178 frames.
WARNING (gmm-est-fmllr-gpost:Update():fmllr-diag-gmm.cc:162) Not updating fMLLR since below min-count: count is 175
LOG (gmm-est-fmllr-gpost:main():gmm-est-fmllr-gpost.cc:141) For speaker train_S13_12_2_14, auxf-impr from fMLLR is 0, over 175 frames.
WARNING (gmm-est-fmllr-gpost:Update():fmllr-diag-gmm.cc:162) Not updating fMLLR since below min-count: count is 178
LOG (gmm-est-fmllr-gpost:main():gmm-est-fmllr-gpost.cc:141) For speaker train_S13_12_2_16, auxf-impr from fMLLR is 0, over 178 frames.
WARNING (gmm-est-fmllr-gpost:Update():fmllr-diag-gmm.cc:162) Not updating fMLLR since below min-count: count is 158
LOG (gmm-est-fmllr-gpost:main():gmm-est-fmllr-gpost.cc:141) For speaker train_S13_12_2_18, auxf-impr from fMLLR is 0, over 158 frames.
WARNING (gmm-est-fmllr-gpost:Update():fmllr-diag-gmm.cc:162) Not updating fMLLR since below min-count: count is 170
LOG (gmm-est-fmllr-gpost:main():gmm-est-fmllr-gpost.cc:141) For speaker train_S13_12_2_20, auxf-impr from fMLLR is 0, over 170 frames.
WARNING (gmm-est-fmllr-gpost:Update():fmllr-diag-gmm.cc:162) Not updating fMLLR since below min-count: count is 178
LOG (gmm-est-fmllr-gpost:main():gmm-est-fmllr-gpost.cc:141) For speaker train_S13_12_3_12, auxf-impr from fMLLR is 0, over 178 frames.
WARNING (gmm-est-fmllr-gpost:Update():fmllr-diag-gmm.cc:162) Not updating fMLLR since below min-count: count is 175
LOG (gmm-est-fmllr-gpost:main():gmm-est-fmllr-gpost.cc:141) For speaker train_S13_12_3_14, auxf-impr from fMLLR is 0, over 175 frames.
WARNING (gmm-est-fmllr-gpost:Update():fmllr-diag-gmm.cc:162) Not updating fMLLR since below min-count: count is 178
LOG (gmm-est-fmllr-gpost:main():gmm-est-fmllr-gpost.cc:141) For speaker train_S13_12_3_16, auxf-impr from fMLLR is 0, over 178 frames.
WARNING (gmm-est-fmllr-gpost:Update():fmllr-diag-gmm.cc:162) Not updating fMLLR since below min-count: count is 158
LOG (gmm-est-fmllr-gpost:main():gmm-est-fmllr-gpost.cc:141) For speaker train_S13_12_3_18, auxf-impr from fMLLR is 0, over 158 frames.
WARNING (gmm-est-fmllr-gpost:Update():fmllr-diag-gmm.cc:162) Not updating fMLLR since below min-count: count is 170
LOG (gmm-est-fmllr-gpost:main():gmm-est-fmllr-gpost.cc:141) For speaker train_S13_12_3_20, auxf-impr from fMLLR is 0, over 170 frames.
WARNING (gmm-est-fmllr-gpost:Update():fmllr-diag-gmm.cc:162) Not updating fMLLR since below min-count: count is 178
LOG (gmm-est-fmllr-gpost:main():gmm-est-fmllr-gpost.cc:141) For speaker train_S13_12_4_12, auxf-impr from fMLLR is 0, over 178 frames.
WARNING (gmm-est-fmllr-gpost:Update():fmllr-diag-gmm.cc:162) Not updating fMLLR since below min-count: count is 175
LOG (gmm-est-fmllr-gpost:main():gmm-est-fmllr-gpost.cc:141) For speaker train_S13_12_4_14, auxf-impr from fMLLR is 0, over 175 frames.
WARNING (gmm-est-fmllr-gpost:Update():fmllr-diag-gmm.cc:162) Not updating fMLLR since below min-count: count is 178
LOG (gmm-est-fmllr-gpost:main():gmm-est-fmllr-gpost.cc:141) For speaker train_S13_12_4_16, auxf-impr from fMLLR is 0, over 178 frames.
WARNING (gmm-est-fmllr-gpost:Update():fmllr-diag-gmm.cc:162) Not updating fMLLR since below min-count: count is 158
LOG (gmm-est-fmllr-gpost:main():gmm-est-fmllr-gpost.cc:141) For speaker train_S13_12_4_18, auxf-impr from fMLLR is 0, over 158 frames.
WARNING (gmm-est-fmllr-gpost:Update():fmllr-diag-gmm.cc:162) Not updating fMLLR since below min-count: count is 170
LOG (gmm-est-fmllr-gpost:main():gmm-est-fmllr-gpost.cc:141) For speaker train_S13_12_4_20, auxf-impr from fMLLR is 0, over 170 frames.
WARNING (gmm-est-fmllr-gpost:Update():fmllr-diag-gmm.cc:162) Not updating fMLLR since below min-count: count is 177
LOG (gmm-est-fmllr-gpost:main():gmm-est-fmllr-gpost.cc:141) For speaker train_S13_12_5_12, auxf-impr from fMLLR is 0, over 177 frames.
LOG (weight-silence-post:main():weight-silence-post.cc:95) Done 275 posteriors.
WARNING (gmm-est-fmllr-gpost:Update():fmllr-diag-gmm.cc:162) Not updating fMLLR since below min-count: count is 175
LOG (gmm-est-fmllr-gpost:main():gmm-est-fmllr-gpost.cc:141) For speaker train_S13_12_5_14, auxf-impr from fMLLR is 0, over 175 frames.
WARNING (gmm-est-fmllr-gpost:Update():fmllr-diag-gmm.cc:162) Not updating fMLLR since below min-count: count is 178
LOG (gmm-est-fmllr-gpost:main():gmm-est-fmllr-gpost.cc:141) For speaker train_S13_12_5_16, auxf-impr from fMLLR is 0, over 178 frames.
WARNING (gmm-est-fmllr-gpost:Update():fmllr-diag-gmm.cc:162) Not updating fMLLR since below min-count: count is 158
LOG (gmm-est-fmllr-gpost:main():gmm-est-fmllr-gpost.cc:141) For speaker train_S13_12_5_18, auxf-impr from fMLLR is 0, over 158 frames.
WARNING (gmm-est-fmllr-gpost:Update():fmllr-diag-gmm.cc:162) Not updating fMLLR since below min-count: count is 170
LOG (gmm-est-fmllr-gpost:main():gmm-est-fmllr-gpost.cc:141) For speaker train_S13_12_5_20, auxf-impr from fMLLR is 0, over 170 frames.
WARNING (gmm-est-fmllr-gpost:Update():fmllr-diag-gmm.cc:162) Not updating fMLLR since below min-count: count is 177
LOG (gmm-est-fmllr-gpost:main():gmm-est-fmllr-gpost.cc:141) For speaker train_S13_12_6_12, auxf-impr from fMLLR is 0, over 177 frames.
WARNING (gmm-est-fmllr-gpost:Update():fmllr-diag-gmm.cc:162) Not updating fMLLR since below min-count: count is 175
LOG (gmm-est-fmllr-gpost:main():gmm-est-fmllr-gpost.cc:141) For speaker train_S13_12_6_14, auxf-impr from fMLLR is 0, over 175 frames.
WARNING (gmm-est-fmllr-gpost:Update():fmllr-diag-gmm.cc:162) Not updating fMLLR since below min-count: count is 178
LOG (gmm-est-fmllr-gpost:main():gmm-est-fmllr-gpost.cc:141) For speaker train_S13_12_6_16, auxf-impr from fMLLR is 0, over 178 frames.
WARNING (gmm-est-fmllr-gpost:Update():fmllr-diag-gmm.cc:162) Not updating fMLLR since below min-count: count is 158
LOG (gmm-est-fmllr-gpost:main():gmm-est-fmllr-gpost.cc:141) For speaker train_S13_12_6_18, auxf-impr from fMLLR is 0, over 158 frames.
WARNING (gmm-est-fmllr-gpost:Update():fmllr-diag-gmm.cc:162) Not updating fMLLR since below min-count: count is 170
LOG (gmm-est-fmllr-gpost:main():gmm-est-fmllr-gpost.cc:141) For speaker train_S13_12_6_20, auxf-impr from fMLLR is 0, over 170 frames.
LOG (apply-cmvn:main():apply-cmvn.cc:146) Applied cepstral mean normalization to 275 utterances, errors on 0
WARNING (gmm-est-fmllr-gpost:Update():fmllr-diag-gmm.cc:162) Not updating fMLLR since below min-count: count is 178
LOG (gmm-est-fmllr-gpost:main():gmm-est-fmllr-gpost.cc:141) For speaker train_S13_12_7_12, auxf-impr from fMLLR is 0, over 178 frames.
WARNING (gmm-est-fmllr-gpost:Update():fmllr-diag-gmm.cc:162) Not updating fMLLR since below min-count: count is 174
LOG (gmm-est-fmllr-gpost:main():gmm-est-fmllr-gpost.cc:141) For speaker train_S13_12_7_14, auxf-impr from fMLLR is 0, over 174 frames.
WARNING (gmm-est-fmllr-gpost:Update():fmllr-diag-gmm.cc:162) Not updating fMLLR since below min-count: count is 178
LOG (gmm-est-fmllr-gpost:main():gmm-est-fmllr-gpost.cc:141) For speaker train_S13_12_7_16, auxf-impr from fMLLR is 0, over 178 frames.
WARNING (gmm-est-fmllr-gpost:Update():fmllr-diag-gmm.cc:162) Not updating fMLLR since below min-count: count is 158
LOG (gmm-est-fmllr-gpost:main():gmm-est-fmllr-gpost.cc:141) For speaker train_S13_12_7_18, auxf-impr from fMLLR is 0, over 158 frames.
WARNING (gmm-est-fmllr-gpost:Update():fmllr-diag-gmm.cc:162) Not updating fMLLR since below min-count: count is 170
LOG (gmm-est-fmllr-gpost:main():gmm-est-fmllr-gpost.cc:141) For speaker train_S13_12_7_20, auxf-impr from fMLLR is 0, over 170 frames.
WARNING (gmm-est-fmllr-gpost:Update():fmllr-diag-gmm.cc:162) Not updating fMLLR since below min-count: count is 213
LOG (gmm-est-fmllr-gpost:main():gmm-est-fmllr-gpost.cc:141) For speaker train_S13_13_1_12, auxf-impr from fMLLR is 0, over 213 frames.
WARNING (gmm-est-fmllr-gpost:Update():fmllr-diag-gmm.cc:162) Not updating fMLLR since below min-count: count is 211
LOG (gmm-est-fmllr-gpost:main():gmm-est-fmllr-gpost.cc:141) For speaker train_S13_13_1_14, auxf-impr from fMLLR is 0, over 211 frames.
WARNING (gmm-est-fmllr-gpost:Update():fmllr-diag-gmm.cc:162) Not updating fMLLR since below min-count: count is 216
LOG (gmm-est-fmllr-gpost:main():gmm-est-fmllr-gpost.cc:141) For speaker train_S13_13_1_16, auxf-impr from fMLLR is 0, over 216 frames.
LOG (gmm-post-to-gpost:main():gmm-post-to-gpost.cc:124) Done 275 files, 0 with no posteriors, 0 with other errors.
LOG (gmm-post-to-gpost:main():gmm-post-to-gpost.cc:128) Overall avg like per frame (Gaussian only) = -87.1434 over 51776 frames.
LOG (gmm-post-to-gpost:main():gmm-post-to-gpost.cc:131) Done converting post to gpost
WARNING (gmm-est-fmllr-gpost:Update():fmllr-diag-gmm.cc:162) Not updating fMLLR since below min-count: count is 192
LOG (gmm-est-fmllr-gpost:main():gmm-est-fmllr-gpost.cc:141) For speaker train_S13_13_1_18, auxf-impr from fMLLR is 0, over 192 frames.
LOG (apply-cmvn:main():apply-cmvn.cc:146) Applied cepstral mean normalization to 275 utterances, errors on 0
WARNING (gmm-est-fmllr-gpost:Update():fmllr-diag-gmm.cc:162) Not updating fMLLR since below min-count: count is 206
LOG (gmm-est-fmllr-gpost:main():gmm-est-fmllr-gpost.cc:141) For speaker train_S13_13_1_20, auxf-impr from fMLLR is 0, over 206 frames.
WARNING (gmm-est-fmllr-gpost:Update():fmllr-diag-gmm.cc:162) Not updating fMLLR since below min-count: count is 216
LOG (gmm-est-fmllr-gpost:main():gmm-est-fmllr-gpost.cc:141) For speaker train_S13_13_2_12, auxf-impr from fMLLR is 0, over 216 frames.
WARNING (gmm-est-fmllr-gpost:Update():fmllr-diag-gmm.cc:162) Not updating fMLLR since below min-count: count is 211
LOG (gmm-est-fmllr-gpost:main():gmm-est-fmllr-gpost.cc:141) For speaker train_S13_13_2_14, auxf-impr from fMLLR is 0, over 211 frames.
WARNING (gmm-est-fmllr-gpost:Update():fmllr-diag-gmm.cc:162) Not updating fMLLR since below min-count: count is 216
LOG (gmm-est-fmllr-gpost:main():gmm-est-fmllr-gpost.cc:141) For speaker train_S13_13_2_16, auxf-impr from fMLLR is 0, over 216 frames.
WARNING (gmm-est-fmllr-gpost:Update():fmllr-diag-gmm.cc:162) Not updating fMLLR since below min-count: count is 192
LOG (gmm-est-fmllr-gpost:main():gmm-est-fmllr-gpost.cc:141) For speaker train_S13_13_2_18, auxf-impr from fMLLR is 0, over 192 frames.
WARNING (gmm-est-fmllr-gpost:Update():fmllr-diag-gmm.cc:162) Not updating fMLLR since below min-count: count is 206
LOG (gmm-est-fmllr-gpost:main():gmm-est-fmllr-gpost.cc:141) For speaker train_S13_13_2_20, auxf-impr from fMLLR is 0, over 206 frames.
WARNING (gmm-est-fmllr-gpost:Update():fmllr-diag-gmm.cc:162) Not updating fMLLR since below min-count: count is 213
LOG (gmm-est-fmllr-gpost:main():gmm-est-fmllr-gpost.cc:141) For speaker train_S13_13_3_12, auxf-impr from fMLLR is 0, over 213 frames.
WARNING (gmm-est-fmllr-gpost:Update():fmllr-diag-gmm.cc:162) Not updating fMLLR since below min-count: count is 211
LOG (gmm-est-fmllr-gpost:main():gmm-est-fmllr-gpost.cc:141) For speaker train_S13_13_3_14, auxf-impr from fMLLR is 0, over 211 frames.
LOG (gmm-est-fmllr-gpost:main():gmm-est-fmllr-gpost.cc:186) Done 275 files, 0 with no gposts, 0 with other errors.
LOG (gmm-est-fmllr-gpost:main():gmm-est-fmllr-gpost.cc:188) Overall fMLLR auxf impr per frame is 0 over 51776 frames.
# Accounting: time=3 threads=1
# Ended (code 0) at Wed Feb 26 15:30:07 IST 2020, elapsed time 3 seconds
