# ali-to-post "ark:gunzip -c exp/mono2_ali/pre_ali.23.gz|" ark:- | weight-silence-post 0.0 1 exp/mono2/final.alimdl ark:- ark:- | gmm-post-to-gpost exp/mono2/final.alimdl "ark,s,cs:apply-cmvn  --utt2spk=ark:data/train/split30/23/utt2spk scp:data/train/split30/23/cmvn.scp scp:data/train/split30/23/feats.scp ark:- | add-deltas  ark:- ark:- |" ark:- ark:- | gmm-est-fmllr-gpost --fmllr-update-type=full --spk2utt=ark:data/train/split30/23/spk2utt exp/mono2/final.mdl "ark,s,cs:apply-cmvn  --utt2spk=ark:data/train/split30/23/utt2spk scp:data/train/split30/23/cmvn.scp scp:data/train/split30/23/feats.scp ark:- | add-deltas  ark:- ark:- |" ark,s,cs:- ark:exp/mono2_ali/trans.23 
# Started at Mon Feb 10 15:33:44 IST 2020
#
ali-to-post 'ark:gunzip -c exp/mono2_ali/pre_ali.23.gz|' ark:- 
gmm-est-fmllr-gpost --fmllr-update-type=full --spk2utt=ark:data/train/split30/23/spk2utt exp/mono2/final.mdl 'ark,s,cs:apply-cmvn  --utt2spk=ark:data/train/split30/23/utt2spk scp:data/train/split30/23/cmvn.scp scp:data/train/split30/23/feats.scp ark:- | add-deltas  ark:- ark:- |' ark,s,cs:- ark:exp/mono2_ali/trans.23 
gmm-post-to-gpost exp/mono2/final.alimdl 'ark,s,cs:apply-cmvn  --utt2spk=ark:data/train/split30/23/utt2spk scp:data/train/split30/23/cmvn.scp scp:data/train/split30/23/feats.scp ark:- | add-deltas  ark:- ark:- |' ark:- ark:- 
weight-silence-post 0.0 1 exp/mono2/final.alimdl ark:- ark:- 
add-deltas ark:- ark:- 
apply-cmvn --utt2spk=ark:data/train/split30/23/utt2spk scp:data/train/split30/23/cmvn.scp scp:data/train/split30/23/feats.scp ark:- 
apply-cmvn --utt2spk=ark:data/train/split30/23/utt2spk scp:data/train/split30/23/cmvn.scp scp:data/train/split30/23/feats.scp ark:- 
add-deltas ark:- ark:- 
WARNING (gmm-est-fmllr-gpost:Update():fmllr-diag-gmm.cc:162) Not updating fMLLR since below min-count: count is 77
LOG (gmm-est-fmllr-gpost:main():gmm-est-fmllr-gpost.cc:141) For speaker train_S4_11_2_16, auxf-impr from fMLLR is 0, over 77 frames.
WARNING (gmm-est-fmllr-gpost:Update():fmllr-diag-gmm.cc:162) Not updating fMLLR since below min-count: count is 69
LOG (gmm-est-fmllr-gpost:main():gmm-est-fmllr-gpost.cc:141) For speaker train_S4_11_2_18, auxf-impr from fMLLR is 0, over 69 frames.
WARNING (gmm-est-fmllr-gpost:Update():fmllr-diag-gmm.cc:162) Not updating fMLLR since below min-count: count is 73
LOG (gmm-est-fmllr-gpost:main():gmm-est-fmllr-gpost.cc:141) For speaker train_S4_11_2_20, auxf-impr from fMLLR is 0, over 73 frames.
WARNING (gmm-est-fmllr-gpost:Update():fmllr-diag-gmm.cc:162) Not updating fMLLR since below min-count: count is 77
LOG (gmm-est-fmllr-gpost:main():gmm-est-fmllr-gpost.cc:141) For speaker train_S4_11_3_12, auxf-impr from fMLLR is 0, over 77 frames.
WARNING (gmm-est-fmllr-gpost:Update():fmllr-diag-gmm.cc:162) Not updating fMLLR since below min-count: count is 75
LOG (gmm-est-fmllr-gpost:main():gmm-est-fmllr-gpost.cc:141) For speaker train_S4_11_3_14, auxf-impr from fMLLR is 0, over 75 frames.
WARNING (gmm-est-fmllr-gpost:Update():fmllr-diag-gmm.cc:162) Not updating fMLLR since below min-count: count is 76
LOG (gmm-est-fmllr-gpost:main():gmm-est-fmllr-gpost.cc:141) For speaker train_S4_11_3_16, auxf-impr from fMLLR is 0, over 76 frames.
WARNING (gmm-est-fmllr-gpost:Update():fmllr-diag-gmm.cc:162) Not updating fMLLR since below min-count: count is 69
LOG (gmm-est-fmllr-gpost:main():gmm-est-fmllr-gpost.cc:141) For speaker train_S4_11_3_18, auxf-impr from fMLLR is 0, over 69 frames.
WARNING (gmm-est-fmllr-gpost:Update():fmllr-diag-gmm.cc:162) Not updating fMLLR since below min-count: count is 73
LOG (gmm-est-fmllr-gpost:main():gmm-est-fmllr-gpost.cc:141) For speaker train_S4_11_3_20, auxf-impr from fMLLR is 0, over 73 frames.
WARNING (gmm-est-fmllr-gpost:Update():fmllr-diag-gmm.cc:162) Not updating fMLLR since below min-count: count is 77
LOG (gmm-est-fmllr-gpost:main():gmm-est-fmllr-gpost.cc:141) For speaker train_S4_11_4_12, auxf-impr from fMLLR is 0, over 77 frames.
WARNING (gmm-est-fmllr-gpost:Update():fmllr-diag-gmm.cc:162) Not updating fMLLR since below min-count: count is 75
LOG (gmm-est-fmllr-gpost:main():gmm-est-fmllr-gpost.cc:141) For speaker train_S4_11_4_14, auxf-impr from fMLLR is 0, over 75 frames.
WARNING (gmm-est-fmllr-gpost:Update():fmllr-diag-gmm.cc:162) Not updating fMLLR since below min-count: count is 76
LOG (gmm-est-fmllr-gpost:main():gmm-est-fmllr-gpost.cc:141) For speaker train_S4_11_4_16, auxf-impr from fMLLR is 0, over 76 frames.
WARNING (gmm-est-fmllr-gpost:Update():fmllr-diag-gmm.cc:162) Not updating fMLLR since below min-count: count is 69
LOG (gmm-est-fmllr-gpost:main():gmm-est-fmllr-gpost.cc:141) For speaker train_S4_11_4_18, auxf-impr from fMLLR is 0, over 69 frames.
WARNING (gmm-est-fmllr-gpost:Update():fmllr-diag-gmm.cc:162) Not updating fMLLR since below min-count: count is 73
LOG (gmm-est-fmllr-gpost:main():gmm-est-fmllr-gpost.cc:141) For speaker train_S4_11_4_20, auxf-impr from fMLLR is 0, over 73 frames.
WARNING (gmm-est-fmllr-gpost:Update():fmllr-diag-gmm.cc:162) Not updating fMLLR since below min-count: count is 77
LOG (gmm-est-fmllr-gpost:main():gmm-est-fmllr-gpost.cc:141) For speaker train_S4_11_5_12, auxf-impr from fMLLR is 0, over 77 frames.
WARNING (gmm-est-fmllr-gpost:Update():fmllr-diag-gmm.cc:162) Not updating fMLLR since below min-count: count is 75
LOG (gmm-est-fmllr-gpost:main():gmm-est-fmllr-gpost.cc:141) For speaker train_S4_11_5_14, auxf-impr from fMLLR is 0, over 75 frames.
WARNING (gmm-est-fmllr-gpost:Update():fmllr-diag-gmm.cc:162) Not updating fMLLR since below min-count: count is 77
LOG (gmm-est-fmllr-gpost:main():gmm-est-fmllr-gpost.cc:141) For speaker train_S4_11_5_16, auxf-impr from fMLLR is 0, over 77 frames.
WARNING (gmm-est-fmllr-gpost:Update():fmllr-diag-gmm.cc:162) Not updating fMLLR since below min-count: count is 69
LOG (gmm-est-fmllr-gpost:main():gmm-est-fmllr-gpost.cc:141) For speaker train_S4_11_5_18, auxf-impr from fMLLR is 0, over 69 frames.
WARNING (gmm-est-fmllr-gpost:Update():fmllr-diag-gmm.cc:162) Not updating fMLLR since below min-count: count is 73
LOG (gmm-est-fmllr-gpost:main():gmm-est-fmllr-gpost.cc:141) For speaker train_S4_11_5_20, auxf-impr from fMLLR is 0, over 73 frames.
WARNING (gmm-est-fmllr-gpost:Update():fmllr-diag-gmm.cc:162) Not updating fMLLR since below min-count: count is 77
LOG (gmm-est-fmllr-gpost:main():gmm-est-fmllr-gpost.cc:141) For speaker train_S4_11_6_12, auxf-impr from fMLLR is 0, over 77 frames.
WARNING (gmm-est-fmllr-gpost:Update():fmllr-diag-gmm.cc:162) Not updating fMLLR since below min-count: count is 75
LOG (gmm-est-fmllr-gpost:main():gmm-est-fmllr-gpost.cc:141) For speaker train_S4_11_6_14, auxf-impr from fMLLR is 0, over 75 frames.
WARNING (gmm-est-fmllr-gpost:Update():fmllr-diag-gmm.cc:162) Not updating fMLLR since below min-count: count is 77
LOG (gmm-est-fmllr-gpost:main():gmm-est-fmllr-gpost.cc:141) For speaker train_S4_11_6_16, auxf-impr from fMLLR is 0, over 77 frames.
WARNING (gmm-est-fmllr-gpost:Update():fmllr-diag-gmm.cc:162) Not updating fMLLR since below min-count: count is 69
LOG (gmm-est-fmllr-gpost:main():gmm-est-fmllr-gpost.cc:141) For speaker train_S4_11_6_18, auxf-impr from fMLLR is 0, over 69 frames.
WARNING (gmm-est-fmllr-gpost:Update():fmllr-diag-gmm.cc:162) Not updating fMLLR since below min-count: count is 73
LOG (gmm-est-fmllr-gpost:main():gmm-est-fmllr-gpost.cc:141) For speaker train_S4_11_6_20, auxf-impr from fMLLR is 0, over 73 frames.
WARNING (gmm-est-fmllr-gpost:Update():fmllr-diag-gmm.cc:162) Not updating fMLLR since below min-count: count is 77
LOG (gmm-est-fmllr-gpost:main():gmm-est-fmllr-gpost.cc:141) For speaker train_S4_11_7_12, auxf-impr from fMLLR is 0, over 77 frames.
WARNING (gmm-est-fmllr-gpost:Update():fmllr-diag-gmm.cc:162) Not updating fMLLR since below min-count: count is 76
LOG (gmm-est-fmllr-gpost:main():gmm-est-fmllr-gpost.cc:141) For speaker train_S4_11_7_14, auxf-impr from fMLLR is 0, over 76 frames.
WARNING (gmm-est-fmllr-gpost:Update():fmllr-diag-gmm.cc:162) Not updating fMLLR since below min-count: count is 76
LOG (gmm-est-fmllr-gpost:main():gmm-est-fmllr-gpost.cc:141) For speaker train_S4_11_7_16, auxf-impr from fMLLR is 0, over 76 frames.
WARNING (gmm-est-fmllr-gpost:Update():fmllr-diag-gmm.cc:162) Not updating fMLLR since below min-count: count is 68
LOG (gmm-est-fmllr-gpost:main():gmm-est-fmllr-gpost.cc:141) For speaker train_S4_11_7_18, auxf-impr from fMLLR is 0, over 68 frames.
WARNING (gmm-est-fmllr-gpost:Update():fmllr-diag-gmm.cc:162) Not updating fMLLR since below min-count: count is 73
LOG (gmm-est-fmllr-gpost:main():gmm-est-fmllr-gpost.cc:141) For speaker train_S4_11_7_20, auxf-impr from fMLLR is 0, over 73 frames.
WARNING (gmm-est-fmllr-gpost:Update():fmllr-diag-gmm.cc:162) Not updating fMLLR since below min-count: count is 127
LOG (gmm-est-fmllr-gpost:main():gmm-est-fmllr-gpost.cc:141) For speaker train_S4_3_1_12, auxf-impr from fMLLR is 0, over 127 frames.
WARNING (gmm-est-fmllr-gpost:Update():fmllr-diag-gmm.cc:162) Not updating fMLLR since below min-count: count is 124
LOG (gmm-est-fmllr-gpost:main():gmm-est-fmllr-gpost.cc:141) For speaker train_S4_3_1_14, auxf-impr from fMLLR is 0, over 124 frames.
WARNING (gmm-est-fmllr-gpost:Update():fmllr-diag-gmm.cc:162) Not updating fMLLR since below min-count: count is 127
LOG (gmm-est-fmllr-gpost:main():gmm-est-fmllr-gpost.cc:141) For speaker train_S4_3_1_16, auxf-impr from fMLLR is 0, over 127 frames.
WARNING (gmm-est-fmllr-gpost:Update():fmllr-diag-gmm.cc:162) Not updating fMLLR since below min-count: count is 112
LOG (gmm-est-fmllr-gpost:main():gmm-est-fmllr-gpost.cc:141) For speaker train_S4_3_1_18, auxf-impr from fMLLR is 0, over 112 frames.
WARNING (gmm-est-fmllr-gpost:Update():fmllr-diag-gmm.cc:162) Not updating fMLLR since below min-count: count is 122
LOG (gmm-est-fmllr-gpost:main():gmm-est-fmllr-gpost.cc:141) For speaker train_S4_3_1_20, auxf-impr from fMLLR is 0, over 122 frames.
WARNING (gmm-est-fmllr-gpost:Update():fmllr-diag-gmm.cc:162) Not updating fMLLR since below min-count: count is 127
LOG (gmm-est-fmllr-gpost:main():gmm-est-fmllr-gpost.cc:141) For speaker train_S4_3_2_12, auxf-impr from fMLLR is 0, over 127 frames.
WARNING (gmm-est-fmllr-gpost:Update():fmllr-diag-gmm.cc:162) Not updating fMLLR since below min-count: count is 124
LOG (gmm-est-fmllr-gpost:main():gmm-est-fmllr-gpost.cc:141) For speaker train_S4_3_2_14, auxf-impr from fMLLR is 0, over 124 frames.
WARNING (gmm-est-fmllr-gpost:Update():fmllr-diag-gmm.cc:162) Not updating fMLLR since below min-count: count is 127
LOG (gmm-est-fmllr-gpost:main():gmm-est-fmllr-gpost.cc:141) For speaker train_S4_3_2_16, auxf-impr from fMLLR is 0, over 127 frames.
WARNING (gmm-est-fmllr-gpost:Update():fmllr-diag-gmm.cc:162) Not updating fMLLR since below min-count: count is 112
LOG (gmm-est-fmllr-gpost:main():gmm-est-fmllr-gpost.cc:141) For speaker train_S4_3_2_18, auxf-impr from fMLLR is 0, over 112 frames.
WARNING (gmm-est-fmllr-gpost:Update():fmllr-diag-gmm.cc:162) Not updating fMLLR since below min-count: count is 122
LOG (gmm-est-fmllr-gpost:main():gmm-est-fmllr-gpost.cc:141) For speaker train_S4_3_2_20, auxf-impr from fMLLR is 0, over 122 frames.
WARNING (gmm-est-fmllr-gpost:Update():fmllr-diag-gmm.cc:162) Not updating fMLLR since below min-count: count is 127
LOG (gmm-est-fmllr-gpost:main():gmm-est-fmllr-gpost.cc:141) For speaker train_S4_3_3_12, auxf-impr from fMLLR is 0, over 127 frames.
WARNING (gmm-est-fmllr-gpost:Update():fmllr-diag-gmm.cc:162) Not updating fMLLR since below min-count: count is 124
LOG (gmm-est-fmllr-gpost:main():gmm-est-fmllr-gpost.cc:141) For speaker train_S4_3_3_14, auxf-impr from fMLLR is 0, over 124 frames.
WARNING (gmm-est-fmllr-gpost:Update():fmllr-diag-gmm.cc:162) Not updating fMLLR since below min-count: count is 127
LOG (gmm-est-fmllr-gpost:main():gmm-est-fmllr-gpost.cc:141) For speaker train_S4_3_3_16, auxf-impr from fMLLR is 0, over 127 frames.
WARNING (gmm-est-fmllr-gpost:Update():fmllr-diag-gmm.cc:162) Not updating fMLLR since below min-count: count is 113
LOG (gmm-est-fmllr-gpost:main():gmm-est-fmllr-gpost.cc:141) For speaker train_S4_3_3_18, auxf-impr from fMLLR is 0, over 113 frames.
WARNING (gmm-est-fmllr-gpost:Update():fmllr-diag-gmm.cc:162) Not updating fMLLR since below min-count: count is 122
LOG (gmm-est-fmllr-gpost:main():gmm-est-fmllr-gpost.cc:141) For speaker train_S4_3_3_20, auxf-impr from fMLLR is 0, over 122 frames.
WARNING (gmm-est-fmllr-gpost:Update():fmllr-diag-gmm.cc:162) Not updating fMLLR since below min-count: count is 126
LOG (gmm-est-fmllr-gpost:main():gmm-est-fmllr-gpost.cc:141) For speaker train_S4_3_4_12, auxf-impr from fMLLR is 0, over 126 frames.
WARNING (gmm-est-fmllr-gpost:Update():fmllr-diag-gmm.cc:162) Not updating fMLLR since below min-count: count is 124
LOG (gmm-est-fmllr-gpost:main():gmm-est-fmllr-gpost.cc:141) For speaker train_S4_3_4_14, auxf-impr from fMLLR is 0, over 124 frames.
WARNING (gmm-est-fmllr-gpost:Update():fmllr-diag-gmm.cc:162) Not updating fMLLR since below min-count: count is 127
LOG (gmm-est-fmllr-gpost:main():gmm-est-fmllr-gpost.cc:141) For speaker train_S4_3_4_16, auxf-impr from fMLLR is 0, over 127 frames.
WARNING (gmm-est-fmllr-gpost:Update():fmllr-diag-gmm.cc:162) Not updating fMLLR since below min-count: count is 113
LOG (gmm-est-fmllr-gpost:main():gmm-est-fmllr-gpost.cc:141) For speaker train_S4_3_4_18, auxf-impr from fMLLR is 0, over 113 frames.
WARNING (gmm-est-fmllr-gpost:Update():fmllr-diag-gmm.cc:162) Not updating fMLLR since below min-count: count is 121
LOG (gmm-est-fmllr-gpost:main():gmm-est-fmllr-gpost.cc:141) For speaker train_S4_3_4_20, auxf-impr from fMLLR is 0, over 121 frames.
WARNING (gmm-est-fmllr-gpost:Update():fmllr-diag-gmm.cc:162) Not updating fMLLR since below min-count: count is 126
LOG (gmm-est-fmllr-gpost:main():gmm-est-fmllr-gpost.cc:141) For speaker train_S4_3_5_12, auxf-impr from fMLLR is 0, over 126 frames.
WARNING (gmm-est-fmllr-gpost:Update():fmllr-diag-gmm.cc:162) Not updating fMLLR since below min-count: count is 124
LOG (gmm-est-fmllr-gpost:main():gmm-est-fmllr-gpost.cc:141) For speaker train_S4_3_5_14, auxf-impr from fMLLR is 0, over 124 frames.
WARNING (gmm-est-fmllr-gpost:Update():fmllr-diag-gmm.cc:162) Not updating fMLLR since below min-count: count is 127
LOG (gmm-est-fmllr-gpost:main():gmm-est-fmllr-gpost.cc:141) For speaker train_S4_3_5_16, auxf-impr from fMLLR is 0, over 127 frames.
WARNING (gmm-est-fmllr-gpost:Update():fmllr-diag-gmm.cc:162) Not updating fMLLR since below min-count: count is 113
LOG (gmm-est-fmllr-gpost:main():gmm-est-fmllr-gpost.cc:141) For speaker train_S4_3_5_18, auxf-impr from fMLLR is 0, over 113 frames.
WARNING (gmm-est-fmllr-gpost:Update():fmllr-diag-gmm.cc:162) Not updating fMLLR since below min-count: count is 122
LOG (gmm-est-fmllr-gpost:main():gmm-est-fmllr-gpost.cc:141) For speaker train_S4_3_5_20, auxf-impr from fMLLR is 0, over 122 frames.
WARNING (gmm-est-fmllr-gpost:Update():fmllr-diag-gmm.cc:162) Not updating fMLLR since below min-count: count is 126
LOG (gmm-est-fmllr-gpost:main():gmm-est-fmllr-gpost.cc:141) For speaker train_S4_3_6_12, auxf-impr from fMLLR is 0, over 126 frames.
WARNING (gmm-est-fmllr-gpost:Update():fmllr-diag-gmm.cc:162) Not updating fMLLR since below min-count: count is 124
LOG (gmm-est-fmllr-gpost:main():gmm-est-fmllr-gpost.cc:141) For speaker train_S4_3_6_14, auxf-impr from fMLLR is 0, over 124 frames.
WARNING (gmm-est-fmllr-gpost:Update():fmllr-diag-gmm.cc:162) Not updating fMLLR since below min-count: count is 126
LOG (gmm-est-fmllr-gpost:main():gmm-est-fmllr-gpost.cc:141) For speaker train_S4_3_6_16, auxf-impr from fMLLR is 0, over 126 frames.
WARNING (gmm-est-fmllr-gpost:Update():fmllr-diag-gmm.cc:162) Not updating fMLLR since below min-count: count is 113
LOG (gmm-est-fmllr-gpost:main():gmm-est-fmllr-gpost.cc:141) For speaker train_S4_3_6_18, auxf-impr from fMLLR is 0, over 113 frames.
WARNING (gmm-est-fmllr-gpost:Update():fmllr-diag-gmm.cc:162) Not updating fMLLR since below min-count: count is 122
LOG (gmm-est-fmllr-gpost:main():gmm-est-fmllr-gpost.cc:141) For speaker train_S4_3_6_20, auxf-impr from fMLLR is 0, over 122 frames.
WARNING (gmm-est-fmllr-gpost:Update():fmllr-diag-gmm.cc:162) Not updating fMLLR since below min-count: count is 126
LOG (gmm-est-fmllr-gpost:main():gmm-est-fmllr-gpost.cc:141) For speaker train_S4_3_7_12, auxf-impr from fMLLR is 0, over 126 frames.
WARNING (gmm-est-fmllr-gpost:Update():fmllr-diag-gmm.cc:162) Not updating fMLLR since below min-count: count is 124
LOG (gmm-est-fmllr-gpost:main():gmm-est-fmllr-gpost.cc:141) For speaker train_S4_3_7_14, auxf-impr from fMLLR is 0, over 124 frames.
WARNING (gmm-est-fmllr-gpost:Update():fmllr-diag-gmm.cc:162) Not updating fMLLR since below min-count: count is 127
LOG (gmm-est-fmllr-gpost:main():gmm-est-fmllr-gpost.cc:141) For speaker train_S4_3_7_16, auxf-impr from fMLLR is 0, over 127 frames.
WARNING (gmm-est-fmllr-gpost:Update():fmllr-diag-gmm.cc:162) Not updating fMLLR since below min-count: count is 113
LOG (gmm-est-fmllr-gpost:main():gmm-est-fmllr-gpost.cc:141) For speaker train_S4_3_7_18, auxf-impr from fMLLR is 0, over 113 frames.
WARNING (gmm-est-fmllr-gpost:Update():fmllr-diag-gmm.cc:162) Not updating fMLLR since below min-count: count is 122
LOG (gmm-est-fmllr-gpost:main():gmm-est-fmllr-gpost.cc:141) For speaker train_S4_3_7_20, auxf-impr from fMLLR is 0, over 122 frames.
WARNING (gmm-est-fmllr-gpost:Update():fmllr-diag-gmm.cc:162) Not updating fMLLR since below min-count: count is 116
LOG (gmm-est-fmllr-gpost:main():gmm-est-fmllr-gpost.cc:141) For speaker train_S4_4_1_12, auxf-impr from fMLLR is 0, over 116 frames.
WARNING (gmm-est-fmllr-gpost:Update():fmllr-diag-gmm.cc:162) Not updating fMLLR since below min-count: count is 113
LOG (gmm-est-fmllr-gpost:main():gmm-est-fmllr-gpost.cc:141) For speaker train_S4_4_1_14, auxf-impr from fMLLR is 0, over 113 frames.
WARNING (gmm-est-fmllr-gpost:Update():fmllr-diag-gmm.cc:162) Not updating fMLLR since below min-count: count is 116
LOG (gmm-est-fmllr-gpost:main():gmm-est-fmllr-gpost.cc:141) For speaker train_S4_4_1_16, auxf-impr from fMLLR is 0, over 116 frames.
WARNING (gmm-est-fmllr-gpost:Update():fmllr-diag-gmm.cc:162) Not updating fMLLR since below min-count: count is 103
LOG (gmm-est-fmllr-gpost:main():gmm-est-fmllr-gpost.cc:141) For speaker train_S4_4_1_18, auxf-impr from fMLLR is 0, over 103 frames.
WARNING (gmm-est-fmllr-gpost:Update():fmllr-diag-gmm.cc:162) Not updating fMLLR since below min-count: count is 111
LOG (gmm-est-fmllr-gpost:main():gmm-est-fmllr-gpost.cc:141) For speaker train_S4_4_1_20, auxf-impr from fMLLR is 0, over 111 frames.
WARNING (gmm-est-fmllr-gpost:Update():fmllr-diag-gmm.cc:162) Not updating fMLLR since below min-count: count is 116
LOG (gmm-est-fmllr-gpost:main():gmm-est-fmllr-gpost.cc:141) For speaker train_S4_4_2_12, auxf-impr from fMLLR is 0, over 116 frames.
WARNING (gmm-est-fmllr-gpost:Update():fmllr-diag-gmm.cc:162) Not updating fMLLR since below min-count: count is 114
LOG (gmm-est-fmllr-gpost:main():gmm-est-fmllr-gpost.cc:141) For speaker train_S4_4_2_14, auxf-impr from fMLLR is 0, over 114 frames.
WARNING (gmm-est-fmllr-gpost:Update():fmllr-diag-gmm.cc:162) Not updating fMLLR since below min-count: count is 116
LOG (gmm-est-fmllr-gpost:main():gmm-est-fmllr-gpost.cc:141) For speaker train_S4_4_2_16, auxf-impr from fMLLR is 0, over 116 frames.
WARNING (gmm-est-fmllr-gpost:Update():fmllr-diag-gmm.cc:162) Not updating fMLLR since below min-count: count is 103
LOG (gmm-est-fmllr-gpost:main():gmm-est-fmllr-gpost.cc:141) For speaker train_S4_4_2_18, auxf-impr from fMLLR is 0, over 103 frames.
WARNING (gmm-est-fmllr-gpost:Update():fmllr-diag-gmm.cc:162) Not updating fMLLR since below min-count: count is 111
LOG (gmm-est-fmllr-gpost:main():gmm-est-fmllr-gpost.cc:141) For speaker train_S4_4_2_20, auxf-impr from fMLLR is 0, over 111 frames.
WARNING (gmm-est-fmllr-gpost:Update():fmllr-diag-gmm.cc:162) Not updating fMLLR since below min-count: count is 116
LOG (gmm-est-fmllr-gpost:main():gmm-est-fmllr-gpost.cc:141) For speaker train_S4_4_3_12, auxf-impr from fMLLR is 0, over 116 frames.
WARNING (gmm-est-fmllr-gpost:Update():fmllr-diag-gmm.cc:162) Not updating fMLLR since below min-count: count is 113
LOG (gmm-est-fmllr-gpost:main():gmm-est-fmllr-gpost.cc:141) For speaker train_S4_4_3_14, auxf-impr from fMLLR is 0, over 113 frames.
WARNING (gmm-est-fmllr-gpost:Update():fmllr-diag-gmm.cc:162) Not updating fMLLR since below min-count: count is 116
LOG (gmm-est-fmllr-gpost:main():gmm-est-fmllr-gpost.cc:141) For speaker train_S4_4_3_16, auxf-impr from fMLLR is 0, over 116 frames.
WARNING (gmm-est-fmllr-gpost:Update():fmllr-diag-gmm.cc:162) Not updating fMLLR since below min-count: count is 103
LOG (gmm-est-fmllr-gpost:main():gmm-est-fmllr-gpost.cc:141) For speaker train_S4_4_3_18, auxf-impr from fMLLR is 0, over 103 frames.
WARNING (gmm-est-fmllr-gpost:Update():fmllr-diag-gmm.cc:162) Not updating fMLLR since below min-count: count is 111
LOG (gmm-est-fmllr-gpost:main():gmm-est-fmllr-gpost.cc:141) For speaker train_S4_4_3_20, auxf-impr from fMLLR is 0, over 111 frames.
WARNING (gmm-est-fmllr-gpost:Update():fmllr-diag-gmm.cc:162) Not updating fMLLR since below min-count: count is 116
LOG (gmm-est-fmllr-gpost:main():gmm-est-fmllr-gpost.cc:141) For speaker train_S4_4_4_12, auxf-impr from fMLLR is 0, over 116 frames.
WARNING (gmm-est-fmllr-gpost:Update():fmllr-diag-gmm.cc:162) Not updating fMLLR since below min-count: count is 114
LOG (gmm-est-fmllr-gpost:main():gmm-est-fmllr-gpost.cc:141) For speaker train_S4_4_4_14, auxf-impr from fMLLR is 0, over 114 frames.
WARNING (gmm-est-fmllr-gpost:Update():fmllr-diag-gmm.cc:162) Not updating fMLLR since below min-count: count is 116
LOG (gmm-est-fmllr-gpost:main():gmm-est-fmllr-gpost.cc:141) For speaker train_S4_4_4_16, auxf-impr from fMLLR is 0, over 116 frames.
WARNING (gmm-est-fmllr-gpost:Update():fmllr-diag-gmm.cc:162) Not updating fMLLR since below min-count: count is 103
LOG (gmm-est-fmllr-gpost:main():gmm-est-fmllr-gpost.cc:141) For speaker train_S4_4_4_18, auxf-impr from fMLLR is 0, over 103 frames.
WARNING (gmm-est-fmllr-gpost:Update():fmllr-diag-gmm.cc:162) Not updating fMLLR since below min-count: count is 111
LOG (gmm-est-fmllr-gpost:main():gmm-est-fmllr-gpost.cc:141) For speaker train_S4_4_4_20, auxf-impr from fMLLR is 0, over 111 frames.
WARNING (gmm-est-fmllr-gpost:Update():fmllr-diag-gmm.cc:162) Not updating fMLLR since below min-count: count is 116
LOG (gmm-est-fmllr-gpost:main():gmm-est-fmllr-gpost.cc:141) For speaker train_S4_4_5_12, auxf-impr from fMLLR is 0, over 116 frames.
WARNING (gmm-est-fmllr-gpost:Update():fmllr-diag-gmm.cc:162) Not updating fMLLR since below min-count: count is 114
LOG (gmm-est-fmllr-gpost:main():gmm-est-fmllr-gpost.cc:141) For speaker train_S4_4_5_14, auxf-impr from fMLLR is 0, over 114 frames.
WARNING (gmm-est-fmllr-gpost:Update():fmllr-diag-gmm.cc:162) Not updating fMLLR since below min-count: count is 116
LOG (gmm-est-fmllr-gpost:main():gmm-est-fmllr-gpost.cc:141) For speaker train_S4_4_5_16, auxf-impr from fMLLR is 0, over 116 frames.
WARNING (gmm-est-fmllr-gpost:Update():fmllr-diag-gmm.cc:162) Not updating fMLLR since below min-count: count is 103
LOG (gmm-est-fmllr-gpost:main():gmm-est-fmllr-gpost.cc:141) For speaker train_S4_4_5_18, auxf-impr from fMLLR is 0, over 103 frames.
WARNING (gmm-est-fmllr-gpost:Update():fmllr-diag-gmm.cc:162) Not updating fMLLR since below min-count: count is 111
LOG (gmm-est-fmllr-gpost:main():gmm-est-fmllr-gpost.cc:141) For speaker train_S4_4_5_20, auxf-impr from fMLLR is 0, over 111 frames.
WARNING (gmm-est-fmllr-gpost:Update():fmllr-diag-gmm.cc:162) Not updating fMLLR since below min-count: count is 116
LOG (gmm-est-fmllr-gpost:main():gmm-est-fmllr-gpost.cc:141) For speaker train_S4_4_6_12, auxf-impr from fMLLR is 0, over 116 frames.
WARNING (gmm-est-fmllr-gpost:Update():fmllr-diag-gmm.cc:162) Not updating fMLLR since below min-count: count is 114
LOG (gmm-est-fmllr-gpost:main():gmm-est-fmllr-gpost.cc:141) For speaker train_S4_4_6_14, auxf-impr from fMLLR is 0, over 114 frames.
WARNING (gmm-est-fmllr-gpost:Update():fmllr-diag-gmm.cc:162) Not updating fMLLR since below min-count: count is 116
LOG (gmm-est-fmllr-gpost:main():gmm-est-fmllr-gpost.cc:141) For speaker train_S4_4_6_16, auxf-impr from fMLLR is 0, over 116 frames.
WARNING (gmm-est-fmllr-gpost:Update():fmllr-diag-gmm.cc:162) Not updating fMLLR since below min-count: count is 103
LOG (gmm-est-fmllr-gpost:main():gmm-est-fmllr-gpost.cc:141) For speaker train_S4_4_6_18, auxf-impr from fMLLR is 0, over 103 frames.
WARNING (gmm-est-fmllr-gpost:Update():fmllr-diag-gmm.cc:162) Not updating fMLLR since below min-count: count is 111
LOG (gmm-est-fmllr-gpost:main():gmm-est-fmllr-gpost.cc:141) For speaker train_S4_4_6_20, auxf-impr from fMLLR is 0, over 111 frames.
WARNING (gmm-est-fmllr-gpost:Update():fmllr-diag-gmm.cc:162) Not updating fMLLR since below min-count: count is 116
LOG (gmm-est-fmllr-gpost:main():gmm-est-fmllr-gpost.cc:141) For speaker train_S4_4_7_12, auxf-impr from fMLLR is 0, over 116 frames.
WARNING (gmm-est-fmllr-gpost:Update():fmllr-diag-gmm.cc:162) Not updating fMLLR since below min-count: count is 113
LOG (gmm-est-fmllr-gpost:main():gmm-est-fmllr-gpost.cc:141) For speaker train_S4_4_7_14, auxf-impr from fMLLR is 0, over 113 frames.
WARNING (gmm-est-fmllr-gpost:Update():fmllr-diag-gmm.cc:162) Not updating fMLLR since below min-count: count is 116
LOG (gmm-est-fmllr-gpost:main():gmm-est-fmllr-gpost.cc:141) For speaker train_S4_4_7_16, auxf-impr from fMLLR is 0, over 116 frames.
WARNING (gmm-est-fmllr-gpost:Update():fmllr-diag-gmm.cc:162) Not updating fMLLR since below min-count: count is 103
LOG (gmm-est-fmllr-gpost:main():gmm-est-fmllr-gpost.cc:141) For speaker train_S4_4_7_18, auxf-impr from fMLLR is 0, over 103 frames.
WARNING (gmm-est-fmllr-gpost:Update():fmllr-diag-gmm.cc:162) Not updating fMLLR since below min-count: count is 111
LOG (gmm-est-fmllr-gpost:main():gmm-est-fmllr-gpost.cc:141) For speaker train_S4_4_7_20, auxf-impr from fMLLR is 0, over 111 frames.
WARNING (gmm-est-fmllr-gpost:Update():fmllr-diag-gmm.cc:162) Not updating fMLLR since below min-count: count is 86
LOG (gmm-est-fmllr-gpost:main():gmm-est-fmllr-gpost.cc:141) For speaker train_S4_5_1_12, auxf-impr from fMLLR is 0, over 86 frames.
WARNING (gmm-est-fmllr-gpost:Update():fmllr-diag-gmm.cc:162) Not updating fMLLR since below min-count: count is 85
LOG (gmm-est-fmllr-gpost:main():gmm-est-fmllr-gpost.cc:141) For speaker train_S4_5_1_14, auxf-impr from fMLLR is 0, over 85 frames.
WARNING (gmm-est-fmllr-gpost:Update():fmllr-diag-gmm.cc:162) Not updating fMLLR since below min-count: count is 85
LOG (gmm-est-fmllr-gpost:main():gmm-est-fmllr-gpost.cc:141) For speaker train_S4_5_1_16, auxf-impr from fMLLR is 0, over 85 frames.
WARNING (gmm-est-fmllr-gpost:Update():fmllr-diag-gmm.cc:162) Not updating fMLLR since below min-count: count is 77
LOG (gmm-est-fmllr-gpost:main():gmm-est-fmllr-gpost.cc:141) For speaker train_S4_5_1_18, auxf-impr from fMLLR is 0, over 77 frames.
WARNING (gmm-est-fmllr-gpost:Update():fmllr-diag-gmm.cc:162) Not updating fMLLR since below min-count: count is 82
LOG (gmm-est-fmllr-gpost:main():gmm-est-fmllr-gpost.cc:141) For speaker train_S4_5_1_20, auxf-impr from fMLLR is 0, over 82 frames.
WARNING (gmm-est-fmllr-gpost:Update():fmllr-diag-gmm.cc:162) Not updating fMLLR since below min-count: count is 86
LOG (gmm-est-fmllr-gpost:main():gmm-est-fmllr-gpost.cc:141) For speaker train_S4_5_2_12, auxf-impr from fMLLR is 0, over 86 frames.
WARNING (gmm-est-fmllr-gpost:Update():fmllr-diag-gmm.cc:162) Not updating fMLLR since below min-count: count is 85
LOG (gmm-est-fmllr-gpost:main():gmm-est-fmllr-gpost.cc:141) For speaker train_S4_5_2_14, auxf-impr from fMLLR is 0, over 85 frames.
WARNING (gmm-est-fmllr-gpost:Update():fmllr-diag-gmm.cc:162) Not updating fMLLR since below min-count: count is 85
LOG (gmm-est-fmllr-gpost:main():gmm-est-fmllr-gpost.cc:141) For speaker train_S4_5_2_16, auxf-impr from fMLLR is 0, over 85 frames.
WARNING (gmm-est-fmllr-gpost:Update():fmllr-diag-gmm.cc:162) Not updating fMLLR since below min-count: count is 77
LOG (gmm-est-fmllr-gpost:main():gmm-est-fmllr-gpost.cc:141) For speaker train_S4_5_2_18, auxf-impr from fMLLR is 0, over 77 frames.
WARNING (gmm-est-fmllr-gpost:Update():fmllr-diag-gmm.cc:162) Not updating fMLLR since below min-count: count is 82
LOG (gmm-est-fmllr-gpost:main():gmm-est-fmllr-gpost.cc:141) For speaker train_S4_5_2_20, auxf-impr from fMLLR is 0, over 82 frames.
WARNING (gmm-est-fmllr-gpost:Update():fmllr-diag-gmm.cc:162) Not updating fMLLR since below min-count: count is 86
LOG (gmm-est-fmllr-gpost:main():gmm-est-fmllr-gpost.cc:141) For speaker train_S4_5_3_12, auxf-impr from fMLLR is 0, over 86 frames.
WARNING (gmm-est-fmllr-gpost:Update():fmllr-diag-gmm.cc:162) Not updating fMLLR since below min-count: count is 85
LOG (gmm-est-fmllr-gpost:main():gmm-est-fmllr-gpost.cc:141) For speaker train_S4_5_3_14, auxf-impr from fMLLR is 0, over 85 frames.
WARNING (gmm-est-fmllr-gpost:Update():fmllr-diag-gmm.cc:162) Not updating fMLLR since below min-count: count is 86
LOG (gmm-est-fmllr-gpost:main():gmm-est-fmllr-gpost.cc:141) For speaker train_S4_5_3_16, auxf-impr from fMLLR is 0, over 86 frames.
WARNING (gmm-est-fmllr-gpost:Update():fmllr-diag-gmm.cc:162) Not updating fMLLR since below min-count: count is 77
LOG (gmm-est-fmllr-gpost:main():gmm-est-fmllr-gpost.cc:141) For speaker train_S4_5_3_18, auxf-impr from fMLLR is 0, over 77 frames.
WARNING (gmm-est-fmllr-gpost:Update():fmllr-diag-gmm.cc:162) Not updating fMLLR since below min-count: count is 82
LOG (gmm-est-fmllr-gpost:main():gmm-est-fmllr-gpost.cc:141) For speaker train_S4_5_3_20, auxf-impr from fMLLR is 0, over 82 frames.
WARNING (gmm-est-fmllr-gpost:Update():fmllr-diag-gmm.cc:162) Not updating fMLLR since below min-count: count is 86
LOG (gmm-est-fmllr-gpost:main():gmm-est-fmllr-gpost.cc:141) For speaker train_S4_5_4_12, auxf-impr from fMLLR is 0, over 86 frames.
WARNING (gmm-est-fmllr-gpost:Update():fmllr-diag-gmm.cc:162) Not updating fMLLR since below min-count: count is 85
LOG (gmm-est-fmllr-gpost:main():gmm-est-fmllr-gpost.cc:141) For speaker train_S4_5_4_14, auxf-impr from fMLLR is 0, over 85 frames.
WARNING (gmm-est-fmllr-gpost:Update():fmllr-diag-gmm.cc:162) Not updating fMLLR since below min-count: count is 86
LOG (gmm-est-fmllr-gpost:main():gmm-est-fmllr-gpost.cc:141) For speaker train_S4_5_4_16, auxf-impr from fMLLR is 0, over 86 frames.
WARNING (gmm-est-fmllr-gpost:Update():fmllr-diag-gmm.cc:162) Not updating fMLLR since below min-count: count is 77
LOG (gmm-est-fmllr-gpost:main():gmm-est-fmllr-gpost.cc:141) For speaker train_S4_5_4_18, auxf-impr from fMLLR is 0, over 77 frames.
WARNING (gmm-est-fmllr-gpost:Update():fmllr-diag-gmm.cc:162) Not updating fMLLR since below min-count: count is 82
LOG (gmm-est-fmllr-gpost:main():gmm-est-fmllr-gpost.cc:141) For speaker train_S4_5_4_20, auxf-impr from fMLLR is 0, over 82 frames.
WARNING (gmm-est-fmllr-gpost:Update():fmllr-diag-gmm.cc:162) Not updating fMLLR since below min-count: count is 86
LOG (gmm-est-fmllr-gpost:main():gmm-est-fmllr-gpost.cc:141) For speaker train_S4_5_5_12, auxf-impr from fMLLR is 0, over 86 frames.
WARNING (gmm-est-fmllr-gpost:Update():fmllr-diag-gmm.cc:162) Not updating fMLLR since below min-count: count is 85
LOG (gmm-est-fmllr-gpost:main():gmm-est-fmllr-gpost.cc:141) For speaker train_S4_5_5_14, auxf-impr from fMLLR is 0, over 85 frames.
WARNING (gmm-est-fmllr-gpost:Update():fmllr-diag-gmm.cc:162) Not updating fMLLR since below min-count: count is 86
LOG (gmm-est-fmllr-gpost:main():gmm-est-fmllr-gpost.cc:141) For speaker train_S4_5_5_16, auxf-impr from fMLLR is 0, over 86 frames.
WARNING (gmm-est-fmllr-gpost:Update():fmllr-diag-gmm.cc:162) Not updating fMLLR since below min-count: count is 77
LOG (gmm-est-fmllr-gpost:main():gmm-est-fmllr-gpost.cc:141) For speaker train_S4_5_5_18, auxf-impr from fMLLR is 0, over 77 frames.
WARNING (gmm-est-fmllr-gpost:Update():fmllr-diag-gmm.cc:162) Not updating fMLLR since below min-count: count is 82
LOG (gmm-est-fmllr-gpost:main():gmm-est-fmllr-gpost.cc:141) For speaker train_S4_5_5_20, auxf-impr from fMLLR is 0, over 82 frames.
WARNING (gmm-est-fmllr-gpost:Update():fmllr-diag-gmm.cc:162) Not updating fMLLR since below min-count: count is 86
LOG (gmm-est-fmllr-gpost:main():gmm-est-fmllr-gpost.cc:141) For speaker train_S4_5_6_12, auxf-impr from fMLLR is 0, over 86 frames.
WARNING (gmm-est-fmllr-gpost:Update():fmllr-diag-gmm.cc:162) Not updating fMLLR since below min-count: count is 85
LOG (gmm-est-fmllr-gpost:main():gmm-est-fmllr-gpost.cc:141) For speaker train_S4_5_6_14, auxf-impr from fMLLR is 0, over 85 frames.
WARNING (gmm-est-fmllr-gpost:Update():fmllr-diag-gmm.cc:162) Not updating fMLLR since below min-count: count is 86
LOG (gmm-est-fmllr-gpost:main():gmm-est-fmllr-gpost.cc:141) For speaker train_S4_5_6_16, auxf-impr from fMLLR is 0, over 86 frames.
WARNING (gmm-est-fmllr-gpost:Update():fmllr-diag-gmm.cc:162) Not updating fMLLR since below min-count: count is 77
LOG (gmm-est-fmllr-gpost:main():gmm-est-fmllr-gpost.cc:141) For speaker train_S4_5_6_18, auxf-impr from fMLLR is 0, over 77 frames.
WARNING (gmm-est-fmllr-gpost:Update():fmllr-diag-gmm.cc:162) Not updating fMLLR since below min-count: count is 82
LOG (gmm-est-fmllr-gpost:main():gmm-est-fmllr-gpost.cc:141) For speaker train_S4_5_6_20, auxf-impr from fMLLR is 0, over 82 frames.
WARNING (gmm-est-fmllr-gpost:Update():fmllr-diag-gmm.cc:162) Not updating fMLLR since below min-count: count is 86
LOG (gmm-est-fmllr-gpost:main():gmm-est-fmllr-gpost.cc:141) For speaker train_S4_5_7_12, auxf-impr from fMLLR is 0, over 86 frames.
WARNING (gmm-est-fmllr-gpost:Update():fmllr-diag-gmm.cc:162) Not updating fMLLR since below min-count: count is 85
LOG (gmm-est-fmllr-gpost:main():gmm-est-fmllr-gpost.cc:141) For speaker train_S4_5_7_14, auxf-impr from fMLLR is 0, over 85 frames.
WARNING (gmm-est-fmllr-gpost:Update():fmllr-diag-gmm.cc:162) Not updating fMLLR since below min-count: count is 86
LOG (gmm-est-fmllr-gpost:main():gmm-est-fmllr-gpost.cc:141) For speaker train_S4_5_7_16, auxf-impr from fMLLR is 0, over 86 frames.
WARNING (gmm-est-fmllr-gpost:Update():fmllr-diag-gmm.cc:162) Not updating fMLLR since below min-count: count is 77
LOG (gmm-est-fmllr-gpost:main():gmm-est-fmllr-gpost.cc:141) For speaker train_S4_5_7_18, auxf-impr from fMLLR is 0, over 77 frames.
WARNING (gmm-est-fmllr-gpost:Update():fmllr-diag-gmm.cc:162) Not updating fMLLR since below min-count: count is 82
LOG (gmm-est-fmllr-gpost:main():gmm-est-fmllr-gpost.cc:141) For speaker train_S4_5_7_20, auxf-impr from fMLLR is 0, over 82 frames.
WARNING (gmm-est-fmllr-gpost:Update():fmllr-diag-gmm.cc:162) Not updating fMLLR since below min-count: count is 88
LOG (gmm-est-fmllr-gpost:main():gmm-est-fmllr-gpost.cc:141) For speaker train_S4_6_1_12, auxf-impr from fMLLR is 0, over 88 frames.
WARNING (gmm-est-fmllr-gpost:Update():fmllr-diag-gmm.cc:162) Not updating fMLLR since below min-count: count is 87
LOG (gmm-est-fmllr-gpost:main():gmm-est-fmllr-gpost.cc:141) For speaker train_S4_6_1_14, auxf-impr from fMLLR is 0, over 87 frames.
WARNING (gmm-est-fmllr-gpost:Update():fmllr-diag-gmm.cc:162) Not updating fMLLR since below min-count: count is 89
LOG (gmm-est-fmllr-gpost:main():gmm-est-fmllr-gpost.cc:141) For speaker train_S4_6_1_16, auxf-impr from fMLLR is 0, over 89 frames.
WARNING (gmm-est-fmllr-gpost:Update():fmllr-diag-gmm.cc:162) Not updating fMLLR since below min-count: count is 79
LOG (gmm-est-fmllr-gpost:main():gmm-est-fmllr-gpost.cc:141) For speaker train_S4_6_1_18, auxf-impr from fMLLR is 0, over 79 frames.
WARNING (gmm-est-fmllr-gpost:Update():fmllr-diag-gmm.cc:162) Not updating fMLLR since below min-count: count is 85
LOG (gmm-est-fmllr-gpost:main():gmm-est-fmllr-gpost.cc:141) For speaker train_S4_6_1_20, auxf-impr from fMLLR is 0, over 85 frames.
WARNING (gmm-est-fmllr-gpost:Update():fmllr-diag-gmm.cc:162) Not updating fMLLR since below min-count: count is 88
LOG (gmm-est-fmllr-gpost:main():gmm-est-fmllr-gpost.cc:141) For speaker train_S4_6_2_12, auxf-impr from fMLLR is 0, over 88 frames.
WARNING (gmm-est-fmllr-gpost:Update():fmllr-diag-gmm.cc:162) Not updating fMLLR since below min-count: count is 87
LOG (gmm-est-fmllr-gpost:main():gmm-est-fmllr-gpost.cc:141) For speaker train_S4_6_2_14, auxf-impr from fMLLR is 0, over 87 frames.
WARNING (gmm-est-fmllr-gpost:Update():fmllr-diag-gmm.cc:162) Not updating fMLLR since below min-count: count is 89
LOG (gmm-est-fmllr-gpost:main():gmm-est-fmllr-gpost.cc:141) For speaker train_S4_6_2_16, auxf-impr from fMLLR is 0, over 89 frames.
WARNING (gmm-est-fmllr-gpost:Update():fmllr-diag-gmm.cc:162) Not updating fMLLR since below min-count: count is 79
LOG (gmm-est-fmllr-gpost:main():gmm-est-fmllr-gpost.cc:141) For speaker train_S4_6_2_18, auxf-impr from fMLLR is 0, over 79 frames.
WARNING (gmm-est-fmllr-gpost:Update():fmllr-diag-gmm.cc:162) Not updating fMLLR since below min-count: count is 85
LOG (gmm-est-fmllr-gpost:main():gmm-est-fmllr-gpost.cc:141) For speaker train_S4_6_2_20, auxf-impr from fMLLR is 0, over 85 frames.
WARNING (gmm-est-fmllr-gpost:Update():fmllr-diag-gmm.cc:162) Not updating fMLLR since below min-count: count is 88
LOG (gmm-est-fmllr-gpost:main():gmm-est-fmllr-gpost.cc:141) For speaker train_S4_6_3_12, auxf-impr from fMLLR is 0, over 88 frames.
WARNING (gmm-est-fmllr-gpost:Update():fmllr-diag-gmm.cc:162) Not updating fMLLR since below min-count: count is 87
LOG (gmm-est-fmllr-gpost:main():gmm-est-fmllr-gpost.cc:141) For speaker train_S4_6_3_14, auxf-impr from fMLLR is 0, over 87 frames.
LOG (ali-to-post:main():ali-to-post.cc:65) Converted 231 alignments.
WARNING (gmm-est-fmllr-gpost:Update():fmllr-diag-gmm.cc:162) Not updating fMLLR since below min-count: count is 89
LOG (gmm-est-fmllr-gpost:main():gmm-est-fmllr-gpost.cc:141) For speaker train_S4_6_3_16, auxf-impr from fMLLR is 0, over 89 frames.
WARNING (gmm-est-fmllr-gpost:Update():fmllr-diag-gmm.cc:162) Not updating fMLLR since below min-count: count is 79
LOG (gmm-est-fmllr-gpost:main():gmm-est-fmllr-gpost.cc:141) For speaker train_S4_6_3_18, auxf-impr from fMLLR is 0, over 79 frames.
WARNING (gmm-est-fmllr-gpost:Update():fmllr-diag-gmm.cc:162) Not updating fMLLR since below min-count: count is 85
LOG (gmm-est-fmllr-gpost:main():gmm-est-fmllr-gpost.cc:141) For speaker train_S4_6_3_20, auxf-impr from fMLLR is 0, over 85 frames.
WARNING (gmm-est-fmllr-gpost:Update():fmllr-diag-gmm.cc:162) Not updating fMLLR since below min-count: count is 88
LOG (gmm-est-fmllr-gpost:main():gmm-est-fmllr-gpost.cc:141) For speaker train_S4_6_4_12, auxf-impr from fMLLR is 0, over 88 frames.
WARNING (gmm-est-fmllr-gpost:Update():fmllr-diag-gmm.cc:162) Not updating fMLLR since below min-count: count is 87
LOG (gmm-est-fmllr-gpost:main():gmm-est-fmllr-gpost.cc:141) For speaker train_S4_6_4_14, auxf-impr from fMLLR is 0, over 87 frames.
WARNING (gmm-est-fmllr-gpost:Update():fmllr-diag-gmm.cc:162) Not updating fMLLR since below min-count: count is 89
LOG (gmm-est-fmllr-gpost:main():gmm-est-fmllr-gpost.cc:141) For speaker train_S4_6_4_16, auxf-impr from fMLLR is 0, over 89 frames.
WARNING (gmm-est-fmllr-gpost:Update():fmllr-diag-gmm.cc:162) Not updating fMLLR since below min-count: count is 79
LOG (gmm-est-fmllr-gpost:main():gmm-est-fmllr-gpost.cc:141) For speaker train_S4_6_4_18, auxf-impr from fMLLR is 0, over 79 frames.
WARNING (gmm-est-fmllr-gpost:Update():fmllr-diag-gmm.cc:162) Not updating fMLLR since below min-count: count is 85
LOG (gmm-est-fmllr-gpost:main():gmm-est-fmllr-gpost.cc:141) For speaker train_S4_6_4_20, auxf-impr from fMLLR is 0, over 85 frames.
WARNING (gmm-est-fmllr-gpost:Update():fmllr-diag-gmm.cc:162) Not updating fMLLR since below min-count: count is 88
LOG (gmm-est-fmllr-gpost:main():gmm-est-fmllr-gpost.cc:141) For speaker train_S4_6_5_12, auxf-impr from fMLLR is 0, over 88 frames.
WARNING (gmm-est-fmllr-gpost:Update():fmllr-diag-gmm.cc:162) Not updating fMLLR since below min-count: count is 87
LOG (gmm-est-fmllr-gpost:main():gmm-est-fmllr-gpost.cc:141) For speaker train_S4_6_5_14, auxf-impr from fMLLR is 0, over 87 frames.
WARNING (gmm-est-fmllr-gpost:Update():fmllr-diag-gmm.cc:162) Not updating fMLLR since below min-count: count is 89
LOG (gmm-est-fmllr-gpost:main():gmm-est-fmllr-gpost.cc:141) For speaker train_S4_6_5_16, auxf-impr from fMLLR is 0, over 89 frames.
WARNING (gmm-est-fmllr-gpost:Update():fmllr-diag-gmm.cc:162) Not updating fMLLR since below min-count: count is 79
LOG (gmm-est-fmllr-gpost:main():gmm-est-fmllr-gpost.cc:141) For speaker train_S4_6_5_18, auxf-impr from fMLLR is 0, over 79 frames.
WARNING (gmm-est-fmllr-gpost:Update():fmllr-diag-gmm.cc:162) Not updating fMLLR since below min-count: count is 85
LOG (gmm-est-fmllr-gpost:main():gmm-est-fmllr-gpost.cc:141) For speaker train_S4_6_5_20, auxf-impr from fMLLR is 0, over 85 frames.
WARNING (gmm-est-fmllr-gpost:Update():fmllr-diag-gmm.cc:162) Not updating fMLLR since below min-count: count is 88
LOG (gmm-est-fmllr-gpost:main():gmm-est-fmllr-gpost.cc:141) For speaker train_S4_6_6_12, auxf-impr from fMLLR is 0, over 88 frames.
WARNING (gmm-est-fmllr-gpost:Update():fmllr-diag-gmm.cc:162) Not updating fMLLR since below min-count: count is 87
LOG (gmm-est-fmllr-gpost:main():gmm-est-fmllr-gpost.cc:141) For speaker train_S4_6_6_14, auxf-impr from fMLLR is 0, over 87 frames.
WARNING (gmm-est-fmllr-gpost:Update():fmllr-diag-gmm.cc:162) Not updating fMLLR since below min-count: count is 89
LOG (gmm-est-fmllr-gpost:main():gmm-est-fmllr-gpost.cc:141) For speaker train_S4_6_6_16, auxf-impr from fMLLR is 0, over 89 frames.
WARNING (gmm-est-fmllr-gpost:Update():fmllr-diag-gmm.cc:162) Not updating fMLLR since below min-count: count is 79
LOG (gmm-est-fmllr-gpost:main():gmm-est-fmllr-gpost.cc:141) For speaker train_S4_6_6_18, auxf-impr from fMLLR is 0, over 79 frames.
WARNING (gmm-est-fmllr-gpost:Update():fmllr-diag-gmm.cc:162) Not updating fMLLR since below min-count: count is 85
LOG (gmm-est-fmllr-gpost:main():gmm-est-fmllr-gpost.cc:141) For speaker train_S4_6_6_20, auxf-impr from fMLLR is 0, over 85 frames.
WARNING (gmm-est-fmllr-gpost:Update():fmllr-diag-gmm.cc:162) Not updating fMLLR since below min-count: count is 88
LOG (gmm-est-fmllr-gpost:main():gmm-est-fmllr-gpost.cc:141) For speaker train_S4_6_7_12, auxf-impr from fMLLR is 0, over 88 frames.
WARNING (gmm-est-fmllr-gpost:Update():fmllr-diag-gmm.cc:162) Not updating fMLLR since below min-count: count is 87
LOG (gmm-est-fmllr-gpost:main():gmm-est-fmllr-gpost.cc:141) For speaker train_S4_6_7_14, auxf-impr from fMLLR is 0, over 87 frames.
WARNING (gmm-est-fmllr-gpost:Update():fmllr-diag-gmm.cc:162) Not updating fMLLR since below min-count: count is 88
LOG (gmm-est-fmllr-gpost:main():gmm-est-fmllr-gpost.cc:141) For speaker train_S4_6_7_16, auxf-impr from fMLLR is 0, over 88 frames.
WARNING (gmm-est-fmllr-gpost:Update():fmllr-diag-gmm.cc:162) Not updating fMLLR since below min-count: count is 79
LOG (gmm-est-fmllr-gpost:main():gmm-est-fmllr-gpost.cc:141) For speaker train_S4_6_7_18, auxf-impr from fMLLR is 0, over 79 frames.
WARNING (gmm-est-fmllr-gpost:Update():fmllr-diag-gmm.cc:162) Not updating fMLLR since below min-count: count is 85
LOG (gmm-est-fmllr-gpost:main():gmm-est-fmllr-gpost.cc:141) For speaker train_S4_6_7_20, auxf-impr from fMLLR is 0, over 85 frames.
WARNING (gmm-est-fmllr-gpost:Update():fmllr-diag-gmm.cc:162) Not updating fMLLR since below min-count: count is 95
LOG (gmm-est-fmllr-gpost:main():gmm-est-fmllr-gpost.cc:141) For speaker train_S4_7_1_12, auxf-impr from fMLLR is 0, over 95 frames.
WARNING (gmm-est-fmllr-gpost:Update():fmllr-diag-gmm.cc:162) Not updating fMLLR since below min-count: count is 94
LOG (gmm-est-fmllr-gpost:main():gmm-est-fmllr-gpost.cc:141) For speaker train_S4_7_1_14, auxf-impr from fMLLR is 0, over 94 frames.
WARNING (gmm-est-fmllr-gpost:Update():fmllr-diag-gmm.cc:162) Not updating fMLLR since below min-count: count is 96
LOG (gmm-est-fmllr-gpost:main():gmm-est-fmllr-gpost.cc:141) For speaker train_S4_7_1_16, auxf-impr from fMLLR is 0, over 96 frames.
WARNING (gmm-est-fmllr-gpost:Update():fmllr-diag-gmm.cc:162) Not updating fMLLR since below min-count: count is 85
LOG (gmm-est-fmllr-gpost:main():gmm-est-fmllr-gpost.cc:141) For speaker train_S4_7_1_18, auxf-impr from fMLLR is 0, over 85 frames.
WARNING (gmm-est-fmllr-gpost:Update():fmllr-diag-gmm.cc:162) Not updating fMLLR since below min-count: count is 91
LOG (gmm-est-fmllr-gpost:main():gmm-est-fmllr-gpost.cc:141) For speaker train_S4_7_1_20, auxf-impr from fMLLR is 0, over 91 frames.
LOG (weight-silence-post:main():weight-silence-post.cc:95) Done 231 posteriors.
WARNING (gmm-est-fmllr-gpost:Update():fmllr-diag-gmm.cc:162) Not updating fMLLR since below min-count: count is 95
LOG (gmm-est-fmllr-gpost:main():gmm-est-fmllr-gpost.cc:141) For speaker train_S4_7_2_12, auxf-impr from fMLLR is 0, over 95 frames.
WARNING (gmm-est-fmllr-gpost:Update():fmllr-diag-gmm.cc:162) Not updating fMLLR since below min-count: count is 94
LOG (gmm-est-fmllr-gpost:main():gmm-est-fmllr-gpost.cc:141) For speaker train_S4_7_2_14, auxf-impr from fMLLR is 0, over 94 frames.
WARNING (gmm-est-fmllr-gpost:Update():fmllr-diag-gmm.cc:162) Not updating fMLLR since below min-count: count is 96
LOG (gmm-est-fmllr-gpost:main():gmm-est-fmllr-gpost.cc:141) For speaker train_S4_7_2_16, auxf-impr from fMLLR is 0, over 96 frames.
WARNING (gmm-est-fmllr-gpost:Update():fmllr-diag-gmm.cc:162) Not updating fMLLR since below min-count: count is 85
LOG (gmm-est-fmllr-gpost:main():gmm-est-fmllr-gpost.cc:141) For speaker train_S4_7_2_18, auxf-impr from fMLLR is 0, over 85 frames.
WARNING (gmm-est-fmllr-gpost:Update():fmllr-diag-gmm.cc:162) Not updating fMLLR since below min-count: count is 91
LOG (gmm-est-fmllr-gpost:main():gmm-est-fmllr-gpost.cc:141) For speaker train_S4_7_2_20, auxf-impr from fMLLR is 0, over 91 frames.
WARNING (gmm-est-fmllr-gpost:Update():fmllr-diag-gmm.cc:162) Not updating fMLLR since below min-count: count is 95
LOG (gmm-est-fmllr-gpost:main():gmm-est-fmllr-gpost.cc:141) For speaker train_S4_7_3_12, auxf-impr from fMLLR is 0, over 95 frames.
WARNING (gmm-est-fmllr-gpost:Update():fmllr-diag-gmm.cc:162) Not updating fMLLR since below min-count: count is 94
LOG (gmm-est-fmllr-gpost:main():gmm-est-fmllr-gpost.cc:141) For speaker train_S4_7_3_14, auxf-impr from fMLLR is 0, over 94 frames.
WARNING (gmm-est-fmllr-gpost:Update():fmllr-diag-gmm.cc:162) Not updating fMLLR since below min-count: count is 96
LOG (gmm-est-fmllr-gpost:main():gmm-est-fmllr-gpost.cc:141) For speaker train_S4_7_3_16, auxf-impr from fMLLR is 0, over 96 frames.
WARNING (gmm-est-fmllr-gpost:Update():fmllr-diag-gmm.cc:162) Not updating fMLLR since below min-count: count is 85
LOG (gmm-est-fmllr-gpost:main():gmm-est-fmllr-gpost.cc:141) For speaker train_S4_7_3_18, auxf-impr from fMLLR is 0, over 85 frames.
WARNING (gmm-est-fmllr-gpost:Update():fmllr-diag-gmm.cc:162) Not updating fMLLR since below min-count: count is 91
LOG (gmm-est-fmllr-gpost:main():gmm-est-fmllr-gpost.cc:141) For speaker train_S4_7_3_20, auxf-impr from fMLLR is 0, over 91 frames.
WARNING (gmm-est-fmllr-gpost:Update():fmllr-diag-gmm.cc:162) Not updating fMLLR since below min-count: count is 95
LOG (gmm-est-fmllr-gpost:main():gmm-est-fmllr-gpost.cc:141) For speaker train_S4_7_4_12, auxf-impr from fMLLR is 0, over 95 frames.
WARNING (gmm-est-fmllr-gpost:Update():fmllr-diag-gmm.cc:162) Not updating fMLLR since below min-count: count is 94
LOG (gmm-est-fmllr-gpost:main():gmm-est-fmllr-gpost.cc:141) For speaker train_S4_7_4_14, auxf-impr from fMLLR is 0, over 94 frames.
WARNING (gmm-est-fmllr-gpost:Update():fmllr-diag-gmm.cc:162) Not updating fMLLR since below min-count: count is 96
LOG (gmm-est-fmllr-gpost:main():gmm-est-fmllr-gpost.cc:141) For speaker train_S4_7_4_16, auxf-impr from fMLLR is 0, over 96 frames.
WARNING (gmm-est-fmllr-gpost:Update():fmllr-diag-gmm.cc:162) Not updating fMLLR since below min-count: count is 85
LOG (gmm-est-fmllr-gpost:main():gmm-est-fmllr-gpost.cc:141) For speaker train_S4_7_4_18, auxf-impr from fMLLR is 0, over 85 frames.
WARNING (gmm-est-fmllr-gpost:Update():fmllr-diag-gmm.cc:162) Not updating fMLLR since below min-count: count is 91
LOG (gmm-est-fmllr-gpost:main():gmm-est-fmllr-gpost.cc:141) For speaker train_S4_7_4_20, auxf-impr from fMLLR is 0, over 91 frames.
WARNING (gmm-est-fmllr-gpost:Update():fmllr-diag-gmm.cc:162) Not updating fMLLR since below min-count: count is 95
LOG (gmm-est-fmllr-gpost:main():gmm-est-fmllr-gpost.cc:141) For speaker train_S4_7_5_12, auxf-impr from fMLLR is 0, over 95 frames.
WARNING (gmm-est-fmllr-gpost:Update():fmllr-diag-gmm.cc:162) Not updating fMLLR since below min-count: count is 94
LOG (gmm-est-fmllr-gpost:main():gmm-est-fmllr-gpost.cc:141) For speaker train_S4_7_5_14, auxf-impr from fMLLR is 0, over 94 frames.
WARNING (gmm-est-fmllr-gpost:Update():fmllr-diag-gmm.cc:162) Not updating fMLLR since below min-count: count is 96
LOG (gmm-est-fmllr-gpost:main():gmm-est-fmllr-gpost.cc:141) For speaker train_S4_7_5_16, auxf-impr from fMLLR is 0, over 96 frames.
WARNING (gmm-est-fmllr-gpost:Update():fmllr-diag-gmm.cc:162) Not updating fMLLR since below min-count: count is 85
LOG (gmm-est-fmllr-gpost:main():gmm-est-fmllr-gpost.cc:141) For speaker train_S4_7_5_18, auxf-impr from fMLLR is 0, over 85 frames.
WARNING (gmm-est-fmllr-gpost:Update():fmllr-diag-gmm.cc:162) Not updating fMLLR since below min-count: count is 91
LOG (gmm-est-fmllr-gpost:main():gmm-est-fmllr-gpost.cc:141) For speaker train_S4_7_5_20, auxf-impr from fMLLR is 0, over 91 frames.
WARNING (gmm-est-fmllr-gpost:Update():fmllr-diag-gmm.cc:162) Not updating fMLLR since below min-count: count is 95
LOG (gmm-est-fmllr-gpost:main():gmm-est-fmllr-gpost.cc:141) For speaker train_S4_7_6_12, auxf-impr from fMLLR is 0, over 95 frames.
WARNING (gmm-est-fmllr-gpost:Update():fmllr-diag-gmm.cc:162) Not updating fMLLR since below min-count: count is 94
LOG (gmm-est-fmllr-gpost:main():gmm-est-fmllr-gpost.cc:141) For speaker train_S4_7_6_14, auxf-impr from fMLLR is 0, over 94 frames.
WARNING (gmm-est-fmllr-gpost:Update():fmllr-diag-gmm.cc:162) Not updating fMLLR since below min-count: count is 96
LOG (gmm-est-fmllr-gpost:main():gmm-est-fmllr-gpost.cc:141) For speaker train_S4_7_6_16, auxf-impr from fMLLR is 0, over 96 frames.
WARNING (gmm-est-fmllr-gpost:Update():fmllr-diag-gmm.cc:162) Not updating fMLLR since below min-count: count is 85
LOG (gmm-est-fmllr-gpost:main():gmm-est-fmllr-gpost.cc:141) For speaker train_S4_7_6_18, auxf-impr from fMLLR is 0, over 85 frames.
LOG (apply-cmvn:main():apply-cmvn.cc:146) Applied cepstral mean normalization to 231 utterances, errors on 0
WARNING (gmm-est-fmllr-gpost:Update():fmllr-diag-gmm.cc:162) Not updating fMLLR since below min-count: count is 91
LOG (gmm-est-fmllr-gpost:main():gmm-est-fmllr-gpost.cc:141) For speaker train_S4_7_6_20, auxf-impr from fMLLR is 0, over 91 frames.
WARNING (gmm-est-fmllr-gpost:Update():fmllr-diag-gmm.cc:162) Not updating fMLLR since below min-count: count is 95
LOG (gmm-est-fmllr-gpost:main():gmm-est-fmllr-gpost.cc:141) For speaker train_S4_7_7_12, auxf-impr from fMLLR is 0, over 95 frames.
WARNING (gmm-est-fmllr-gpost:Update():fmllr-diag-gmm.cc:162) Not updating fMLLR since below min-count: count is 94
LOG (gmm-est-fmllr-gpost:main():gmm-est-fmllr-gpost.cc:141) For speaker train_S4_7_7_14, auxf-impr from fMLLR is 0, over 94 frames.
WARNING (gmm-est-fmllr-gpost:Update():fmllr-diag-gmm.cc:162) Not updating fMLLR since below min-count: count is 96
LOG (gmm-est-fmllr-gpost:main():gmm-est-fmllr-gpost.cc:141) For speaker train_S4_7_7_16, auxf-impr from fMLLR is 0, over 96 frames.
WARNING (gmm-est-fmllr-gpost:Update():fmllr-diag-gmm.cc:162) Not updating fMLLR since below min-count: count is 85
LOG (gmm-est-fmllr-gpost:main():gmm-est-fmllr-gpost.cc:141) For speaker train_S4_7_7_18, auxf-impr from fMLLR is 0, over 85 frames.
WARNING (gmm-est-fmllr-gpost:Update():fmllr-diag-gmm.cc:162) Not updating fMLLR since below min-count: count is 91
LOG (gmm-est-fmllr-gpost:main():gmm-est-fmllr-gpost.cc:141) For speaker train_S4_7_7_20, auxf-impr from fMLLR is 0, over 91 frames.
WARNING (gmm-est-fmllr-gpost:Update():fmllr-diag-gmm.cc:162) Not updating fMLLR since below min-count: count is 73
LOG (gmm-est-fmllr-gpost:main():gmm-est-fmllr-gpost.cc:141) For speaker train_S4_8_1_12, auxf-impr from fMLLR is 0, over 73 frames.
WARNING (gmm-est-fmllr-gpost:Update():fmllr-diag-gmm.cc:162) Not updating fMLLR since below min-count: count is 72
LOG (gmm-est-fmllr-gpost:main():gmm-est-fmllr-gpost.cc:141) For speaker train_S4_8_1_14, auxf-impr from fMLLR is 0, over 72 frames.
WARNING (gmm-est-fmllr-gpost:Update():fmllr-diag-gmm.cc:162) Not updating fMLLR since below min-count: count is 73
LOG (gmm-est-fmllr-gpost:main():gmm-est-fmllr-gpost.cc:141) For speaker train_S4_8_1_16, auxf-impr from fMLLR is 0, over 73 frames.
WARNING (gmm-est-fmllr-gpost:Update():fmllr-diag-gmm.cc:162) Not updating fMLLR since below min-count: count is 65
LOG (gmm-est-fmllr-gpost:main():gmm-est-fmllr-gpost.cc:141) For speaker train_S4_8_1_18, auxf-impr from fMLLR is 0, over 65 frames.
WARNING (gmm-est-fmllr-gpost:Update():fmllr-diag-gmm.cc:162) Not updating fMLLR since below min-count: count is 70
LOG (gmm-est-fmllr-gpost:main():gmm-est-fmllr-gpost.cc:141) For speaker train_S4_8_1_20, auxf-impr from fMLLR is 0, over 70 frames.
WARNING (gmm-est-fmllr-gpost:Update():fmllr-diag-gmm.cc:162) Not updating fMLLR since below min-count: count is 73
LOG (gmm-est-fmllr-gpost:main():gmm-est-fmllr-gpost.cc:141) For speaker train_S4_8_2_12, auxf-impr from fMLLR is 0, over 73 frames.
WARNING (gmm-est-fmllr-gpost:Update():fmllr-diag-gmm.cc:162) Not updating fMLLR since below min-count: count is 72
LOG (gmm-est-fmllr-gpost:main():gmm-est-fmllr-gpost.cc:141) For speaker train_S4_8_2_14, auxf-impr from fMLLR is 0, over 72 frames.
WARNING (gmm-est-fmllr-gpost:Update():fmllr-diag-gmm.cc:162) Not updating fMLLR since below min-count: count is 73
LOG (gmm-est-fmllr-gpost:main():gmm-est-fmllr-gpost.cc:141) For speaker train_S4_8_2_16, auxf-impr from fMLLR is 0, over 73 frames.
WARNING (gmm-est-fmllr-gpost:Update():fmllr-diag-gmm.cc:162) Not updating fMLLR since below min-count: count is 65
LOG (gmm-est-fmllr-gpost:main():gmm-est-fmllr-gpost.cc:141) For speaker train_S4_8_2_18, auxf-impr from fMLLR is 0, over 65 frames.
WARNING (gmm-est-fmllr-gpost:Update():fmllr-diag-gmm.cc:162) Not updating fMLLR since below min-count: count is 70
LOG (gmm-est-fmllr-gpost:main():gmm-est-fmllr-gpost.cc:141) For speaker train_S4_8_2_20, auxf-impr from fMLLR is 0, over 70 frames.
LOG (gmm-post-to-gpost:main():gmm-post-to-gpost.cc:124) Done 231 files, 0 with no posteriors, 0 with other errors.
LOG (gmm-post-to-gpost:main():gmm-post-to-gpost.cc:128) Overall avg like per frame (Gaussian only) = -89.7297 over 21386 frames.
LOG (gmm-post-to-gpost:main():gmm-post-to-gpost.cc:131) Done converting post to gpost
WARNING (gmm-est-fmllr-gpost:Update():fmllr-diag-gmm.cc:162) Not updating fMLLR since below min-count: count is 73
LOG (gmm-est-fmllr-gpost:main():gmm-est-fmllr-gpost.cc:141) For speaker train_S4_8_3_12, auxf-impr from fMLLR is 0, over 73 frames.
WARNING (gmm-est-fmllr-gpost:Update():fmllr-diag-gmm.cc:162) Not updating fMLLR since below min-count: count is 72
LOG (gmm-est-fmllr-gpost:main():gmm-est-fmllr-gpost.cc:141) For speaker train_S4_8_3_14, auxf-impr from fMLLR is 0, over 72 frames.
LOG (apply-cmvn:main():apply-cmvn.cc:146) Applied cepstral mean normalization to 231 utterances, errors on 0
WARNING (gmm-est-fmllr-gpost:Update():fmllr-diag-gmm.cc:162) Not updating fMLLR since below min-count: count is 73
LOG (gmm-est-fmllr-gpost:main():gmm-est-fmllr-gpost.cc:141) For speaker train_S4_8_3_16, auxf-impr from fMLLR is 0, over 73 frames.
WARNING (gmm-est-fmllr-gpost:Update():fmllr-diag-gmm.cc:162) Not updating fMLLR since below min-count: count is 65
LOG (gmm-est-fmllr-gpost:main():gmm-est-fmllr-gpost.cc:141) For speaker train_S4_8_3_18, auxf-impr from fMLLR is 0, over 65 frames.
WARNING (gmm-est-fmllr-gpost:Update():fmllr-diag-gmm.cc:162) Not updating fMLLR since below min-count: count is 70
LOG (gmm-est-fmllr-gpost:main():gmm-est-fmllr-gpost.cc:141) For speaker train_S4_8_3_20, auxf-impr from fMLLR is 0, over 70 frames.
WARNING (gmm-est-fmllr-gpost:Update():fmllr-diag-gmm.cc:162) Not updating fMLLR since below min-count: count is 73
LOG (gmm-est-fmllr-gpost:main():gmm-est-fmllr-gpost.cc:141) For speaker train_S4_8_4_12, auxf-impr from fMLLR is 0, over 73 frames.
WARNING (gmm-est-fmllr-gpost:Update():fmllr-diag-gmm.cc:162) Not updating fMLLR since below min-count: count is 72
LOG (gmm-est-fmllr-gpost:main():gmm-est-fmllr-gpost.cc:141) For speaker train_S4_8_4_14, auxf-impr from fMLLR is 0, over 72 frames.
WARNING (gmm-est-fmllr-gpost:Update():fmllr-diag-gmm.cc:162) Not updating fMLLR since below min-count: count is 73
LOG (gmm-est-fmllr-gpost:main():gmm-est-fmllr-gpost.cc:141) For speaker train_S4_8_4_16, auxf-impr from fMLLR is 0, over 73 frames.
WARNING (gmm-est-fmllr-gpost:Update():fmllr-diag-gmm.cc:162) Not updating fMLLR since below min-count: count is 65
LOG (gmm-est-fmllr-gpost:main():gmm-est-fmllr-gpost.cc:141) For speaker train_S4_8_4_18, auxf-impr from fMLLR is 0, over 65 frames.
WARNING (gmm-est-fmllr-gpost:Update():fmllr-diag-gmm.cc:162) Not updating fMLLR since below min-count: count is 70
LOG (gmm-est-fmllr-gpost:main():gmm-est-fmllr-gpost.cc:141) For speaker train_S4_8_4_20, auxf-impr from fMLLR is 0, over 70 frames.
WARNING (gmm-est-fmllr-gpost:Update():fmllr-diag-gmm.cc:162) Not updating fMLLR since below min-count: count is 73
LOG (gmm-est-fmllr-gpost:main():gmm-est-fmllr-gpost.cc:141) For speaker train_S4_8_5_12, auxf-impr from fMLLR is 0, over 73 frames.
WARNING (gmm-est-fmllr-gpost:Update():fmllr-diag-gmm.cc:162) Not updating fMLLR since below min-count: count is 72
LOG (gmm-est-fmllr-gpost:main():gmm-est-fmllr-gpost.cc:141) For speaker train_S4_8_5_14, auxf-impr from fMLLR is 0, over 72 frames.
WARNING (gmm-est-fmllr-gpost:Update():fmllr-diag-gmm.cc:162) Not updating fMLLR since below min-count: count is 73
LOG (gmm-est-fmllr-gpost:main():gmm-est-fmllr-gpost.cc:141) For speaker train_S4_8_5_16, auxf-impr from fMLLR is 0, over 73 frames.
WARNING (gmm-est-fmllr-gpost:Update():fmllr-diag-gmm.cc:162) Not updating fMLLR since below min-count: count is 65
LOG (gmm-est-fmllr-gpost:main():gmm-est-fmllr-gpost.cc:141) For speaker train_S4_8_5_18, auxf-impr from fMLLR is 0, over 65 frames.
WARNING (gmm-est-fmllr-gpost:Update():fmllr-diag-gmm.cc:162) Not updating fMLLR since below min-count: count is 70
LOG (gmm-est-fmllr-gpost:main():gmm-est-fmllr-gpost.cc:141) For speaker train_S4_8_5_20, auxf-impr from fMLLR is 0, over 70 frames.
WARNING (gmm-est-fmllr-gpost:Update():fmllr-diag-gmm.cc:162) Not updating fMLLR since below min-count: count is 73
LOG (gmm-est-fmllr-gpost:main():gmm-est-fmllr-gpost.cc:141) For speaker train_S4_8_6_12, auxf-impr from fMLLR is 0, over 73 frames.
WARNING (gmm-est-fmllr-gpost:Update():fmllr-diag-gmm.cc:162) Not updating fMLLR since below min-count: count is 72
LOG (gmm-est-fmllr-gpost:main():gmm-est-fmllr-gpost.cc:141) For speaker train_S4_8_6_14, auxf-impr from fMLLR is 0, over 72 frames.
WARNING (gmm-est-fmllr-gpost:Update():fmllr-diag-gmm.cc:162) Not updating fMLLR since below min-count: count is 73
LOG (gmm-est-fmllr-gpost:main():gmm-est-fmllr-gpost.cc:141) For speaker train_S4_8_6_16, auxf-impr from fMLLR is 0, over 73 frames.
LOG (gmm-est-fmllr-gpost:main():gmm-est-fmllr-gpost.cc:186) Done 231 files, 0 with no gposts, 0 with other errors.
LOG (gmm-est-fmllr-gpost:main():gmm-est-fmllr-gpost.cc:188) Overall fMLLR auxf impr per frame is 0 over 21386 frames.
# Accounting: time=1 threads=1
# Ended (code 0) at Mon Feb 10 15:33:45 IST 2020, elapsed time 1 seconds
