# ali-to-post "ark:gunzip -c exp/mono2_ali/pre_ali.25.gz|" ark:- | weight-silence-post 0.0 1 exp/mono2/final.alimdl ark:- ark:- | gmm-post-to-gpost exp/mono2/final.alimdl "ark,s,cs:apply-cmvn  --utt2spk=ark:data/train/split30/25/utt2spk scp:data/train/split30/25/cmvn.scp scp:data/train/split30/25/feats.scp ark:- | add-deltas  ark:- ark:- |" ark:- ark:- | gmm-est-fmllr-gpost --fmllr-update-type=full --spk2utt=ark:data/train/split30/25/spk2utt exp/mono2/final.mdl "ark,s,cs:apply-cmvn  --utt2spk=ark:data/train/split30/25/utt2spk scp:data/train/split30/25/cmvn.scp scp:data/train/split30/25/feats.scp ark:- | add-deltas  ark:- ark:- |" ark,s,cs:- ark:exp/mono2_ali/trans.25 
# Started at Mon Feb 10 15:33:44 IST 2020
#
gmm-post-to-gpost exp/mono2/final.alimdl 'ark,s,cs:apply-cmvn  --utt2spk=ark:data/train/split30/25/utt2spk scp:data/train/split30/25/cmvn.scp scp:data/train/split30/25/feats.scp ark:- | add-deltas  ark:- ark:- |' ark:- ark:- 
ali-to-post 'ark:gunzip -c exp/mono2_ali/pre_ali.25.gz|' ark:- 
weight-silence-post 0.0 1 exp/mono2/final.alimdl ark:- ark:- 
gmm-est-fmllr-gpost --fmllr-update-type=full --spk2utt=ark:data/train/split30/25/spk2utt exp/mono2/final.mdl 'ark,s,cs:apply-cmvn  --utt2spk=ark:data/train/split30/25/utt2spk scp:data/train/split30/25/cmvn.scp scp:data/train/split30/25/feats.scp ark:- | add-deltas  ark:- ark:- |' ark,s,cs:- ark:exp/mono2_ali/trans.25 
apply-cmvn --utt2spk=ark:data/train/split30/25/utt2spk scp:data/train/split30/25/cmvn.scp scp:data/train/split30/25/feats.scp ark:- 
add-deltas ark:- ark:- 
apply-cmvn --utt2spk=ark:data/train/split30/25/utt2spk scp:data/train/split30/25/cmvn.scp scp:data/train/split30/25/feats.scp ark:- 
add-deltas ark:- ark:- 
WARNING (gmm-est-fmllr-gpost:Update():fmllr-diag-gmm.cc:162) Not updating fMLLR since below min-count: count is 106
LOG (gmm-est-fmllr-gpost:main():gmm-est-fmllr-gpost.cc:141) For speaker train_S5_6_3_20, auxf-impr from fMLLR is 0, over 106 frames.
WARNING (gmm-est-fmllr-gpost:Update():fmllr-diag-gmm.cc:162) Not updating fMLLR since below min-count: count is 111
LOG (gmm-est-fmllr-gpost:main():gmm-est-fmllr-gpost.cc:141) For speaker train_S5_6_4_12, auxf-impr from fMLLR is 0, over 111 frames.
WARNING (gmm-est-fmllr-gpost:Update():fmllr-diag-gmm.cc:162) Not updating fMLLR since below min-count: count is 109
LOG (gmm-est-fmllr-gpost:main():gmm-est-fmllr-gpost.cc:141) For speaker train_S5_6_4_14, auxf-impr from fMLLR is 0, over 109 frames.
WARNING (gmm-est-fmllr-gpost:Update():fmllr-diag-gmm.cc:162) Not updating fMLLR since below min-count: count is 111
LOG (gmm-est-fmllr-gpost:main():gmm-est-fmllr-gpost.cc:141) For speaker train_S5_6_4_16, auxf-impr from fMLLR is 0, over 111 frames.
WARNING (gmm-est-fmllr-gpost:Update():fmllr-diag-gmm.cc:162) Not updating fMLLR since below min-count: count is 99
LOG (gmm-est-fmllr-gpost:main():gmm-est-fmllr-gpost.cc:141) For speaker train_S5_6_4_18, auxf-impr from fMLLR is 0, over 99 frames.
WARNING (gmm-est-fmllr-gpost:Update():fmllr-diag-gmm.cc:162) Not updating fMLLR since below min-count: count is 106
LOG (gmm-est-fmllr-gpost:main():gmm-est-fmllr-gpost.cc:141) For speaker train_S5_6_4_20, auxf-impr from fMLLR is 0, over 106 frames.
WARNING (gmm-est-fmllr-gpost:Update():fmllr-diag-gmm.cc:162) Not updating fMLLR since below min-count: count is 111
LOG (gmm-est-fmllr-gpost:main():gmm-est-fmllr-gpost.cc:141) For speaker train_S5_6_5_12, auxf-impr from fMLLR is 0, over 111 frames.
WARNING (gmm-est-fmllr-gpost:Update():fmllr-diag-gmm.cc:162) Not updating fMLLR since below min-count: count is 109
LOG (gmm-est-fmllr-gpost:main():gmm-est-fmllr-gpost.cc:141) For speaker train_S5_6_5_14, auxf-impr from fMLLR is 0, over 109 frames.
WARNING (gmm-est-fmllr-gpost:Update():fmllr-diag-gmm.cc:162) Not updating fMLLR since below min-count: count is 111
LOG (gmm-est-fmllr-gpost:main():gmm-est-fmllr-gpost.cc:141) For speaker train_S5_6_5_16, auxf-impr from fMLLR is 0, over 111 frames.
WARNING (gmm-est-fmllr-gpost:Update():fmllr-diag-gmm.cc:162) Not updating fMLLR since below min-count: count is 99
LOG (gmm-est-fmllr-gpost:main():gmm-est-fmllr-gpost.cc:141) For speaker train_S5_6_5_18, auxf-impr from fMLLR is 0, over 99 frames.
WARNING (gmm-est-fmllr-gpost:Update():fmllr-diag-gmm.cc:162) Not updating fMLLR since below min-count: count is 106
LOG (gmm-est-fmllr-gpost:main():gmm-est-fmllr-gpost.cc:141) For speaker train_S5_6_5_20, auxf-impr from fMLLR is 0, over 106 frames.
WARNING (gmm-est-fmllr-gpost:Update():fmllr-diag-gmm.cc:162) Not updating fMLLR since below min-count: count is 111
LOG (gmm-est-fmllr-gpost:main():gmm-est-fmllr-gpost.cc:141) For speaker train_S5_6_6_12, auxf-impr from fMLLR is 0, over 111 frames.
WARNING (gmm-est-fmllr-gpost:Update():fmllr-diag-gmm.cc:162) Not updating fMLLR since below min-count: count is 109
LOG (gmm-est-fmllr-gpost:main():gmm-est-fmllr-gpost.cc:141) For speaker train_S5_6_6_14, auxf-impr from fMLLR is 0, over 109 frames.
WARNING (gmm-est-fmllr-gpost:Update():fmllr-diag-gmm.cc:162) Not updating fMLLR since below min-count: count is 111
LOG (gmm-est-fmllr-gpost:main():gmm-est-fmllr-gpost.cc:141) For speaker train_S5_6_6_16, auxf-impr from fMLLR is 0, over 111 frames.
WARNING (gmm-est-fmllr-gpost:Update():fmllr-diag-gmm.cc:162) Not updating fMLLR since below min-count: count is 99
LOG (gmm-est-fmllr-gpost:main():gmm-est-fmllr-gpost.cc:141) For speaker train_S5_6_6_18, auxf-impr from fMLLR is 0, over 99 frames.
WARNING (gmm-est-fmllr-gpost:Update():fmllr-diag-gmm.cc:162) Not updating fMLLR since below min-count: count is 106
LOG (gmm-est-fmllr-gpost:main():gmm-est-fmllr-gpost.cc:141) For speaker train_S5_6_6_20, auxf-impr from fMLLR is 0, over 106 frames.
WARNING (gmm-est-fmllr-gpost:Update():fmllr-diag-gmm.cc:162) Not updating fMLLR since below min-count: count is 111
LOG (gmm-est-fmllr-gpost:main():gmm-est-fmllr-gpost.cc:141) For speaker train_S5_6_7_12, auxf-impr from fMLLR is 0, over 111 frames.
WARNING (gmm-est-fmllr-gpost:Update():fmllr-diag-gmm.cc:162) Not updating fMLLR since below min-count: count is 109
LOG (gmm-est-fmllr-gpost:main():gmm-est-fmllr-gpost.cc:141) For speaker train_S5_6_7_14, auxf-impr from fMLLR is 0, over 109 frames.
WARNING (gmm-est-fmllr-gpost:Update():fmllr-diag-gmm.cc:162) Not updating fMLLR since below min-count: count is 111
LOG (gmm-est-fmllr-gpost:main():gmm-est-fmllr-gpost.cc:141) For speaker train_S5_6_7_16, auxf-impr from fMLLR is 0, over 111 frames.
WARNING (gmm-est-fmllr-gpost:Update():fmllr-diag-gmm.cc:162) Not updating fMLLR since below min-count: count is 98
LOG (gmm-est-fmllr-gpost:main():gmm-est-fmllr-gpost.cc:141) For speaker train_S5_6_7_18, auxf-impr from fMLLR is 0, over 98 frames.
WARNING (gmm-est-fmllr-gpost:Update():fmllr-diag-gmm.cc:162) Not updating fMLLR since below min-count: count is 106
LOG (gmm-est-fmllr-gpost:main():gmm-est-fmllr-gpost.cc:141) For speaker train_S5_6_7_20, auxf-impr from fMLLR is 0, over 106 frames.
WARNING (gmm-est-fmllr-gpost:Update():fmllr-diag-gmm.cc:162) Not updating fMLLR since below min-count: count is 146
LOG (gmm-est-fmllr-gpost:main():gmm-est-fmllr-gpost.cc:141) For speaker train_S5_7_1_12, auxf-impr from fMLLR is 0, over 146 frames.
WARNING (gmm-est-fmllr-gpost:Update():fmllr-diag-gmm.cc:162) Not updating fMLLR since below min-count: count is 143
LOG (gmm-est-fmllr-gpost:main():gmm-est-fmllr-gpost.cc:141) For speaker train_S5_7_1_14, auxf-impr from fMLLR is 0, over 143 frames.
WARNING (gmm-est-fmllr-gpost:Update():fmllr-diag-gmm.cc:162) Not updating fMLLR since below min-count: count is 146
LOG (gmm-est-fmllr-gpost:main():gmm-est-fmllr-gpost.cc:141) For speaker train_S5_7_1_16, auxf-impr from fMLLR is 0, over 146 frames.
WARNING (gmm-est-fmllr-gpost:Update():fmllr-diag-gmm.cc:162) Not updating fMLLR since below min-count: count is 130
LOG (gmm-est-fmllr-gpost:main():gmm-est-fmllr-gpost.cc:141) For speaker train_S5_7_1_18, auxf-impr from fMLLR is 0, over 130 frames.
WARNING (gmm-est-fmllr-gpost:Update():fmllr-diag-gmm.cc:162) Not updating fMLLR since below min-count: count is 140
LOG (gmm-est-fmllr-gpost:main():gmm-est-fmllr-gpost.cc:141) For speaker train_S5_7_1_20, auxf-impr from fMLLR is 0, over 140 frames.
WARNING (gmm-est-fmllr-gpost:Update():fmllr-diag-gmm.cc:162) Not updating fMLLR since below min-count: count is 146
LOG (gmm-est-fmllr-gpost:main():gmm-est-fmllr-gpost.cc:141) For speaker train_S5_7_2_12, auxf-impr from fMLLR is 0, over 146 frames.
WARNING (gmm-est-fmllr-gpost:Update():fmllr-diag-gmm.cc:162) Not updating fMLLR since below min-count: count is 143
LOG (gmm-est-fmllr-gpost:main():gmm-est-fmllr-gpost.cc:141) For speaker train_S5_7_2_14, auxf-impr from fMLLR is 0, over 143 frames.
WARNING (gmm-est-fmllr-gpost:Update():fmllr-diag-gmm.cc:162) Not updating fMLLR since below min-count: count is 146
LOG (gmm-est-fmllr-gpost:main():gmm-est-fmllr-gpost.cc:141) For speaker train_S5_7_2_16, auxf-impr from fMLLR is 0, over 146 frames.
WARNING (gmm-est-fmllr-gpost:Update():fmllr-diag-gmm.cc:162) Not updating fMLLR since below min-count: count is 130
LOG (gmm-est-fmllr-gpost:main():gmm-est-fmllr-gpost.cc:141) For speaker train_S5_7_2_18, auxf-impr from fMLLR is 0, over 130 frames.
WARNING (gmm-est-fmllr-gpost:Update():fmllr-diag-gmm.cc:162) Not updating fMLLR since below min-count: count is 140
LOG (gmm-est-fmllr-gpost:main():gmm-est-fmllr-gpost.cc:141) For speaker train_S5_7_2_20, auxf-impr from fMLLR is 0, over 140 frames.
WARNING (gmm-est-fmllr-gpost:Update():fmllr-diag-gmm.cc:162) Not updating fMLLR since below min-count: count is 146
LOG (gmm-est-fmllr-gpost:main():gmm-est-fmllr-gpost.cc:141) For speaker train_S5_7_3_12, auxf-impr from fMLLR is 0, over 146 frames.
WARNING (gmm-est-fmllr-gpost:Update():fmllr-diag-gmm.cc:162) Not updating fMLLR since below min-count: count is 143
LOG (gmm-est-fmllr-gpost:main():gmm-est-fmllr-gpost.cc:141) For speaker train_S5_7_3_14, auxf-impr from fMLLR is 0, over 143 frames.
WARNING (gmm-est-fmllr-gpost:Update():fmllr-diag-gmm.cc:162) Not updating fMLLR since below min-count: count is 146
LOG (gmm-est-fmllr-gpost:main():gmm-est-fmllr-gpost.cc:141) For speaker train_S5_7_3_16, auxf-impr from fMLLR is 0, over 146 frames.
WARNING (gmm-est-fmllr-gpost:Update():fmllr-diag-gmm.cc:162) Not updating fMLLR since below min-count: count is 130
LOG (gmm-est-fmllr-gpost:main():gmm-est-fmllr-gpost.cc:141) For speaker train_S5_7_3_18, auxf-impr from fMLLR is 0, over 130 frames.
WARNING (gmm-est-fmllr-gpost:Update():fmllr-diag-gmm.cc:162) Not updating fMLLR since below min-count: count is 140
LOG (gmm-est-fmllr-gpost:main():gmm-est-fmllr-gpost.cc:141) For speaker train_S5_7_3_20, auxf-impr from fMLLR is 0, over 140 frames.
WARNING (gmm-est-fmllr-gpost:Update():fmllr-diag-gmm.cc:162) Not updating fMLLR since below min-count: count is 146
LOG (gmm-est-fmllr-gpost:main():gmm-est-fmllr-gpost.cc:141) For speaker train_S5_7_4_12, auxf-impr from fMLLR is 0, over 146 frames.
WARNING (gmm-est-fmllr-gpost:Update():fmllr-diag-gmm.cc:162) Not updating fMLLR since below min-count: count is 143
LOG (gmm-est-fmllr-gpost:main():gmm-est-fmllr-gpost.cc:141) For speaker train_S5_7_4_14, auxf-impr from fMLLR is 0, over 143 frames.
WARNING (gmm-est-fmllr-gpost:Update():fmllr-diag-gmm.cc:162) Not updating fMLLR since below min-count: count is 146
LOG (gmm-est-fmllr-gpost:main():gmm-est-fmllr-gpost.cc:141) For speaker train_S5_7_4_16, auxf-impr from fMLLR is 0, over 146 frames.
WARNING (gmm-est-fmllr-gpost:Update():fmllr-diag-gmm.cc:162) Not updating fMLLR since below min-count: count is 130
LOG (gmm-est-fmllr-gpost:main():gmm-est-fmllr-gpost.cc:141) For speaker train_S5_7_4_18, auxf-impr from fMLLR is 0, over 130 frames.
WARNING (gmm-est-fmllr-gpost:Update():fmllr-diag-gmm.cc:162) Not updating fMLLR since below min-count: count is 140
LOG (gmm-est-fmllr-gpost:main():gmm-est-fmllr-gpost.cc:141) For speaker train_S5_7_4_20, auxf-impr from fMLLR is 0, over 140 frames.
WARNING (gmm-est-fmllr-gpost:Update():fmllr-diag-gmm.cc:162) Not updating fMLLR since below min-count: count is 146
LOG (gmm-est-fmllr-gpost:main():gmm-est-fmllr-gpost.cc:141) For speaker train_S5_7_5_12, auxf-impr from fMLLR is 0, over 146 frames.
WARNING (gmm-est-fmllr-gpost:Update():fmllr-diag-gmm.cc:162) Not updating fMLLR since below min-count: count is 143
LOG (gmm-est-fmllr-gpost:main():gmm-est-fmllr-gpost.cc:141) For speaker train_S5_7_5_14, auxf-impr from fMLLR is 0, over 143 frames.
WARNING (gmm-est-fmllr-gpost:Update():fmllr-diag-gmm.cc:162) Not updating fMLLR since below min-count: count is 146
LOG (gmm-est-fmllr-gpost:main():gmm-est-fmllr-gpost.cc:141) For speaker train_S5_7_5_16, auxf-impr from fMLLR is 0, over 146 frames.
WARNING (gmm-est-fmllr-gpost:Update():fmllr-diag-gmm.cc:162) Not updating fMLLR since below min-count: count is 130
LOG (gmm-est-fmllr-gpost:main():gmm-est-fmllr-gpost.cc:141) For speaker train_S5_7_5_18, auxf-impr from fMLLR is 0, over 130 frames.
WARNING (gmm-est-fmllr-gpost:Update():fmllr-diag-gmm.cc:162) Not updating fMLLR since below min-count: count is 140
LOG (gmm-est-fmllr-gpost:main():gmm-est-fmllr-gpost.cc:141) For speaker train_S5_7_5_20, auxf-impr from fMLLR is 0, over 140 frames.
WARNING (gmm-est-fmllr-gpost:Update():fmllr-diag-gmm.cc:162) Not updating fMLLR since below min-count: count is 146
LOG (gmm-est-fmllr-gpost:main():gmm-est-fmllr-gpost.cc:141) For speaker train_S5_7_6_12, auxf-impr from fMLLR is 0, over 146 frames.
WARNING (gmm-est-fmllr-gpost:Update():fmllr-diag-gmm.cc:162) Not updating fMLLR since below min-count: count is 143
LOG (gmm-est-fmllr-gpost:main():gmm-est-fmllr-gpost.cc:141) For speaker train_S5_7_6_14, auxf-impr from fMLLR is 0, over 143 frames.
WARNING (gmm-est-fmllr-gpost:Update():fmllr-diag-gmm.cc:162) Not updating fMLLR since below min-count: count is 146
LOG (gmm-est-fmllr-gpost:main():gmm-est-fmllr-gpost.cc:141) For speaker train_S5_7_6_16, auxf-impr from fMLLR is 0, over 146 frames.
WARNING (gmm-est-fmllr-gpost:Update():fmllr-diag-gmm.cc:162) Not updating fMLLR since below min-count: count is 130
LOG (gmm-est-fmllr-gpost:main():gmm-est-fmllr-gpost.cc:141) For speaker train_S5_7_6_18, auxf-impr from fMLLR is 0, over 130 frames.
WARNING (gmm-est-fmllr-gpost:Update():fmllr-diag-gmm.cc:162) Not updating fMLLR since below min-count: count is 140
LOG (gmm-est-fmllr-gpost:main():gmm-est-fmllr-gpost.cc:141) For speaker train_S5_7_6_20, auxf-impr from fMLLR is 0, over 140 frames.
WARNING (gmm-est-fmllr-gpost:Update():fmllr-diag-gmm.cc:162) Not updating fMLLR since below min-count: count is 145
LOG (gmm-est-fmllr-gpost:main():gmm-est-fmllr-gpost.cc:141) For speaker train_S5_7_7_12, auxf-impr from fMLLR is 0, over 145 frames.
WARNING (gmm-est-fmllr-gpost:Update():fmllr-diag-gmm.cc:162) Not updating fMLLR since below min-count: count is 143
LOG (gmm-est-fmllr-gpost:main():gmm-est-fmllr-gpost.cc:141) For speaker train_S5_7_7_14, auxf-impr from fMLLR is 0, over 143 frames.
WARNING (gmm-est-fmllr-gpost:Update():fmllr-diag-gmm.cc:162) Not updating fMLLR since below min-count: count is 146
LOG (gmm-est-fmllr-gpost:main():gmm-est-fmllr-gpost.cc:141) For speaker train_S5_7_7_16, auxf-impr from fMLLR is 0, over 146 frames.
WARNING (gmm-est-fmllr-gpost:Update():fmllr-diag-gmm.cc:162) Not updating fMLLR since below min-count: count is 130
LOG (gmm-est-fmllr-gpost:main():gmm-est-fmllr-gpost.cc:141) For speaker train_S5_7_7_18, auxf-impr from fMLLR is 0, over 130 frames.
WARNING (gmm-est-fmllr-gpost:Update():fmllr-diag-gmm.cc:162) Not updating fMLLR since below min-count: count is 140
LOG (gmm-est-fmllr-gpost:main():gmm-est-fmllr-gpost.cc:141) For speaker train_S5_7_7_20, auxf-impr from fMLLR is 0, over 140 frames.
WARNING (gmm-est-fmllr-gpost:Update():fmllr-diag-gmm.cc:162) Not updating fMLLR since below min-count: count is 131
LOG (gmm-est-fmllr-gpost:main():gmm-est-fmllr-gpost.cc:141) For speaker train_S5_8_1_12, auxf-impr from fMLLR is 0, over 131 frames.
WARNING (gmm-est-fmllr-gpost:Update():fmllr-diag-gmm.cc:162) Not updating fMLLR since below min-count: count is 129
LOG (gmm-est-fmllr-gpost:main():gmm-est-fmllr-gpost.cc:141) For speaker train_S5_8_1_14, auxf-impr from fMLLR is 0, over 129 frames.
WARNING (gmm-est-fmllr-gpost:Update():fmllr-diag-gmm.cc:162) Not updating fMLLR since below min-count: count is 132
LOG (gmm-est-fmllr-gpost:main():gmm-est-fmllr-gpost.cc:141) For speaker train_S5_8_1_16, auxf-impr from fMLLR is 0, over 132 frames.
WARNING (gmm-est-fmllr-gpost:Update():fmllr-diag-gmm.cc:162) Not updating fMLLR since below min-count: count is 117
LOG (gmm-est-fmllr-gpost:main():gmm-est-fmllr-gpost.cc:141) For speaker train_S5_8_1_18, auxf-impr from fMLLR is 0, over 117 frames.
WARNING (gmm-est-fmllr-gpost:Update():fmllr-diag-gmm.cc:162) Not updating fMLLR since below min-count: count is 125
LOG (gmm-est-fmllr-gpost:main():gmm-est-fmllr-gpost.cc:141) For speaker train_S5_8_1_20, auxf-impr from fMLLR is 0, over 125 frames.
WARNING (gmm-est-fmllr-gpost:Update():fmllr-diag-gmm.cc:162) Not updating fMLLR since below min-count: count is 131
LOG (gmm-est-fmllr-gpost:main():gmm-est-fmllr-gpost.cc:141) For speaker train_S5_8_2_12, auxf-impr from fMLLR is 0, over 131 frames.
WARNING (gmm-est-fmllr-gpost:Update():fmllr-diag-gmm.cc:162) Not updating fMLLR since below min-count: count is 129
LOG (gmm-est-fmllr-gpost:main():gmm-est-fmllr-gpost.cc:141) For speaker train_S5_8_2_14, auxf-impr from fMLLR is 0, over 129 frames.
WARNING (gmm-est-fmllr-gpost:Update():fmllr-diag-gmm.cc:162) Not updating fMLLR since below min-count: count is 132
LOG (gmm-est-fmllr-gpost:main():gmm-est-fmllr-gpost.cc:141) For speaker train_S5_8_2_16, auxf-impr from fMLLR is 0, over 132 frames.
WARNING (gmm-est-fmllr-gpost:Update():fmllr-diag-gmm.cc:162) Not updating fMLLR since below min-count: count is 117
LOG (gmm-est-fmllr-gpost:main():gmm-est-fmllr-gpost.cc:141) For speaker train_S5_8_2_18, auxf-impr from fMLLR is 0, over 117 frames.
WARNING (gmm-est-fmllr-gpost:Update():fmllr-diag-gmm.cc:162) Not updating fMLLR since below min-count: count is 126
LOG (gmm-est-fmllr-gpost:main():gmm-est-fmllr-gpost.cc:141) For speaker train_S5_8_2_20, auxf-impr from fMLLR is 0, over 126 frames.
WARNING (gmm-est-fmllr-gpost:Update():fmllr-diag-gmm.cc:162) Not updating fMLLR since below min-count: count is 131
LOG (gmm-est-fmllr-gpost:main():gmm-est-fmllr-gpost.cc:141) For speaker train_S5_8_3_12, auxf-impr from fMLLR is 0, over 131 frames.
WARNING (gmm-est-fmllr-gpost:Update():fmllr-diag-gmm.cc:162) Not updating fMLLR since below min-count: count is 129
LOG (gmm-est-fmllr-gpost:main():gmm-est-fmllr-gpost.cc:141) For speaker train_S5_8_3_14, auxf-impr from fMLLR is 0, over 129 frames.
WARNING (gmm-est-fmllr-gpost:Update():fmllr-diag-gmm.cc:162) Not updating fMLLR since below min-count: count is 132
LOG (gmm-est-fmllr-gpost:main():gmm-est-fmllr-gpost.cc:141) For speaker train_S5_8_3_16, auxf-impr from fMLLR is 0, over 132 frames.
WARNING (gmm-est-fmllr-gpost:Update():fmllr-diag-gmm.cc:162) Not updating fMLLR since below min-count: count is 117
LOG (gmm-est-fmllr-gpost:main():gmm-est-fmllr-gpost.cc:141) For speaker train_S5_8_3_18, auxf-impr from fMLLR is 0, over 117 frames.
WARNING (gmm-est-fmllr-gpost:Update():fmllr-diag-gmm.cc:162) Not updating fMLLR since below min-count: count is 126
LOG (gmm-est-fmllr-gpost:main():gmm-est-fmllr-gpost.cc:141) For speaker train_S5_8_3_20, auxf-impr from fMLLR is 0, over 126 frames.
WARNING (gmm-est-fmllr-gpost:Update():fmllr-diag-gmm.cc:162) Not updating fMLLR since below min-count: count is 131
LOG (gmm-est-fmllr-gpost:main():gmm-est-fmllr-gpost.cc:141) For speaker train_S5_8_4_12, auxf-impr from fMLLR is 0, over 131 frames.
WARNING (gmm-est-fmllr-gpost:Update():fmllr-diag-gmm.cc:162) Not updating fMLLR since below min-count: count is 129
LOG (gmm-est-fmllr-gpost:main():gmm-est-fmllr-gpost.cc:141) For speaker train_S5_8_4_14, auxf-impr from fMLLR is 0, over 129 frames.
WARNING (gmm-est-fmllr-gpost:Update():fmllr-diag-gmm.cc:162) Not updating fMLLR since below min-count: count is 132
LOG (gmm-est-fmllr-gpost:main():gmm-est-fmllr-gpost.cc:141) For speaker train_S5_8_4_16, auxf-impr from fMLLR is 0, over 132 frames.
WARNING (gmm-est-fmllr-gpost:Update():fmllr-diag-gmm.cc:162) Not updating fMLLR since below min-count: count is 117
LOG (gmm-est-fmllr-gpost:main():gmm-est-fmllr-gpost.cc:141) For speaker train_S5_8_4_18, auxf-impr from fMLLR is 0, over 117 frames.
WARNING (gmm-est-fmllr-gpost:Update():fmllr-diag-gmm.cc:162) Not updating fMLLR since below min-count: count is 125
LOG (gmm-est-fmllr-gpost:main():gmm-est-fmllr-gpost.cc:141) For speaker train_S5_8_4_20, auxf-impr from fMLLR is 0, over 125 frames.
WARNING (gmm-est-fmllr-gpost:Update():fmllr-diag-gmm.cc:162) Not updating fMLLR since below min-count: count is 131
LOG (gmm-est-fmllr-gpost:main():gmm-est-fmllr-gpost.cc:141) For speaker train_S5_8_5_12, auxf-impr from fMLLR is 0, over 131 frames.
WARNING (gmm-est-fmllr-gpost:Update():fmllr-diag-gmm.cc:162) Not updating fMLLR since below min-count: count is 129
LOG (gmm-est-fmllr-gpost:main():gmm-est-fmllr-gpost.cc:141) For speaker train_S5_8_5_14, auxf-impr from fMLLR is 0, over 129 frames.
WARNING (gmm-est-fmllr-gpost:Update():fmllr-diag-gmm.cc:162) Not updating fMLLR since below min-count: count is 132
LOG (gmm-est-fmllr-gpost:main():gmm-est-fmllr-gpost.cc:141) For speaker train_S5_8_5_16, auxf-impr from fMLLR is 0, over 132 frames.
WARNING (gmm-est-fmllr-gpost:Update():fmllr-diag-gmm.cc:162) Not updating fMLLR since below min-count: count is 117
LOG (gmm-est-fmllr-gpost:main():gmm-est-fmllr-gpost.cc:141) For speaker train_S5_8_5_18, auxf-impr from fMLLR is 0, over 117 frames.
WARNING (gmm-est-fmllr-gpost:Update():fmllr-diag-gmm.cc:162) Not updating fMLLR since below min-count: count is 125
LOG (gmm-est-fmllr-gpost:main():gmm-est-fmllr-gpost.cc:141) For speaker train_S5_8_5_20, auxf-impr from fMLLR is 0, over 125 frames.
WARNING (gmm-est-fmllr-gpost:Update():fmllr-diag-gmm.cc:162) Not updating fMLLR since below min-count: count is 131
LOG (gmm-est-fmllr-gpost:main():gmm-est-fmllr-gpost.cc:141) For speaker train_S5_8_6_12, auxf-impr from fMLLR is 0, over 131 frames.
WARNING (gmm-est-fmllr-gpost:Update():fmllr-diag-gmm.cc:162) Not updating fMLLR since below min-count: count is 129
LOG (gmm-est-fmllr-gpost:main():gmm-est-fmllr-gpost.cc:141) For speaker train_S5_8_6_14, auxf-impr from fMLLR is 0, over 129 frames.
WARNING (gmm-est-fmllr-gpost:Update():fmllr-diag-gmm.cc:162) Not updating fMLLR since below min-count: count is 132
LOG (gmm-est-fmllr-gpost:main():gmm-est-fmllr-gpost.cc:141) For speaker train_S5_8_6_16, auxf-impr from fMLLR is 0, over 132 frames.
WARNING (gmm-est-fmllr-gpost:Update():fmllr-diag-gmm.cc:162) Not updating fMLLR since below min-count: count is 117
LOG (gmm-est-fmllr-gpost:main():gmm-est-fmllr-gpost.cc:141) For speaker train_S5_8_6_18, auxf-impr from fMLLR is 0, over 117 frames.
WARNING (gmm-est-fmllr-gpost:Update():fmllr-diag-gmm.cc:162) Not updating fMLLR since below min-count: count is 125
LOG (gmm-est-fmllr-gpost:main():gmm-est-fmllr-gpost.cc:141) For speaker train_S5_8_6_20, auxf-impr from fMLLR is 0, over 125 frames.
WARNING (gmm-est-fmllr-gpost:Update():fmllr-diag-gmm.cc:162) Not updating fMLLR since below min-count: count is 131
LOG (gmm-est-fmllr-gpost:main():gmm-est-fmllr-gpost.cc:141) For speaker train_S5_8_7_12, auxf-impr from fMLLR is 0, over 131 frames.
WARNING (gmm-est-fmllr-gpost:Update():fmllr-diag-gmm.cc:162) Not updating fMLLR since below min-count: count is 129
LOG (gmm-est-fmllr-gpost:main():gmm-est-fmllr-gpost.cc:141) For speaker train_S5_8_7_14, auxf-impr from fMLLR is 0, over 129 frames.
WARNING (gmm-est-fmllr-gpost:Update():fmllr-diag-gmm.cc:162) Not updating fMLLR since below min-count: count is 132
LOG (gmm-est-fmllr-gpost:main():gmm-est-fmllr-gpost.cc:141) For speaker train_S5_8_7_16, auxf-impr from fMLLR is 0, over 132 frames.
WARNING (gmm-est-fmllr-gpost:Update():fmllr-diag-gmm.cc:162) Not updating fMLLR since below min-count: count is 117
LOG (gmm-est-fmllr-gpost:main():gmm-est-fmllr-gpost.cc:141) For speaker train_S5_8_7_18, auxf-impr from fMLLR is 0, over 117 frames.
WARNING (gmm-est-fmllr-gpost:Update():fmllr-diag-gmm.cc:162) Not updating fMLLR since below min-count: count is 125
LOG (gmm-est-fmllr-gpost:main():gmm-est-fmllr-gpost.cc:141) For speaker train_S5_8_7_20, auxf-impr from fMLLR is 0, over 125 frames.
WARNING (gmm-est-fmllr-gpost:Update():fmllr-diag-gmm.cc:162) Not updating fMLLR since below min-count: count is 138
LOG (gmm-est-fmllr-gpost:main():gmm-est-fmllr-gpost.cc:141) For speaker train_S5_9_1_12, auxf-impr from fMLLR is 0, over 138 frames.
WARNING (gmm-est-fmllr-gpost:Update():fmllr-diag-gmm.cc:162) Not updating fMLLR since below min-count: count is 135
LOG (gmm-est-fmllr-gpost:main():gmm-est-fmllr-gpost.cc:141) For speaker train_S5_9_1_14, auxf-impr from fMLLR is 0, over 135 frames.
WARNING (gmm-est-fmllr-gpost:Update():fmllr-diag-gmm.cc:162) Not updating fMLLR since below min-count: count is 138
LOG (gmm-est-fmllr-gpost:main():gmm-est-fmllr-gpost.cc:141) For speaker train_S5_9_1_16, auxf-impr from fMLLR is 0, over 138 frames.
WARNING (gmm-est-fmllr-gpost:Update():fmllr-diag-gmm.cc:162) Not updating fMLLR since below min-count: count is 122
LOG (gmm-est-fmllr-gpost:main():gmm-est-fmllr-gpost.cc:141) For speaker train_S5_9_1_18, auxf-impr from fMLLR is 0, over 122 frames.
WARNING (gmm-est-fmllr-gpost:Update():fmllr-diag-gmm.cc:162) Not updating fMLLR since below min-count: count is 132
LOG (gmm-est-fmllr-gpost:main():gmm-est-fmllr-gpost.cc:141) For speaker train_S5_9_1_20, auxf-impr from fMLLR is 0, over 132 frames.
WARNING (gmm-est-fmllr-gpost:Update():fmllr-diag-gmm.cc:162) Not updating fMLLR since below min-count: count is 138
LOG (gmm-est-fmllr-gpost:main():gmm-est-fmllr-gpost.cc:141) For speaker train_S5_9_2_12, auxf-impr from fMLLR is 0, over 138 frames.
WARNING (gmm-est-fmllr-gpost:Update():fmllr-diag-gmm.cc:162) Not updating fMLLR since below min-count: count is 135
LOG (gmm-est-fmllr-gpost:main():gmm-est-fmllr-gpost.cc:141) For speaker train_S5_9_2_14, auxf-impr from fMLLR is 0, over 135 frames.
WARNING (gmm-est-fmllr-gpost:Update():fmllr-diag-gmm.cc:162) Not updating fMLLR since below min-count: count is 138
LOG (gmm-est-fmllr-gpost:main():gmm-est-fmllr-gpost.cc:141) For speaker train_S5_9_2_16, auxf-impr from fMLLR is 0, over 138 frames.
WARNING (gmm-est-fmllr-gpost:Update():fmllr-diag-gmm.cc:162) Not updating fMLLR since below min-count: count is 122
LOG (gmm-est-fmllr-gpost:main():gmm-est-fmllr-gpost.cc:141) For speaker train_S5_9_2_18, auxf-impr from fMLLR is 0, over 122 frames.
WARNING (gmm-est-fmllr-gpost:Update():fmllr-diag-gmm.cc:162) Not updating fMLLR since below min-count: count is 132
LOG (gmm-est-fmllr-gpost:main():gmm-est-fmllr-gpost.cc:141) For speaker train_S5_9_2_20, auxf-impr from fMLLR is 0, over 132 frames.
WARNING (gmm-est-fmllr-gpost:Update():fmllr-diag-gmm.cc:162) Not updating fMLLR since below min-count: count is 138
LOG (gmm-est-fmllr-gpost:main():gmm-est-fmllr-gpost.cc:141) For speaker train_S5_9_3_12, auxf-impr from fMLLR is 0, over 138 frames.
WARNING (gmm-est-fmllr-gpost:Update():fmllr-diag-gmm.cc:162) Not updating fMLLR since below min-count: count is 135
LOG (gmm-est-fmllr-gpost:main():gmm-est-fmllr-gpost.cc:141) For speaker train_S5_9_3_14, auxf-impr from fMLLR is 0, over 135 frames.
WARNING (gmm-est-fmllr-gpost:Update():fmllr-diag-gmm.cc:162) Not updating fMLLR since below min-count: count is 138
LOG (gmm-est-fmllr-gpost:main():gmm-est-fmllr-gpost.cc:141) For speaker train_S5_9_3_16, auxf-impr from fMLLR is 0, over 138 frames.
WARNING (gmm-est-fmllr-gpost:Update():fmllr-diag-gmm.cc:162) Not updating fMLLR since below min-count: count is 122
LOG (gmm-est-fmllr-gpost:main():gmm-est-fmllr-gpost.cc:141) For speaker train_S5_9_3_18, auxf-impr from fMLLR is 0, over 122 frames.
WARNING (gmm-est-fmllr-gpost:Update():fmllr-diag-gmm.cc:162) Not updating fMLLR since below min-count: count is 132
LOG (gmm-est-fmllr-gpost:main():gmm-est-fmllr-gpost.cc:141) For speaker train_S5_9_3_20, auxf-impr from fMLLR is 0, over 132 frames.
WARNING (gmm-est-fmllr-gpost:Update():fmllr-diag-gmm.cc:162) Not updating fMLLR since below min-count: count is 138
LOG (gmm-est-fmllr-gpost:main():gmm-est-fmllr-gpost.cc:141) For speaker train_S5_9_4_12, auxf-impr from fMLLR is 0, over 138 frames.
WARNING (gmm-est-fmllr-gpost:Update():fmllr-diag-gmm.cc:162) Not updating fMLLR since below min-count: count is 135
LOG (gmm-est-fmllr-gpost:main():gmm-est-fmllr-gpost.cc:141) For speaker train_S5_9_4_14, auxf-impr from fMLLR is 0, over 135 frames.
WARNING (gmm-est-fmllr-gpost:Update():fmllr-diag-gmm.cc:162) Not updating fMLLR since below min-count: count is 138
LOG (gmm-est-fmllr-gpost:main():gmm-est-fmllr-gpost.cc:141) For speaker train_S5_9_4_16, auxf-impr from fMLLR is 0, over 138 frames.
WARNING (gmm-est-fmllr-gpost:Update():fmllr-diag-gmm.cc:162) Not updating fMLLR since below min-count: count is 122
LOG (gmm-est-fmllr-gpost:main():gmm-est-fmllr-gpost.cc:141) For speaker train_S5_9_4_18, auxf-impr from fMLLR is 0, over 122 frames.
WARNING (gmm-est-fmllr-gpost:Update():fmllr-diag-gmm.cc:162) Not updating fMLLR since below min-count: count is 132
LOG (gmm-est-fmllr-gpost:main():gmm-est-fmllr-gpost.cc:141) For speaker train_S5_9_4_20, auxf-impr from fMLLR is 0, over 132 frames.
WARNING (gmm-est-fmllr-gpost:Update():fmllr-diag-gmm.cc:162) Not updating fMLLR since below min-count: count is 138
LOG (gmm-est-fmllr-gpost:main():gmm-est-fmllr-gpost.cc:141) For speaker train_S5_9_5_12, auxf-impr from fMLLR is 0, over 138 frames.
WARNING (gmm-est-fmllr-gpost:Update():fmllr-diag-gmm.cc:162) Not updating fMLLR since below min-count: count is 135
LOG (gmm-est-fmllr-gpost:main():gmm-est-fmllr-gpost.cc:141) For speaker train_S5_9_5_14, auxf-impr from fMLLR is 0, over 135 frames.
WARNING (gmm-est-fmllr-gpost:Update():fmllr-diag-gmm.cc:162) Not updating fMLLR since below min-count: count is 138
LOG (gmm-est-fmllr-gpost:main():gmm-est-fmllr-gpost.cc:141) For speaker train_S5_9_5_16, auxf-impr from fMLLR is 0, over 138 frames.
WARNING (gmm-est-fmllr-gpost:Update():fmllr-diag-gmm.cc:162) Not updating fMLLR since below min-count: count is 122
LOG (gmm-est-fmllr-gpost:main():gmm-est-fmllr-gpost.cc:141) For speaker train_S5_9_5_18, auxf-impr from fMLLR is 0, over 122 frames.
WARNING (gmm-est-fmllr-gpost:Update():fmllr-diag-gmm.cc:162) Not updating fMLLR since below min-count: count is 132
LOG (gmm-est-fmllr-gpost:main():gmm-est-fmllr-gpost.cc:141) For speaker train_S5_9_5_20, auxf-impr from fMLLR is 0, over 132 frames.
WARNING (gmm-est-fmllr-gpost:Update():fmllr-diag-gmm.cc:162) Not updating fMLLR since below min-count: count is 138
LOG (gmm-est-fmllr-gpost:main():gmm-est-fmllr-gpost.cc:141) For speaker train_S5_9_6_12, auxf-impr from fMLLR is 0, over 138 frames.
WARNING (gmm-est-fmllr-gpost:Update():fmllr-diag-gmm.cc:162) Not updating fMLLR since below min-count: count is 135
LOG (gmm-est-fmllr-gpost:main():gmm-est-fmllr-gpost.cc:141) For speaker train_S5_9_6_14, auxf-impr from fMLLR is 0, over 135 frames.
WARNING (gmm-est-fmllr-gpost:Update():fmllr-diag-gmm.cc:162) Not updating fMLLR since below min-count: count is 138
LOG (gmm-est-fmllr-gpost:main():gmm-est-fmllr-gpost.cc:141) For speaker train_S5_9_6_16, auxf-impr from fMLLR is 0, over 138 frames.
WARNING (gmm-est-fmllr-gpost:Update():fmllr-diag-gmm.cc:162) Not updating fMLLR since below min-count: count is 122
LOG (gmm-est-fmllr-gpost:main():gmm-est-fmllr-gpost.cc:141) For speaker train_S5_9_6_18, auxf-impr from fMLLR is 0, over 122 frames.
WARNING (gmm-est-fmllr-gpost:Update():fmllr-diag-gmm.cc:162) Not updating fMLLR since below min-count: count is 132
LOG (gmm-est-fmllr-gpost:main():gmm-est-fmllr-gpost.cc:141) For speaker train_S5_9_6_20, auxf-impr from fMLLR is 0, over 132 frames.
WARNING (gmm-est-fmllr-gpost:Update():fmllr-diag-gmm.cc:162) Not updating fMLLR since below min-count: count is 138
LOG (gmm-est-fmllr-gpost:main():gmm-est-fmllr-gpost.cc:141) For speaker train_S5_9_7_12, auxf-impr from fMLLR is 0, over 138 frames.
WARNING (gmm-est-fmllr-gpost:Update():fmllr-diag-gmm.cc:162) Not updating fMLLR since below min-count: count is 135
LOG (gmm-est-fmllr-gpost:main():gmm-est-fmllr-gpost.cc:141) For speaker train_S5_9_7_14, auxf-impr from fMLLR is 0, over 135 frames.
WARNING (gmm-est-fmllr-gpost:Update():fmllr-diag-gmm.cc:162) Not updating fMLLR since below min-count: count is 138
LOG (gmm-est-fmllr-gpost:main():gmm-est-fmllr-gpost.cc:141) For speaker train_S5_9_7_16, auxf-impr from fMLLR is 0, over 138 frames.
WARNING (gmm-est-fmllr-gpost:Update():fmllr-diag-gmm.cc:162) Not updating fMLLR since below min-count: count is 122
LOG (gmm-est-fmllr-gpost:main():gmm-est-fmllr-gpost.cc:141) For speaker train_S5_9_7_18, auxf-impr from fMLLR is 0, over 122 frames.
WARNING (gmm-est-fmllr-gpost:Update():fmllr-diag-gmm.cc:162) Not updating fMLLR since below min-count: count is 132
LOG (gmm-est-fmllr-gpost:main():gmm-est-fmllr-gpost.cc:141) For speaker train_S5_9_7_20, auxf-impr from fMLLR is 0, over 132 frames.
WARNING (gmm-est-fmllr-gpost:Update():fmllr-diag-gmm.cc:162) Not updating fMLLR since below min-count: count is 144
LOG (gmm-est-fmllr-gpost:main():gmm-est-fmllr-gpost.cc:141) For speaker train_S6_10_1_12, auxf-impr from fMLLR is 0, over 144 frames.
WARNING (gmm-est-fmllr-gpost:Update():fmllr-diag-gmm.cc:162) Not updating fMLLR since below min-count: count is 142
LOG (gmm-est-fmllr-gpost:main():gmm-est-fmllr-gpost.cc:141) For speaker train_S6_10_1_14, auxf-impr from fMLLR is 0, over 142 frames.
WARNING (gmm-est-fmllr-gpost:Update():fmllr-diag-gmm.cc:162) Not updating fMLLR since below min-count: count is 144
LOG (gmm-est-fmllr-gpost:main():gmm-est-fmllr-gpost.cc:141) For speaker train_S6_10_1_16, auxf-impr from fMLLR is 0, over 144 frames.
WARNING (gmm-est-fmllr-gpost:Update():fmllr-diag-gmm.cc:162) Not updating fMLLR since below min-count: count is 128
LOG (gmm-est-fmllr-gpost:main():gmm-est-fmllr-gpost.cc:141) For speaker train_S6_10_1_18, auxf-impr from fMLLR is 0, over 128 frames.
WARNING (gmm-est-fmllr-gpost:Update():fmllr-diag-gmm.cc:162) Not updating fMLLR since below min-count: count is 138
LOG (gmm-est-fmllr-gpost:main():gmm-est-fmllr-gpost.cc:141) For speaker train_S6_10_1_20, auxf-impr from fMLLR is 0, over 138 frames.
WARNING (gmm-est-fmllr-gpost:Update():fmllr-diag-gmm.cc:162) Not updating fMLLR since below min-count: count is 144
LOG (gmm-est-fmllr-gpost:main():gmm-est-fmllr-gpost.cc:141) For speaker train_S6_10_2_12, auxf-impr from fMLLR is 0, over 144 frames.
WARNING (gmm-est-fmllr-gpost:Update():fmllr-diag-gmm.cc:162) Not updating fMLLR since below min-count: count is 142
LOG (gmm-est-fmllr-gpost:main():gmm-est-fmllr-gpost.cc:141) For speaker train_S6_10_2_14, auxf-impr from fMLLR is 0, over 142 frames.
WARNING (gmm-est-fmllr-gpost:Update():fmllr-diag-gmm.cc:162) Not updating fMLLR since below min-count: count is 145
LOG (gmm-est-fmllr-gpost:main():gmm-est-fmllr-gpost.cc:141) For speaker train_S6_10_2_16, auxf-impr from fMLLR is 0, over 145 frames.
WARNING (gmm-est-fmllr-gpost:Update():fmllr-diag-gmm.cc:162) Not updating fMLLR since below min-count: count is 128
LOG (gmm-est-fmllr-gpost:main():gmm-est-fmllr-gpost.cc:141) For speaker train_S6_10_2_18, auxf-impr from fMLLR is 0, over 128 frames.
WARNING (gmm-est-fmllr-gpost:Update():fmllr-diag-gmm.cc:162) Not updating fMLLR since below min-count: count is 138
LOG (gmm-est-fmllr-gpost:main():gmm-est-fmllr-gpost.cc:141) For speaker train_S6_10_2_20, auxf-impr from fMLLR is 0, over 138 frames.
WARNING (gmm-est-fmllr-gpost:Update():fmllr-diag-gmm.cc:162) Not updating fMLLR since below min-count: count is 144
LOG (gmm-est-fmllr-gpost:main():gmm-est-fmllr-gpost.cc:141) For speaker train_S6_10_3_12, auxf-impr from fMLLR is 0, over 144 frames.
WARNING (gmm-est-fmllr-gpost:Update():fmllr-diag-gmm.cc:162) Not updating fMLLR since below min-count: count is 141
LOG (gmm-est-fmllr-gpost:main():gmm-est-fmllr-gpost.cc:141) For speaker train_S6_10_3_14, auxf-impr from fMLLR is 0, over 141 frames.
WARNING (gmm-est-fmllr-gpost:Update():fmllr-diag-gmm.cc:162) Not updating fMLLR since below min-count: count is 145
LOG (gmm-est-fmllr-gpost:main():gmm-est-fmllr-gpost.cc:141) For speaker train_S6_10_3_16, auxf-impr from fMLLR is 0, over 145 frames.
WARNING (gmm-est-fmllr-gpost:Update():fmllr-diag-gmm.cc:162) Not updating fMLLR since below min-count: count is 128
LOG (gmm-est-fmllr-gpost:main():gmm-est-fmllr-gpost.cc:141) For speaker train_S6_10_3_18, auxf-impr from fMLLR is 0, over 128 frames.
WARNING (gmm-est-fmllr-gpost:Update():fmllr-diag-gmm.cc:162) Not updating fMLLR since below min-count: count is 138
LOG (gmm-est-fmllr-gpost:main():gmm-est-fmllr-gpost.cc:141) For speaker train_S6_10_3_20, auxf-impr from fMLLR is 0, over 138 frames.
WARNING (gmm-est-fmllr-gpost:Update():fmllr-diag-gmm.cc:162) Not updating fMLLR since below min-count: count is 144
LOG (gmm-est-fmllr-gpost:main():gmm-est-fmllr-gpost.cc:141) For speaker train_S6_10_4_12, auxf-impr from fMLLR is 0, over 144 frames.
WARNING (gmm-est-fmllr-gpost:Update():fmllr-diag-gmm.cc:162) Not updating fMLLR since below min-count: count is 141
LOG (gmm-est-fmllr-gpost:main():gmm-est-fmllr-gpost.cc:141) For speaker train_S6_10_4_14, auxf-impr from fMLLR is 0, over 141 frames.
WARNING (gmm-est-fmllr-gpost:Update():fmllr-diag-gmm.cc:162) Not updating fMLLR since below min-count: count is 144
LOG (gmm-est-fmllr-gpost:main():gmm-est-fmllr-gpost.cc:141) For speaker train_S6_10_4_16, auxf-impr from fMLLR is 0, over 144 frames.
WARNING (gmm-est-fmllr-gpost:Update():fmllr-diag-gmm.cc:162) Not updating fMLLR since below min-count: count is 128
LOG (gmm-est-fmllr-gpost:main():gmm-est-fmllr-gpost.cc:141) For speaker train_S6_10_4_18, auxf-impr from fMLLR is 0, over 128 frames.
WARNING (gmm-est-fmllr-gpost:Update():fmllr-diag-gmm.cc:162) Not updating fMLLR since below min-count: count is 138
LOG (gmm-est-fmllr-gpost:main():gmm-est-fmllr-gpost.cc:141) For speaker train_S6_10_4_20, auxf-impr from fMLLR is 0, over 138 frames.
WARNING (gmm-est-fmllr-gpost:Update():fmllr-diag-gmm.cc:162) Not updating fMLLR since below min-count: count is 144
LOG (gmm-est-fmllr-gpost:main():gmm-est-fmllr-gpost.cc:141) For speaker train_S6_10_5_12, auxf-impr from fMLLR is 0, over 144 frames.
WARNING (gmm-est-fmllr-gpost:Update():fmllr-diag-gmm.cc:162) Not updating fMLLR since below min-count: count is 141
LOG (gmm-est-fmllr-gpost:main():gmm-est-fmllr-gpost.cc:141) For speaker train_S6_10_5_14, auxf-impr from fMLLR is 0, over 141 frames.
WARNING (gmm-est-fmllr-gpost:Update():fmllr-diag-gmm.cc:162) Not updating fMLLR since below min-count: count is 144
LOG (gmm-est-fmllr-gpost:main():gmm-est-fmllr-gpost.cc:141) For speaker train_S6_10_5_16, auxf-impr from fMLLR is 0, over 144 frames.
WARNING (gmm-est-fmllr-gpost:Update():fmllr-diag-gmm.cc:162) Not updating fMLLR since below min-count: count is 128
LOG (gmm-est-fmllr-gpost:main():gmm-est-fmllr-gpost.cc:141) For speaker train_S6_10_5_18, auxf-impr from fMLLR is 0, over 128 frames.
WARNING (gmm-est-fmllr-gpost:Update():fmllr-diag-gmm.cc:162) Not updating fMLLR since below min-count: count is 138
LOG (gmm-est-fmllr-gpost:main():gmm-est-fmllr-gpost.cc:141) For speaker train_S6_10_5_20, auxf-impr from fMLLR is 0, over 138 frames.
WARNING (gmm-est-fmllr-gpost:Update():fmllr-diag-gmm.cc:162) Not updating fMLLR since below min-count: count is 145
LOG (gmm-est-fmllr-gpost:main():gmm-est-fmllr-gpost.cc:141) For speaker train_S6_10_6_12, auxf-impr from fMLLR is 0, over 145 frames.
WARNING (gmm-est-fmllr-gpost:Update():fmllr-diag-gmm.cc:162) Not updating fMLLR since below min-count: count is 142
LOG (gmm-est-fmllr-gpost:main():gmm-est-fmllr-gpost.cc:141) For speaker train_S6_10_6_14, auxf-impr from fMLLR is 0, over 142 frames.
WARNING (gmm-est-fmllr-gpost:Update():fmllr-diag-gmm.cc:162) Not updating fMLLR since below min-count: count is 145
LOG (gmm-est-fmllr-gpost:main():gmm-est-fmllr-gpost.cc:141) For speaker train_S6_10_6_16, auxf-impr from fMLLR is 0, over 145 frames.
WARNING (gmm-est-fmllr-gpost:Update():fmllr-diag-gmm.cc:162) Not updating fMLLR since below min-count: count is 128
LOG (gmm-est-fmllr-gpost:main():gmm-est-fmllr-gpost.cc:141) For speaker train_S6_10_6_18, auxf-impr from fMLLR is 0, over 128 frames.
WARNING (gmm-est-fmllr-gpost:Update():fmllr-diag-gmm.cc:162) Not updating fMLLR since below min-count: count is 138
LOG (gmm-est-fmllr-gpost:main():gmm-est-fmllr-gpost.cc:141) For speaker train_S6_10_6_20, auxf-impr from fMLLR is 0, over 138 frames.
WARNING (gmm-est-fmllr-gpost:Update():fmllr-diag-gmm.cc:162) Not updating fMLLR since below min-count: count is 144
LOG (gmm-est-fmllr-gpost:main():gmm-est-fmllr-gpost.cc:141) For speaker train_S6_10_7_12, auxf-impr from fMLLR is 0, over 144 frames.
WARNING (gmm-est-fmllr-gpost:Update():fmllr-diag-gmm.cc:162) Not updating fMLLR since below min-count: count is 142
LOG (gmm-est-fmllr-gpost:main():gmm-est-fmllr-gpost.cc:141) For speaker train_S6_10_7_14, auxf-impr from fMLLR is 0, over 142 frames.
WARNING (gmm-est-fmllr-gpost:Update():fmllr-diag-gmm.cc:162) Not updating fMLLR since below min-count: count is 144
LOG (gmm-est-fmllr-gpost:main():gmm-est-fmllr-gpost.cc:141) For speaker train_S6_10_7_16, auxf-impr from fMLLR is 0, over 144 frames.
WARNING (gmm-est-fmllr-gpost:Update():fmllr-diag-gmm.cc:162) Not updating fMLLR since below min-count: count is 128
LOG (gmm-est-fmllr-gpost:main():gmm-est-fmllr-gpost.cc:141) For speaker train_S6_10_7_18, auxf-impr from fMLLR is 0, over 128 frames.
WARNING (gmm-est-fmllr-gpost:Update():fmllr-diag-gmm.cc:162) Not updating fMLLR since below min-count: count is 138
LOG (gmm-est-fmllr-gpost:main():gmm-est-fmllr-gpost.cc:141) For speaker train_S6_10_7_20, auxf-impr from fMLLR is 0, over 138 frames.
WARNING (gmm-est-fmllr-gpost:Update():fmllr-diag-gmm.cc:162) Not updating fMLLR since below min-count: count is 146
LOG (gmm-est-fmllr-gpost:main():gmm-est-fmllr-gpost.cc:141) For speaker train_S6_11_1_12, auxf-impr from fMLLR is 0, over 146 frames.
WARNING (gmm-est-fmllr-gpost:Update():fmllr-diag-gmm.cc:162) Not updating fMLLR since below min-count: count is 143
LOG (gmm-est-fmllr-gpost:main():gmm-est-fmllr-gpost.cc:141) For speaker train_S6_11_1_14, auxf-impr from fMLLR is 0, over 143 frames.
WARNING (gmm-est-fmllr-gpost:Update():fmllr-diag-gmm.cc:162) Not updating fMLLR since below min-count: count is 146
LOG (gmm-est-fmllr-gpost:main():gmm-est-fmllr-gpost.cc:141) For speaker train_S6_11_1_16, auxf-impr from fMLLR is 0, over 146 frames.
WARNING (gmm-est-fmllr-gpost:Update():fmllr-diag-gmm.cc:162) Not updating fMLLR since below min-count: count is 129
LOG (gmm-est-fmllr-gpost:main():gmm-est-fmllr-gpost.cc:141) For speaker train_S6_11_1_18, auxf-impr from fMLLR is 0, over 129 frames.
WARNING (gmm-est-fmllr-gpost:Update():fmllr-diag-gmm.cc:162) Not updating fMLLR since below min-count: count is 139
LOG (gmm-est-fmllr-gpost:main():gmm-est-fmllr-gpost.cc:141) For speaker train_S6_11_1_20, auxf-impr from fMLLR is 0, over 139 frames.
WARNING (gmm-est-fmllr-gpost:Update():fmllr-diag-gmm.cc:162) Not updating fMLLR since below min-count: count is 146
LOG (gmm-est-fmllr-gpost:main():gmm-est-fmllr-gpost.cc:141) For speaker train_S6_11_2_12, auxf-impr from fMLLR is 0, over 146 frames.
WARNING (gmm-est-fmllr-gpost:Update():fmllr-diag-gmm.cc:162) Not updating fMLLR since below min-count: count is 143
LOG (gmm-est-fmllr-gpost:main():gmm-est-fmllr-gpost.cc:141) For speaker train_S6_11_2_14, auxf-impr from fMLLR is 0, over 143 frames.
WARNING (gmm-est-fmllr-gpost:Update():fmllr-diag-gmm.cc:162) Not updating fMLLR since below min-count: count is 146
LOG (gmm-est-fmllr-gpost:main():gmm-est-fmllr-gpost.cc:141) For speaker train_S6_11_2_16, auxf-impr from fMLLR is 0, over 146 frames.
WARNING (gmm-est-fmllr-gpost:Update():fmllr-diag-gmm.cc:162) Not updating fMLLR since below min-count: count is 130
LOG (gmm-est-fmllr-gpost:main():gmm-est-fmllr-gpost.cc:141) For speaker train_S6_11_2_18, auxf-impr from fMLLR is 0, over 130 frames.
WARNING (gmm-est-fmllr-gpost:Update():fmllr-diag-gmm.cc:162) Not updating fMLLR since below min-count: count is 139
LOG (gmm-est-fmllr-gpost:main():gmm-est-fmllr-gpost.cc:141) For speaker train_S6_11_2_20, auxf-impr from fMLLR is 0, over 139 frames.
WARNING (gmm-est-fmllr-gpost:Update():fmllr-diag-gmm.cc:162) Not updating fMLLR since below min-count: count is 146
LOG (gmm-est-fmllr-gpost:main():gmm-est-fmllr-gpost.cc:141) For speaker train_S6_11_3_12, auxf-impr from fMLLR is 0, over 146 frames.
LOG (ali-to-post:main():ali-to-post.cc:65) Converted 231 alignments.
WARNING (gmm-est-fmllr-gpost:Update():fmllr-diag-gmm.cc:162) Not updating fMLLR since below min-count: count is 143
LOG (gmm-est-fmllr-gpost:main():gmm-est-fmllr-gpost.cc:141) For speaker train_S6_11_3_14, auxf-impr from fMLLR is 0, over 143 frames.
WARNING (gmm-est-fmllr-gpost:Update():fmllr-diag-gmm.cc:162) Not updating fMLLR since below min-count: count is 146
LOG (gmm-est-fmllr-gpost:main():gmm-est-fmllr-gpost.cc:141) For speaker train_S6_11_3_16, auxf-impr from fMLLR is 0, over 146 frames.
WARNING (gmm-est-fmllr-gpost:Update():fmllr-diag-gmm.cc:162) Not updating fMLLR since below min-count: count is 129
LOG (gmm-est-fmllr-gpost:main():gmm-est-fmllr-gpost.cc:141) For speaker train_S6_11_3_18, auxf-impr from fMLLR is 0, over 129 frames.
WARNING (gmm-est-fmllr-gpost:Update():fmllr-diag-gmm.cc:162) Not updating fMLLR since below min-count: count is 139
LOG (gmm-est-fmllr-gpost:main():gmm-est-fmllr-gpost.cc:141) For speaker train_S6_11_3_20, auxf-impr from fMLLR is 0, over 139 frames.
WARNING (gmm-est-fmllr-gpost:Update():fmllr-diag-gmm.cc:162) Not updating fMLLR since below min-count: count is 146
LOG (gmm-est-fmllr-gpost:main():gmm-est-fmllr-gpost.cc:141) For speaker train_S6_11_4_12, auxf-impr from fMLLR is 0, over 146 frames.
WARNING (gmm-est-fmllr-gpost:Update():fmllr-diag-gmm.cc:162) Not updating fMLLR since below min-count: count is 143
LOG (gmm-est-fmllr-gpost:main():gmm-est-fmllr-gpost.cc:141) For speaker train_S6_11_4_14, auxf-impr from fMLLR is 0, over 143 frames.
WARNING (gmm-est-fmllr-gpost:Update():fmllr-diag-gmm.cc:162) Not updating fMLLR since below min-count: count is 146
LOG (gmm-est-fmllr-gpost:main():gmm-est-fmllr-gpost.cc:141) For speaker train_S6_11_4_16, auxf-impr from fMLLR is 0, over 146 frames.
WARNING (gmm-est-fmllr-gpost:Update():fmllr-diag-gmm.cc:162) Not updating fMLLR since below min-count: count is 129
LOG (gmm-est-fmllr-gpost:main():gmm-est-fmllr-gpost.cc:141) For speaker train_S6_11_4_18, auxf-impr from fMLLR is 0, over 129 frames.
WARNING (gmm-est-fmllr-gpost:Update():fmllr-diag-gmm.cc:162) Not updating fMLLR since below min-count: count is 139
LOG (gmm-est-fmllr-gpost:main():gmm-est-fmllr-gpost.cc:141) For speaker train_S6_11_4_20, auxf-impr from fMLLR is 0, over 139 frames.
WARNING (gmm-est-fmllr-gpost:Update():fmllr-diag-gmm.cc:162) Not updating fMLLR since below min-count: count is 146
LOG (gmm-est-fmllr-gpost:main():gmm-est-fmllr-gpost.cc:141) For speaker train_S6_11_5_12, auxf-impr from fMLLR is 0, over 146 frames.
WARNING (gmm-est-fmllr-gpost:Update():fmllr-diag-gmm.cc:162) Not updating fMLLR since below min-count: count is 143
LOG (gmm-est-fmllr-gpost:main():gmm-est-fmllr-gpost.cc:141) For speaker train_S6_11_5_14, auxf-impr from fMLLR is 0, over 143 frames.
WARNING (gmm-est-fmllr-gpost:Update():fmllr-diag-gmm.cc:162) Not updating fMLLR since below min-count: count is 146
LOG (gmm-est-fmllr-gpost:main():gmm-est-fmllr-gpost.cc:141) For speaker train_S6_11_5_16, auxf-impr from fMLLR is 0, over 146 frames.
WARNING (gmm-est-fmllr-gpost:Update():fmllr-diag-gmm.cc:162) Not updating fMLLR since below min-count: count is 130
LOG (gmm-est-fmllr-gpost:main():gmm-est-fmllr-gpost.cc:141) For speaker train_S6_11_5_18, auxf-impr from fMLLR is 0, over 130 frames.
WARNING (gmm-est-fmllr-gpost:Update():fmllr-diag-gmm.cc:162) Not updating fMLLR since below min-count: count is 139
LOG (gmm-est-fmllr-gpost:main():gmm-est-fmllr-gpost.cc:141) For speaker train_S6_11_5_20, auxf-impr from fMLLR is 0, over 139 frames.
WARNING (gmm-est-fmllr-gpost:Update():fmllr-diag-gmm.cc:162) Not updating fMLLR since below min-count: count is 146
LOG (gmm-est-fmllr-gpost:main():gmm-est-fmllr-gpost.cc:141) For speaker train_S6_11_6_12, auxf-impr from fMLLR is 0, over 146 frames.
WARNING (gmm-est-fmllr-gpost:Update():fmllr-diag-gmm.cc:162) Not updating fMLLR since below min-count: count is 143
LOG (gmm-est-fmllr-gpost:main():gmm-est-fmllr-gpost.cc:141) For speaker train_S6_11_6_14, auxf-impr from fMLLR is 0, over 143 frames.
WARNING (gmm-est-fmllr-gpost:Update():fmllr-diag-gmm.cc:162) Not updating fMLLR since below min-count: count is 146
LOG (gmm-est-fmllr-gpost:main():gmm-est-fmllr-gpost.cc:141) For speaker train_S6_11_6_16, auxf-impr from fMLLR is 0, over 146 frames.
WARNING (gmm-est-fmllr-gpost:Update():fmllr-diag-gmm.cc:162) Not updating fMLLR since below min-count: count is 129
LOG (gmm-est-fmllr-gpost:main():gmm-est-fmllr-gpost.cc:141) For speaker train_S6_11_6_18, auxf-impr from fMLLR is 0, over 129 frames.
WARNING (gmm-est-fmllr-gpost:Update():fmllr-diag-gmm.cc:162) Not updating fMLLR since below min-count: count is 139
LOG (gmm-est-fmllr-gpost:main():gmm-est-fmllr-gpost.cc:141) For speaker train_S6_11_6_20, auxf-impr from fMLLR is 0, over 139 frames.
WARNING (gmm-est-fmllr-gpost:Update():fmllr-diag-gmm.cc:162) Not updating fMLLR since below min-count: count is 146
LOG (gmm-est-fmllr-gpost:main():gmm-est-fmllr-gpost.cc:141) For speaker train_S6_11_7_12, auxf-impr from fMLLR is 0, over 146 frames.
WARNING (gmm-est-fmllr-gpost:Update():fmllr-diag-gmm.cc:162) Not updating fMLLR since below min-count: count is 143
LOG (gmm-est-fmllr-gpost:main():gmm-est-fmllr-gpost.cc:141) For speaker train_S6_11_7_14, auxf-impr from fMLLR is 0, over 143 frames.
WARNING (gmm-est-fmllr-gpost:Update():fmllr-diag-gmm.cc:162) Not updating fMLLR since below min-count: count is 146
LOG (gmm-est-fmllr-gpost:main():gmm-est-fmllr-gpost.cc:141) For speaker train_S6_11_7_16, auxf-impr from fMLLR is 0, over 146 frames.
WARNING (gmm-est-fmllr-gpost:Update():fmllr-diag-gmm.cc:162) Not updating fMLLR since below min-count: count is 130
LOG (gmm-est-fmllr-gpost:main():gmm-est-fmllr-gpost.cc:141) For speaker train_S6_11_7_18, auxf-impr from fMLLR is 0, over 130 frames.
WARNING (gmm-est-fmllr-gpost:Update():fmllr-diag-gmm.cc:162) Not updating fMLLR since below min-count: count is 139
LOG (gmm-est-fmllr-gpost:main():gmm-est-fmllr-gpost.cc:141) For speaker train_S6_11_7_20, auxf-impr from fMLLR is 0, over 139 frames.
WARNING (gmm-est-fmllr-gpost:Update():fmllr-diag-gmm.cc:162) Not updating fMLLR since below min-count: count is 130
LOG (gmm-est-fmllr-gpost:main():gmm-est-fmllr-gpost.cc:141) For speaker train_S6_3_1_12, auxf-impr from fMLLR is 0, over 130 frames.
WARNING (gmm-est-fmllr-gpost:Update():fmllr-diag-gmm.cc:162) Not updating fMLLR since below min-count: count is 128
LOG (gmm-est-fmllr-gpost:main():gmm-est-fmllr-gpost.cc:141) For speaker train_S6_3_1_14, auxf-impr from fMLLR is 0, over 128 frames.
WARNING (gmm-est-fmllr-gpost:Update():fmllr-diag-gmm.cc:162) Not updating fMLLR since below min-count: count is 131
LOG (gmm-est-fmllr-gpost:main():gmm-est-fmllr-gpost.cc:141) For speaker train_S6_3_1_16, auxf-impr from fMLLR is 0, over 131 frames.
WARNING (gmm-est-fmllr-gpost:Update():fmllr-diag-gmm.cc:162) Not updating fMLLR since below min-count: count is 117
LOG (gmm-est-fmllr-gpost:main():gmm-est-fmllr-gpost.cc:141) For speaker train_S6_3_1_18, auxf-impr from fMLLR is 0, over 117 frames.
LOG (weight-silence-post:main():weight-silence-post.cc:95) Done 231 posteriors.
WARNING (gmm-est-fmllr-gpost:Update():fmllr-diag-gmm.cc:162) Not updating fMLLR since below min-count: count is 126
LOG (gmm-est-fmllr-gpost:main():gmm-est-fmllr-gpost.cc:141) For speaker train_S6_3_1_20, auxf-impr from fMLLR is 0, over 126 frames.
WARNING (gmm-est-fmllr-gpost:Update():fmllr-diag-gmm.cc:162) Not updating fMLLR since below min-count: count is 131
LOG (gmm-est-fmllr-gpost:main():gmm-est-fmllr-gpost.cc:141) For speaker train_S6_3_2_12, auxf-impr from fMLLR is 0, over 131 frames.
WARNING (gmm-est-fmllr-gpost:Update():fmllr-diag-gmm.cc:162) Not updating fMLLR since below min-count: count is 128
LOG (gmm-est-fmllr-gpost:main():gmm-est-fmllr-gpost.cc:141) For speaker train_S6_3_2_14, auxf-impr from fMLLR is 0, over 128 frames.
WARNING (gmm-est-fmllr-gpost:Update():fmllr-diag-gmm.cc:162) Not updating fMLLR since below min-count: count is 131
LOG (gmm-est-fmllr-gpost:main():gmm-est-fmllr-gpost.cc:141) For speaker train_S6_3_2_16, auxf-impr from fMLLR is 0, over 131 frames.
WARNING (gmm-est-fmllr-gpost:Update():fmllr-diag-gmm.cc:162) Not updating fMLLR since below min-count: count is 117
LOG (gmm-est-fmllr-gpost:main():gmm-est-fmllr-gpost.cc:141) For speaker train_S6_3_2_18, auxf-impr from fMLLR is 0, over 117 frames.
WARNING (gmm-est-fmllr-gpost:Update():fmllr-diag-gmm.cc:162) Not updating fMLLR since below min-count: count is 126
LOG (gmm-est-fmllr-gpost:main():gmm-est-fmllr-gpost.cc:141) For speaker train_S6_3_2_20, auxf-impr from fMLLR is 0, over 126 frames.
WARNING (gmm-est-fmllr-gpost:Update():fmllr-diag-gmm.cc:162) Not updating fMLLR since below min-count: count is 131
LOG (gmm-est-fmllr-gpost:main():gmm-est-fmllr-gpost.cc:141) For speaker train_S6_3_3_12, auxf-impr from fMLLR is 0, over 131 frames.
WARNING (gmm-est-fmllr-gpost:Update():fmllr-diag-gmm.cc:162) Not updating fMLLR since below min-count: count is 128
LOG (gmm-est-fmllr-gpost:main():gmm-est-fmllr-gpost.cc:141) For speaker train_S6_3_3_14, auxf-impr from fMLLR is 0, over 128 frames.
WARNING (gmm-est-fmllr-gpost:Update():fmllr-diag-gmm.cc:162) Not updating fMLLR since below min-count: count is 131
LOG (gmm-est-fmllr-gpost:main():gmm-est-fmllr-gpost.cc:141) For speaker train_S6_3_3_16, auxf-impr from fMLLR is 0, over 131 frames.
LOG (apply-cmvn:main():apply-cmvn.cc:146) Applied cepstral mean normalization to 231 utterances, errors on 0
WARNING (gmm-est-fmllr-gpost:Update():fmllr-diag-gmm.cc:162) Not updating fMLLR since below min-count: count is 117
LOG (gmm-est-fmllr-gpost:main():gmm-est-fmllr-gpost.cc:141) For speaker train_S6_3_3_18, auxf-impr from fMLLR is 0, over 117 frames.
WARNING (gmm-est-fmllr-gpost:Update():fmllr-diag-gmm.cc:162) Not updating fMLLR since below min-count: count is 126
LOG (gmm-est-fmllr-gpost:main():gmm-est-fmllr-gpost.cc:141) For speaker train_S6_3_3_20, auxf-impr from fMLLR is 0, over 126 frames.
WARNING (gmm-est-fmllr-gpost:Update():fmllr-diag-gmm.cc:162) Not updating fMLLR since below min-count: count is 130
LOG (gmm-est-fmllr-gpost:main():gmm-est-fmllr-gpost.cc:141) For speaker train_S6_3_4_12, auxf-impr from fMLLR is 0, over 130 frames.
WARNING (gmm-est-fmllr-gpost:Update():fmllr-diag-gmm.cc:162) Not updating fMLLR since below min-count: count is 128
LOG (gmm-est-fmllr-gpost:main():gmm-est-fmllr-gpost.cc:141) For speaker train_S6_3_4_14, auxf-impr from fMLLR is 0, over 128 frames.
WARNING (gmm-est-fmllr-gpost:Update():fmllr-diag-gmm.cc:162) Not updating fMLLR since below min-count: count is 131
LOG (gmm-est-fmllr-gpost:main():gmm-est-fmllr-gpost.cc:141) For speaker train_S6_3_4_16, auxf-impr from fMLLR is 0, over 131 frames.
WARNING (gmm-est-fmllr-gpost:Update():fmllr-diag-gmm.cc:162) Not updating fMLLR since below min-count: count is 117
LOG (gmm-est-fmllr-gpost:main():gmm-est-fmllr-gpost.cc:141) For speaker train_S6_3_4_18, auxf-impr from fMLLR is 0, over 117 frames.
WARNING (gmm-est-fmllr-gpost:Update():fmllr-diag-gmm.cc:162) Not updating fMLLR since below min-count: count is 126
LOG (gmm-est-fmllr-gpost:main():gmm-est-fmllr-gpost.cc:141) For speaker train_S6_3_4_20, auxf-impr from fMLLR is 0, over 126 frames.
WARNING (gmm-est-fmllr-gpost:Update():fmllr-diag-gmm.cc:162) Not updating fMLLR since below min-count: count is 130
LOG (gmm-est-fmllr-gpost:main():gmm-est-fmllr-gpost.cc:141) For speaker train_S6_3_5_12, auxf-impr from fMLLR is 0, over 130 frames.
WARNING (gmm-est-fmllr-gpost:Update():fmllr-diag-gmm.cc:162) Not updating fMLLR since below min-count: count is 128
LOG (gmm-est-fmllr-gpost:main():gmm-est-fmllr-gpost.cc:141) For speaker train_S6_3_5_14, auxf-impr from fMLLR is 0, over 128 frames.
WARNING (gmm-est-fmllr-gpost:Update():fmllr-diag-gmm.cc:162) Not updating fMLLR since below min-count: count is 131
LOG (gmm-est-fmllr-gpost:main():gmm-est-fmllr-gpost.cc:141) For speaker train_S6_3_5_16, auxf-impr from fMLLR is 0, over 131 frames.
LOG (apply-cmvn:main():apply-cmvn.cc:146) Applied cepstral mean normalization to 231 utterances, errors on 0
WARNING (gmm-est-fmllr-gpost:Update():fmllr-diag-gmm.cc:162) Not updating fMLLR since below min-count: count is 117
LOG (gmm-est-fmllr-gpost:main():gmm-est-fmllr-gpost.cc:141) For speaker train_S6_3_5_18, auxf-impr from fMLLR is 0, over 117 frames.
WARNING (gmm-est-fmllr-gpost:Update():fmllr-diag-gmm.cc:162) Not updating fMLLR since below min-count: count is 126
LOG (gmm-est-fmllr-gpost:main():gmm-est-fmllr-gpost.cc:141) For speaker train_S6_3_5_20, auxf-impr from fMLLR is 0, over 126 frames.
LOG (gmm-post-to-gpost:main():gmm-post-to-gpost.cc:124) Done 231 files, 0 with no posteriors, 0 with other errors.
LOG (gmm-post-to-gpost:main():gmm-post-to-gpost.cc:128) Overall avg like per frame (Gaussian only) = -87.5131 over 30502 frames.
LOG (gmm-post-to-gpost:main():gmm-post-to-gpost.cc:131) Done converting post to gpost
WARNING (gmm-est-fmllr-gpost:Update():fmllr-diag-gmm.cc:162) Not updating fMLLR since below min-count: count is 130
LOG (gmm-est-fmllr-gpost:main():gmm-est-fmllr-gpost.cc:141) For speaker train_S6_3_6_12, auxf-impr from fMLLR is 0, over 130 frames.
WARNING (gmm-est-fmllr-gpost:Update():fmllr-diag-gmm.cc:162) Not updating fMLLR since below min-count: count is 128
LOG (gmm-est-fmllr-gpost:main():gmm-est-fmllr-gpost.cc:141) For speaker train_S6_3_6_14, auxf-impr from fMLLR is 0, over 128 frames.
WARNING (gmm-est-fmllr-gpost:Update():fmllr-diag-gmm.cc:162) Not updating fMLLR since below min-count: count is 131
LOG (gmm-est-fmllr-gpost:main():gmm-est-fmllr-gpost.cc:141) For speaker train_S6_3_6_16, auxf-impr from fMLLR is 0, over 131 frames.
WARNING (gmm-est-fmllr-gpost:Update():fmllr-diag-gmm.cc:162) Not updating fMLLR since below min-count: count is 117
LOG (gmm-est-fmllr-gpost:main():gmm-est-fmllr-gpost.cc:141) For speaker train_S6_3_6_18, auxf-impr from fMLLR is 0, over 117 frames.
WARNING (gmm-est-fmllr-gpost:Update():fmllr-diag-gmm.cc:162) Not updating fMLLR since below min-count: count is 126
LOG (gmm-est-fmllr-gpost:main():gmm-est-fmllr-gpost.cc:141) For speaker train_S6_3_6_20, auxf-impr from fMLLR is 0, over 126 frames.
WARNING (gmm-est-fmllr-gpost:Update():fmllr-diag-gmm.cc:162) Not updating fMLLR since below min-count: count is 131
LOG (gmm-est-fmllr-gpost:main():gmm-est-fmllr-gpost.cc:141) For speaker train_S6_3_7_12, auxf-impr from fMLLR is 0, over 131 frames.
WARNING (gmm-est-fmllr-gpost:Update():fmllr-diag-gmm.cc:162) Not updating fMLLR since below min-count: count is 128
LOG (gmm-est-fmllr-gpost:main():gmm-est-fmllr-gpost.cc:141) For speaker train_S6_3_7_14, auxf-impr from fMLLR is 0, over 128 frames.
WARNING (gmm-est-fmllr-gpost:Update():fmllr-diag-gmm.cc:162) Not updating fMLLR since below min-count: count is 131
LOG (gmm-est-fmllr-gpost:main():gmm-est-fmllr-gpost.cc:141) For speaker train_S6_3_7_16, auxf-impr from fMLLR is 0, over 131 frames.
WARNING (gmm-est-fmllr-gpost:Update():fmllr-diag-gmm.cc:162) Not updating fMLLR since below min-count: count is 117
LOG (gmm-est-fmllr-gpost:main():gmm-est-fmllr-gpost.cc:141) For speaker train_S6_3_7_18, auxf-impr from fMLLR is 0, over 117 frames.
WARNING (gmm-est-fmllr-gpost:Update():fmllr-diag-gmm.cc:162) Not updating fMLLR since below min-count: count is 126
LOG (gmm-est-fmllr-gpost:main():gmm-est-fmllr-gpost.cc:141) For speaker train_S6_3_7_20, auxf-impr from fMLLR is 0, over 126 frames.
LOG (gmm-est-fmllr-gpost:main():gmm-est-fmllr-gpost.cc:186) Done 231 files, 0 with no gposts, 0 with other errors.
LOG (gmm-est-fmllr-gpost:main():gmm-est-fmllr-gpost.cc:188) Overall fMLLR auxf impr per frame is 0 over 30502 frames.
# Accounting: time=2 threads=1
# Ended (code 0) at Mon Feb 10 15:33:46 IST 2020, elapsed time 2 seconds
