# nnet-shuffle-egs --buffer-size=5000 --srand=0 ark:exp/mono3_nnet/egs/egs.17.0.ark ark:- | nnet-train-parallel --num-threads=16 --minibatch-size=128 --srand=0 exp/mono3_nnet/0.mdl ark:- exp/mono3_nnet/1.17.mdl 
# Started at Thu Feb 13 09:38:19 IST 2020
#
nnet-train-parallel --num-threads=16 --minibatch-size=128 --srand=0 exp/mono3_nnet/0.mdl ark:- exp/mono3_nnet/1.17.mdl 
nnet-shuffle-egs --buffer-size=5000 --srand=0 ark:exp/mono3_nnet/egs/egs.17.0.ark ark:- 
LOG (nnet-train-parallel:GetScalingFactor():nnet-component.cc:1564) Limiting step size to 10 using scaling factor 0.290392, for component index 4
LOG (nnet-train-parallel:GetScalingFactor():nnet-component.cc:1564) Limiting step size to 10 using scaling factor 0.286307, for component index 4
LOG (nnet-train-parallel:GetScalingFactor():nnet-component.cc:1564) Limiting step size to 10 using scaling factor 0.289806, for component index 4
LOG (nnet-train-parallel:GetScalingFactor():nnet-component.cc:1564) Limiting step size to 10 using scaling factor 0.283983, for component index 4
LOG (nnet-train-parallel:GetScalingFactor():nnet-component.cc:1564) Limiting step size to 10 using scaling factor 0.285671, for component index 4
LOG (nnet-train-parallel:GetScalingFactor():nnet-component.cc:1564) Limiting step size to 10 using scaling factor 0.287876, for component index 4
LOG (nnet-train-parallel:GetScalingFactor():nnet-component.cc:1564) Limiting step size to 10 using scaling factor 0.283858, for component index 4
LOG (nnet-train-parallel:GetScalingFactor():nnet-component.cc:1564) Limiting step size to 10 using scaling factor 0.290214, for component index 4
LOG (nnet-train-parallel:GetScalingFactor():nnet-component.cc:1564) Limiting step size to 10 using scaling factor 0.291487, for component index 4
LOG (nnet-train-parallel:GetScalingFactor():nnet-component.cc:1564) Limiting step size to 10 using scaling factor 0.294478, for component index 4
LOG (nnet-shuffle-egs:main():nnet-shuffle-egs.cc:102) Shuffled order of 50667 neural-network training examples using a buffer (partial randomization)
LOG (nnet-train-parallel:DoBackpropParallel():nnet-update-parallel.cc:194) Did backprop on 50667 examples, average log-prob per frame is -1.73111
LOG (nnet-train-parallel:DoBackpropParallel():nnet-update-parallel.cc:196) [this line is to be parsed by a script:] log-prob-per-frame=-1.73111
LOG (nnet-train-parallel:main():nnet-train-parallel.cc:102) Finished training, processed 50667 training examples (weighted).  Wrote model to exp/mono3_nnet/1.17.mdl
# Accounting: time=13 threads=1
# Ended (code 0) at Thu Feb 13 09:38:32 IST 2020, elapsed time 13 seconds
