# nnet-shuffle-egs --buffer-size=5000 --srand=2 ark:exp/mono3_nnet/egs/egs.15.0.ark ark:- | nnet-train-parallel --num-threads=16 --minibatch-size=128 --srand=2 exp/mono3_nnet/2.mdl ark:- exp/mono3_nnet/3.15.mdl 
# Started at Thu Feb 13 09:43:01 IST 2020
#
nnet-train-parallel --num-threads=16 --minibatch-size=128 --srand=2 exp/mono3_nnet/2.mdl ark:- exp/mono3_nnet/3.15.mdl 
nnet-shuffle-egs --buffer-size=5000 --srand=2 ark:exp/mono3_nnet/egs/egs.15.0.ark ark:- 
LOG (nnet-train-parallel:GetScalingFactor():nnet-component.cc:1564) Limiting step size to 10 using scaling factor 0.961001, for component index 4
LOG (nnet-train-parallel:GetScalingFactor():nnet-component.cc:1564) Limiting step size to 10 using scaling factor 0.910725, for component index 4
LOG (nnet-train-parallel:GetScalingFactor():nnet-component.cc:1564) Limiting step size to 10 using scaling factor 0.859061, for component index 4
LOG (nnet-train-parallel:GetScalingFactor():nnet-component.cc:1564) Limiting step size to 10 using scaling factor 0.990979, for component index 6
LOG (nnet-train-parallel:GetScalingFactor():nnet-component.cc:1564) Limiting step size to 10 using scaling factor 0.954784, for component index 4
LOG (nnet-train-parallel:GetScalingFactor():nnet-component.cc:1564) Limiting step size to 10 using scaling factor 0.889378, for component index 4
LOG (nnet-train-parallel:GetScalingFactor():nnet-component.cc:1564) Limiting step size to 10 using scaling factor 0.831381, for component index 4
LOG (nnet-train-parallel:GetScalingFactor():nnet-component.cc:1564) Limiting step size to 10 using scaling factor 0.897912, for component index 4
LOG (nnet-train-parallel:GetScalingFactor():nnet-component.cc:1564) Limiting step size to 10 using scaling factor 0.94412, for component index 4
LOG (nnet-train-parallel:GetScalingFactor():nnet-component.cc:1564) Limiting step size to 10 using scaling factor 0.871189, for component index 4
LOG (nnet-shuffle-egs:main():nnet-shuffle-egs.cc:102) Shuffled order of 50669 neural-network training examples using a buffer (partial randomization)
LOG (nnet-train-parallel:DoBackpropParallel():nnet-update-parallel.cc:194) Did backprop on 50669 examples, average log-prob per frame is -1.13289
LOG (nnet-train-parallel:DoBackpropParallel():nnet-update-parallel.cc:196) [this line is to be parsed by a script:] log-prob-per-frame=-1.13289
LOG (nnet-train-parallel:main():nnet-train-parallel.cc:102) Finished training, processed 50669 training examples (weighted).  Wrote model to exp/mono3_nnet/3.15.mdl
# Accounting: time=23 threads=1
# Ended (code 0) at Thu Feb 13 09:43:24 IST 2020, elapsed time 23 seconds
