# nnet-shuffle-egs --buffer-size=5000 --srand=15 ark:exp/mono3_nnet/egs/egs.28.0.ark ark:- | nnet-train-parallel --num-threads=16 --minibatch-size=128 --srand=15 "nnet-init --srand=15 exp/mono3_nnet/hidden.config - | nnet-insert exp/mono3_nnet/15.mdl - - |" ark:- exp/mono3_nnet/16.28.mdl 
# Started at Thu Feb 13 11:15:30 IST 2020
#
nnet-train-parallel --num-threads=16 --minibatch-size=128 --srand=15 'nnet-init --srand=15 exp/mono3_nnet/hidden.config - | nnet-insert exp/mono3_nnet/15.mdl - - |' ark:- exp/mono3_nnet/16.28.mdl 
nnet-shuffle-egs --buffer-size=5000 --srand=15 ark:exp/mono3_nnet/egs/egs.28.0.ark ark:- 
nnet-insert exp/mono3_nnet/15.mdl - - 
nnet-init --srand=15 exp/mono3_nnet/hidden.config - 
LOG (nnet-insert:main():nnet-insert.cc:106) Inserted 2 components at position 18
LOG (nnet-init:main():nnet-init.cc:69) Initialized raw neural net and wrote it to -
LOG (nnet-insert:main():nnet-insert.cc:122) Randomized component index 20 with stddev 0.0057735
LOG (nnet-insert:main():nnet-insert.cc:132) Write neural-net acoustic model to -
LOG (nnet-train-parallel:GetScalingFactor():nnet-component.cc:1564) Limiting step size to 10 using scaling factor 0.751785, for component index 18
LOG (nnet-train-parallel:GetScalingFactor():nnet-component.cc:1564) Limiting step size to 10 using scaling factor 0.731106, for component index 18
LOG (nnet-train-parallel:GetScalingFactor():nnet-component.cc:1564) Limiting step size to 10 using scaling factor 0.641741, for component index 18
LOG (nnet-train-parallel:GetScalingFactor():nnet-component.cc:1564) Limiting step size to 10 using scaling factor 0.643246, for component index 18
LOG (nnet-train-parallel:GetScalingFactor():nnet-component.cc:1564) Limiting step size to 10 using scaling factor 0.653764, for component index 18
LOG (nnet-train-parallel:GetScalingFactor():nnet-component.cc:1564) Limiting step size to 10 using scaling factor 0.590191, for component index 18
LOG (nnet-train-parallel:GetScalingFactor():nnet-component.cc:1564) Limiting step size to 10 using scaling factor 0.921006, for component index 18
LOG (nnet-train-parallel:GetScalingFactor():nnet-component.cc:1564) Limiting step size to 10 using scaling factor 0.958862, for component index 18
LOG (nnet-train-parallel:GetScalingFactor():nnet-component.cc:1564) Limiting step size to 10 using scaling factor 0.844883, for component index 18
LOG (nnet-train-parallel:GetScalingFactor():nnet-component.cc:1564) Limiting step size to 10 using scaling factor 0.947668, for component index 18
LOG (nnet-shuffle-egs:main():nnet-shuffle-egs.cc:102) Shuffled order of 50655 neural-network training examples using a buffer (partial randomization)
LOG (nnet-train-parallel:DoBackpropParallel():nnet-update-parallel.cc:194) Did backprop on 50655 examples, average log-prob per frame is -0.329849
LOG (nnet-train-parallel:DoBackpropParallel():nnet-update-parallel.cc:196) [this line is to be parsed by a script:] log-prob-per-frame=-0.329849
LOG (nnet-train-parallel:main():nnet-train-parallel.cc:102) Finished training, processed 50655 training examples (weighted).  Wrote model to exp/mono3_nnet/16.28.mdl
# Accounting: time=85 threads=1
# Ended (code 0) at Thu Feb 13 11:16:55 IST 2020, elapsed time 85 seconds
