# nnet-shuffle-egs --buffer-size=5000 --srand=7 ark:exp/mono3_nnet/egs/egs.27.0.ark ark:- | nnet-train-parallel --num-threads=16 --minibatch-size=128 --srand=7 "nnet-init --srand=7 exp/mono3_nnet/hidden.config - | nnet-insert exp/mono3_nnet/7.mdl - - |" ark:- exp/mono3_nnet/8.27.mdl 
# Started at Thu Feb 13 10:07:53 IST 2020
#
nnet-shuffle-egs --buffer-size=5000 --srand=7 ark:exp/mono3_nnet/egs/egs.27.0.ark ark:- 
nnet-train-parallel --num-threads=16 --minibatch-size=128 --srand=7 'nnet-init --srand=7 exp/mono3_nnet/hidden.config - | nnet-insert exp/mono3_nnet/7.mdl - - |' ark:- exp/mono3_nnet/8.27.mdl 
nnet-insert exp/mono3_nnet/7.mdl - - 
nnet-init --srand=7 exp/mono3_nnet/hidden.config - 
LOG (nnet-insert:main():nnet-insert.cc:106) Inserted 2 components at position 10
LOG (nnet-insert:main():nnet-insert.cc:122) Randomized component index 12 with stddev 0.0057735
LOG (nnet-insert:main():nnet-insert.cc:132) Write neural-net acoustic model to -
LOG (nnet-init:main():nnet-init.cc:69) Initialized raw neural net and wrote it to -
LOG (nnet-train-parallel:GetScalingFactor():nnet-component.cc:1564) Limiting step size to 10 using scaling factor 0.884464, for component index 12
LOG (nnet-train-parallel:GetScalingFactor():nnet-component.cc:1564) Limiting step size to 10 using scaling factor 0.884816, for component index 12
LOG (nnet-train-parallel:GetScalingFactor():nnet-component.cc:1564) Limiting step size to 10 using scaling factor 0.893812, for component index 12
LOG (nnet-train-parallel:GetScalingFactor():nnet-component.cc:1564) Limiting step size to 10 using scaling factor 0.900774, for component index 12
LOG (nnet-train-parallel:GetScalingFactor():nnet-component.cc:1564) Limiting step size to 10 using scaling factor 0.88368, for component index 12
LOG (nnet-train-parallel:GetScalingFactor():nnet-component.cc:1564) Limiting step size to 10 using scaling factor 0.877272, for component index 12
LOG (nnet-train-parallel:GetScalingFactor():nnet-component.cc:1564) Limiting step size to 10 using scaling factor 0.87906, for component index 12
LOG (nnet-train-parallel:GetScalingFactor():nnet-component.cc:1564) Limiting step size to 10 using scaling factor 0.881689, for component index 12
LOG (nnet-train-parallel:GetScalingFactor():nnet-component.cc:1564) Limiting step size to 10 using scaling factor 0.88817, for component index 12
LOG (nnet-train-parallel:GetScalingFactor():nnet-component.cc:1564) Limiting step size to 10 using scaling factor 0.916131, for component index 12
LOG (nnet-shuffle-egs:main():nnet-shuffle-egs.cc:102) Shuffled order of 50656 neural-network training examples using a buffer (partial randomization)
LOG (nnet-train-parallel:DoBackpropParallel():nnet-update-parallel.cc:194) Did backprop on 50656 examples, average log-prob per frame is -0.830263
LOG (nnet-train-parallel:DoBackpropParallel():nnet-update-parallel.cc:196) [this line is to be parsed by a script:] log-prob-per-frame=-0.830263
LOG (nnet-train-parallel:main():nnet-train-parallel.cc:102) Finished training, processed 50656 training examples (weighted).  Wrote model to exp/mono3_nnet/8.27.mdl
# Accounting: time=49 threads=1
# Ended (code 0) at Thu Feb 13 10:08:42 IST 2020, elapsed time 49 seconds
