# nnet-shuffle-egs --buffer-size=5000 --srand=2 ark:exp/mono3_nnet/egs/egs.27.0.ark ark:- | nnet-train-parallel --num-threads=16 --minibatch-size=128 --srand=2 exp/mono3_nnet/2.mdl ark:- exp/mono3_nnet/3.27.mdl 
# Started at Thu Feb 13 09:44:08 IST 2020
#
nnet-shuffle-egs --buffer-size=5000 --srand=2 ark:exp/mono3_nnet/egs/egs.27.0.ark ark:- 
nnet-train-parallel --num-threads=16 --minibatch-size=128 --srand=2 exp/mono3_nnet/2.mdl ark:- exp/mono3_nnet/3.27.mdl 
LOG (nnet-train-parallel:GetScalingFactor():nnet-component.cc:1564) Limiting step size to 10 using scaling factor 0.887357, for component index 6
LOG (nnet-train-parallel:GetScalingFactor():nnet-component.cc:1564) Limiting step size to 10 using scaling factor 0.864269, for component index 4
LOG (nnet-train-parallel:GetScalingFactor():nnet-component.cc:1564) Limiting step size to 10 using scaling factor 0.92434, for component index 4
LOG (nnet-train-parallel:GetScalingFactor():nnet-component.cc:1564) Limiting step size to 10 using scaling factor 0.715385, for component index 4
LOG (nnet-train-parallel:GetScalingFactor():nnet-component.cc:1564) Limiting step size to 10 using scaling factor 0.948991, for component index 4
LOG (nnet-train-parallel:GetScalingFactor():nnet-component.cc:1564) Limiting step size to 10 using scaling factor 0.922687, for component index 4
LOG (nnet-train-parallel:GetScalingFactor():nnet-component.cc:1564) Limiting step size to 10 using scaling factor 0.997078, for component index 4
LOG (nnet-train-parallel:GetScalingFactor():nnet-component.cc:1564) Limiting step size to 10 using scaling factor 0.910858, for component index 4
LOG (nnet-train-parallel:GetScalingFactor():nnet-component.cc:1564) Limiting step size to 10 using scaling factor 0.812186, for component index 6
LOG (nnet-train-parallel:GetScalingFactor():nnet-component.cc:1564) Limiting step size to 10 using scaling factor 0.861589, for component index 4
LOG (nnet-shuffle-egs:main():nnet-shuffle-egs.cc:102) Shuffled order of 50656 neural-network training examples using a buffer (partial randomization)
LOG (nnet-train-parallel:DoBackpropParallel():nnet-update-parallel.cc:194) Did backprop on 50656 examples, average log-prob per frame is -1.23424
LOG (nnet-train-parallel:DoBackpropParallel():nnet-update-parallel.cc:196) [this line is to be parsed by a script:] log-prob-per-frame=-1.23424
LOG (nnet-train-parallel:main():nnet-train-parallel.cc:102) Finished training, processed 50656 training examples (weighted).  Wrote model to exp/mono3_nnet/3.27.mdl
# Accounting: time=23 threads=1
# Ended (code 0) at Thu Feb 13 09:44:31 IST 2020, elapsed time 23 seconds
