# nnet-shuffle-egs --buffer-size=5000 --srand=11 ark:exp/mono3_nnet/egs/egs.27.0.ark ark:- | nnet-train-parallel --num-threads=16 --minibatch-size=128 --srand=11 "nnet-init --srand=11 exp/mono3_nnet/hidden.config - | nnet-insert exp/mono3_nnet/11.mdl - - |" ark:- exp/mono3_nnet/12.27.mdl 
# Started at Thu Feb 13 10:37:08 IST 2020
#
nnet-shuffle-egs --buffer-size=5000 --srand=11 ark:exp/mono3_nnet/egs/egs.27.0.ark ark:- 
nnet-train-parallel --num-threads=16 --minibatch-size=128 --srand=11 'nnet-init --srand=11 exp/mono3_nnet/hidden.config - | nnet-insert exp/mono3_nnet/11.mdl - - |' ark:- exp/mono3_nnet/12.27.mdl 
nnet-insert exp/mono3_nnet/11.mdl - - 
nnet-init --srand=11 exp/mono3_nnet/hidden.config - 
LOG (nnet-insert:main():nnet-insert.cc:106) Inserted 2 components at position 14
LOG (nnet-insert:main():nnet-insert.cc:122) Randomized component index 16 with stddev 0.0057735
LOG (nnet-init:main():nnet-init.cc:69) Initialized raw neural net and wrote it to -
LOG (nnet-insert:main():nnet-insert.cc:132) Write neural-net acoustic model to -
LOG (nnet-train-parallel:GetScalingFactor():nnet-component.cc:1564) Limiting step size to 10 using scaling factor 0.487234, for component index 14
LOG (nnet-train-parallel:GetScalingFactor():nnet-component.cc:1564) Limiting step size to 10 using scaling factor 0.523216, for component index 14
LOG (nnet-train-parallel:GetScalingFactor():nnet-component.cc:1564) Limiting step size to 10 using scaling factor 0.520108, for component index 14
LOG (nnet-train-parallel:GetScalingFactor():nnet-component.cc:1564) Limiting step size to 10 using scaling factor 0.487886, for component index 14
LOG (nnet-train-parallel:GetScalingFactor():nnet-component.cc:1564) Limiting step size to 10 using scaling factor 0.499663, for component index 14
LOG (nnet-train-parallel:GetScalingFactor():nnet-component.cc:1564) Limiting step size to 10 using scaling factor 0.505392, for component index 14
LOG (nnet-train-parallel:GetScalingFactor():nnet-component.cc:1564) Limiting step size to 10 using scaling factor 0.591589, for component index 14
LOG (nnet-train-parallel:GetScalingFactor():nnet-component.cc:1564) Limiting step size to 10 using scaling factor 0.69422, for component index 14
LOG (nnet-train-parallel:GetScalingFactor():nnet-component.cc:1564) Limiting step size to 10 using scaling factor 0.626537, for component index 14
LOG (nnet-train-parallel:GetScalingFactor():nnet-component.cc:1564) Limiting step size to 10 using scaling factor 0.575748, for component index 14
LOG (nnet-shuffle-egs:main():nnet-shuffle-egs.cc:102) Shuffled order of 50656 neural-network training examples using a buffer (partial randomization)
LOG (nnet-train-parallel:DoBackpropParallel():nnet-update-parallel.cc:194) Did backprop on 50656 examples, average log-prob per frame is -0.903411
LOG (nnet-train-parallel:DoBackpropParallel():nnet-update-parallel.cc:196) [this line is to be parsed by a script:] log-prob-per-frame=-0.903411
LOG (nnet-train-parallel:main():nnet-train-parallel.cc:102) Finished training, processed 50656 training examples (weighted).  Wrote model to exp/mono3_nnet/12.27.mdl
# Accounting: time=68 threads=1
# Ended (code 0) at Thu Feb 13 10:38:16 IST 2020, elapsed time 68 seconds
