# nnet-shuffle-egs --buffer-size=5000 --srand=8 ark:exp/mono3_nnet/egs/egs.2.0.ark ark:- | nnet-train-parallel --num-threads=16 --minibatch-size=128 --srand=8 exp/mono3_nnet/8.mdl ark:- exp/mono3_nnet/9.2.mdl 
# Started at Thu Feb 13 10:09:07 IST 2020
#
nnet-shuffle-egs --buffer-size=5000 --srand=8 ark:exp/mono3_nnet/egs/egs.2.0.ark ark:- 
nnet-train-parallel --num-threads=16 --minibatch-size=128 --srand=8 exp/mono3_nnet/8.mdl ark:- exp/mono3_nnet/9.2.mdl 
LOG (nnet-train-parallel:GetScalingFactor():nnet-component.cc:1564) Limiting step size to 10 using scaling factor 0.969731, for component index 4
LOG (nnet-train-parallel:GetScalingFactor():nnet-component.cc:1564) Limiting step size to 10 using scaling factor 0.974131, for component index 4
LOG (nnet-train-parallel:GetScalingFactor():nnet-component.cc:1564) Limiting step size to 10 using scaling factor 0.999591, for component index 4
LOG (nnet-train-parallel:GetScalingFactor():nnet-component.cc:1564) Limiting step size to 10 using scaling factor 0.955337, for component index 4
LOG (nnet-train-parallel:GetScalingFactor():nnet-component.cc:1564) Limiting step size to 10 using scaling factor 0.931489, for component index 4
LOG (nnet-train-parallel:GetScalingFactor():nnet-component.cc:1564) Limiting step size to 10 using scaling factor 0.952188, for component index 4
LOG (nnet-train-parallel:GetScalingFactor():nnet-component.cc:1564) Limiting step size to 10 using scaling factor 0.920949, for component index 4
LOG (nnet-train-parallel:GetScalingFactor():nnet-component.cc:1564) Limiting step size to 10 using scaling factor 0.718303, for component index 4
LOG (nnet-train-parallel:GetScalingFactor():nnet-component.cc:1564) Limiting step size to 10 using scaling factor 0.93276, for component index 4
LOG (nnet-train-parallel:GetScalingFactor():nnet-component.cc:1564) Limiting step size to 10 using scaling factor 0.759409, for component index 4
LOG (nnet-shuffle-egs:main():nnet-shuffle-egs.cc:102) Shuffled order of 50683 neural-network training examples using a buffer (partial randomization)
LOG (nnet-train-parallel:DoBackpropParallel():nnet-update-parallel.cc:194) Did backprop on 50683 examples, average log-prob per frame is -0.40621
LOG (nnet-train-parallel:DoBackpropParallel():nnet-update-parallel.cc:196) [this line is to be parsed by a script:] log-prob-per-frame=-0.40621
LOG (nnet-train-parallel:main():nnet-train-parallel.cc:102) Finished training, processed 50683 training examples (weighted).  Wrote model to exp/mono3_nnet/9.2.mdl
# Accounting: time=52 threads=1
# Ended (code 0) at Thu Feb 13 10:09:59 IST 2020, elapsed time 52 seconds
