# nnet-shuffle-egs --buffer-size=5000 --srand=1 ark:exp/mono3_nnet/egs/egs.5.0.ark ark:- | nnet-train-parallel --num-threads=16 --minibatch-size=128 --srand=1 "nnet-init --srand=1 exp/mono3_nnet/hidden.config - | nnet-insert exp/mono3_nnet/1.mdl - - |" ark:- exp/mono3_nnet/2.5.mdl 
# Started at Thu Feb 13 09:39:29 IST 2020
#
nnet-train-parallel --num-threads=16 --minibatch-size=128 --srand=1 'nnet-init --srand=1 exp/mono3_nnet/hidden.config - | nnet-insert exp/mono3_nnet/1.mdl - - |' ark:- exp/mono3_nnet/2.5.mdl 
nnet-shuffle-egs --buffer-size=5000 --srand=1 ark:exp/mono3_nnet/egs/egs.5.0.ark ark:- 
nnet-insert exp/mono3_nnet/1.mdl - - 
nnet-init --srand=1 exp/mono3_nnet/hidden.config - 
LOG (nnet-insert:main():nnet-insert.cc:106) Inserted 2 components at position 4
LOG (nnet-insert:main():nnet-insert.cc:122) Randomized component index 6 with stddev 0.0057735
LOG (nnet-insert:main():nnet-insert.cc:132) Write neural-net acoustic model to -
LOG (nnet-init:main():nnet-init.cc:69) Initialized raw neural net and wrote it to -
LOG (nnet-train-parallel:GetScalingFactor():nnet-component.cc:1564) Limiting step size to 10 using scaling factor 0.440278, for component index 6
LOG (nnet-train-parallel:GetScalingFactor():nnet-component.cc:1564) Limiting step size to 10 using scaling factor 0.440728, for component index 6
LOG (nnet-train-parallel:GetScalingFactor():nnet-component.cc:1564) Limiting step size to 10 using scaling factor 0.445993, for component index 6
LOG (nnet-train-parallel:GetScalingFactor():nnet-component.cc:1564) Limiting step size to 10 using scaling factor 0.440911, for component index 6
LOG (nnet-train-parallel:GetScalingFactor():nnet-component.cc:1564) Limiting step size to 10 using scaling factor 0.442212, for component index 6
LOG (nnet-train-parallel:GetScalingFactor():nnet-component.cc:1564) Limiting step size to 10 using scaling factor 0.434807, for component index 6
LOG (nnet-train-parallel:GetScalingFactor():nnet-component.cc:1564) Limiting step size to 10 using scaling factor 0.455259, for component index 6
LOG (nnet-train-parallel:GetScalingFactor():nnet-component.cc:1564) Limiting step size to 10 using scaling factor 0.442688, for component index 6
LOG (nnet-train-parallel:GetScalingFactor():nnet-component.cc:1564) Limiting step size to 10 using scaling factor 0.44169, for component index 6
LOG (nnet-train-parallel:GetScalingFactor():nnet-component.cc:1564) Limiting step size to 10 using scaling factor 0.460891, for component index 6
LOG (nnet-shuffle-egs:main():nnet-shuffle-egs.cc:102) Shuffled order of 50679 neural-network training examples using a buffer (partial randomization)
LOG (nnet-train-parallel:DoBackpropParallel():nnet-update-parallel.cc:194) Did backprop on 50679 examples, average log-prob per frame is -1.72853
LOG (nnet-train-parallel:DoBackpropParallel():nnet-update-parallel.cc:196) [this line is to be parsed by a script:] log-prob-per-frame=-1.72853
LOG (nnet-train-parallel:main():nnet-train-parallel.cc:102) Finished training, processed 50679 training examples (weighted).  Wrote model to exp/mono3_nnet/2.5.mdl
# Accounting: time=21 threads=1
# Ended (code 0) at Thu Feb 13 09:39:51 IST 2020, elapsed time 21 seconds
