# nnet-shuffle-egs --buffer-size=5000 --srand=16 ark:exp/mono3_nnet/egs/egs.17.0.ark ark:- | nnet-train-parallel --num-threads=16 --minibatch-size=128 --srand=16 exp/mono3_nnet/16.mdl ark:- exp/mono3_nnet/17.17.mdl 
# Started at Thu Feb 13 11:23:28 IST 2020
#
nnet-shuffle-egs --buffer-size=5000 --srand=16 ark:exp/mono3_nnet/egs/egs.17.0.ark ark:- 
nnet-train-parallel --num-threads=16 --minibatch-size=128 --srand=16 exp/mono3_nnet/16.mdl ark:- exp/mono3_nnet/17.17.mdl 
LOG (nnet-train-parallel:GetScalingFactor():nnet-component.cc:1564) Limiting step size to 10 using scaling factor 0.968943, for component index 4
LOG (nnet-train-parallel:GetScalingFactor():nnet-component.cc:1564) Limiting step size to 10 using scaling factor 0.954394, for component index 4
LOG (nnet-train-parallel:GetScalingFactor():nnet-component.cc:1564) Limiting step size to 10 using scaling factor 0.948808, for component index 4
LOG (nnet-train-parallel:GetScalingFactor():nnet-component.cc:1564) Limiting step size to 10 using scaling factor 0.864612, for component index 4
LOG (nnet-train-parallel:GetScalingFactor():nnet-component.cc:1564) Limiting step size to 10 using scaling factor 0.801089, for component index 4
LOG (nnet-train-parallel:GetScalingFactor():nnet-component.cc:1564) Limiting step size to 10 using scaling factor 0.859283, for component index 4
LOG (nnet-train-parallel:GetScalingFactor():nnet-component.cc:1564) Limiting step size to 10 using scaling factor 0.890477, for component index 4
LOG (nnet-train-parallel:GetScalingFactor():nnet-component.cc:1564) Limiting step size to 10 using scaling factor 0.939131, for component index 4
LOG (nnet-train-parallel:GetScalingFactor():nnet-component.cc:1564) Limiting step size to 10 using scaling factor 0.995195, for component index 4
LOG (nnet-train-parallel:GetScalingFactor():nnet-component.cc:1564) Limiting step size to 10 using scaling factor 0.849384, for component index 4
LOG (nnet-shuffle-egs:main():nnet-shuffle-egs.cc:102) Shuffled order of 50667 neural-network training examples using a buffer (partial randomization)
LOG (nnet-train-parallel:DoBackpropParallel():nnet-update-parallel.cc:194) Did backprop on 50667 examples, average log-prob per frame is -0.301153
LOG (nnet-train-parallel:DoBackpropParallel():nnet-update-parallel.cc:196) [this line is to be parsed by a script:] log-prob-per-frame=-0.301153
LOG (nnet-train-parallel:main():nnet-train-parallel.cc:102) Finished training, processed 50667 training examples (weighted).  Wrote model to exp/mono3_nnet/17.17.mdl
# Accounting: time=87 threads=1
# Ended (code 0) at Thu Feb 13 11:24:55 IST 2020, elapsed time 87 seconds
