# ali-to-post "ark:gunzip -c exp/mono_ali/ali.5.gz|" ark:- | weight-silence-post 0.0 1 exp/mono_ali/final.mdl ark:- ark:- | gmm-est-fmllr --fmllr-update-type=full --spk2utt=ark:data/train/split30/5/spk2utt exp/mono_ali/final.mdl "ark,s,cs:apply-cmvn  --utt2spk=ark:data/train/split30/5/utt2spk scp:data/train/split30/5/cmvn.scp scp:data/train/split30/5/feats.scp ark:- | add-deltas  ark:- ark:- |" ark:- ark:exp/mono2/trans.5 
# Started at Mon Feb 24 09:55:35 IST 2020
#
weight-silence-post 0.0 1 exp/mono_ali/final.mdl ark:- ark:- 
ali-to-post 'ark:gunzip -c exp/mono_ali/ali.5.gz|' ark:- 
gmm-est-fmllr --fmllr-update-type=full --spk2utt=ark:data/train/split30/5/spk2utt exp/mono_ali/final.mdl 'ark,s,cs:apply-cmvn  --utt2spk=ark:data/train/split30/5/utt2spk scp:data/train/split30/5/cmvn.scp scp:data/train/split30/5/feats.scp ark:- | add-deltas  ark:- ark:- |' ark:- ark:exp/mono2/trans.5 
add-deltas ark:- ark:- 
apply-cmvn --utt2spk=ark:data/train/split30/5/utt2spk scp:data/train/split30/5/cmvn.scp scp:data/train/split30/5/feats.scp ark:- 
WARNING (gmm-est-fmllr:Update():fmllr-diag-gmm.cc:162) Not updating fMLLR since below min-count: count is 211
LOG (gmm-est-fmllr:main():gmm-est-fmllr.cc:143) For speaker train_S13_10_5_14, auxf-impr from fMLLR is 0, over 211 frames.
WARNING (gmm-est-fmllr:Update():fmllr-diag-gmm.cc:162) Not updating fMLLR since below min-count: count is 216
LOG (gmm-est-fmllr:main():gmm-est-fmllr.cc:143) For speaker train_S13_10_5_16, auxf-impr from fMLLR is 0, over 216 frames.
WARNING (gmm-est-fmllr:Update():fmllr-diag-gmm.cc:162) Not updating fMLLR since below min-count: count is 192
LOG (gmm-est-fmllr:main():gmm-est-fmllr.cc:143) For speaker train_S13_10_5_18, auxf-impr from fMLLR is 0, over 192 frames.
WARNING (gmm-est-fmllr:Update():fmllr-diag-gmm.cc:162) Not updating fMLLR since below min-count: count is 206
LOG (gmm-est-fmllr:main():gmm-est-fmllr.cc:143) For speaker train_S13_10_5_20, auxf-impr from fMLLR is 0, over 206 frames.
WARNING (gmm-est-fmllr:Update():fmllr-diag-gmm.cc:162) Not updating fMLLR since below min-count: count is 216
LOG (gmm-est-fmllr:main():gmm-est-fmllr.cc:143) For speaker train_S13_10_6_12, auxf-impr from fMLLR is 0, over 216 frames.
WARNING (gmm-est-fmllr:Update():fmllr-diag-gmm.cc:162) Not updating fMLLR since below min-count: count is 211
LOG (gmm-est-fmllr:main():gmm-est-fmllr.cc:143) For speaker train_S13_10_6_14, auxf-impr from fMLLR is 0, over 211 frames.
WARNING (gmm-est-fmllr:Update():fmllr-diag-gmm.cc:162) Not updating fMLLR since below min-count: count is 216
LOG (gmm-est-fmllr:main():gmm-est-fmllr.cc:143) For speaker train_S13_10_6_16, auxf-impr from fMLLR is 0, over 216 frames.
WARNING (gmm-est-fmllr:Update():fmllr-diag-gmm.cc:162) Not updating fMLLR since below min-count: count is 192
LOG (gmm-est-fmllr:main():gmm-est-fmllr.cc:143) For speaker train_S13_10_6_18, auxf-impr from fMLLR is 0, over 192 frames.
WARNING (gmm-est-fmllr:Update():fmllr-diag-gmm.cc:162) Not updating fMLLR since below min-count: count is 206
LOG (gmm-est-fmllr:main():gmm-est-fmllr.cc:143) For speaker train_S13_10_6_20, auxf-impr from fMLLR is 0, over 206 frames.
WARNING (gmm-est-fmllr:Update():fmllr-diag-gmm.cc:162) Not updating fMLLR since below min-count: count is 215
LOG (gmm-est-fmllr:main():gmm-est-fmllr.cc:143) For speaker train_S13_10_7_12, auxf-impr from fMLLR is 0, over 215 frames.
WARNING (gmm-est-fmllr:Update():fmllr-diag-gmm.cc:162) Not updating fMLLR since below min-count: count is 211
LOG (gmm-est-fmllr:main():gmm-est-fmllr.cc:143) For speaker train_S13_10_7_14, auxf-impr from fMLLR is 0, over 211 frames.
WARNING (gmm-est-fmllr:Update():fmllr-diag-gmm.cc:162) Not updating fMLLR since below min-count: count is 216
LOG (gmm-est-fmllr:main():gmm-est-fmllr.cc:143) For speaker train_S13_10_7_16, auxf-impr from fMLLR is 0, over 216 frames.
WARNING (gmm-est-fmllr:Update():fmllr-diag-gmm.cc:162) Not updating fMLLR since below min-count: count is 191
LOG (gmm-est-fmllr:main():gmm-est-fmllr.cc:143) For speaker train_S13_10_7_18, auxf-impr from fMLLR is 0, over 191 frames.
WARNING (gmm-est-fmllr:Update():fmllr-diag-gmm.cc:162) Not updating fMLLR since below min-count: count is 206
LOG (gmm-est-fmllr:main():gmm-est-fmllr.cc:143) For speaker train_S13_10_7_20, auxf-impr from fMLLR is 0, over 206 frames.
WARNING (gmm-est-fmllr:Update():fmllr-diag-gmm.cc:162) Not updating fMLLR since below min-count: count is 180
LOG (gmm-est-fmllr:main():gmm-est-fmllr.cc:143) For speaker train_S13_11_1_12, auxf-impr from fMLLR is 0, over 180 frames.
WARNING (gmm-est-fmllr:Update():fmllr-diag-gmm.cc:162) Not updating fMLLR since below min-count: count is 173
LOG (gmm-est-fmllr:main():gmm-est-fmllr.cc:143) For speaker train_S13_11_1_14, auxf-impr from fMLLR is 0, over 173 frames.
WARNING (gmm-est-fmllr:Update():fmllr-diag-gmm.cc:162) Not updating fMLLR since below min-count: count is 177
LOG (gmm-est-fmllr:main():gmm-est-fmllr.cc:143) For speaker train_S13_11_1_16, auxf-impr from fMLLR is 0, over 177 frames.
WARNING (gmm-est-fmllr:Update():fmllr-diag-gmm.cc:162) Not updating fMLLR since below min-count: count is 157
LOG (gmm-est-fmllr:main():gmm-est-fmllr.cc:143) For speaker train_S13_11_1_18, auxf-impr from fMLLR is 0, over 157 frames.
WARNING (gmm-est-fmllr:Update():fmllr-diag-gmm.cc:162) Not updating fMLLR since below min-count: count is 169
LOG (gmm-est-fmllr:main():gmm-est-fmllr.cc:143) For speaker train_S13_11_1_20, auxf-impr from fMLLR is 0, over 169 frames.
WARNING (gmm-est-fmllr:Update():fmllr-diag-gmm.cc:162) Not updating fMLLR since below min-count: count is 180
LOG (gmm-est-fmllr:main():gmm-est-fmllr.cc:143) For speaker train_S13_11_2_12, auxf-impr from fMLLR is 0, over 180 frames.
WARNING (gmm-est-fmllr:Update():fmllr-diag-gmm.cc:162) Not updating fMLLR since below min-count: count is 173
LOG (gmm-est-fmllr:main():gmm-est-fmllr.cc:143) For speaker train_S13_11_2_14, auxf-impr from fMLLR is 0, over 173 frames.
WARNING (gmm-est-fmllr:Update():fmllr-diag-gmm.cc:162) Not updating fMLLR since below min-count: count is 177
LOG (gmm-est-fmllr:main():gmm-est-fmllr.cc:143) For speaker train_S13_11_2_16, auxf-impr from fMLLR is 0, over 177 frames.
WARNING (gmm-est-fmllr:Update():fmllr-diag-gmm.cc:162) Not updating fMLLR since below min-count: count is 157
LOG (gmm-est-fmllr:main():gmm-est-fmllr.cc:143) For speaker train_S13_11_2_18, auxf-impr from fMLLR is 0, over 157 frames.
WARNING (gmm-est-fmllr:Update():fmllr-diag-gmm.cc:162) Not updating fMLLR since below min-count: count is 169
LOG (gmm-est-fmllr:main():gmm-est-fmllr.cc:143) For speaker train_S13_11_2_20, auxf-impr from fMLLR is 0, over 169 frames.
WARNING (gmm-est-fmllr:Update():fmllr-diag-gmm.cc:162) Not updating fMLLR since below min-count: count is 180
LOG (gmm-est-fmllr:main():gmm-est-fmllr.cc:143) For speaker train_S13_11_3_12, auxf-impr from fMLLR is 0, over 180 frames.
WARNING (gmm-est-fmllr:Update():fmllr-diag-gmm.cc:162) Not updating fMLLR since below min-count: count is 173
LOG (gmm-est-fmllr:main():gmm-est-fmllr.cc:143) For speaker train_S13_11_3_14, auxf-impr from fMLLR is 0, over 173 frames.
WARNING (gmm-est-fmllr:Update():fmllr-diag-gmm.cc:162) Not updating fMLLR since below min-count: count is 177
LOG (gmm-est-fmllr:main():gmm-est-fmllr.cc:143) For speaker train_S13_11_3_16, auxf-impr from fMLLR is 0, over 177 frames.
WARNING (gmm-est-fmllr:Update():fmllr-diag-gmm.cc:162) Not updating fMLLR since below min-count: count is 157
LOG (gmm-est-fmllr:main():gmm-est-fmllr.cc:143) For speaker train_S13_11_3_18, auxf-impr from fMLLR is 0, over 157 frames.
WARNING (gmm-est-fmllr:Update():fmllr-diag-gmm.cc:162) Not updating fMLLR since below min-count: count is 169
LOG (gmm-est-fmllr:main():gmm-est-fmllr.cc:143) For speaker train_S13_11_3_20, auxf-impr from fMLLR is 0, over 169 frames.
WARNING (gmm-est-fmllr:Update():fmllr-diag-gmm.cc:162) Not updating fMLLR since below min-count: count is 180
LOG (gmm-est-fmllr:main():gmm-est-fmllr.cc:143) For speaker train_S13_11_4_12, auxf-impr from fMLLR is 0, over 180 frames.
WARNING (gmm-est-fmllr:Update():fmllr-diag-gmm.cc:162) Not updating fMLLR since below min-count: count is 173
LOG (gmm-est-fmllr:main():gmm-est-fmllr.cc:143) For speaker train_S13_11_4_14, auxf-impr from fMLLR is 0, over 173 frames.
WARNING (gmm-est-fmllr:Update():fmllr-diag-gmm.cc:162) Not updating fMLLR since below min-count: count is 177
LOG (gmm-est-fmllr:main():gmm-est-fmllr.cc:143) For speaker train_S13_11_4_16, auxf-impr from fMLLR is 0, over 177 frames.
WARNING (gmm-est-fmllr:Update():fmllr-diag-gmm.cc:162) Not updating fMLLR since below min-count: count is 157
LOG (gmm-est-fmllr:main():gmm-est-fmllr.cc:143) For speaker train_S13_11_4_18, auxf-impr from fMLLR is 0, over 157 frames.
WARNING (gmm-est-fmllr:Update():fmllr-diag-gmm.cc:162) Not updating fMLLR since below min-count: count is 169
LOG (gmm-est-fmllr:main():gmm-est-fmllr.cc:143) For speaker train_S13_11_4_20, auxf-impr from fMLLR is 0, over 169 frames.
WARNING (gmm-est-fmllr:Update():fmllr-diag-gmm.cc:162) Not updating fMLLR since below min-count: count is 176
LOG (gmm-est-fmllr:main():gmm-est-fmllr.cc:143) For speaker train_S13_11_5_12, auxf-impr from fMLLR is 0, over 176 frames.
WARNING (gmm-est-fmllr:Update():fmllr-diag-gmm.cc:162) Not updating fMLLR since below min-count: count is 173
LOG (gmm-est-fmllr:main():gmm-est-fmllr.cc:143) For speaker train_S13_11_5_14, auxf-impr from fMLLR is 0, over 173 frames.
WARNING (gmm-est-fmllr:Update():fmllr-diag-gmm.cc:162) Not updating fMLLR since below min-count: count is 177
LOG (gmm-est-fmllr:main():gmm-est-fmllr.cc:143) For speaker train_S13_11_5_16, auxf-impr from fMLLR is 0, over 177 frames.
WARNING (gmm-est-fmllr:Update():fmllr-diag-gmm.cc:162) Not updating fMLLR since below min-count: count is 157
LOG (gmm-est-fmllr:main():gmm-est-fmllr.cc:143) For speaker train_S13_11_5_18, auxf-impr from fMLLR is 0, over 157 frames.
WARNING (gmm-est-fmllr:Update():fmllr-diag-gmm.cc:162) Not updating fMLLR since below min-count: count is 169
LOG (gmm-est-fmllr:main():gmm-est-fmllr.cc:143) For speaker train_S13_11_5_20, auxf-impr from fMLLR is 0, over 169 frames.
WARNING (gmm-est-fmllr:Update():fmllr-diag-gmm.cc:162) Not updating fMLLR since below min-count: count is 180
LOG (gmm-est-fmllr:main():gmm-est-fmllr.cc:143) For speaker train_S13_11_6_12, auxf-impr from fMLLR is 0, over 180 frames.
WARNING (gmm-est-fmllr:Update():fmllr-diag-gmm.cc:162) Not updating fMLLR since below min-count: count is 173
LOG (gmm-est-fmllr:main():gmm-est-fmllr.cc:143) For speaker train_S13_11_6_14, auxf-impr from fMLLR is 0, over 173 frames.
WARNING (gmm-est-fmllr:Update():fmllr-diag-gmm.cc:162) Not updating fMLLR since below min-count: count is 177
LOG (gmm-est-fmllr:main():gmm-est-fmllr.cc:143) For speaker train_S13_11_6_16, auxf-impr from fMLLR is 0, over 177 frames.
WARNING (gmm-est-fmllr:Update():fmllr-diag-gmm.cc:162) Not updating fMLLR since below min-count: count is 157
LOG (gmm-est-fmllr:main():gmm-est-fmllr.cc:143) For speaker train_S13_11_6_18, auxf-impr from fMLLR is 0, over 157 frames.
WARNING (gmm-est-fmllr:Update():fmllr-diag-gmm.cc:162) Not updating fMLLR since below min-count: count is 169
LOG (gmm-est-fmllr:main():gmm-est-fmllr.cc:143) For speaker train_S13_11_6_20, auxf-impr from fMLLR is 0, over 169 frames.
WARNING (gmm-est-fmllr:Update():fmllr-diag-gmm.cc:162) Not updating fMLLR since below min-count: count is 180
LOG (gmm-est-fmllr:main():gmm-est-fmllr.cc:143) For speaker train_S13_11_7_12, auxf-impr from fMLLR is 0, over 180 frames.
WARNING (gmm-est-fmllr:Update():fmllr-diag-gmm.cc:162) Not updating fMLLR since below min-count: count is 173
LOG (gmm-est-fmllr:main():gmm-est-fmllr.cc:143) For speaker train_S13_11_7_14, auxf-impr from fMLLR is 0, over 173 frames.
WARNING (gmm-est-fmllr:Update():fmllr-diag-gmm.cc:162) Not updating fMLLR since below min-count: count is 177
LOG (gmm-est-fmllr:main():gmm-est-fmllr.cc:143) For speaker train_S13_11_7_16, auxf-impr from fMLLR is 0, over 177 frames.
WARNING (gmm-est-fmllr:Update():fmllr-diag-gmm.cc:162) Not updating fMLLR since below min-count: count is 157
LOG (gmm-est-fmllr:main():gmm-est-fmllr.cc:143) For speaker train_S13_11_7_18, auxf-impr from fMLLR is 0, over 157 frames.
WARNING (gmm-est-fmllr:Update():fmllr-diag-gmm.cc:162) Not updating fMLLR since below min-count: count is 169
LOG (gmm-est-fmllr:main():gmm-est-fmllr.cc:143) For speaker train_S13_11_7_20, auxf-impr from fMLLR is 0, over 169 frames.
WARNING (gmm-est-fmllr:Update():fmllr-diag-gmm.cc:162) Not updating fMLLR since below min-count: count is 193
LOG (gmm-est-fmllr:main():gmm-est-fmllr.cc:143) For speaker train_S13_12_1_12, auxf-impr from fMLLR is 0, over 193 frames.
WARNING (gmm-est-fmllr:Update():fmllr-diag-gmm.cc:162) Not updating fMLLR since below min-count: count is 189
LOG (gmm-est-fmllr:main():gmm-est-fmllr.cc:143) For speaker train_S13_12_1_14, auxf-impr from fMLLR is 0, over 189 frames.
WARNING (gmm-est-fmllr:Update():fmllr-diag-gmm.cc:162) Not updating fMLLR since below min-count: count is 193
LOG (gmm-est-fmllr:main():gmm-est-fmllr.cc:143) For speaker train_S13_12_1_16, auxf-impr from fMLLR is 0, over 193 frames.
WARNING (gmm-est-fmllr:Update():fmllr-diag-gmm.cc:162) Not updating fMLLR since below min-count: count is 172
LOG (gmm-est-fmllr:main():gmm-est-fmllr.cc:143) For speaker train_S13_12_1_18, auxf-impr from fMLLR is 0, over 172 frames.
WARNING (gmm-est-fmllr:Update():fmllr-diag-gmm.cc:162) Not updating fMLLR since below min-count: count is 184
LOG (gmm-est-fmllr:main():gmm-est-fmllr.cc:143) For speaker train_S13_12_1_20, auxf-impr from fMLLR is 0, over 184 frames.
WARNING (gmm-est-fmllr:Update():fmllr-diag-gmm.cc:162) Not updating fMLLR since below min-count: count is 193
LOG (gmm-est-fmllr:main():gmm-est-fmllr.cc:143) For speaker train_S13_12_2_12, auxf-impr from fMLLR is 0, over 193 frames.
WARNING (gmm-est-fmllr:Update():fmllr-diag-gmm.cc:162) Not updating fMLLR since below min-count: count is 189
LOG (gmm-est-fmllr:main():gmm-est-fmllr.cc:143) For speaker train_S13_12_2_14, auxf-impr from fMLLR is 0, over 189 frames.
WARNING (gmm-est-fmllr:Update():fmllr-diag-gmm.cc:162) Not updating fMLLR since below min-count: count is 193
LOG (gmm-est-fmllr:main():gmm-est-fmllr.cc:143) For speaker train_S13_12_2_16, auxf-impr from fMLLR is 0, over 193 frames.
WARNING (gmm-est-fmllr:Update():fmllr-diag-gmm.cc:162) Not updating fMLLR since below min-count: count is 172
LOG (gmm-est-fmllr:main():gmm-est-fmllr.cc:143) For speaker train_S13_12_2_18, auxf-impr from fMLLR is 0, over 172 frames.
WARNING (gmm-est-fmllr:Update():fmllr-diag-gmm.cc:162) Not updating fMLLR since below min-count: count is 184
LOG (gmm-est-fmllr:main():gmm-est-fmllr.cc:143) For speaker train_S13_12_2_20, auxf-impr from fMLLR is 0, over 184 frames.
WARNING (gmm-est-fmllr:Update():fmllr-diag-gmm.cc:162) Not updating fMLLR since below min-count: count is 193
LOG (gmm-est-fmllr:main():gmm-est-fmllr.cc:143) For speaker train_S13_12_3_12, auxf-impr from fMLLR is 0, over 193 frames.
WARNING (gmm-est-fmllr:Update():fmllr-diag-gmm.cc:162) Not updating fMLLR since below min-count: count is 189
LOG (gmm-est-fmllr:main():gmm-est-fmllr.cc:143) For speaker train_S13_12_3_14, auxf-impr from fMLLR is 0, over 189 frames.
WARNING (gmm-est-fmllr:Update():fmllr-diag-gmm.cc:162) Not updating fMLLR since below min-count: count is 193
LOG (gmm-est-fmllr:main():gmm-est-fmllr.cc:143) For speaker train_S13_12_3_16, auxf-impr from fMLLR is 0, over 193 frames.
WARNING (gmm-est-fmllr:Update():fmllr-diag-gmm.cc:162) Not updating fMLLR since below min-count: count is 172
LOG (gmm-est-fmllr:main():gmm-est-fmllr.cc:143) For speaker train_S13_12_3_18, auxf-impr from fMLLR is 0, over 172 frames.
WARNING (gmm-est-fmllr:Update():fmllr-diag-gmm.cc:162) Not updating fMLLR since below min-count: count is 184
LOG (gmm-est-fmllr:main():gmm-est-fmllr.cc:143) For speaker train_S13_12_3_20, auxf-impr from fMLLR is 0, over 184 frames.
WARNING (gmm-est-fmllr:Update():fmllr-diag-gmm.cc:162) Not updating fMLLR since below min-count: count is 193
LOG (gmm-est-fmllr:main():gmm-est-fmllr.cc:143) For speaker train_S13_12_4_12, auxf-impr from fMLLR is 0, over 193 frames.
WARNING (gmm-est-fmllr:Update():fmllr-diag-gmm.cc:162) Not updating fMLLR since below min-count: count is 189
LOG (gmm-est-fmllr:main():gmm-est-fmllr.cc:143) For speaker train_S13_12_4_14, auxf-impr from fMLLR is 0, over 189 frames.
WARNING (gmm-est-fmllr:Update():fmllr-diag-gmm.cc:162) Not updating fMLLR since below min-count: count is 193
LOG (gmm-est-fmllr:main():gmm-est-fmllr.cc:143) For speaker train_S13_12_4_16, auxf-impr from fMLLR is 0, over 193 frames.
WARNING (gmm-est-fmllr:Update():fmllr-diag-gmm.cc:162) Not updating fMLLR since below min-count: count is 172
LOG (gmm-est-fmllr:main():gmm-est-fmllr.cc:143) For speaker train_S13_12_4_18, auxf-impr from fMLLR is 0, over 172 frames.
WARNING (gmm-est-fmllr:Update():fmllr-diag-gmm.cc:162) Not updating fMLLR since below min-count: count is 184
LOG (gmm-est-fmllr:main():gmm-est-fmllr.cc:143) For speaker train_S13_12_4_20, auxf-impr from fMLLR is 0, over 184 frames.
WARNING (gmm-est-fmllr:Update():fmllr-diag-gmm.cc:162) Not updating fMLLR since below min-count: count is 193
LOG (gmm-est-fmllr:main():gmm-est-fmllr.cc:143) For speaker train_S13_12_5_12, auxf-impr from fMLLR is 0, over 193 frames.
WARNING (gmm-est-fmllr:Update():fmllr-diag-gmm.cc:162) Not updating fMLLR since below min-count: count is 189
LOG (gmm-est-fmllr:main():gmm-est-fmllr.cc:143) For speaker train_S13_12_5_14, auxf-impr from fMLLR is 0, over 189 frames.
WARNING (gmm-est-fmllr:Update():fmllr-diag-gmm.cc:162) Not updating fMLLR since below min-count: count is 193
LOG (gmm-est-fmllr:main():gmm-est-fmllr.cc:143) For speaker train_S13_12_5_16, auxf-impr from fMLLR is 0, over 193 frames.
WARNING (gmm-est-fmllr:Update():fmllr-diag-gmm.cc:162) Not updating fMLLR since below min-count: count is 172
LOG (gmm-est-fmllr:main():gmm-est-fmllr.cc:143) For speaker train_S13_12_5_18, auxf-impr from fMLLR is 0, over 172 frames.
WARNING (gmm-est-fmllr:Update():fmllr-diag-gmm.cc:162) Not updating fMLLR since below min-count: count is 184
LOG (gmm-est-fmllr:main():gmm-est-fmllr.cc:143) For speaker train_S13_12_5_20, auxf-impr from fMLLR is 0, over 184 frames.
WARNING (gmm-est-fmllr:Update():fmllr-diag-gmm.cc:162) Not updating fMLLR since below min-count: count is 193
LOG (gmm-est-fmllr:main():gmm-est-fmllr.cc:143) For speaker train_S13_12_6_12, auxf-impr from fMLLR is 0, over 193 frames.
WARNING (gmm-est-fmllr:Update():fmllr-diag-gmm.cc:162) Not updating fMLLR since below min-count: count is 189
LOG (gmm-est-fmllr:main():gmm-est-fmllr.cc:143) For speaker train_S13_12_6_14, auxf-impr from fMLLR is 0, over 189 frames.
WARNING (gmm-est-fmllr:Update():fmllr-diag-gmm.cc:162) Not updating fMLLR since below min-count: count is 193
LOG (gmm-est-fmllr:main():gmm-est-fmllr.cc:143) For speaker train_S13_12_6_16, auxf-impr from fMLLR is 0, over 193 frames.
WARNING (gmm-est-fmllr:Update():fmllr-diag-gmm.cc:162) Not updating fMLLR since below min-count: count is 172
LOG (gmm-est-fmllr:main():gmm-est-fmllr.cc:143) For speaker train_S13_12_6_18, auxf-impr from fMLLR is 0, over 172 frames.
WARNING (gmm-est-fmllr:Update():fmllr-diag-gmm.cc:162) Not updating fMLLR since below min-count: count is 184
LOG (gmm-est-fmllr:main():gmm-est-fmllr.cc:143) For speaker train_S13_12_6_20, auxf-impr from fMLLR is 0, over 184 frames.
WARNING (gmm-est-fmllr:Update():fmllr-diag-gmm.cc:162) Not updating fMLLR since below min-count: count is 193
LOG (gmm-est-fmllr:main():gmm-est-fmllr.cc:143) For speaker train_S13_12_7_12, auxf-impr from fMLLR is 0, over 193 frames.
WARNING (gmm-est-fmllr:Update():fmllr-diag-gmm.cc:162) Not updating fMLLR since below min-count: count is 189
LOG (gmm-est-fmllr:main():gmm-est-fmllr.cc:143) For speaker train_S13_12_7_14, auxf-impr from fMLLR is 0, over 189 frames.
WARNING (gmm-est-fmllr:Update():fmllr-diag-gmm.cc:162) Not updating fMLLR since below min-count: count is 193
LOG (gmm-est-fmllr:main():gmm-est-fmllr.cc:143) For speaker train_S13_12_7_16, auxf-impr from fMLLR is 0, over 193 frames.
WARNING (gmm-est-fmllr:Update():fmllr-diag-gmm.cc:162) Not updating fMLLR since below min-count: count is 172
LOG (gmm-est-fmllr:main():gmm-est-fmllr.cc:143) For speaker train_S13_12_7_18, auxf-impr from fMLLR is 0, over 172 frames.
WARNING (gmm-est-fmllr:Update():fmllr-diag-gmm.cc:162) Not updating fMLLR since below min-count: count is 184
LOG (gmm-est-fmllr:main():gmm-est-fmllr.cc:143) For speaker train_S13_12_7_20, auxf-impr from fMLLR is 0, over 184 frames.
WARNING (gmm-est-fmllr:Update():fmllr-diag-gmm.cc:162) Not updating fMLLR since below min-count: count is 163
LOG (gmm-est-fmllr:main():gmm-est-fmllr.cc:143) For speaker train_S13_13_1_12, auxf-impr from fMLLR is 0, over 163 frames.
WARNING (gmm-est-fmllr:Update():fmllr-diag-gmm.cc:162) Not updating fMLLR since below min-count: count is 160
LOG (gmm-est-fmllr:main():gmm-est-fmllr.cc:143) For speaker train_S13_13_1_14, auxf-impr from fMLLR is 0, over 160 frames.
WARNING (gmm-est-fmllr:Update():fmllr-diag-gmm.cc:162) Not updating fMLLR since below min-count: count is 163
LOG (gmm-est-fmllr:main():gmm-est-fmllr.cc:143) For speaker train_S13_13_1_16, auxf-impr from fMLLR is 0, over 163 frames.
WARNING (gmm-est-fmllr:Update():fmllr-diag-gmm.cc:162) Not updating fMLLR since below min-count: count is 145
LOG (gmm-est-fmllr:main():gmm-est-fmllr.cc:143) For speaker train_S13_13_1_18, auxf-impr from fMLLR is 0, over 145 frames.
WARNING (gmm-est-fmllr:Update():fmllr-diag-gmm.cc:162) Not updating fMLLR since below min-count: count is 156
LOG (gmm-est-fmllr:main():gmm-est-fmllr.cc:143) For speaker train_S13_13_1_20, auxf-impr from fMLLR is 0, over 156 frames.
WARNING (gmm-est-fmllr:Update():fmllr-diag-gmm.cc:162) Not updating fMLLR since below min-count: count is 163
LOG (gmm-est-fmllr:main():gmm-est-fmllr.cc:143) For speaker train_S13_13_2_12, auxf-impr from fMLLR is 0, over 163 frames.
WARNING (gmm-est-fmllr:Update():fmllr-diag-gmm.cc:162) Not updating fMLLR since below min-count: count is 160
LOG (gmm-est-fmllr:main():gmm-est-fmllr.cc:143) For speaker train_S13_13_2_14, auxf-impr from fMLLR is 0, over 160 frames.
WARNING (gmm-est-fmllr:Update():fmllr-diag-gmm.cc:162) Not updating fMLLR since below min-count: count is 163
LOG (gmm-est-fmllr:main():gmm-est-fmllr.cc:143) For speaker train_S13_13_2_16, auxf-impr from fMLLR is 0, over 163 frames.
WARNING (gmm-est-fmllr:Update():fmllr-diag-gmm.cc:162) Not updating fMLLR since below min-count: count is 145
LOG (gmm-est-fmllr:main():gmm-est-fmllr.cc:143) For speaker train_S13_13_2_18, auxf-impr from fMLLR is 0, over 145 frames.
WARNING (gmm-est-fmllr:Update():fmllr-diag-gmm.cc:162) Not updating fMLLR since below min-count: count is 156
LOG (gmm-est-fmllr:main():gmm-est-fmllr.cc:143) For speaker train_S13_13_2_20, auxf-impr from fMLLR is 0, over 156 frames.
WARNING (gmm-est-fmllr:Update():fmllr-diag-gmm.cc:162) Not updating fMLLR since below min-count: count is 163
LOG (gmm-est-fmllr:main():gmm-est-fmllr.cc:143) For speaker train_S13_13_3_12, auxf-impr from fMLLR is 0, over 163 frames.
WARNING (gmm-est-fmllr:Update():fmllr-diag-gmm.cc:162) Not updating fMLLR since below min-count: count is 160
LOG (gmm-est-fmllr:main():gmm-est-fmllr.cc:143) For speaker train_S13_13_3_14, auxf-impr from fMLLR is 0, over 160 frames.
WARNING (gmm-est-fmllr:Update():fmllr-diag-gmm.cc:162) Not updating fMLLR since below min-count: count is 163
LOG (gmm-est-fmllr:main():gmm-est-fmllr.cc:143) For speaker train_S13_13_3_16, auxf-impr from fMLLR is 0, over 163 frames.
WARNING (gmm-est-fmllr:Update():fmllr-diag-gmm.cc:162) Not updating fMLLR since below min-count: count is 145
LOG (gmm-est-fmllr:main():gmm-est-fmllr.cc:143) For speaker train_S13_13_3_18, auxf-impr from fMLLR is 0, over 145 frames.
WARNING (gmm-est-fmllr:Update():fmllr-diag-gmm.cc:162) Not updating fMLLR since below min-count: count is 156
LOG (gmm-est-fmllr:main():gmm-est-fmllr.cc:143) For speaker train_S13_13_3_20, auxf-impr from fMLLR is 0, over 156 frames.
WARNING (gmm-est-fmllr:Update():fmllr-diag-gmm.cc:162) Not updating fMLLR since below min-count: count is 163
LOG (gmm-est-fmllr:main():gmm-est-fmllr.cc:143) For speaker train_S13_13_4_12, auxf-impr from fMLLR is 0, over 163 frames.
WARNING (gmm-est-fmllr:Update():fmllr-diag-gmm.cc:162) Not updating fMLLR since below min-count: count is 160
LOG (gmm-est-fmllr:main():gmm-est-fmllr.cc:143) For speaker train_S13_13_4_14, auxf-impr from fMLLR is 0, over 160 frames.
WARNING (gmm-est-fmllr:Update():fmllr-diag-gmm.cc:162) Not updating fMLLR since below min-count: count is 163
LOG (gmm-est-fmllr:main():gmm-est-fmllr.cc:143) For speaker train_S13_13_4_16, auxf-impr from fMLLR is 0, over 163 frames.
WARNING (gmm-est-fmllr:Update():fmllr-diag-gmm.cc:162) Not updating fMLLR since below min-count: count is 145
LOG (gmm-est-fmllr:main():gmm-est-fmllr.cc:143) For speaker train_S13_13_4_18, auxf-impr from fMLLR is 0, over 145 frames.
WARNING (gmm-est-fmllr:Update():fmllr-diag-gmm.cc:162) Not updating fMLLR since below min-count: count is 156
LOG (gmm-est-fmllr:main():gmm-est-fmllr.cc:143) For speaker train_S13_13_4_20, auxf-impr from fMLLR is 0, over 156 frames.
WARNING (gmm-est-fmllr:Update():fmllr-diag-gmm.cc:162) Not updating fMLLR since below min-count: count is 163
LOG (gmm-est-fmllr:main():gmm-est-fmllr.cc:143) For speaker train_S13_13_5_12, auxf-impr from fMLLR is 0, over 163 frames.
WARNING (gmm-est-fmllr:Update():fmllr-diag-gmm.cc:162) Not updating fMLLR since below min-count: count is 160
LOG (gmm-est-fmllr:main():gmm-est-fmllr.cc:143) For speaker train_S13_13_5_14, auxf-impr from fMLLR is 0, over 160 frames.
WARNING (gmm-est-fmllr:Update():fmllr-diag-gmm.cc:162) Not updating fMLLR since below min-count: count is 163
LOG (gmm-est-fmllr:main():gmm-est-fmllr.cc:143) For speaker train_S13_13_5_16, auxf-impr from fMLLR is 0, over 163 frames.
WARNING (gmm-est-fmllr:Update():fmllr-diag-gmm.cc:162) Not updating fMLLR since below min-count: count is 145
LOG (gmm-est-fmllr:main():gmm-est-fmllr.cc:143) For speaker train_S13_13_5_18, auxf-impr from fMLLR is 0, over 145 frames.
WARNING (gmm-est-fmllr:Update():fmllr-diag-gmm.cc:162) Not updating fMLLR since below min-count: count is 156
LOG (gmm-est-fmllr:main():gmm-est-fmllr.cc:143) For speaker train_S13_13_5_20, auxf-impr from fMLLR is 0, over 156 frames.
WARNING (gmm-est-fmllr:Update():fmllr-diag-gmm.cc:162) Not updating fMLLR since below min-count: count is 163
LOG (gmm-est-fmllr:main():gmm-est-fmllr.cc:143) For speaker train_S13_13_6_12, auxf-impr from fMLLR is 0, over 163 frames.
WARNING (gmm-est-fmllr:Update():fmllr-diag-gmm.cc:162) Not updating fMLLR since below min-count: count is 160
LOG (gmm-est-fmllr:main():gmm-est-fmllr.cc:143) For speaker train_S13_13_6_14, auxf-impr from fMLLR is 0, over 160 frames.
WARNING (gmm-est-fmllr:Update():fmllr-diag-gmm.cc:162) Not updating fMLLR since below min-count: count is 163
LOG (gmm-est-fmllr:main():gmm-est-fmllr.cc:143) For speaker train_S13_13_6_16, auxf-impr from fMLLR is 0, over 163 frames.
WARNING (gmm-est-fmllr:Update():fmllr-diag-gmm.cc:162) Not updating fMLLR since below min-count: count is 145
LOG (gmm-est-fmllr:main():gmm-est-fmllr.cc:143) For speaker train_S13_13_6_18, auxf-impr from fMLLR is 0, over 145 frames.
WARNING (gmm-est-fmllr:Update():fmllr-diag-gmm.cc:162) Not updating fMLLR since below min-count: count is 156
LOG (gmm-est-fmllr:main():gmm-est-fmllr.cc:143) For speaker train_S13_13_6_20, auxf-impr from fMLLR is 0, over 156 frames.
WARNING (gmm-est-fmllr:Update():fmllr-diag-gmm.cc:162) Not updating fMLLR since below min-count: count is 164
LOG (gmm-est-fmllr:main():gmm-est-fmllr.cc:143) For speaker train_S13_13_7_12, auxf-impr from fMLLR is 0, over 164 frames.
WARNING (gmm-est-fmllr:Update():fmllr-diag-gmm.cc:162) Not updating fMLLR since below min-count: count is 160
LOG (gmm-est-fmllr:main():gmm-est-fmllr.cc:143) For speaker train_S13_13_7_14, auxf-impr from fMLLR is 0, over 160 frames.
WARNING (gmm-est-fmllr:Update():fmllr-diag-gmm.cc:162) Not updating fMLLR since below min-count: count is 163
LOG (gmm-est-fmllr:main():gmm-est-fmllr.cc:143) For speaker train_S13_13_7_16, auxf-impr from fMLLR is 0, over 163 frames.
WARNING (gmm-est-fmllr:Update():fmllr-diag-gmm.cc:162) Not updating fMLLR since below min-count: count is 145
LOG (gmm-est-fmllr:main():gmm-est-fmllr.cc:143) For speaker train_S13_13_7_18, auxf-impr from fMLLR is 0, over 145 frames.
WARNING (gmm-est-fmllr:Update():fmllr-diag-gmm.cc:162) Not updating fMLLR since below min-count: count is 156
LOG (gmm-est-fmllr:main():gmm-est-fmllr.cc:143) For speaker train_S13_13_7_20, auxf-impr from fMLLR is 0, over 156 frames.
WARNING (gmm-est-fmllr:Update():fmllr-diag-gmm.cc:162) Not updating fMLLR since below min-count: count is 180
LOG (gmm-est-fmllr:main():gmm-est-fmllr.cc:143) For speaker train_S13_14_1_12, auxf-impr from fMLLR is 0, over 180 frames.
WARNING (gmm-est-fmllr:Update():fmllr-diag-gmm.cc:162) Not updating fMLLR since below min-count: count is 177
LOG (gmm-est-fmllr:main():gmm-est-fmllr.cc:143) For speaker train_S13_14_1_14, auxf-impr from fMLLR is 0, over 177 frames.
WARNING (gmm-est-fmllr:Update():fmllr-diag-gmm.cc:162) Not updating fMLLR since below min-count: count is 181
LOG (gmm-est-fmllr:main():gmm-est-fmllr.cc:143) For speaker train_S13_14_1_16, auxf-impr from fMLLR is 0, over 181 frames.
WARNING (gmm-est-fmllr:Update():fmllr-diag-gmm.cc:162) Not updating fMLLR since below min-count: count is 160
LOG (gmm-est-fmllr:main():gmm-est-fmllr.cc:143) For speaker train_S13_14_1_18, auxf-impr from fMLLR is 0, over 160 frames.
WARNING (gmm-est-fmllr:Update():fmllr-diag-gmm.cc:162) Not updating fMLLR since below min-count: count is 173
LOG (gmm-est-fmllr:main():gmm-est-fmllr.cc:143) For speaker train_S13_14_1_20, auxf-impr from fMLLR is 0, over 173 frames.
WARNING (gmm-est-fmllr:Update():fmllr-diag-gmm.cc:162) Not updating fMLLR since below min-count: count is 180
LOG (gmm-est-fmllr:main():gmm-est-fmllr.cc:143) For speaker train_S13_14_2_12, auxf-impr from fMLLR is 0, over 180 frames.
WARNING (gmm-est-fmllr:Update():fmllr-diag-gmm.cc:162) Not updating fMLLR since below min-count: count is 176
LOG (gmm-est-fmllr:main():gmm-est-fmllr.cc:143) For speaker train_S13_14_2_14, auxf-impr from fMLLR is 0, over 176 frames.
WARNING (gmm-est-fmllr:Update():fmllr-diag-gmm.cc:162) Not updating fMLLR since below min-count: count is 181
LOG (gmm-est-fmllr:main():gmm-est-fmllr.cc:143) For speaker train_S13_14_2_16, auxf-impr from fMLLR is 0, over 181 frames.
WARNING (gmm-est-fmllr:Update():fmllr-diag-gmm.cc:162) Not updating fMLLR since below min-count: count is 160
LOG (gmm-est-fmllr:main():gmm-est-fmllr.cc:143) For speaker train_S13_14_2_18, auxf-impr from fMLLR is 0, over 160 frames.
WARNING (gmm-est-fmllr:Update():fmllr-diag-gmm.cc:162) Not updating fMLLR since below min-count: count is 173
LOG (gmm-est-fmllr:main():gmm-est-fmllr.cc:143) For speaker train_S13_14_2_20, auxf-impr from fMLLR is 0, over 173 frames.
WARNING (gmm-est-fmllr:Update():fmllr-diag-gmm.cc:162) Not updating fMLLR since below min-count: count is 180
LOG (gmm-est-fmllr:main():gmm-est-fmllr.cc:143) For speaker train_S13_14_3_12, auxf-impr from fMLLR is 0, over 180 frames.
WARNING (gmm-est-fmllr:Update():fmllr-diag-gmm.cc:162) Not updating fMLLR since below min-count: count is 177
LOG (gmm-est-fmllr:main():gmm-est-fmllr.cc:143) For speaker train_S13_14_3_14, auxf-impr from fMLLR is 0, over 177 frames.
WARNING (gmm-est-fmllr:Update():fmllr-diag-gmm.cc:162) Not updating fMLLR since below min-count: count is 181
LOG (gmm-est-fmllr:main():gmm-est-fmllr.cc:143) For speaker train_S13_14_3_16, auxf-impr from fMLLR is 0, over 181 frames.
WARNING (gmm-est-fmllr:Update():fmllr-diag-gmm.cc:162) Not updating fMLLR since below min-count: count is 160
LOG (gmm-est-fmllr:main():gmm-est-fmllr.cc:143) For speaker train_S13_14_3_18, auxf-impr from fMLLR is 0, over 160 frames.
WARNING (gmm-est-fmllr:Update():fmllr-diag-gmm.cc:162) Not updating fMLLR since below min-count: count is 173
LOG (gmm-est-fmllr:main():gmm-est-fmllr.cc:143) For speaker train_S13_14_3_20, auxf-impr from fMLLR is 0, over 173 frames.
WARNING (gmm-est-fmllr:Update():fmllr-diag-gmm.cc:162) Not updating fMLLR since below min-count: count is 180
LOG (gmm-est-fmllr:main():gmm-est-fmllr.cc:143) For speaker train_S13_14_4_12, auxf-impr from fMLLR is 0, over 180 frames.
WARNING (gmm-est-fmllr:Update():fmllr-diag-gmm.cc:162) Not updating fMLLR since below min-count: count is 176
LOG (gmm-est-fmllr:main():gmm-est-fmllr.cc:143) For speaker train_S13_14_4_14, auxf-impr from fMLLR is 0, over 176 frames.
WARNING (gmm-est-fmllr:Update():fmllr-diag-gmm.cc:162) Not updating fMLLR since below min-count: count is 181
LOG (gmm-est-fmllr:main():gmm-est-fmllr.cc:143) For speaker train_S13_14_4_16, auxf-impr from fMLLR is 0, over 181 frames.
WARNING (gmm-est-fmllr:Update():fmllr-diag-gmm.cc:162) Not updating fMLLR since below min-count: count is 160
LOG (gmm-est-fmllr:main():gmm-est-fmllr.cc:143) For speaker train_S13_14_4_18, auxf-impr from fMLLR is 0, over 160 frames.
WARNING (gmm-est-fmllr:Update():fmllr-diag-gmm.cc:162) Not updating fMLLR since below min-count: count is 173
LOG (gmm-est-fmllr:main():gmm-est-fmllr.cc:143) For speaker train_S13_14_4_20, auxf-impr from fMLLR is 0, over 173 frames.
WARNING (gmm-est-fmllr:Update():fmllr-diag-gmm.cc:162) Not updating fMLLR since below min-count: count is 180
LOG (gmm-est-fmllr:main():gmm-est-fmllr.cc:143) For speaker train_S13_14_5_12, auxf-impr from fMLLR is 0, over 180 frames.
WARNING (gmm-est-fmllr:Update():fmllr-diag-gmm.cc:162) Not updating fMLLR since below min-count: count is 177
LOG (gmm-est-fmllr:main():gmm-est-fmllr.cc:143) For speaker train_S13_14_5_14, auxf-impr from fMLLR is 0, over 177 frames.
WARNING (gmm-est-fmllr:Update():fmllr-diag-gmm.cc:162) Not updating fMLLR since below min-count: count is 181
LOG (gmm-est-fmllr:main():gmm-est-fmllr.cc:143) For speaker train_S13_14_5_16, auxf-impr from fMLLR is 0, over 181 frames.
WARNING (gmm-est-fmllr:Update():fmllr-diag-gmm.cc:162) Not updating fMLLR since below min-count: count is 160
LOG (gmm-est-fmllr:main():gmm-est-fmllr.cc:143) For speaker train_S13_14_5_18, auxf-impr from fMLLR is 0, over 160 frames.
WARNING (gmm-est-fmllr:Update():fmllr-diag-gmm.cc:162) Not updating fMLLR since below min-count: count is 173
LOG (gmm-est-fmllr:main():gmm-est-fmllr.cc:143) For speaker train_S13_14_5_20, auxf-impr from fMLLR is 0, over 173 frames.
WARNING (gmm-est-fmllr:Update():fmllr-diag-gmm.cc:162) Not updating fMLLR since below min-count: count is 180
LOG (gmm-est-fmllr:main():gmm-est-fmllr.cc:143) For speaker train_S13_14_6_12, auxf-impr from fMLLR is 0, over 180 frames.
WARNING (gmm-est-fmllr:Update():fmllr-diag-gmm.cc:162) Not updating fMLLR since below min-count: count is 177
LOG (gmm-est-fmllr:main():gmm-est-fmllr.cc:143) For speaker train_S13_14_6_14, auxf-impr from fMLLR is 0, over 177 frames.
WARNING (gmm-est-fmllr:Update():fmllr-diag-gmm.cc:162) Not updating fMLLR since below min-count: count is 181
LOG (gmm-est-fmllr:main():gmm-est-fmllr.cc:143) For speaker train_S13_14_6_16, auxf-impr from fMLLR is 0, over 181 frames.
WARNING (gmm-est-fmllr:Update():fmllr-diag-gmm.cc:162) Not updating fMLLR since below min-count: count is 160
LOG (gmm-est-fmllr:main():gmm-est-fmllr.cc:143) For speaker train_S13_14_6_18, auxf-impr from fMLLR is 0, over 160 frames.
WARNING (gmm-est-fmllr:Update():fmllr-diag-gmm.cc:162) Not updating fMLLR since below min-count: count is 173
LOG (gmm-est-fmllr:main():gmm-est-fmllr.cc:143) For speaker train_S13_14_6_20, auxf-impr from fMLLR is 0, over 173 frames.
WARNING (gmm-est-fmllr:Update():fmllr-diag-gmm.cc:162) Not updating fMLLR since below min-count: count is 180
LOG (gmm-est-fmllr:main():gmm-est-fmllr.cc:143) For speaker train_S13_14_7_12, auxf-impr from fMLLR is 0, over 180 frames.
WARNING (gmm-est-fmllr:Update():fmllr-diag-gmm.cc:162) Not updating fMLLR since below min-count: count is 177
LOG (gmm-est-fmllr:main():gmm-est-fmllr.cc:143) For speaker train_S13_14_7_14, auxf-impr from fMLLR is 0, over 177 frames.
WARNING (gmm-est-fmllr:Update():fmllr-diag-gmm.cc:162) Not updating fMLLR since below min-count: count is 181
LOG (gmm-est-fmllr:main():gmm-est-fmllr.cc:143) For speaker train_S13_14_7_16, auxf-impr from fMLLR is 0, over 181 frames.
WARNING (gmm-est-fmllr:Update():fmllr-diag-gmm.cc:162) Not updating fMLLR since below min-count: count is 160
LOG (gmm-est-fmllr:main():gmm-est-fmllr.cc:143) For speaker train_S13_14_7_18, auxf-impr from fMLLR is 0, over 160 frames.
WARNING (gmm-est-fmllr:Update():fmllr-diag-gmm.cc:162) Not updating fMLLR since below min-count: count is 173
LOG (gmm-est-fmllr:main():gmm-est-fmllr.cc:143) For speaker train_S13_14_7_20, auxf-impr from fMLLR is 0, over 173 frames.
WARNING (gmm-est-fmllr:Update():fmllr-diag-gmm.cc:162) Not updating fMLLR since below min-count: count is 190
LOG (gmm-est-fmllr:main():gmm-est-fmllr.cc:143) For speaker train_S13_15_1_12, auxf-impr from fMLLR is 0, over 190 frames.
WARNING (gmm-est-fmllr:Update():fmllr-diag-gmm.cc:162) Not updating fMLLR since below min-count: count is 184
LOG (gmm-est-fmllr:main():gmm-est-fmllr.cc:143) For speaker train_S13_15_1_14, auxf-impr from fMLLR is 0, over 184 frames.
WARNING (gmm-est-fmllr:Update():fmllr-diag-gmm.cc:162) Not updating fMLLR since below min-count: count is 186
LOG (gmm-est-fmllr:main():gmm-est-fmllr.cc:143) For speaker train_S13_15_1_16, auxf-impr from fMLLR is 0, over 186 frames.
WARNING (gmm-est-fmllr:Update():fmllr-diag-gmm.cc:162) Not updating fMLLR since below min-count: count is 164
LOG (gmm-est-fmllr:main():gmm-est-fmllr.cc:143) For speaker train_S13_15_1_18, auxf-impr from fMLLR is 0, over 164 frames.
WARNING (gmm-est-fmllr:Update():fmllr-diag-gmm.cc:162) Not updating fMLLR since below min-count: count is 179
LOG (gmm-est-fmllr:main():gmm-est-fmllr.cc:143) For speaker train_S13_15_1_20, auxf-impr from fMLLR is 0, over 179 frames.
WARNING (gmm-est-fmllr:Update():fmllr-diag-gmm.cc:162) Not updating fMLLR since below min-count: count is 190
LOG (gmm-est-fmllr:main():gmm-est-fmllr.cc:143) For speaker train_S13_15_2_12, auxf-impr from fMLLR is 0, over 190 frames.
WARNING (gmm-est-fmllr:Update():fmllr-diag-gmm.cc:162) Not updating fMLLR since below min-count: count is 184
LOG (gmm-est-fmllr:main():gmm-est-fmllr.cc:143) For speaker train_S13_15_2_14, auxf-impr from fMLLR is 0, over 184 frames.
WARNING (gmm-est-fmllr:Update():fmllr-diag-gmm.cc:162) Not updating fMLLR since below min-count: count is 186
LOG (gmm-est-fmllr:main():gmm-est-fmllr.cc:143) For speaker train_S13_15_2_16, auxf-impr from fMLLR is 0, over 186 frames.
WARNING (gmm-est-fmllr:Update():fmllr-diag-gmm.cc:162) Not updating fMLLR since below min-count: count is 164
LOG (gmm-est-fmllr:main():gmm-est-fmllr.cc:143) For speaker train_S13_15_2_18, auxf-impr from fMLLR is 0, over 164 frames.
WARNING (gmm-est-fmllr:Update():fmllr-diag-gmm.cc:162) Not updating fMLLR since below min-count: count is 179
LOG (gmm-est-fmllr:main():gmm-est-fmllr.cc:143) For speaker train_S13_15_2_20, auxf-impr from fMLLR is 0, over 179 frames.
WARNING (gmm-est-fmllr:Update():fmllr-diag-gmm.cc:162) Not updating fMLLR since below min-count: count is 190
LOG (gmm-est-fmllr:main():gmm-est-fmllr.cc:143) For speaker train_S13_15_3_12, auxf-impr from fMLLR is 0, over 190 frames.
WARNING (gmm-est-fmllr:Update():fmllr-diag-gmm.cc:162) Not updating fMLLR since below min-count: count is 184
LOG (gmm-est-fmllr:main():gmm-est-fmllr.cc:143) For speaker train_S13_15_3_14, auxf-impr from fMLLR is 0, over 184 frames.
WARNING (gmm-est-fmllr:Update():fmllr-diag-gmm.cc:162) Not updating fMLLR since below min-count: count is 186
LOG (gmm-est-fmllr:main():gmm-est-fmllr.cc:143) For speaker train_S13_15_3_16, auxf-impr from fMLLR is 0, over 186 frames.
WARNING (gmm-est-fmllr:Update():fmllr-diag-gmm.cc:162) Not updating fMLLR since below min-count: count is 164
LOG (gmm-est-fmllr:main():gmm-est-fmllr.cc:143) For speaker train_S13_15_3_18, auxf-impr from fMLLR is 0, over 164 frames.
WARNING (gmm-est-fmllr:Update():fmllr-diag-gmm.cc:162) Not updating fMLLR since below min-count: count is 179
LOG (gmm-est-fmllr:main():gmm-est-fmllr.cc:143) For speaker train_S13_15_3_20, auxf-impr from fMLLR is 0, over 179 frames.
WARNING (gmm-est-fmllr:Update():fmllr-diag-gmm.cc:162) Not updating fMLLR since below min-count: count is 190
LOG (gmm-est-fmllr:main():gmm-est-fmllr.cc:143) For speaker train_S13_15_4_12, auxf-impr from fMLLR is 0, over 190 frames.
WARNING (gmm-est-fmllr:Update():fmllr-diag-gmm.cc:162) Not updating fMLLR since below min-count: count is 183
LOG (gmm-est-fmllr:main():gmm-est-fmllr.cc:143) For speaker train_S13_15_4_14, auxf-impr from fMLLR is 0, over 183 frames.
WARNING (gmm-est-fmllr:Update():fmllr-diag-gmm.cc:162) Not updating fMLLR since below min-count: count is 186
LOG (gmm-est-fmllr:main():gmm-est-fmllr.cc:143) For speaker train_S13_15_4_16, auxf-impr from fMLLR is 0, over 186 frames.
WARNING (gmm-est-fmllr:Update():fmllr-diag-gmm.cc:162) Not updating fMLLR since below min-count: count is 164
LOG (gmm-est-fmllr:main():gmm-est-fmllr.cc:143) For speaker train_S13_15_4_18, auxf-impr from fMLLR is 0, over 164 frames.
WARNING (gmm-est-fmllr:Update():fmllr-diag-gmm.cc:162) Not updating fMLLR since below min-count: count is 179
LOG (gmm-est-fmllr:main():gmm-est-fmllr.cc:143) For speaker train_S13_15_4_20, auxf-impr from fMLLR is 0, over 179 frames.
WARNING (gmm-est-fmllr:Update():fmllr-diag-gmm.cc:162) Not updating fMLLR since below min-count: count is 190
LOG (gmm-est-fmllr:main():gmm-est-fmllr.cc:143) For speaker train_S13_15_5_12, auxf-impr from fMLLR is 0, over 190 frames.
WARNING (gmm-est-fmllr:Update():fmllr-diag-gmm.cc:162) Not updating fMLLR since below min-count: count is 183
LOG (gmm-est-fmllr:main():gmm-est-fmllr.cc:143) For speaker train_S13_15_5_14, auxf-impr from fMLLR is 0, over 183 frames.
WARNING (gmm-est-fmllr:Update():fmllr-diag-gmm.cc:162) Not updating fMLLR since below min-count: count is 186
LOG (gmm-est-fmllr:main():gmm-est-fmllr.cc:143) For speaker train_S13_15_5_16, auxf-impr from fMLLR is 0, over 186 frames.
WARNING (gmm-est-fmllr:Update():fmllr-diag-gmm.cc:162) Not updating fMLLR since below min-count: count is 164
LOG (gmm-est-fmllr:main():gmm-est-fmllr.cc:143) For speaker train_S13_15_5_18, auxf-impr from fMLLR is 0, over 164 frames.
WARNING (gmm-est-fmllr:Update():fmllr-diag-gmm.cc:162) Not updating fMLLR since below min-count: count is 179
LOG (gmm-est-fmllr:main():gmm-est-fmllr.cc:143) For speaker train_S13_15_5_20, auxf-impr from fMLLR is 0, over 179 frames.
WARNING (gmm-est-fmllr:Update():fmllr-diag-gmm.cc:162) Not updating fMLLR since below min-count: count is 190
LOG (gmm-est-fmllr:main():gmm-est-fmllr.cc:143) For speaker train_S13_15_6_12, auxf-impr from fMLLR is 0, over 190 frames.
WARNING (gmm-est-fmllr:Update():fmllr-diag-gmm.cc:162) Not updating fMLLR since below min-count: count is 184
LOG (gmm-est-fmllr:main():gmm-est-fmllr.cc:143) For speaker train_S13_15_6_14, auxf-impr from fMLLR is 0, over 184 frames.
WARNING (gmm-est-fmllr:Update():fmllr-diag-gmm.cc:162) Not updating fMLLR since below min-count: count is 186
LOG (gmm-est-fmllr:main():gmm-est-fmllr.cc:143) For speaker train_S13_15_6_16, auxf-impr from fMLLR is 0, over 186 frames.
WARNING (gmm-est-fmllr:Update():fmllr-diag-gmm.cc:162) Not updating fMLLR since below min-count: count is 164
LOG (gmm-est-fmllr:main():gmm-est-fmllr.cc:143) For speaker train_S13_15_6_18, auxf-impr from fMLLR is 0, over 164 frames.
WARNING (gmm-est-fmllr:Update():fmllr-diag-gmm.cc:162) Not updating fMLLR since below min-count: count is 179
LOG (gmm-est-fmllr:main():gmm-est-fmllr.cc:143) For speaker train_S13_15_6_20, auxf-impr from fMLLR is 0, over 179 frames.
WARNING (gmm-est-fmllr:Update():fmllr-diag-gmm.cc:162) Not updating fMLLR since below min-count: count is 190
LOG (gmm-est-fmllr:main():gmm-est-fmllr.cc:143) For speaker train_S13_15_7_12, auxf-impr from fMLLR is 0, over 190 frames.
WARNING (gmm-est-fmllr:Update():fmllr-diag-gmm.cc:162) Not updating fMLLR since below min-count: count is 185
LOG (gmm-est-fmllr:main():gmm-est-fmllr.cc:143) For speaker train_S13_15_7_14, auxf-impr from fMLLR is 0, over 185 frames.
WARNING (gmm-est-fmllr:Update():fmllr-diag-gmm.cc:162) Not updating fMLLR since below min-count: count is 186
LOG (gmm-est-fmllr:main():gmm-est-fmllr.cc:143) For speaker train_S13_15_7_16, auxf-impr from fMLLR is 0, over 186 frames.
WARNING (gmm-est-fmllr:Update():fmllr-diag-gmm.cc:162) Not updating fMLLR since below min-count: count is 164
LOG (gmm-est-fmllr:main():gmm-est-fmllr.cc:143) For speaker train_S13_15_7_18, auxf-impr from fMLLR is 0, over 164 frames.
WARNING (gmm-est-fmllr:Update():fmllr-diag-gmm.cc:162) Not updating fMLLR since below min-count: count is 178
LOG (gmm-est-fmllr:main():gmm-est-fmllr.cc:143) For speaker train_S13_15_7_20, auxf-impr from fMLLR is 0, over 178 frames.
WARNING (gmm-est-fmllr:Update():fmllr-diag-gmm.cc:162) Not updating fMLLR since below min-count: count is 214
LOG (gmm-est-fmllr:main():gmm-est-fmllr.cc:143) For speaker train_S13_16_1_12, auxf-impr from fMLLR is 0, over 214 frames.
WARNING (gmm-est-fmllr:Update():fmllr-diag-gmm.cc:162) Not updating fMLLR since below min-count: count is 210
LOG (gmm-est-fmllr:main():gmm-est-fmllr.cc:143) For speaker train_S13_16_1_14, auxf-impr from fMLLR is 0, over 210 frames.
WARNING (gmm-est-fmllr:Update():fmllr-diag-gmm.cc:162) Not updating fMLLR since below min-count: count is 214
LOG (gmm-est-fmllr:main():gmm-est-fmllr.cc:143) For speaker train_S13_16_1_16, auxf-impr from fMLLR is 0, over 214 frames.
WARNING (gmm-est-fmllr:Update():fmllr-diag-gmm.cc:162) Not updating fMLLR since below min-count: count is 190
LOG (gmm-est-fmllr:main():gmm-est-fmllr.cc:143) For speaker train_S13_16_1_18, auxf-impr from fMLLR is 0, over 190 frames.
WARNING (gmm-est-fmllr:Update():fmllr-diag-gmm.cc:162) Not updating fMLLR since below min-count: count is 204
LOG (gmm-est-fmllr:main():gmm-est-fmllr.cc:143) For speaker train_S13_16_1_20, auxf-impr from fMLLR is 0, over 204 frames.
WARNING (gmm-est-fmllr:Update():fmllr-diag-gmm.cc:162) Not updating fMLLR since below min-count: count is 214
LOG (gmm-est-fmllr:main():gmm-est-fmllr.cc:143) For speaker train_S13_16_2_12, auxf-impr from fMLLR is 0, over 214 frames.
WARNING (gmm-est-fmllr:Update():fmllr-diag-gmm.cc:162) Not updating fMLLR since below min-count: count is 210
LOG (gmm-est-fmllr:main():gmm-est-fmllr.cc:143) For speaker train_S13_16_2_14, auxf-impr from fMLLR is 0, over 210 frames.
WARNING (gmm-est-fmllr:Update():fmllr-diag-gmm.cc:162) Not updating fMLLR since below min-count: count is 214
LOG (gmm-est-fmllr:main():gmm-est-fmllr.cc:143) For speaker train_S13_16_2_16, auxf-impr from fMLLR is 0, over 214 frames.
WARNING (gmm-est-fmllr:Update():fmllr-diag-gmm.cc:162) Not updating fMLLR since below min-count: count is 190
LOG (gmm-est-fmllr:main():gmm-est-fmllr.cc:143) For speaker train_S13_16_2_18, auxf-impr from fMLLR is 0, over 190 frames.
WARNING (gmm-est-fmllr:Update():fmllr-diag-gmm.cc:162) Not updating fMLLR since below min-count: count is 204
LOG (gmm-est-fmllr:main():gmm-est-fmllr.cc:143) For speaker train_S13_16_2_20, auxf-impr from fMLLR is 0, over 204 frames.
WARNING (gmm-est-fmllr:Update():fmllr-diag-gmm.cc:162) Not updating fMLLR since below min-count: count is 214
LOG (gmm-est-fmllr:main():gmm-est-fmllr.cc:143) For speaker train_S13_16_3_12, auxf-impr from fMLLR is 0, over 214 frames.
WARNING (gmm-est-fmllr:Update():fmllr-diag-gmm.cc:162) Not updating fMLLR since below min-count: count is 210
LOG (gmm-est-fmllr:main():gmm-est-fmllr.cc:143) For speaker train_S13_16_3_14, auxf-impr from fMLLR is 0, over 210 frames.
WARNING (gmm-est-fmllr:Update():fmllr-diag-gmm.cc:162) Not updating fMLLR since below min-count: count is 214
LOG (gmm-est-fmllr:main():gmm-est-fmllr.cc:143) For speaker train_S13_16_3_16, auxf-impr from fMLLR is 0, over 214 frames.
WARNING (gmm-est-fmllr:Update():fmllr-diag-gmm.cc:162) Not updating fMLLR since below min-count: count is 188
LOG (gmm-est-fmllr:main():gmm-est-fmllr.cc:143) For speaker train_S13_16_3_18, auxf-impr from fMLLR is 0, over 188 frames.
WARNING (gmm-est-fmllr:Update():fmllr-diag-gmm.cc:162) Not updating fMLLR since below min-count: count is 204
LOG (gmm-est-fmllr:main():gmm-est-fmllr.cc:143) For speaker train_S13_16_3_20, auxf-impr from fMLLR is 0, over 204 frames.
WARNING (gmm-est-fmllr:Update():fmllr-diag-gmm.cc:162) Not updating fMLLR since below min-count: count is 214
LOG (gmm-est-fmllr:main():gmm-est-fmllr.cc:143) For speaker train_S13_16_4_12, auxf-impr from fMLLR is 0, over 214 frames.
WARNING (gmm-est-fmllr:Update():fmllr-diag-gmm.cc:162) Not updating fMLLR since below min-count: count is 210
LOG (gmm-est-fmllr:main():gmm-est-fmllr.cc:143) For speaker train_S13_16_4_14, auxf-impr from fMLLR is 0, over 210 frames.
WARNING (gmm-est-fmllr:Update():fmllr-diag-gmm.cc:162) Not updating fMLLR since below min-count: count is 214
LOG (gmm-est-fmllr:main():gmm-est-fmllr.cc:143) For speaker train_S13_16_4_16, auxf-impr from fMLLR is 0, over 214 frames.
LOG (ali-to-post:main():ali-to-post.cc:65) Converted 242 alignments.
WARNING (gmm-est-fmllr:Update():fmllr-diag-gmm.cc:162) Not updating fMLLR since below min-count: count is 190
LOG (gmm-est-fmllr:main():gmm-est-fmllr.cc:143) For speaker train_S13_16_4_18, auxf-impr from fMLLR is 0, over 190 frames.
WARNING (gmm-est-fmllr:Update():fmllr-diag-gmm.cc:162) Not updating fMLLR since below min-count: count is 204
LOG (gmm-est-fmllr:main():gmm-est-fmllr.cc:143) For speaker train_S13_16_4_20, auxf-impr from fMLLR is 0, over 204 frames.
WARNING (gmm-est-fmllr:Update():fmllr-diag-gmm.cc:162) Not updating fMLLR since below min-count: count is 214
LOG (gmm-est-fmllr:main():gmm-est-fmllr.cc:143) For speaker train_S13_16_5_12, auxf-impr from fMLLR is 0, over 214 frames.
WARNING (gmm-est-fmllr:Update():fmllr-diag-gmm.cc:162) Not updating fMLLR since below min-count: count is 210
LOG (gmm-est-fmllr:main():gmm-est-fmllr.cc:143) For speaker train_S13_16_5_14, auxf-impr from fMLLR is 0, over 210 frames.
WARNING (gmm-est-fmllr:Update():fmllr-diag-gmm.cc:162) Not updating fMLLR since below min-count: count is 213
LOG (gmm-est-fmllr:main():gmm-est-fmllr.cc:143) For speaker train_S13_16_5_16, auxf-impr from fMLLR is 0, over 213 frames.
WARNING (gmm-est-fmllr:Update():fmllr-diag-gmm.cc:162) Not updating fMLLR since below min-count: count is 190
LOG (gmm-est-fmllr:main():gmm-est-fmllr.cc:143) For speaker train_S13_16_5_18, auxf-impr from fMLLR is 0, over 190 frames.
WARNING (gmm-est-fmllr:Update():fmllr-diag-gmm.cc:162) Not updating fMLLR since below min-count: count is 204
LOG (gmm-est-fmllr:main():gmm-est-fmllr.cc:143) For speaker train_S13_16_5_20, auxf-impr from fMLLR is 0, over 204 frames.
WARNING (gmm-est-fmllr:Update():fmllr-diag-gmm.cc:162) Not updating fMLLR since below min-count: count is 214
LOG (gmm-est-fmllr:main():gmm-est-fmllr.cc:143) For speaker train_S13_16_6_12, auxf-impr from fMLLR is 0, over 214 frames.
WARNING (gmm-est-fmllr:Update():fmllr-diag-gmm.cc:162) Not updating fMLLR since below min-count: count is 210
LOG (gmm-est-fmllr:main():gmm-est-fmllr.cc:143) For speaker train_S13_16_6_14, auxf-impr from fMLLR is 0, over 210 frames.
WARNING (gmm-est-fmllr:Update():fmllr-diag-gmm.cc:162) Not updating fMLLR since below min-count: count is 214
LOG (gmm-est-fmllr:main():gmm-est-fmllr.cc:143) For speaker train_S13_16_6_16, auxf-impr from fMLLR is 0, over 214 frames.
WARNING (gmm-est-fmllr:Update():fmllr-diag-gmm.cc:162) Not updating fMLLR since below min-count: count is 190
LOG (gmm-est-fmllr:main():gmm-est-fmllr.cc:143) For speaker train_S13_16_6_18, auxf-impr from fMLLR is 0, over 190 frames.
WARNING (gmm-est-fmllr:Update():fmllr-diag-gmm.cc:162) Not updating fMLLR since below min-count: count is 204
LOG (gmm-est-fmllr:main():gmm-est-fmllr.cc:143) For speaker train_S13_16_6_20, auxf-impr from fMLLR is 0, over 204 frames.
WARNING (gmm-est-fmllr:Update():fmllr-diag-gmm.cc:162) Not updating fMLLR since below min-count: count is 214
LOG (gmm-est-fmllr:main():gmm-est-fmllr.cc:143) For speaker train_S13_16_7_12, auxf-impr from fMLLR is 0, over 214 frames.
WARNING (gmm-est-fmllr:Update():fmllr-diag-gmm.cc:162) Not updating fMLLR since below min-count: count is 210
LOG (gmm-est-fmllr:main():gmm-est-fmllr.cc:143) For speaker train_S13_16_7_14, auxf-impr from fMLLR is 0, over 210 frames.
WARNING (gmm-est-fmllr:Update():fmllr-diag-gmm.cc:162) Not updating fMLLR since below min-count: count is 213
LOG (gmm-est-fmllr:main():gmm-est-fmllr.cc:143) For speaker train_S13_16_7_16, auxf-impr from fMLLR is 0, over 213 frames.
WARNING (gmm-est-fmllr:Update():fmllr-diag-gmm.cc:162) Not updating fMLLR since below min-count: count is 188
LOG (gmm-est-fmllr:main():gmm-est-fmllr.cc:143) For speaker train_S13_16_7_18, auxf-impr from fMLLR is 0, over 188 frames.
WARNING (gmm-est-fmllr:Update():fmllr-diag-gmm.cc:162) Not updating fMLLR since below min-count: count is 204
LOG (gmm-est-fmllr:main():gmm-est-fmllr.cc:143) For speaker train_S13_16_7_20, auxf-impr from fMLLR is 0, over 204 frames.
WARNING (gmm-est-fmllr:Update():fmllr-diag-gmm.cc:162) Not updating fMLLR since below min-count: count is 200
LOG (gmm-est-fmllr:main():gmm-est-fmllr.cc:143) For speaker train_S13_8_1_12, auxf-impr from fMLLR is 0, over 200 frames.
LOG (weight-silence-post:main():weight-silence-post.cc:95) Done 242 posteriors.
WARNING (gmm-est-fmllr:Update():fmllr-diag-gmm.cc:162) Not updating fMLLR since below min-count: count is 196
LOG (gmm-est-fmllr:main():gmm-est-fmllr.cc:143) For speaker train_S13_8_1_14, auxf-impr from fMLLR is 0, over 196 frames.
WARNING (gmm-est-fmllr:Update():fmllr-diag-gmm.cc:162) Not updating fMLLR since below min-count: count is 200
LOG (gmm-est-fmllr:main():gmm-est-fmllr.cc:143) For speaker train_S13_8_1_16, auxf-impr from fMLLR is 0, over 200 frames.
WARNING (gmm-est-fmllr:Update():fmllr-diag-gmm.cc:162) Not updating fMLLR since below min-count: count is 178
LOG (gmm-est-fmllr:main():gmm-est-fmllr.cc:143) For speaker train_S13_8_1_18, auxf-impr from fMLLR is 0, over 178 frames.
WARNING (gmm-est-fmllr:Update():fmllr-diag-gmm.cc:162) Not updating fMLLR since below min-count: count is 191
LOG (gmm-est-fmllr:main():gmm-est-fmllr.cc:143) For speaker train_S13_8_1_20, auxf-impr from fMLLR is 0, over 191 frames.
WARNING (gmm-est-fmllr:Update():fmllr-diag-gmm.cc:162) Not updating fMLLR since below min-count: count is 200
LOG (gmm-est-fmllr:main():gmm-est-fmllr.cc:143) For speaker train_S13_8_2_12, auxf-impr from fMLLR is 0, over 200 frames.
WARNING (gmm-est-fmllr:Update():fmllr-diag-gmm.cc:162) Not updating fMLLR since below min-count: count is 196
LOG (gmm-est-fmllr:main():gmm-est-fmllr.cc:143) For speaker train_S13_8_2_14, auxf-impr from fMLLR is 0, over 196 frames.
WARNING (gmm-est-fmllr:Update():fmllr-diag-gmm.cc:162) Not updating fMLLR since below min-count: count is 200
LOG (gmm-est-fmllr:main():gmm-est-fmllr.cc:143) For speaker train_S13_8_2_16, auxf-impr from fMLLR is 0, over 200 frames.
WARNING (gmm-est-fmllr:Update():fmllr-diag-gmm.cc:162) Not updating fMLLR since below min-count: count is 178
LOG (gmm-est-fmllr:main():gmm-est-fmllr.cc:143) For speaker train_S13_8_2_18, auxf-impr from fMLLR is 0, over 178 frames.
WARNING (gmm-est-fmllr:Update():fmllr-diag-gmm.cc:162) Not updating fMLLR since below min-count: count is 191
LOG (gmm-est-fmllr:main():gmm-est-fmllr.cc:143) For speaker train_S13_8_2_20, auxf-impr from fMLLR is 0, over 191 frames.
LOG (apply-cmvn:main():apply-cmvn.cc:146) Applied cepstral mean normalization to 242 utterances, errors on 0
WARNING (gmm-est-fmllr:Update():fmllr-diag-gmm.cc:162) Not updating fMLLR since below min-count: count is 200
LOG (gmm-est-fmllr:main():gmm-est-fmllr.cc:143) For speaker train_S13_8_3_12, auxf-impr from fMLLR is 0, over 200 frames.
WARNING (gmm-est-fmllr:Update():fmllr-diag-gmm.cc:162) Not updating fMLLR since below min-count: count is 196
LOG (gmm-est-fmllr:main():gmm-est-fmllr.cc:143) For speaker train_S13_8_3_14, auxf-impr from fMLLR is 0, over 196 frames.
WARNING (gmm-est-fmllr:Update():fmllr-diag-gmm.cc:162) Not updating fMLLR since below min-count: count is 200
LOG (gmm-est-fmllr:main():gmm-est-fmllr.cc:143) For speaker train_S13_8_3_16, auxf-impr from fMLLR is 0, over 200 frames.
WARNING (gmm-est-fmllr:Update():fmllr-diag-gmm.cc:162) Not updating fMLLR since below min-count: count is 178
LOG (gmm-est-fmllr:main():gmm-est-fmllr.cc:143) For speaker train_S13_8_3_18, auxf-impr from fMLLR is 0, over 178 frames.
WARNING (gmm-est-fmllr:Update():fmllr-diag-gmm.cc:162) Not updating fMLLR since below min-count: count is 191
LOG (gmm-est-fmllr:main():gmm-est-fmllr.cc:143) For speaker train_S13_8_3_20, auxf-impr from fMLLR is 0, over 191 frames.
WARNING (gmm-est-fmllr:Update():fmllr-diag-gmm.cc:162) Not updating fMLLR since below min-count: count is 200
LOG (gmm-est-fmllr:main():gmm-est-fmllr.cc:143) For speaker train_S13_8_4_12, auxf-impr from fMLLR is 0, over 200 frames.
WARNING (gmm-est-fmllr:Update():fmllr-diag-gmm.cc:162) Not updating fMLLR since below min-count: count is 196
LOG (gmm-est-fmllr:main():gmm-est-fmllr.cc:143) For speaker train_S13_8_4_14, auxf-impr from fMLLR is 0, over 196 frames.
WARNING (gmm-est-fmllr:Update():fmllr-diag-gmm.cc:162) Not updating fMLLR since below min-count: count is 200
LOG (gmm-est-fmllr:main():gmm-est-fmllr.cc:143) For speaker train_S13_8_4_16, auxf-impr from fMLLR is 0, over 200 frames.
LOG (gmm-est-fmllr:main():gmm-est-fmllr.cc:188) Done 242 files, 0 with no posts, 0 with other errors.
LOG (gmm-est-fmllr:main():gmm-est-fmllr.cc:190) Overall fMLLR auxf impr per frame is 0 over 44043 frames.
# Accounting: time=2 threads=1
# Ended (code 0) at Mon Feb 24 09:55:37 IST 2020, elapsed time 2 seconds
