# ali-to-post "ark:gunzip -c exp/mono2/ali.24.gz|" ark:- | weight-silence-post 0.0 1 exp/mono2/4.mdl ark:- ark:- | gmm-est-fmllr --fmllr-update-type=full --spk2utt=ark:data/train/split30/24/spk2utt exp/mono2/4.mdl "ark,s,cs:apply-cmvn  --utt2spk=ark:data/train/split30/24/utt2spk scp:data/train/split30/24/cmvn.scp scp:data/train/split30/24/feats.scp ark:- | add-deltas  ark:- ark:- | transform-feats --utt2spk=ark:data/train/split30/24/utt2spk ark:exp/mono2/trans.24 ark:- ark:- |" ark:- ark:exp/mono2/tmp_trans.24 
# Started at Mon Feb 24 09:56:48 IST 2020
#
weight-silence-post 0.0 1 exp/mono2/4.mdl ark:- ark:- 
ali-to-post 'ark:gunzip -c exp/mono2/ali.24.gz|' ark:- 
gmm-est-fmllr --fmllr-update-type=full --spk2utt=ark:data/train/split30/24/spk2utt exp/mono2/4.mdl 'ark,s,cs:apply-cmvn  --utt2spk=ark:data/train/split30/24/utt2spk scp:data/train/split30/24/cmvn.scp scp:data/train/split30/24/feats.scp ark:- | add-deltas  ark:- ark:- | transform-feats --utt2spk=ark:data/train/split30/24/utt2spk ark:exp/mono2/trans.24 ark:- ark:- |' ark:- ark:exp/mono2/tmp_trans.24 
transform-feats --utt2spk=ark:data/train/split30/24/utt2spk ark:exp/mono2/trans.24 ark:- ark:- 
add-deltas ark:- ark:- 
apply-cmvn --utt2spk=ark:data/train/split30/24/utt2spk scp:data/train/split30/24/cmvn.scp scp:data/train/split30/24/feats.scp ark:- 
WARNING (gmm-est-fmllr:Update():fmllr-diag-gmm.cc:162) Not updating fMLLR since below min-count: count is 109
LOG (gmm-est-fmllr:main():gmm-est-fmllr.cc:143) For speaker train_S4_6_6_12, auxf-impr from fMLLR is 0, over 109 frames.
WARNING (gmm-est-fmllr:Update():fmllr-diag-gmm.cc:162) Not updating fMLLR since below min-count: count is 107
LOG (gmm-est-fmllr:main():gmm-est-fmllr.cc:143) For speaker train_S4_6_6_14, auxf-impr from fMLLR is 0, over 107 frames.
WARNING (gmm-est-fmllr:Update():fmllr-diag-gmm.cc:162) Not updating fMLLR since below min-count: count is 109
LOG (gmm-est-fmllr:main():gmm-est-fmllr.cc:143) For speaker train_S4_6_6_16, auxf-impr from fMLLR is 0, over 109 frames.
WARNING (gmm-est-fmllr:Update():fmllr-diag-gmm.cc:162) Not updating fMLLR since below min-count: count is 97
LOG (gmm-est-fmllr:main():gmm-est-fmllr.cc:143) For speaker train_S4_6_6_18, auxf-impr from fMLLR is 0, over 97 frames.
WARNING (gmm-est-fmllr:Update():fmllr-diag-gmm.cc:162) Not updating fMLLR since below min-count: count is 104
LOG (gmm-est-fmllr:main():gmm-est-fmllr.cc:143) For speaker train_S4_6_6_20, auxf-impr from fMLLR is 0, over 104 frames.
WARNING (gmm-est-fmllr:Update():fmllr-diag-gmm.cc:162) Not updating fMLLR since below min-count: count is 109
LOG (gmm-est-fmllr:main():gmm-est-fmllr.cc:143) For speaker train_S4_6_7_12, auxf-impr from fMLLR is 0, over 109 frames.
WARNING (gmm-est-fmllr:Update():fmllr-diag-gmm.cc:162) Not updating fMLLR since below min-count: count is 107
LOG (gmm-est-fmllr:main():gmm-est-fmllr.cc:143) For speaker train_S4_6_7_14, auxf-impr from fMLLR is 0, over 107 frames.
WARNING (gmm-est-fmllr:Update():fmllr-diag-gmm.cc:162) Not updating fMLLR since below min-count: count is 109
LOG (gmm-est-fmllr:main():gmm-est-fmllr.cc:143) For speaker train_S4_6_7_16, auxf-impr from fMLLR is 0, over 109 frames.
WARNING (gmm-est-fmllr:Update():fmllr-diag-gmm.cc:162) Not updating fMLLR since below min-count: count is 97
LOG (gmm-est-fmllr:main():gmm-est-fmllr.cc:143) For speaker train_S4_6_7_18, auxf-impr from fMLLR is 0, over 97 frames.
WARNING (gmm-est-fmllr:Update():fmllr-diag-gmm.cc:162) Not updating fMLLR since below min-count: count is 104
LOG (gmm-est-fmllr:main():gmm-est-fmllr.cc:143) For speaker train_S4_6_7_20, auxf-impr from fMLLR is 0, over 104 frames.
WARNING (gmm-est-fmllr:Update():fmllr-diag-gmm.cc:162) Not updating fMLLR since below min-count: count is 173
LOG (gmm-est-fmllr:main():gmm-est-fmllr.cc:143) For speaker train_S4_7_1_12, auxf-impr from fMLLR is 0, over 173 frames.
WARNING (gmm-est-fmllr:Update():fmllr-diag-gmm.cc:162) Not updating fMLLR since below min-count: count is 169
LOG (gmm-est-fmllr:main():gmm-est-fmllr.cc:143) For speaker train_S4_7_1_14, auxf-impr from fMLLR is 0, over 169 frames.
WARNING (gmm-est-fmllr:Update():fmllr-diag-gmm.cc:162) Not updating fMLLR since below min-count: count is 172
LOG (gmm-est-fmllr:main():gmm-est-fmllr.cc:143) For speaker train_S4_7_1_16, auxf-impr from fMLLR is 0, over 172 frames.
WARNING (gmm-est-fmllr:Update():fmllr-diag-gmm.cc:162) Not updating fMLLR since below min-count: count is 154
LOG (gmm-est-fmllr:main():gmm-est-fmllr.cc:143) For speaker train_S4_7_1_18, auxf-impr from fMLLR is 0, over 154 frames.
WARNING (gmm-est-fmllr:Update():fmllr-diag-gmm.cc:162) Not updating fMLLR since below min-count: count is 165
LOG (gmm-est-fmllr:main():gmm-est-fmllr.cc:143) For speaker train_S4_7_1_20, auxf-impr from fMLLR is 0, over 165 frames.
WARNING (gmm-est-fmllr:Update():fmllr-diag-gmm.cc:162) Not updating fMLLR since below min-count: count is 173
LOG (gmm-est-fmllr:main():gmm-est-fmllr.cc:143) For speaker train_S4_7_2_12, auxf-impr from fMLLR is 0, over 173 frames.
WARNING (gmm-est-fmllr:Update():fmllr-diag-gmm.cc:162) Not updating fMLLR since below min-count: count is 169
LOG (gmm-est-fmllr:main():gmm-est-fmllr.cc:143) For speaker train_S4_7_2_14, auxf-impr from fMLLR is 0, over 169 frames.
WARNING (gmm-est-fmllr:Update():fmllr-diag-gmm.cc:162) Not updating fMLLR since below min-count: count is 172
LOG (gmm-est-fmllr:main():gmm-est-fmllr.cc:143) For speaker train_S4_7_2_16, auxf-impr from fMLLR is 0, over 172 frames.
WARNING (gmm-est-fmllr:Update():fmllr-diag-gmm.cc:162) Not updating fMLLR since below min-count: count is 154
LOG (gmm-est-fmllr:main():gmm-est-fmllr.cc:143) For speaker train_S4_7_2_18, auxf-impr from fMLLR is 0, over 154 frames.
WARNING (gmm-est-fmllr:Update():fmllr-diag-gmm.cc:162) Not updating fMLLR since below min-count: count is 165
LOG (gmm-est-fmllr:main():gmm-est-fmllr.cc:143) For speaker train_S4_7_2_20, auxf-impr from fMLLR is 0, over 165 frames.
WARNING (gmm-est-fmllr:Update():fmllr-diag-gmm.cc:162) Not updating fMLLR since below min-count: count is 173
LOG (gmm-est-fmllr:main():gmm-est-fmllr.cc:143) For speaker train_S4_7_3_12, auxf-impr from fMLLR is 0, over 173 frames.
WARNING (gmm-est-fmllr:Update():fmllr-diag-gmm.cc:162) Not updating fMLLR since below min-count: count is 169
LOG (gmm-est-fmllr:main():gmm-est-fmllr.cc:143) For speaker train_S4_7_3_14, auxf-impr from fMLLR is 0, over 169 frames.
WARNING (gmm-est-fmllr:Update():fmllr-diag-gmm.cc:162) Not updating fMLLR since below min-count: count is 172
LOG (gmm-est-fmllr:main():gmm-est-fmllr.cc:143) For speaker train_S4_7_3_16, auxf-impr from fMLLR is 0, over 172 frames.
WARNING (gmm-est-fmllr:Update():fmllr-diag-gmm.cc:162) Not updating fMLLR since below min-count: count is 154
LOG (gmm-est-fmllr:main():gmm-est-fmllr.cc:143) For speaker train_S4_7_3_18, auxf-impr from fMLLR is 0, over 154 frames.
WARNING (gmm-est-fmllr:Update():fmllr-diag-gmm.cc:162) Not updating fMLLR since below min-count: count is 165
LOG (gmm-est-fmllr:main():gmm-est-fmllr.cc:143) For speaker train_S4_7_3_20, auxf-impr from fMLLR is 0, over 165 frames.
WARNING (gmm-est-fmllr:Update():fmllr-diag-gmm.cc:162) Not updating fMLLR since below min-count: count is 173
LOG (gmm-est-fmllr:main():gmm-est-fmllr.cc:143) For speaker train_S4_7_4_12, auxf-impr from fMLLR is 0, over 173 frames.
WARNING (gmm-est-fmllr:Update():fmllr-diag-gmm.cc:162) Not updating fMLLR since below min-count: count is 169
LOG (gmm-est-fmllr:main():gmm-est-fmllr.cc:143) For speaker train_S4_7_4_14, auxf-impr from fMLLR is 0, over 169 frames.
WARNING (gmm-est-fmllr:Update():fmllr-diag-gmm.cc:162) Not updating fMLLR since below min-count: count is 172
LOG (gmm-est-fmllr:main():gmm-est-fmllr.cc:143) For speaker train_S4_7_4_16, auxf-impr from fMLLR is 0, over 172 frames.
WARNING (gmm-est-fmllr:Update():fmllr-diag-gmm.cc:162) Not updating fMLLR since below min-count: count is 154
LOG (gmm-est-fmllr:main():gmm-est-fmllr.cc:143) For speaker train_S4_7_4_18, auxf-impr from fMLLR is 0, over 154 frames.
WARNING (gmm-est-fmllr:Update():fmllr-diag-gmm.cc:162) Not updating fMLLR since below min-count: count is 165
LOG (gmm-est-fmllr:main():gmm-est-fmllr.cc:143) For speaker train_S4_7_4_20, auxf-impr from fMLLR is 0, over 165 frames.
WARNING (gmm-est-fmllr:Update():fmllr-diag-gmm.cc:162) Not updating fMLLR since below min-count: count is 173
LOG (gmm-est-fmllr:main():gmm-est-fmllr.cc:143) For speaker train_S4_7_5_12, auxf-impr from fMLLR is 0, over 173 frames.
WARNING (gmm-est-fmllr:Update():fmllr-diag-gmm.cc:162) Not updating fMLLR since below min-count: count is 169
LOG (gmm-est-fmllr:main():gmm-est-fmllr.cc:143) For speaker train_S4_7_5_14, auxf-impr from fMLLR is 0, over 169 frames.
WARNING (gmm-est-fmllr:Update():fmllr-diag-gmm.cc:162) Not updating fMLLR since below min-count: count is 172
LOG (gmm-est-fmllr:main():gmm-est-fmllr.cc:143) For speaker train_S4_7_5_16, auxf-impr from fMLLR is 0, over 172 frames.
WARNING (gmm-est-fmllr:Update():fmllr-diag-gmm.cc:162) Not updating fMLLR since below min-count: count is 154
LOG (gmm-est-fmllr:main():gmm-est-fmllr.cc:143) For speaker train_S4_7_5_18, auxf-impr from fMLLR is 0, over 154 frames.
WARNING (gmm-est-fmllr:Update():fmllr-diag-gmm.cc:162) Not updating fMLLR since below min-count: count is 165
LOG (gmm-est-fmllr:main():gmm-est-fmllr.cc:143) For speaker train_S4_7_5_20, auxf-impr from fMLLR is 0, over 165 frames.
WARNING (gmm-est-fmllr:Update():fmllr-diag-gmm.cc:162) Not updating fMLLR since below min-count: count is 173
LOG (gmm-est-fmllr:main():gmm-est-fmllr.cc:143) For speaker train_S4_7_6_12, auxf-impr from fMLLR is 0, over 173 frames.
WARNING (gmm-est-fmllr:Update():fmllr-diag-gmm.cc:162) Not updating fMLLR since below min-count: count is 169
LOG (gmm-est-fmllr:main():gmm-est-fmllr.cc:143) For speaker train_S4_7_6_14, auxf-impr from fMLLR is 0, over 169 frames.
WARNING (gmm-est-fmllr:Update():fmllr-diag-gmm.cc:162) Not updating fMLLR since below min-count: count is 172
LOG (gmm-est-fmllr:main():gmm-est-fmllr.cc:143) For speaker train_S4_7_6_16, auxf-impr from fMLLR is 0, over 172 frames.
WARNING (gmm-est-fmllr:Update():fmllr-diag-gmm.cc:162) Not updating fMLLR since below min-count: count is 154
LOG (gmm-est-fmllr:main():gmm-est-fmllr.cc:143) For speaker train_S4_7_6_18, auxf-impr from fMLLR is 0, over 154 frames.
WARNING (gmm-est-fmllr:Update():fmllr-diag-gmm.cc:162) Not updating fMLLR since below min-count: count is 165
LOG (gmm-est-fmllr:main():gmm-est-fmllr.cc:143) For speaker train_S4_7_6_20, auxf-impr from fMLLR is 0, over 165 frames.
WARNING (gmm-est-fmllr:Update():fmllr-diag-gmm.cc:162) Not updating fMLLR since below min-count: count is 173
LOG (gmm-est-fmllr:main():gmm-est-fmllr.cc:143) For speaker train_S4_7_7_12, auxf-impr from fMLLR is 0, over 173 frames.
WARNING (gmm-est-fmllr:Update():fmllr-diag-gmm.cc:162) Not updating fMLLR since below min-count: count is 169
LOG (gmm-est-fmllr:main():gmm-est-fmllr.cc:143) For speaker train_S4_7_7_14, auxf-impr from fMLLR is 0, over 169 frames.
WARNING (gmm-est-fmllr:Update():fmllr-diag-gmm.cc:162) Not updating fMLLR since below min-count: count is 172
LOG (gmm-est-fmllr:main():gmm-est-fmllr.cc:143) For speaker train_S4_7_7_16, auxf-impr from fMLLR is 0, over 172 frames.
WARNING (gmm-est-fmllr:Update():fmllr-diag-gmm.cc:162) Not updating fMLLR since below min-count: count is 154
LOG (gmm-est-fmllr:main():gmm-est-fmllr.cc:143) For speaker train_S4_7_7_18, auxf-impr from fMLLR is 0, over 154 frames.
WARNING (gmm-est-fmllr:Update():fmllr-diag-gmm.cc:162) Not updating fMLLR since below min-count: count is 165
LOG (gmm-est-fmllr:main():gmm-est-fmllr.cc:143) For speaker train_S4_7_7_20, auxf-impr from fMLLR is 0, over 165 frames.
WARNING (gmm-est-fmllr:Update():fmllr-diag-gmm.cc:162) Not updating fMLLR since below min-count: count is 102
LOG (gmm-est-fmllr:main():gmm-est-fmllr.cc:143) For speaker train_S4_8_1_12, auxf-impr from fMLLR is 0, over 102 frames.
WARNING (gmm-est-fmllr:Update():fmllr-diag-gmm.cc:162) Not updating fMLLR since below min-count: count is 100
LOG (gmm-est-fmllr:main():gmm-est-fmllr.cc:143) For speaker train_S4_8_1_14, auxf-impr from fMLLR is 0, over 100 frames.
WARNING (gmm-est-fmllr:Update():fmllr-diag-gmm.cc:162) Not updating fMLLR since below min-count: count is 102
LOG (gmm-est-fmllr:main():gmm-est-fmllr.cc:143) For speaker train_S4_8_1_16, auxf-impr from fMLLR is 0, over 102 frames.
WARNING (gmm-est-fmllr:Update():fmllr-diag-gmm.cc:162) Not updating fMLLR since below min-count: count is 91
LOG (gmm-est-fmllr:main():gmm-est-fmllr.cc:143) For speaker train_S4_8_1_18, auxf-impr from fMLLR is 0, over 91 frames.
WARNING (gmm-est-fmllr:Update():fmllr-diag-gmm.cc:162) Not updating fMLLR since below min-count: count is 98
LOG (gmm-est-fmllr:main():gmm-est-fmllr.cc:143) For speaker train_S4_8_1_20, auxf-impr from fMLLR is 0, over 98 frames.
WARNING (gmm-est-fmllr:Update():fmllr-diag-gmm.cc:162) Not updating fMLLR since below min-count: count is 102
LOG (gmm-est-fmllr:main():gmm-est-fmllr.cc:143) For speaker train_S4_8_2_12, auxf-impr from fMLLR is 0, over 102 frames.
WARNING (gmm-est-fmllr:Update():fmllr-diag-gmm.cc:162) Not updating fMLLR since below min-count: count is 100
LOG (gmm-est-fmllr:main():gmm-est-fmllr.cc:143) For speaker train_S4_8_2_14, auxf-impr from fMLLR is 0, over 100 frames.
WARNING (gmm-est-fmllr:Update():fmllr-diag-gmm.cc:162) Not updating fMLLR since below min-count: count is 102
LOG (gmm-est-fmllr:main():gmm-est-fmllr.cc:143) For speaker train_S4_8_2_16, auxf-impr from fMLLR is 0, over 102 frames.
WARNING (gmm-est-fmllr:Update():fmllr-diag-gmm.cc:162) Not updating fMLLR since below min-count: count is 91
LOG (gmm-est-fmllr:main():gmm-est-fmllr.cc:143) For speaker train_S4_8_2_18, auxf-impr from fMLLR is 0, over 91 frames.
WARNING (gmm-est-fmllr:Update():fmllr-diag-gmm.cc:162) Not updating fMLLR since below min-count: count is 98
LOG (gmm-est-fmllr:main():gmm-est-fmllr.cc:143) For speaker train_S4_8_2_20, auxf-impr from fMLLR is 0, over 98 frames.
WARNING (gmm-est-fmllr:Update():fmllr-diag-gmm.cc:162) Not updating fMLLR since below min-count: count is 102
LOG (gmm-est-fmllr:main():gmm-est-fmllr.cc:143) For speaker train_S4_8_3_12, auxf-impr from fMLLR is 0, over 102 frames.
WARNING (gmm-est-fmllr:Update():fmllr-diag-gmm.cc:162) Not updating fMLLR since below min-count: count is 100
LOG (gmm-est-fmllr:main():gmm-est-fmllr.cc:143) For speaker train_S4_8_3_14, auxf-impr from fMLLR is 0, over 100 frames.
WARNING (gmm-est-fmllr:Update():fmllr-diag-gmm.cc:162) Not updating fMLLR since below min-count: count is 102
LOG (gmm-est-fmllr:main():gmm-est-fmllr.cc:143) For speaker train_S4_8_3_16, auxf-impr from fMLLR is 0, over 102 frames.
WARNING (gmm-est-fmllr:Update():fmllr-diag-gmm.cc:162) Not updating fMLLR since below min-count: count is 91
LOG (gmm-est-fmllr:main():gmm-est-fmllr.cc:143) For speaker train_S4_8_3_18, auxf-impr from fMLLR is 0, over 91 frames.
WARNING (gmm-est-fmllr:Update():fmllr-diag-gmm.cc:162) Not updating fMLLR since below min-count: count is 98
LOG (gmm-est-fmllr:main():gmm-est-fmllr.cc:143) For speaker train_S4_8_3_20, auxf-impr from fMLLR is 0, over 98 frames.
WARNING (gmm-est-fmllr:Update():fmllr-diag-gmm.cc:162) Not updating fMLLR since below min-count: count is 102
LOG (gmm-est-fmllr:main():gmm-est-fmllr.cc:143) For speaker train_S4_8_4_12, auxf-impr from fMLLR is 0, over 102 frames.
WARNING (gmm-est-fmllr:Update():fmllr-diag-gmm.cc:162) Not updating fMLLR since below min-count: count is 100
LOG (gmm-est-fmllr:main():gmm-est-fmllr.cc:143) For speaker train_S4_8_4_14, auxf-impr from fMLLR is 0, over 100 frames.
WARNING (gmm-est-fmllr:Update():fmllr-diag-gmm.cc:162) Not updating fMLLR since below min-count: count is 102
LOG (gmm-est-fmllr:main():gmm-est-fmllr.cc:143) For speaker train_S4_8_4_16, auxf-impr from fMLLR is 0, over 102 frames.
WARNING (gmm-est-fmllr:Update():fmllr-diag-gmm.cc:162) Not updating fMLLR since below min-count: count is 91
LOG (gmm-est-fmllr:main():gmm-est-fmllr.cc:143) For speaker train_S4_8_4_18, auxf-impr from fMLLR is 0, over 91 frames.
WARNING (gmm-est-fmllr:Update():fmllr-diag-gmm.cc:162) Not updating fMLLR since below min-count: count is 98
LOG (gmm-est-fmllr:main():gmm-est-fmllr.cc:143) For speaker train_S4_8_4_20, auxf-impr from fMLLR is 0, over 98 frames.
WARNING (gmm-est-fmllr:Update():fmllr-diag-gmm.cc:162) Not updating fMLLR since below min-count: count is 102
LOG (gmm-est-fmllr:main():gmm-est-fmllr.cc:143) For speaker train_S4_8_5_12, auxf-impr from fMLLR is 0, over 102 frames.
WARNING (gmm-est-fmllr:Update():fmllr-diag-gmm.cc:162) Not updating fMLLR since below min-count: count is 102
LOG (gmm-est-fmllr:main():gmm-est-fmllr.cc:143) For speaker train_S4_8_5_14, auxf-impr from fMLLR is 0, over 102 frames.
WARNING (gmm-est-fmllr:Update():fmllr-diag-gmm.cc:162) Not updating fMLLR since below min-count: count is 104
LOG (gmm-est-fmllr:main():gmm-est-fmllr.cc:143) For speaker train_S4_8_5_16, auxf-impr from fMLLR is 0, over 104 frames.
WARNING (gmm-est-fmllr:Update():fmllr-diag-gmm.cc:162) Not updating fMLLR since below min-count: count is 91
LOG (gmm-est-fmllr:main():gmm-est-fmllr.cc:143) For speaker train_S4_8_5_18, auxf-impr from fMLLR is 0, over 91 frames.
WARNING (gmm-est-fmllr:Update():fmllr-diag-gmm.cc:162) Not updating fMLLR since below min-count: count is 98
LOG (gmm-est-fmllr:main():gmm-est-fmllr.cc:143) For speaker train_S4_8_5_20, auxf-impr from fMLLR is 0, over 98 frames.
WARNING (gmm-est-fmllr:Update():fmllr-diag-gmm.cc:162) Not updating fMLLR since below min-count: count is 102
LOG (gmm-est-fmllr:main():gmm-est-fmllr.cc:143) For speaker train_S4_8_6_12, auxf-impr from fMLLR is 0, over 102 frames.
WARNING (gmm-est-fmllr:Update():fmllr-diag-gmm.cc:162) Not updating fMLLR since below min-count: count is 102
LOG (gmm-est-fmllr:main():gmm-est-fmllr.cc:143) For speaker train_S4_8_6_14, auxf-impr from fMLLR is 0, over 102 frames.
WARNING (gmm-est-fmllr:Update():fmllr-diag-gmm.cc:162) Not updating fMLLR since below min-count: count is 102
LOG (gmm-est-fmllr:main():gmm-est-fmllr.cc:143) For speaker train_S4_8_6_16, auxf-impr from fMLLR is 0, over 102 frames.
WARNING (gmm-est-fmllr:Update():fmllr-diag-gmm.cc:162) Not updating fMLLR since below min-count: count is 91
LOG (gmm-est-fmllr:main():gmm-est-fmllr.cc:143) For speaker train_S4_8_6_18, auxf-impr from fMLLR is 0, over 91 frames.
WARNING (gmm-est-fmllr:Update():fmllr-diag-gmm.cc:162) Not updating fMLLR since below min-count: count is 98
LOG (gmm-est-fmllr:main():gmm-est-fmllr.cc:143) For speaker train_S4_8_6_20, auxf-impr from fMLLR is 0, over 98 frames.
WARNING (gmm-est-fmllr:Update():fmllr-diag-gmm.cc:162) Not updating fMLLR since below min-count: count is 102
LOG (gmm-est-fmllr:main():gmm-est-fmllr.cc:143) For speaker train_S4_8_7_12, auxf-impr from fMLLR is 0, over 102 frames.
WARNING (gmm-est-fmllr:Update():fmllr-diag-gmm.cc:162) Not updating fMLLR since below min-count: count is 100
LOG (gmm-est-fmllr:main():gmm-est-fmllr.cc:143) For speaker train_S4_8_7_14, auxf-impr from fMLLR is 0, over 100 frames.
WARNING (gmm-est-fmllr:Update():fmllr-diag-gmm.cc:162) Not updating fMLLR since below min-count: count is 102
LOG (gmm-est-fmllr:main():gmm-est-fmllr.cc:143) For speaker train_S4_8_7_16, auxf-impr from fMLLR is 0, over 102 frames.
WARNING (gmm-est-fmllr:Update():fmllr-diag-gmm.cc:162) Not updating fMLLR since below min-count: count is 91
LOG (gmm-est-fmllr:main():gmm-est-fmllr.cc:143) For speaker train_S4_8_7_18, auxf-impr from fMLLR is 0, over 91 frames.
WARNING (gmm-est-fmllr:Update():fmllr-diag-gmm.cc:162) Not updating fMLLR since below min-count: count is 98
LOG (gmm-est-fmllr:main():gmm-est-fmllr.cc:143) For speaker train_S4_8_7_20, auxf-impr from fMLLR is 0, over 98 frames.
WARNING (gmm-est-fmllr:Update():fmllr-diag-gmm.cc:162) Not updating fMLLR since below min-count: count is 100
LOG (gmm-est-fmllr:main():gmm-est-fmllr.cc:143) For speaker train_S4_9_1_12, auxf-impr from fMLLR is 0, over 100 frames.
WARNING (gmm-est-fmllr:Update():fmllr-diag-gmm.cc:162) Not updating fMLLR since below min-count: count is 99
LOG (gmm-est-fmllr:main():gmm-est-fmllr.cc:143) For speaker train_S4_9_1_14, auxf-impr from fMLLR is 0, over 99 frames.
WARNING (gmm-est-fmllr:Update():fmllr-diag-gmm.cc:162) Not updating fMLLR since below min-count: count is 101
LOG (gmm-est-fmllr:main():gmm-est-fmllr.cc:143) For speaker train_S4_9_1_16, auxf-impr from fMLLR is 0, over 101 frames.
WARNING (gmm-est-fmllr:Update():fmllr-diag-gmm.cc:162) Not updating fMLLR since below min-count: count is 90
LOG (gmm-est-fmllr:main():gmm-est-fmllr.cc:143) For speaker train_S4_9_1_18, auxf-impr from fMLLR is 0, over 90 frames.
WARNING (gmm-est-fmllr:Update():fmllr-diag-gmm.cc:162) Not updating fMLLR since below min-count: count is 97
LOG (gmm-est-fmllr:main():gmm-est-fmllr.cc:143) For speaker train_S4_9_1_20, auxf-impr from fMLLR is 0, over 97 frames.
WARNING (gmm-est-fmllr:Update():fmllr-diag-gmm.cc:162) Not updating fMLLR since below min-count: count is 101
LOG (gmm-est-fmllr:main():gmm-est-fmllr.cc:143) For speaker train_S4_9_2_12, auxf-impr from fMLLR is 0, over 101 frames.
WARNING (gmm-est-fmllr:Update():fmllr-diag-gmm.cc:162) Not updating fMLLR since below min-count: count is 100
LOG (gmm-est-fmllr:main():gmm-est-fmllr.cc:143) For speaker train_S4_9_2_14, auxf-impr from fMLLR is 0, over 100 frames.
WARNING (gmm-est-fmllr:Update():fmllr-diag-gmm.cc:162) Not updating fMLLR since below min-count: count is 101
LOG (gmm-est-fmllr:main():gmm-est-fmllr.cc:143) For speaker train_S4_9_2_16, auxf-impr from fMLLR is 0, over 101 frames.
WARNING (gmm-est-fmllr:Update():fmllr-diag-gmm.cc:162) Not updating fMLLR since below min-count: count is 90
LOG (gmm-est-fmllr:main():gmm-est-fmllr.cc:143) For speaker train_S4_9_2_18, auxf-impr from fMLLR is 0, over 90 frames.
WARNING (gmm-est-fmllr:Update():fmllr-diag-gmm.cc:162) Not updating fMLLR since below min-count: count is 97
LOG (gmm-est-fmllr:main():gmm-est-fmllr.cc:143) For speaker train_S4_9_2_20, auxf-impr from fMLLR is 0, over 97 frames.
WARNING (gmm-est-fmllr:Update():fmllr-diag-gmm.cc:162) Not updating fMLLR since below min-count: count is 100
LOG (gmm-est-fmllr:main():gmm-est-fmllr.cc:143) For speaker train_S4_9_3_12, auxf-impr from fMLLR is 0, over 100 frames.
WARNING (gmm-est-fmllr:Update():fmllr-diag-gmm.cc:162) Not updating fMLLR since below min-count: count is 99
LOG (gmm-est-fmllr:main():gmm-est-fmllr.cc:143) For speaker train_S4_9_3_14, auxf-impr from fMLLR is 0, over 99 frames.
WARNING (gmm-est-fmllr:Update():fmllr-diag-gmm.cc:162) Not updating fMLLR since below min-count: count is 101
LOG (gmm-est-fmllr:main():gmm-est-fmllr.cc:143) For speaker train_S4_9_3_16, auxf-impr from fMLLR is 0, over 101 frames.
WARNING (gmm-est-fmllr:Update():fmllr-diag-gmm.cc:162) Not updating fMLLR since below min-count: count is 90
LOG (gmm-est-fmllr:main():gmm-est-fmllr.cc:143) For speaker train_S4_9_3_18, auxf-impr from fMLLR is 0, over 90 frames.
WARNING (gmm-est-fmllr:Update():fmllr-diag-gmm.cc:162) Not updating fMLLR since below min-count: count is 97
LOG (gmm-est-fmllr:main():gmm-est-fmllr.cc:143) For speaker train_S4_9_3_20, auxf-impr from fMLLR is 0, over 97 frames.
WARNING (gmm-est-fmllr:Update():fmllr-diag-gmm.cc:162) Not updating fMLLR since below min-count: count is 101
LOG (gmm-est-fmllr:main():gmm-est-fmllr.cc:143) For speaker train_S4_9_4_12, auxf-impr from fMLLR is 0, over 101 frames.
WARNING (gmm-est-fmllr:Update():fmllr-diag-gmm.cc:162) Not updating fMLLR since below min-count: count is 99
LOG (gmm-est-fmllr:main():gmm-est-fmllr.cc:143) For speaker train_S4_9_4_14, auxf-impr from fMLLR is 0, over 99 frames.
WARNING (gmm-est-fmllr:Update():fmllr-diag-gmm.cc:162) Not updating fMLLR since below min-count: count is 101
LOG (gmm-est-fmllr:main():gmm-est-fmllr.cc:143) For speaker train_S4_9_4_16, auxf-impr from fMLLR is 0, over 101 frames.
WARNING (gmm-est-fmllr:Update():fmllr-diag-gmm.cc:162) Not updating fMLLR since below min-count: count is 90
LOG (gmm-est-fmllr:main():gmm-est-fmllr.cc:143) For speaker train_S4_9_4_18, auxf-impr from fMLLR is 0, over 90 frames.
WARNING (gmm-est-fmllr:Update():fmllr-diag-gmm.cc:162) Not updating fMLLR since below min-count: count is 97
LOG (gmm-est-fmllr:main():gmm-est-fmllr.cc:143) For speaker train_S4_9_4_20, auxf-impr from fMLLR is 0, over 97 frames.
WARNING (gmm-est-fmllr:Update():fmllr-diag-gmm.cc:162) Not updating fMLLR since below min-count: count is 101
LOG (gmm-est-fmllr:main():gmm-est-fmllr.cc:143) For speaker train_S4_9_5_12, auxf-impr from fMLLR is 0, over 101 frames.
WARNING (gmm-est-fmllr:Update():fmllr-diag-gmm.cc:162) Not updating fMLLR since below min-count: count is 99
LOG (gmm-est-fmllr:main():gmm-est-fmllr.cc:143) For speaker train_S4_9_5_14, auxf-impr from fMLLR is 0, over 99 frames.
WARNING (gmm-est-fmllr:Update():fmllr-diag-gmm.cc:162) Not updating fMLLR since below min-count: count is 101
LOG (gmm-est-fmllr:main():gmm-est-fmllr.cc:143) For speaker train_S4_9_5_16, auxf-impr from fMLLR is 0, over 101 frames.
WARNING (gmm-est-fmllr:Update():fmllr-diag-gmm.cc:162) Not updating fMLLR since below min-count: count is 90
LOG (gmm-est-fmllr:main():gmm-est-fmllr.cc:143) For speaker train_S4_9_5_18, auxf-impr from fMLLR is 0, over 90 frames.
WARNING (gmm-est-fmllr:Update():fmllr-diag-gmm.cc:162) Not updating fMLLR since below min-count: count is 97
LOG (gmm-est-fmllr:main():gmm-est-fmllr.cc:143) For speaker train_S4_9_5_20, auxf-impr from fMLLR is 0, over 97 frames.
WARNING (gmm-est-fmllr:Update():fmllr-diag-gmm.cc:162) Not updating fMLLR since below min-count: count is 101
LOG (gmm-est-fmllr:main():gmm-est-fmllr.cc:143) For speaker train_S4_9_6_12, auxf-impr from fMLLR is 0, over 101 frames.
WARNING (gmm-est-fmllr:Update():fmllr-diag-gmm.cc:162) Not updating fMLLR since below min-count: count is 99
LOG (gmm-est-fmllr:main():gmm-est-fmllr.cc:143) For speaker train_S4_9_6_14, auxf-impr from fMLLR is 0, over 99 frames.
WARNING (gmm-est-fmllr:Update():fmllr-diag-gmm.cc:162) Not updating fMLLR since below min-count: count is 100
LOG (gmm-est-fmllr:main():gmm-est-fmllr.cc:143) For speaker train_S4_9_6_16, auxf-impr from fMLLR is 0, over 100 frames.
WARNING (gmm-est-fmllr:Update():fmllr-diag-gmm.cc:162) Not updating fMLLR since below min-count: count is 90
LOG (gmm-est-fmllr:main():gmm-est-fmllr.cc:143) For speaker train_S4_9_6_18, auxf-impr from fMLLR is 0, over 90 frames.
WARNING (gmm-est-fmllr:Update():fmllr-diag-gmm.cc:162) Not updating fMLLR since below min-count: count is 97
LOG (gmm-est-fmllr:main():gmm-est-fmllr.cc:143) For speaker train_S4_9_6_20, auxf-impr from fMLLR is 0, over 97 frames.
WARNING (gmm-est-fmllr:Update():fmllr-diag-gmm.cc:162) Not updating fMLLR since below min-count: count is 101
LOG (gmm-est-fmllr:main():gmm-est-fmllr.cc:143) For speaker train_S4_9_7_12, auxf-impr from fMLLR is 0, over 101 frames.
WARNING (gmm-est-fmllr:Update():fmllr-diag-gmm.cc:162) Not updating fMLLR since below min-count: count is 99
LOG (gmm-est-fmllr:main():gmm-est-fmllr.cc:143) For speaker train_S4_9_7_14, auxf-impr from fMLLR is 0, over 99 frames.
WARNING (gmm-est-fmllr:Update():fmllr-diag-gmm.cc:162) Not updating fMLLR since below min-count: count is 100
LOG (gmm-est-fmllr:main():gmm-est-fmllr.cc:143) For speaker train_S4_9_7_16, auxf-impr from fMLLR is 0, over 100 frames.
WARNING (gmm-est-fmllr:Update():fmllr-diag-gmm.cc:162) Not updating fMLLR since below min-count: count is 90
LOG (gmm-est-fmllr:main():gmm-est-fmllr.cc:143) For speaker train_S4_9_7_18, auxf-impr from fMLLR is 0, over 90 frames.
WARNING (gmm-est-fmllr:Update():fmllr-diag-gmm.cc:162) Not updating fMLLR since below min-count: count is 97
LOG (gmm-est-fmllr:main():gmm-est-fmllr.cc:143) For speaker train_S4_9_7_20, auxf-impr from fMLLR is 0, over 97 frames.
WARNING (gmm-est-fmllr:Update():fmllr-diag-gmm.cc:162) Not updating fMLLR since below min-count: count is 147
LOG (gmm-est-fmllr:main():gmm-est-fmllr.cc:143) For speaker train_S5_10_1_12, auxf-impr from fMLLR is 0, over 147 frames.
WARNING (gmm-est-fmllr:Update():fmllr-diag-gmm.cc:162) Not updating fMLLR since below min-count: count is 144
LOG (gmm-est-fmllr:main():gmm-est-fmllr.cc:143) For speaker train_S5_10_1_14, auxf-impr from fMLLR is 0, over 144 frames.
WARNING (gmm-est-fmllr:Update():fmllr-diag-gmm.cc:162) Not updating fMLLR since below min-count: count is 147
LOG (gmm-est-fmllr:main():gmm-est-fmllr.cc:143) For speaker train_S5_10_1_16, auxf-impr from fMLLR is 0, over 147 frames.
WARNING (gmm-est-fmllr:Update():fmllr-diag-gmm.cc:162) Not updating fMLLR since below min-count: count is 131
LOG (gmm-est-fmllr:main():gmm-est-fmllr.cc:143) For speaker train_S5_10_1_18, auxf-impr from fMLLR is 0, over 131 frames.
WARNING (gmm-est-fmllr:Update():fmllr-diag-gmm.cc:162) Not updating fMLLR since below min-count: count is 141
LOG (gmm-est-fmllr:main():gmm-est-fmllr.cc:143) For speaker train_S5_10_1_20, auxf-impr from fMLLR is 0, over 141 frames.
WARNING (gmm-est-fmllr:Update():fmllr-diag-gmm.cc:162) Not updating fMLLR since below min-count: count is 147
LOG (gmm-est-fmllr:main():gmm-est-fmllr.cc:143) For speaker train_S5_10_2_12, auxf-impr from fMLLR is 0, over 147 frames.
WARNING (gmm-est-fmllr:Update():fmllr-diag-gmm.cc:162) Not updating fMLLR since below min-count: count is 144
LOG (gmm-est-fmllr:main():gmm-est-fmllr.cc:143) For speaker train_S5_10_2_14, auxf-impr from fMLLR is 0, over 144 frames.
WARNING (gmm-est-fmllr:Update():fmllr-diag-gmm.cc:162) Not updating fMLLR since below min-count: count is 147
LOG (gmm-est-fmllr:main():gmm-est-fmllr.cc:143) For speaker train_S5_10_2_16, auxf-impr from fMLLR is 0, over 147 frames.
WARNING (gmm-est-fmllr:Update():fmllr-diag-gmm.cc:162) Not updating fMLLR since below min-count: count is 131
LOG (gmm-est-fmllr:main():gmm-est-fmllr.cc:143) For speaker train_S5_10_2_18, auxf-impr from fMLLR is 0, over 131 frames.
WARNING (gmm-est-fmllr:Update():fmllr-diag-gmm.cc:162) Not updating fMLLR since below min-count: count is 141
LOG (gmm-est-fmllr:main():gmm-est-fmllr.cc:143) For speaker train_S5_10_2_20, auxf-impr from fMLLR is 0, over 141 frames.
WARNING (gmm-est-fmllr:Update():fmllr-diag-gmm.cc:162) Not updating fMLLR since below min-count: count is 147
LOG (gmm-est-fmllr:main():gmm-est-fmllr.cc:143) For speaker train_S5_10_3_12, auxf-impr from fMLLR is 0, over 147 frames.
WARNING (gmm-est-fmllr:Update():fmllr-diag-gmm.cc:162) Not updating fMLLR since below min-count: count is 144
LOG (gmm-est-fmllr:main():gmm-est-fmllr.cc:143) For speaker train_S5_10_3_14, auxf-impr from fMLLR is 0, over 144 frames.
WARNING (gmm-est-fmllr:Update():fmllr-diag-gmm.cc:162) Not updating fMLLR since below min-count: count is 147
LOG (gmm-est-fmllr:main():gmm-est-fmllr.cc:143) For speaker train_S5_10_3_16, auxf-impr from fMLLR is 0, over 147 frames.
WARNING (gmm-est-fmllr:Update():fmllr-diag-gmm.cc:162) Not updating fMLLR since below min-count: count is 131
LOG (gmm-est-fmllr:main():gmm-est-fmllr.cc:143) For speaker train_S5_10_3_18, auxf-impr from fMLLR is 0, over 131 frames.
WARNING (gmm-est-fmllr:Update():fmllr-diag-gmm.cc:162) Not updating fMLLR since below min-count: count is 141
LOG (gmm-est-fmllr:main():gmm-est-fmllr.cc:143) For speaker train_S5_10_3_20, auxf-impr from fMLLR is 0, over 141 frames.
WARNING (gmm-est-fmllr:Update():fmllr-diag-gmm.cc:162) Not updating fMLLR since below min-count: count is 147
LOG (gmm-est-fmllr:main():gmm-est-fmllr.cc:143) For speaker train_S5_10_4_12, auxf-impr from fMLLR is 0, over 147 frames.
WARNING (gmm-est-fmllr:Update():fmllr-diag-gmm.cc:162) Not updating fMLLR since below min-count: count is 144
LOG (gmm-est-fmllr:main():gmm-est-fmllr.cc:143) For speaker train_S5_10_4_14, auxf-impr from fMLLR is 0, over 144 frames.
WARNING (gmm-est-fmllr:Update():fmllr-diag-gmm.cc:162) Not updating fMLLR since below min-count: count is 147
LOG (gmm-est-fmllr:main():gmm-est-fmllr.cc:143) For speaker train_S5_10_4_16, auxf-impr from fMLLR is 0, over 147 frames.
WARNING (gmm-est-fmllr:Update():fmllr-diag-gmm.cc:162) Not updating fMLLR since below min-count: count is 131
LOG (gmm-est-fmllr:main():gmm-est-fmllr.cc:143) For speaker train_S5_10_4_18, auxf-impr from fMLLR is 0, over 131 frames.
WARNING (gmm-est-fmllr:Update():fmllr-diag-gmm.cc:162) Not updating fMLLR since below min-count: count is 141
LOG (gmm-est-fmllr:main():gmm-est-fmllr.cc:143) For speaker train_S5_10_4_20, auxf-impr from fMLLR is 0, over 141 frames.
WARNING (gmm-est-fmllr:Update():fmllr-diag-gmm.cc:162) Not updating fMLLR since below min-count: count is 147
LOG (gmm-est-fmllr:main():gmm-est-fmllr.cc:143) For speaker train_S5_10_5_12, auxf-impr from fMLLR is 0, over 147 frames.
WARNING (gmm-est-fmllr:Update():fmllr-diag-gmm.cc:162) Not updating fMLLR since below min-count: count is 144
LOG (gmm-est-fmllr:main():gmm-est-fmllr.cc:143) For speaker train_S5_10_5_14, auxf-impr from fMLLR is 0, over 144 frames.
WARNING (gmm-est-fmllr:Update():fmllr-diag-gmm.cc:162) Not updating fMLLR since below min-count: count is 147
LOG (gmm-est-fmllr:main():gmm-est-fmllr.cc:143) For speaker train_S5_10_5_16, auxf-impr from fMLLR is 0, over 147 frames.
WARNING (gmm-est-fmllr:Update():fmllr-diag-gmm.cc:162) Not updating fMLLR since below min-count: count is 131
LOG (gmm-est-fmllr:main():gmm-est-fmllr.cc:143) For speaker train_S5_10_5_18, auxf-impr from fMLLR is 0, over 131 frames.
WARNING (gmm-est-fmllr:Update():fmllr-diag-gmm.cc:162) Not updating fMLLR since below min-count: count is 141
LOG (gmm-est-fmllr:main():gmm-est-fmllr.cc:143) For speaker train_S5_10_5_20, auxf-impr from fMLLR is 0, over 141 frames.
WARNING (gmm-est-fmllr:Update():fmllr-diag-gmm.cc:162) Not updating fMLLR since below min-count: count is 147
LOG (gmm-est-fmllr:main():gmm-est-fmllr.cc:143) For speaker train_S5_10_6_12, auxf-impr from fMLLR is 0, over 147 frames.
WARNING (gmm-est-fmllr:Update():fmllr-diag-gmm.cc:162) Not updating fMLLR since below min-count: count is 144
LOG (gmm-est-fmllr:main():gmm-est-fmllr.cc:143) For speaker train_S5_10_6_14, auxf-impr from fMLLR is 0, over 144 frames.
WARNING (gmm-est-fmllr:Update():fmllr-diag-gmm.cc:162) Not updating fMLLR since below min-count: count is 147
LOG (gmm-est-fmllr:main():gmm-est-fmllr.cc:143) For speaker train_S5_10_6_16, auxf-impr from fMLLR is 0, over 147 frames.
WARNING (gmm-est-fmllr:Update():fmllr-diag-gmm.cc:162) Not updating fMLLR since below min-count: count is 131
LOG (gmm-est-fmllr:main():gmm-est-fmllr.cc:143) For speaker train_S5_10_6_18, auxf-impr from fMLLR is 0, over 131 frames.
WARNING (gmm-est-fmllr:Update():fmllr-diag-gmm.cc:162) Not updating fMLLR since below min-count: count is 141
LOG (gmm-est-fmllr:main():gmm-est-fmllr.cc:143) For speaker train_S5_10_6_20, auxf-impr from fMLLR is 0, over 141 frames.
WARNING (gmm-est-fmllr:Update():fmllr-diag-gmm.cc:162) Not updating fMLLR since below min-count: count is 147
LOG (gmm-est-fmllr:main():gmm-est-fmllr.cc:143) For speaker train_S5_10_7_12, auxf-impr from fMLLR is 0, over 147 frames.
WARNING (gmm-est-fmllr:Update():fmllr-diag-gmm.cc:162) Not updating fMLLR since below min-count: count is 144
LOG (gmm-est-fmllr:main():gmm-est-fmllr.cc:143) For speaker train_S5_10_7_14, auxf-impr from fMLLR is 0, over 144 frames.
WARNING (gmm-est-fmllr:Update():fmllr-diag-gmm.cc:162) Not updating fMLLR since below min-count: count is 147
LOG (gmm-est-fmllr:main():gmm-est-fmllr.cc:143) For speaker train_S5_10_7_16, auxf-impr from fMLLR is 0, over 147 frames.
WARNING (gmm-est-fmllr:Update():fmllr-diag-gmm.cc:162) Not updating fMLLR since below min-count: count is 131
LOG (gmm-est-fmllr:main():gmm-est-fmllr.cc:143) For speaker train_S5_10_7_18, auxf-impr from fMLLR is 0, over 131 frames.
WARNING (gmm-est-fmllr:Update():fmllr-diag-gmm.cc:162) Not updating fMLLR since below min-count: count is 141
LOG (gmm-est-fmllr:main():gmm-est-fmllr.cc:143) For speaker train_S5_10_7_20, auxf-impr from fMLLR is 0, over 141 frames.
WARNING (gmm-est-fmllr:Update():fmllr-diag-gmm.cc:162) Not updating fMLLR since below min-count: count is 153
LOG (gmm-est-fmllr:main():gmm-est-fmllr.cc:143) For speaker train_S5_11_1_12, auxf-impr from fMLLR is 0, over 153 frames.
WARNING (gmm-est-fmllr:Update():fmllr-diag-gmm.cc:162) Not updating fMLLR since below min-count: count is 151
LOG (gmm-est-fmllr:main():gmm-est-fmllr.cc:143) For speaker train_S5_11_1_14, auxf-impr from fMLLR is 0, over 151 frames.
WARNING (gmm-est-fmllr:Update():fmllr-diag-gmm.cc:162) Not updating fMLLR since below min-count: count is 154
LOG (gmm-est-fmllr:main():gmm-est-fmllr.cc:143) For speaker train_S5_11_1_16, auxf-impr from fMLLR is 0, over 154 frames.
WARNING (gmm-est-fmllr:Update():fmllr-diag-gmm.cc:162) Not updating fMLLR since below min-count: count is 137
LOG (gmm-est-fmllr:main():gmm-est-fmllr.cc:143) For speaker train_S5_11_1_18, auxf-impr from fMLLR is 0, over 137 frames.
WARNING (gmm-est-fmllr:Update():fmllr-diag-gmm.cc:162) Not updating fMLLR since below min-count: count is 148
LOG (gmm-est-fmllr:main():gmm-est-fmllr.cc:143) For speaker train_S5_11_1_20, auxf-impr from fMLLR is 0, over 148 frames.
WARNING (gmm-est-fmllr:Update():fmllr-diag-gmm.cc:162) Not updating fMLLR since below min-count: count is 153
LOG (gmm-est-fmllr:main():gmm-est-fmllr.cc:143) For speaker train_S5_11_2_12, auxf-impr from fMLLR is 0, over 153 frames.
WARNING (gmm-est-fmllr:Update():fmllr-diag-gmm.cc:162) Not updating fMLLR since below min-count: count is 151
LOG (gmm-est-fmllr:main():gmm-est-fmllr.cc:143) For speaker train_S5_11_2_14, auxf-impr from fMLLR is 0, over 151 frames.
WARNING (gmm-est-fmllr:Update():fmllr-diag-gmm.cc:162) Not updating fMLLR since below min-count: count is 154
LOG (gmm-est-fmllr:main():gmm-est-fmllr.cc:143) For speaker train_S5_11_2_16, auxf-impr from fMLLR is 0, over 154 frames.
WARNING (gmm-est-fmllr:Update():fmllr-diag-gmm.cc:162) Not updating fMLLR since below min-count: count is 137
LOG (gmm-est-fmllr:main():gmm-est-fmllr.cc:143) For speaker train_S5_11_2_18, auxf-impr from fMLLR is 0, over 137 frames.
WARNING (gmm-est-fmllr:Update():fmllr-diag-gmm.cc:162) Not updating fMLLR since below min-count: count is 148
LOG (gmm-est-fmllr:main():gmm-est-fmllr.cc:143) For speaker train_S5_11_2_20, auxf-impr from fMLLR is 0, over 148 frames.
WARNING (gmm-est-fmllr:Update():fmllr-diag-gmm.cc:162) Not updating fMLLR since below min-count: count is 153
LOG (gmm-est-fmllr:main():gmm-est-fmllr.cc:143) For speaker train_S5_11_3_12, auxf-impr from fMLLR is 0, over 153 frames.
WARNING (gmm-est-fmllr:Update():fmllr-diag-gmm.cc:162) Not updating fMLLR since below min-count: count is 150
LOG (gmm-est-fmllr:main():gmm-est-fmllr.cc:143) For speaker train_S5_11_3_14, auxf-impr from fMLLR is 0, over 150 frames.
WARNING (gmm-est-fmllr:Update():fmllr-diag-gmm.cc:162) Not updating fMLLR since below min-count: count is 154
LOG (gmm-est-fmllr:main():gmm-est-fmllr.cc:143) For speaker train_S5_11_3_16, auxf-impr from fMLLR is 0, over 154 frames.
WARNING (gmm-est-fmllr:Update():fmllr-diag-gmm.cc:162) Not updating fMLLR since below min-count: count is 137
LOG (gmm-est-fmllr:main():gmm-est-fmllr.cc:143) For speaker train_S5_11_3_18, auxf-impr from fMLLR is 0, over 137 frames.
WARNING (gmm-est-fmllr:Update():fmllr-diag-gmm.cc:162) Not updating fMLLR since below min-count: count is 147
LOG (gmm-est-fmllr:main():gmm-est-fmllr.cc:143) For speaker train_S5_11_3_20, auxf-impr from fMLLR is 0, over 147 frames.
WARNING (gmm-est-fmllr:Update():fmllr-diag-gmm.cc:162) Not updating fMLLR since below min-count: count is 153
LOG (gmm-est-fmllr:main():gmm-est-fmllr.cc:143) For speaker train_S5_11_4_12, auxf-impr from fMLLR is 0, over 153 frames.
WARNING (gmm-est-fmllr:Update():fmllr-diag-gmm.cc:162) Not updating fMLLR since below min-count: count is 151
LOG (gmm-est-fmllr:main():gmm-est-fmllr.cc:143) For speaker train_S5_11_4_14, auxf-impr from fMLLR is 0, over 151 frames.
WARNING (gmm-est-fmllr:Update():fmllr-diag-gmm.cc:162) Not updating fMLLR since below min-count: count is 154
LOG (gmm-est-fmllr:main():gmm-est-fmllr.cc:143) For speaker train_S5_11_4_16, auxf-impr from fMLLR is 0, over 154 frames.
WARNING (gmm-est-fmllr:Update():fmllr-diag-gmm.cc:162) Not updating fMLLR since below min-count: count is 137
LOG (gmm-est-fmllr:main():gmm-est-fmllr.cc:143) For speaker train_S5_11_4_18, auxf-impr from fMLLR is 0, over 137 frames.
WARNING (gmm-est-fmllr:Update():fmllr-diag-gmm.cc:162) Not updating fMLLR since below min-count: count is 147
LOG (gmm-est-fmllr:main():gmm-est-fmllr.cc:143) For speaker train_S5_11_4_20, auxf-impr from fMLLR is 0, over 147 frames.
WARNING (gmm-est-fmllr:Update():fmllr-diag-gmm.cc:162) Not updating fMLLR since below min-count: count is 153
LOG (gmm-est-fmllr:main():gmm-est-fmllr.cc:143) For speaker train_S5_11_5_12, auxf-impr from fMLLR is 0, over 153 frames.
WARNING (gmm-est-fmllr:Update():fmllr-diag-gmm.cc:162) Not updating fMLLR since below min-count: count is 151
LOG (gmm-est-fmllr:main():gmm-est-fmllr.cc:143) For speaker train_S5_11_5_14, auxf-impr from fMLLR is 0, over 151 frames.
WARNING (gmm-est-fmllr:Update():fmllr-diag-gmm.cc:162) Not updating fMLLR since below min-count: count is 154
LOG (gmm-est-fmllr:main():gmm-est-fmllr.cc:143) For speaker train_S5_11_5_16, auxf-impr from fMLLR is 0, over 154 frames.
WARNING (gmm-est-fmllr:Update():fmllr-diag-gmm.cc:162) Not updating fMLLR since below min-count: count is 137
LOG (gmm-est-fmllr:main():gmm-est-fmllr.cc:143) For speaker train_S5_11_5_18, auxf-impr from fMLLR is 0, over 137 frames.
WARNING (gmm-est-fmllr:Update():fmllr-diag-gmm.cc:162) Not updating fMLLR since below min-count: count is 148
LOG (gmm-est-fmllr:main():gmm-est-fmllr.cc:143) For speaker train_S5_11_5_20, auxf-impr from fMLLR is 0, over 148 frames.
WARNING (gmm-est-fmllr:Update():fmllr-diag-gmm.cc:162) Not updating fMLLR since below min-count: count is 153
LOG (gmm-est-fmllr:main():gmm-est-fmllr.cc:143) For speaker train_S5_11_6_12, auxf-impr from fMLLR is 0, over 153 frames.
WARNING (gmm-est-fmllr:Update():fmllr-diag-gmm.cc:162) Not updating fMLLR since below min-count: count is 151
LOG (gmm-est-fmllr:main():gmm-est-fmllr.cc:143) For speaker train_S5_11_6_14, auxf-impr from fMLLR is 0, over 151 frames.
WARNING (gmm-est-fmllr:Update():fmllr-diag-gmm.cc:162) Not updating fMLLR since below min-count: count is 154
LOG (gmm-est-fmllr:main():gmm-est-fmllr.cc:143) For speaker train_S5_11_6_16, auxf-impr from fMLLR is 0, over 154 frames.
WARNING (gmm-est-fmllr:Update():fmllr-diag-gmm.cc:162) Not updating fMLLR since below min-count: count is 137
LOG (gmm-est-fmllr:main():gmm-est-fmllr.cc:143) For speaker train_S5_11_6_18, auxf-impr from fMLLR is 0, over 137 frames.
WARNING (gmm-est-fmllr:Update():fmllr-diag-gmm.cc:162) Not updating fMLLR since below min-count: count is 148
LOG (gmm-est-fmllr:main():gmm-est-fmllr.cc:143) For speaker train_S5_11_6_20, auxf-impr from fMLLR is 0, over 148 frames.
WARNING (gmm-est-fmllr:Update():fmllr-diag-gmm.cc:162) Not updating fMLLR since below min-count: count is 154
LOG (gmm-est-fmllr:main():gmm-est-fmllr.cc:143) For speaker train_S5_11_7_12, auxf-impr from fMLLR is 0, over 154 frames.
WARNING (gmm-est-fmllr:Update():fmllr-diag-gmm.cc:162) Not updating fMLLR since below min-count: count is 151
LOG (gmm-est-fmllr:main():gmm-est-fmllr.cc:143) For speaker train_S5_11_7_14, auxf-impr from fMLLR is 0, over 151 frames.
WARNING (gmm-est-fmllr:Update():fmllr-diag-gmm.cc:162) Not updating fMLLR since below min-count: count is 154
LOG (gmm-est-fmllr:main():gmm-est-fmllr.cc:143) For speaker train_S5_11_7_16, auxf-impr from fMLLR is 0, over 154 frames.
WARNING (gmm-est-fmllr:Update():fmllr-diag-gmm.cc:162) Not updating fMLLR since below min-count: count is 137
LOG (gmm-est-fmllr:main():gmm-est-fmllr.cc:143) For speaker train_S5_11_7_18, auxf-impr from fMLLR is 0, over 137 frames.
WARNING (gmm-est-fmllr:Update():fmllr-diag-gmm.cc:162) Not updating fMLLR since below min-count: count is 148
LOG (gmm-est-fmllr:main():gmm-est-fmllr.cc:143) For speaker train_S5_11_7_20, auxf-impr from fMLLR is 0, over 148 frames.
WARNING (gmm-est-fmllr:Update():fmllr-diag-gmm.cc:162) Not updating fMLLR since below min-count: count is 162
LOG (gmm-est-fmllr:main():gmm-est-fmllr.cc:143) For speaker train_S5_3_1_12, auxf-impr from fMLLR is 0, over 162 frames.
WARNING (gmm-est-fmllr:Update():fmllr-diag-gmm.cc:162) Not updating fMLLR since below min-count: count is 159
LOG (gmm-est-fmllr:main():gmm-est-fmllr.cc:143) For speaker train_S5_3_1_14, auxf-impr from fMLLR is 0, over 159 frames.
WARNING (gmm-est-fmllr:Update():fmllr-diag-gmm.cc:162) Not updating fMLLR since below min-count: count is 162
LOG (gmm-est-fmllr:main():gmm-est-fmllr.cc:143) For speaker train_S5_3_1_16, auxf-impr from fMLLR is 0, over 162 frames.
WARNING (gmm-est-fmllr:Update():fmllr-diag-gmm.cc:162) Not updating fMLLR since below min-count: count is 144
LOG (gmm-est-fmllr:main():gmm-est-fmllr.cc:143) For speaker train_S5_3_1_18, auxf-impr from fMLLR is 0, over 144 frames.
WARNING (gmm-est-fmllr:Update():fmllr-diag-gmm.cc:162) Not updating fMLLR since below min-count: count is 155
LOG (gmm-est-fmllr:main():gmm-est-fmllr.cc:143) For speaker train_S5_3_1_20, auxf-impr from fMLLR is 0, over 155 frames.
WARNING (gmm-est-fmllr:Update():fmllr-diag-gmm.cc:162) Not updating fMLLR since below min-count: count is 162
LOG (gmm-est-fmllr:main():gmm-est-fmllr.cc:143) For speaker train_S5_3_2_12, auxf-impr from fMLLR is 0, over 162 frames.
WARNING (gmm-est-fmllr:Update():fmllr-diag-gmm.cc:162) Not updating fMLLR since below min-count: count is 159
LOG (gmm-est-fmllr:main():gmm-est-fmllr.cc:143) For speaker train_S5_3_2_14, auxf-impr from fMLLR is 0, over 159 frames.
WARNING (gmm-est-fmllr:Update():fmllr-diag-gmm.cc:162) Not updating fMLLR since below min-count: count is 162
LOG (gmm-est-fmllr:main():gmm-est-fmllr.cc:143) For speaker train_S5_3_2_16, auxf-impr from fMLLR is 0, over 162 frames.
WARNING (gmm-est-fmllr:Update():fmllr-diag-gmm.cc:162) Not updating fMLLR since below min-count: count is 144
LOG (gmm-est-fmllr:main():gmm-est-fmllr.cc:143) For speaker train_S5_3_2_18, auxf-impr from fMLLR is 0, over 144 frames.
WARNING (gmm-est-fmllr:Update():fmllr-diag-gmm.cc:162) Not updating fMLLR since below min-count: count is 155
LOG (gmm-est-fmllr:main():gmm-est-fmllr.cc:143) For speaker train_S5_3_2_20, auxf-impr from fMLLR is 0, over 155 frames.
WARNING (gmm-est-fmllr:Update():fmllr-diag-gmm.cc:162) Not updating fMLLR since below min-count: count is 162
LOG (gmm-est-fmllr:main():gmm-est-fmllr.cc:143) For speaker train_S5_3_3_12, auxf-impr from fMLLR is 0, over 162 frames.
WARNING (gmm-est-fmllr:Update():fmllr-diag-gmm.cc:162) Not updating fMLLR since below min-count: count is 159
LOG (gmm-est-fmllr:main():gmm-est-fmllr.cc:143) For speaker train_S5_3_3_14, auxf-impr from fMLLR is 0, over 159 frames.
WARNING (gmm-est-fmllr:Update():fmllr-diag-gmm.cc:162) Not updating fMLLR since below min-count: count is 162
LOG (gmm-est-fmllr:main():gmm-est-fmllr.cc:143) For speaker train_S5_3_3_16, auxf-impr from fMLLR is 0, over 162 frames.
WARNING (gmm-est-fmllr:Update():fmllr-diag-gmm.cc:162) Not updating fMLLR since below min-count: count is 144
LOG (gmm-est-fmllr:main():gmm-est-fmllr.cc:143) For speaker train_S5_3_3_18, auxf-impr from fMLLR is 0, over 144 frames.
WARNING (gmm-est-fmllr:Update():fmllr-diag-gmm.cc:162) Not updating fMLLR since below min-count: count is 155
LOG (gmm-est-fmllr:main():gmm-est-fmllr.cc:143) For speaker train_S5_3_3_20, auxf-impr from fMLLR is 0, over 155 frames.
WARNING (gmm-est-fmllr:Update():fmllr-diag-gmm.cc:162) Not updating fMLLR since below min-count: count is 162
LOG (gmm-est-fmllr:main():gmm-est-fmllr.cc:143) For speaker train_S5_3_4_12, auxf-impr from fMLLR is 0, over 162 frames.
WARNING (gmm-est-fmllr:Update():fmllr-diag-gmm.cc:162) Not updating fMLLR since below min-count: count is 159
LOG (gmm-est-fmllr:main():gmm-est-fmllr.cc:143) For speaker train_S5_3_4_14, auxf-impr from fMLLR is 0, over 159 frames.
LOG (ali-to-post:main():ali-to-post.cc:65) Converted 241 alignments.
WARNING (gmm-est-fmllr:Update():fmllr-diag-gmm.cc:162) Not updating fMLLR since below min-count: count is 162
LOG (gmm-est-fmllr:main():gmm-est-fmllr.cc:143) For speaker train_S5_3_4_16, auxf-impr from fMLLR is 0, over 162 frames.
WARNING (gmm-est-fmllr:Update():fmllr-diag-gmm.cc:162) Not updating fMLLR since below min-count: count is 143
LOG (gmm-est-fmllr:main():gmm-est-fmllr.cc:143) For speaker train_S5_3_4_18, auxf-impr from fMLLR is 0, over 143 frames.
WARNING (gmm-est-fmllr:Update():fmllr-diag-gmm.cc:162) Not updating fMLLR since below min-count: count is 155
LOG (gmm-est-fmllr:main():gmm-est-fmllr.cc:143) For speaker train_S5_3_4_20, auxf-impr from fMLLR is 0, over 155 frames.
WARNING (gmm-est-fmllr:Update():fmllr-diag-gmm.cc:162) Not updating fMLLR since below min-count: count is 162
LOG (gmm-est-fmllr:main():gmm-est-fmllr.cc:143) For speaker train_S5_3_5_12, auxf-impr from fMLLR is 0, over 162 frames.
WARNING (gmm-est-fmllr:Update():fmllr-diag-gmm.cc:162) Not updating fMLLR since below min-count: count is 159
LOG (gmm-est-fmllr:main():gmm-est-fmllr.cc:143) For speaker train_S5_3_5_14, auxf-impr from fMLLR is 0, over 159 frames.
WARNING (gmm-est-fmllr:Update():fmllr-diag-gmm.cc:162) Not updating fMLLR since below min-count: count is 162
LOG (gmm-est-fmllr:main():gmm-est-fmllr.cc:143) For speaker train_S5_3_5_16, auxf-impr from fMLLR is 0, over 162 frames.
WARNING (gmm-est-fmllr:Update():fmllr-diag-gmm.cc:162) Not updating fMLLR since below min-count: count is 143
LOG (gmm-est-fmllr:main():gmm-est-fmllr.cc:143) For speaker train_S5_3_5_18, auxf-impr from fMLLR is 0, over 143 frames.
WARNING (gmm-est-fmllr:Update():fmllr-diag-gmm.cc:162) Not updating fMLLR since below min-count: count is 155
LOG (gmm-est-fmllr:main():gmm-est-fmllr.cc:143) For speaker train_S5_3_5_20, auxf-impr from fMLLR is 0, over 155 frames.
WARNING (gmm-est-fmllr:Update():fmllr-diag-gmm.cc:162) Not updating fMLLR since below min-count: count is 162
LOG (gmm-est-fmllr:main():gmm-est-fmllr.cc:143) For speaker train_S5_3_6_12, auxf-impr from fMLLR is 0, over 162 frames.
WARNING (gmm-est-fmllr:Update():fmllr-diag-gmm.cc:162) Not updating fMLLR since below min-count: count is 159
LOG (gmm-est-fmllr:main():gmm-est-fmllr.cc:143) For speaker train_S5_3_6_14, auxf-impr from fMLLR is 0, over 159 frames.
WARNING (gmm-est-fmllr:Update():fmllr-diag-gmm.cc:162) Not updating fMLLR since below min-count: count is 162
LOG (gmm-est-fmllr:main():gmm-est-fmllr.cc:143) For speaker train_S5_3_6_16, auxf-impr from fMLLR is 0, over 162 frames.
WARNING (gmm-est-fmllr:Update():fmllr-diag-gmm.cc:162) Not updating fMLLR since below min-count: count is 144
LOG (gmm-est-fmllr:main():gmm-est-fmllr.cc:143) For speaker train_S5_3_6_18, auxf-impr from fMLLR is 0, over 144 frames.
WARNING (gmm-est-fmllr:Update():fmllr-diag-gmm.cc:162) Not updating fMLLR since below min-count: count is 155
LOG (gmm-est-fmllr:main():gmm-est-fmllr.cc:143) For speaker train_S5_3_6_20, auxf-impr from fMLLR is 0, over 155 frames.
WARNING (gmm-est-fmllr:Update():fmllr-diag-gmm.cc:162) Not updating fMLLR since below min-count: count is 162
LOG (gmm-est-fmllr:main():gmm-est-fmllr.cc:143) For speaker train_S5_3_7_12, auxf-impr from fMLLR is 0, over 162 frames.
WARNING (gmm-est-fmllr:Update():fmllr-diag-gmm.cc:162) Not updating fMLLR since below min-count: count is 159
LOG (gmm-est-fmllr:main():gmm-est-fmllr.cc:143) For speaker train_S5_3_7_14, auxf-impr from fMLLR is 0, over 159 frames.
WARNING (gmm-est-fmllr:Update():fmllr-diag-gmm.cc:162) Not updating fMLLR since below min-count: count is 162
LOG (gmm-est-fmllr:main():gmm-est-fmllr.cc:143) For speaker train_S5_3_7_16, auxf-impr from fMLLR is 0, over 162 frames.
WARNING (gmm-est-fmllr:Update():fmllr-diag-gmm.cc:162) Not updating fMLLR since below min-count: count is 143
LOG (gmm-est-fmllr:main():gmm-est-fmllr.cc:143) For speaker train_S5_3_7_18, auxf-impr from fMLLR is 0, over 143 frames.
WARNING (gmm-est-fmllr:Update():fmllr-diag-gmm.cc:162) Not updating fMLLR since below min-count: count is 154
LOG (gmm-est-fmllr:main():gmm-est-fmllr.cc:143) For speaker train_S5_3_7_20, auxf-impr from fMLLR is 0, over 154 frames.
WARNING (gmm-est-fmllr:Update():fmllr-diag-gmm.cc:162) Not updating fMLLR since below min-count: count is 167
LOG (gmm-est-fmllr:main():gmm-est-fmllr.cc:143) For speaker train_S5_4_1_12, auxf-impr from fMLLR is 0, over 167 frames.
WARNING (gmm-est-fmllr:Update():fmllr-diag-gmm.cc:162) Not updating fMLLR since below min-count: count is 164
LOG (gmm-est-fmllr:main():gmm-est-fmllr.cc:143) For speaker train_S5_4_1_14, auxf-impr from fMLLR is 0, over 164 frames.
WARNING (gmm-est-fmllr:Update():fmllr-diag-gmm.cc:162) Not updating fMLLR since below min-count: count is 167
LOG (gmm-est-fmllr:main():gmm-est-fmllr.cc:143) For speaker train_S5_4_1_16, auxf-impr from fMLLR is 0, over 167 frames.
WARNING (gmm-est-fmllr:Update():fmllr-diag-gmm.cc:162) Not updating fMLLR since below min-count: count is 148
LOG (gmm-est-fmllr:main():gmm-est-fmllr.cc:143) For speaker train_S5_4_1_18, auxf-impr from fMLLR is 0, over 148 frames.
LOG (weight-silence-post:main():weight-silence-post.cc:95) Done 241 posteriors.
WARNING (gmm-est-fmllr:Update():fmllr-diag-gmm.cc:162) Not updating fMLLR since below min-count: count is 160
LOG (gmm-est-fmllr:main():gmm-est-fmllr.cc:143) For speaker train_S5_4_1_20, auxf-impr from fMLLR is 0, over 160 frames.
WARNING (gmm-est-fmllr:Update():fmllr-diag-gmm.cc:162) Not updating fMLLR since below min-count: count is 166
LOG (gmm-est-fmllr:main():gmm-est-fmllr.cc:143) For speaker train_S5_4_2_12, auxf-impr from fMLLR is 0, over 166 frames.
WARNING (gmm-est-fmllr:Update():fmllr-diag-gmm.cc:162) Not updating fMLLR since below min-count: count is 164
LOG (gmm-est-fmllr:main():gmm-est-fmllr.cc:143) For speaker train_S5_4_2_14, auxf-impr from fMLLR is 0, over 164 frames.
WARNING (gmm-est-fmllr:Update():fmllr-diag-gmm.cc:162) Not updating fMLLR since below min-count: count is 167
LOG (gmm-est-fmllr:main():gmm-est-fmllr.cc:143) For speaker train_S5_4_2_16, auxf-impr from fMLLR is 0, over 167 frames.
WARNING (gmm-est-fmllr:Update():fmllr-diag-gmm.cc:162) Not updating fMLLR since below min-count: count is 148
LOG (gmm-est-fmllr:main():gmm-est-fmllr.cc:143) For speaker train_S5_4_2_18, auxf-impr from fMLLR is 0, over 148 frames.
WARNING (gmm-est-fmllr:Update():fmllr-diag-gmm.cc:162) Not updating fMLLR since below min-count: count is 160
LOG (gmm-est-fmllr:main():gmm-est-fmllr.cc:143) For speaker train_S5_4_2_20, auxf-impr from fMLLR is 0, over 160 frames.
WARNING (gmm-est-fmllr:Update():fmllr-diag-gmm.cc:162) Not updating fMLLR since below min-count: count is 166
LOG (gmm-est-fmllr:main():gmm-est-fmllr.cc:143) For speaker train_S5_4_3_12, auxf-impr from fMLLR is 0, over 166 frames.
LOG (apply-cmvn:main():apply-cmvn.cc:146) Applied cepstral mean normalization to 241 utterances, errors on 0
WARNING (gmm-est-fmllr:Update():fmllr-diag-gmm.cc:162) Not updating fMLLR since below min-count: count is 164
LOG (gmm-est-fmllr:main():gmm-est-fmllr.cc:143) For speaker train_S5_4_3_14, auxf-impr from fMLLR is 0, over 164 frames.
WARNING (gmm-est-fmllr:Update():fmllr-diag-gmm.cc:162) Not updating fMLLR since below min-count: count is 167
LOG (gmm-est-fmllr:main():gmm-est-fmllr.cc:143) For speaker train_S5_4_3_16, auxf-impr from fMLLR is 0, over 167 frames.
WARNING (gmm-est-fmllr:Update():fmllr-diag-gmm.cc:162) Not updating fMLLR since below min-count: count is 148
LOG (gmm-est-fmllr:main():gmm-est-fmllr.cc:143) For speaker train_S5_4_3_18, auxf-impr from fMLLR is 0, over 148 frames.
WARNING (gmm-est-fmllr:Update():fmllr-diag-gmm.cc:162) Not updating fMLLR since below min-count: count is 160
LOG (gmm-est-fmllr:main():gmm-est-fmllr.cc:143) For speaker train_S5_4_3_20, auxf-impr from fMLLR is 0, over 160 frames.
WARNING (gmm-est-fmllr:Update():fmllr-diag-gmm.cc:162) Not updating fMLLR since below min-count: count is 166
LOG (gmm-est-fmllr:main():gmm-est-fmllr.cc:143) For speaker train_S5_4_4_12, auxf-impr from fMLLR is 0, over 166 frames.
WARNING (gmm-est-fmllr:Update():fmllr-diag-gmm.cc:162) Not updating fMLLR since below min-count: count is 164
LOG (gmm-est-fmllr:main():gmm-est-fmllr.cc:143) For speaker train_S5_4_4_14, auxf-impr from fMLLR is 0, over 164 frames.
WARNING (gmm-est-fmllr:Update():fmllr-diag-gmm.cc:162) Not updating fMLLR since below min-count: count is 167
LOG (gmm-est-fmllr:main():gmm-est-fmllr.cc:143) For speaker train_S5_4_4_16, auxf-impr from fMLLR is 0, over 167 frames.
WARNING (gmm-est-fmllr:Update():fmllr-diag-gmm.cc:162) Not updating fMLLR since below min-count: count is 148
LOG (gmm-est-fmllr:main():gmm-est-fmllr.cc:143) For speaker train_S5_4_4_18, auxf-impr from fMLLR is 0, over 148 frames.
LOG (transform-feats:main():transform-feats.cc:158) Overall average logdet is 0 over 53015 frames.
LOG (transform-feats:main():transform-feats.cc:161) Applied transform to 241 utterances; 0 had errors.
WARNING (gmm-est-fmllr:Update():fmllr-diag-gmm.cc:162) Not updating fMLLR since below min-count: count is 160
LOG (gmm-est-fmllr:main():gmm-est-fmllr.cc:143) For speaker train_S5_4_4_20, auxf-impr from fMLLR is 0, over 160 frames.
WARNING (gmm-est-fmllr:Update():fmllr-diag-gmm.cc:162) Not updating fMLLR since below min-count: count is 166
LOG (gmm-est-fmllr:main():gmm-est-fmllr.cc:143) For speaker train_S5_4_5_12, auxf-impr from fMLLR is 0, over 166 frames.
LOG (gmm-est-fmllr:main():gmm-est-fmllr.cc:188) Done 241 files, 0 with no posts, 0 with other errors.
LOG (gmm-est-fmllr:main():gmm-est-fmllr.cc:190) Overall fMLLR auxf impr per frame is 0 over 32779 frames.
# Accounting: time=2 threads=1
# Ended (code 0) at Mon Feb 24 09:56:50 IST 2020, elapsed time 2 seconds
