# ali-to-post "ark:gunzip -c exp/mono2/ali.30.gz|" ark:- | weight-silence-post 0.0 1 exp/mono2/4.mdl ark:- ark:- | gmm-est-fmllr --fmllr-update-type=full --spk2utt=ark:data/train/split30/30/spk2utt exp/mono2/4.mdl "ark,s,cs:apply-cmvn  --utt2spk=ark:data/train/split30/30/utt2spk scp:data/train/split30/30/cmvn.scp scp:data/train/split30/30/feats.scp ark:- | add-deltas  ark:- ark:- | transform-feats --utt2spk=ark:data/train/split30/30/utt2spk ark:exp/mono2/trans.30 ark:- ark:- |" ark:- ark:exp/mono2/tmp_trans.30 
# Started at Mon Feb 24 09:56:51 IST 2020
#
weight-silence-post 0.0 1 exp/mono2/4.mdl ark:- ark:- 
gmm-est-fmllr --fmllr-update-type=full --spk2utt=ark:data/train/split30/30/spk2utt exp/mono2/4.mdl 'ark,s,cs:apply-cmvn  --utt2spk=ark:data/train/split30/30/utt2spk scp:data/train/split30/30/cmvn.scp scp:data/train/split30/30/feats.scp ark:- | add-deltas  ark:- ark:- | transform-feats --utt2spk=ark:data/train/split30/30/utt2spk ark:exp/mono2/trans.30 ark:- ark:- |' ark:- ark:exp/mono2/tmp_trans.30 
ali-to-post 'ark:gunzip -c exp/mono2/ali.30.gz|' ark:- 
transform-feats --utt2spk=ark:data/train/split30/30/utt2spk ark:exp/mono2/trans.30 ark:- ark:- 
apply-cmvn --utt2spk=ark:data/train/split30/30/utt2spk scp:data/train/split30/30/cmvn.scp scp:data/train/split30/30/feats.scp ark:- 
add-deltas ark:- ark:- 
WARNING (gmm-est-fmllr:Update():fmllr-diag-gmm.cc:162) Not updating fMLLR since below min-count: count is 200
LOG (gmm-est-fmllr:main():gmm-est-fmllr.cc:143) For speaker train_S9_3_1_20, auxf-impr from fMLLR is 0, over 200 frames.
WARNING (gmm-est-fmllr:Update():fmllr-diag-gmm.cc:162) Not updating fMLLR since below min-count: count is 209
LOG (gmm-est-fmllr:main():gmm-est-fmllr.cc:143) For speaker train_S9_3_2_12, auxf-impr from fMLLR is 0, over 209 frames.
WARNING (gmm-est-fmllr:Update():fmllr-diag-gmm.cc:162) Not updating fMLLR since below min-count: count is 205
LOG (gmm-est-fmllr:main():gmm-est-fmllr.cc:143) For speaker train_S9_3_2_14, auxf-impr from fMLLR is 0, over 205 frames.
WARNING (gmm-est-fmllr:Update():fmllr-diag-gmm.cc:162) Not updating fMLLR since below min-count: count is 209
LOG (gmm-est-fmllr:main():gmm-est-fmllr.cc:143) For speaker train_S9_3_2_16, auxf-impr from fMLLR is 0, over 209 frames.
WARNING (gmm-est-fmllr:Update():fmllr-diag-gmm.cc:162) Not updating fMLLR since below min-count: count is 186
LOG (gmm-est-fmllr:main():gmm-est-fmllr.cc:143) For speaker train_S9_3_2_18, auxf-impr from fMLLR is 0, over 186 frames.
WARNING (gmm-est-fmllr:Update():fmllr-diag-gmm.cc:162) Not updating fMLLR since below min-count: count is 200
LOG (gmm-est-fmllr:main():gmm-est-fmllr.cc:143) For speaker train_S9_3_2_20, auxf-impr from fMLLR is 0, over 200 frames.
WARNING (gmm-est-fmllr:Update():fmllr-diag-gmm.cc:162) Not updating fMLLR since below min-count: count is 209
LOG (gmm-est-fmllr:main():gmm-est-fmllr.cc:143) For speaker train_S9_3_3_12, auxf-impr from fMLLR is 0, over 209 frames.
WARNING (gmm-est-fmllr:Update():fmllr-diag-gmm.cc:162) Not updating fMLLR since below min-count: count is 205
LOG (gmm-est-fmllr:main():gmm-est-fmllr.cc:143) For speaker train_S9_3_3_14, auxf-impr from fMLLR is 0, over 205 frames.
WARNING (gmm-est-fmllr:Update():fmllr-diag-gmm.cc:162) Not updating fMLLR since below min-count: count is 209
LOG (gmm-est-fmllr:main():gmm-est-fmllr.cc:143) For speaker train_S9_3_3_16, auxf-impr from fMLLR is 0, over 209 frames.
WARNING (gmm-est-fmllr:Update():fmllr-diag-gmm.cc:162) Not updating fMLLR since below min-count: count is 186
LOG (gmm-est-fmllr:main():gmm-est-fmllr.cc:143) For speaker train_S9_3_3_18, auxf-impr from fMLLR is 0, over 186 frames.
WARNING (gmm-est-fmllr:Update():fmllr-diag-gmm.cc:162) Not updating fMLLR since below min-count: count is 200
LOG (gmm-est-fmllr:main():gmm-est-fmllr.cc:143) For speaker train_S9_3_3_20, auxf-impr from fMLLR is 0, over 200 frames.
WARNING (gmm-est-fmllr:Update():fmllr-diag-gmm.cc:162) Not updating fMLLR since below min-count: count is 209
LOG (gmm-est-fmllr:main():gmm-est-fmllr.cc:143) For speaker train_S9_3_4_12, auxf-impr from fMLLR is 0, over 209 frames.
WARNING (gmm-est-fmllr:Update():fmllr-diag-gmm.cc:162) Not updating fMLLR since below min-count: count is 205
LOG (gmm-est-fmllr:main():gmm-est-fmllr.cc:143) For speaker train_S9_3_4_14, auxf-impr from fMLLR is 0, over 205 frames.
WARNING (gmm-est-fmllr:Update():fmllr-diag-gmm.cc:162) Not updating fMLLR since below min-count: count is 209
LOG (gmm-est-fmllr:main():gmm-est-fmllr.cc:143) For speaker train_S9_3_4_16, auxf-impr from fMLLR is 0, over 209 frames.
WARNING (gmm-est-fmllr:Update():fmllr-diag-gmm.cc:162) Not updating fMLLR since below min-count: count is 186
LOG (gmm-est-fmllr:main():gmm-est-fmllr.cc:143) For speaker train_S9_3_4_18, auxf-impr from fMLLR is 0, over 186 frames.
WARNING (gmm-est-fmllr:Update():fmllr-diag-gmm.cc:162) Not updating fMLLR since below min-count: count is 200
LOG (gmm-est-fmllr:main():gmm-est-fmllr.cc:143) For speaker train_S9_3_4_20, auxf-impr from fMLLR is 0, over 200 frames.
WARNING (gmm-est-fmllr:Update():fmllr-diag-gmm.cc:162) Not updating fMLLR since below min-count: count is 209
LOG (gmm-est-fmllr:main():gmm-est-fmllr.cc:143) For speaker train_S9_3_5_12, auxf-impr from fMLLR is 0, over 209 frames.
WARNING (gmm-est-fmllr:Update():fmllr-diag-gmm.cc:162) Not updating fMLLR since below min-count: count is 205
LOG (gmm-est-fmllr:main():gmm-est-fmllr.cc:143) For speaker train_S9_3_5_14, auxf-impr from fMLLR is 0, over 205 frames.
WARNING (gmm-est-fmllr:Update():fmllr-diag-gmm.cc:162) Not updating fMLLR since below min-count: count is 209
LOG (gmm-est-fmllr:main():gmm-est-fmllr.cc:143) For speaker train_S9_3_5_16, auxf-impr from fMLLR is 0, over 209 frames.
WARNING (gmm-est-fmllr:Update():fmllr-diag-gmm.cc:162) Not updating fMLLR since below min-count: count is 186
LOG (gmm-est-fmllr:main():gmm-est-fmllr.cc:143) For speaker train_S9_3_5_18, auxf-impr from fMLLR is 0, over 186 frames.
WARNING (gmm-est-fmllr:Update():fmllr-diag-gmm.cc:162) Not updating fMLLR since below min-count: count is 200
LOG (gmm-est-fmllr:main():gmm-est-fmllr.cc:143) For speaker train_S9_3_5_20, auxf-impr from fMLLR is 0, over 200 frames.
WARNING (gmm-est-fmllr:Update():fmllr-diag-gmm.cc:162) Not updating fMLLR since below min-count: count is 209
LOG (gmm-est-fmllr:main():gmm-est-fmllr.cc:143) For speaker train_S9_3_6_12, auxf-impr from fMLLR is 0, over 209 frames.
WARNING (gmm-est-fmllr:Update():fmllr-diag-gmm.cc:162) Not updating fMLLR since below min-count: count is 205
LOG (gmm-est-fmllr:main():gmm-est-fmllr.cc:143) For speaker train_S9_3_6_14, auxf-impr from fMLLR is 0, over 205 frames.
WARNING (gmm-est-fmllr:Update():fmllr-diag-gmm.cc:162) Not updating fMLLR since below min-count: count is 209
LOG (gmm-est-fmllr:main():gmm-est-fmllr.cc:143) For speaker train_S9_3_6_16, auxf-impr from fMLLR is 0, over 209 frames.
WARNING (gmm-est-fmllr:Update():fmllr-diag-gmm.cc:162) Not updating fMLLR since below min-count: count is 186
LOG (gmm-est-fmllr:main():gmm-est-fmllr.cc:143) For speaker train_S9_3_6_18, auxf-impr from fMLLR is 0, over 186 frames.
WARNING (gmm-est-fmllr:Update():fmllr-diag-gmm.cc:162) Not updating fMLLR since below min-count: count is 200
LOG (gmm-est-fmllr:main():gmm-est-fmllr.cc:143) For speaker train_S9_3_6_20, auxf-impr from fMLLR is 0, over 200 frames.
WARNING (gmm-est-fmllr:Update():fmllr-diag-gmm.cc:162) Not updating fMLLR since below min-count: count is 209
LOG (gmm-est-fmllr:main():gmm-est-fmllr.cc:143) For speaker train_S9_3_7_12, auxf-impr from fMLLR is 0, over 209 frames.
WARNING (gmm-est-fmllr:Update():fmllr-diag-gmm.cc:162) Not updating fMLLR since below min-count: count is 205
LOG (gmm-est-fmllr:main():gmm-est-fmllr.cc:143) For speaker train_S9_3_7_14, auxf-impr from fMLLR is 0, over 205 frames.
WARNING (gmm-est-fmllr:Update():fmllr-diag-gmm.cc:162) Not updating fMLLR since below min-count: count is 209
LOG (gmm-est-fmllr:main():gmm-est-fmllr.cc:143) For speaker train_S9_3_7_16, auxf-impr from fMLLR is 0, over 209 frames.
WARNING (gmm-est-fmllr:Update():fmllr-diag-gmm.cc:162) Not updating fMLLR since below min-count: count is 186
LOG (gmm-est-fmllr:main():gmm-est-fmllr.cc:143) For speaker train_S9_3_7_18, auxf-impr from fMLLR is 0, over 186 frames.
WARNING (gmm-est-fmllr:Update():fmllr-diag-gmm.cc:162) Not updating fMLLR since below min-count: count is 200
LOG (gmm-est-fmllr:main():gmm-est-fmllr.cc:143) For speaker train_S9_3_7_20, auxf-impr from fMLLR is 0, over 200 frames.
WARNING (gmm-est-fmllr:Update():fmllr-diag-gmm.cc:162) Not updating fMLLR since below min-count: count is 203
LOG (gmm-est-fmllr:main():gmm-est-fmllr.cc:143) For speaker train_S9_4_1_12, auxf-impr from fMLLR is 0, over 203 frames.
WARNING (gmm-est-fmllr:Update():fmllr-diag-gmm.cc:162) Not updating fMLLR since below min-count: count is 199
LOG (gmm-est-fmllr:main():gmm-est-fmllr.cc:143) For speaker train_S9_4_1_14, auxf-impr from fMLLR is 0, over 199 frames.
WARNING (gmm-est-fmllr:Update():fmllr-diag-gmm.cc:162) Not updating fMLLR since below min-count: count is 203
LOG (gmm-est-fmllr:main():gmm-est-fmllr.cc:143) For speaker train_S9_4_1_16, auxf-impr from fMLLR is 0, over 203 frames.
WARNING (gmm-est-fmllr:Update():fmllr-diag-gmm.cc:162) Not updating fMLLR since below min-count: count is 180
LOG (gmm-est-fmllr:main():gmm-est-fmllr.cc:143) For speaker train_S9_4_1_18, auxf-impr from fMLLR is 0, over 180 frames.
WARNING (gmm-est-fmllr:Update():fmllr-diag-gmm.cc:162) Not updating fMLLR since below min-count: count is 194
LOG (gmm-est-fmllr:main():gmm-est-fmllr.cc:143) For speaker train_S9_4_1_20, auxf-impr from fMLLR is 0, over 194 frames.
WARNING (gmm-est-fmllr:Update():fmllr-diag-gmm.cc:162) Not updating fMLLR since below min-count: count is 203
LOG (gmm-est-fmllr:main():gmm-est-fmllr.cc:143) For speaker train_S9_4_2_12, auxf-impr from fMLLR is 0, over 203 frames.
WARNING (gmm-est-fmllr:Update():fmllr-diag-gmm.cc:162) Not updating fMLLR since below min-count: count is 199
LOG (gmm-est-fmllr:main():gmm-est-fmllr.cc:143) For speaker train_S9_4_2_14, auxf-impr from fMLLR is 0, over 199 frames.
WARNING (gmm-est-fmllr:Update():fmllr-diag-gmm.cc:162) Not updating fMLLR since below min-count: count is 203
LOG (gmm-est-fmllr:main():gmm-est-fmllr.cc:143) For speaker train_S9_4_2_16, auxf-impr from fMLLR is 0, over 203 frames.
WARNING (gmm-est-fmllr:Update():fmllr-diag-gmm.cc:162) Not updating fMLLR since below min-count: count is 180
LOG (gmm-est-fmllr:main():gmm-est-fmllr.cc:143) For speaker train_S9_4_2_18, auxf-impr from fMLLR is 0, over 180 frames.
WARNING (gmm-est-fmllr:Update():fmllr-diag-gmm.cc:162) Not updating fMLLR since below min-count: count is 194
LOG (gmm-est-fmllr:main():gmm-est-fmllr.cc:143) For speaker train_S9_4_2_20, auxf-impr from fMLLR is 0, over 194 frames.
WARNING (gmm-est-fmllr:Update():fmllr-diag-gmm.cc:162) Not updating fMLLR since below min-count: count is 203
LOG (gmm-est-fmllr:main():gmm-est-fmllr.cc:143) For speaker train_S9_4_3_12, auxf-impr from fMLLR is 0, over 203 frames.
WARNING (gmm-est-fmllr:Update():fmllr-diag-gmm.cc:162) Not updating fMLLR since below min-count: count is 199
LOG (gmm-est-fmllr:main():gmm-est-fmllr.cc:143) For speaker train_S9_4_3_14, auxf-impr from fMLLR is 0, over 199 frames.
WARNING (gmm-est-fmllr:Update():fmllr-diag-gmm.cc:162) Not updating fMLLR since below min-count: count is 203
LOG (gmm-est-fmllr:main():gmm-est-fmllr.cc:143) For speaker train_S9_4_3_16, auxf-impr from fMLLR is 0, over 203 frames.
WARNING (gmm-est-fmllr:Update():fmllr-diag-gmm.cc:162) Not updating fMLLR since below min-count: count is 180
LOG (gmm-est-fmllr:main():gmm-est-fmllr.cc:143) For speaker train_S9_4_3_18, auxf-impr from fMLLR is 0, over 180 frames.
WARNING (gmm-est-fmllr:Update():fmllr-diag-gmm.cc:162) Not updating fMLLR since below min-count: count is 194
LOG (gmm-est-fmllr:main():gmm-est-fmllr.cc:143) For speaker train_S9_4_3_20, auxf-impr from fMLLR is 0, over 194 frames.
WARNING (gmm-est-fmllr:Update():fmllr-diag-gmm.cc:162) Not updating fMLLR since below min-count: count is 203
LOG (gmm-est-fmllr:main():gmm-est-fmllr.cc:143) For speaker train_S9_4_4_12, auxf-impr from fMLLR is 0, over 203 frames.
WARNING (gmm-est-fmllr:Update():fmllr-diag-gmm.cc:162) Not updating fMLLR since below min-count: count is 199
LOG (gmm-est-fmllr:main():gmm-est-fmllr.cc:143) For speaker train_S9_4_4_14, auxf-impr from fMLLR is 0, over 199 frames.
WARNING (gmm-est-fmllr:Update():fmllr-diag-gmm.cc:162) Not updating fMLLR since below min-count: count is 203
LOG (gmm-est-fmllr:main():gmm-est-fmllr.cc:143) For speaker train_S9_4_4_16, auxf-impr from fMLLR is 0, over 203 frames.
WARNING (gmm-est-fmllr:Update():fmllr-diag-gmm.cc:162) Not updating fMLLR since below min-count: count is 180
LOG (gmm-est-fmllr:main():gmm-est-fmllr.cc:143) For speaker train_S9_4_4_18, auxf-impr from fMLLR is 0, over 180 frames.
WARNING (gmm-est-fmllr:Update():fmllr-diag-gmm.cc:162) Not updating fMLLR since below min-count: count is 194
LOG (gmm-est-fmllr:main():gmm-est-fmllr.cc:143) For speaker train_S9_4_4_20, auxf-impr from fMLLR is 0, over 194 frames.
WARNING (gmm-est-fmllr:Update():fmllr-diag-gmm.cc:162) Not updating fMLLR since below min-count: count is 203
LOG (gmm-est-fmllr:main():gmm-est-fmllr.cc:143) For speaker train_S9_4_5_12, auxf-impr from fMLLR is 0, over 203 frames.
WARNING (gmm-est-fmllr:Update():fmllr-diag-gmm.cc:162) Not updating fMLLR since below min-count: count is 199
LOG (gmm-est-fmllr:main():gmm-est-fmllr.cc:143) For speaker train_S9_4_5_14, auxf-impr from fMLLR is 0, over 199 frames.
WARNING (gmm-est-fmllr:Update():fmllr-diag-gmm.cc:162) Not updating fMLLR since below min-count: count is 203
LOG (gmm-est-fmllr:main():gmm-est-fmllr.cc:143) For speaker train_S9_4_5_16, auxf-impr from fMLLR is 0, over 203 frames.
WARNING (gmm-est-fmllr:Update():fmllr-diag-gmm.cc:162) Not updating fMLLR since below min-count: count is 180
LOG (gmm-est-fmllr:main():gmm-est-fmllr.cc:143) For speaker train_S9_4_5_18, auxf-impr from fMLLR is 0, over 180 frames.
WARNING (gmm-est-fmllr:Update():fmllr-diag-gmm.cc:162) Not updating fMLLR since below min-count: count is 194
LOG (gmm-est-fmllr:main():gmm-est-fmllr.cc:143) For speaker train_S9_4_5_20, auxf-impr from fMLLR is 0, over 194 frames.
WARNING (gmm-est-fmllr:Update():fmllr-diag-gmm.cc:162) Not updating fMLLR since below min-count: count is 203
LOG (gmm-est-fmllr:main():gmm-est-fmllr.cc:143) For speaker train_S9_4_6_12, auxf-impr from fMLLR is 0, over 203 frames.
WARNING (gmm-est-fmllr:Update():fmllr-diag-gmm.cc:162) Not updating fMLLR since below min-count: count is 199
LOG (gmm-est-fmllr:main():gmm-est-fmllr.cc:143) For speaker train_S9_4_6_14, auxf-impr from fMLLR is 0, over 199 frames.
WARNING (gmm-est-fmllr:Update():fmllr-diag-gmm.cc:162) Not updating fMLLR since below min-count: count is 203
LOG (gmm-est-fmllr:main():gmm-est-fmllr.cc:143) For speaker train_S9_4_6_16, auxf-impr from fMLLR is 0, over 203 frames.
WARNING (gmm-est-fmllr:Update():fmllr-diag-gmm.cc:162) Not updating fMLLR since below min-count: count is 180
LOG (gmm-est-fmllr:main():gmm-est-fmllr.cc:143) For speaker train_S9_4_6_18, auxf-impr from fMLLR is 0, over 180 frames.
WARNING (gmm-est-fmllr:Update():fmllr-diag-gmm.cc:162) Not updating fMLLR since below min-count: count is 194
LOG (gmm-est-fmllr:main():gmm-est-fmllr.cc:143) For speaker train_S9_4_6_20, auxf-impr from fMLLR is 0, over 194 frames.
WARNING (gmm-est-fmllr:Update():fmllr-diag-gmm.cc:162) Not updating fMLLR since below min-count: count is 203
LOG (gmm-est-fmllr:main():gmm-est-fmllr.cc:143) For speaker train_S9_4_7_12, auxf-impr from fMLLR is 0, over 203 frames.
WARNING (gmm-est-fmllr:Update():fmllr-diag-gmm.cc:162) Not updating fMLLR since below min-count: count is 199
LOG (gmm-est-fmllr:main():gmm-est-fmllr.cc:143) For speaker train_S9_4_7_14, auxf-impr from fMLLR is 0, over 199 frames.
WARNING (gmm-est-fmllr:Update():fmllr-diag-gmm.cc:162) Not updating fMLLR since below min-count: count is 203
LOG (gmm-est-fmllr:main():gmm-est-fmllr.cc:143) For speaker train_S9_4_7_16, auxf-impr from fMLLR is 0, over 203 frames.
WARNING (gmm-est-fmllr:Update():fmllr-diag-gmm.cc:162) Not updating fMLLR since below min-count: count is 180
LOG (gmm-est-fmllr:main():gmm-est-fmllr.cc:143) For speaker train_S9_4_7_18, auxf-impr from fMLLR is 0, over 180 frames.
WARNING (gmm-est-fmllr:Update():fmllr-diag-gmm.cc:162) Not updating fMLLR since below min-count: count is 194
LOG (gmm-est-fmllr:main():gmm-est-fmllr.cc:143) For speaker train_S9_4_7_20, auxf-impr from fMLLR is 0, over 194 frames.
WARNING (gmm-est-fmllr:Update():fmllr-diag-gmm.cc:162) Not updating fMLLR since below min-count: count is 198
LOG (gmm-est-fmllr:main():gmm-est-fmllr.cc:143) For speaker train_S9_5_1_12, auxf-impr from fMLLR is 0, over 198 frames.
WARNING (gmm-est-fmllr:Update():fmllr-diag-gmm.cc:162) Not updating fMLLR since below min-count: count is 195
LOG (gmm-est-fmllr:main():gmm-est-fmllr.cc:143) For speaker train_S9_5_1_14, auxf-impr from fMLLR is 0, over 195 frames.
WARNING (gmm-est-fmllr:Update():fmllr-diag-gmm.cc:162) Not updating fMLLR since below min-count: count is 199
LOG (gmm-est-fmllr:main():gmm-est-fmllr.cc:143) For speaker train_S9_5_1_16, auxf-impr from fMLLR is 0, over 199 frames.
WARNING (gmm-est-fmllr:Update():fmllr-diag-gmm.cc:162) Not updating fMLLR since below min-count: count is 177
LOG (gmm-est-fmllr:main():gmm-est-fmllr.cc:143) For speaker train_S9_5_1_18, auxf-impr from fMLLR is 0, over 177 frames.
WARNING (gmm-est-fmllr:Update():fmllr-diag-gmm.cc:162) Not updating fMLLR since below min-count: count is 190
LOG (gmm-est-fmllr:main():gmm-est-fmllr.cc:143) For speaker train_S9_5_1_20, auxf-impr from fMLLR is 0, over 190 frames.
WARNING (gmm-est-fmllr:Update():fmllr-diag-gmm.cc:162) Not updating fMLLR since below min-count: count is 198
LOG (gmm-est-fmllr:main():gmm-est-fmllr.cc:143) For speaker train_S9_5_2_12, auxf-impr from fMLLR is 0, over 198 frames.
WARNING (gmm-est-fmllr:Update():fmllr-diag-gmm.cc:162) Not updating fMLLR since below min-count: count is 195
LOG (gmm-est-fmllr:main():gmm-est-fmllr.cc:143) For speaker train_S9_5_2_14, auxf-impr from fMLLR is 0, over 195 frames.
WARNING (gmm-est-fmllr:Update():fmllr-diag-gmm.cc:162) Not updating fMLLR since below min-count: count is 199
LOG (gmm-est-fmllr:main():gmm-est-fmllr.cc:143) For speaker train_S9_5_2_16, auxf-impr from fMLLR is 0, over 199 frames.
WARNING (gmm-est-fmllr:Update():fmllr-diag-gmm.cc:162) Not updating fMLLR since below min-count: count is 177
LOG (gmm-est-fmllr:main():gmm-est-fmllr.cc:143) For speaker train_S9_5_2_18, auxf-impr from fMLLR is 0, over 177 frames.
WARNING (gmm-est-fmllr:Update():fmllr-diag-gmm.cc:162) Not updating fMLLR since below min-count: count is 191
LOG (gmm-est-fmllr:main():gmm-est-fmllr.cc:143) For speaker train_S9_5_2_20, auxf-impr from fMLLR is 0, over 191 frames.
WARNING (gmm-est-fmllr:Update():fmllr-diag-gmm.cc:162) Not updating fMLLR since below min-count: count is 199
LOG (gmm-est-fmllr:main():gmm-est-fmllr.cc:143) For speaker train_S9_5_3_12, auxf-impr from fMLLR is 0, over 199 frames.
WARNING (gmm-est-fmllr:Update():fmllr-diag-gmm.cc:162) Not updating fMLLR since below min-count: count is 195
LOG (gmm-est-fmllr:main():gmm-est-fmllr.cc:143) For speaker train_S9_5_3_14, auxf-impr from fMLLR is 0, over 195 frames.
WARNING (gmm-est-fmllr:Update():fmllr-diag-gmm.cc:162) Not updating fMLLR since below min-count: count is 199
LOG (gmm-est-fmllr:main():gmm-est-fmllr.cc:143) For speaker train_S9_5_3_16, auxf-impr from fMLLR is 0, over 199 frames.
WARNING (gmm-est-fmllr:Update():fmllr-diag-gmm.cc:162) Not updating fMLLR since below min-count: count is 177
LOG (gmm-est-fmllr:main():gmm-est-fmllr.cc:143) For speaker train_S9_5_3_18, auxf-impr from fMLLR is 0, over 177 frames.
WARNING (gmm-est-fmllr:Update():fmllr-diag-gmm.cc:162) Not updating fMLLR since below min-count: count is 191
LOG (gmm-est-fmllr:main():gmm-est-fmllr.cc:143) For speaker train_S9_5_3_20, auxf-impr from fMLLR is 0, over 191 frames.
WARNING (gmm-est-fmllr:Update():fmllr-diag-gmm.cc:162) Not updating fMLLR since below min-count: count is 198
LOG (gmm-est-fmllr:main():gmm-est-fmllr.cc:143) For speaker train_S9_5_4_12, auxf-impr from fMLLR is 0, over 198 frames.
WARNING (gmm-est-fmllr:Update():fmllr-diag-gmm.cc:162) Not updating fMLLR since below min-count: count is 195
LOG (gmm-est-fmllr:main():gmm-est-fmllr.cc:143) For speaker train_S9_5_4_14, auxf-impr from fMLLR is 0, over 195 frames.
WARNING (gmm-est-fmllr:Update():fmllr-diag-gmm.cc:162) Not updating fMLLR since below min-count: count is 199
LOG (gmm-est-fmllr:main():gmm-est-fmllr.cc:143) For speaker train_S9_5_4_16, auxf-impr from fMLLR is 0, over 199 frames.
WARNING (gmm-est-fmllr:Update():fmllr-diag-gmm.cc:162) Not updating fMLLR since below min-count: count is 177
LOG (gmm-est-fmllr:main():gmm-est-fmllr.cc:143) For speaker train_S9_5_4_18, auxf-impr from fMLLR is 0, over 177 frames.
WARNING (gmm-est-fmllr:Update():fmllr-diag-gmm.cc:162) Not updating fMLLR since below min-count: count is 190
LOG (gmm-est-fmllr:main():gmm-est-fmllr.cc:143) For speaker train_S9_5_4_20, auxf-impr from fMLLR is 0, over 190 frames.
WARNING (gmm-est-fmllr:Update():fmllr-diag-gmm.cc:162) Not updating fMLLR since below min-count: count is 199
LOG (gmm-est-fmllr:main():gmm-est-fmllr.cc:143) For speaker train_S9_5_5_12, auxf-impr from fMLLR is 0, over 199 frames.
WARNING (gmm-est-fmllr:Update():fmllr-diag-gmm.cc:162) Not updating fMLLR since below min-count: count is 195
LOG (gmm-est-fmllr:main():gmm-est-fmllr.cc:143) For speaker train_S9_5_5_14, auxf-impr from fMLLR is 0, over 195 frames.
WARNING (gmm-est-fmllr:Update():fmllr-diag-gmm.cc:162) Not updating fMLLR since below min-count: count is 199
LOG (gmm-est-fmllr:main():gmm-est-fmllr.cc:143) For speaker train_S9_5_5_16, auxf-impr from fMLLR is 0, over 199 frames.
WARNING (gmm-est-fmllr:Update():fmllr-diag-gmm.cc:162) Not updating fMLLR since below min-count: count is 177
LOG (gmm-est-fmllr:main():gmm-est-fmllr.cc:143) For speaker train_S9_5_5_18, auxf-impr from fMLLR is 0, over 177 frames.
WARNING (gmm-est-fmllr:Update():fmllr-diag-gmm.cc:162) Not updating fMLLR since below min-count: count is 190
LOG (gmm-est-fmllr:main():gmm-est-fmllr.cc:143) For speaker train_S9_5_5_20, auxf-impr from fMLLR is 0, over 190 frames.
WARNING (gmm-est-fmllr:Update():fmllr-diag-gmm.cc:162) Not updating fMLLR since below min-count: count is 198
LOG (gmm-est-fmllr:main():gmm-est-fmllr.cc:143) For speaker train_S9_5_6_12, auxf-impr from fMLLR is 0, over 198 frames.
WARNING (gmm-est-fmllr:Update():fmllr-diag-gmm.cc:162) Not updating fMLLR since below min-count: count is 195
LOG (gmm-est-fmllr:main():gmm-est-fmllr.cc:143) For speaker train_S9_5_6_14, auxf-impr from fMLLR is 0, over 195 frames.
WARNING (gmm-est-fmllr:Update():fmllr-diag-gmm.cc:162) Not updating fMLLR since below min-count: count is 199
LOG (gmm-est-fmllr:main():gmm-est-fmllr.cc:143) For speaker train_S9_5_6_16, auxf-impr from fMLLR is 0, over 199 frames.
WARNING (gmm-est-fmllr:Update():fmllr-diag-gmm.cc:162) Not updating fMLLR since below min-count: count is 177
LOG (gmm-est-fmllr:main():gmm-est-fmllr.cc:143) For speaker train_S9_5_6_18, auxf-impr from fMLLR is 0, over 177 frames.
WARNING (gmm-est-fmllr:Update():fmllr-diag-gmm.cc:162) Not updating fMLLR since below min-count: count is 190
LOG (gmm-est-fmllr:main():gmm-est-fmllr.cc:143) For speaker train_S9_5_6_20, auxf-impr from fMLLR is 0, over 190 frames.
WARNING (gmm-est-fmllr:Update():fmllr-diag-gmm.cc:162) Not updating fMLLR since below min-count: count is 198
LOG (gmm-est-fmllr:main():gmm-est-fmllr.cc:143) For speaker train_S9_5_7_12, auxf-impr from fMLLR is 0, over 198 frames.
WARNING (gmm-est-fmllr:Update():fmllr-diag-gmm.cc:162) Not updating fMLLR since below min-count: count is 195
LOG (gmm-est-fmllr:main():gmm-est-fmllr.cc:143) For speaker train_S9_5_7_14, auxf-impr from fMLLR is 0, over 195 frames.
WARNING (gmm-est-fmllr:Update():fmllr-diag-gmm.cc:162) Not updating fMLLR since below min-count: count is 199
LOG (gmm-est-fmllr:main():gmm-est-fmllr.cc:143) For speaker train_S9_5_7_16, auxf-impr from fMLLR is 0, over 199 frames.
WARNING (gmm-est-fmllr:Update():fmllr-diag-gmm.cc:162) Not updating fMLLR since below min-count: count is 177
LOG (gmm-est-fmllr:main():gmm-est-fmllr.cc:143) For speaker train_S9_5_7_18, auxf-impr from fMLLR is 0, over 177 frames.
WARNING (gmm-est-fmllr:Update():fmllr-diag-gmm.cc:162) Not updating fMLLR since below min-count: count is 190
LOG (gmm-est-fmllr:main():gmm-est-fmllr.cc:143) For speaker train_S9_5_7_20, auxf-impr from fMLLR is 0, over 190 frames.
WARNING (gmm-est-fmllr:Update():fmllr-diag-gmm.cc:162) Not updating fMLLR since below min-count: count is 185
LOG (gmm-est-fmllr:main():gmm-est-fmllr.cc:143) For speaker train_S9_6_1_12, auxf-impr from fMLLR is 0, over 185 frames.
WARNING (gmm-est-fmllr:Update():fmllr-diag-gmm.cc:162) Not updating fMLLR since below min-count: count is 183
LOG (gmm-est-fmllr:main():gmm-est-fmllr.cc:143) For speaker train_S9_6_1_14, auxf-impr from fMLLR is 0, over 183 frames.
WARNING (gmm-est-fmllr:Update():fmllr-diag-gmm.cc:162) Not updating fMLLR since below min-count: count is 186
LOG (gmm-est-fmllr:main():gmm-est-fmllr.cc:143) For speaker train_S9_6_1_16, auxf-impr from fMLLR is 0, over 186 frames.
WARNING (gmm-est-fmllr:Update():fmllr-diag-gmm.cc:162) Not updating fMLLR since below min-count: count is 165
LOG (gmm-est-fmllr:main():gmm-est-fmllr.cc:143) For speaker train_S9_6_1_18, auxf-impr from fMLLR is 0, over 165 frames.
WARNING (gmm-est-fmllr:Update():fmllr-diag-gmm.cc:162) Not updating fMLLR since below min-count: count is 178
LOG (gmm-est-fmllr:main():gmm-est-fmllr.cc:143) For speaker train_S9_6_1_20, auxf-impr from fMLLR is 0, over 178 frames.
WARNING (gmm-est-fmllr:Update():fmllr-diag-gmm.cc:162) Not updating fMLLR since below min-count: count is 185
LOG (gmm-est-fmllr:main():gmm-est-fmllr.cc:143) For speaker train_S9_6_2_12, auxf-impr from fMLLR is 0, over 185 frames.
WARNING (gmm-est-fmllr:Update():fmllr-diag-gmm.cc:162) Not updating fMLLR since below min-count: count is 183
LOG (gmm-est-fmllr:main():gmm-est-fmllr.cc:143) For speaker train_S9_6_2_14, auxf-impr from fMLLR is 0, over 183 frames.
WARNING (gmm-est-fmllr:Update():fmllr-diag-gmm.cc:162) Not updating fMLLR since below min-count: count is 186
LOG (gmm-est-fmllr:main():gmm-est-fmllr.cc:143) For speaker train_S9_6_2_16, auxf-impr from fMLLR is 0, over 186 frames.
WARNING (gmm-est-fmllr:Update():fmllr-diag-gmm.cc:162) Not updating fMLLR since below min-count: count is 165
LOG (gmm-est-fmllr:main():gmm-est-fmllr.cc:143) For speaker train_S9_6_2_18, auxf-impr from fMLLR is 0, over 165 frames.
WARNING (gmm-est-fmllr:Update():fmllr-diag-gmm.cc:162) Not updating fMLLR since below min-count: count is 178
LOG (gmm-est-fmllr:main():gmm-est-fmllr.cc:143) For speaker train_S9_6_2_20, auxf-impr from fMLLR is 0, over 178 frames.
WARNING (gmm-est-fmllr:Update():fmllr-diag-gmm.cc:162) Not updating fMLLR since below min-count: count is 185
LOG (gmm-est-fmllr:main():gmm-est-fmllr.cc:143) For speaker train_S9_6_3_12, auxf-impr from fMLLR is 0, over 185 frames.
WARNING (gmm-est-fmllr:Update():fmllr-diag-gmm.cc:162) Not updating fMLLR since below min-count: count is 183
LOG (gmm-est-fmllr:main():gmm-est-fmllr.cc:143) For speaker train_S9_6_3_14, auxf-impr from fMLLR is 0, over 183 frames.
WARNING (gmm-est-fmllr:Update():fmllr-diag-gmm.cc:162) Not updating fMLLR since below min-count: count is 186
LOG (gmm-est-fmllr:main():gmm-est-fmllr.cc:143) For speaker train_S9_6_3_16, auxf-impr from fMLLR is 0, over 186 frames.
WARNING (gmm-est-fmllr:Update():fmllr-diag-gmm.cc:162) Not updating fMLLR since below min-count: count is 165
LOG (gmm-est-fmllr:main():gmm-est-fmllr.cc:143) For speaker train_S9_6_3_18, auxf-impr from fMLLR is 0, over 165 frames.
WARNING (gmm-est-fmllr:Update():fmllr-diag-gmm.cc:162) Not updating fMLLR since below min-count: count is 178
LOG (gmm-est-fmllr:main():gmm-est-fmllr.cc:143) For speaker train_S9_6_3_20, auxf-impr from fMLLR is 0, over 178 frames.
WARNING (gmm-est-fmllr:Update():fmllr-diag-gmm.cc:162) Not updating fMLLR since below min-count: count is 186
LOG (gmm-est-fmllr:main():gmm-est-fmllr.cc:143) For speaker train_S9_6_4_12, auxf-impr from fMLLR is 0, over 186 frames.
WARNING (gmm-est-fmllr:Update():fmllr-diag-gmm.cc:162) Not updating fMLLR since below min-count: count is 183
LOG (gmm-est-fmllr:main():gmm-est-fmllr.cc:143) For speaker train_S9_6_4_14, auxf-impr from fMLLR is 0, over 183 frames.
WARNING (gmm-est-fmllr:Update():fmllr-diag-gmm.cc:162) Not updating fMLLR since below min-count: count is 186
LOG (gmm-est-fmllr:main():gmm-est-fmllr.cc:143) For speaker train_S9_6_4_16, auxf-impr from fMLLR is 0, over 186 frames.
WARNING (gmm-est-fmllr:Update():fmllr-diag-gmm.cc:162) Not updating fMLLR since below min-count: count is 165
LOG (gmm-est-fmllr:main():gmm-est-fmllr.cc:143) For speaker train_S9_6_4_18, auxf-impr from fMLLR is 0, over 165 frames.
WARNING (gmm-est-fmllr:Update():fmllr-diag-gmm.cc:162) Not updating fMLLR since below min-count: count is 178
LOG (gmm-est-fmllr:main():gmm-est-fmllr.cc:143) For speaker train_S9_6_4_20, auxf-impr from fMLLR is 0, over 178 frames.
WARNING (gmm-est-fmllr:Update():fmllr-diag-gmm.cc:162) Not updating fMLLR since below min-count: count is 185
LOG (gmm-est-fmllr:main():gmm-est-fmllr.cc:143) For speaker train_S9_6_5_12, auxf-impr from fMLLR is 0, over 185 frames.
WARNING (gmm-est-fmllr:Update():fmllr-diag-gmm.cc:162) Not updating fMLLR since below min-count: count is 182
LOG (gmm-est-fmllr:main():gmm-est-fmllr.cc:143) For speaker train_S9_6_5_14, auxf-impr from fMLLR is 0, over 182 frames.
WARNING (gmm-est-fmllr:Update():fmllr-diag-gmm.cc:162) Not updating fMLLR since below min-count: count is 186
LOG (gmm-est-fmllr:main():gmm-est-fmllr.cc:143) For speaker train_S9_6_5_16, auxf-impr from fMLLR is 0, over 186 frames.
WARNING (gmm-est-fmllr:Update():fmllr-diag-gmm.cc:162) Not updating fMLLR since below min-count: count is 165
LOG (gmm-est-fmllr:main():gmm-est-fmllr.cc:143) For speaker train_S9_6_5_18, auxf-impr from fMLLR is 0, over 165 frames.
WARNING (gmm-est-fmllr:Update():fmllr-diag-gmm.cc:162) Not updating fMLLR since below min-count: count is 178
LOG (gmm-est-fmllr:main():gmm-est-fmllr.cc:143) For speaker train_S9_6_5_20, auxf-impr from fMLLR is 0, over 178 frames.
WARNING (gmm-est-fmllr:Update():fmllr-diag-gmm.cc:162) Not updating fMLLR since below min-count: count is 185
LOG (gmm-est-fmllr:main():gmm-est-fmllr.cc:143) For speaker train_S9_6_6_12, auxf-impr from fMLLR is 0, over 185 frames.
WARNING (gmm-est-fmllr:Update():fmllr-diag-gmm.cc:162) Not updating fMLLR since below min-count: count is 182
LOG (gmm-est-fmllr:main():gmm-est-fmllr.cc:143) For speaker train_S9_6_6_14, auxf-impr from fMLLR is 0, over 182 frames.
WARNING (gmm-est-fmllr:Update():fmllr-diag-gmm.cc:162) Not updating fMLLR since below min-count: count is 186
LOG (gmm-est-fmllr:main():gmm-est-fmllr.cc:143) For speaker train_S9_6_6_16, auxf-impr from fMLLR is 0, over 186 frames.
WARNING (gmm-est-fmllr:Update():fmllr-diag-gmm.cc:162) Not updating fMLLR since below min-count: count is 165
LOG (gmm-est-fmllr:main():gmm-est-fmllr.cc:143) For speaker train_S9_6_6_18, auxf-impr from fMLLR is 0, over 165 frames.
WARNING (gmm-est-fmllr:Update():fmllr-diag-gmm.cc:162) Not updating fMLLR since below min-count: count is 178
LOG (gmm-est-fmllr:main():gmm-est-fmllr.cc:143) For speaker train_S9_6_6_20, auxf-impr from fMLLR is 0, over 178 frames.
WARNING (gmm-est-fmllr:Update():fmllr-diag-gmm.cc:162) Not updating fMLLR since below min-count: count is 185
LOG (gmm-est-fmllr:main():gmm-est-fmllr.cc:143) For speaker train_S9_6_7_12, auxf-impr from fMLLR is 0, over 185 frames.
WARNING (gmm-est-fmllr:Update():fmllr-diag-gmm.cc:162) Not updating fMLLR since below min-count: count is 182
LOG (gmm-est-fmllr:main():gmm-est-fmllr.cc:143) For speaker train_S9_6_7_14, auxf-impr from fMLLR is 0, over 182 frames.
WARNING (gmm-est-fmllr:Update():fmllr-diag-gmm.cc:162) Not updating fMLLR since below min-count: count is 185
LOG (gmm-est-fmllr:main():gmm-est-fmllr.cc:143) For speaker train_S9_6_7_16, auxf-impr from fMLLR is 0, over 185 frames.
WARNING (gmm-est-fmllr:Update():fmllr-diag-gmm.cc:162) Not updating fMLLR since below min-count: count is 165
LOG (gmm-est-fmllr:main():gmm-est-fmllr.cc:143) For speaker train_S9_6_7_18, auxf-impr from fMLLR is 0, over 165 frames.
WARNING (gmm-est-fmllr:Update():fmllr-diag-gmm.cc:162) Not updating fMLLR since below min-count: count is 178
LOG (gmm-est-fmllr:main():gmm-est-fmllr.cc:143) For speaker train_S9_6_7_20, auxf-impr from fMLLR is 0, over 178 frames.
WARNING (gmm-est-fmllr:Update():fmllr-diag-gmm.cc:162) Not updating fMLLR since below min-count: count is 173
LOG (gmm-est-fmllr:main():gmm-est-fmllr.cc:143) For speaker train_S9_7_1_12, auxf-impr from fMLLR is 0, over 173 frames.
WARNING (gmm-est-fmllr:Update():fmllr-diag-gmm.cc:162) Not updating fMLLR since below min-count: count is 170
LOG (gmm-est-fmllr:main():gmm-est-fmllr.cc:143) For speaker train_S9_7_1_14, auxf-impr from fMLLR is 0, over 170 frames.
WARNING (gmm-est-fmllr:Update():fmllr-diag-gmm.cc:162) Not updating fMLLR since below min-count: count is 173
LOG (gmm-est-fmllr:main():gmm-est-fmllr.cc:143) For speaker train_S9_7_1_16, auxf-impr from fMLLR is 0, over 173 frames.
WARNING (gmm-est-fmllr:Update():fmllr-diag-gmm.cc:162) Not updating fMLLR since below min-count: count is 153
LOG (gmm-est-fmllr:main():gmm-est-fmllr.cc:143) For speaker train_S9_7_1_18, auxf-impr from fMLLR is 0, over 153 frames.
WARNING (gmm-est-fmllr:Update():fmllr-diag-gmm.cc:162) Not updating fMLLR since below min-count: count is 165
LOG (gmm-est-fmllr:main():gmm-est-fmllr.cc:143) For speaker train_S9_7_1_20, auxf-impr from fMLLR is 0, over 165 frames.
WARNING (gmm-est-fmllr:Update():fmllr-diag-gmm.cc:162) Not updating fMLLR since below min-count: count is 173
LOG (gmm-est-fmllr:main():gmm-est-fmllr.cc:143) For speaker train_S9_7_2_12, auxf-impr from fMLLR is 0, over 173 frames.
WARNING (gmm-est-fmllr:Update():fmllr-diag-gmm.cc:162) Not updating fMLLR since below min-count: count is 170
LOG (gmm-est-fmllr:main():gmm-est-fmllr.cc:143) For speaker train_S9_7_2_14, auxf-impr from fMLLR is 0, over 170 frames.
WARNING (gmm-est-fmllr:Update():fmllr-diag-gmm.cc:162) Not updating fMLLR since below min-count: count is 173
LOG (gmm-est-fmllr:main():gmm-est-fmllr.cc:143) For speaker train_S9_7_2_16, auxf-impr from fMLLR is 0, over 173 frames.
WARNING (gmm-est-fmllr:Update():fmllr-diag-gmm.cc:162) Not updating fMLLR since below min-count: count is 153
LOG (gmm-est-fmllr:main():gmm-est-fmllr.cc:143) For speaker train_S9_7_2_18, auxf-impr from fMLLR is 0, over 153 frames.
WARNING (gmm-est-fmllr:Update():fmllr-diag-gmm.cc:162) Not updating fMLLR since below min-count: count is 165
LOG (gmm-est-fmllr:main():gmm-est-fmllr.cc:143) For speaker train_S9_7_2_20, auxf-impr from fMLLR is 0, over 165 frames.
WARNING (gmm-est-fmllr:Update():fmllr-diag-gmm.cc:162) Not updating fMLLR since below min-count: count is 173
LOG (gmm-est-fmllr:main():gmm-est-fmllr.cc:143) For speaker train_S9_7_3_12, auxf-impr from fMLLR is 0, over 173 frames.
WARNING (gmm-est-fmllr:Update():fmllr-diag-gmm.cc:162) Not updating fMLLR since below min-count: count is 170
LOG (gmm-est-fmllr:main():gmm-est-fmllr.cc:143) For speaker train_S9_7_3_14, auxf-impr from fMLLR is 0, over 170 frames.
WARNING (gmm-est-fmllr:Update():fmllr-diag-gmm.cc:162) Not updating fMLLR since below min-count: count is 173
LOG (gmm-est-fmllr:main():gmm-est-fmllr.cc:143) For speaker train_S9_7_3_16, auxf-impr from fMLLR is 0, over 173 frames.
WARNING (gmm-est-fmllr:Update():fmllr-diag-gmm.cc:162) Not updating fMLLR since below min-count: count is 153
LOG (gmm-est-fmllr:main():gmm-est-fmllr.cc:143) For speaker train_S9_7_3_18, auxf-impr from fMLLR is 0, over 153 frames.
WARNING (gmm-est-fmllr:Update():fmllr-diag-gmm.cc:162) Not updating fMLLR since below min-count: count is 165
LOG (gmm-est-fmllr:main():gmm-est-fmllr.cc:143) For speaker train_S9_7_3_20, auxf-impr from fMLLR is 0, over 165 frames.
WARNING (gmm-est-fmllr:Update():fmllr-diag-gmm.cc:162) Not updating fMLLR since below min-count: count is 173
LOG (gmm-est-fmllr:main():gmm-est-fmllr.cc:143) For speaker train_S9_7_4_12, auxf-impr from fMLLR is 0, over 173 frames.
WARNING (gmm-est-fmllr:Update():fmllr-diag-gmm.cc:162) Not updating fMLLR since below min-count: count is 170
LOG (gmm-est-fmllr:main():gmm-est-fmllr.cc:143) For speaker train_S9_7_4_14, auxf-impr from fMLLR is 0, over 170 frames.
WARNING (gmm-est-fmllr:Update():fmllr-diag-gmm.cc:162) Not updating fMLLR since below min-count: count is 173
LOG (gmm-est-fmllr:main():gmm-est-fmllr.cc:143) For speaker train_S9_7_4_16, auxf-impr from fMLLR is 0, over 173 frames.
WARNING (gmm-est-fmllr:Update():fmllr-diag-gmm.cc:162) Not updating fMLLR since below min-count: count is 153
LOG (gmm-est-fmllr:main():gmm-est-fmllr.cc:143) For speaker train_S9_7_4_18, auxf-impr from fMLLR is 0, over 153 frames.
WARNING (gmm-est-fmllr:Update():fmllr-diag-gmm.cc:162) Not updating fMLLR since below min-count: count is 165
LOG (gmm-est-fmllr:main():gmm-est-fmllr.cc:143) For speaker train_S9_7_4_20, auxf-impr from fMLLR is 0, over 165 frames.
WARNING (gmm-est-fmllr:Update():fmllr-diag-gmm.cc:162) Not updating fMLLR since below min-count: count is 173
LOG (gmm-est-fmllr:main():gmm-est-fmllr.cc:143) For speaker train_S9_7_5_12, auxf-impr from fMLLR is 0, over 173 frames.
WARNING (gmm-est-fmllr:Update():fmllr-diag-gmm.cc:162) Not updating fMLLR since below min-count: count is 170
LOG (gmm-est-fmllr:main():gmm-est-fmllr.cc:143) For speaker train_S9_7_5_14, auxf-impr from fMLLR is 0, over 170 frames.
WARNING (gmm-est-fmllr:Update():fmllr-diag-gmm.cc:162) Not updating fMLLR since below min-count: count is 173
LOG (gmm-est-fmllr:main():gmm-est-fmllr.cc:143) For speaker train_S9_7_5_16, auxf-impr from fMLLR is 0, over 173 frames.
WARNING (gmm-est-fmllr:Update():fmllr-diag-gmm.cc:162) Not updating fMLLR since below min-count: count is 153
LOG (gmm-est-fmllr:main():gmm-est-fmllr.cc:143) For speaker train_S9_7_5_18, auxf-impr from fMLLR is 0, over 153 frames.
WARNING (gmm-est-fmllr:Update():fmllr-diag-gmm.cc:162) Not updating fMLLR since below min-count: count is 165
LOG (gmm-est-fmllr:main():gmm-est-fmllr.cc:143) For speaker train_S9_7_5_20, auxf-impr from fMLLR is 0, over 165 frames.
WARNING (gmm-est-fmllr:Update():fmllr-diag-gmm.cc:162) Not updating fMLLR since below min-count: count is 173
LOG (gmm-est-fmllr:main():gmm-est-fmllr.cc:143) For speaker train_S9_7_6_12, auxf-impr from fMLLR is 0, over 173 frames.
WARNING (gmm-est-fmllr:Update():fmllr-diag-gmm.cc:162) Not updating fMLLR since below min-count: count is 170
LOG (gmm-est-fmllr:main():gmm-est-fmllr.cc:143) For speaker train_S9_7_6_14, auxf-impr from fMLLR is 0, over 170 frames.
WARNING (gmm-est-fmllr:Update():fmllr-diag-gmm.cc:162) Not updating fMLLR since below min-count: count is 173
LOG (gmm-est-fmllr:main():gmm-est-fmllr.cc:143) For speaker train_S9_7_6_16, auxf-impr from fMLLR is 0, over 173 frames.
WARNING (gmm-est-fmllr:Update():fmllr-diag-gmm.cc:162) Not updating fMLLR since below min-count: count is 153
LOG (gmm-est-fmllr:main():gmm-est-fmllr.cc:143) For speaker train_S9_7_6_18, auxf-impr from fMLLR is 0, over 153 frames.
WARNING (gmm-est-fmllr:Update():fmllr-diag-gmm.cc:162) Not updating fMLLR since below min-count: count is 165
LOG (gmm-est-fmllr:main():gmm-est-fmllr.cc:143) For speaker train_S9_7_6_20, auxf-impr from fMLLR is 0, over 165 frames.
WARNING (gmm-est-fmllr:Update():fmllr-diag-gmm.cc:162) Not updating fMLLR since below min-count: count is 173
LOG (gmm-est-fmllr:main():gmm-est-fmllr.cc:143) For speaker train_S9_7_7_12, auxf-impr from fMLLR is 0, over 173 frames.
WARNING (gmm-est-fmllr:Update():fmllr-diag-gmm.cc:162) Not updating fMLLR since below min-count: count is 170
LOG (gmm-est-fmllr:main():gmm-est-fmllr.cc:143) For speaker train_S9_7_7_14, auxf-impr from fMLLR is 0, over 170 frames.
WARNING (gmm-est-fmllr:Update():fmllr-diag-gmm.cc:162) Not updating fMLLR since below min-count: count is 173
LOG (gmm-est-fmllr:main():gmm-est-fmllr.cc:143) For speaker train_S9_7_7_16, auxf-impr from fMLLR is 0, over 173 frames.
WARNING (gmm-est-fmllr:Update():fmllr-diag-gmm.cc:162) Not updating fMLLR since below min-count: count is 153
LOG (gmm-est-fmllr:main():gmm-est-fmllr.cc:143) For speaker train_S9_7_7_18, auxf-impr from fMLLR is 0, over 153 frames.
WARNING (gmm-est-fmllr:Update():fmllr-diag-gmm.cc:162) Not updating fMLLR since below min-count: count is 165
LOG (gmm-est-fmllr:main():gmm-est-fmllr.cc:143) For speaker train_S9_7_7_20, auxf-impr from fMLLR is 0, over 165 frames.
WARNING (gmm-est-fmllr:Update():fmllr-diag-gmm.cc:162) Not updating fMLLR since below min-count: count is 173
LOG (gmm-est-fmllr:main():gmm-est-fmllr.cc:143) For speaker train_S9_8_1_12, auxf-impr from fMLLR is 0, over 173 frames.
WARNING (gmm-est-fmllr:Update():fmllr-diag-gmm.cc:162) Not updating fMLLR since below min-count: count is 170
LOG (gmm-est-fmllr:main():gmm-est-fmllr.cc:143) For speaker train_S9_8_1_14, auxf-impr from fMLLR is 0, over 170 frames.
WARNING (gmm-est-fmllr:Update():fmllr-diag-gmm.cc:162) Not updating fMLLR since below min-count: count is 174
LOG (gmm-est-fmllr:main():gmm-est-fmllr.cc:143) For speaker train_S9_8_1_16, auxf-impr from fMLLR is 0, over 174 frames.
WARNING (gmm-est-fmllr:Update():fmllr-diag-gmm.cc:162) Not updating fMLLR since below min-count: count is 155
LOG (gmm-est-fmllr:main():gmm-est-fmllr.cc:143) For speaker train_S9_8_1_18, auxf-impr from fMLLR is 0, over 155 frames.
WARNING (gmm-est-fmllr:Update():fmllr-diag-gmm.cc:162) Not updating fMLLR since below min-count: count is 166
LOG (gmm-est-fmllr:main():gmm-est-fmllr.cc:143) For speaker train_S9_8_1_20, auxf-impr from fMLLR is 0, over 166 frames.
WARNING (gmm-est-fmllr:Update():fmllr-diag-gmm.cc:162) Not updating fMLLR since below min-count: count is 174
LOG (gmm-est-fmllr:main():gmm-est-fmllr.cc:143) For speaker train_S9_8_2_12, auxf-impr from fMLLR is 0, over 174 frames.
WARNING (gmm-est-fmllr:Update():fmllr-diag-gmm.cc:162) Not updating fMLLR since below min-count: count is 170
LOG (gmm-est-fmllr:main():gmm-est-fmllr.cc:143) For speaker train_S9_8_2_14, auxf-impr from fMLLR is 0, over 170 frames.
WARNING (gmm-est-fmllr:Update():fmllr-diag-gmm.cc:162) Not updating fMLLR since below min-count: count is 174
LOG (gmm-est-fmllr:main():gmm-est-fmllr.cc:143) For speaker train_S9_8_2_16, auxf-impr from fMLLR is 0, over 174 frames.
WARNING (gmm-est-fmllr:Update():fmllr-diag-gmm.cc:162) Not updating fMLLR since below min-count: count is 155
LOG (gmm-est-fmllr:main():gmm-est-fmllr.cc:143) For speaker train_S9_8_2_18, auxf-impr from fMLLR is 0, over 155 frames.
WARNING (gmm-est-fmllr:Update():fmllr-diag-gmm.cc:162) Not updating fMLLR since below min-count: count is 166
LOG (gmm-est-fmllr:main():gmm-est-fmllr.cc:143) For speaker train_S9_8_2_20, auxf-impr from fMLLR is 0, over 166 frames.
WARNING (gmm-est-fmllr:Update():fmllr-diag-gmm.cc:162) Not updating fMLLR since below min-count: count is 173
LOG (gmm-est-fmllr:main():gmm-est-fmllr.cc:143) For speaker train_S9_8_3_12, auxf-impr from fMLLR is 0, over 173 frames.
WARNING (gmm-est-fmllr:Update():fmllr-diag-gmm.cc:162) Not updating fMLLR since below min-count: count is 170
LOG (gmm-est-fmllr:main():gmm-est-fmllr.cc:143) For speaker train_S9_8_3_14, auxf-impr from fMLLR is 0, over 170 frames.
WARNING (gmm-est-fmllr:Update():fmllr-diag-gmm.cc:162) Not updating fMLLR since below min-count: count is 174
LOG (gmm-est-fmllr:main():gmm-est-fmllr.cc:143) For speaker train_S9_8_3_16, auxf-impr from fMLLR is 0, over 174 frames.
WARNING (gmm-est-fmllr:Update():fmllr-diag-gmm.cc:162) Not updating fMLLR since below min-count: count is 155
LOG (gmm-est-fmllr:main():gmm-est-fmllr.cc:143) For speaker train_S9_8_3_18, auxf-impr from fMLLR is 0, over 155 frames.
WARNING (gmm-est-fmllr:Update():fmllr-diag-gmm.cc:162) Not updating fMLLR since below min-count: count is 166
LOG (gmm-est-fmllr:main():gmm-est-fmllr.cc:143) For speaker train_S9_8_3_20, auxf-impr from fMLLR is 0, over 166 frames.
WARNING (gmm-est-fmllr:Update():fmllr-diag-gmm.cc:162) Not updating fMLLR since below min-count: count is 173
LOG (gmm-est-fmllr:main():gmm-est-fmllr.cc:143) For speaker train_S9_8_4_12, auxf-impr from fMLLR is 0, over 173 frames.
WARNING (gmm-est-fmllr:Update():fmllr-diag-gmm.cc:162) Not updating fMLLR since below min-count: count is 170
LOG (gmm-est-fmllr:main():gmm-est-fmllr.cc:143) For speaker train_S9_8_4_14, auxf-impr from fMLLR is 0, over 170 frames.
WARNING (gmm-est-fmllr:Update():fmllr-diag-gmm.cc:162) Not updating fMLLR since below min-count: count is 175
LOG (gmm-est-fmllr:main():gmm-est-fmllr.cc:143) For speaker train_S9_8_4_16, auxf-impr from fMLLR is 0, over 175 frames.
WARNING (gmm-est-fmllr:Update():fmllr-diag-gmm.cc:162) Not updating fMLLR since below min-count: count is 155
LOG (gmm-est-fmllr:main():gmm-est-fmllr.cc:143) For speaker train_S9_8_4_18, auxf-impr from fMLLR is 0, over 155 frames.
WARNING (gmm-est-fmllr:Update():fmllr-diag-gmm.cc:162) Not updating fMLLR since below min-count: count is 166
LOG (gmm-est-fmllr:main():gmm-est-fmllr.cc:143) For speaker train_S9_8_4_20, auxf-impr from fMLLR is 0, over 166 frames.
WARNING (gmm-est-fmllr:Update():fmllr-diag-gmm.cc:162) Not updating fMLLR since below min-count: count is 173
LOG (gmm-est-fmllr:main():gmm-est-fmllr.cc:143) For speaker train_S9_8_5_12, auxf-impr from fMLLR is 0, over 173 frames.
WARNING (gmm-est-fmllr:Update():fmllr-diag-gmm.cc:162) Not updating fMLLR since below min-count: count is 170
LOG (gmm-est-fmllr:main():gmm-est-fmllr.cc:143) For speaker train_S9_8_5_14, auxf-impr from fMLLR is 0, over 170 frames.
WARNING (gmm-est-fmllr:Update():fmllr-diag-gmm.cc:162) Not updating fMLLR since below min-count: count is 174
LOG (gmm-est-fmllr:main():gmm-est-fmllr.cc:143) For speaker train_S9_8_5_16, auxf-impr from fMLLR is 0, over 174 frames.
WARNING (gmm-est-fmllr:Update():fmllr-diag-gmm.cc:162) Not updating fMLLR since below min-count: count is 155
LOG (gmm-est-fmllr:main():gmm-est-fmllr.cc:143) For speaker train_S9_8_5_18, auxf-impr from fMLLR is 0, over 155 frames.
WARNING (gmm-est-fmllr:Update():fmllr-diag-gmm.cc:162) Not updating fMLLR since below min-count: count is 166
LOG (gmm-est-fmllr:main():gmm-est-fmllr.cc:143) For speaker train_S9_8_5_20, auxf-impr from fMLLR is 0, over 166 frames.
WARNING (gmm-est-fmllr:Update():fmllr-diag-gmm.cc:162) Not updating fMLLR since below min-count: count is 173
LOG (gmm-est-fmllr:main():gmm-est-fmllr.cc:143) For speaker train_S9_8_6_12, auxf-impr from fMLLR is 0, over 173 frames.
WARNING (gmm-est-fmllr:Update():fmllr-diag-gmm.cc:162) Not updating fMLLR since below min-count: count is 170
LOG (gmm-est-fmllr:main():gmm-est-fmllr.cc:143) For speaker train_S9_8_6_14, auxf-impr from fMLLR is 0, over 170 frames.
WARNING (gmm-est-fmllr:Update():fmllr-diag-gmm.cc:162) Not updating fMLLR since below min-count: count is 175
LOG (gmm-est-fmllr:main():gmm-est-fmllr.cc:143) For speaker train_S9_8_6_16, auxf-impr from fMLLR is 0, over 175 frames.
LOG (ali-to-post:main():ali-to-post.cc:65) Converted 241 alignments.
WARNING (gmm-est-fmllr:Update():fmllr-diag-gmm.cc:162) Not updating fMLLR since below min-count: count is 155
LOG (gmm-est-fmllr:main():gmm-est-fmllr.cc:143) For speaker train_S9_8_6_18, auxf-impr from fMLLR is 0, over 155 frames.
WARNING (gmm-est-fmllr:Update():fmllr-diag-gmm.cc:162) Not updating fMLLR since below min-count: count is 166
LOG (gmm-est-fmllr:main():gmm-est-fmllr.cc:143) For speaker train_S9_8_6_20, auxf-impr from fMLLR is 0, over 166 frames.
WARNING (gmm-est-fmllr:Update():fmllr-diag-gmm.cc:162) Not updating fMLLR since below min-count: count is 173
LOG (gmm-est-fmllr:main():gmm-est-fmllr.cc:143) For speaker train_S9_8_7_12, auxf-impr from fMLLR is 0, over 173 frames.
WARNING (gmm-est-fmllr:Update():fmllr-diag-gmm.cc:162) Not updating fMLLR since below min-count: count is 170
LOG (gmm-est-fmllr:main():gmm-est-fmllr.cc:143) For speaker train_S9_8_7_14, auxf-impr from fMLLR is 0, over 170 frames.
WARNING (gmm-est-fmllr:Update():fmllr-diag-gmm.cc:162) Not updating fMLLR since below min-count: count is 174
LOG (gmm-est-fmllr:main():gmm-est-fmllr.cc:143) For speaker train_S9_8_7_16, auxf-impr from fMLLR is 0, over 174 frames.
WARNING (gmm-est-fmllr:Update():fmllr-diag-gmm.cc:162) Not updating fMLLR since below min-count: count is 154
LOG (gmm-est-fmllr:main():gmm-est-fmllr.cc:143) For speaker train_S9_8_7_18, auxf-impr from fMLLR is 0, over 154 frames.
WARNING (gmm-est-fmllr:Update():fmllr-diag-gmm.cc:162) Not updating fMLLR since below min-count: count is 166
LOG (gmm-est-fmllr:main():gmm-est-fmllr.cc:143) For speaker train_S9_8_7_20, auxf-impr from fMLLR is 0, over 166 frames.
WARNING (gmm-est-fmllr:Update():fmllr-diag-gmm.cc:162) Not updating fMLLR since below min-count: count is 171
LOG (gmm-est-fmllr:main():gmm-est-fmllr.cc:143) For speaker train_S9_9_1_12, auxf-impr from fMLLR is 0, over 171 frames.
WARNING (gmm-est-fmllr:Update():fmllr-diag-gmm.cc:162) Not updating fMLLR since below min-count: count is 167
LOG (gmm-est-fmllr:main():gmm-est-fmllr.cc:143) For speaker train_S9_9_1_14, auxf-impr from fMLLR is 0, over 167 frames.
WARNING (gmm-est-fmllr:Update():fmllr-diag-gmm.cc:162) Not updating fMLLR since below min-count: count is 170
LOG (gmm-est-fmllr:main():gmm-est-fmllr.cc:143) For speaker train_S9_9_1_16, auxf-impr from fMLLR is 0, over 170 frames.
WARNING (gmm-est-fmllr:Update():fmllr-diag-gmm.cc:162) Not updating fMLLR since below min-count: count is 152
LOG (gmm-est-fmllr:main():gmm-est-fmllr.cc:143) For speaker train_S9_9_1_18, auxf-impr from fMLLR is 0, over 152 frames.
WARNING (gmm-est-fmllr:Update():fmllr-diag-gmm.cc:162) Not updating fMLLR since below min-count: count is 163
LOG (gmm-est-fmllr:main():gmm-est-fmllr.cc:143) For speaker train_S9_9_1_20, auxf-impr from fMLLR is 0, over 163 frames.
WARNING (gmm-est-fmllr:Update():fmllr-diag-gmm.cc:162) Not updating fMLLR since below min-count: count is 171
LOG (gmm-est-fmllr:main():gmm-est-fmllr.cc:143) For speaker train_S9_9_2_12, auxf-impr from fMLLR is 0, over 171 frames.
WARNING (gmm-est-fmllr:Update():fmllr-diag-gmm.cc:162) Not updating fMLLR since below min-count: count is 167
LOG (gmm-est-fmllr:main():gmm-est-fmllr.cc:143) For speaker train_S9_9_2_14, auxf-impr from fMLLR is 0, over 167 frames.
WARNING (gmm-est-fmllr:Update():fmllr-diag-gmm.cc:162) Not updating fMLLR since below min-count: count is 170
LOG (gmm-est-fmllr:main():gmm-est-fmllr.cc:143) For speaker train_S9_9_2_16, auxf-impr from fMLLR is 0, over 170 frames.
WARNING (gmm-est-fmllr:Update():fmllr-diag-gmm.cc:162) Not updating fMLLR since below min-count: count is 152
LOG (gmm-est-fmllr:main():gmm-est-fmllr.cc:143) For speaker train_S9_9_2_18, auxf-impr from fMLLR is 0, over 152 frames.
WARNING (gmm-est-fmllr:Update():fmllr-diag-gmm.cc:162) Not updating fMLLR since below min-count: count is 163
LOG (gmm-est-fmllr:main():gmm-est-fmllr.cc:143) For speaker train_S9_9_2_20, auxf-impr from fMLLR is 0, over 163 frames.
WARNING (gmm-est-fmllr:Update():fmllr-diag-gmm.cc:162) Not updating fMLLR since below min-count: count is 171
LOG (gmm-est-fmllr:main():gmm-est-fmllr.cc:143) For speaker train_S9_9_3_12, auxf-impr from fMLLR is 0, over 171 frames.
WARNING (gmm-est-fmllr:Update():fmllr-diag-gmm.cc:162) Not updating fMLLR since below min-count: count is 167
LOG (gmm-est-fmllr:main():gmm-est-fmllr.cc:143) For speaker train_S9_9_3_14, auxf-impr from fMLLR is 0, over 167 frames.
WARNING (gmm-est-fmllr:Update():fmllr-diag-gmm.cc:162) Not updating fMLLR since below min-count: count is 170
LOG (gmm-est-fmllr:main():gmm-est-fmllr.cc:143) For speaker train_S9_9_3_16, auxf-impr from fMLLR is 0, over 170 frames.
WARNING (gmm-est-fmllr:Update():fmllr-diag-gmm.cc:162) Not updating fMLLR since below min-count: count is 152
LOG (gmm-est-fmllr:main():gmm-est-fmllr.cc:143) For speaker train_S9_9_3_18, auxf-impr from fMLLR is 0, over 152 frames.
WARNING (gmm-est-fmllr:Update():fmllr-diag-gmm.cc:162) Not updating fMLLR since below min-count: count is 163
LOG (gmm-est-fmllr:main():gmm-est-fmllr.cc:143) For speaker train_S9_9_3_20, auxf-impr from fMLLR is 0, over 163 frames.
WARNING (gmm-est-fmllr:Update():fmllr-diag-gmm.cc:162) Not updating fMLLR since below min-count: count is 171
LOG (gmm-est-fmllr:main():gmm-est-fmllr.cc:143) For speaker train_S9_9_4_12, auxf-impr from fMLLR is 0, over 171 frames.
WARNING (gmm-est-fmllr:Update():fmllr-diag-gmm.cc:162) Not updating fMLLR since below min-count: count is 167
LOG (gmm-est-fmllr:main():gmm-est-fmllr.cc:143) For speaker train_S9_9_4_14, auxf-impr from fMLLR is 0, over 167 frames.
LOG (weight-silence-post:main():weight-silence-post.cc:95) Done 241 posteriors.
WARNING (gmm-est-fmllr:Update():fmllr-diag-gmm.cc:162) Not updating fMLLR since below min-count: count is 170
LOG (gmm-est-fmllr:main():gmm-est-fmllr.cc:143) For speaker train_S9_9_4_16, auxf-impr from fMLLR is 0, over 170 frames.
WARNING (gmm-est-fmllr:Update():fmllr-diag-gmm.cc:162) Not updating fMLLR since below min-count: count is 152
LOG (gmm-est-fmllr:main():gmm-est-fmllr.cc:143) For speaker train_S9_9_4_18, auxf-impr from fMLLR is 0, over 152 frames.
WARNING (gmm-est-fmllr:Update():fmllr-diag-gmm.cc:162) Not updating fMLLR since below min-count: count is 163
LOG (gmm-est-fmllr:main():gmm-est-fmllr.cc:143) For speaker train_S9_9_4_20, auxf-impr from fMLLR is 0, over 163 frames.
WARNING (gmm-est-fmllr:Update():fmllr-diag-gmm.cc:162) Not updating fMLLR since below min-count: count is 171
LOG (gmm-est-fmllr:main():gmm-est-fmllr.cc:143) For speaker train_S9_9_5_12, auxf-impr from fMLLR is 0, over 171 frames.
LOG (apply-cmvn:main():apply-cmvn.cc:146) Applied cepstral mean normalization to 241 utterances, errors on 0
WARNING (gmm-est-fmllr:Update():fmllr-diag-gmm.cc:162) Not updating fMLLR since below min-count: count is 167
LOG (gmm-est-fmllr:main():gmm-est-fmllr.cc:143) For speaker train_S9_9_5_14, auxf-impr from fMLLR is 0, over 167 frames.
WARNING (gmm-est-fmllr:Update():fmllr-diag-gmm.cc:162) Not updating fMLLR since below min-count: count is 170
LOG (gmm-est-fmllr:main():gmm-est-fmllr.cc:143) For speaker train_S9_9_5_16, auxf-impr from fMLLR is 0, over 170 frames.
WARNING (gmm-est-fmllr:Update():fmllr-diag-gmm.cc:162) Not updating fMLLR since below min-count: count is 152
LOG (gmm-est-fmllr:main():gmm-est-fmllr.cc:143) For speaker train_S9_9_5_18, auxf-impr from fMLLR is 0, over 152 frames.
WARNING (gmm-est-fmllr:Update():fmllr-diag-gmm.cc:162) Not updating fMLLR since below min-count: count is 163
LOG (gmm-est-fmllr:main():gmm-est-fmllr.cc:143) For speaker train_S9_9_5_20, auxf-impr from fMLLR is 0, over 163 frames.
WARNING (gmm-est-fmllr:Update():fmllr-diag-gmm.cc:162) Not updating fMLLR since below min-count: count is 171
LOG (gmm-est-fmllr:main():gmm-est-fmllr.cc:143) For speaker train_S9_9_6_12, auxf-impr from fMLLR is 0, over 171 frames.
WARNING (gmm-est-fmllr:Update():fmllr-diag-gmm.cc:162) Not updating fMLLR since below min-count: count is 167
LOG (gmm-est-fmllr:main():gmm-est-fmllr.cc:143) For speaker train_S9_9_6_14, auxf-impr from fMLLR is 0, over 167 frames.
WARNING (gmm-est-fmllr:Update():fmllr-diag-gmm.cc:162) Not updating fMLLR since below min-count: count is 170
LOG (gmm-est-fmllr:main():gmm-est-fmllr.cc:143) For speaker train_S9_9_6_16, auxf-impr from fMLLR is 0, over 170 frames.
WARNING (gmm-est-fmllr:Update():fmllr-diag-gmm.cc:162) Not updating fMLLR since below min-count: count is 152
LOG (gmm-est-fmllr:main():gmm-est-fmllr.cc:143) For speaker train_S9_9_6_18, auxf-impr from fMLLR is 0, over 152 frames.
WARNING (gmm-est-fmllr:Update():fmllr-diag-gmm.cc:162) Not updating fMLLR since below min-count: count is 163
LOG (gmm-est-fmllr:main():gmm-est-fmllr.cc:143) For speaker train_S9_9_6_20, auxf-impr from fMLLR is 0, over 163 frames.
WARNING (gmm-est-fmllr:Update():fmllr-diag-gmm.cc:162) Not updating fMLLR since below min-count: count is 171
LOG (gmm-est-fmllr:main():gmm-est-fmllr.cc:143) For speaker train_S9_9_7_12, auxf-impr from fMLLR is 0, over 171 frames.
WARNING (gmm-est-fmllr:Update():fmllr-diag-gmm.cc:162) Not updating fMLLR since below min-count: count is 167
LOG (gmm-est-fmllr:main():gmm-est-fmllr.cc:143) For speaker train_S9_9_7_14, auxf-impr from fMLLR is 0, over 167 frames.
LOG (transform-feats:main():transform-feats.cc:158) Overall average logdet is 0 over 56009 frames.
LOG (transform-feats:main():transform-feats.cc:161) Applied transform to 241 utterances; 0 had errors.
WARNING (gmm-est-fmllr:Update():fmllr-diag-gmm.cc:162) Not updating fMLLR since below min-count: count is 170
LOG (gmm-est-fmllr:main():gmm-est-fmllr.cc:143) For speaker train_S9_9_7_16, auxf-impr from fMLLR is 0, over 170 frames.
WARNING (gmm-est-fmllr:Update():fmllr-diag-gmm.cc:162) Not updating fMLLR since below min-count: count is 152
LOG (gmm-est-fmllr:main():gmm-est-fmllr.cc:143) For speaker train_S9_9_7_18, auxf-impr from fMLLR is 0, over 152 frames.
WARNING (gmm-est-fmllr:Update():fmllr-diag-gmm.cc:162) Not updating fMLLR since below min-count: count is 163
LOG (gmm-est-fmllr:main():gmm-est-fmllr.cc:143) For speaker train_S9_9_7_20, auxf-impr from fMLLR is 0, over 163 frames.
LOG (gmm-est-fmllr:main():gmm-est-fmllr.cc:188) Done 241 files, 0 with no posts, 0 with other errors.
LOG (gmm-est-fmllr:main():gmm-est-fmllr.cc:190) Overall fMLLR auxf impr per frame is 0 over 43567 frames.
# Accounting: time=2 threads=1
# Ended (code 0) at Mon Feb 24 09:56:53 IST 2020, elapsed time 2 seconds
