# ali-to-post "ark:gunzip -c exp/mono2/ali.14.gz|" ark:- | weight-silence-post 0.0 1 exp/mono2/2.mdl ark:- ark:- | gmm-est-fmllr --fmllr-update-type=full --spk2utt=ark:data/train/split30/14/spk2utt exp/mono2/2.mdl "ark,s,cs:apply-cmvn  --utt2spk=ark:data/train/split30/14/utt2spk scp:data/train/split30/14/cmvn.scp scp:data/train/split30/14/feats.scp ark:- | add-deltas  ark:- ark:- | transform-feats --utt2spk=ark:data/train/split30/14/utt2spk ark,s,cs:exp/mono2/trans.14 ark:- ark:- |" ark:- ark:exp/mono2/tmp_trans.14 
# Started at Mon Feb 24 09:56:13 IST 2020
#
ali-to-post 'ark:gunzip -c exp/mono2/ali.14.gz|' ark:- 
weight-silence-post 0.0 1 exp/mono2/2.mdl ark:- ark:- 
gmm-est-fmllr --fmllr-update-type=full --spk2utt=ark:data/train/split30/14/spk2utt exp/mono2/2.mdl 'ark,s,cs:apply-cmvn  --utt2spk=ark:data/train/split30/14/utt2spk scp:data/train/split30/14/cmvn.scp scp:data/train/split30/14/feats.scp ark:- | add-deltas  ark:- ark:- | transform-feats --utt2spk=ark:data/train/split30/14/utt2spk ark,s,cs:exp/mono2/trans.14 ark:- ark:- |' ark:- ark:exp/mono2/tmp_trans.14 
add-deltas ark:- ark:- 
apply-cmvn --utt2spk=ark:data/train/split30/14/utt2spk scp:data/train/split30/14/cmvn.scp scp:data/train/split30/14/feats.scp ark:- 
transform-feats --utt2spk=ark:data/train/split30/14/utt2spk ark,s,cs:exp/mono2/trans.14 ark:- ark:- 
WARNING (gmm-est-fmllr:Update():fmllr-diag-gmm.cc:162) Not updating fMLLR since below min-count: count is 144
LOG (gmm-est-fmllr:main():gmm-est-fmllr.cc:143) For speaker train_S19_9_6_12, auxf-impr from fMLLR is 0, over 144 frames.
WARNING (gmm-est-fmllr:Update():fmllr-diag-gmm.cc:162) Not updating fMLLR since below min-count: count is 142
LOG (gmm-est-fmllr:main():gmm-est-fmllr.cc:143) For speaker train_S19_9_6_14, auxf-impr from fMLLR is 0, over 142 frames.
WARNING (gmm-est-fmllr:Update():fmllr-diag-gmm.cc:162) Not updating fMLLR since below min-count: count is 144
LOG (gmm-est-fmllr:main():gmm-est-fmllr.cc:143) For speaker train_S19_9_6_16, auxf-impr from fMLLR is 0, over 144 frames.
WARNING (gmm-est-fmllr:Update():fmllr-diag-gmm.cc:162) Not updating fMLLR since below min-count: count is 128
LOG (gmm-est-fmllr:main():gmm-est-fmllr.cc:143) For speaker train_S19_9_6_18, auxf-impr from fMLLR is 0, over 128 frames.
WARNING (gmm-est-fmllr:Update():fmllr-diag-gmm.cc:162) Not updating fMLLR since below min-count: count is 138
LOG (gmm-est-fmllr:main():gmm-est-fmllr.cc:143) For speaker train_S19_9_6_20, auxf-impr from fMLLR is 0, over 138 frames.
WARNING (gmm-est-fmllr:Update():fmllr-diag-gmm.cc:162) Not updating fMLLR since below min-count: count is 144
LOG (gmm-est-fmllr:main():gmm-est-fmllr.cc:143) For speaker train_S19_9_7_12, auxf-impr from fMLLR is 0, over 144 frames.
WARNING (gmm-est-fmllr:Update():fmllr-diag-gmm.cc:162) Not updating fMLLR since below min-count: count is 142
LOG (gmm-est-fmllr:main():gmm-est-fmllr.cc:143) For speaker train_S19_9_7_14, auxf-impr from fMLLR is 0, over 142 frames.
WARNING (gmm-est-fmllr:Update():fmllr-diag-gmm.cc:162) Not updating fMLLR since below min-count: count is 144
LOG (gmm-est-fmllr:main():gmm-est-fmllr.cc:143) For speaker train_S19_9_7_16, auxf-impr from fMLLR is 0, over 144 frames.
WARNING (gmm-est-fmllr:Update():fmllr-diag-gmm.cc:162) Not updating fMLLR since below min-count: count is 128
LOG (gmm-est-fmllr:main():gmm-est-fmllr.cc:143) For speaker train_S19_9_7_18, auxf-impr from fMLLR is 0, over 128 frames.
WARNING (gmm-est-fmllr:Update():fmllr-diag-gmm.cc:162) Not updating fMLLR since below min-count: count is 138
LOG (gmm-est-fmllr:main():gmm-est-fmllr.cc:143) For speaker train_S19_9_7_20, auxf-impr from fMLLR is 0, over 138 frames.
WARNING (gmm-est-fmllr:Update():fmllr-diag-gmm.cc:162) Not updating fMLLR since below min-count: count is 85
LOG (gmm-est-fmllr:main():gmm-est-fmllr.cc:143) For speaker train_S1_10_1_12, auxf-impr from fMLLR is 0, over 85 frames.
WARNING (gmm-est-fmllr:Update():fmllr-diag-gmm.cc:162) Not updating fMLLR since below min-count: count is 83
LOG (gmm-est-fmllr:main():gmm-est-fmllr.cc:143) For speaker train_S1_10_1_14, auxf-impr from fMLLR is 0, over 83 frames.
WARNING (gmm-est-fmllr:Update():fmllr-diag-gmm.cc:162) Not updating fMLLR since below min-count: count is 86
LOG (gmm-est-fmllr:main():gmm-est-fmllr.cc:143) For speaker train_S1_10_1_16, auxf-impr from fMLLR is 0, over 86 frames.
WARNING (gmm-est-fmllr:Update():fmllr-diag-gmm.cc:162) Not updating fMLLR since below min-count: count is 76
LOG (gmm-est-fmllr:main():gmm-est-fmllr.cc:143) For speaker train_S1_10_1_18, auxf-impr from fMLLR is 0, over 76 frames.
WARNING (gmm-est-fmllr:Update():fmllr-diag-gmm.cc:162) Not updating fMLLR since below min-count: count is 82
LOG (gmm-est-fmllr:main():gmm-est-fmllr.cc:143) For speaker train_S1_10_1_20, auxf-impr from fMLLR is 0, over 82 frames.
WARNING (gmm-est-fmllr:Update():fmllr-diag-gmm.cc:162) Not updating fMLLR since below min-count: count is 85
LOG (gmm-est-fmllr:main():gmm-est-fmllr.cc:143) For speaker train_S1_10_2_12, auxf-impr from fMLLR is 0, over 85 frames.
WARNING (gmm-est-fmllr:Update():fmllr-diag-gmm.cc:162) Not updating fMLLR since below min-count: count is 83
LOG (gmm-est-fmllr:main():gmm-est-fmllr.cc:143) For speaker train_S1_10_2_14, auxf-impr from fMLLR is 0, over 83 frames.
WARNING (gmm-est-fmllr:Update():fmllr-diag-gmm.cc:162) Not updating fMLLR since below min-count: count is 86
LOG (gmm-est-fmllr:main():gmm-est-fmllr.cc:143) For speaker train_S1_10_2_16, auxf-impr from fMLLR is 0, over 86 frames.
WARNING (gmm-est-fmllr:Update():fmllr-diag-gmm.cc:162) Not updating fMLLR since below min-count: count is 76
LOG (gmm-est-fmllr:main():gmm-est-fmllr.cc:143) For speaker train_S1_10_2_18, auxf-impr from fMLLR is 0, over 76 frames.
WARNING (gmm-est-fmllr:Update():fmllr-diag-gmm.cc:162) Not updating fMLLR since below min-count: count is 82
LOG (gmm-est-fmllr:main():gmm-est-fmllr.cc:143) For speaker train_S1_10_2_20, auxf-impr from fMLLR is 0, over 82 frames.
WARNING (gmm-est-fmllr:Update():fmllr-diag-gmm.cc:162) Not updating fMLLR since below min-count: count is 85
LOG (gmm-est-fmllr:main():gmm-est-fmllr.cc:143) For speaker train_S1_10_3_12, auxf-impr from fMLLR is 0, over 85 frames.
WARNING (gmm-est-fmllr:Update():fmllr-diag-gmm.cc:162) Not updating fMLLR since below min-count: count is 83
LOG (gmm-est-fmllr:main():gmm-est-fmllr.cc:143) For speaker train_S1_10_3_14, auxf-impr from fMLLR is 0, over 83 frames.
WARNING (gmm-est-fmllr:Update():fmllr-diag-gmm.cc:162) Not updating fMLLR since below min-count: count is 86
LOG (gmm-est-fmllr:main():gmm-est-fmllr.cc:143) For speaker train_S1_10_3_16, auxf-impr from fMLLR is 0, over 86 frames.
WARNING (gmm-est-fmllr:Update():fmllr-diag-gmm.cc:162) Not updating fMLLR since below min-count: count is 76
LOG (gmm-est-fmllr:main():gmm-est-fmllr.cc:143) For speaker train_S1_10_3_18, auxf-impr from fMLLR is 0, over 76 frames.
WARNING (gmm-est-fmllr:Update():fmllr-diag-gmm.cc:162) Not updating fMLLR since below min-count: count is 82
LOG (gmm-est-fmllr:main():gmm-est-fmllr.cc:143) For speaker train_S1_10_3_20, auxf-impr from fMLLR is 0, over 82 frames.
WARNING (gmm-est-fmllr:Update():fmllr-diag-gmm.cc:162) Not updating fMLLR since below min-count: count is 85
LOG (gmm-est-fmllr:main():gmm-est-fmllr.cc:143) For speaker train_S1_10_4_12, auxf-impr from fMLLR is 0, over 85 frames.
WARNING (gmm-est-fmllr:Update():fmllr-diag-gmm.cc:162) Not updating fMLLR since below min-count: count is 83
LOG (gmm-est-fmllr:main():gmm-est-fmllr.cc:143) For speaker train_S1_10_4_14, auxf-impr from fMLLR is 0, over 83 frames.
WARNING (gmm-est-fmllr:Update():fmllr-diag-gmm.cc:162) Not updating fMLLR since below min-count: count is 86
LOG (gmm-est-fmllr:main():gmm-est-fmllr.cc:143) For speaker train_S1_10_4_16, auxf-impr from fMLLR is 0, over 86 frames.
WARNING (gmm-est-fmllr:Update():fmllr-diag-gmm.cc:162) Not updating fMLLR since below min-count: count is 76
LOG (gmm-est-fmllr:main():gmm-est-fmllr.cc:143) For speaker train_S1_10_4_18, auxf-impr from fMLLR is 0, over 76 frames.
WARNING (gmm-est-fmllr:Update():fmllr-diag-gmm.cc:162) Not updating fMLLR since below min-count: count is 82
LOG (gmm-est-fmllr:main():gmm-est-fmllr.cc:143) For speaker train_S1_10_4_20, auxf-impr from fMLLR is 0, over 82 frames.
WARNING (gmm-est-fmllr:Update():fmllr-diag-gmm.cc:162) Not updating fMLLR since below min-count: count is 85
LOG (gmm-est-fmllr:main():gmm-est-fmllr.cc:143) For speaker train_S1_10_5_12, auxf-impr from fMLLR is 0, over 85 frames.
WARNING (gmm-est-fmllr:Update():fmllr-diag-gmm.cc:162) Not updating fMLLR since below min-count: count is 83
LOG (gmm-est-fmllr:main():gmm-est-fmllr.cc:143) For speaker train_S1_10_5_14, auxf-impr from fMLLR is 0, over 83 frames.
WARNING (gmm-est-fmllr:Update():fmllr-diag-gmm.cc:162) Not updating fMLLR since below min-count: count is 86
LOG (gmm-est-fmllr:main():gmm-est-fmllr.cc:143) For speaker train_S1_10_5_16, auxf-impr from fMLLR is 0, over 86 frames.
WARNING (gmm-est-fmllr:Update():fmllr-diag-gmm.cc:162) Not updating fMLLR since below min-count: count is 76
LOG (gmm-est-fmllr:main():gmm-est-fmllr.cc:143) For speaker train_S1_10_5_18, auxf-impr from fMLLR is 0, over 76 frames.
WARNING (gmm-est-fmllr:Update():fmllr-diag-gmm.cc:162) Not updating fMLLR since below min-count: count is 82
LOG (gmm-est-fmllr:main():gmm-est-fmllr.cc:143) For speaker train_S1_10_5_20, auxf-impr from fMLLR is 0, over 82 frames.
WARNING (gmm-est-fmllr:Update():fmllr-diag-gmm.cc:162) Not updating fMLLR since below min-count: count is 85
LOG (gmm-est-fmllr:main():gmm-est-fmllr.cc:143) For speaker train_S1_10_6_12, auxf-impr from fMLLR is 0, over 85 frames.
WARNING (gmm-est-fmllr:Update():fmllr-diag-gmm.cc:162) Not updating fMLLR since below min-count: count is 83
LOG (gmm-est-fmllr:main():gmm-est-fmllr.cc:143) For speaker train_S1_10_6_14, auxf-impr from fMLLR is 0, over 83 frames.
WARNING (gmm-est-fmllr:Update():fmllr-diag-gmm.cc:162) Not updating fMLLR since below min-count: count is 86
LOG (gmm-est-fmllr:main():gmm-est-fmllr.cc:143) For speaker train_S1_10_6_16, auxf-impr from fMLLR is 0, over 86 frames.
WARNING (gmm-est-fmllr:Update():fmllr-diag-gmm.cc:162) Not updating fMLLR since below min-count: count is 76
LOG (gmm-est-fmllr:main():gmm-est-fmllr.cc:143) For speaker train_S1_10_6_18, auxf-impr from fMLLR is 0, over 76 frames.
WARNING (gmm-est-fmllr:Update():fmllr-diag-gmm.cc:162) Not updating fMLLR since below min-count: count is 82
LOG (gmm-est-fmllr:main():gmm-est-fmllr.cc:143) For speaker train_S1_10_6_20, auxf-impr from fMLLR is 0, over 82 frames.
WARNING (gmm-est-fmllr:Update():fmllr-diag-gmm.cc:162) Not updating fMLLR since below min-count: count is 85
LOG (gmm-est-fmllr:main():gmm-est-fmllr.cc:143) For speaker train_S1_10_7_12, auxf-impr from fMLLR is 0, over 85 frames.
WARNING (gmm-est-fmllr:Update():fmllr-diag-gmm.cc:162) Not updating fMLLR since below min-count: count is 83
LOG (gmm-est-fmllr:main():gmm-est-fmllr.cc:143) For speaker train_S1_10_7_14, auxf-impr from fMLLR is 0, over 83 frames.
WARNING (gmm-est-fmllr:Update():fmllr-diag-gmm.cc:162) Not updating fMLLR since below min-count: count is 86
LOG (gmm-est-fmllr:main():gmm-est-fmllr.cc:143) For speaker train_S1_10_7_16, auxf-impr from fMLLR is 0, over 86 frames.
WARNING (gmm-est-fmllr:Update():fmllr-diag-gmm.cc:162) Not updating fMLLR since below min-count: count is 76
LOG (gmm-est-fmllr:main():gmm-est-fmllr.cc:143) For speaker train_S1_10_7_18, auxf-impr from fMLLR is 0, over 76 frames.
WARNING (gmm-est-fmllr:Update():fmllr-diag-gmm.cc:162) Not updating fMLLR since below min-count: count is 82
LOG (gmm-est-fmllr:main():gmm-est-fmllr.cc:143) For speaker train_S1_10_7_20, auxf-impr from fMLLR is 0, over 82 frames.
WARNING (gmm-est-fmllr:Update():fmllr-diag-gmm.cc:162) Not updating fMLLR since below min-count: count is 89
LOG (gmm-est-fmllr:main():gmm-est-fmllr.cc:143) For speaker train_S1_11_1_12, auxf-impr from fMLLR is 0, over 89 frames.
WARNING (gmm-est-fmllr:Update():fmllr-diag-gmm.cc:162) Not updating fMLLR since below min-count: count is 87
LOG (gmm-est-fmllr:main():gmm-est-fmllr.cc:143) For speaker train_S1_11_1_14, auxf-impr from fMLLR is 0, over 87 frames.
WARNING (gmm-est-fmllr:Update():fmllr-diag-gmm.cc:162) Not updating fMLLR since below min-count: count is 89
LOG (gmm-est-fmllr:main():gmm-est-fmllr.cc:143) For speaker train_S1_11_1_16, auxf-impr from fMLLR is 0, over 89 frames.
WARNING (gmm-est-fmllr:Update():fmllr-diag-gmm.cc:162) Not updating fMLLR since below min-count: count is 79
LOG (gmm-est-fmllr:main():gmm-est-fmllr.cc:143) For speaker train_S1_11_1_18, auxf-impr from fMLLR is 0, over 79 frames.
WARNING (gmm-est-fmllr:Update():fmllr-diag-gmm.cc:162) Not updating fMLLR since below min-count: count is 85
LOG (gmm-est-fmllr:main():gmm-est-fmllr.cc:143) For speaker train_S1_11_1_20, auxf-impr from fMLLR is 0, over 85 frames.
WARNING (gmm-est-fmllr:Update():fmllr-diag-gmm.cc:162) Not updating fMLLR since below min-count: count is 88
LOG (gmm-est-fmllr:main():gmm-est-fmllr.cc:143) For speaker train_S1_11_2_12, auxf-impr from fMLLR is 0, over 88 frames.
WARNING (gmm-est-fmllr:Update():fmllr-diag-gmm.cc:162) Not updating fMLLR since below min-count: count is 87
LOG (gmm-est-fmllr:main():gmm-est-fmllr.cc:143) For speaker train_S1_11_2_14, auxf-impr from fMLLR is 0, over 87 frames.
WARNING (gmm-est-fmllr:Update():fmllr-diag-gmm.cc:162) Not updating fMLLR since below min-count: count is 89
LOG (gmm-est-fmllr:main():gmm-est-fmllr.cc:143) For speaker train_S1_11_2_16, auxf-impr from fMLLR is 0, over 89 frames.
WARNING (gmm-est-fmllr:Update():fmllr-diag-gmm.cc:162) Not updating fMLLR since below min-count: count is 79
LOG (gmm-est-fmllr:main():gmm-est-fmllr.cc:143) For speaker train_S1_11_2_18, auxf-impr from fMLLR is 0, over 79 frames.
WARNING (gmm-est-fmllr:Update():fmllr-diag-gmm.cc:162) Not updating fMLLR since below min-count: count is 85
LOG (gmm-est-fmllr:main():gmm-est-fmllr.cc:143) For speaker train_S1_11_2_20, auxf-impr from fMLLR is 0, over 85 frames.
WARNING (gmm-est-fmllr:Update():fmllr-diag-gmm.cc:162) Not updating fMLLR since below min-count: count is 89
LOG (gmm-est-fmllr:main():gmm-est-fmllr.cc:143) For speaker train_S1_11_3_12, auxf-impr from fMLLR is 0, over 89 frames.
WARNING (gmm-est-fmllr:Update():fmllr-diag-gmm.cc:162) Not updating fMLLR since below min-count: count is 87
LOG (gmm-est-fmllr:main():gmm-est-fmllr.cc:143) For speaker train_S1_11_3_14, auxf-impr from fMLLR is 0, over 87 frames.
WARNING (gmm-est-fmllr:Update():fmllr-diag-gmm.cc:162) Not updating fMLLR since below min-count: count is 89
LOG (gmm-est-fmllr:main():gmm-est-fmllr.cc:143) For speaker train_S1_11_3_16, auxf-impr from fMLLR is 0, over 89 frames.
WARNING (gmm-est-fmllr:Update():fmllr-diag-gmm.cc:162) Not updating fMLLR since below min-count: count is 79
LOG (gmm-est-fmllr:main():gmm-est-fmllr.cc:143) For speaker train_S1_11_3_18, auxf-impr from fMLLR is 0, over 79 frames.
WARNING (gmm-est-fmllr:Update():fmllr-diag-gmm.cc:162) Not updating fMLLR since below min-count: count is 85
LOG (gmm-est-fmllr:main():gmm-est-fmllr.cc:143) For speaker train_S1_11_3_20, auxf-impr from fMLLR is 0, over 85 frames.
WARNING (gmm-est-fmllr:Update():fmllr-diag-gmm.cc:162) Not updating fMLLR since below min-count: count is 89
LOG (gmm-est-fmllr:main():gmm-est-fmllr.cc:143) For speaker train_S1_11_4_12, auxf-impr from fMLLR is 0, over 89 frames.
WARNING (gmm-est-fmllr:Update():fmllr-diag-gmm.cc:162) Not updating fMLLR since below min-count: count is 87
LOG (gmm-est-fmllr:main():gmm-est-fmllr.cc:143) For speaker train_S1_11_4_14, auxf-impr from fMLLR is 0, over 87 frames.
WARNING (gmm-est-fmllr:Update():fmllr-diag-gmm.cc:162) Not updating fMLLR since below min-count: count is 89
LOG (gmm-est-fmllr:main():gmm-est-fmllr.cc:143) For speaker train_S1_11_4_16, auxf-impr from fMLLR is 0, over 89 frames.
WARNING (gmm-est-fmllr:Update():fmllr-diag-gmm.cc:162) Not updating fMLLR since below min-count: count is 79
LOG (gmm-est-fmllr:main():gmm-est-fmllr.cc:143) For speaker train_S1_11_4_18, auxf-impr from fMLLR is 0, over 79 frames.
WARNING (gmm-est-fmllr:Update():fmllr-diag-gmm.cc:162) Not updating fMLLR since below min-count: count is 85
LOG (gmm-est-fmllr:main():gmm-est-fmllr.cc:143) For speaker train_S1_11_4_20, auxf-impr from fMLLR is 0, over 85 frames.
WARNING (gmm-est-fmllr:Update():fmllr-diag-gmm.cc:162) Not updating fMLLR since below min-count: count is 89
LOG (gmm-est-fmllr:main():gmm-est-fmllr.cc:143) For speaker train_S1_11_5_12, auxf-impr from fMLLR is 0, over 89 frames.
WARNING (gmm-est-fmllr:Update():fmllr-diag-gmm.cc:162) Not updating fMLLR since below min-count: count is 87
LOG (gmm-est-fmllr:main():gmm-est-fmllr.cc:143) For speaker train_S1_11_5_14, auxf-impr from fMLLR is 0, over 87 frames.
WARNING (gmm-est-fmllr:Update():fmllr-diag-gmm.cc:162) Not updating fMLLR since below min-count: count is 89
LOG (gmm-est-fmllr:main():gmm-est-fmllr.cc:143) For speaker train_S1_11_5_16, auxf-impr from fMLLR is 0, over 89 frames.
WARNING (gmm-est-fmllr:Update():fmllr-diag-gmm.cc:162) Not updating fMLLR since below min-count: count is 79
LOG (gmm-est-fmllr:main():gmm-est-fmllr.cc:143) For speaker train_S1_11_5_18, auxf-impr from fMLLR is 0, over 79 frames.
WARNING (gmm-est-fmllr:Update():fmllr-diag-gmm.cc:162) Not updating fMLLR since below min-count: count is 85
LOG (gmm-est-fmllr:main():gmm-est-fmllr.cc:143) For speaker train_S1_11_5_20, auxf-impr from fMLLR is 0, over 85 frames.
WARNING (gmm-est-fmllr:Update():fmllr-diag-gmm.cc:162) Not updating fMLLR since below min-count: count is 88
LOG (gmm-est-fmllr:main():gmm-est-fmllr.cc:143) For speaker train_S1_11_6_12, auxf-impr from fMLLR is 0, over 88 frames.
WARNING (gmm-est-fmllr:Update():fmllr-diag-gmm.cc:162) Not updating fMLLR since below min-count: count is 87
LOG (gmm-est-fmllr:main():gmm-est-fmllr.cc:143) For speaker train_S1_11_6_14, auxf-impr from fMLLR is 0, over 87 frames.
WARNING (gmm-est-fmllr:Update():fmllr-diag-gmm.cc:162) Not updating fMLLR since below min-count: count is 89
LOG (gmm-est-fmllr:main():gmm-est-fmllr.cc:143) For speaker train_S1_11_6_16, auxf-impr from fMLLR is 0, over 89 frames.
WARNING (gmm-est-fmllr:Update():fmllr-diag-gmm.cc:162) Not updating fMLLR since below min-count: count is 80
LOG (gmm-est-fmllr:main():gmm-est-fmllr.cc:143) For speaker train_S1_11_6_18, auxf-impr from fMLLR is 0, over 80 frames.
WARNING (gmm-est-fmllr:Update():fmllr-diag-gmm.cc:162) Not updating fMLLR since below min-count: count is 85
LOG (gmm-est-fmllr:main():gmm-est-fmllr.cc:143) For speaker train_S1_11_6_20, auxf-impr from fMLLR is 0, over 85 frames.
WARNING (gmm-est-fmllr:Update():fmllr-diag-gmm.cc:162) Not updating fMLLR since below min-count: count is 88
LOG (gmm-est-fmllr:main():gmm-est-fmllr.cc:143) For speaker train_S1_11_7_12, auxf-impr from fMLLR is 0, over 88 frames.
WARNING (gmm-est-fmllr:Update():fmllr-diag-gmm.cc:162) Not updating fMLLR since below min-count: count is 87
LOG (gmm-est-fmllr:main():gmm-est-fmllr.cc:143) For speaker train_S1_11_7_14, auxf-impr from fMLLR is 0, over 87 frames.
WARNING (gmm-est-fmllr:Update():fmllr-diag-gmm.cc:162) Not updating fMLLR since below min-count: count is 89
LOG (gmm-est-fmllr:main():gmm-est-fmllr.cc:143) For speaker train_S1_11_7_16, auxf-impr from fMLLR is 0, over 89 frames.
WARNING (gmm-est-fmllr:Update():fmllr-diag-gmm.cc:162) Not updating fMLLR since below min-count: count is 79
LOG (gmm-est-fmllr:main():gmm-est-fmllr.cc:143) For speaker train_S1_11_7_18, auxf-impr from fMLLR is 0, over 79 frames.
WARNING (gmm-est-fmllr:Update():fmllr-diag-gmm.cc:162) Not updating fMLLR since below min-count: count is 85
LOG (gmm-est-fmllr:main():gmm-est-fmllr.cc:143) For speaker train_S1_11_7_20, auxf-impr from fMLLR is 0, over 85 frames.
WARNING (gmm-est-fmllr:Update():fmllr-diag-gmm.cc:162) Not updating fMLLR since below min-count: count is 151
LOG (gmm-est-fmllr:main():gmm-est-fmllr.cc:143) For speaker train_S1_3_1_12, auxf-impr from fMLLR is 0, over 151 frames.
WARNING (gmm-est-fmllr:Update():fmllr-diag-gmm.cc:162) Not updating fMLLR since below min-count: count is 149
LOG (gmm-est-fmllr:main():gmm-est-fmllr.cc:143) For speaker train_S1_3_1_14, auxf-impr from fMLLR is 0, over 149 frames.
WARNING (gmm-est-fmllr:Update():fmllr-diag-gmm.cc:162) Not updating fMLLR since below min-count: count is 152
LOG (gmm-est-fmllr:main():gmm-est-fmllr.cc:143) For speaker train_S1_3_1_16, auxf-impr from fMLLR is 0, over 152 frames.
WARNING (gmm-est-fmllr:Update():fmllr-diag-gmm.cc:162) Not updating fMLLR since below min-count: count is 136
LOG (gmm-est-fmllr:main():gmm-est-fmllr.cc:143) For speaker train_S1_3_1_18, auxf-impr from fMLLR is 0, over 136 frames.
WARNING (gmm-est-fmllr:Update():fmllr-diag-gmm.cc:162) Not updating fMLLR since below min-count: count is 146
LOG (gmm-est-fmllr:main():gmm-est-fmllr.cc:143) For speaker train_S1_3_1_20, auxf-impr from fMLLR is 0, over 146 frames.
WARNING (gmm-est-fmllr:Update():fmllr-diag-gmm.cc:162) Not updating fMLLR since below min-count: count is 151
LOG (gmm-est-fmllr:main():gmm-est-fmllr.cc:143) For speaker train_S1_3_2_12, auxf-impr from fMLLR is 0, over 151 frames.
WARNING (gmm-est-fmllr:Update():fmllr-diag-gmm.cc:162) Not updating fMLLR since below min-count: count is 149
LOG (gmm-est-fmllr:main():gmm-est-fmllr.cc:143) For speaker train_S1_3_2_14, auxf-impr from fMLLR is 0, over 149 frames.
WARNING (gmm-est-fmllr:Update():fmllr-diag-gmm.cc:162) Not updating fMLLR since below min-count: count is 152
LOG (gmm-est-fmllr:main():gmm-est-fmllr.cc:143) For speaker train_S1_3_2_16, auxf-impr from fMLLR is 0, over 152 frames.
WARNING (gmm-est-fmllr:Update():fmllr-diag-gmm.cc:162) Not updating fMLLR since below min-count: count is 136
LOG (gmm-est-fmllr:main():gmm-est-fmllr.cc:143) For speaker train_S1_3_2_18, auxf-impr from fMLLR is 0, over 136 frames.
WARNING (gmm-est-fmllr:Update():fmllr-diag-gmm.cc:162) Not updating fMLLR since below min-count: count is 146
LOG (gmm-est-fmllr:main():gmm-est-fmllr.cc:143) For speaker train_S1_3_2_20, auxf-impr from fMLLR is 0, over 146 frames.
WARNING (gmm-est-fmllr:Update():fmllr-diag-gmm.cc:162) Not updating fMLLR since below min-count: count is 151
LOG (gmm-est-fmllr:main():gmm-est-fmllr.cc:143) For speaker train_S1_3_3_12, auxf-impr from fMLLR is 0, over 151 frames.
WARNING (gmm-est-fmllr:Update():fmllr-diag-gmm.cc:162) Not updating fMLLR since below min-count: count is 149
LOG (gmm-est-fmllr:main():gmm-est-fmllr.cc:143) For speaker train_S1_3_3_14, auxf-impr from fMLLR is 0, over 149 frames.
WARNING (gmm-est-fmllr:Update():fmllr-diag-gmm.cc:162) Not updating fMLLR since below min-count: count is 152
LOG (gmm-est-fmllr:main():gmm-est-fmllr.cc:143) For speaker train_S1_3_3_16, auxf-impr from fMLLR is 0, over 152 frames.
WARNING (gmm-est-fmllr:Update():fmllr-diag-gmm.cc:162) Not updating fMLLR since below min-count: count is 136
LOG (gmm-est-fmllr:main():gmm-est-fmllr.cc:143) For speaker train_S1_3_3_18, auxf-impr from fMLLR is 0, over 136 frames.
WARNING (gmm-est-fmllr:Update():fmllr-diag-gmm.cc:162) Not updating fMLLR since below min-count: count is 146
LOG (gmm-est-fmllr:main():gmm-est-fmllr.cc:143) For speaker train_S1_3_3_20, auxf-impr from fMLLR is 0, over 146 frames.
WARNING (gmm-est-fmllr:Update():fmllr-diag-gmm.cc:162) Not updating fMLLR since below min-count: count is 151
LOG (gmm-est-fmllr:main():gmm-est-fmllr.cc:143) For speaker train_S1_3_4_12, auxf-impr from fMLLR is 0, over 151 frames.
WARNING (gmm-est-fmllr:Update():fmllr-diag-gmm.cc:162) Not updating fMLLR since below min-count: count is 149
LOG (gmm-est-fmllr:main():gmm-est-fmllr.cc:143) For speaker train_S1_3_4_14, auxf-impr from fMLLR is 0, over 149 frames.
WARNING (gmm-est-fmllr:Update():fmllr-diag-gmm.cc:162) Not updating fMLLR since below min-count: count is 152
LOG (gmm-est-fmllr:main():gmm-est-fmllr.cc:143) For speaker train_S1_3_4_16, auxf-impr from fMLLR is 0, over 152 frames.
WARNING (gmm-est-fmllr:Update():fmllr-diag-gmm.cc:162) Not updating fMLLR since below min-count: count is 135
LOG (gmm-est-fmllr:main():gmm-est-fmllr.cc:143) For speaker train_S1_3_4_18, auxf-impr from fMLLR is 0, over 135 frames.
WARNING (gmm-est-fmllr:Update():fmllr-diag-gmm.cc:162) Not updating fMLLR since below min-count: count is 145
LOG (gmm-est-fmllr:main():gmm-est-fmllr.cc:143) For speaker train_S1_3_4_20, auxf-impr from fMLLR is 0, over 145 frames.
WARNING (gmm-est-fmllr:Update():fmllr-diag-gmm.cc:162) Not updating fMLLR since below min-count: count is 151
LOG (gmm-est-fmllr:main():gmm-est-fmllr.cc:143) For speaker train_S1_3_5_12, auxf-impr from fMLLR is 0, over 151 frames.
WARNING (gmm-est-fmllr:Update():fmllr-diag-gmm.cc:162) Not updating fMLLR since below min-count: count is 149
LOG (gmm-est-fmllr:main():gmm-est-fmllr.cc:143) For speaker train_S1_3_5_14, auxf-impr from fMLLR is 0, over 149 frames.
WARNING (gmm-est-fmllr:Update():fmllr-diag-gmm.cc:162) Not updating fMLLR since below min-count: count is 152
LOG (gmm-est-fmllr:main():gmm-est-fmllr.cc:143) For speaker train_S1_3_5_16, auxf-impr from fMLLR is 0, over 152 frames.
WARNING (gmm-est-fmllr:Update():fmllr-diag-gmm.cc:162) Not updating fMLLR since below min-count: count is 136
LOG (gmm-est-fmllr:main():gmm-est-fmllr.cc:143) For speaker train_S1_3_5_18, auxf-impr from fMLLR is 0, over 136 frames.
WARNING (gmm-est-fmllr:Update():fmllr-diag-gmm.cc:162) Not updating fMLLR since below min-count: count is 146
LOG (gmm-est-fmllr:main():gmm-est-fmllr.cc:143) For speaker train_S1_3_5_20, auxf-impr from fMLLR is 0, over 146 frames.
WARNING (gmm-est-fmllr:Update():fmllr-diag-gmm.cc:162) Not updating fMLLR since below min-count: count is 151
LOG (gmm-est-fmllr:main():gmm-est-fmllr.cc:143) For speaker train_S1_3_6_12, auxf-impr from fMLLR is 0, over 151 frames.
WARNING (gmm-est-fmllr:Update():fmllr-diag-gmm.cc:162) Not updating fMLLR since below min-count: count is 149
LOG (gmm-est-fmllr:main():gmm-est-fmllr.cc:143) For speaker train_S1_3_6_14, auxf-impr from fMLLR is 0, over 149 frames.
WARNING (gmm-est-fmllr:Update():fmllr-diag-gmm.cc:162) Not updating fMLLR since below min-count: count is 151
LOG (gmm-est-fmllr:main():gmm-est-fmllr.cc:143) For speaker train_S1_3_6_16, auxf-impr from fMLLR is 0, over 151 frames.
WARNING (gmm-est-fmllr:Update():fmllr-diag-gmm.cc:162) Not updating fMLLR since below min-count: count is 136
LOG (gmm-est-fmllr:main():gmm-est-fmllr.cc:143) For speaker train_S1_3_6_18, auxf-impr from fMLLR is 0, over 136 frames.
WARNING (gmm-est-fmllr:Update():fmllr-diag-gmm.cc:162) Not updating fMLLR since below min-count: count is 146
LOG (gmm-est-fmllr:main():gmm-est-fmllr.cc:143) For speaker train_S1_3_6_20, auxf-impr from fMLLR is 0, over 146 frames.
WARNING (gmm-est-fmllr:Update():fmllr-diag-gmm.cc:162) Not updating fMLLR since below min-count: count is 151
LOG (gmm-est-fmllr:main():gmm-est-fmllr.cc:143) For speaker train_S1_3_7_12, auxf-impr from fMLLR is 0, over 151 frames.
WARNING (gmm-est-fmllr:Update():fmllr-diag-gmm.cc:162) Not updating fMLLR since below min-count: count is 149
LOG (gmm-est-fmllr:main():gmm-est-fmllr.cc:143) For speaker train_S1_3_7_14, auxf-impr from fMLLR is 0, over 149 frames.
WARNING (gmm-est-fmllr:Update():fmllr-diag-gmm.cc:162) Not updating fMLLR since below min-count: count is 151
LOG (gmm-est-fmllr:main():gmm-est-fmllr.cc:143) For speaker train_S1_3_7_16, auxf-impr from fMLLR is 0, over 151 frames.
WARNING (gmm-est-fmllr:Update():fmllr-diag-gmm.cc:162) Not updating fMLLR since below min-count: count is 136
LOG (gmm-est-fmllr:main():gmm-est-fmllr.cc:143) For speaker train_S1_3_7_18, auxf-impr from fMLLR is 0, over 136 frames.
WARNING (gmm-est-fmllr:Update():fmllr-diag-gmm.cc:162) Not updating fMLLR since below min-count: count is 146
LOG (gmm-est-fmllr:main():gmm-est-fmllr.cc:143) For speaker train_S1_3_7_20, auxf-impr from fMLLR is 0, over 146 frames.
WARNING (gmm-est-fmllr:Update():fmllr-diag-gmm.cc:162) Not updating fMLLR since below min-count: count is 101
LOG (gmm-est-fmllr:main():gmm-est-fmllr.cc:143) For speaker train_S1_4_1_12, auxf-impr from fMLLR is 0, over 101 frames.
WARNING (gmm-est-fmllr:Update():fmllr-diag-gmm.cc:162) Not updating fMLLR since below min-count: count is 99
LOG (gmm-est-fmllr:main():gmm-est-fmllr.cc:143) For speaker train_S1_4_1_14, auxf-impr from fMLLR is 0, over 99 frames.
WARNING (gmm-est-fmllr:Update():fmllr-diag-gmm.cc:162) Not updating fMLLR since below min-count: count is 101
LOG (gmm-est-fmllr:main():gmm-est-fmllr.cc:143) For speaker train_S1_4_1_16, auxf-impr from fMLLR is 0, over 101 frames.
WARNING (gmm-est-fmllr:Update():fmllr-diag-gmm.cc:162) Not updating fMLLR since below min-count: count is 90
LOG (gmm-est-fmllr:main():gmm-est-fmllr.cc:143) For speaker train_S1_4_1_18, auxf-impr from fMLLR is 0, over 90 frames.
WARNING (gmm-est-fmllr:Update():fmllr-diag-gmm.cc:162) Not updating fMLLR since below min-count: count is 96
LOG (gmm-est-fmllr:main():gmm-est-fmllr.cc:143) For speaker train_S1_4_1_20, auxf-impr from fMLLR is 0, over 96 frames.
WARNING (gmm-est-fmllr:Update():fmllr-diag-gmm.cc:162) Not updating fMLLR since below min-count: count is 101
LOG (gmm-est-fmllr:main():gmm-est-fmllr.cc:143) For speaker train_S1_4_2_12, auxf-impr from fMLLR is 0, over 101 frames.
WARNING (gmm-est-fmllr:Update():fmllr-diag-gmm.cc:162) Not updating fMLLR since below min-count: count is 99
LOG (gmm-est-fmllr:main():gmm-est-fmllr.cc:143) For speaker train_S1_4_2_14, auxf-impr from fMLLR is 0, over 99 frames.
WARNING (gmm-est-fmllr:Update():fmllr-diag-gmm.cc:162) Not updating fMLLR since below min-count: count is 101
LOG (gmm-est-fmllr:main():gmm-est-fmllr.cc:143) For speaker train_S1_4_2_16, auxf-impr from fMLLR is 0, over 101 frames.
WARNING (gmm-est-fmllr:Update():fmllr-diag-gmm.cc:162) Not updating fMLLR since below min-count: count is 90
LOG (gmm-est-fmllr:main():gmm-est-fmllr.cc:143) For speaker train_S1_4_2_18, auxf-impr from fMLLR is 0, over 90 frames.
WARNING (gmm-est-fmllr:Update():fmllr-diag-gmm.cc:162) Not updating fMLLR since below min-count: count is 96
LOG (gmm-est-fmllr:main():gmm-est-fmllr.cc:143) For speaker train_S1_4_2_20, auxf-impr from fMLLR is 0, over 96 frames.
WARNING (gmm-est-fmllr:Update():fmllr-diag-gmm.cc:162) Not updating fMLLR since below min-count: count is 101
LOG (gmm-est-fmllr:main():gmm-est-fmllr.cc:143) For speaker train_S1_4_3_12, auxf-impr from fMLLR is 0, over 101 frames.
WARNING (gmm-est-fmllr:Update():fmllr-diag-gmm.cc:162) Not updating fMLLR since below min-count: count is 99
LOG (gmm-est-fmllr:main():gmm-est-fmllr.cc:143) For speaker train_S1_4_3_14, auxf-impr from fMLLR is 0, over 99 frames.
WARNING (gmm-est-fmllr:Update():fmllr-diag-gmm.cc:162) Not updating fMLLR since below min-count: count is 101
LOG (gmm-est-fmllr:main():gmm-est-fmllr.cc:143) For speaker train_S1_4_3_16, auxf-impr from fMLLR is 0, over 101 frames.
WARNING (gmm-est-fmllr:Update():fmllr-diag-gmm.cc:162) Not updating fMLLR since below min-count: count is 89
LOG (gmm-est-fmllr:main():gmm-est-fmllr.cc:143) For speaker train_S1_4_3_18, auxf-impr from fMLLR is 0, over 89 frames.
WARNING (gmm-est-fmllr:Update():fmllr-diag-gmm.cc:162) Not updating fMLLR since below min-count: count is 96
LOG (gmm-est-fmllr:main():gmm-est-fmllr.cc:143) For speaker train_S1_4_3_20, auxf-impr from fMLLR is 0, over 96 frames.
WARNING (gmm-est-fmllr:Update():fmllr-diag-gmm.cc:162) Not updating fMLLR since below min-count: count is 101
LOG (gmm-est-fmllr:main():gmm-est-fmllr.cc:143) For speaker train_S1_4_4_12, auxf-impr from fMLLR is 0, over 101 frames.
WARNING (gmm-est-fmllr:Update():fmllr-diag-gmm.cc:162) Not updating fMLLR since below min-count: count is 99
LOG (gmm-est-fmllr:main():gmm-est-fmllr.cc:143) For speaker train_S1_4_4_14, auxf-impr from fMLLR is 0, over 99 frames.
WARNING (gmm-est-fmllr:Update():fmllr-diag-gmm.cc:162) Not updating fMLLR since below min-count: count is 101
LOG (gmm-est-fmllr:main():gmm-est-fmllr.cc:143) For speaker train_S1_4_4_16, auxf-impr from fMLLR is 0, over 101 frames.
WARNING (gmm-est-fmllr:Update():fmllr-diag-gmm.cc:162) Not updating fMLLR since below min-count: count is 90
LOG (gmm-est-fmllr:main():gmm-est-fmllr.cc:143) For speaker train_S1_4_4_18, auxf-impr from fMLLR is 0, over 90 frames.
WARNING (gmm-est-fmllr:Update():fmllr-diag-gmm.cc:162) Not updating fMLLR since below min-count: count is 96
LOG (gmm-est-fmllr:main():gmm-est-fmllr.cc:143) For speaker train_S1_4_4_20, auxf-impr from fMLLR is 0, over 96 frames.
WARNING (gmm-est-fmllr:Update():fmllr-diag-gmm.cc:162) Not updating fMLLR since below min-count: count is 101
LOG (gmm-est-fmllr:main():gmm-est-fmllr.cc:143) For speaker train_S1_4_5_12, auxf-impr from fMLLR is 0, over 101 frames.
WARNING (gmm-est-fmllr:Update():fmllr-diag-gmm.cc:162) Not updating fMLLR since below min-count: count is 99
LOG (gmm-est-fmllr:main():gmm-est-fmllr.cc:143) For speaker train_S1_4_5_14, auxf-impr from fMLLR is 0, over 99 frames.
WARNING (gmm-est-fmllr:Update():fmllr-diag-gmm.cc:162) Not updating fMLLR since below min-count: count is 101
LOG (gmm-est-fmllr:main():gmm-est-fmllr.cc:143) For speaker train_S1_4_5_16, auxf-impr from fMLLR is 0, over 101 frames.
WARNING (gmm-est-fmllr:Update():fmllr-diag-gmm.cc:162) Not updating fMLLR since below min-count: count is 90
LOG (gmm-est-fmllr:main():gmm-est-fmllr.cc:143) For speaker train_S1_4_5_18, auxf-impr from fMLLR is 0, over 90 frames.
WARNING (gmm-est-fmllr:Update():fmllr-diag-gmm.cc:162) Not updating fMLLR since below min-count: count is 96
LOG (gmm-est-fmllr:main():gmm-est-fmllr.cc:143) For speaker train_S1_4_5_20, auxf-impr from fMLLR is 0, over 96 frames.
WARNING (gmm-est-fmllr:Update():fmllr-diag-gmm.cc:162) Not updating fMLLR since below min-count: count is 101
LOG (gmm-est-fmllr:main():gmm-est-fmllr.cc:143) For speaker train_S1_4_6_12, auxf-impr from fMLLR is 0, over 101 frames.
WARNING (gmm-est-fmllr:Update():fmllr-diag-gmm.cc:162) Not updating fMLLR since below min-count: count is 99
LOG (gmm-est-fmllr:main():gmm-est-fmllr.cc:143) For speaker train_S1_4_6_14, auxf-impr from fMLLR is 0, over 99 frames.
WARNING (gmm-est-fmllr:Update():fmllr-diag-gmm.cc:162) Not updating fMLLR since below min-count: count is 101
LOG (gmm-est-fmllr:main():gmm-est-fmllr.cc:143) For speaker train_S1_4_6_16, auxf-impr from fMLLR is 0, over 101 frames.
WARNING (gmm-est-fmllr:Update():fmllr-diag-gmm.cc:162) Not updating fMLLR since below min-count: count is 89
LOG (gmm-est-fmllr:main():gmm-est-fmllr.cc:143) For speaker train_S1_4_6_18, auxf-impr from fMLLR is 0, over 89 frames.
WARNING (gmm-est-fmllr:Update():fmllr-diag-gmm.cc:162) Not updating fMLLR since below min-count: count is 96
LOG (gmm-est-fmllr:main():gmm-est-fmllr.cc:143) For speaker train_S1_4_6_20, auxf-impr from fMLLR is 0, over 96 frames.
WARNING (gmm-est-fmllr:Update():fmllr-diag-gmm.cc:162) Not updating fMLLR since below min-count: count is 101
LOG (gmm-est-fmllr:main():gmm-est-fmllr.cc:143) For speaker train_S1_4_7_12, auxf-impr from fMLLR is 0, over 101 frames.
WARNING (gmm-est-fmllr:Update():fmllr-diag-gmm.cc:162) Not updating fMLLR since below min-count: count is 99
LOG (gmm-est-fmllr:main():gmm-est-fmllr.cc:143) For speaker train_S1_4_7_14, auxf-impr from fMLLR is 0, over 99 frames.
WARNING (gmm-est-fmllr:Update():fmllr-diag-gmm.cc:162) Not updating fMLLR since below min-count: count is 101
LOG (gmm-est-fmllr:main():gmm-est-fmllr.cc:143) For speaker train_S1_4_7_16, auxf-impr from fMLLR is 0, over 101 frames.
WARNING (gmm-est-fmllr:Update():fmllr-diag-gmm.cc:162) Not updating fMLLR since below min-count: count is 90
LOG (gmm-est-fmllr:main():gmm-est-fmllr.cc:143) For speaker train_S1_4_7_18, auxf-impr from fMLLR is 0, over 90 frames.
WARNING (gmm-est-fmllr:Update():fmllr-diag-gmm.cc:162) Not updating fMLLR since below min-count: count is 96
LOG (gmm-est-fmllr:main():gmm-est-fmllr.cc:143) For speaker train_S1_4_7_20, auxf-impr from fMLLR is 0, over 96 frames.
WARNING (gmm-est-fmllr:Update():fmllr-diag-gmm.cc:162) Not updating fMLLR since below min-count: count is 118
LOG (gmm-est-fmllr:main():gmm-est-fmllr.cc:143) For speaker train_S1_5_1_12, auxf-impr from fMLLR is 0, over 118 frames.
WARNING (gmm-est-fmllr:Update():fmllr-diag-gmm.cc:162) Not updating fMLLR since below min-count: count is 116
LOG (gmm-est-fmllr:main():gmm-est-fmllr.cc:143) For speaker train_S1_5_1_14, auxf-impr from fMLLR is 0, over 116 frames.
WARNING (gmm-est-fmllr:Update():fmllr-diag-gmm.cc:162) Not updating fMLLR since below min-count: count is 118
LOG (gmm-est-fmllr:main():gmm-est-fmllr.cc:143) For speaker train_S1_5_1_16, auxf-impr from fMLLR is 0, over 118 frames.
WARNING (gmm-est-fmllr:Update():fmllr-diag-gmm.cc:162) Not updating fMLLR since below min-count: count is 105
LOG (gmm-est-fmllr:main():gmm-est-fmllr.cc:143) For speaker train_S1_5_1_18, auxf-impr from fMLLR is 0, over 105 frames.
WARNING (gmm-est-fmllr:Update():fmllr-diag-gmm.cc:162) Not updating fMLLR since below min-count: count is 112
LOG (gmm-est-fmllr:main():gmm-est-fmllr.cc:143) For speaker train_S1_5_1_20, auxf-impr from fMLLR is 0, over 112 frames.
WARNING (gmm-est-fmllr:Update():fmllr-diag-gmm.cc:162) Not updating fMLLR since below min-count: count is 118
LOG (gmm-est-fmllr:main():gmm-est-fmllr.cc:143) For speaker train_S1_5_2_12, auxf-impr from fMLLR is 0, over 118 frames.
WARNING (gmm-est-fmllr:Update():fmllr-diag-gmm.cc:162) Not updating fMLLR since below min-count: count is 116
LOG (gmm-est-fmllr:main():gmm-est-fmllr.cc:143) For speaker train_S1_5_2_14, auxf-impr from fMLLR is 0, over 116 frames.
WARNING (gmm-est-fmllr:Update():fmllr-diag-gmm.cc:162) Not updating fMLLR since below min-count: count is 118
LOG (gmm-est-fmllr:main():gmm-est-fmllr.cc:143) For speaker train_S1_5_2_16, auxf-impr from fMLLR is 0, over 118 frames.
WARNING (gmm-est-fmllr:Update():fmllr-diag-gmm.cc:162) Not updating fMLLR since below min-count: count is 105
LOG (gmm-est-fmllr:main():gmm-est-fmllr.cc:143) For speaker train_S1_5_2_18, auxf-impr from fMLLR is 0, over 105 frames.
WARNING (gmm-est-fmllr:Update():fmllr-diag-gmm.cc:162) Not updating fMLLR since below min-count: count is 112
LOG (gmm-est-fmllr:main():gmm-est-fmllr.cc:143) For speaker train_S1_5_2_20, auxf-impr from fMLLR is 0, over 112 frames.
WARNING (gmm-est-fmllr:Update():fmllr-diag-gmm.cc:162) Not updating fMLLR since below min-count: count is 118
LOG (gmm-est-fmllr:main():gmm-est-fmllr.cc:143) For speaker train_S1_5_3_12, auxf-impr from fMLLR is 0, over 118 frames.
WARNING (gmm-est-fmllr:Update():fmllr-diag-gmm.cc:162) Not updating fMLLR since below min-count: count is 115
LOG (gmm-est-fmllr:main():gmm-est-fmllr.cc:143) For speaker train_S1_5_3_14, auxf-impr from fMLLR is 0, over 115 frames.
WARNING (gmm-est-fmllr:Update():fmllr-diag-gmm.cc:162) Not updating fMLLR since below min-count: count is 117
LOG (gmm-est-fmllr:main():gmm-est-fmllr.cc:143) For speaker train_S1_5_3_16, auxf-impr from fMLLR is 0, over 117 frames.
WARNING (gmm-est-fmllr:Update():fmllr-diag-gmm.cc:162) Not updating fMLLR since below min-count: count is 105
LOG (gmm-est-fmllr:main():gmm-est-fmllr.cc:143) For speaker train_S1_5_3_18, auxf-impr from fMLLR is 0, over 105 frames.
WARNING (gmm-est-fmllr:Update():fmllr-diag-gmm.cc:162) Not updating fMLLR since below min-count: count is 112
LOG (gmm-est-fmllr:main():gmm-est-fmllr.cc:143) For speaker train_S1_5_3_20, auxf-impr from fMLLR is 0, over 112 frames.
WARNING (gmm-est-fmllr:Update():fmllr-diag-gmm.cc:162) Not updating fMLLR since below min-count: count is 118
LOG (gmm-est-fmllr:main():gmm-est-fmllr.cc:143) For speaker train_S1_5_4_12, auxf-impr from fMLLR is 0, over 118 frames.
WARNING (gmm-est-fmllr:Update():fmllr-diag-gmm.cc:162) Not updating fMLLR since below min-count: count is 115
LOG (gmm-est-fmllr:main():gmm-est-fmllr.cc:143) For speaker train_S1_5_4_14, auxf-impr from fMLLR is 0, over 115 frames.
WARNING (gmm-est-fmllr:Update():fmllr-diag-gmm.cc:162) Not updating fMLLR since below min-count: count is 117
LOG (gmm-est-fmllr:main():gmm-est-fmllr.cc:143) For speaker train_S1_5_4_16, auxf-impr from fMLLR is 0, over 117 frames.
WARNING (gmm-est-fmllr:Update():fmllr-diag-gmm.cc:162) Not updating fMLLR since below min-count: count is 105
LOG (gmm-est-fmllr:main():gmm-est-fmllr.cc:143) For speaker train_S1_5_4_18, auxf-impr from fMLLR is 0, over 105 frames.
WARNING (gmm-est-fmllr:Update():fmllr-diag-gmm.cc:162) Not updating fMLLR since below min-count: count is 112
LOG (gmm-est-fmllr:main():gmm-est-fmllr.cc:143) For speaker train_S1_5_4_20, auxf-impr from fMLLR is 0, over 112 frames.
WARNING (gmm-est-fmllr:Update():fmllr-diag-gmm.cc:162) Not updating fMLLR since below min-count: count is 118
LOG (gmm-est-fmllr:main():gmm-est-fmllr.cc:143) For speaker train_S1_5_5_12, auxf-impr from fMLLR is 0, over 118 frames.
WARNING (gmm-est-fmllr:Update():fmllr-diag-gmm.cc:162) Not updating fMLLR since below min-count: count is 115
LOG (gmm-est-fmllr:main():gmm-est-fmllr.cc:143) For speaker train_S1_5_5_14, auxf-impr from fMLLR is 0, over 115 frames.
WARNING (gmm-est-fmllr:Update():fmllr-diag-gmm.cc:162) Not updating fMLLR since below min-count: count is 118
LOG (gmm-est-fmllr:main():gmm-est-fmllr.cc:143) For speaker train_S1_5_5_16, auxf-impr from fMLLR is 0, over 118 frames.
WARNING (gmm-est-fmllr:Update():fmllr-diag-gmm.cc:162) Not updating fMLLR since below min-count: count is 105
LOG (gmm-est-fmllr:main():gmm-est-fmllr.cc:143) For speaker train_S1_5_5_18, auxf-impr from fMLLR is 0, over 105 frames.
WARNING (gmm-est-fmllr:Update():fmllr-diag-gmm.cc:162) Not updating fMLLR since below min-count: count is 112
LOG (gmm-est-fmllr:main():gmm-est-fmllr.cc:143) For speaker train_S1_5_5_20, auxf-impr from fMLLR is 0, over 112 frames.
WARNING (gmm-est-fmllr:Update():fmllr-diag-gmm.cc:162) Not updating fMLLR since below min-count: count is 118
LOG (gmm-est-fmllr:main():gmm-est-fmllr.cc:143) For speaker train_S1_5_6_12, auxf-impr from fMLLR is 0, over 118 frames.
WARNING (gmm-est-fmllr:Update():fmllr-diag-gmm.cc:162) Not updating fMLLR since below min-count: count is 115
LOG (gmm-est-fmllr:main():gmm-est-fmllr.cc:143) For speaker train_S1_5_6_14, auxf-impr from fMLLR is 0, over 115 frames.
WARNING (gmm-est-fmllr:Update():fmllr-diag-gmm.cc:162) Not updating fMLLR since below min-count: count is 117
LOG (gmm-est-fmllr:main():gmm-est-fmllr.cc:143) For speaker train_S1_5_6_16, auxf-impr from fMLLR is 0, over 117 frames.
WARNING (gmm-est-fmllr:Update():fmllr-diag-gmm.cc:162) Not updating fMLLR since below min-count: count is 105
LOG (gmm-est-fmllr:main():gmm-est-fmllr.cc:143) For speaker train_S1_5_6_18, auxf-impr from fMLLR is 0, over 105 frames.
WARNING (gmm-est-fmllr:Update():fmllr-diag-gmm.cc:162) Not updating fMLLR since below min-count: count is 112
LOG (gmm-est-fmllr:main():gmm-est-fmllr.cc:143) For speaker train_S1_5_6_20, auxf-impr from fMLLR is 0, over 112 frames.
WARNING (gmm-est-fmllr:Update():fmllr-diag-gmm.cc:162) Not updating fMLLR since below min-count: count is 117
LOG (gmm-est-fmllr:main():gmm-est-fmllr.cc:143) For speaker train_S1_5_7_12, auxf-impr from fMLLR is 0, over 117 frames.
LOG (ali-to-post:main():ali-to-post.cc:65) Converted 241 alignments.
WARNING (gmm-est-fmllr:Update():fmllr-diag-gmm.cc:162) Not updating fMLLR since below min-count: count is 115
LOG (gmm-est-fmllr:main():gmm-est-fmllr.cc:143) For speaker train_S1_5_7_14, auxf-impr from fMLLR is 0, over 115 frames.
WARNING (gmm-est-fmllr:Update():fmllr-diag-gmm.cc:162) Not updating fMLLR since below min-count: count is 118
LOG (gmm-est-fmllr:main():gmm-est-fmllr.cc:143) For speaker train_S1_5_7_16, auxf-impr from fMLLR is 0, over 118 frames.
WARNING (gmm-est-fmllr:Update():fmllr-diag-gmm.cc:162) Not updating fMLLR since below min-count: count is 105
LOG (gmm-est-fmllr:main():gmm-est-fmllr.cc:143) For speaker train_S1_5_7_18, auxf-impr from fMLLR is 0, over 105 frames.
WARNING (gmm-est-fmllr:Update():fmllr-diag-gmm.cc:162) Not updating fMLLR since below min-count: count is 112
LOG (gmm-est-fmllr:main():gmm-est-fmllr.cc:143) For speaker train_S1_5_7_20, auxf-impr from fMLLR is 0, over 112 frames.
WARNING (gmm-est-fmllr:Update():fmllr-diag-gmm.cc:162) Not updating fMLLR since below min-count: count is 83
LOG (gmm-est-fmllr:main():gmm-est-fmllr.cc:143) For speaker train_S1_6_1_12, auxf-impr from fMLLR is 0, over 83 frames.
WARNING (gmm-est-fmllr:Update():fmllr-diag-gmm.cc:162) Not updating fMLLR since below min-count: count is 81
LOG (gmm-est-fmllr:main():gmm-est-fmllr.cc:143) For speaker train_S1_6_1_14, auxf-impr from fMLLR is 0, over 81 frames.
WARNING (gmm-est-fmllr:Update():fmllr-diag-gmm.cc:162) Not updating fMLLR since below min-count: count is 83
LOG (gmm-est-fmllr:main():gmm-est-fmllr.cc:143) For speaker train_S1_6_1_16, auxf-impr from fMLLR is 0, over 83 frames.
WARNING (gmm-est-fmllr:Update():fmllr-diag-gmm.cc:162) Not updating fMLLR since below min-count: count is 74
LOG (gmm-est-fmllr:main():gmm-est-fmllr.cc:143) For speaker train_S1_6_1_18, auxf-impr from fMLLR is 0, over 74 frames.
WARNING (gmm-est-fmllr:Update():fmllr-diag-gmm.cc:162) Not updating fMLLR since below min-count: count is 79
LOG (gmm-est-fmllr:main():gmm-est-fmllr.cc:143) For speaker train_S1_6_1_20, auxf-impr from fMLLR is 0, over 79 frames.
WARNING (gmm-est-fmllr:Update():fmllr-diag-gmm.cc:162) Not updating fMLLR since below min-count: count is 83
LOG (gmm-est-fmllr:main():gmm-est-fmllr.cc:143) For speaker train_S1_6_2_12, auxf-impr from fMLLR is 0, over 83 frames.
WARNING (gmm-est-fmllr:Update():fmllr-diag-gmm.cc:162) Not updating fMLLR since below min-count: count is 81
LOG (gmm-est-fmllr:main():gmm-est-fmllr.cc:143) For speaker train_S1_6_2_14, auxf-impr from fMLLR is 0, over 81 frames.
WARNING (gmm-est-fmllr:Update():fmllr-diag-gmm.cc:162) Not updating fMLLR since below min-count: count is 82
LOG (gmm-est-fmllr:main():gmm-est-fmllr.cc:143) For speaker train_S1_6_2_16, auxf-impr from fMLLR is 0, over 82 frames.
WARNING (gmm-est-fmllr:Update():fmllr-diag-gmm.cc:162) Not updating fMLLR since below min-count: count is 74
LOG (gmm-est-fmllr:main():gmm-est-fmllr.cc:143) For speaker train_S1_6_2_18, auxf-impr from fMLLR is 0, over 74 frames.
WARNING (gmm-est-fmllr:Update():fmllr-diag-gmm.cc:162) Not updating fMLLR since below min-count: count is 79
LOG (gmm-est-fmllr:main():gmm-est-fmllr.cc:143) For speaker train_S1_6_2_20, auxf-impr from fMLLR is 0, over 79 frames.
WARNING (gmm-est-fmllr:Update():fmllr-diag-gmm.cc:162) Not updating fMLLR since below min-count: count is 83
LOG (gmm-est-fmllr:main():gmm-est-fmllr.cc:143) For speaker train_S1_6_3_12, auxf-impr from fMLLR is 0, over 83 frames.
WARNING (gmm-est-fmllr:Update():fmllr-diag-gmm.cc:162) Not updating fMLLR since below min-count: count is 81
LOG (gmm-est-fmllr:main():gmm-est-fmllr.cc:143) For speaker train_S1_6_3_14, auxf-impr from fMLLR is 0, over 81 frames.
WARNING (gmm-est-fmllr:Update():fmllr-diag-gmm.cc:162) Not updating fMLLR since below min-count: count is 83
LOG (gmm-est-fmllr:main():gmm-est-fmllr.cc:143) For speaker train_S1_6_3_16, auxf-impr from fMLLR is 0, over 83 frames.
WARNING (gmm-est-fmllr:Update():fmllr-diag-gmm.cc:162) Not updating fMLLR since below min-count: count is 73
LOG (gmm-est-fmllr:main():gmm-est-fmllr.cc:143) For speaker train_S1_6_3_18, auxf-impr from fMLLR is 0, over 73 frames.
WARNING (gmm-est-fmllr:Update():fmllr-diag-gmm.cc:162) Not updating fMLLR since below min-count: count is 79
LOG (gmm-est-fmllr:main():gmm-est-fmllr.cc:143) For speaker train_S1_6_3_20, auxf-impr from fMLLR is 0, over 79 frames.
WARNING (gmm-est-fmllr:Update():fmllr-diag-gmm.cc:162) Not updating fMLLR since below min-count: count is 83
LOG (gmm-est-fmllr:main():gmm-est-fmllr.cc:143) For speaker train_S1_6_4_12, auxf-impr from fMLLR is 0, over 83 frames.
WARNING (gmm-est-fmllr:Update():fmllr-diag-gmm.cc:162) Not updating fMLLR since below min-count: count is 81
LOG (gmm-est-fmllr:main():gmm-est-fmllr.cc:143) For speaker train_S1_6_4_14, auxf-impr from fMLLR is 0, over 81 frames.
WARNING (gmm-est-fmllr:Update():fmllr-diag-gmm.cc:162) Not updating fMLLR since below min-count: count is 82
LOG (gmm-est-fmllr:main():gmm-est-fmllr.cc:143) For speaker train_S1_6_4_16, auxf-impr from fMLLR is 0, over 82 frames.
WARNING (gmm-est-fmllr:Update():fmllr-diag-gmm.cc:162) Not updating fMLLR since below min-count: count is 74
LOG (gmm-est-fmllr:main():gmm-est-fmllr.cc:143) For speaker train_S1_6_4_18, auxf-impr from fMLLR is 0, over 74 frames.
WARNING (gmm-est-fmllr:Update():fmllr-diag-gmm.cc:162) Not updating fMLLR since below min-count: count is 79
LOG (gmm-est-fmllr:main():gmm-est-fmllr.cc:143) For speaker train_S1_6_4_20, auxf-impr from fMLLR is 0, over 79 frames.
WARNING (gmm-est-fmllr:Update():fmllr-diag-gmm.cc:162) Not updating fMLLR since below min-count: count is 83
LOG (gmm-est-fmllr:main():gmm-est-fmllr.cc:143) For speaker train_S1_6_5_12, auxf-impr from fMLLR is 0, over 83 frames.
LOG (weight-silence-post:main():weight-silence-post.cc:95) Done 241 posteriors.
WARNING (gmm-est-fmllr:Update():fmllr-diag-gmm.cc:162) Not updating fMLLR since below min-count: count is 81
LOG (gmm-est-fmllr:main():gmm-est-fmllr.cc:143) For speaker train_S1_6_5_14, auxf-impr from fMLLR is 0, over 81 frames.
WARNING (gmm-est-fmllr:Update():fmllr-diag-gmm.cc:162) Not updating fMLLR since below min-count: count is 82
LOG (gmm-est-fmllr:main():gmm-est-fmllr.cc:143) For speaker train_S1_6_5_16, auxf-impr from fMLLR is 0, over 82 frames.
WARNING (gmm-est-fmllr:Update():fmllr-diag-gmm.cc:162) Not updating fMLLR since below min-count: count is 73
LOG (gmm-est-fmllr:main():gmm-est-fmllr.cc:143) For speaker train_S1_6_5_18, auxf-impr from fMLLR is 0, over 73 frames.
WARNING (gmm-est-fmllr:Update():fmllr-diag-gmm.cc:162) Not updating fMLLR since below min-count: count is 79
LOG (gmm-est-fmllr:main():gmm-est-fmllr.cc:143) For speaker train_S1_6_5_20, auxf-impr from fMLLR is 0, over 79 frames.
WARNING (gmm-est-fmllr:Update():fmllr-diag-gmm.cc:162) Not updating fMLLR since below min-count: count is 83
LOG (gmm-est-fmllr:main():gmm-est-fmllr.cc:143) For speaker train_S1_6_6_12, auxf-impr from fMLLR is 0, over 83 frames.
WARNING (gmm-est-fmllr:Update():fmllr-diag-gmm.cc:162) Not updating fMLLR since below min-count: count is 81
LOG (gmm-est-fmllr:main():gmm-est-fmllr.cc:143) For speaker train_S1_6_6_14, auxf-impr from fMLLR is 0, over 81 frames.
WARNING (gmm-est-fmllr:Update():fmllr-diag-gmm.cc:162) Not updating fMLLR since below min-count: count is 82
LOG (gmm-est-fmllr:main():gmm-est-fmllr.cc:143) For speaker train_S1_6_6_16, auxf-impr from fMLLR is 0, over 82 frames.
WARNING (gmm-est-fmllr:Update():fmllr-diag-gmm.cc:162) Not updating fMLLR since below min-count: count is 73
LOG (gmm-est-fmllr:main():gmm-est-fmllr.cc:143) For speaker train_S1_6_6_18, auxf-impr from fMLLR is 0, over 73 frames.
WARNING (gmm-est-fmllr:Update():fmllr-diag-gmm.cc:162) Not updating fMLLR since below min-count: count is 79
LOG (gmm-est-fmllr:main():gmm-est-fmllr.cc:143) For speaker train_S1_6_6_20, auxf-impr from fMLLR is 0, over 79 frames.
WARNING (gmm-est-fmllr:Update():fmllr-diag-gmm.cc:162) Not updating fMLLR since below min-count: count is 83
LOG (gmm-est-fmllr:main():gmm-est-fmllr.cc:143) For speaker train_S1_6_7_12, auxf-impr from fMLLR is 0, over 83 frames.
WARNING (gmm-est-fmllr:Update():fmllr-diag-gmm.cc:162) Not updating fMLLR since below min-count: count is 81
LOG (gmm-est-fmllr:main():gmm-est-fmllr.cc:143) For speaker train_S1_6_7_14, auxf-impr from fMLLR is 0, over 81 frames.
WARNING (gmm-est-fmllr:Update():fmllr-diag-gmm.cc:162) Not updating fMLLR since below min-count: count is 82
LOG (gmm-est-fmllr:main():gmm-est-fmllr.cc:143) For speaker train_S1_6_7_16, auxf-impr from fMLLR is 0, over 82 frames.
WARNING (gmm-est-fmllr:Update():fmllr-diag-gmm.cc:162) Not updating fMLLR since below min-count: count is 73
LOG (gmm-est-fmllr:main():gmm-est-fmllr.cc:143) For speaker train_S1_6_7_18, auxf-impr from fMLLR is 0, over 73 frames.
WARNING (gmm-est-fmllr:Update():fmllr-diag-gmm.cc:162) Not updating fMLLR since below min-count: count is 79
LOG (gmm-est-fmllr:main():gmm-est-fmllr.cc:143) For speaker train_S1_6_7_20, auxf-impr from fMLLR is 0, over 79 frames.
WARNING (gmm-est-fmllr:Update():fmllr-diag-gmm.cc:162) Not updating fMLLR since below min-count: count is 87
LOG (gmm-est-fmllr:main():gmm-est-fmllr.cc:143) For speaker train_S1_7_1_12, auxf-impr from fMLLR is 0, over 87 frames.
WARNING (gmm-est-fmllr:Update():fmllr-diag-gmm.cc:162) Not updating fMLLR since below min-count: count is 85
LOG (gmm-est-fmllr:main():gmm-est-fmllr.cc:143) For speaker train_S1_7_1_14, auxf-impr from fMLLR is 0, over 85 frames.
WARNING (gmm-est-fmllr:Update():fmllr-diag-gmm.cc:162) Not updating fMLLR since below min-count: count is 87
LOG (gmm-est-fmllr:main():gmm-est-fmllr.cc:143) For speaker train_S1_7_1_16, auxf-impr from fMLLR is 0, over 87 frames.
WARNING (gmm-est-fmllr:Update():fmllr-diag-gmm.cc:162) Not updating fMLLR since below min-count: count is 78
LOG (gmm-est-fmllr:main():gmm-est-fmllr.cc:143) For speaker train_S1_7_1_18, auxf-impr from fMLLR is 0, over 78 frames.
WARNING (gmm-est-fmllr:Update():fmllr-diag-gmm.cc:162) Not updating fMLLR since below min-count: count is 83
LOG (gmm-est-fmllr:main():gmm-est-fmllr.cc:143) For speaker train_S1_7_1_20, auxf-impr from fMLLR is 0, over 83 frames.
WARNING (gmm-est-fmllr:Update():fmllr-diag-gmm.cc:162) Not updating fMLLR since below min-count: count is 87
LOG (gmm-est-fmllr:main():gmm-est-fmllr.cc:143) For speaker train_S1_7_2_12, auxf-impr from fMLLR is 0, over 87 frames.
WARNING (gmm-est-fmllr:Update():fmllr-diag-gmm.cc:162) Not updating fMLLR since below min-count: count is 85
LOG (gmm-est-fmllr:main():gmm-est-fmllr.cc:143) For speaker train_S1_7_2_14, auxf-impr from fMLLR is 0, over 85 frames.
LOG (apply-cmvn:main():apply-cmvn.cc:146) Applied cepstral mean normalization to 241 utterances, errors on 0
WARNING (gmm-est-fmllr:Update():fmllr-diag-gmm.cc:162) Not updating fMLLR since below min-count: count is 87
LOG (gmm-est-fmllr:main():gmm-est-fmllr.cc:143) For speaker train_S1_7_2_16, auxf-impr from fMLLR is 0, over 87 frames.
WARNING (gmm-est-fmllr:Update():fmllr-diag-gmm.cc:162) Not updating fMLLR since below min-count: count is 78
LOG (gmm-est-fmllr:main():gmm-est-fmllr.cc:143) For speaker train_S1_7_2_18, auxf-impr from fMLLR is 0, over 78 frames.
WARNING (gmm-est-fmllr:Update():fmllr-diag-gmm.cc:162) Not updating fMLLR since below min-count: count is 83
LOG (gmm-est-fmllr:main():gmm-est-fmllr.cc:143) For speaker train_S1_7_2_20, auxf-impr from fMLLR is 0, over 83 frames.
WARNING (gmm-est-fmllr:Update():fmllr-diag-gmm.cc:162) Not updating fMLLR since below min-count: count is 87
LOG (gmm-est-fmllr:main():gmm-est-fmllr.cc:143) For speaker train_S1_7_3_12, auxf-impr from fMLLR is 0, over 87 frames.
WARNING (gmm-est-fmllr:Update():fmllr-diag-gmm.cc:162) Not updating fMLLR since below min-count: count is 85
LOG (gmm-est-fmllr:main():gmm-est-fmllr.cc:143) For speaker train_S1_7_3_14, auxf-impr from fMLLR is 0, over 85 frames.
WARNING (gmm-est-fmllr:Update():fmllr-diag-gmm.cc:162) Not updating fMLLR since below min-count: count is 87
LOG (gmm-est-fmllr:main():gmm-est-fmllr.cc:143) For speaker train_S1_7_3_16, auxf-impr from fMLLR is 0, over 87 frames.
WARNING (gmm-est-fmllr:Update():fmllr-diag-gmm.cc:162) Not updating fMLLR since below min-count: count is 78
LOG (gmm-est-fmllr:main():gmm-est-fmllr.cc:143) For speaker train_S1_7_3_18, auxf-impr from fMLLR is 0, over 78 frames.
WARNING (gmm-est-fmllr:Update():fmllr-diag-gmm.cc:162) Not updating fMLLR since below min-count: count is 83
LOG (gmm-est-fmllr:main():gmm-est-fmllr.cc:143) For speaker train_S1_7_3_20, auxf-impr from fMLLR is 0, over 83 frames.
WARNING (gmm-est-fmllr:Update():fmllr-diag-gmm.cc:162) Not updating fMLLR since below min-count: count is 87
LOG (gmm-est-fmllr:main():gmm-est-fmllr.cc:143) For speaker train_S1_7_4_12, auxf-impr from fMLLR is 0, over 87 frames.
WARNING (gmm-est-fmllr:Update():fmllr-diag-gmm.cc:162) Not updating fMLLR since below min-count: count is 85
LOG (gmm-est-fmllr:main():gmm-est-fmllr.cc:143) For speaker train_S1_7_4_14, auxf-impr from fMLLR is 0, over 85 frames.
WARNING (gmm-est-fmllr:Update():fmllr-diag-gmm.cc:162) Not updating fMLLR since below min-count: count is 87
LOG (gmm-est-fmllr:main():gmm-est-fmllr.cc:143) For speaker train_S1_7_4_16, auxf-impr from fMLLR is 0, over 87 frames.
LOG (transform-feats:main():transform-feats.cc:158) Overall average logdet is 0 over 46839 frames.
LOG (transform-feats:main():transform-feats.cc:161) Applied transform to 241 utterances; 0 had errors.
WARNING (gmm-est-fmllr:Update():fmllr-diag-gmm.cc:162) Not updating fMLLR since below min-count: count is 78
LOG (gmm-est-fmllr:main():gmm-est-fmllr.cc:143) For speaker train_S1_7_4_18, auxf-impr from fMLLR is 0, over 78 frames.
WARNING (gmm-est-fmllr:Update():fmllr-diag-gmm.cc:162) Not updating fMLLR since below min-count: count is 83
LOG (gmm-est-fmllr:main():gmm-est-fmllr.cc:143) For speaker train_S1_7_4_20, auxf-impr from fMLLR is 0, over 83 frames.
WARNING (gmm-est-fmllr:Update():fmllr-diag-gmm.cc:162) Not updating fMLLR since below min-count: count is 87
LOG (gmm-est-fmllr:main():gmm-est-fmllr.cc:143) For speaker train_S1_7_5_12, auxf-impr from fMLLR is 0, over 87 frames.
LOG (gmm-est-fmllr:main():gmm-est-fmllr.cc:188) Done 241 files, 0 with no posts, 0 with other errors.
LOG (gmm-est-fmllr:main():gmm-est-fmllr.cc:190) Overall fMLLR auxf impr per frame is 0 over 24350 frames.
# Accounting: time=2 threads=1
# Ended (code 0) at Mon Feb 24 09:56:15 IST 2020, elapsed time 2 seconds
