# ali-to-post "ark:gunzip -c exp/mono_ali/ali.22.gz|" ark:- | weight-silence-post 0.0 1 exp/mono_ali/final.mdl ark:- ark:- | gmm-est-fmllr --fmllr-update-type=full --spk2utt=ark:data/train/split30/22/spk2utt exp/mono_ali/final.mdl "ark,s,cs:apply-cmvn  --utt2spk=ark:data/train/split30/22/utt2spk scp:data/train/split30/22/cmvn.scp scp:data/train/split30/22/feats.scp ark:- | add-deltas  ark:- ark:- |" ark:- ark:exp/mono2/trans.22 
# Started at Mon Feb 10 15:29:53 IST 2020
#
ali-to-post 'ark:gunzip -c exp/mono_ali/ali.22.gz|' ark:- 
gmm-est-fmllr --fmllr-update-type=full --spk2utt=ark:data/train/split30/22/spk2utt exp/mono_ali/final.mdl 'ark,s,cs:apply-cmvn  --utt2spk=ark:data/train/split30/22/utt2spk scp:data/train/split30/22/cmvn.scp scp:data/train/split30/22/feats.scp ark:- | add-deltas  ark:- ark:- |' ark:- ark:exp/mono2/trans.22 
weight-silence-post 0.0 1 exp/mono_ali/final.mdl ark:- ark:- 
apply-cmvn --utt2spk=ark:data/train/split30/22/utt2spk scp:data/train/split30/22/cmvn.scp scp:data/train/split30/22/feats.scp ark:- 
add-deltas ark:- ark:- 
WARNING (gmm-est-fmllr:Update():fmllr-diag-gmm.cc:162) Not updating fMLLR since below min-count: count is 92
LOG (gmm-est-fmllr:main():gmm-est-fmllr.cc:143) For speaker train_S3_4_5_14, auxf-impr from fMLLR is 0, over 92 frames.
WARNING (gmm-est-fmllr:Update():fmllr-diag-gmm.cc:162) Not updating fMLLR since below min-count: count is 93
LOG (gmm-est-fmllr:main():gmm-est-fmllr.cc:143) For speaker train_S3_4_5_16, auxf-impr from fMLLR is 0, over 93 frames.
WARNING (gmm-est-fmllr:Update():fmllr-diag-gmm.cc:162) Not updating fMLLR since below min-count: count is 83
LOG (gmm-est-fmllr:main():gmm-est-fmllr.cc:143) For speaker train_S3_4_5_18, auxf-impr from fMLLR is 0, over 83 frames.
WARNING (gmm-est-fmllr:Update():fmllr-diag-gmm.cc:162) Not updating fMLLR since below min-count: count is 90
LOG (gmm-est-fmllr:main():gmm-est-fmllr.cc:143) For speaker train_S3_4_5_20, auxf-impr from fMLLR is 0, over 90 frames.
WARNING (gmm-est-fmllr:Update():fmllr-diag-gmm.cc:162) Not updating fMLLR since below min-count: count is 93
LOG (gmm-est-fmllr:main():gmm-est-fmllr.cc:143) For speaker train_S3_4_6_12, auxf-impr from fMLLR is 0, over 93 frames.
WARNING (gmm-est-fmllr:Update():fmllr-diag-gmm.cc:162) Not updating fMLLR since below min-count: count is 92
LOG (gmm-est-fmllr:main():gmm-est-fmllr.cc:143) For speaker train_S3_4_6_14, auxf-impr from fMLLR is 0, over 92 frames.
WARNING (gmm-est-fmllr:Update():fmllr-diag-gmm.cc:162) Not updating fMLLR since below min-count: count is 93
LOG (gmm-est-fmllr:main():gmm-est-fmllr.cc:143) For speaker train_S3_4_6_16, auxf-impr from fMLLR is 0, over 93 frames.
WARNING (gmm-est-fmllr:Update():fmllr-diag-gmm.cc:162) Not updating fMLLR since below min-count: count is 84
LOG (gmm-est-fmllr:main():gmm-est-fmllr.cc:143) For speaker train_S3_4_6_18, auxf-impr from fMLLR is 0, over 84 frames.
WARNING (gmm-est-fmllr:Update():fmllr-diag-gmm.cc:162) Not updating fMLLR since below min-count: count is 90
LOG (gmm-est-fmllr:main():gmm-est-fmllr.cc:143) For speaker train_S3_4_6_20, auxf-impr from fMLLR is 0, over 90 frames.
WARNING (gmm-est-fmllr:Update():fmllr-diag-gmm.cc:162) Not updating fMLLR since below min-count: count is 93
LOG (gmm-est-fmllr:main():gmm-est-fmllr.cc:143) For speaker train_S3_4_7_12, auxf-impr from fMLLR is 0, over 93 frames.
WARNING (gmm-est-fmllr:Update():fmllr-diag-gmm.cc:162) Not updating fMLLR since below min-count: count is 92
LOG (gmm-est-fmllr:main():gmm-est-fmllr.cc:143) For speaker train_S3_4_7_14, auxf-impr from fMLLR is 0, over 92 frames.
WARNING (gmm-est-fmllr:Update():fmllr-diag-gmm.cc:162) Not updating fMLLR since below min-count: count is 93
LOG (gmm-est-fmllr:main():gmm-est-fmllr.cc:143) For speaker train_S3_4_7_16, auxf-impr from fMLLR is 0, over 93 frames.
WARNING (gmm-est-fmllr:Update():fmllr-diag-gmm.cc:162) Not updating fMLLR since below min-count: count is 84
LOG (gmm-est-fmllr:main():gmm-est-fmllr.cc:143) For speaker train_S3_4_7_18, auxf-impr from fMLLR is 0, over 84 frames.
WARNING (gmm-est-fmllr:Update():fmllr-diag-gmm.cc:162) Not updating fMLLR since below min-count: count is 90
LOG (gmm-est-fmllr:main():gmm-est-fmllr.cc:143) For speaker train_S3_4_7_20, auxf-impr from fMLLR is 0, over 90 frames.
WARNING (gmm-est-fmllr:Update():fmllr-diag-gmm.cc:162) Not updating fMLLR since below min-count: count is 73
LOG (gmm-est-fmllr:main():gmm-est-fmllr.cc:143) For speaker train_S3_5_1_12, auxf-impr from fMLLR is 0, over 73 frames.
WARNING (gmm-est-fmllr:Update():fmllr-diag-gmm.cc:162) Not updating fMLLR since below min-count: count is 71
LOG (gmm-est-fmllr:main():gmm-est-fmllr.cc:143) For speaker train_S3_5_1_14, auxf-impr from fMLLR is 0, over 71 frames.
WARNING (gmm-est-fmllr:Update():fmllr-diag-gmm.cc:162) Not updating fMLLR since below min-count: count is 73
LOG (gmm-est-fmllr:main():gmm-est-fmllr.cc:143) For speaker train_S3_5_1_16, auxf-impr from fMLLR is 0, over 73 frames.
WARNING (gmm-est-fmllr:Update():fmllr-diag-gmm.cc:162) Not updating fMLLR since below min-count: count is 65
LOG (gmm-est-fmllr:main():gmm-est-fmllr.cc:143) For speaker train_S3_5_1_18, auxf-impr from fMLLR is 0, over 65 frames.
WARNING (gmm-est-fmllr:Update():fmllr-diag-gmm.cc:162) Not updating fMLLR since below min-count: count is 70
LOG (gmm-est-fmllr:main():gmm-est-fmllr.cc:143) For speaker train_S3_5_1_20, auxf-impr from fMLLR is 0, over 70 frames.
WARNING (gmm-est-fmllr:Update():fmllr-diag-gmm.cc:162) Not updating fMLLR since below min-count: count is 73
LOG (gmm-est-fmllr:main():gmm-est-fmllr.cc:143) For speaker train_S3_5_2_12, auxf-impr from fMLLR is 0, over 73 frames.
WARNING (gmm-est-fmllr:Update():fmllr-diag-gmm.cc:162) Not updating fMLLR since below min-count: count is 71
LOG (gmm-est-fmllr:main():gmm-est-fmllr.cc:143) For speaker train_S3_5_2_14, auxf-impr from fMLLR is 0, over 71 frames.
WARNING (gmm-est-fmllr:Update():fmllr-diag-gmm.cc:162) Not updating fMLLR since below min-count: count is 73
LOG (gmm-est-fmllr:main():gmm-est-fmllr.cc:143) For speaker train_S3_5_2_16, auxf-impr from fMLLR is 0, over 73 frames.
WARNING (gmm-est-fmllr:Update():fmllr-diag-gmm.cc:162) Not updating fMLLR since below min-count: count is 65
LOG (gmm-est-fmllr:main():gmm-est-fmllr.cc:143) For speaker train_S3_5_2_18, auxf-impr from fMLLR is 0, over 65 frames.
WARNING (gmm-est-fmllr:Update():fmllr-diag-gmm.cc:162) Not updating fMLLR since below min-count: count is 70
LOG (gmm-est-fmllr:main():gmm-est-fmllr.cc:143) For speaker train_S3_5_2_20, auxf-impr from fMLLR is 0, over 70 frames.
WARNING (gmm-est-fmllr:Update():fmllr-diag-gmm.cc:162) Not updating fMLLR since below min-count: count is 73
LOG (gmm-est-fmllr:main():gmm-est-fmllr.cc:143) For speaker train_S3_5_3_12, auxf-impr from fMLLR is 0, over 73 frames.
WARNING (gmm-est-fmllr:Update():fmllr-diag-gmm.cc:162) Not updating fMLLR since below min-count: count is 71
LOG (gmm-est-fmllr:main():gmm-est-fmllr.cc:143) For speaker train_S3_5_3_14, auxf-impr from fMLLR is 0, over 71 frames.
WARNING (gmm-est-fmllr:Update():fmllr-diag-gmm.cc:162) Not updating fMLLR since below min-count: count is 73
LOG (gmm-est-fmllr:main():gmm-est-fmllr.cc:143) For speaker train_S3_5_3_16, auxf-impr from fMLLR is 0, over 73 frames.
WARNING (gmm-est-fmllr:Update():fmllr-diag-gmm.cc:162) Not updating fMLLR since below min-count: count is 65
LOG (gmm-est-fmllr:main():gmm-est-fmllr.cc:143) For speaker train_S3_5_3_18, auxf-impr from fMLLR is 0, over 65 frames.
WARNING (gmm-est-fmllr:Update():fmllr-diag-gmm.cc:162) Not updating fMLLR since below min-count: count is 70
LOG (gmm-est-fmllr:main():gmm-est-fmllr.cc:143) For speaker train_S3_5_3_20, auxf-impr from fMLLR is 0, over 70 frames.
WARNING (gmm-est-fmllr:Update():fmllr-diag-gmm.cc:162) Not updating fMLLR since below min-count: count is 73
LOG (gmm-est-fmllr:main():gmm-est-fmllr.cc:143) For speaker train_S3_5_4_12, auxf-impr from fMLLR is 0, over 73 frames.
WARNING (gmm-est-fmllr:Update():fmllr-diag-gmm.cc:162) Not updating fMLLR since below min-count: count is 71
LOG (gmm-est-fmllr:main():gmm-est-fmllr.cc:143) For speaker train_S3_5_4_14, auxf-impr from fMLLR is 0, over 71 frames.
WARNING (gmm-est-fmllr:Update():fmllr-diag-gmm.cc:162) Not updating fMLLR since below min-count: count is 73
LOG (gmm-est-fmllr:main():gmm-est-fmllr.cc:143) For speaker train_S3_5_4_16, auxf-impr from fMLLR is 0, over 73 frames.
WARNING (gmm-est-fmllr:Update():fmllr-diag-gmm.cc:162) Not updating fMLLR since below min-count: count is 65
LOG (gmm-est-fmllr:main():gmm-est-fmllr.cc:143) For speaker train_S3_5_4_18, auxf-impr from fMLLR is 0, over 65 frames.
WARNING (gmm-est-fmllr:Update():fmllr-diag-gmm.cc:162) Not updating fMLLR since below min-count: count is 70
LOG (gmm-est-fmllr:main():gmm-est-fmllr.cc:143) For speaker train_S3_5_4_20, auxf-impr from fMLLR is 0, over 70 frames.
WARNING (gmm-est-fmllr:Update():fmllr-diag-gmm.cc:162) Not updating fMLLR since below min-count: count is 73
LOG (gmm-est-fmllr:main():gmm-est-fmllr.cc:143) For speaker train_S3_5_5_12, auxf-impr from fMLLR is 0, over 73 frames.
WARNING (gmm-est-fmllr:Update():fmllr-diag-gmm.cc:162) Not updating fMLLR since below min-count: count is 71
LOG (gmm-est-fmllr:main():gmm-est-fmllr.cc:143) For speaker train_S3_5_5_14, auxf-impr from fMLLR is 0, over 71 frames.
WARNING (gmm-est-fmllr:Update():fmllr-diag-gmm.cc:162) Not updating fMLLR since below min-count: count is 73
LOG (gmm-est-fmllr:main():gmm-est-fmllr.cc:143) For speaker train_S3_5_5_16, auxf-impr from fMLLR is 0, over 73 frames.
WARNING (gmm-est-fmllr:Update():fmllr-diag-gmm.cc:162) Not updating fMLLR since below min-count: count is 65
LOG (gmm-est-fmllr:main():gmm-est-fmllr.cc:143) For speaker train_S3_5_5_18, auxf-impr from fMLLR is 0, over 65 frames.
WARNING (gmm-est-fmllr:Update():fmllr-diag-gmm.cc:162) Not updating fMLLR since below min-count: count is 70
LOG (gmm-est-fmllr:main():gmm-est-fmllr.cc:143) For speaker train_S3_5_5_20, auxf-impr from fMLLR is 0, over 70 frames.
WARNING (gmm-est-fmllr:Update():fmllr-diag-gmm.cc:162) Not updating fMLLR since below min-count: count is 73
LOG (gmm-est-fmllr:main():gmm-est-fmllr.cc:143) For speaker train_S3_5_6_12, auxf-impr from fMLLR is 0, over 73 frames.
WARNING (gmm-est-fmllr:Update():fmllr-diag-gmm.cc:162) Not updating fMLLR since below min-count: count is 71
LOG (gmm-est-fmllr:main():gmm-est-fmllr.cc:143) For speaker train_S3_5_6_14, auxf-impr from fMLLR is 0, over 71 frames.
WARNING (gmm-est-fmllr:Update():fmllr-diag-gmm.cc:162) Not updating fMLLR since below min-count: count is 73
LOG (gmm-est-fmllr:main():gmm-est-fmllr.cc:143) For speaker train_S3_5_6_16, auxf-impr from fMLLR is 0, over 73 frames.
WARNING (gmm-est-fmllr:Update():fmllr-diag-gmm.cc:162) Not updating fMLLR since below min-count: count is 65
LOG (gmm-est-fmllr:main():gmm-est-fmllr.cc:143) For speaker train_S3_5_6_18, auxf-impr from fMLLR is 0, over 65 frames.
WARNING (gmm-est-fmllr:Update():fmllr-diag-gmm.cc:162) Not updating fMLLR since below min-count: count is 70
LOG (gmm-est-fmllr:main():gmm-est-fmllr.cc:143) For speaker train_S3_5_6_20, auxf-impr from fMLLR is 0, over 70 frames.
WARNING (gmm-est-fmllr:Update():fmllr-diag-gmm.cc:162) Not updating fMLLR since below min-count: count is 74
LOG (gmm-est-fmllr:main():gmm-est-fmllr.cc:143) For speaker train_S3_5_7_12, auxf-impr from fMLLR is 0, over 74 frames.
WARNING (gmm-est-fmllr:Update():fmllr-diag-gmm.cc:162) Not updating fMLLR since below min-count: count is 71
LOG (gmm-est-fmllr:main():gmm-est-fmllr.cc:143) For speaker train_S3_5_7_14, auxf-impr from fMLLR is 0, over 71 frames.
WARNING (gmm-est-fmllr:Update():fmllr-diag-gmm.cc:162) Not updating fMLLR since below min-count: count is 73
LOG (gmm-est-fmllr:main():gmm-est-fmllr.cc:143) For speaker train_S3_5_7_16, auxf-impr from fMLLR is 0, over 73 frames.
WARNING (gmm-est-fmllr:Update():fmllr-diag-gmm.cc:162) Not updating fMLLR since below min-count: count is 65
LOG (gmm-est-fmllr:main():gmm-est-fmllr.cc:143) For speaker train_S3_5_7_18, auxf-impr from fMLLR is 0, over 65 frames.
WARNING (gmm-est-fmllr:Update():fmllr-diag-gmm.cc:162) Not updating fMLLR since below min-count: count is 70
LOG (gmm-est-fmllr:main():gmm-est-fmllr.cc:143) For speaker train_S3_5_7_20, auxf-impr from fMLLR is 0, over 70 frames.
WARNING (gmm-est-fmllr:Update():fmllr-diag-gmm.cc:162) Not updating fMLLR since below min-count: count is 75
LOG (gmm-est-fmllr:main():gmm-est-fmllr.cc:143) For speaker train_S3_6_1_12, auxf-impr from fMLLR is 0, over 75 frames.
WARNING (gmm-est-fmllr:Update():fmllr-diag-gmm.cc:162) Not updating fMLLR since below min-count: count is 73
LOG (gmm-est-fmllr:main():gmm-est-fmllr.cc:143) For speaker train_S3_6_1_14, auxf-impr from fMLLR is 0, over 73 frames.
WARNING (gmm-est-fmllr:Update():fmllr-diag-gmm.cc:162) Not updating fMLLR since below min-count: count is 75
LOG (gmm-est-fmllr:main():gmm-est-fmllr.cc:143) For speaker train_S3_6_1_16, auxf-impr from fMLLR is 0, over 75 frames.
WARNING (gmm-est-fmllr:Update():fmllr-diag-gmm.cc:162) Not updating fMLLR since below min-count: count is 66
LOG (gmm-est-fmllr:main():gmm-est-fmllr.cc:143) For speaker train_S3_6_1_18, auxf-impr from fMLLR is 0, over 66 frames.
WARNING (gmm-est-fmllr:Update():fmllr-diag-gmm.cc:162) Not updating fMLLR since below min-count: count is 71
LOG (gmm-est-fmllr:main():gmm-est-fmllr.cc:143) For speaker train_S3_6_1_20, auxf-impr from fMLLR is 0, over 71 frames.
WARNING (gmm-est-fmllr:Update():fmllr-diag-gmm.cc:162) Not updating fMLLR since below min-count: count is 75
LOG (gmm-est-fmllr:main():gmm-est-fmllr.cc:143) For speaker train_S3_6_2_12, auxf-impr from fMLLR is 0, over 75 frames.
WARNING (gmm-est-fmllr:Update():fmllr-diag-gmm.cc:162) Not updating fMLLR since below min-count: count is 73
LOG (gmm-est-fmllr:main():gmm-est-fmllr.cc:143) For speaker train_S3_6_2_14, auxf-impr from fMLLR is 0, over 73 frames.
WARNING (gmm-est-fmllr:Update():fmllr-diag-gmm.cc:162) Not updating fMLLR since below min-count: count is 75
LOG (gmm-est-fmllr:main():gmm-est-fmllr.cc:143) For speaker train_S3_6_2_16, auxf-impr from fMLLR is 0, over 75 frames.
WARNING (gmm-est-fmllr:Update():fmllr-diag-gmm.cc:162) Not updating fMLLR since below min-count: count is 67
LOG (gmm-est-fmllr:main():gmm-est-fmllr.cc:143) For speaker train_S3_6_2_18, auxf-impr from fMLLR is 0, over 67 frames.
WARNING (gmm-est-fmllr:Update():fmllr-diag-gmm.cc:162) Not updating fMLLR since below min-count: count is 72
LOG (gmm-est-fmllr:main():gmm-est-fmllr.cc:143) For speaker train_S3_6_2_20, auxf-impr from fMLLR is 0, over 72 frames.
WARNING (gmm-est-fmllr:Update():fmllr-diag-gmm.cc:162) Not updating fMLLR since below min-count: count is 75
LOG (gmm-est-fmllr:main():gmm-est-fmllr.cc:143) For speaker train_S3_6_3_12, auxf-impr from fMLLR is 0, over 75 frames.
WARNING (gmm-est-fmllr:Update():fmllr-diag-gmm.cc:162) Not updating fMLLR since below min-count: count is 73
LOG (gmm-est-fmllr:main():gmm-est-fmllr.cc:143) For speaker train_S3_6_3_14, auxf-impr from fMLLR is 0, over 73 frames.
WARNING (gmm-est-fmllr:Update():fmllr-diag-gmm.cc:162) Not updating fMLLR since below min-count: count is 75
LOG (gmm-est-fmllr:main():gmm-est-fmllr.cc:143) For speaker train_S3_6_3_16, auxf-impr from fMLLR is 0, over 75 frames.
WARNING (gmm-est-fmllr:Update():fmllr-diag-gmm.cc:162) Not updating fMLLR since below min-count: count is 66
LOG (gmm-est-fmllr:main():gmm-est-fmllr.cc:143) For speaker train_S3_6_3_18, auxf-impr from fMLLR is 0, over 66 frames.
WARNING (gmm-est-fmllr:Update():fmllr-diag-gmm.cc:162) Not updating fMLLR since below min-count: count is 72
LOG (gmm-est-fmllr:main():gmm-est-fmllr.cc:143) For speaker train_S3_6_3_20, auxf-impr from fMLLR is 0, over 72 frames.
WARNING (gmm-est-fmllr:Update():fmllr-diag-gmm.cc:162) Not updating fMLLR since below min-count: count is 75
LOG (gmm-est-fmllr:main():gmm-est-fmllr.cc:143) For speaker train_S3_6_4_12, auxf-impr from fMLLR is 0, over 75 frames.
WARNING (gmm-est-fmllr:Update():fmllr-diag-gmm.cc:162) Not updating fMLLR since below min-count: count is 73
LOG (gmm-est-fmllr:main():gmm-est-fmllr.cc:143) For speaker train_S3_6_4_14, auxf-impr from fMLLR is 0, over 73 frames.
WARNING (gmm-est-fmllr:Update():fmllr-diag-gmm.cc:162) Not updating fMLLR since below min-count: count is 75
LOG (gmm-est-fmllr:main():gmm-est-fmllr.cc:143) For speaker train_S3_6_4_16, auxf-impr from fMLLR is 0, over 75 frames.
WARNING (gmm-est-fmllr:Update():fmllr-diag-gmm.cc:162) Not updating fMLLR since below min-count: count is 67
LOG (gmm-est-fmllr:main():gmm-est-fmllr.cc:143) For speaker train_S3_6_4_18, auxf-impr from fMLLR is 0, over 67 frames.
WARNING (gmm-est-fmllr:Update():fmllr-diag-gmm.cc:162) Not updating fMLLR since below min-count: count is 72
LOG (gmm-est-fmllr:main():gmm-est-fmllr.cc:143) For speaker train_S3_6_4_20, auxf-impr from fMLLR is 0, over 72 frames.
WARNING (gmm-est-fmllr:Update():fmllr-diag-gmm.cc:162) Not updating fMLLR since below min-count: count is 75
LOG (gmm-est-fmllr:main():gmm-est-fmllr.cc:143) For speaker train_S3_6_5_12, auxf-impr from fMLLR is 0, over 75 frames.
WARNING (gmm-est-fmllr:Update():fmllr-diag-gmm.cc:162) Not updating fMLLR since below min-count: count is 73
LOG (gmm-est-fmllr:main():gmm-est-fmllr.cc:143) For speaker train_S3_6_5_14, auxf-impr from fMLLR is 0, over 73 frames.
WARNING (gmm-est-fmllr:Update():fmllr-diag-gmm.cc:162) Not updating fMLLR since below min-count: count is 75
LOG (gmm-est-fmllr:main():gmm-est-fmllr.cc:143) For speaker train_S3_6_5_16, auxf-impr from fMLLR is 0, over 75 frames.
WARNING (gmm-est-fmllr:Update():fmllr-diag-gmm.cc:162) Not updating fMLLR since below min-count: count is 67
LOG (gmm-est-fmllr:main():gmm-est-fmllr.cc:143) For speaker train_S3_6_5_18, auxf-impr from fMLLR is 0, over 67 frames.
WARNING (gmm-est-fmllr:Update():fmllr-diag-gmm.cc:162) Not updating fMLLR since below min-count: count is 72
LOG (gmm-est-fmllr:main():gmm-est-fmllr.cc:143) For speaker train_S3_6_5_20, auxf-impr from fMLLR is 0, over 72 frames.
WARNING (gmm-est-fmllr:Update():fmllr-diag-gmm.cc:162) Not updating fMLLR since below min-count: count is 75
LOG (gmm-est-fmllr:main():gmm-est-fmllr.cc:143) For speaker train_S3_6_6_12, auxf-impr from fMLLR is 0, over 75 frames.
WARNING (gmm-est-fmllr:Update():fmllr-diag-gmm.cc:162) Not updating fMLLR since below min-count: count is 73
LOG (gmm-est-fmllr:main():gmm-est-fmllr.cc:143) For speaker train_S3_6_6_14, auxf-impr from fMLLR is 0, over 73 frames.
WARNING (gmm-est-fmllr:Update():fmllr-diag-gmm.cc:162) Not updating fMLLR since below min-count: count is 75
LOG (gmm-est-fmllr:main():gmm-est-fmllr.cc:143) For speaker train_S3_6_6_16, auxf-impr from fMLLR is 0, over 75 frames.
WARNING (gmm-est-fmllr:Update():fmllr-diag-gmm.cc:162) Not updating fMLLR since below min-count: count is 67
LOG (gmm-est-fmllr:main():gmm-est-fmllr.cc:143) For speaker train_S3_6_6_18, auxf-impr from fMLLR is 0, over 67 frames.
WARNING (gmm-est-fmllr:Update():fmllr-diag-gmm.cc:162) Not updating fMLLR since below min-count: count is 72
LOG (gmm-est-fmllr:main():gmm-est-fmllr.cc:143) For speaker train_S3_6_6_20, auxf-impr from fMLLR is 0, over 72 frames.
WARNING (gmm-est-fmllr:Update():fmllr-diag-gmm.cc:162) Not updating fMLLR since below min-count: count is 75
LOG (gmm-est-fmllr:main():gmm-est-fmllr.cc:143) For speaker train_S3_6_7_12, auxf-impr from fMLLR is 0, over 75 frames.
WARNING (gmm-est-fmllr:Update():fmllr-diag-gmm.cc:162) Not updating fMLLR since below min-count: count is 73
LOG (gmm-est-fmllr:main():gmm-est-fmllr.cc:143) For speaker train_S3_6_7_14, auxf-impr from fMLLR is 0, over 73 frames.
WARNING (gmm-est-fmllr:Update():fmllr-diag-gmm.cc:162) Not updating fMLLR since below min-count: count is 75
LOG (gmm-est-fmllr:main():gmm-est-fmllr.cc:143) For speaker train_S3_6_7_16, auxf-impr from fMLLR is 0, over 75 frames.
WARNING (gmm-est-fmllr:Update():fmllr-diag-gmm.cc:162) Not updating fMLLR since below min-count: count is 67
LOG (gmm-est-fmllr:main():gmm-est-fmllr.cc:143) For speaker train_S3_6_7_18, auxf-impr from fMLLR is 0, over 67 frames.
WARNING (gmm-est-fmllr:Update():fmllr-diag-gmm.cc:162) Not updating fMLLR since below min-count: count is 72
LOG (gmm-est-fmllr:main():gmm-est-fmllr.cc:143) For speaker train_S3_6_7_20, auxf-impr from fMLLR is 0, over 72 frames.
WARNING (gmm-est-fmllr:Update():fmllr-diag-gmm.cc:162) Not updating fMLLR since below min-count: count is 75
LOG (gmm-est-fmllr:main():gmm-est-fmllr.cc:143) For speaker train_S3_7_1_12, auxf-impr from fMLLR is 0, over 75 frames.
WARNING (gmm-est-fmllr:Update():fmllr-diag-gmm.cc:162) Not updating fMLLR since below min-count: count is 75
LOG (gmm-est-fmllr:main():gmm-est-fmllr.cc:143) For speaker train_S3_7_1_14, auxf-impr from fMLLR is 0, over 75 frames.
WARNING (gmm-est-fmllr:Update():fmllr-diag-gmm.cc:162) Not updating fMLLR since below min-count: count is 76
LOG (gmm-est-fmllr:main():gmm-est-fmllr.cc:143) For speaker train_S3_7_1_16, auxf-impr from fMLLR is 0, over 76 frames.
WARNING (gmm-est-fmllr:Update():fmllr-diag-gmm.cc:162) Not updating fMLLR since below min-count: count is 67
LOG (gmm-est-fmllr:main():gmm-est-fmllr.cc:143) For speaker train_S3_7_1_18, auxf-impr from fMLLR is 0, over 67 frames.
WARNING (gmm-est-fmllr:Update():fmllr-diag-gmm.cc:162) Not updating fMLLR since below min-count: count is 73
LOG (gmm-est-fmllr:main():gmm-est-fmllr.cc:143) For speaker train_S3_7_1_20, auxf-impr from fMLLR is 0, over 73 frames.
WARNING (gmm-est-fmllr:Update():fmllr-diag-gmm.cc:162) Not updating fMLLR since below min-count: count is 75
LOG (gmm-est-fmllr:main():gmm-est-fmllr.cc:143) For speaker train_S3_7_2_12, auxf-impr from fMLLR is 0, over 75 frames.
WARNING (gmm-est-fmllr:Update():fmllr-diag-gmm.cc:162) Not updating fMLLR since below min-count: count is 75
LOG (gmm-est-fmllr:main():gmm-est-fmllr.cc:143) For speaker train_S3_7_2_14, auxf-impr from fMLLR is 0, over 75 frames.
WARNING (gmm-est-fmllr:Update():fmllr-diag-gmm.cc:162) Not updating fMLLR since below min-count: count is 76
LOG (gmm-est-fmllr:main():gmm-est-fmllr.cc:143) For speaker train_S3_7_2_16, auxf-impr from fMLLR is 0, over 76 frames.
WARNING (gmm-est-fmllr:Update():fmllr-diag-gmm.cc:162) Not updating fMLLR since below min-count: count is 67
LOG (gmm-est-fmllr:main():gmm-est-fmllr.cc:143) For speaker train_S3_7_2_18, auxf-impr from fMLLR is 0, over 67 frames.
WARNING (gmm-est-fmllr:Update():fmllr-diag-gmm.cc:162) Not updating fMLLR since below min-count: count is 73
LOG (gmm-est-fmllr:main():gmm-est-fmllr.cc:143) For speaker train_S3_7_2_20, auxf-impr from fMLLR is 0, over 73 frames.
WARNING (gmm-est-fmllr:Update():fmllr-diag-gmm.cc:162) Not updating fMLLR since below min-count: count is 76
LOG (gmm-est-fmllr:main():gmm-est-fmllr.cc:143) For speaker train_S3_7_3_12, auxf-impr from fMLLR is 0, over 76 frames.
WARNING (gmm-est-fmllr:Update():fmllr-diag-gmm.cc:162) Not updating fMLLR since below min-count: count is 75
LOG (gmm-est-fmllr:main():gmm-est-fmllr.cc:143) For speaker train_S3_7_3_14, auxf-impr from fMLLR is 0, over 75 frames.
WARNING (gmm-est-fmllr:Update():fmllr-diag-gmm.cc:162) Not updating fMLLR since below min-count: count is 76
LOG (gmm-est-fmllr:main():gmm-est-fmllr.cc:143) For speaker train_S3_7_3_16, auxf-impr from fMLLR is 0, over 76 frames.
WARNING (gmm-est-fmllr:Update():fmllr-diag-gmm.cc:162) Not updating fMLLR since below min-count: count is 67
LOG (gmm-est-fmllr:main():gmm-est-fmllr.cc:143) For speaker train_S3_7_3_18, auxf-impr from fMLLR is 0, over 67 frames.
WARNING (gmm-est-fmllr:Update():fmllr-diag-gmm.cc:162) Not updating fMLLR since below min-count: count is 73
LOG (gmm-est-fmllr:main():gmm-est-fmllr.cc:143) For speaker train_S3_7_3_20, auxf-impr from fMLLR is 0, over 73 frames.
WARNING (gmm-est-fmllr:Update():fmllr-diag-gmm.cc:162) Not updating fMLLR since below min-count: count is 76
LOG (gmm-est-fmllr:main():gmm-est-fmllr.cc:143) For speaker train_S3_7_4_12, auxf-impr from fMLLR is 0, over 76 frames.
WARNING (gmm-est-fmllr:Update():fmllr-diag-gmm.cc:162) Not updating fMLLR since below min-count: count is 75
LOG (gmm-est-fmllr:main():gmm-est-fmllr.cc:143) For speaker train_S3_7_4_14, auxf-impr from fMLLR is 0, over 75 frames.
WARNING (gmm-est-fmllr:Update():fmllr-diag-gmm.cc:162) Not updating fMLLR since below min-count: count is 76
LOG (gmm-est-fmllr:main():gmm-est-fmllr.cc:143) For speaker train_S3_7_4_16, auxf-impr from fMLLR is 0, over 76 frames.
WARNING (gmm-est-fmllr:Update():fmllr-diag-gmm.cc:162) Not updating fMLLR since below min-count: count is 67
LOG (gmm-est-fmllr:main():gmm-est-fmllr.cc:143) For speaker train_S3_7_4_18, auxf-impr from fMLLR is 0, over 67 frames.
WARNING (gmm-est-fmllr:Update():fmllr-diag-gmm.cc:162) Not updating fMLLR since below min-count: count is 73
LOG (gmm-est-fmllr:main():gmm-est-fmllr.cc:143) For speaker train_S3_7_4_20, auxf-impr from fMLLR is 0, over 73 frames.
WARNING (gmm-est-fmllr:Update():fmllr-diag-gmm.cc:162) Not updating fMLLR since below min-count: count is 76
LOG (gmm-est-fmllr:main():gmm-est-fmllr.cc:143) For speaker train_S3_7_5_12, auxf-impr from fMLLR is 0, over 76 frames.
WARNING (gmm-est-fmllr:Update():fmllr-diag-gmm.cc:162) Not updating fMLLR since below min-count: count is 74
LOG (gmm-est-fmllr:main():gmm-est-fmllr.cc:143) For speaker train_S3_7_5_14, auxf-impr from fMLLR is 0, over 74 frames.
WARNING (gmm-est-fmllr:Update():fmllr-diag-gmm.cc:162) Not updating fMLLR since below min-count: count is 76
LOG (gmm-est-fmllr:main():gmm-est-fmllr.cc:143) For speaker train_S3_7_5_16, auxf-impr from fMLLR is 0, over 76 frames.
WARNING (gmm-est-fmllr:Update():fmllr-diag-gmm.cc:162) Not updating fMLLR since below min-count: count is 67
LOG (gmm-est-fmllr:main():gmm-est-fmllr.cc:143) For speaker train_S3_7_5_18, auxf-impr from fMLLR is 0, over 67 frames.
WARNING (gmm-est-fmllr:Update():fmllr-diag-gmm.cc:162) Not updating fMLLR since below min-count: count is 73
LOG (gmm-est-fmllr:main():gmm-est-fmllr.cc:143) For speaker train_S3_7_5_20, auxf-impr from fMLLR is 0, over 73 frames.
WARNING (gmm-est-fmllr:Update():fmllr-diag-gmm.cc:162) Not updating fMLLR since below min-count: count is 76
LOG (gmm-est-fmllr:main():gmm-est-fmllr.cc:143) For speaker train_S3_7_6_12, auxf-impr from fMLLR is 0, over 76 frames.
WARNING (gmm-est-fmllr:Update():fmllr-diag-gmm.cc:162) Not updating fMLLR since below min-count: count is 74
LOG (gmm-est-fmllr:main():gmm-est-fmllr.cc:143) For speaker train_S3_7_6_14, auxf-impr from fMLLR is 0, over 74 frames.
WARNING (gmm-est-fmllr:Update():fmllr-diag-gmm.cc:162) Not updating fMLLR since below min-count: count is 76
LOG (gmm-est-fmllr:main():gmm-est-fmllr.cc:143) For speaker train_S3_7_6_16, auxf-impr from fMLLR is 0, over 76 frames.
WARNING (gmm-est-fmllr:Update():fmllr-diag-gmm.cc:162) Not updating fMLLR since below min-count: count is 67
LOG (gmm-est-fmllr:main():gmm-est-fmllr.cc:143) For speaker train_S3_7_6_18, auxf-impr from fMLLR is 0, over 67 frames.
WARNING (gmm-est-fmllr:Update():fmllr-diag-gmm.cc:162) Not updating fMLLR since below min-count: count is 73
LOG (gmm-est-fmllr:main():gmm-est-fmllr.cc:143) For speaker train_S3_7_6_20, auxf-impr from fMLLR is 0, over 73 frames.
WARNING (gmm-est-fmllr:Update():fmllr-diag-gmm.cc:162) Not updating fMLLR since below min-count: count is 76
LOG (gmm-est-fmllr:main():gmm-est-fmllr.cc:143) For speaker train_S3_7_7_12, auxf-impr from fMLLR is 0, over 76 frames.
WARNING (gmm-est-fmllr:Update():fmllr-diag-gmm.cc:162) Not updating fMLLR since below min-count: count is 74
LOG (gmm-est-fmllr:main():gmm-est-fmllr.cc:143) For speaker train_S3_7_7_14, auxf-impr from fMLLR is 0, over 74 frames.
WARNING (gmm-est-fmllr:Update():fmllr-diag-gmm.cc:162) Not updating fMLLR since below min-count: count is 76
LOG (gmm-est-fmllr:main():gmm-est-fmllr.cc:143) For speaker train_S3_7_7_16, auxf-impr from fMLLR is 0, over 76 frames.
WARNING (gmm-est-fmllr:Update():fmllr-diag-gmm.cc:162) Not updating fMLLR since below min-count: count is 67
LOG (gmm-est-fmllr:main():gmm-est-fmllr.cc:143) For speaker train_S3_7_7_18, auxf-impr from fMLLR is 0, over 67 frames.
WARNING (gmm-est-fmllr:Update():fmllr-diag-gmm.cc:162) Not updating fMLLR since below min-count: count is 73
LOG (gmm-est-fmllr:main():gmm-est-fmllr.cc:143) For speaker train_S3_7_7_20, auxf-impr from fMLLR is 0, over 73 frames.
WARNING (gmm-est-fmllr:Update():fmllr-diag-gmm.cc:162) Not updating fMLLR since below min-count: count is 58
LOG (gmm-est-fmllr:main():gmm-est-fmllr.cc:143) For speaker train_S3_8_1_12, auxf-impr from fMLLR is 0, over 58 frames.
WARNING (gmm-est-fmllr:Update():fmllr-diag-gmm.cc:162) Not updating fMLLR since below min-count: count is 63
LOG (gmm-est-fmllr:main():gmm-est-fmllr.cc:143) For speaker train_S3_8_1_14, auxf-impr from fMLLR is 0, over 63 frames.
WARNING (gmm-est-fmllr:Update():fmllr-diag-gmm.cc:162) Not updating fMLLR since below min-count: count is 64
LOG (gmm-est-fmllr:main():gmm-est-fmllr.cc:143) For speaker train_S3_8_1_16, auxf-impr from fMLLR is 0, over 64 frames.
WARNING (gmm-est-fmllr:Update():fmllr-diag-gmm.cc:162) Not updating fMLLR since below min-count: count is 57
LOG (gmm-est-fmllr:main():gmm-est-fmllr.cc:143) For speaker train_S3_8_1_18, auxf-impr from fMLLR is 0, over 57 frames.
WARNING (gmm-est-fmllr:Update():fmllr-diag-gmm.cc:162) Not updating fMLLR since below min-count: count is 63
LOG (gmm-est-fmllr:main():gmm-est-fmllr.cc:143) For speaker train_S3_8_1_20, auxf-impr from fMLLR is 0, over 63 frames.
WARNING (gmm-est-fmllr:Update():fmllr-diag-gmm.cc:162) Not updating fMLLR since below min-count: count is 58
LOG (gmm-est-fmllr:main():gmm-est-fmllr.cc:143) For speaker train_S3_8_2_12, auxf-impr from fMLLR is 0, over 58 frames.
WARNING (gmm-est-fmllr:Update():fmllr-diag-gmm.cc:162) Not updating fMLLR since below min-count: count is 63
LOG (gmm-est-fmllr:main():gmm-est-fmllr.cc:143) For speaker train_S3_8_2_14, auxf-impr from fMLLR is 0, over 63 frames.
WARNING (gmm-est-fmllr:Update():fmllr-diag-gmm.cc:162) Not updating fMLLR since below min-count: count is 64
LOG (gmm-est-fmllr:main():gmm-est-fmllr.cc:143) For speaker train_S3_8_2_16, auxf-impr from fMLLR is 0, over 64 frames.
WARNING (gmm-est-fmllr:Update():fmllr-diag-gmm.cc:162) Not updating fMLLR since below min-count: count is 57
LOG (gmm-est-fmllr:main():gmm-est-fmllr.cc:143) For speaker train_S3_8_2_18, auxf-impr from fMLLR is 0, over 57 frames.
WARNING (gmm-est-fmllr:Update():fmllr-diag-gmm.cc:162) Not updating fMLLR since below min-count: count is 62
LOG (gmm-est-fmllr:main():gmm-est-fmllr.cc:143) For speaker train_S3_8_2_20, auxf-impr from fMLLR is 0, over 62 frames.
WARNING (gmm-est-fmllr:Update():fmllr-diag-gmm.cc:162) Not updating fMLLR since below min-count: count is 58
LOG (gmm-est-fmllr:main():gmm-est-fmllr.cc:143) For speaker train_S3_8_3_12, auxf-impr from fMLLR is 0, over 58 frames.
WARNING (gmm-est-fmllr:Update():fmllr-diag-gmm.cc:162) Not updating fMLLR since below min-count: count is 63
LOG (gmm-est-fmllr:main():gmm-est-fmllr.cc:143) For speaker train_S3_8_3_14, auxf-impr from fMLLR is 0, over 63 frames.
WARNING (gmm-est-fmllr:Update():fmllr-diag-gmm.cc:162) Not updating fMLLR since below min-count: count is 64
LOG (gmm-est-fmllr:main():gmm-est-fmllr.cc:143) For speaker train_S3_8_3_16, auxf-impr from fMLLR is 0, over 64 frames.
WARNING (gmm-est-fmllr:Update():fmllr-diag-gmm.cc:162) Not updating fMLLR since below min-count: count is 57
LOG (gmm-est-fmllr:main():gmm-est-fmllr.cc:143) For speaker train_S3_8_3_18, auxf-impr from fMLLR is 0, over 57 frames.
WARNING (gmm-est-fmllr:Update():fmllr-diag-gmm.cc:162) Not updating fMLLR since below min-count: count is 62
LOG (gmm-est-fmllr:main():gmm-est-fmllr.cc:143) For speaker train_S3_8_3_20, auxf-impr from fMLLR is 0, over 62 frames.
WARNING (gmm-est-fmllr:Update():fmllr-diag-gmm.cc:162) Not updating fMLLR since below min-count: count is 58
LOG (gmm-est-fmllr:main():gmm-est-fmllr.cc:143) For speaker train_S3_8_4_12, auxf-impr from fMLLR is 0, over 58 frames.
WARNING (gmm-est-fmllr:Update():fmllr-diag-gmm.cc:162) Not updating fMLLR since below min-count: count is 63
LOG (gmm-est-fmllr:main():gmm-est-fmllr.cc:143) For speaker train_S3_8_4_14, auxf-impr from fMLLR is 0, over 63 frames.
WARNING (gmm-est-fmllr:Update():fmllr-diag-gmm.cc:162) Not updating fMLLR since below min-count: count is 64
LOG (gmm-est-fmllr:main():gmm-est-fmllr.cc:143) For speaker train_S3_8_4_16, auxf-impr from fMLLR is 0, over 64 frames.
WARNING (gmm-est-fmllr:Update():fmllr-diag-gmm.cc:162) Not updating fMLLR since below min-count: count is 57
LOG (gmm-est-fmllr:main():gmm-est-fmllr.cc:143) For speaker train_S3_8_4_18, auxf-impr from fMLLR is 0, over 57 frames.
WARNING (gmm-est-fmllr:Update():fmllr-diag-gmm.cc:162) Not updating fMLLR since below min-count: count is 62
LOG (gmm-est-fmllr:main():gmm-est-fmllr.cc:143) For speaker train_S3_8_4_20, auxf-impr from fMLLR is 0, over 62 frames.
WARNING (gmm-est-fmllr:Update():fmllr-diag-gmm.cc:162) Not updating fMLLR since below min-count: count is 58
LOG (gmm-est-fmllr:main():gmm-est-fmllr.cc:143) For speaker train_S3_8_5_12, auxf-impr from fMLLR is 0, over 58 frames.
WARNING (gmm-est-fmllr:Update():fmllr-diag-gmm.cc:162) Not updating fMLLR since below min-count: count is 63
LOG (gmm-est-fmllr:main():gmm-est-fmllr.cc:143) For speaker train_S3_8_5_14, auxf-impr from fMLLR is 0, over 63 frames.
WARNING (gmm-est-fmllr:Update():fmllr-diag-gmm.cc:162) Not updating fMLLR since below min-count: count is 62
LOG (gmm-est-fmllr:main():gmm-est-fmllr.cc:143) For speaker train_S3_8_5_16, auxf-impr from fMLLR is 0, over 62 frames.
WARNING (gmm-est-fmllr:Update():fmllr-diag-gmm.cc:162) Not updating fMLLR since below min-count: count is 57
LOG (gmm-est-fmllr:main():gmm-est-fmllr.cc:143) For speaker train_S3_8_5_18, auxf-impr from fMLLR is 0, over 57 frames.
WARNING (gmm-est-fmllr:Update():fmllr-diag-gmm.cc:162) Not updating fMLLR since below min-count: count is 63
LOG (gmm-est-fmllr:main():gmm-est-fmllr.cc:143) For speaker train_S3_8_5_20, auxf-impr from fMLLR is 0, over 63 frames.
WARNING (gmm-est-fmllr:Update():fmllr-diag-gmm.cc:162) Not updating fMLLR since below min-count: count is 58
LOG (gmm-est-fmllr:main():gmm-est-fmllr.cc:143) For speaker train_S3_8_6_12, auxf-impr from fMLLR is 0, over 58 frames.
WARNING (gmm-est-fmllr:Update():fmllr-diag-gmm.cc:162) Not updating fMLLR since below min-count: count is 63
LOG (gmm-est-fmllr:main():gmm-est-fmllr.cc:143) For speaker train_S3_8_6_14, auxf-impr from fMLLR is 0, over 63 frames.
WARNING (gmm-est-fmllr:Update():fmllr-diag-gmm.cc:162) Not updating fMLLR since below min-count: count is 65
LOG (gmm-est-fmllr:main():gmm-est-fmllr.cc:143) For speaker train_S3_8_6_16, auxf-impr from fMLLR is 0, over 65 frames.
WARNING (gmm-est-fmllr:Update():fmllr-diag-gmm.cc:162) Not updating fMLLR since below min-count: count is 57
LOG (gmm-est-fmllr:main():gmm-est-fmllr.cc:143) For speaker train_S3_8_6_18, auxf-impr from fMLLR is 0, over 57 frames.
WARNING (gmm-est-fmllr:Update():fmllr-diag-gmm.cc:162) Not updating fMLLR since below min-count: count is 63
LOG (gmm-est-fmllr:main():gmm-est-fmllr.cc:143) For speaker train_S3_8_6_20, auxf-impr from fMLLR is 0, over 63 frames.
WARNING (gmm-est-fmllr:Update():fmllr-diag-gmm.cc:162) Not updating fMLLR since below min-count: count is 58
LOG (gmm-est-fmllr:main():gmm-est-fmllr.cc:143) For speaker train_S3_8_7_12, auxf-impr from fMLLR is 0, over 58 frames.
WARNING (gmm-est-fmllr:Update():fmllr-diag-gmm.cc:162) Not updating fMLLR since below min-count: count is 62
LOG (gmm-est-fmllr:main():gmm-est-fmllr.cc:143) For speaker train_S3_8_7_14, auxf-impr from fMLLR is 0, over 62 frames.
WARNING (gmm-est-fmllr:Update():fmllr-diag-gmm.cc:162) Not updating fMLLR since below min-count: count is 62
LOG (gmm-est-fmllr:main():gmm-est-fmllr.cc:143) For speaker train_S3_8_7_16, auxf-impr from fMLLR is 0, over 62 frames.
WARNING (gmm-est-fmllr:Update():fmllr-diag-gmm.cc:162) Not updating fMLLR since below min-count: count is 57
LOG (gmm-est-fmllr:main():gmm-est-fmllr.cc:143) For speaker train_S3_8_7_18, auxf-impr from fMLLR is 0, over 57 frames.
WARNING (gmm-est-fmllr:Update():fmllr-diag-gmm.cc:162) Not updating fMLLR since below min-count: count is 63
LOG (gmm-est-fmllr:main():gmm-est-fmllr.cc:143) For speaker train_S3_8_7_20, auxf-impr from fMLLR is 0, over 63 frames.
WARNING (gmm-est-fmllr:Update():fmllr-diag-gmm.cc:162) Not updating fMLLR since below min-count: count is 74
LOG (gmm-est-fmllr:main():gmm-est-fmllr.cc:143) For speaker train_S3_9_1_12, auxf-impr from fMLLR is 0, over 74 frames.
WARNING (gmm-est-fmllr:Update():fmllr-diag-gmm.cc:162) Not updating fMLLR since below min-count: count is 72
LOG (gmm-est-fmllr:main():gmm-est-fmllr.cc:143) For speaker train_S3_9_1_14, auxf-impr from fMLLR is 0, over 72 frames.
WARNING (gmm-est-fmllr:Update():fmllr-diag-gmm.cc:162) Not updating fMLLR since below min-count: count is 74
LOG (gmm-est-fmllr:main():gmm-est-fmllr.cc:143) For speaker train_S3_9_1_16, auxf-impr from fMLLR is 0, over 74 frames.
WARNING (gmm-est-fmllr:Update():fmllr-diag-gmm.cc:162) Not updating fMLLR since below min-count: count is 65
LOG (gmm-est-fmllr:main():gmm-est-fmllr.cc:143) For speaker train_S3_9_1_18, auxf-impr from fMLLR is 0, over 65 frames.
WARNING (gmm-est-fmllr:Update():fmllr-diag-gmm.cc:162) Not updating fMLLR since below min-count: count is 70
LOG (gmm-est-fmllr:main():gmm-est-fmllr.cc:143) For speaker train_S3_9_1_20, auxf-impr from fMLLR is 0, over 70 frames.
WARNING (gmm-est-fmllr:Update():fmllr-diag-gmm.cc:162) Not updating fMLLR since below min-count: count is 74
LOG (gmm-est-fmllr:main():gmm-est-fmllr.cc:143) For speaker train_S3_9_2_12, auxf-impr from fMLLR is 0, over 74 frames.
WARNING (gmm-est-fmllr:Update():fmllr-diag-gmm.cc:162) Not updating fMLLR since below min-count: count is 72
LOG (gmm-est-fmllr:main():gmm-est-fmllr.cc:143) For speaker train_S3_9_2_14, auxf-impr from fMLLR is 0, over 72 frames.
WARNING (gmm-est-fmllr:Update():fmllr-diag-gmm.cc:162) Not updating fMLLR since below min-count: count is 74
LOG (gmm-est-fmllr:main():gmm-est-fmllr.cc:143) For speaker train_S3_9_2_16, auxf-impr from fMLLR is 0, over 74 frames.
LOG (ali-to-post:main():ali-to-post.cc:65) Converted 231 alignments.
WARNING (gmm-est-fmllr:Update():fmllr-diag-gmm.cc:162) Not updating fMLLR since below min-count: count is 65
LOG (gmm-est-fmllr:main():gmm-est-fmllr.cc:143) For speaker train_S3_9_2_18, auxf-impr from fMLLR is 0, over 65 frames.
WARNING (gmm-est-fmllr:Update():fmllr-diag-gmm.cc:162) Not updating fMLLR since below min-count: count is 70
LOG (gmm-est-fmllr:main():gmm-est-fmllr.cc:143) For speaker train_S3_9_2_20, auxf-impr from fMLLR is 0, over 70 frames.
WARNING (gmm-est-fmllr:Update():fmllr-diag-gmm.cc:162) Not updating fMLLR since below min-count: count is 73
LOG (gmm-est-fmllr:main():gmm-est-fmllr.cc:143) For speaker train_S3_9_3_12, auxf-impr from fMLLR is 0, over 73 frames.
WARNING (gmm-est-fmllr:Update():fmllr-diag-gmm.cc:162) Not updating fMLLR since below min-count: count is 72
LOG (gmm-est-fmllr:main():gmm-est-fmllr.cc:143) For speaker train_S3_9_3_14, auxf-impr from fMLLR is 0, over 72 frames.
WARNING (gmm-est-fmllr:Update():fmllr-diag-gmm.cc:162) Not updating fMLLR since below min-count: count is 74
LOG (gmm-est-fmllr:main():gmm-est-fmllr.cc:143) For speaker train_S3_9_3_16, auxf-impr from fMLLR is 0, over 74 frames.
WARNING (gmm-est-fmllr:Update():fmllr-diag-gmm.cc:162) Not updating fMLLR since below min-count: count is 65
LOG (gmm-est-fmllr:main():gmm-est-fmllr.cc:143) For speaker train_S3_9_3_18, auxf-impr from fMLLR is 0, over 65 frames.
WARNING (gmm-est-fmllr:Update():fmllr-diag-gmm.cc:162) Not updating fMLLR since below min-count: count is 70
LOG (gmm-est-fmllr:main():gmm-est-fmllr.cc:143) For speaker train_S3_9_3_20, auxf-impr from fMLLR is 0, over 70 frames.
WARNING (gmm-est-fmllr:Update():fmllr-diag-gmm.cc:162) Not updating fMLLR since below min-count: count is 73
LOG (gmm-est-fmllr:main():gmm-est-fmllr.cc:143) For speaker train_S3_9_4_12, auxf-impr from fMLLR is 0, over 73 frames.
WARNING (gmm-est-fmllr:Update():fmllr-diag-gmm.cc:162) Not updating fMLLR since below min-count: count is 72
LOG (gmm-est-fmllr:main():gmm-est-fmllr.cc:143) For speaker train_S3_9_4_14, auxf-impr from fMLLR is 0, over 72 frames.
WARNING (gmm-est-fmllr:Update():fmllr-diag-gmm.cc:162) Not updating fMLLR since below min-count: count is 74
LOG (gmm-est-fmllr:main():gmm-est-fmllr.cc:143) For speaker train_S3_9_4_16, auxf-impr from fMLLR is 0, over 74 frames.
WARNING (gmm-est-fmllr:Update():fmllr-diag-gmm.cc:162) Not updating fMLLR since below min-count: count is 65
LOG (gmm-est-fmllr:main():gmm-est-fmllr.cc:143) For speaker train_S3_9_4_18, auxf-impr from fMLLR is 0, over 65 frames.
WARNING (gmm-est-fmllr:Update():fmllr-diag-gmm.cc:162) Not updating fMLLR since below min-count: count is 70
LOG (gmm-est-fmllr:main():gmm-est-fmllr.cc:143) For speaker train_S3_9_4_20, auxf-impr from fMLLR is 0, over 70 frames.
WARNING (gmm-est-fmllr:Update():fmllr-diag-gmm.cc:162) Not updating fMLLR since below min-count: count is 74
LOG (gmm-est-fmllr:main():gmm-est-fmllr.cc:143) For speaker train_S3_9_5_12, auxf-impr from fMLLR is 0, over 74 frames.
WARNING (gmm-est-fmllr:Update():fmllr-diag-gmm.cc:162) Not updating fMLLR since below min-count: count is 72
LOG (gmm-est-fmllr:main():gmm-est-fmllr.cc:143) For speaker train_S3_9_5_14, auxf-impr from fMLLR is 0, over 72 frames.
WARNING (gmm-est-fmllr:Update():fmllr-diag-gmm.cc:162) Not updating fMLLR since below min-count: count is 74
LOG (gmm-est-fmllr:main():gmm-est-fmllr.cc:143) For speaker train_S3_9_5_16, auxf-impr from fMLLR is 0, over 74 frames.
WARNING (gmm-est-fmllr:Update():fmllr-diag-gmm.cc:162) Not updating fMLLR since below min-count: count is 65
LOG (gmm-est-fmllr:main():gmm-est-fmllr.cc:143) For speaker train_S3_9_5_18, auxf-impr from fMLLR is 0, over 65 frames.
WARNING (gmm-est-fmllr:Update():fmllr-diag-gmm.cc:162) Not updating fMLLR since below min-count: count is 70
LOG (gmm-est-fmllr:main():gmm-est-fmllr.cc:143) For speaker train_S3_9_5_20, auxf-impr from fMLLR is 0, over 70 frames.
WARNING (gmm-est-fmllr:Update():fmllr-diag-gmm.cc:162) Not updating fMLLR since below min-count: count is 74
LOG (gmm-est-fmllr:main():gmm-est-fmllr.cc:143) For speaker train_S3_9_6_12, auxf-impr from fMLLR is 0, over 74 frames.
WARNING (gmm-est-fmllr:Update():fmllr-diag-gmm.cc:162) Not updating fMLLR since below min-count: count is 72
LOG (gmm-est-fmllr:main():gmm-est-fmllr.cc:143) For speaker train_S3_9_6_14, auxf-impr from fMLLR is 0, over 72 frames.
WARNING (gmm-est-fmllr:Update():fmllr-diag-gmm.cc:162) Not updating fMLLR since below min-count: count is 74
LOG (gmm-est-fmllr:main():gmm-est-fmllr.cc:143) For speaker train_S3_9_6_16, auxf-impr from fMLLR is 0, over 74 frames.
WARNING (gmm-est-fmllr:Update():fmllr-diag-gmm.cc:162) Not updating fMLLR since below min-count: count is 65
LOG (gmm-est-fmllr:main():gmm-est-fmllr.cc:143) For speaker train_S3_9_6_18, auxf-impr from fMLLR is 0, over 65 frames.
WARNING (gmm-est-fmllr:Update():fmllr-diag-gmm.cc:162) Not updating fMLLR since below min-count: count is 70
LOG (gmm-est-fmllr:main():gmm-est-fmllr.cc:143) For speaker train_S3_9_6_20, auxf-impr from fMLLR is 0, over 70 frames.
WARNING (gmm-est-fmllr:Update():fmllr-diag-gmm.cc:162) Not updating fMLLR since below min-count: count is 73
LOG (gmm-est-fmllr:main():gmm-est-fmllr.cc:143) For speaker train_S3_9_7_12, auxf-impr from fMLLR is 0, over 73 frames.
WARNING (gmm-est-fmllr:Update():fmllr-diag-gmm.cc:162) Not updating fMLLR since below min-count: count is 72
LOG (gmm-est-fmllr:main():gmm-est-fmllr.cc:143) For speaker train_S3_9_7_14, auxf-impr from fMLLR is 0, over 72 frames.
WARNING (gmm-est-fmllr:Update():fmllr-diag-gmm.cc:162) Not updating fMLLR since below min-count: count is 74
LOG (gmm-est-fmllr:main():gmm-est-fmllr.cc:143) For speaker train_S3_9_7_16, auxf-impr from fMLLR is 0, over 74 frames.
WARNING (gmm-est-fmllr:Update():fmllr-diag-gmm.cc:162) Not updating fMLLR since below min-count: count is 65
LOG (gmm-est-fmllr:main():gmm-est-fmllr.cc:143) For speaker train_S3_9_7_18, auxf-impr from fMLLR is 0, over 65 frames.
WARNING (gmm-est-fmllr:Update():fmllr-diag-gmm.cc:162) Not updating fMLLR since below min-count: count is 70
LOG (gmm-est-fmllr:main():gmm-est-fmllr.cc:143) For speaker train_S3_9_7_20, auxf-impr from fMLLR is 0, over 70 frames.
WARNING (gmm-est-fmllr:Update():fmllr-diag-gmm.cc:162) Not updating fMLLR since below min-count: count is 81
LOG (gmm-est-fmllr:main():gmm-est-fmllr.cc:143) For speaker train_S4_10_1_12, auxf-impr from fMLLR is 0, over 81 frames.
WARNING (gmm-est-fmllr:Update():fmllr-diag-gmm.cc:162) Not updating fMLLR since below min-count: count is 79
LOG (gmm-est-fmllr:main():gmm-est-fmllr.cc:143) For speaker train_S4_10_1_14, auxf-impr from fMLLR is 0, over 79 frames.
WARNING (gmm-est-fmllr:Update():fmllr-diag-gmm.cc:162) Not updating fMLLR since below min-count: count is 81
LOG (gmm-est-fmllr:main():gmm-est-fmllr.cc:143) For speaker train_S4_10_1_16, auxf-impr from fMLLR is 0, over 81 frames.
WARNING (gmm-est-fmllr:Update():fmllr-diag-gmm.cc:162) Not updating fMLLR since below min-count: count is 72
LOG (gmm-est-fmllr:main():gmm-est-fmllr.cc:143) For speaker train_S4_10_1_18, auxf-impr from fMLLR is 0, over 72 frames.
WARNING (gmm-est-fmllr:Update():fmllr-diag-gmm.cc:162) Not updating fMLLR since below min-count: count is 78
LOG (gmm-est-fmllr:main():gmm-est-fmllr.cc:143) For speaker train_S4_10_1_20, auxf-impr from fMLLR is 0, over 78 frames.
WARNING (gmm-est-fmllr:Update():fmllr-diag-gmm.cc:162) Not updating fMLLR since below min-count: count is 81
LOG (gmm-est-fmllr:main():gmm-est-fmllr.cc:143) For speaker train_S4_10_2_12, auxf-impr from fMLLR is 0, over 81 frames.
WARNING (gmm-est-fmllr:Update():fmllr-diag-gmm.cc:162) Not updating fMLLR since below min-count: count is 79
LOG (gmm-est-fmllr:main():gmm-est-fmllr.cc:143) For speaker train_S4_10_2_14, auxf-impr from fMLLR is 0, over 79 frames.
WARNING (gmm-est-fmllr:Update():fmllr-diag-gmm.cc:162) Not updating fMLLR since below min-count: count is 81
LOG (gmm-est-fmllr:main():gmm-est-fmllr.cc:143) For speaker train_S4_10_2_16, auxf-impr from fMLLR is 0, over 81 frames.
LOG (weight-silence-post:main():weight-silence-post.cc:95) Done 231 posteriors.
WARNING (gmm-est-fmllr:Update():fmllr-diag-gmm.cc:162) Not updating fMLLR since below min-count: count is 72
LOG (gmm-est-fmllr:main():gmm-est-fmllr.cc:143) For speaker train_S4_10_2_18, auxf-impr from fMLLR is 0, over 72 frames.
WARNING (gmm-est-fmllr:Update():fmllr-diag-gmm.cc:162) Not updating fMLLR since below min-count: count is 78
LOG (gmm-est-fmllr:main():gmm-est-fmllr.cc:143) For speaker train_S4_10_2_20, auxf-impr from fMLLR is 0, over 78 frames.
WARNING (gmm-est-fmllr:Update():fmllr-diag-gmm.cc:162) Not updating fMLLR since below min-count: count is 81
LOG (gmm-est-fmllr:main():gmm-est-fmllr.cc:143) For speaker train_S4_10_3_12, auxf-impr from fMLLR is 0, over 81 frames.
WARNING (gmm-est-fmllr:Update():fmllr-diag-gmm.cc:162) Not updating fMLLR since below min-count: count is 79
LOG (gmm-est-fmllr:main():gmm-est-fmllr.cc:143) For speaker train_S4_10_3_14, auxf-impr from fMLLR is 0, over 79 frames.
WARNING (gmm-est-fmllr:Update():fmllr-diag-gmm.cc:162) Not updating fMLLR since below min-count: count is 81
LOG (gmm-est-fmllr:main():gmm-est-fmllr.cc:143) For speaker train_S4_10_3_16, auxf-impr from fMLLR is 0, over 81 frames.
WARNING (gmm-est-fmllr:Update():fmllr-diag-gmm.cc:162) Not updating fMLLR since below min-count: count is 72
LOG (gmm-est-fmllr:main():gmm-est-fmllr.cc:143) For speaker train_S4_10_3_18, auxf-impr from fMLLR is 0, over 72 frames.
WARNING (gmm-est-fmllr:Update():fmllr-diag-gmm.cc:162) Not updating fMLLR since below min-count: count is 78
LOG (gmm-est-fmllr:main():gmm-est-fmllr.cc:143) For speaker train_S4_10_3_20, auxf-impr from fMLLR is 0, over 78 frames.
WARNING (gmm-est-fmllr:Update():fmllr-diag-gmm.cc:162) Not updating fMLLR since below min-count: count is 81
LOG (gmm-est-fmllr:main():gmm-est-fmllr.cc:143) For speaker train_S4_10_4_12, auxf-impr from fMLLR is 0, over 81 frames.
WARNING (gmm-est-fmllr:Update():fmllr-diag-gmm.cc:162) Not updating fMLLR since below min-count: count is 79
LOG (gmm-est-fmllr:main():gmm-est-fmllr.cc:143) For speaker train_S4_10_4_14, auxf-impr from fMLLR is 0, over 79 frames.
WARNING (gmm-est-fmllr:Update():fmllr-diag-gmm.cc:162) Not updating fMLLR since below min-count: count is 81
LOG (gmm-est-fmllr:main():gmm-est-fmllr.cc:143) For speaker train_S4_10_4_16, auxf-impr from fMLLR is 0, over 81 frames.
WARNING (gmm-est-fmllr:Update():fmllr-diag-gmm.cc:162) Not updating fMLLR since below min-count: count is 72
LOG (gmm-est-fmllr:main():gmm-est-fmllr.cc:143) For speaker train_S4_10_4_18, auxf-impr from fMLLR is 0, over 72 frames.
WARNING (gmm-est-fmllr:Update():fmllr-diag-gmm.cc:162) Not updating fMLLR since below min-count: count is 78
LOG (gmm-est-fmllr:main():gmm-est-fmllr.cc:143) For speaker train_S4_10_4_20, auxf-impr from fMLLR is 0, over 78 frames.
WARNING (gmm-est-fmllr:Update():fmllr-diag-gmm.cc:162) Not updating fMLLR since below min-count: count is 81
LOG (gmm-est-fmllr:main():gmm-est-fmllr.cc:143) For speaker train_S4_10_5_12, auxf-impr from fMLLR is 0, over 81 frames.
WARNING (gmm-est-fmllr:Update():fmllr-diag-gmm.cc:162) Not updating fMLLR since below min-count: count is 79
LOG (gmm-est-fmllr:main():gmm-est-fmllr.cc:143) For speaker train_S4_10_5_14, auxf-impr from fMLLR is 0, over 79 frames.
WARNING (gmm-est-fmllr:Update():fmllr-diag-gmm.cc:162) Not updating fMLLR since below min-count: count is 81
LOG (gmm-est-fmllr:main():gmm-est-fmllr.cc:143) For speaker train_S4_10_5_16, auxf-impr from fMLLR is 0, over 81 frames.
WARNING (gmm-est-fmllr:Update():fmllr-diag-gmm.cc:162) Not updating fMLLR since below min-count: count is 72
LOG (gmm-est-fmllr:main():gmm-est-fmllr.cc:143) For speaker train_S4_10_5_18, auxf-impr from fMLLR is 0, over 72 frames.
WARNING (gmm-est-fmllr:Update():fmllr-diag-gmm.cc:162) Not updating fMLLR since below min-count: count is 78
LOG (gmm-est-fmllr:main():gmm-est-fmllr.cc:143) For speaker train_S4_10_5_20, auxf-impr from fMLLR is 0, over 78 frames.
WARNING (gmm-est-fmllr:Update():fmllr-diag-gmm.cc:162) Not updating fMLLR since below min-count: count is 81
LOG (gmm-est-fmllr:main():gmm-est-fmllr.cc:143) For speaker train_S4_10_6_12, auxf-impr from fMLLR is 0, over 81 frames.
WARNING (gmm-est-fmllr:Update():fmllr-diag-gmm.cc:162) Not updating fMLLR since below min-count: count is 79
LOG (gmm-est-fmllr:main():gmm-est-fmllr.cc:143) For speaker train_S4_10_6_14, auxf-impr from fMLLR is 0, over 79 frames.
WARNING (gmm-est-fmllr:Update():fmllr-diag-gmm.cc:162) Not updating fMLLR since below min-count: count is 81
LOG (gmm-est-fmllr:main():gmm-est-fmllr.cc:143) For speaker train_S4_10_6_16, auxf-impr from fMLLR is 0, over 81 frames.
WARNING (gmm-est-fmllr:Update():fmllr-diag-gmm.cc:162) Not updating fMLLR since below min-count: count is 72
LOG (gmm-est-fmllr:main():gmm-est-fmllr.cc:143) For speaker train_S4_10_6_18, auxf-impr from fMLLR is 0, over 72 frames.
LOG (apply-cmvn:main():apply-cmvn.cc:146) Applied cepstral mean normalization to 231 utterances, errors on 0
WARNING (gmm-est-fmllr:Update():fmllr-diag-gmm.cc:162) Not updating fMLLR since below min-count: count is 78
LOG (gmm-est-fmllr:main():gmm-est-fmllr.cc:143) For speaker train_S4_10_6_20, auxf-impr from fMLLR is 0, over 78 frames.
WARNING (gmm-est-fmllr:Update():fmllr-diag-gmm.cc:162) Not updating fMLLR since below min-count: count is 81
LOG (gmm-est-fmllr:main():gmm-est-fmllr.cc:143) For speaker train_S4_10_7_12, auxf-impr from fMLLR is 0, over 81 frames.
WARNING (gmm-est-fmllr:Update():fmllr-diag-gmm.cc:162) Not updating fMLLR since below min-count: count is 79
LOG (gmm-est-fmllr:main():gmm-est-fmllr.cc:143) For speaker train_S4_10_7_14, auxf-impr from fMLLR is 0, over 79 frames.
WARNING (gmm-est-fmllr:Update():fmllr-diag-gmm.cc:162) Not updating fMLLR since below min-count: count is 81
LOG (gmm-est-fmllr:main():gmm-est-fmllr.cc:143) For speaker train_S4_10_7_16, auxf-impr from fMLLR is 0, over 81 frames.
WARNING (gmm-est-fmllr:Update():fmllr-diag-gmm.cc:162) Not updating fMLLR since below min-count: count is 72
LOG (gmm-est-fmllr:main():gmm-est-fmllr.cc:143) For speaker train_S4_10_7_18, auxf-impr from fMLLR is 0, over 72 frames.
WARNING (gmm-est-fmllr:Update():fmllr-diag-gmm.cc:162) Not updating fMLLR since below min-count: count is 78
LOG (gmm-est-fmllr:main():gmm-est-fmllr.cc:143) For speaker train_S4_10_7_20, auxf-impr from fMLLR is 0, over 78 frames.
WARNING (gmm-est-fmllr:Update():fmllr-diag-gmm.cc:162) Not updating fMLLR since below min-count: count is 79
LOG (gmm-est-fmllr:main():gmm-est-fmllr.cc:143) For speaker train_S4_11_1_12, auxf-impr from fMLLR is 0, over 79 frames.
WARNING (gmm-est-fmllr:Update():fmllr-diag-gmm.cc:162) Not updating fMLLR since below min-count: count is 78
LOG (gmm-est-fmllr:main():gmm-est-fmllr.cc:143) For speaker train_S4_11_1_14, auxf-impr from fMLLR is 0, over 78 frames.
WARNING (gmm-est-fmllr:Update():fmllr-diag-gmm.cc:162) Not updating fMLLR since below min-count: count is 79
LOG (gmm-est-fmllr:main():gmm-est-fmllr.cc:143) For speaker train_S4_11_1_16, auxf-impr from fMLLR is 0, over 79 frames.
WARNING (gmm-est-fmllr:Update():fmllr-diag-gmm.cc:162) Not updating fMLLR since below min-count: count is 70
LOG (gmm-est-fmllr:main():gmm-est-fmllr.cc:143) For speaker train_S4_11_1_18, auxf-impr from fMLLR is 0, over 70 frames.
WARNING (gmm-est-fmllr:Update():fmllr-diag-gmm.cc:162) Not updating fMLLR since below min-count: count is 75
LOG (gmm-est-fmllr:main():gmm-est-fmllr.cc:143) For speaker train_S4_11_1_20, auxf-impr from fMLLR is 0, over 75 frames.
WARNING (gmm-est-fmllr:Update():fmllr-diag-gmm.cc:162) Not updating fMLLR since below min-count: count is 79
LOG (gmm-est-fmllr:main():gmm-est-fmllr.cc:143) For speaker train_S4_11_2_12, auxf-impr from fMLLR is 0, over 79 frames.
WARNING (gmm-est-fmllr:Update():fmllr-diag-gmm.cc:162) Not updating fMLLR since below min-count: count is 78
LOG (gmm-est-fmllr:main():gmm-est-fmllr.cc:143) For speaker train_S4_11_2_14, auxf-impr from fMLLR is 0, over 78 frames.
LOG (gmm-est-fmllr:main():gmm-est-fmllr.cc:188) Done 231 files, 0 with no posts, 0 with other errors.
LOG (gmm-est-fmllr:main():gmm-est-fmllr.cc:190) Overall fMLLR auxf impr per frame is 0 over 16707 frames.
# Accounting: time=1 threads=1
# Ended (code 0) at Mon Feb 10 15:29:54 IST 2020, elapsed time 1 seconds
