# ali-to-post "ark:gunzip -c exp/mono2/ali.5.gz|" ark:- | weight-silence-post 0.0 1 exp/mono2/12.mdl ark:- ark:- | gmm-est-fmllr --fmllr-update-type=full --spk2utt=ark:data/train/split30/5/spk2utt exp/mono2/12.mdl "ark,s,cs:apply-cmvn  --utt2spk=ark:data/train/split30/5/utt2spk scp:data/train/split30/5/cmvn.scp scp:data/train/split30/5/feats.scp ark:- | add-deltas  ark:- ark:- | transform-feats --utt2spk=ark:data/train/split30/5/utt2spk ark:exp/mono2/trans.5 ark:- ark:- |" ark:- ark:exp/mono2/tmp_trans.5 
# Started at Mon Feb 10 15:31:17 IST 2020
#
ali-to-post 'ark:gunzip -c exp/mono2/ali.5.gz|' ark:- 
weight-silence-post 0.0 1 exp/mono2/12.mdl ark:- ark:- 
gmm-est-fmllr --fmllr-update-type=full --spk2utt=ark:data/train/split30/5/spk2utt exp/mono2/12.mdl 'ark,s,cs:apply-cmvn  --utt2spk=ark:data/train/split30/5/utt2spk scp:data/train/split30/5/cmvn.scp scp:data/train/split30/5/feats.scp ark:- | add-deltas  ark:- ark:- | transform-feats --utt2spk=ark:data/train/split30/5/utt2spk ark:exp/mono2/trans.5 ark:- ark:- |' ark:- ark:exp/mono2/tmp_trans.5 
apply-cmvn --utt2spk=ark:data/train/split30/5/utt2spk scp:data/train/split30/5/cmvn.scp scp:data/train/split30/5/feats.scp ark:- 
add-deltas ark:- ark:- 
transform-feats --utt2spk=ark:data/train/split30/5/utt2spk ark:exp/mono2/trans.5 ark:- ark:- 
WARNING (gmm-est-fmllr:Update():fmllr-diag-gmm.cc:162) Not updating fMLLR since below min-count: count is 128
LOG (gmm-est-fmllr:main():gmm-est-fmllr.cc:143) For speaker train_S12_9_3_20, auxf-impr from fMLLR is 0, over 128 frames.
WARNING (gmm-est-fmllr:Update():fmllr-diag-gmm.cc:162) Not updating fMLLR since below min-count: count is 132
LOG (gmm-est-fmllr:main():gmm-est-fmllr.cc:143) For speaker train_S12_9_4_12, auxf-impr from fMLLR is 0, over 132 frames.
WARNING (gmm-est-fmllr:Update():fmllr-diag-gmm.cc:162) Not updating fMLLR since below min-count: count is 131
LOG (gmm-est-fmllr:main():gmm-est-fmllr.cc:143) For speaker train_S12_9_4_14, auxf-impr from fMLLR is 0, over 131 frames.
WARNING (gmm-est-fmllr:Update():fmllr-diag-gmm.cc:162) Not updating fMLLR since below min-count: count is 132
LOG (gmm-est-fmllr:main():gmm-est-fmllr.cc:143) For speaker train_S12_9_4_16, auxf-impr from fMLLR is 0, over 132 frames.
WARNING (gmm-est-fmllr:Update():fmllr-diag-gmm.cc:162) Not updating fMLLR since below min-count: count is 120
LOG (gmm-est-fmllr:main():gmm-est-fmllr.cc:143) For speaker train_S12_9_4_18, auxf-impr from fMLLR is 0, over 120 frames.
WARNING (gmm-est-fmllr:Update():fmllr-diag-gmm.cc:162) Not updating fMLLR since below min-count: count is 128
LOG (gmm-est-fmllr:main():gmm-est-fmllr.cc:143) For speaker train_S12_9_4_20, auxf-impr from fMLLR is 0, over 128 frames.
WARNING (gmm-est-fmllr:Update():fmllr-diag-gmm.cc:162) Not updating fMLLR since below min-count: count is 134
LOG (gmm-est-fmllr:main():gmm-est-fmllr.cc:143) For speaker train_S12_9_5_12, auxf-impr from fMLLR is 0, over 134 frames.
WARNING (gmm-est-fmllr:Update():fmllr-diag-gmm.cc:162) Not updating fMLLR since below min-count: count is 131
LOG (gmm-est-fmllr:main():gmm-est-fmllr.cc:143) For speaker train_S12_9_5_14, auxf-impr from fMLLR is 0, over 131 frames.
WARNING (gmm-est-fmllr:Update():fmllr-diag-gmm.cc:162) Not updating fMLLR since below min-count: count is 132
LOG (gmm-est-fmllr:main():gmm-est-fmllr.cc:143) For speaker train_S12_9_5_16, auxf-impr from fMLLR is 0, over 132 frames.
WARNING (gmm-est-fmllr:Update():fmllr-diag-gmm.cc:162) Not updating fMLLR since below min-count: count is 120
LOG (gmm-est-fmllr:main():gmm-est-fmllr.cc:143) For speaker train_S12_9_5_18, auxf-impr from fMLLR is 0, over 120 frames.
WARNING (gmm-est-fmllr:Update():fmllr-diag-gmm.cc:162) Not updating fMLLR since below min-count: count is 128
LOG (gmm-est-fmllr:main():gmm-est-fmllr.cc:143) For speaker train_S12_9_5_20, auxf-impr from fMLLR is 0, over 128 frames.
WARNING (gmm-est-fmllr:Update():fmllr-diag-gmm.cc:162) Not updating fMLLR since below min-count: count is 133
LOG (gmm-est-fmllr:main():gmm-est-fmllr.cc:143) For speaker train_S12_9_6_12, auxf-impr from fMLLR is 0, over 133 frames.
WARNING (gmm-est-fmllr:Update():fmllr-diag-gmm.cc:162) Not updating fMLLR since below min-count: count is 131
LOG (gmm-est-fmllr:main():gmm-est-fmllr.cc:143) For speaker train_S12_9_6_14, auxf-impr from fMLLR is 0, over 131 frames.
WARNING (gmm-est-fmllr:Update():fmllr-diag-gmm.cc:162) Not updating fMLLR since below min-count: count is 132
LOG (gmm-est-fmllr:main():gmm-est-fmllr.cc:143) For speaker train_S12_9_6_16, auxf-impr from fMLLR is 0, over 132 frames.
WARNING (gmm-est-fmllr:Update():fmllr-diag-gmm.cc:162) Not updating fMLLR since below min-count: count is 121
LOG (gmm-est-fmllr:main():gmm-est-fmllr.cc:143) For speaker train_S12_9_6_18, auxf-impr from fMLLR is 0, over 121 frames.
WARNING (gmm-est-fmllr:Update():fmllr-diag-gmm.cc:162) Not updating fMLLR since below min-count: count is 128
LOG (gmm-est-fmllr:main():gmm-est-fmllr.cc:143) For speaker train_S12_9_6_20, auxf-impr from fMLLR is 0, over 128 frames.
WARNING (gmm-est-fmllr:Update():fmllr-diag-gmm.cc:162) Not updating fMLLR since below min-count: count is 132
LOG (gmm-est-fmllr:main():gmm-est-fmllr.cc:143) For speaker train_S12_9_7_12, auxf-impr from fMLLR is 0, over 132 frames.
WARNING (gmm-est-fmllr:Update():fmllr-diag-gmm.cc:162) Not updating fMLLR since below min-count: count is 131
LOG (gmm-est-fmllr:main():gmm-est-fmllr.cc:143) For speaker train_S12_9_7_14, auxf-impr from fMLLR is 0, over 131 frames.
WARNING (gmm-est-fmllr:Update():fmllr-diag-gmm.cc:162) Not updating fMLLR since below min-count: count is 132
LOG (gmm-est-fmllr:main():gmm-est-fmllr.cc:143) For speaker train_S12_9_7_16, auxf-impr from fMLLR is 0, over 132 frames.
WARNING (gmm-est-fmllr:Update():fmllr-diag-gmm.cc:162) Not updating fMLLR since below min-count: count is 120
LOG (gmm-est-fmllr:main():gmm-est-fmllr.cc:143) For speaker train_S12_9_7_18, auxf-impr from fMLLR is 0, over 120 frames.
WARNING (gmm-est-fmllr:Update():fmllr-diag-gmm.cc:162) Not updating fMLLR since below min-count: count is 128
LOG (gmm-est-fmllr:main():gmm-est-fmllr.cc:143) For speaker train_S12_9_7_20, auxf-impr from fMLLR is 0, over 128 frames.
WARNING (gmm-est-fmllr:Update():fmllr-diag-gmm.cc:162) Not updating fMLLR since below min-count: count is 135
LOG (gmm-est-fmllr:main():gmm-est-fmllr.cc:143) For speaker train_S13_10_1_12, auxf-impr from fMLLR is 0, over 135 frames.
WARNING (gmm-est-fmllr:Update():fmllr-diag-gmm.cc:162) Not updating fMLLR since below min-count: count is 132
LOG (gmm-est-fmllr:main():gmm-est-fmllr.cc:143) For speaker train_S13_10_1_14, auxf-impr from fMLLR is 0, over 132 frames.
WARNING (gmm-est-fmllr:Update():fmllr-diag-gmm.cc:162) Not updating fMLLR since below min-count: count is 136
LOG (gmm-est-fmllr:main():gmm-est-fmllr.cc:143) For speaker train_S13_10_1_16, auxf-impr from fMLLR is 0, over 136 frames.
WARNING (gmm-est-fmllr:Update():fmllr-diag-gmm.cc:162) Not updating fMLLR since below min-count: count is 120
LOG (gmm-est-fmllr:main():gmm-est-fmllr.cc:143) For speaker train_S13_10_1_18, auxf-impr from fMLLR is 0, over 120 frames.
WARNING (gmm-est-fmllr:Update():fmllr-diag-gmm.cc:162) Not updating fMLLR since below min-count: count is 130
LOG (gmm-est-fmllr:main():gmm-est-fmllr.cc:143) For speaker train_S13_10_1_20, auxf-impr from fMLLR is 0, over 130 frames.
WARNING (gmm-est-fmllr:Update():fmllr-diag-gmm.cc:162) Not updating fMLLR since below min-count: count is 135
LOG (gmm-est-fmllr:main():gmm-est-fmllr.cc:143) For speaker train_S13_10_2_12, auxf-impr from fMLLR is 0, over 135 frames.
WARNING (gmm-est-fmllr:Update():fmllr-diag-gmm.cc:162) Not updating fMLLR since below min-count: count is 132
LOG (gmm-est-fmllr:main():gmm-est-fmllr.cc:143) For speaker train_S13_10_2_14, auxf-impr from fMLLR is 0, over 132 frames.
WARNING (gmm-est-fmllr:Update():fmllr-diag-gmm.cc:162) Not updating fMLLR since below min-count: count is 136
LOG (gmm-est-fmllr:main():gmm-est-fmllr.cc:143) For speaker train_S13_10_2_16, auxf-impr from fMLLR is 0, over 136 frames.
WARNING (gmm-est-fmllr:Update():fmllr-diag-gmm.cc:162) Not updating fMLLR since below min-count: count is 120
LOG (gmm-est-fmllr:main():gmm-est-fmllr.cc:143) For speaker train_S13_10_2_18, auxf-impr from fMLLR is 0, over 120 frames.
WARNING (gmm-est-fmllr:Update():fmllr-diag-gmm.cc:162) Not updating fMLLR since below min-count: count is 130
LOG (gmm-est-fmllr:main():gmm-est-fmllr.cc:143) For speaker train_S13_10_2_20, auxf-impr from fMLLR is 0, over 130 frames.
WARNING (gmm-est-fmllr:Update():fmllr-diag-gmm.cc:162) Not updating fMLLR since below min-count: count is 135
LOG (gmm-est-fmllr:main():gmm-est-fmllr.cc:143) For speaker train_S13_10_3_12, auxf-impr from fMLLR is 0, over 135 frames.
WARNING (gmm-est-fmllr:Update():fmllr-diag-gmm.cc:162) Not updating fMLLR since below min-count: count is 132
LOG (gmm-est-fmllr:main():gmm-est-fmllr.cc:143) For speaker train_S13_10_3_14, auxf-impr from fMLLR is 0, over 132 frames.
WARNING (gmm-est-fmllr:Update():fmllr-diag-gmm.cc:162) Not updating fMLLR since below min-count: count is 136
LOG (gmm-est-fmllr:main():gmm-est-fmllr.cc:143) For speaker train_S13_10_3_16, auxf-impr from fMLLR is 0, over 136 frames.
WARNING (gmm-est-fmllr:Update():fmllr-diag-gmm.cc:162) Not updating fMLLR since below min-count: count is 120
LOG (gmm-est-fmllr:main():gmm-est-fmllr.cc:143) For speaker train_S13_10_3_18, auxf-impr from fMLLR is 0, over 120 frames.
WARNING (gmm-est-fmllr:Update():fmllr-diag-gmm.cc:162) Not updating fMLLR since below min-count: count is 130
LOG (gmm-est-fmllr:main():gmm-est-fmllr.cc:143) For speaker train_S13_10_3_20, auxf-impr from fMLLR is 0, over 130 frames.
WARNING (gmm-est-fmllr:Update():fmllr-diag-gmm.cc:162) Not updating fMLLR since below min-count: count is 135
LOG (gmm-est-fmllr:main():gmm-est-fmllr.cc:143) For speaker train_S13_10_4_12, auxf-impr from fMLLR is 0, over 135 frames.
WARNING (gmm-est-fmllr:Update():fmllr-diag-gmm.cc:162) Not updating fMLLR since below min-count: count is 132
LOG (gmm-est-fmllr:main():gmm-est-fmllr.cc:143) For speaker train_S13_10_4_14, auxf-impr from fMLLR is 0, over 132 frames.
WARNING (gmm-est-fmllr:Update():fmllr-diag-gmm.cc:162) Not updating fMLLR since below min-count: count is 136
LOG (gmm-est-fmllr:main():gmm-est-fmllr.cc:143) For speaker train_S13_10_4_16, auxf-impr from fMLLR is 0, over 136 frames.
WARNING (gmm-est-fmllr:Update():fmllr-diag-gmm.cc:162) Not updating fMLLR since below min-count: count is 120
LOG (gmm-est-fmllr:main():gmm-est-fmllr.cc:143) For speaker train_S13_10_4_18, auxf-impr from fMLLR is 0, over 120 frames.
WARNING (gmm-est-fmllr:Update():fmllr-diag-gmm.cc:162) Not updating fMLLR since below min-count: count is 130
LOG (gmm-est-fmllr:main():gmm-est-fmllr.cc:143) For speaker train_S13_10_4_20, auxf-impr from fMLLR is 0, over 130 frames.
WARNING (gmm-est-fmllr:Update():fmllr-diag-gmm.cc:162) Not updating fMLLR since below min-count: count is 135
LOG (gmm-est-fmllr:main():gmm-est-fmllr.cc:143) For speaker train_S13_10_5_12, auxf-impr from fMLLR is 0, over 135 frames.
WARNING (gmm-est-fmllr:Update():fmllr-diag-gmm.cc:162) Not updating fMLLR since below min-count: count is 133
LOG (gmm-est-fmllr:main():gmm-est-fmllr.cc:143) For speaker train_S13_10_5_14, auxf-impr from fMLLR is 0, over 133 frames.
WARNING (gmm-est-fmllr:Update():fmllr-diag-gmm.cc:162) Not updating fMLLR since below min-count: count is 136
LOG (gmm-est-fmllr:main():gmm-est-fmllr.cc:143) For speaker train_S13_10_5_16, auxf-impr from fMLLR is 0, over 136 frames.
WARNING (gmm-est-fmllr:Update():fmllr-diag-gmm.cc:162) Not updating fMLLR since below min-count: count is 120
LOG (gmm-est-fmllr:main():gmm-est-fmllr.cc:143) For speaker train_S13_10_5_18, auxf-impr from fMLLR is 0, over 120 frames.
WARNING (gmm-est-fmllr:Update():fmllr-diag-gmm.cc:162) Not updating fMLLR since below min-count: count is 130
LOG (gmm-est-fmllr:main():gmm-est-fmllr.cc:143) For speaker train_S13_10_5_20, auxf-impr from fMLLR is 0, over 130 frames.
WARNING (gmm-est-fmllr:Update():fmllr-diag-gmm.cc:162) Not updating fMLLR since below min-count: count is 135
LOG (gmm-est-fmllr:main():gmm-est-fmllr.cc:143) For speaker train_S13_10_6_12, auxf-impr from fMLLR is 0, over 135 frames.
WARNING (gmm-est-fmllr:Update():fmllr-diag-gmm.cc:162) Not updating fMLLR since below min-count: count is 133
LOG (gmm-est-fmllr:main():gmm-est-fmllr.cc:143) For speaker train_S13_10_6_14, auxf-impr from fMLLR is 0, over 133 frames.
WARNING (gmm-est-fmllr:Update():fmllr-diag-gmm.cc:162) Not updating fMLLR since below min-count: count is 136
LOG (gmm-est-fmllr:main():gmm-est-fmllr.cc:143) For speaker train_S13_10_6_16, auxf-impr from fMLLR is 0, over 136 frames.
WARNING (gmm-est-fmllr:Update():fmllr-diag-gmm.cc:162) Not updating fMLLR since below min-count: count is 120
LOG (gmm-est-fmllr:main():gmm-est-fmllr.cc:143) For speaker train_S13_10_6_18, auxf-impr from fMLLR is 0, over 120 frames.
WARNING (gmm-est-fmllr:Update():fmllr-diag-gmm.cc:162) Not updating fMLLR since below min-count: count is 130
LOG (gmm-est-fmllr:main():gmm-est-fmllr.cc:143) For speaker train_S13_10_6_20, auxf-impr from fMLLR is 0, over 130 frames.
WARNING (gmm-est-fmllr:Update():fmllr-diag-gmm.cc:162) Not updating fMLLR since below min-count: count is 135
LOG (gmm-est-fmllr:main():gmm-est-fmllr.cc:143) For speaker train_S13_10_7_12, auxf-impr from fMLLR is 0, over 135 frames.
WARNING (gmm-est-fmllr:Update():fmllr-diag-gmm.cc:162) Not updating fMLLR since below min-count: count is 133
LOG (gmm-est-fmllr:main():gmm-est-fmllr.cc:143) For speaker train_S13_10_7_14, auxf-impr from fMLLR is 0, over 133 frames.
WARNING (gmm-est-fmllr:Update():fmllr-diag-gmm.cc:162) Not updating fMLLR since below min-count: count is 136
LOG (gmm-est-fmllr:main():gmm-est-fmllr.cc:143) For speaker train_S13_10_7_16, auxf-impr from fMLLR is 0, over 136 frames.
WARNING (gmm-est-fmllr:Update():fmllr-diag-gmm.cc:162) Not updating fMLLR since below min-count: count is 120
LOG (gmm-est-fmllr:main():gmm-est-fmllr.cc:143) For speaker train_S13_10_7_18, auxf-impr from fMLLR is 0, over 120 frames.
WARNING (gmm-est-fmllr:Update():fmllr-diag-gmm.cc:162) Not updating fMLLR since below min-count: count is 130
LOG (gmm-est-fmllr:main():gmm-est-fmllr.cc:143) For speaker train_S13_10_7_20, auxf-impr from fMLLR is 0, over 130 frames.
WARNING (gmm-est-fmllr:Update():fmllr-diag-gmm.cc:162) Not updating fMLLR since below min-count: count is 151
LOG (gmm-est-fmllr:main():gmm-est-fmllr.cc:143) For speaker train_S13_11_1_12, auxf-impr from fMLLR is 0, over 151 frames.
WARNING (gmm-est-fmllr:Update():fmllr-diag-gmm.cc:162) Not updating fMLLR since below min-count: count is 148
LOG (gmm-est-fmllr:main():gmm-est-fmllr.cc:143) For speaker train_S13_11_1_14, auxf-impr from fMLLR is 0, over 148 frames.
WARNING (gmm-est-fmllr:Update():fmllr-diag-gmm.cc:162) Not updating fMLLR since below min-count: count is 151
LOG (gmm-est-fmllr:main():gmm-est-fmllr.cc:143) For speaker train_S13_11_1_16, auxf-impr from fMLLR is 0, over 151 frames.
WARNING (gmm-est-fmllr:Update():fmllr-diag-gmm.cc:162) Not updating fMLLR since below min-count: count is 134
LOG (gmm-est-fmllr:main():gmm-est-fmllr.cc:143) For speaker train_S13_11_1_18, auxf-impr from fMLLR is 0, over 134 frames.
WARNING (gmm-est-fmllr:Update():fmllr-diag-gmm.cc:162) Not updating fMLLR since below min-count: count is 144
LOG (gmm-est-fmllr:main():gmm-est-fmllr.cc:143) For speaker train_S13_11_1_20, auxf-impr from fMLLR is 0, over 144 frames.
WARNING (gmm-est-fmllr:Update():fmllr-diag-gmm.cc:162) Not updating fMLLR since below min-count: count is 151
LOG (gmm-est-fmllr:main():gmm-est-fmllr.cc:143) For speaker train_S13_11_2_12, auxf-impr from fMLLR is 0, over 151 frames.
WARNING (gmm-est-fmllr:Update():fmllr-diag-gmm.cc:162) Not updating fMLLR since below min-count: count is 148
LOG (gmm-est-fmllr:main():gmm-est-fmllr.cc:143) For speaker train_S13_11_2_14, auxf-impr from fMLLR is 0, over 148 frames.
WARNING (gmm-est-fmllr:Update():fmllr-diag-gmm.cc:162) Not updating fMLLR since below min-count: count is 151
LOG (gmm-est-fmllr:main():gmm-est-fmllr.cc:143) For speaker train_S13_11_2_16, auxf-impr from fMLLR is 0, over 151 frames.
WARNING (gmm-est-fmllr:Update():fmllr-diag-gmm.cc:162) Not updating fMLLR since below min-count: count is 134
LOG (gmm-est-fmllr:main():gmm-est-fmllr.cc:143) For speaker train_S13_11_2_18, auxf-impr from fMLLR is 0, over 134 frames.
WARNING (gmm-est-fmllr:Update():fmllr-diag-gmm.cc:162) Not updating fMLLR since below min-count: count is 144
LOG (gmm-est-fmllr:main():gmm-est-fmllr.cc:143) For speaker train_S13_11_2_20, auxf-impr from fMLLR is 0, over 144 frames.
WARNING (gmm-est-fmllr:Update():fmllr-diag-gmm.cc:162) Not updating fMLLR since below min-count: count is 151
LOG (gmm-est-fmllr:main():gmm-est-fmllr.cc:143) For speaker train_S13_11_3_12, auxf-impr from fMLLR is 0, over 151 frames.
WARNING (gmm-est-fmllr:Update():fmllr-diag-gmm.cc:162) Not updating fMLLR since below min-count: count is 148
LOG (gmm-est-fmllr:main():gmm-est-fmllr.cc:143) For speaker train_S13_11_3_14, auxf-impr from fMLLR is 0, over 148 frames.
WARNING (gmm-est-fmllr:Update():fmllr-diag-gmm.cc:162) Not updating fMLLR since below min-count: count is 151
LOG (gmm-est-fmllr:main():gmm-est-fmllr.cc:143) For speaker train_S13_11_3_16, auxf-impr from fMLLR is 0, over 151 frames.
WARNING (gmm-est-fmllr:Update():fmllr-diag-gmm.cc:162) Not updating fMLLR since below min-count: count is 134
LOG (gmm-est-fmllr:main():gmm-est-fmllr.cc:143) For speaker train_S13_11_3_18, auxf-impr from fMLLR is 0, over 134 frames.
WARNING (gmm-est-fmllr:Update():fmllr-diag-gmm.cc:162) Not updating fMLLR since below min-count: count is 144
LOG (gmm-est-fmllr:main():gmm-est-fmllr.cc:143) For speaker train_S13_11_3_20, auxf-impr from fMLLR is 0, over 144 frames.
WARNING (gmm-est-fmllr:Update():fmllr-diag-gmm.cc:162) Not updating fMLLR since below min-count: count is 151
LOG (gmm-est-fmllr:main():gmm-est-fmllr.cc:143) For speaker train_S13_11_4_12, auxf-impr from fMLLR is 0, over 151 frames.
WARNING (gmm-est-fmllr:Update():fmllr-diag-gmm.cc:162) Not updating fMLLR since below min-count: count is 148
LOG (gmm-est-fmllr:main():gmm-est-fmllr.cc:143) For speaker train_S13_11_4_14, auxf-impr from fMLLR is 0, over 148 frames.
WARNING (gmm-est-fmllr:Update():fmllr-diag-gmm.cc:162) Not updating fMLLR since below min-count: count is 151
LOG (gmm-est-fmllr:main():gmm-est-fmllr.cc:143) For speaker train_S13_11_4_16, auxf-impr from fMLLR is 0, over 151 frames.
WARNING (gmm-est-fmllr:Update():fmllr-diag-gmm.cc:162) Not updating fMLLR since below min-count: count is 134
LOG (gmm-est-fmllr:main():gmm-est-fmllr.cc:143) For speaker train_S13_11_4_18, auxf-impr from fMLLR is 0, over 134 frames.
WARNING (gmm-est-fmllr:Update():fmllr-diag-gmm.cc:162) Not updating fMLLR since below min-count: count is 144
LOG (gmm-est-fmllr:main():gmm-est-fmllr.cc:143) For speaker train_S13_11_4_20, auxf-impr from fMLLR is 0, over 144 frames.
WARNING (gmm-est-fmllr:Update():fmllr-diag-gmm.cc:162) Not updating fMLLR since below min-count: count is 151
LOG (gmm-est-fmllr:main():gmm-est-fmllr.cc:143) For speaker train_S13_11_5_12, auxf-impr from fMLLR is 0, over 151 frames.
WARNING (gmm-est-fmllr:Update():fmllr-diag-gmm.cc:162) Not updating fMLLR since below min-count: count is 148
LOG (gmm-est-fmllr:main():gmm-est-fmllr.cc:143) For speaker train_S13_11_5_14, auxf-impr from fMLLR is 0, over 148 frames.
WARNING (gmm-est-fmllr:Update():fmllr-diag-gmm.cc:162) Not updating fMLLR since below min-count: count is 151
LOG (gmm-est-fmllr:main():gmm-est-fmllr.cc:143) For speaker train_S13_11_5_16, auxf-impr from fMLLR is 0, over 151 frames.
WARNING (gmm-est-fmllr:Update():fmllr-diag-gmm.cc:162) Not updating fMLLR since below min-count: count is 134
LOG (gmm-est-fmllr:main():gmm-est-fmllr.cc:143) For speaker train_S13_11_5_18, auxf-impr from fMLLR is 0, over 134 frames.
WARNING (gmm-est-fmllr:Update():fmllr-diag-gmm.cc:162) Not updating fMLLR since below min-count: count is 144
LOG (gmm-est-fmllr:main():gmm-est-fmllr.cc:143) For speaker train_S13_11_5_20, auxf-impr from fMLLR is 0, over 144 frames.
WARNING (gmm-est-fmllr:Update():fmllr-diag-gmm.cc:162) Not updating fMLLR since below min-count: count is 151
LOG (gmm-est-fmllr:main():gmm-est-fmllr.cc:143) For speaker train_S13_11_6_12, auxf-impr from fMLLR is 0, over 151 frames.
WARNING (gmm-est-fmllr:Update():fmllr-diag-gmm.cc:162) Not updating fMLLR since below min-count: count is 148
LOG (gmm-est-fmllr:main():gmm-est-fmllr.cc:143) For speaker train_S13_11_6_14, auxf-impr from fMLLR is 0, over 148 frames.
WARNING (gmm-est-fmllr:Update():fmllr-diag-gmm.cc:162) Not updating fMLLR since below min-count: count is 151
LOG (gmm-est-fmllr:main():gmm-est-fmllr.cc:143) For speaker train_S13_11_6_16, auxf-impr from fMLLR is 0, over 151 frames.
WARNING (gmm-est-fmllr:Update():fmllr-diag-gmm.cc:162) Not updating fMLLR since below min-count: count is 134
LOG (gmm-est-fmllr:main():gmm-est-fmllr.cc:143) For speaker train_S13_11_6_18, auxf-impr from fMLLR is 0, over 134 frames.
WARNING (gmm-est-fmllr:Update():fmllr-diag-gmm.cc:162) Not updating fMLLR since below min-count: count is 144
LOG (gmm-est-fmllr:main():gmm-est-fmllr.cc:143) For speaker train_S13_11_6_20, auxf-impr from fMLLR is 0, over 144 frames.
WARNING (gmm-est-fmllr:Update():fmllr-diag-gmm.cc:162) Not updating fMLLR since below min-count: count is 151
LOG (gmm-est-fmllr:main():gmm-est-fmllr.cc:143) For speaker train_S13_11_7_12, auxf-impr from fMLLR is 0, over 151 frames.
WARNING (gmm-est-fmllr:Update():fmllr-diag-gmm.cc:162) Not updating fMLLR since below min-count: count is 148
LOG (gmm-est-fmllr:main():gmm-est-fmllr.cc:143) For speaker train_S13_11_7_14, auxf-impr from fMLLR is 0, over 148 frames.
WARNING (gmm-est-fmllr:Update():fmllr-diag-gmm.cc:162) Not updating fMLLR since below min-count: count is 151
LOG (gmm-est-fmllr:main():gmm-est-fmllr.cc:143) For speaker train_S13_11_7_16, auxf-impr from fMLLR is 0, over 151 frames.
WARNING (gmm-est-fmllr:Update():fmllr-diag-gmm.cc:162) Not updating fMLLR since below min-count: count is 134
LOG (gmm-est-fmllr:main():gmm-est-fmllr.cc:143) For speaker train_S13_11_7_18, auxf-impr from fMLLR is 0, over 134 frames.
WARNING (gmm-est-fmllr:Update():fmllr-diag-gmm.cc:162) Not updating fMLLR since below min-count: count is 144
LOG (gmm-est-fmllr:main():gmm-est-fmllr.cc:143) For speaker train_S13_11_7_20, auxf-impr from fMLLR is 0, over 144 frames.
WARNING (gmm-est-fmllr:Update():fmllr-diag-gmm.cc:162) Not updating fMLLR since below min-count: count is 125
LOG (gmm-est-fmllr:main():gmm-est-fmllr.cc:143) For speaker train_S13_3_1_12, auxf-impr from fMLLR is 0, over 125 frames.
WARNING (gmm-est-fmllr:Update():fmllr-diag-gmm.cc:162) Not updating fMLLR since below min-count: count is 122
LOG (gmm-est-fmllr:main():gmm-est-fmllr.cc:143) For speaker train_S13_3_1_14, auxf-impr from fMLLR is 0, over 122 frames.
WARNING (gmm-est-fmllr:Update():fmllr-diag-gmm.cc:162) Not updating fMLLR since below min-count: count is 124
LOG (gmm-est-fmllr:main():gmm-est-fmllr.cc:143) For speaker train_S13_3_1_16, auxf-impr from fMLLR is 0, over 124 frames.
WARNING (gmm-est-fmllr:Update():fmllr-diag-gmm.cc:162) Not updating fMLLR since below min-count: count is 111
LOG (gmm-est-fmllr:main():gmm-est-fmllr.cc:143) For speaker train_S13_3_1_18, auxf-impr from fMLLR is 0, over 111 frames.
WARNING (gmm-est-fmllr:Update():fmllr-diag-gmm.cc:162) Not updating fMLLR since below min-count: count is 119
LOG (gmm-est-fmllr:main():gmm-est-fmllr.cc:143) For speaker train_S13_3_1_20, auxf-impr from fMLLR is 0, over 119 frames.
WARNING (gmm-est-fmllr:Update():fmllr-diag-gmm.cc:162) Not updating fMLLR since below min-count: count is 125
LOG (gmm-est-fmllr:main():gmm-est-fmllr.cc:143) For speaker train_S13_3_2_12, auxf-impr from fMLLR is 0, over 125 frames.
WARNING (gmm-est-fmllr:Update():fmllr-diag-gmm.cc:162) Not updating fMLLR since below min-count: count is 122
LOG (gmm-est-fmllr:main():gmm-est-fmllr.cc:143) For speaker train_S13_3_2_14, auxf-impr from fMLLR is 0, over 122 frames.
WARNING (gmm-est-fmllr:Update():fmllr-diag-gmm.cc:162) Not updating fMLLR since below min-count: count is 124
LOG (gmm-est-fmllr:main():gmm-est-fmllr.cc:143) For speaker train_S13_3_2_16, auxf-impr from fMLLR is 0, over 124 frames.
WARNING (gmm-est-fmllr:Update():fmllr-diag-gmm.cc:162) Not updating fMLLR since below min-count: count is 111
LOG (gmm-est-fmllr:main():gmm-est-fmllr.cc:143) For speaker train_S13_3_2_18, auxf-impr from fMLLR is 0, over 111 frames.
WARNING (gmm-est-fmllr:Update():fmllr-diag-gmm.cc:162) Not updating fMLLR since below min-count: count is 119
LOG (gmm-est-fmllr:main():gmm-est-fmllr.cc:143) For speaker train_S13_3_2_20, auxf-impr from fMLLR is 0, over 119 frames.
WARNING (gmm-est-fmllr:Update():fmllr-diag-gmm.cc:162) Not updating fMLLR since below min-count: count is 125
LOG (gmm-est-fmllr:main():gmm-est-fmllr.cc:143) For speaker train_S13_3_3_12, auxf-impr from fMLLR is 0, over 125 frames.
WARNING (gmm-est-fmllr:Update():fmllr-diag-gmm.cc:162) Not updating fMLLR since below min-count: count is 122
LOG (gmm-est-fmllr:main():gmm-est-fmllr.cc:143) For speaker train_S13_3_3_14, auxf-impr from fMLLR is 0, over 122 frames.
WARNING (gmm-est-fmllr:Update():fmllr-diag-gmm.cc:162) Not updating fMLLR since below min-count: count is 124
LOG (gmm-est-fmllr:main():gmm-est-fmllr.cc:143) For speaker train_S13_3_3_16, auxf-impr from fMLLR is 0, over 124 frames.
WARNING (gmm-est-fmllr:Update():fmllr-diag-gmm.cc:162) Not updating fMLLR since below min-count: count is 111
LOG (gmm-est-fmllr:main():gmm-est-fmllr.cc:143) For speaker train_S13_3_3_18, auxf-impr from fMLLR is 0, over 111 frames.
WARNING (gmm-est-fmllr:Update():fmllr-diag-gmm.cc:162) Not updating fMLLR since below min-count: count is 119
LOG (gmm-est-fmllr:main():gmm-est-fmllr.cc:143) For speaker train_S13_3_3_20, auxf-impr from fMLLR is 0, over 119 frames.
WARNING (gmm-est-fmllr:Update():fmllr-diag-gmm.cc:162) Not updating fMLLR since below min-count: count is 126
LOG (gmm-est-fmllr:main():gmm-est-fmllr.cc:143) For speaker train_S13_3_4_12, auxf-impr from fMLLR is 0, over 126 frames.
WARNING (gmm-est-fmllr:Update():fmllr-diag-gmm.cc:162) Not updating fMLLR since below min-count: count is 122
LOG (gmm-est-fmllr:main():gmm-est-fmllr.cc:143) For speaker train_S13_3_4_14, auxf-impr from fMLLR is 0, over 122 frames.
WARNING (gmm-est-fmllr:Update():fmllr-diag-gmm.cc:162) Not updating fMLLR since below min-count: count is 124
LOG (gmm-est-fmllr:main():gmm-est-fmllr.cc:143) For speaker train_S13_3_4_16, auxf-impr from fMLLR is 0, over 124 frames.
WARNING (gmm-est-fmllr:Update():fmllr-diag-gmm.cc:162) Not updating fMLLR since below min-count: count is 111
LOG (gmm-est-fmllr:main():gmm-est-fmllr.cc:143) For speaker train_S13_3_4_18, auxf-impr from fMLLR is 0, over 111 frames.
WARNING (gmm-est-fmllr:Update():fmllr-diag-gmm.cc:162) Not updating fMLLR since below min-count: count is 119
LOG (gmm-est-fmllr:main():gmm-est-fmllr.cc:143) For speaker train_S13_3_4_20, auxf-impr from fMLLR is 0, over 119 frames.
WARNING (gmm-est-fmllr:Update():fmllr-diag-gmm.cc:162) Not updating fMLLR since below min-count: count is 125
LOG (gmm-est-fmllr:main():gmm-est-fmllr.cc:143) For speaker train_S13_3_5_12, auxf-impr from fMLLR is 0, over 125 frames.
WARNING (gmm-est-fmllr:Update():fmllr-diag-gmm.cc:162) Not updating fMLLR since below min-count: count is 122
LOG (gmm-est-fmllr:main():gmm-est-fmllr.cc:143) For speaker train_S13_3_5_14, auxf-impr from fMLLR is 0, over 122 frames.
WARNING (gmm-est-fmllr:Update():fmllr-diag-gmm.cc:162) Not updating fMLLR since below min-count: count is 124
LOG (gmm-est-fmllr:main():gmm-est-fmllr.cc:143) For speaker train_S13_3_5_16, auxf-impr from fMLLR is 0, over 124 frames.
WARNING (gmm-est-fmllr:Update():fmllr-diag-gmm.cc:162) Not updating fMLLR since below min-count: count is 111
LOG (gmm-est-fmllr:main():gmm-est-fmllr.cc:143) For speaker train_S13_3_5_18, auxf-impr from fMLLR is 0, over 111 frames.
WARNING (gmm-est-fmllr:Update():fmllr-diag-gmm.cc:162) Not updating fMLLR since below min-count: count is 119
LOG (gmm-est-fmllr:main():gmm-est-fmllr.cc:143) For speaker train_S13_3_5_20, auxf-impr from fMLLR is 0, over 119 frames.
WARNING (gmm-est-fmllr:Update():fmllr-diag-gmm.cc:162) Not updating fMLLR since below min-count: count is 126
LOG (gmm-est-fmllr:main():gmm-est-fmllr.cc:143) For speaker train_S13_3_6_12, auxf-impr from fMLLR is 0, over 126 frames.
WARNING (gmm-est-fmllr:Update():fmllr-diag-gmm.cc:162) Not updating fMLLR since below min-count: count is 122
LOG (gmm-est-fmllr:main():gmm-est-fmllr.cc:143) For speaker train_S13_3_6_14, auxf-impr from fMLLR is 0, over 122 frames.
WARNING (gmm-est-fmllr:Update():fmllr-diag-gmm.cc:162) Not updating fMLLR since below min-count: count is 124
LOG (gmm-est-fmllr:main():gmm-est-fmllr.cc:143) For speaker train_S13_3_6_16, auxf-impr from fMLLR is 0, over 124 frames.
WARNING (gmm-est-fmllr:Update():fmllr-diag-gmm.cc:162) Not updating fMLLR since below min-count: count is 111
LOG (gmm-est-fmllr:main():gmm-est-fmllr.cc:143) For speaker train_S13_3_6_18, auxf-impr from fMLLR is 0, over 111 frames.
WARNING (gmm-est-fmllr:Update():fmllr-diag-gmm.cc:162) Not updating fMLLR since below min-count: count is 119
LOG (gmm-est-fmllr:main():gmm-est-fmllr.cc:143) For speaker train_S13_3_6_20, auxf-impr from fMLLR is 0, over 119 frames.
WARNING (gmm-est-fmllr:Update():fmllr-diag-gmm.cc:162) Not updating fMLLR since below min-count: count is 126
LOG (gmm-est-fmllr:main():gmm-est-fmllr.cc:143) For speaker train_S13_3_7_12, auxf-impr from fMLLR is 0, over 126 frames.
WARNING (gmm-est-fmllr:Update():fmllr-diag-gmm.cc:162) Not updating fMLLR since below min-count: count is 122
LOG (gmm-est-fmllr:main():gmm-est-fmllr.cc:143) For speaker train_S13_3_7_14, auxf-impr from fMLLR is 0, over 122 frames.
WARNING (gmm-est-fmllr:Update():fmllr-diag-gmm.cc:162) Not updating fMLLR since below min-count: count is 124
LOG (gmm-est-fmllr:main():gmm-est-fmllr.cc:143) For speaker train_S13_3_7_16, auxf-impr from fMLLR is 0, over 124 frames.
WARNING (gmm-est-fmllr:Update():fmllr-diag-gmm.cc:162) Not updating fMLLR since below min-count: count is 111
LOG (gmm-est-fmllr:main():gmm-est-fmllr.cc:143) For speaker train_S13_3_7_18, auxf-impr from fMLLR is 0, over 111 frames.
WARNING (gmm-est-fmllr:Update():fmllr-diag-gmm.cc:162) Not updating fMLLR since below min-count: count is 119
LOG (gmm-est-fmllr:main():gmm-est-fmllr.cc:143) For speaker train_S13_3_7_20, auxf-impr from fMLLR is 0, over 119 frames.
WARNING (gmm-est-fmllr:Update():fmllr-diag-gmm.cc:162) Not updating fMLLR since below min-count: count is 100
LOG (gmm-est-fmllr:main():gmm-est-fmllr.cc:143) For speaker train_S13_4_1_12, auxf-impr from fMLLR is 0, over 100 frames.
WARNING (gmm-est-fmllr:Update():fmllr-diag-gmm.cc:162) Not updating fMLLR since below min-count: count is 98
LOG (gmm-est-fmllr:main():gmm-est-fmllr.cc:143) For speaker train_S13_4_1_14, auxf-impr from fMLLR is 0, over 98 frames.
WARNING (gmm-est-fmllr:Update():fmllr-diag-gmm.cc:162) Not updating fMLLR since below min-count: count is 102
LOG (gmm-est-fmllr:main():gmm-est-fmllr.cc:143) For speaker train_S13_4_1_16, auxf-impr from fMLLR is 0, over 102 frames.
WARNING (gmm-est-fmllr:Update():fmllr-diag-gmm.cc:162) Not updating fMLLR since below min-count: count is 88
LOG (gmm-est-fmllr:main():gmm-est-fmllr.cc:143) For speaker train_S13_4_1_18, auxf-impr from fMLLR is 0, over 88 frames.
WARNING (gmm-est-fmllr:Update():fmllr-diag-gmm.cc:162) Not updating fMLLR since below min-count: count is 96
LOG (gmm-est-fmllr:main():gmm-est-fmllr.cc:143) For speaker train_S13_4_1_20, auxf-impr from fMLLR is 0, over 96 frames.
WARNING (gmm-est-fmllr:Update():fmllr-diag-gmm.cc:162) Not updating fMLLR since below min-count: count is 100
LOG (gmm-est-fmllr:main():gmm-est-fmllr.cc:143) For speaker train_S13_4_2_12, auxf-impr from fMLLR is 0, over 100 frames.
WARNING (gmm-est-fmllr:Update():fmllr-diag-gmm.cc:162) Not updating fMLLR since below min-count: count is 100
LOG (gmm-est-fmllr:main():gmm-est-fmllr.cc:143) For speaker train_S13_4_2_14, auxf-impr from fMLLR is 0, over 100 frames.
WARNING (gmm-est-fmllr:Update():fmllr-diag-gmm.cc:162) Not updating fMLLR since below min-count: count is 102
LOG (gmm-est-fmllr:main():gmm-est-fmllr.cc:143) For speaker train_S13_4_2_16, auxf-impr from fMLLR is 0, over 102 frames.
WARNING (gmm-est-fmllr:Update():fmllr-diag-gmm.cc:162) Not updating fMLLR since below min-count: count is 88
LOG (gmm-est-fmllr:main():gmm-est-fmllr.cc:143) For speaker train_S13_4_2_18, auxf-impr from fMLLR is 0, over 88 frames.
WARNING (gmm-est-fmllr:Update():fmllr-diag-gmm.cc:162) Not updating fMLLR since below min-count: count is 96
LOG (gmm-est-fmllr:main():gmm-est-fmllr.cc:143) For speaker train_S13_4_2_20, auxf-impr from fMLLR is 0, over 96 frames.
WARNING (gmm-est-fmllr:Update():fmllr-diag-gmm.cc:162) Not updating fMLLR since below min-count: count is 99
LOG (gmm-est-fmllr:main():gmm-est-fmllr.cc:143) For speaker train_S13_4_3_12, auxf-impr from fMLLR is 0, over 99 frames.
WARNING (gmm-est-fmllr:Update():fmllr-diag-gmm.cc:162) Not updating fMLLR since below min-count: count is 98
LOG (gmm-est-fmllr:main():gmm-est-fmllr.cc:143) For speaker train_S13_4_3_14, auxf-impr from fMLLR is 0, over 98 frames.
WARNING (gmm-est-fmllr:Update():fmllr-diag-gmm.cc:162) Not updating fMLLR since below min-count: count is 102
LOG (gmm-est-fmllr:main():gmm-est-fmllr.cc:143) For speaker train_S13_4_3_16, auxf-impr from fMLLR is 0, over 102 frames.
WARNING (gmm-est-fmllr:Update():fmllr-diag-gmm.cc:162) Not updating fMLLR since below min-count: count is 88
LOG (gmm-est-fmllr:main():gmm-est-fmllr.cc:143) For speaker train_S13_4_3_18, auxf-impr from fMLLR is 0, over 88 frames.
WARNING (gmm-est-fmllr:Update():fmllr-diag-gmm.cc:162) Not updating fMLLR since below min-count: count is 96
LOG (gmm-est-fmllr:main():gmm-est-fmllr.cc:143) For speaker train_S13_4_3_20, auxf-impr from fMLLR is 0, over 96 frames.
WARNING (gmm-est-fmllr:Update():fmllr-diag-gmm.cc:162) Not updating fMLLR since below min-count: count is 100
LOG (gmm-est-fmllr:main():gmm-est-fmllr.cc:143) For speaker train_S13_4_4_12, auxf-impr from fMLLR is 0, over 100 frames.
WARNING (gmm-est-fmllr:Update():fmllr-diag-gmm.cc:162) Not updating fMLLR since below min-count: count is 98
LOG (gmm-est-fmllr:main():gmm-est-fmllr.cc:143) For speaker train_S13_4_4_14, auxf-impr from fMLLR is 0, over 98 frames.
WARNING (gmm-est-fmllr:Update():fmllr-diag-gmm.cc:162) Not updating fMLLR since below min-count: count is 102
LOG (gmm-est-fmllr:main():gmm-est-fmllr.cc:143) For speaker train_S13_4_4_16, auxf-impr from fMLLR is 0, over 102 frames.
WARNING (gmm-est-fmllr:Update():fmllr-diag-gmm.cc:162) Not updating fMLLR since below min-count: count is 88
LOG (gmm-est-fmllr:main():gmm-est-fmllr.cc:143) For speaker train_S13_4_4_18, auxf-impr from fMLLR is 0, over 88 frames.
WARNING (gmm-est-fmllr:Update():fmllr-diag-gmm.cc:162) Not updating fMLLR since below min-count: count is 96
LOG (gmm-est-fmllr:main():gmm-est-fmllr.cc:143) For speaker train_S13_4_4_20, auxf-impr from fMLLR is 0, over 96 frames.
WARNING (gmm-est-fmllr:Update():fmllr-diag-gmm.cc:162) Not updating fMLLR since below min-count: count is 99
LOG (gmm-est-fmllr:main():gmm-est-fmllr.cc:143) For speaker train_S13_4_5_12, auxf-impr from fMLLR is 0, over 99 frames.
WARNING (gmm-est-fmllr:Update():fmllr-diag-gmm.cc:162) Not updating fMLLR since below min-count: count is 98
LOG (gmm-est-fmllr:main():gmm-est-fmllr.cc:143) For speaker train_S13_4_5_14, auxf-impr from fMLLR is 0, over 98 frames.
WARNING (gmm-est-fmllr:Update():fmllr-diag-gmm.cc:162) Not updating fMLLR since below min-count: count is 102
LOG (gmm-est-fmllr:main():gmm-est-fmllr.cc:143) For speaker train_S13_4_5_16, auxf-impr from fMLLR is 0, over 102 frames.
WARNING (gmm-est-fmllr:Update():fmllr-diag-gmm.cc:162) Not updating fMLLR since below min-count: count is 88
LOG (gmm-est-fmllr:main():gmm-est-fmllr.cc:143) For speaker train_S13_4_5_18, auxf-impr from fMLLR is 0, over 88 frames.
WARNING (gmm-est-fmllr:Update():fmllr-diag-gmm.cc:162) Not updating fMLLR since below min-count: count is 96
LOG (gmm-est-fmllr:main():gmm-est-fmllr.cc:143) For speaker train_S13_4_5_20, auxf-impr from fMLLR is 0, over 96 frames.
WARNING (gmm-est-fmllr:Update():fmllr-diag-gmm.cc:162) Not updating fMLLR since below min-count: count is 100
LOG (gmm-est-fmllr:main():gmm-est-fmllr.cc:143) For speaker train_S13_4_6_12, auxf-impr from fMLLR is 0, over 100 frames.
WARNING (gmm-est-fmllr:Update():fmllr-diag-gmm.cc:162) Not updating fMLLR since below min-count: count is 100
LOG (gmm-est-fmllr:main():gmm-est-fmllr.cc:143) For speaker train_S13_4_6_14, auxf-impr from fMLLR is 0, over 100 frames.
WARNING (gmm-est-fmllr:Update():fmllr-diag-gmm.cc:162) Not updating fMLLR since below min-count: count is 102
LOG (gmm-est-fmllr:main():gmm-est-fmllr.cc:143) For speaker train_S13_4_6_16, auxf-impr from fMLLR is 0, over 102 frames.
WARNING (gmm-est-fmllr:Update():fmllr-diag-gmm.cc:162) Not updating fMLLR since below min-count: count is 88
LOG (gmm-est-fmllr:main():gmm-est-fmllr.cc:143) For speaker train_S13_4_6_18, auxf-impr from fMLLR is 0, over 88 frames.
WARNING (gmm-est-fmllr:Update():fmllr-diag-gmm.cc:162) Not updating fMLLR since below min-count: count is 98
LOG (gmm-est-fmllr:main():gmm-est-fmllr.cc:143) For speaker train_S13_4_6_20, auxf-impr from fMLLR is 0, over 98 frames.
WARNING (gmm-est-fmllr:Update():fmllr-diag-gmm.cc:162) Not updating fMLLR since below min-count: count is 100
LOG (gmm-est-fmllr:main():gmm-est-fmllr.cc:143) For speaker train_S13_4_7_12, auxf-impr from fMLLR is 0, over 100 frames.
WARNING (gmm-est-fmllr:Update():fmllr-diag-gmm.cc:162) Not updating fMLLR since below min-count: count is 98
LOG (gmm-est-fmllr:main():gmm-est-fmllr.cc:143) For speaker train_S13_4_7_14, auxf-impr from fMLLR is 0, over 98 frames.
WARNING (gmm-est-fmllr:Update():fmllr-diag-gmm.cc:162) Not updating fMLLR since below min-count: count is 102
LOG (gmm-est-fmllr:main():gmm-est-fmllr.cc:143) For speaker train_S13_4_7_16, auxf-impr from fMLLR is 0, over 102 frames.
WARNING (gmm-est-fmllr:Update():fmllr-diag-gmm.cc:162) Not updating fMLLR since below min-count: count is 88
LOG (gmm-est-fmllr:main():gmm-est-fmllr.cc:143) For speaker train_S13_4_7_18, auxf-impr from fMLLR is 0, over 88 frames.
WARNING (gmm-est-fmllr:Update():fmllr-diag-gmm.cc:162) Not updating fMLLR since below min-count: count is 98
LOG (gmm-est-fmllr:main():gmm-est-fmllr.cc:143) For speaker train_S13_4_7_20, auxf-impr from fMLLR is 0, over 98 frames.
WARNING (gmm-est-fmllr:Update():fmllr-diag-gmm.cc:162) Not updating fMLLR since below min-count: count is 157
LOG (gmm-est-fmllr:main():gmm-est-fmllr.cc:143) For speaker train_S13_5_1_12, auxf-impr from fMLLR is 0, over 157 frames.
WARNING (gmm-est-fmllr:Update():fmllr-diag-gmm.cc:162) Not updating fMLLR since below min-count: count is 154
LOG (gmm-est-fmllr:main():gmm-est-fmllr.cc:143) For speaker train_S13_5_1_14, auxf-impr from fMLLR is 0, over 154 frames.
WARNING (gmm-est-fmllr:Update():fmllr-diag-gmm.cc:162) Not updating fMLLR since below min-count: count is 156
LOG (gmm-est-fmllr:main():gmm-est-fmllr.cc:143) For speaker train_S13_5_1_16, auxf-impr from fMLLR is 0, over 156 frames.
WARNING (gmm-est-fmllr:Update():fmllr-diag-gmm.cc:162) Not updating fMLLR since below min-count: count is 140
LOG (gmm-est-fmllr:main():gmm-est-fmllr.cc:143) For speaker train_S13_5_1_18, auxf-impr from fMLLR is 0, over 140 frames.
WARNING (gmm-est-fmllr:Update():fmllr-diag-gmm.cc:162) Not updating fMLLR since below min-count: count is 150
LOG (gmm-est-fmllr:main():gmm-est-fmllr.cc:143) For speaker train_S13_5_1_20, auxf-impr from fMLLR is 0, over 150 frames.
WARNING (gmm-est-fmllr:Update():fmllr-diag-gmm.cc:162) Not updating fMLLR since below min-count: count is 156
LOG (gmm-est-fmllr:main():gmm-est-fmllr.cc:143) For speaker train_S13_5_2_12, auxf-impr from fMLLR is 0, over 156 frames.
WARNING (gmm-est-fmllr:Update():fmllr-diag-gmm.cc:162) Not updating fMLLR since below min-count: count is 154
LOG (gmm-est-fmllr:main():gmm-est-fmllr.cc:143) For speaker train_S13_5_2_14, auxf-impr from fMLLR is 0, over 154 frames.
WARNING (gmm-est-fmllr:Update():fmllr-diag-gmm.cc:162) Not updating fMLLR since below min-count: count is 156
LOG (gmm-est-fmllr:main():gmm-est-fmllr.cc:143) For speaker train_S13_5_2_16, auxf-impr from fMLLR is 0, over 156 frames.
WARNING (gmm-est-fmllr:Update():fmllr-diag-gmm.cc:162) Not updating fMLLR since below min-count: count is 140
LOG (gmm-est-fmllr:main():gmm-est-fmllr.cc:143) For speaker train_S13_5_2_18, auxf-impr from fMLLR is 0, over 140 frames.
WARNING (gmm-est-fmllr:Update():fmllr-diag-gmm.cc:162) Not updating fMLLR since below min-count: count is 150
LOG (gmm-est-fmllr:main():gmm-est-fmllr.cc:143) For speaker train_S13_5_2_20, auxf-impr from fMLLR is 0, over 150 frames.
WARNING (gmm-est-fmllr:Update():fmllr-diag-gmm.cc:162) Not updating fMLLR since below min-count: count is 156
LOG (gmm-est-fmllr:main():gmm-est-fmllr.cc:143) For speaker train_S13_5_3_12, auxf-impr from fMLLR is 0, over 156 frames.
WARNING (gmm-est-fmllr:Update():fmllr-diag-gmm.cc:162) Not updating fMLLR since below min-count: count is 154
LOG (gmm-est-fmllr:main():gmm-est-fmllr.cc:143) For speaker train_S13_5_3_14, auxf-impr from fMLLR is 0, over 154 frames.
WARNING (gmm-est-fmllr:Update():fmllr-diag-gmm.cc:162) Not updating fMLLR since below min-count: count is 156
LOG (gmm-est-fmllr:main():gmm-est-fmllr.cc:143) For speaker train_S13_5_3_16, auxf-impr from fMLLR is 0, over 156 frames.
WARNING (gmm-est-fmllr:Update():fmllr-diag-gmm.cc:162) Not updating fMLLR since below min-count: count is 140
LOG (gmm-est-fmllr:main():gmm-est-fmllr.cc:143) For speaker train_S13_5_3_18, auxf-impr from fMLLR is 0, over 140 frames.
WARNING (gmm-est-fmllr:Update():fmllr-diag-gmm.cc:162) Not updating fMLLR since below min-count: count is 150
LOG (gmm-est-fmllr:main():gmm-est-fmllr.cc:143) For speaker train_S13_5_3_20, auxf-impr from fMLLR is 0, over 150 frames.
WARNING (gmm-est-fmllr:Update():fmllr-diag-gmm.cc:162) Not updating fMLLR since below min-count: count is 157
LOG (gmm-est-fmllr:main():gmm-est-fmllr.cc:143) For speaker train_S13_5_4_12, auxf-impr from fMLLR is 0, over 157 frames.
WARNING (gmm-est-fmllr:Update():fmllr-diag-gmm.cc:162) Not updating fMLLR since below min-count: count is 154
LOG (gmm-est-fmllr:main():gmm-est-fmllr.cc:143) For speaker train_S13_5_4_14, auxf-impr from fMLLR is 0, over 154 frames.
WARNING (gmm-est-fmllr:Update():fmllr-diag-gmm.cc:162) Not updating fMLLR since below min-count: count is 156
LOG (gmm-est-fmllr:main():gmm-est-fmllr.cc:143) For speaker train_S13_5_4_16, auxf-impr from fMLLR is 0, over 156 frames.
WARNING (gmm-est-fmllr:Update():fmllr-diag-gmm.cc:162) Not updating fMLLR since below min-count: count is 140
LOG (gmm-est-fmllr:main():gmm-est-fmllr.cc:143) For speaker train_S13_5_4_18, auxf-impr from fMLLR is 0, over 140 frames.
WARNING (gmm-est-fmllr:Update():fmllr-diag-gmm.cc:162) Not updating fMLLR since below min-count: count is 150
LOG (gmm-est-fmllr:main():gmm-est-fmllr.cc:143) For speaker train_S13_5_4_20, auxf-impr from fMLLR is 0, over 150 frames.
WARNING (gmm-est-fmllr:Update():fmllr-diag-gmm.cc:162) Not updating fMLLR since below min-count: count is 157
LOG (gmm-est-fmllr:main():gmm-est-fmllr.cc:143) For speaker train_S13_5_5_12, auxf-impr from fMLLR is 0, over 157 frames.
WARNING (gmm-est-fmllr:Update():fmllr-diag-gmm.cc:162) Not updating fMLLR since below min-count: count is 154
LOG (gmm-est-fmllr:main():gmm-est-fmllr.cc:143) For speaker train_S13_5_5_14, auxf-impr from fMLLR is 0, over 154 frames.
WARNING (gmm-est-fmllr:Update():fmllr-diag-gmm.cc:162) Not updating fMLLR since below min-count: count is 156
LOG (gmm-est-fmllr:main():gmm-est-fmllr.cc:143) For speaker train_S13_5_5_16, auxf-impr from fMLLR is 0, over 156 frames.
WARNING (gmm-est-fmllr:Update():fmllr-diag-gmm.cc:162) Not updating fMLLR since below min-count: count is 140
LOG (gmm-est-fmllr:main():gmm-est-fmllr.cc:143) For speaker train_S13_5_5_18, auxf-impr from fMLLR is 0, over 140 frames.
WARNING (gmm-est-fmllr:Update():fmllr-diag-gmm.cc:162) Not updating fMLLR since below min-count: count is 150
LOG (gmm-est-fmllr:main():gmm-est-fmllr.cc:143) For speaker train_S13_5_5_20, auxf-impr from fMLLR is 0, over 150 frames.
LOG (ali-to-post:main():ali-to-post.cc:65) Converted 231 alignments.
WARNING (gmm-est-fmllr:Update():fmllr-diag-gmm.cc:162) Not updating fMLLR since below min-count: count is 157
LOG (gmm-est-fmllr:main():gmm-est-fmllr.cc:143) For speaker train_S13_5_6_12, auxf-impr from fMLLR is 0, over 157 frames.
WARNING (gmm-est-fmllr:Update():fmllr-diag-gmm.cc:162) Not updating fMLLR since below min-count: count is 154
LOG (gmm-est-fmllr:main():gmm-est-fmllr.cc:143) For speaker train_S13_5_6_14, auxf-impr from fMLLR is 0, over 154 frames.
WARNING (gmm-est-fmllr:Update():fmllr-diag-gmm.cc:162) Not updating fMLLR since below min-count: count is 156
LOG (gmm-est-fmllr:main():gmm-est-fmllr.cc:143) For speaker train_S13_5_6_16, auxf-impr from fMLLR is 0, over 156 frames.
WARNING (gmm-est-fmllr:Update():fmllr-diag-gmm.cc:162) Not updating fMLLR since below min-count: count is 140
LOG (gmm-est-fmllr:main():gmm-est-fmllr.cc:143) For speaker train_S13_5_6_18, auxf-impr from fMLLR is 0, over 140 frames.
WARNING (gmm-est-fmllr:Update():fmllr-diag-gmm.cc:162) Not updating fMLLR since below min-count: count is 150
LOG (gmm-est-fmllr:main():gmm-est-fmllr.cc:143) For speaker train_S13_5_6_20, auxf-impr from fMLLR is 0, over 150 frames.
WARNING (gmm-est-fmllr:Update():fmllr-diag-gmm.cc:162) Not updating fMLLR since below min-count: count is 157
LOG (gmm-est-fmllr:main():gmm-est-fmllr.cc:143) For speaker train_S13_5_7_12, auxf-impr from fMLLR is 0, over 157 frames.
WARNING (gmm-est-fmllr:Update():fmllr-diag-gmm.cc:162) Not updating fMLLR since below min-count: count is 154
LOG (gmm-est-fmllr:main():gmm-est-fmllr.cc:143) For speaker train_S13_5_7_14, auxf-impr from fMLLR is 0, over 154 frames.
WARNING (gmm-est-fmllr:Update():fmllr-diag-gmm.cc:162) Not updating fMLLR since below min-count: count is 156
LOG (gmm-est-fmllr:main():gmm-est-fmllr.cc:143) For speaker train_S13_5_7_16, auxf-impr from fMLLR is 0, over 156 frames.
WARNING (gmm-est-fmllr:Update():fmllr-diag-gmm.cc:162) Not updating fMLLR since below min-count: count is 140
LOG (gmm-est-fmllr:main():gmm-est-fmllr.cc:143) For speaker train_S13_5_7_18, auxf-impr from fMLLR is 0, over 140 frames.
WARNING (gmm-est-fmllr:Update():fmllr-diag-gmm.cc:162) Not updating fMLLR since below min-count: count is 150
LOG (gmm-est-fmllr:main():gmm-est-fmllr.cc:143) For speaker train_S13_5_7_20, auxf-impr from fMLLR is 0, over 150 frames.
WARNING (gmm-est-fmllr:Update():fmllr-diag-gmm.cc:162) Not updating fMLLR since below min-count: count is 145
LOG (gmm-est-fmllr:main():gmm-est-fmllr.cc:143) For speaker train_S13_6_1_12, auxf-impr from fMLLR is 0, over 145 frames.
WARNING (gmm-est-fmllr:Update():fmllr-diag-gmm.cc:162) Not updating fMLLR since below min-count: count is 143
LOG (gmm-est-fmllr:main():gmm-est-fmllr.cc:143) For speaker train_S13_6_1_14, auxf-impr from fMLLR is 0, over 143 frames.
WARNING (gmm-est-fmllr:Update():fmllr-diag-gmm.cc:162) Not updating fMLLR since below min-count: count is 141
LOG (gmm-est-fmllr:main():gmm-est-fmllr.cc:143) For speaker train_S13_6_1_16, auxf-impr from fMLLR is 0, over 141 frames.
WARNING (gmm-est-fmllr:Update():fmllr-diag-gmm.cc:162) Not updating fMLLR since below min-count: count is 129
LOG (gmm-est-fmllr:main():gmm-est-fmllr.cc:143) For speaker train_S13_6_1_18, auxf-impr from fMLLR is 0, over 129 frames.
WARNING (gmm-est-fmllr:Update():fmllr-diag-gmm.cc:162) Not updating fMLLR since below min-count: count is 138
LOG (gmm-est-fmllr:main():gmm-est-fmllr.cc:143) For speaker train_S13_6_1_20, auxf-impr from fMLLR is 0, over 138 frames.
WARNING (gmm-est-fmllr:Update():fmllr-diag-gmm.cc:162) Not updating fMLLR since below min-count: count is 144
LOG (gmm-est-fmllr:main():gmm-est-fmllr.cc:143) For speaker train_S13_6_2_12, auxf-impr from fMLLR is 0, over 144 frames.
WARNING (gmm-est-fmllr:Update():fmllr-diag-gmm.cc:162) Not updating fMLLR since below min-count: count is 143
LOG (gmm-est-fmllr:main():gmm-est-fmllr.cc:143) For speaker train_S13_6_2_14, auxf-impr from fMLLR is 0, over 143 frames.
WARNING (gmm-est-fmllr:Update():fmllr-diag-gmm.cc:162) Not updating fMLLR since below min-count: count is 145
LOG (gmm-est-fmllr:main():gmm-est-fmllr.cc:143) For speaker train_S13_6_2_16, auxf-impr from fMLLR is 0, over 145 frames.
WARNING (gmm-est-fmllr:Update():fmllr-diag-gmm.cc:162) Not updating fMLLR since below min-count: count is 129
LOG (gmm-est-fmllr:main():gmm-est-fmllr.cc:143) For speaker train_S13_6_2_18, auxf-impr from fMLLR is 0, over 129 frames.
WARNING (gmm-est-fmllr:Update():fmllr-diag-gmm.cc:162) Not updating fMLLR since below min-count: count is 138
LOG (gmm-est-fmllr:main():gmm-est-fmllr.cc:143) For speaker train_S13_6_2_20, auxf-impr from fMLLR is 0, over 138 frames.
WARNING (gmm-est-fmllr:Update():fmllr-diag-gmm.cc:162) Not updating fMLLR since below min-count: count is 145
LOG (gmm-est-fmllr:main():gmm-est-fmllr.cc:143) For speaker train_S13_6_3_12, auxf-impr from fMLLR is 0, over 145 frames.
WARNING (gmm-est-fmllr:Update():fmllr-diag-gmm.cc:162) Not updating fMLLR since below min-count: count is 143
LOG (gmm-est-fmllr:main():gmm-est-fmllr.cc:143) For speaker train_S13_6_3_14, auxf-impr from fMLLR is 0, over 143 frames.
WARNING (gmm-est-fmllr:Update():fmllr-diag-gmm.cc:162) Not updating fMLLR since below min-count: count is 145
LOG (gmm-est-fmllr:main():gmm-est-fmllr.cc:143) For speaker train_S13_6_3_16, auxf-impr from fMLLR is 0, over 145 frames.
WARNING (gmm-est-fmllr:Update():fmllr-diag-gmm.cc:162) Not updating fMLLR since below min-count: count is 129
LOG (gmm-est-fmllr:main():gmm-est-fmllr.cc:143) For speaker train_S13_6_3_18, auxf-impr from fMLLR is 0, over 129 frames.
WARNING (gmm-est-fmllr:Update():fmllr-diag-gmm.cc:162) Not updating fMLLR since below min-count: count is 138
LOG (gmm-est-fmllr:main():gmm-est-fmllr.cc:143) For speaker train_S13_6_3_20, auxf-impr from fMLLR is 0, over 138 frames.
WARNING (gmm-est-fmllr:Update():fmllr-diag-gmm.cc:162) Not updating fMLLR since below min-count: count is 145
LOG (gmm-est-fmllr:main():gmm-est-fmllr.cc:143) For speaker train_S13_6_4_12, auxf-impr from fMLLR is 0, over 145 frames.
WARNING (gmm-est-fmllr:Update():fmllr-diag-gmm.cc:162) Not updating fMLLR since below min-count: count is 143
LOG (gmm-est-fmllr:main():gmm-est-fmllr.cc:143) For speaker train_S13_6_4_14, auxf-impr from fMLLR is 0, over 143 frames.
LOG (weight-silence-post:main():weight-silence-post.cc:95) Done 231 posteriors.
WARNING (gmm-est-fmllr:Update():fmllr-diag-gmm.cc:162) Not updating fMLLR since below min-count: count is 141
LOG (gmm-est-fmllr:main():gmm-est-fmllr.cc:143) For speaker train_S13_6_4_16, auxf-impr from fMLLR is 0, over 141 frames.
WARNING (gmm-est-fmllr:Update():fmllr-diag-gmm.cc:162) Not updating fMLLR since below min-count: count is 129
LOG (gmm-est-fmllr:main():gmm-est-fmllr.cc:143) For speaker train_S13_6_4_18, auxf-impr from fMLLR is 0, over 129 frames.
WARNING (gmm-est-fmllr:Update():fmllr-diag-gmm.cc:162) Not updating fMLLR since below min-count: count is 138
LOG (gmm-est-fmllr:main():gmm-est-fmllr.cc:143) For speaker train_S13_6_4_20, auxf-impr from fMLLR is 0, over 138 frames.
LOG (apply-cmvn:main():apply-cmvn.cc:146) Applied cepstral mean normalization to 231 utterances, errors on 0
WARNING (gmm-est-fmllr:Update():fmllr-diag-gmm.cc:162) Not updating fMLLR since below min-count: count is 145
LOG (gmm-est-fmllr:main():gmm-est-fmllr.cc:143) For speaker train_S13_6_5_12, auxf-impr from fMLLR is 0, over 145 frames.
WARNING (gmm-est-fmllr:Update():fmllr-diag-gmm.cc:162) Not updating fMLLR since below min-count: count is 143
LOG (gmm-est-fmllr:main():gmm-est-fmllr.cc:143) For speaker train_S13_6_5_14, auxf-impr from fMLLR is 0, over 143 frames.
WARNING (gmm-est-fmllr:Update():fmllr-diag-gmm.cc:162) Not updating fMLLR since below min-count: count is 145
LOG (gmm-est-fmllr:main():gmm-est-fmllr.cc:143) For speaker train_S13_6_5_16, auxf-impr from fMLLR is 0, over 145 frames.
WARNING (gmm-est-fmllr:Update():fmllr-diag-gmm.cc:162) Not updating fMLLR since below min-count: count is 129
LOG (gmm-est-fmllr:main():gmm-est-fmllr.cc:143) For speaker train_S13_6_5_18, auxf-impr from fMLLR is 0, over 129 frames.
WARNING (gmm-est-fmllr:Update():fmllr-diag-gmm.cc:162) Not updating fMLLR since below min-count: count is 139
LOG (gmm-est-fmllr:main():gmm-est-fmllr.cc:143) For speaker train_S13_6_5_20, auxf-impr from fMLLR is 0, over 139 frames.
WARNING (gmm-est-fmllr:Update():fmllr-diag-gmm.cc:162) Not updating fMLLR since below min-count: count is 145
LOG (gmm-est-fmllr:main():gmm-est-fmllr.cc:143) For speaker train_S13_6_6_12, auxf-impr from fMLLR is 0, over 145 frames.
WARNING (gmm-est-fmllr:Update():fmllr-diag-gmm.cc:162) Not updating fMLLR since below min-count: count is 143
LOG (gmm-est-fmllr:main():gmm-est-fmllr.cc:143) For speaker train_S13_6_6_14, auxf-impr from fMLLR is 0, over 143 frames.
WARNING (gmm-est-fmllr:Update():fmllr-diag-gmm.cc:162) Not updating fMLLR since below min-count: count is 141
LOG (gmm-est-fmllr:main():gmm-est-fmllr.cc:143) For speaker train_S13_6_6_16, auxf-impr from fMLLR is 0, over 141 frames.
WARNING (gmm-est-fmllr:Update():fmllr-diag-gmm.cc:162) Not updating fMLLR since below min-count: count is 129
LOG (gmm-est-fmllr:main():gmm-est-fmllr.cc:143) For speaker train_S13_6_6_18, auxf-impr from fMLLR is 0, over 129 frames.
WARNING (gmm-est-fmllr:Update():fmllr-diag-gmm.cc:162) Not updating fMLLR since below min-count: count is 138
LOG (gmm-est-fmllr:main():gmm-est-fmllr.cc:143) For speaker train_S13_6_6_20, auxf-impr from fMLLR is 0, over 138 frames.
WARNING (gmm-est-fmllr:Update():fmllr-diag-gmm.cc:162) Not updating fMLLR since below min-count: count is 144
LOG (gmm-est-fmllr:main():gmm-est-fmllr.cc:143) For speaker train_S13_6_7_12, auxf-impr from fMLLR is 0, over 144 frames.
WARNING (gmm-est-fmllr:Update():fmllr-diag-gmm.cc:162) Not updating fMLLR since below min-count: count is 143
LOG (gmm-est-fmllr:main():gmm-est-fmllr.cc:143) For speaker train_S13_6_7_14, auxf-impr from fMLLR is 0, over 143 frames.
LOG (transform-feats:main():transform-feats.cc:158) Overall average logdet is 0 over 41603 frames.
LOG (transform-feats:main():transform-feats.cc:161) Applied transform to 231 utterances; 0 had errors.
WARNING (gmm-est-fmllr:Update():fmllr-diag-gmm.cc:162) Not updating fMLLR since below min-count: count is 145
LOG (gmm-est-fmllr:main():gmm-est-fmllr.cc:143) For speaker train_S13_6_7_16, auxf-impr from fMLLR is 0, over 145 frames.
WARNING (gmm-est-fmllr:Update():fmllr-diag-gmm.cc:162) Not updating fMLLR since below min-count: count is 129
LOG (gmm-est-fmllr:main():gmm-est-fmllr.cc:143) For speaker train_S13_6_7_18, auxf-impr from fMLLR is 0, over 129 frames.
WARNING (gmm-est-fmllr:Update():fmllr-diag-gmm.cc:162) Not updating fMLLR since below min-count: count is 138
LOG (gmm-est-fmllr:main():gmm-est-fmllr.cc:143) For speaker train_S13_6_7_20, auxf-impr from fMLLR is 0, over 138 frames.
LOG (gmm-est-fmllr:main():gmm-est-fmllr.cc:188) Done 231 files, 0 with no posts, 0 with other errors.
LOG (gmm-est-fmllr:main():gmm-est-fmllr.cc:190) Overall fMLLR auxf impr per frame is 0 over 30162 frames.
# Accounting: time=2 threads=1
# Ended (code 0) at Mon Feb 10 15:31:19 IST 2020, elapsed time 2 seconds
