# ali-to-post "ark:gunzip -c exp/mono2/ali.21.gz|" ark:- | weight-silence-post 0.0 1 exp/mono2/12.mdl ark:- ark:- | gmm-est-fmllr --fmllr-update-type=full --spk2utt=ark:data/train/split30/21/spk2utt exp/mono2/12.mdl "ark,s,cs:apply-cmvn  --utt2spk=ark:data/train/split30/21/utt2spk scp:data/train/split30/21/cmvn.scp scp:data/train/split30/21/feats.scp ark:- | add-deltas  ark:- ark:- | transform-feats --utt2spk=ark:data/train/split30/21/utt2spk ark:exp/mono2/trans.21 ark:- ark:- |" ark:- ark:exp/mono2/tmp_trans.21 
# Started at Mon Feb 10 15:31:24 IST 2020
#
ali-to-post 'ark:gunzip -c exp/mono2/ali.21.gz|' ark:- 
weight-silence-post 0.0 1 exp/mono2/12.mdl ark:- ark:- 
gmm-est-fmllr --fmllr-update-type=full --spk2utt=ark:data/train/split30/21/spk2utt exp/mono2/12.mdl 'ark,s,cs:apply-cmvn  --utt2spk=ark:data/train/split30/21/utt2spk scp:data/train/split30/21/cmvn.scp scp:data/train/split30/21/feats.scp ark:- | add-deltas  ark:- ark:- | transform-feats --utt2spk=ark:data/train/split30/21/utt2spk ark:exp/mono2/trans.21 ark:- ark:- |' ark:- ark:exp/mono2/tmp_trans.21 
apply-cmvn --utt2spk=ark:data/train/split30/21/utt2spk scp:data/train/split30/21/cmvn.scp scp:data/train/split30/21/feats.scp ark:- 
transform-feats --utt2spk=ark:data/train/split30/21/utt2spk ark:exp/mono2/trans.21 ark:- ark:- 
add-deltas ark:- ark:- 
WARNING (gmm-est-fmllr:Update():fmllr-diag-gmm.cc:162) Not updating fMLLR since below min-count: count is 158
LOG (gmm-est-fmllr:main():gmm-est-fmllr.cc:143) For speaker train_S2_7_1_12, auxf-impr from fMLLR is 0, over 158 frames.
WARNING (gmm-est-fmllr:Update():fmllr-diag-gmm.cc:162) Not updating fMLLR since below min-count: count is 155
LOG (gmm-est-fmllr:main():gmm-est-fmllr.cc:143) For speaker train_S2_7_1_14, auxf-impr from fMLLR is 0, over 155 frames.
WARNING (gmm-est-fmllr:Update():fmllr-diag-gmm.cc:162) Not updating fMLLR since below min-count: count is 158
LOG (gmm-est-fmllr:main():gmm-est-fmllr.cc:143) For speaker train_S2_7_1_16, auxf-impr from fMLLR is 0, over 158 frames.
WARNING (gmm-est-fmllr:Update():fmllr-diag-gmm.cc:162) Not updating fMLLR since below min-count: count is 141
LOG (gmm-est-fmllr:main():gmm-est-fmllr.cc:143) For speaker train_S2_7_1_18, auxf-impr from fMLLR is 0, over 141 frames.
WARNING (gmm-est-fmllr:Update():fmllr-diag-gmm.cc:162) Not updating fMLLR since below min-count: count is 152
LOG (gmm-est-fmllr:main():gmm-est-fmllr.cc:143) For speaker train_S2_7_1_20, auxf-impr from fMLLR is 0, over 152 frames.
WARNING (gmm-est-fmllr:Update():fmllr-diag-gmm.cc:162) Not updating fMLLR since below min-count: count is 158
LOG (gmm-est-fmllr:main():gmm-est-fmllr.cc:143) For speaker train_S2_7_2_12, auxf-impr from fMLLR is 0, over 158 frames.
WARNING (gmm-est-fmllr:Update():fmllr-diag-gmm.cc:162) Not updating fMLLR since below min-count: count is 156
LOG (gmm-est-fmllr:main():gmm-est-fmllr.cc:143) For speaker train_S2_7_2_14, auxf-impr from fMLLR is 0, over 156 frames.
WARNING (gmm-est-fmllr:Update():fmllr-diag-gmm.cc:162) Not updating fMLLR since below min-count: count is 158
LOG (gmm-est-fmllr:main():gmm-est-fmllr.cc:143) For speaker train_S2_7_2_16, auxf-impr from fMLLR is 0, over 158 frames.
WARNING (gmm-est-fmllr:Update():fmllr-diag-gmm.cc:162) Not updating fMLLR since below min-count: count is 141
LOG (gmm-est-fmllr:main():gmm-est-fmllr.cc:143) For speaker train_S2_7_2_18, auxf-impr from fMLLR is 0, over 141 frames.
WARNING (gmm-est-fmllr:Update():fmllr-diag-gmm.cc:162) Not updating fMLLR since below min-count: count is 152
LOG (gmm-est-fmllr:main():gmm-est-fmllr.cc:143) For speaker train_S2_7_2_20, auxf-impr from fMLLR is 0, over 152 frames.
WARNING (gmm-est-fmllr:Update():fmllr-diag-gmm.cc:162) Not updating fMLLR since below min-count: count is 158
LOG (gmm-est-fmllr:main():gmm-est-fmllr.cc:143) For speaker train_S2_7_3_12, auxf-impr from fMLLR is 0, over 158 frames.
WARNING (gmm-est-fmllr:Update():fmllr-diag-gmm.cc:162) Not updating fMLLR since below min-count: count is 155
LOG (gmm-est-fmllr:main():gmm-est-fmllr.cc:143) For speaker train_S2_7_3_14, auxf-impr from fMLLR is 0, over 155 frames.
WARNING (gmm-est-fmllr:Update():fmllr-diag-gmm.cc:162) Not updating fMLLR since below min-count: count is 158
LOG (gmm-est-fmllr:main():gmm-est-fmllr.cc:143) For speaker train_S2_7_3_16, auxf-impr from fMLLR is 0, over 158 frames.
WARNING (gmm-est-fmllr:Update():fmllr-diag-gmm.cc:162) Not updating fMLLR since below min-count: count is 141
LOG (gmm-est-fmllr:main():gmm-est-fmllr.cc:143) For speaker train_S2_7_3_18, auxf-impr from fMLLR is 0, over 141 frames.
WARNING (gmm-est-fmllr:Update():fmllr-diag-gmm.cc:162) Not updating fMLLR since below min-count: count is 152
LOG (gmm-est-fmllr:main():gmm-est-fmllr.cc:143) For speaker train_S2_7_3_20, auxf-impr from fMLLR is 0, over 152 frames.
WARNING (gmm-est-fmllr:Update():fmllr-diag-gmm.cc:162) Not updating fMLLR since below min-count: count is 158
LOG (gmm-est-fmllr:main():gmm-est-fmllr.cc:143) For speaker train_S2_7_4_12, auxf-impr from fMLLR is 0, over 158 frames.
WARNING (gmm-est-fmllr:Update():fmllr-diag-gmm.cc:162) Not updating fMLLR since below min-count: count is 156
LOG (gmm-est-fmllr:main():gmm-est-fmllr.cc:143) For speaker train_S2_7_4_14, auxf-impr from fMLLR is 0, over 156 frames.
WARNING (gmm-est-fmllr:Update():fmllr-diag-gmm.cc:162) Not updating fMLLR since below min-count: count is 158
LOG (gmm-est-fmllr:main():gmm-est-fmllr.cc:143) For speaker train_S2_7_4_16, auxf-impr from fMLLR is 0, over 158 frames.
WARNING (gmm-est-fmllr:Update():fmllr-diag-gmm.cc:162) Not updating fMLLR since below min-count: count is 141
LOG (gmm-est-fmllr:main():gmm-est-fmllr.cc:143) For speaker train_S2_7_4_18, auxf-impr from fMLLR is 0, over 141 frames.
WARNING (gmm-est-fmllr:Update():fmllr-diag-gmm.cc:162) Not updating fMLLR since below min-count: count is 152
LOG (gmm-est-fmllr:main():gmm-est-fmllr.cc:143) For speaker train_S2_7_4_20, auxf-impr from fMLLR is 0, over 152 frames.
WARNING (gmm-est-fmllr:Update():fmllr-diag-gmm.cc:162) Not updating fMLLR since below min-count: count is 158
LOG (gmm-est-fmllr:main():gmm-est-fmllr.cc:143) For speaker train_S2_7_5_12, auxf-impr from fMLLR is 0, over 158 frames.
WARNING (gmm-est-fmllr:Update():fmllr-diag-gmm.cc:162) Not updating fMLLR since below min-count: count is 155
LOG (gmm-est-fmllr:main():gmm-est-fmllr.cc:143) For speaker train_S2_7_5_14, auxf-impr from fMLLR is 0, over 155 frames.
WARNING (gmm-est-fmllr:Update():fmllr-diag-gmm.cc:162) Not updating fMLLR since below min-count: count is 158
LOG (gmm-est-fmllr:main():gmm-est-fmllr.cc:143) For speaker train_S2_7_5_16, auxf-impr from fMLLR is 0, over 158 frames.
WARNING (gmm-est-fmllr:Update():fmllr-diag-gmm.cc:162) Not updating fMLLR since below min-count: count is 141
LOG (gmm-est-fmllr:main():gmm-est-fmllr.cc:143) For speaker train_S2_7_5_18, auxf-impr from fMLLR is 0, over 141 frames.
WARNING (gmm-est-fmllr:Update():fmllr-diag-gmm.cc:162) Not updating fMLLR since below min-count: count is 152
LOG (gmm-est-fmllr:main():gmm-est-fmllr.cc:143) For speaker train_S2_7_5_20, auxf-impr from fMLLR is 0, over 152 frames.
WARNING (gmm-est-fmllr:Update():fmllr-diag-gmm.cc:162) Not updating fMLLR since below min-count: count is 158
LOG (gmm-est-fmllr:main():gmm-est-fmllr.cc:143) For speaker train_S2_7_6_12, auxf-impr from fMLLR is 0, over 158 frames.
WARNING (gmm-est-fmllr:Update():fmllr-diag-gmm.cc:162) Not updating fMLLR since below min-count: count is 156
LOG (gmm-est-fmllr:main():gmm-est-fmllr.cc:143) For speaker train_S2_7_6_14, auxf-impr from fMLLR is 0, over 156 frames.
WARNING (gmm-est-fmllr:Update():fmllr-diag-gmm.cc:162) Not updating fMLLR since below min-count: count is 158
LOG (gmm-est-fmllr:main():gmm-est-fmllr.cc:143) For speaker train_S2_7_6_16, auxf-impr from fMLLR is 0, over 158 frames.
WARNING (gmm-est-fmllr:Update():fmllr-diag-gmm.cc:162) Not updating fMLLR since below min-count: count is 141
LOG (gmm-est-fmllr:main():gmm-est-fmllr.cc:143) For speaker train_S2_7_6_18, auxf-impr from fMLLR is 0, over 141 frames.
WARNING (gmm-est-fmllr:Update():fmllr-diag-gmm.cc:162) Not updating fMLLR since below min-count: count is 152
LOG (gmm-est-fmllr:main():gmm-est-fmllr.cc:143) For speaker train_S2_7_6_20, auxf-impr from fMLLR is 0, over 152 frames.
WARNING (gmm-est-fmllr:Update():fmllr-diag-gmm.cc:162) Not updating fMLLR since below min-count: count is 158
LOG (gmm-est-fmllr:main():gmm-est-fmllr.cc:143) For speaker train_S2_7_7_12, auxf-impr from fMLLR is 0, over 158 frames.
WARNING (gmm-est-fmllr:Update():fmllr-diag-gmm.cc:162) Not updating fMLLR since below min-count: count is 155
LOG (gmm-est-fmllr:main():gmm-est-fmllr.cc:143) For speaker train_S2_7_7_14, auxf-impr from fMLLR is 0, over 155 frames.
WARNING (gmm-est-fmllr:Update():fmllr-diag-gmm.cc:162) Not updating fMLLR since below min-count: count is 158
LOG (gmm-est-fmllr:main():gmm-est-fmllr.cc:143) For speaker train_S2_7_7_16, auxf-impr from fMLLR is 0, over 158 frames.
WARNING (gmm-est-fmllr:Update():fmllr-diag-gmm.cc:162) Not updating fMLLR since below min-count: count is 141
LOG (gmm-est-fmllr:main():gmm-est-fmllr.cc:143) For speaker train_S2_7_7_18, auxf-impr from fMLLR is 0, over 141 frames.
WARNING (gmm-est-fmllr:Update():fmllr-diag-gmm.cc:162) Not updating fMLLR since below min-count: count is 151
LOG (gmm-est-fmllr:main():gmm-est-fmllr.cc:143) For speaker train_S2_7_7_20, auxf-impr from fMLLR is 0, over 151 frames.
WARNING (gmm-est-fmllr:Update():fmllr-diag-gmm.cc:162) Not updating fMLLR since below min-count: count is 129
LOG (gmm-est-fmllr:main():gmm-est-fmllr.cc:143) For speaker train_S2_8_1_12, auxf-impr from fMLLR is 0, over 129 frames.
WARNING (gmm-est-fmllr:Update():fmllr-diag-gmm.cc:162) Not updating fMLLR since below min-count: count is 126
LOG (gmm-est-fmllr:main():gmm-est-fmllr.cc:143) For speaker train_S2_8_1_14, auxf-impr from fMLLR is 0, over 126 frames.
WARNING (gmm-est-fmllr:Update():fmllr-diag-gmm.cc:162) Not updating fMLLR since below min-count: count is 129
LOG (gmm-est-fmllr:main():gmm-est-fmllr.cc:143) For speaker train_S2_8_1_16, auxf-impr from fMLLR is 0, over 129 frames.
WARNING (gmm-est-fmllr:Update():fmllr-diag-gmm.cc:162) Not updating fMLLR since below min-count: count is 115
LOG (gmm-est-fmllr:main():gmm-est-fmllr.cc:143) For speaker train_S2_8_1_18, auxf-impr from fMLLR is 0, over 115 frames.
WARNING (gmm-est-fmllr:Update():fmllr-diag-gmm.cc:162) Not updating fMLLR since below min-count: count is 123
LOG (gmm-est-fmllr:main():gmm-est-fmllr.cc:143) For speaker train_S2_8_1_20, auxf-impr from fMLLR is 0, over 123 frames.
WARNING (gmm-est-fmllr:Update():fmllr-diag-gmm.cc:162) Not updating fMLLR since below min-count: count is 129
LOG (gmm-est-fmllr:main():gmm-est-fmllr.cc:143) For speaker train_S2_8_2_12, auxf-impr from fMLLR is 0, over 129 frames.
WARNING (gmm-est-fmllr:Update():fmllr-diag-gmm.cc:162) Not updating fMLLR since below min-count: count is 126
LOG (gmm-est-fmllr:main():gmm-est-fmllr.cc:143) For speaker train_S2_8_2_14, auxf-impr from fMLLR is 0, over 126 frames.
WARNING (gmm-est-fmllr:Update():fmllr-diag-gmm.cc:162) Not updating fMLLR since below min-count: count is 129
LOG (gmm-est-fmllr:main():gmm-est-fmllr.cc:143) For speaker train_S2_8_2_16, auxf-impr from fMLLR is 0, over 129 frames.
WARNING (gmm-est-fmllr:Update():fmllr-diag-gmm.cc:162) Not updating fMLLR since below min-count: count is 115
LOG (gmm-est-fmllr:main():gmm-est-fmllr.cc:143) For speaker train_S2_8_2_18, auxf-impr from fMLLR is 0, over 115 frames.
WARNING (gmm-est-fmllr:Update():fmllr-diag-gmm.cc:162) Not updating fMLLR since below min-count: count is 123
LOG (gmm-est-fmllr:main():gmm-est-fmllr.cc:143) For speaker train_S2_8_2_20, auxf-impr from fMLLR is 0, over 123 frames.
WARNING (gmm-est-fmllr:Update():fmllr-diag-gmm.cc:162) Not updating fMLLR since below min-count: count is 129
LOG (gmm-est-fmllr:main():gmm-est-fmllr.cc:143) For speaker train_S2_8_3_12, auxf-impr from fMLLR is 0, over 129 frames.
WARNING (gmm-est-fmllr:Update():fmllr-diag-gmm.cc:162) Not updating fMLLR since below min-count: count is 126
LOG (gmm-est-fmllr:main():gmm-est-fmllr.cc:143) For speaker train_S2_8_3_14, auxf-impr from fMLLR is 0, over 126 frames.
WARNING (gmm-est-fmllr:Update():fmllr-diag-gmm.cc:162) Not updating fMLLR since below min-count: count is 129
LOG (gmm-est-fmllr:main():gmm-est-fmllr.cc:143) For speaker train_S2_8_3_16, auxf-impr from fMLLR is 0, over 129 frames.
WARNING (gmm-est-fmllr:Update():fmllr-diag-gmm.cc:162) Not updating fMLLR since below min-count: count is 115
LOG (gmm-est-fmllr:main():gmm-est-fmllr.cc:143) For speaker train_S2_8_3_18, auxf-impr from fMLLR is 0, over 115 frames.
WARNING (gmm-est-fmllr:Update():fmllr-diag-gmm.cc:162) Not updating fMLLR since below min-count: count is 123
LOG (gmm-est-fmllr:main():gmm-est-fmllr.cc:143) For speaker train_S2_8_3_20, auxf-impr from fMLLR is 0, over 123 frames.
WARNING (gmm-est-fmllr:Update():fmllr-diag-gmm.cc:162) Not updating fMLLR since below min-count: count is 129
LOG (gmm-est-fmllr:main():gmm-est-fmllr.cc:143) For speaker train_S2_8_4_12, auxf-impr from fMLLR is 0, over 129 frames.
WARNING (gmm-est-fmllr:Update():fmllr-diag-gmm.cc:162) Not updating fMLLR since below min-count: count is 126
LOG (gmm-est-fmllr:main():gmm-est-fmllr.cc:143) For speaker train_S2_8_4_14, auxf-impr from fMLLR is 0, over 126 frames.
WARNING (gmm-est-fmllr:Update():fmllr-diag-gmm.cc:162) Not updating fMLLR since below min-count: count is 129
LOG (gmm-est-fmllr:main():gmm-est-fmllr.cc:143) For speaker train_S2_8_4_16, auxf-impr from fMLLR is 0, over 129 frames.
WARNING (gmm-est-fmllr:Update():fmllr-diag-gmm.cc:162) Not updating fMLLR since below min-count: count is 115
LOG (gmm-est-fmllr:main():gmm-est-fmllr.cc:143) For speaker train_S2_8_4_18, auxf-impr from fMLLR is 0, over 115 frames.
WARNING (gmm-est-fmllr:Update():fmllr-diag-gmm.cc:162) Not updating fMLLR since below min-count: count is 123
LOG (gmm-est-fmllr:main():gmm-est-fmllr.cc:143) For speaker train_S2_8_4_20, auxf-impr from fMLLR is 0, over 123 frames.
WARNING (gmm-est-fmllr:Update():fmllr-diag-gmm.cc:162) Not updating fMLLR since below min-count: count is 129
LOG (gmm-est-fmllr:main():gmm-est-fmllr.cc:143) For speaker train_S2_8_5_12, auxf-impr from fMLLR is 0, over 129 frames.
WARNING (gmm-est-fmllr:Update():fmllr-diag-gmm.cc:162) Not updating fMLLR since below min-count: count is 126
LOG (gmm-est-fmllr:main():gmm-est-fmllr.cc:143) For speaker train_S2_8_5_14, auxf-impr from fMLLR is 0, over 126 frames.
WARNING (gmm-est-fmllr:Update():fmllr-diag-gmm.cc:162) Not updating fMLLR since below min-count: count is 129
LOG (gmm-est-fmllr:main():gmm-est-fmllr.cc:143) For speaker train_S2_8_5_16, auxf-impr from fMLLR is 0, over 129 frames.
WARNING (gmm-est-fmllr:Update():fmllr-diag-gmm.cc:162) Not updating fMLLR since below min-count: count is 115
LOG (gmm-est-fmllr:main():gmm-est-fmllr.cc:143) For speaker train_S2_8_5_18, auxf-impr from fMLLR is 0, over 115 frames.
WARNING (gmm-est-fmllr:Update():fmllr-diag-gmm.cc:162) Not updating fMLLR since below min-count: count is 123
LOG (gmm-est-fmllr:main():gmm-est-fmllr.cc:143) For speaker train_S2_8_5_20, auxf-impr from fMLLR is 0, over 123 frames.
WARNING (gmm-est-fmllr:Update():fmllr-diag-gmm.cc:162) Not updating fMLLR since below min-count: count is 129
LOG (gmm-est-fmllr:main():gmm-est-fmllr.cc:143) For speaker train_S2_8_6_12, auxf-impr from fMLLR is 0, over 129 frames.
WARNING (gmm-est-fmllr:Update():fmllr-diag-gmm.cc:162) Not updating fMLLR since below min-count: count is 126
LOG (gmm-est-fmllr:main():gmm-est-fmllr.cc:143) For speaker train_S2_8_6_14, auxf-impr from fMLLR is 0, over 126 frames.
WARNING (gmm-est-fmllr:Update():fmllr-diag-gmm.cc:162) Not updating fMLLR since below min-count: count is 129
LOG (gmm-est-fmllr:main():gmm-est-fmllr.cc:143) For speaker train_S2_8_6_16, auxf-impr from fMLLR is 0, over 129 frames.
WARNING (gmm-est-fmllr:Update():fmllr-diag-gmm.cc:162) Not updating fMLLR since below min-count: count is 114
LOG (gmm-est-fmllr:main():gmm-est-fmllr.cc:143) For speaker train_S2_8_6_18, auxf-impr from fMLLR is 0, over 114 frames.
WARNING (gmm-est-fmllr:Update():fmllr-diag-gmm.cc:162) Not updating fMLLR since below min-count: count is 123
LOG (gmm-est-fmllr:main():gmm-est-fmllr.cc:143) For speaker train_S2_8_6_20, auxf-impr from fMLLR is 0, over 123 frames.
WARNING (gmm-est-fmllr:Update():fmllr-diag-gmm.cc:162) Not updating fMLLR since below min-count: count is 129
LOG (gmm-est-fmllr:main():gmm-est-fmllr.cc:143) For speaker train_S2_8_7_12, auxf-impr from fMLLR is 0, over 129 frames.
WARNING (gmm-est-fmllr:Update():fmllr-diag-gmm.cc:162) Not updating fMLLR since below min-count: count is 126
LOG (gmm-est-fmllr:main():gmm-est-fmllr.cc:143) For speaker train_S2_8_7_14, auxf-impr from fMLLR is 0, over 126 frames.
WARNING (gmm-est-fmllr:Update():fmllr-diag-gmm.cc:162) Not updating fMLLR since below min-count: count is 129
LOG (gmm-est-fmllr:main():gmm-est-fmllr.cc:143) For speaker train_S2_8_7_16, auxf-impr from fMLLR is 0, over 129 frames.
WARNING (gmm-est-fmllr:Update():fmllr-diag-gmm.cc:162) Not updating fMLLR since below min-count: count is 115
LOG (gmm-est-fmllr:main():gmm-est-fmllr.cc:143) For speaker train_S2_8_7_18, auxf-impr from fMLLR is 0, over 115 frames.
WARNING (gmm-est-fmllr:Update():fmllr-diag-gmm.cc:162) Not updating fMLLR since below min-count: count is 123
LOG (gmm-est-fmllr:main():gmm-est-fmllr.cc:143) For speaker train_S2_8_7_20, auxf-impr from fMLLR is 0, over 123 frames.
WARNING (gmm-est-fmllr:Update():fmllr-diag-gmm.cc:162) Not updating fMLLR since below min-count: count is 117
LOG (gmm-est-fmllr:main():gmm-est-fmllr.cc:143) For speaker train_S2_9_1_12, auxf-impr from fMLLR is 0, over 117 frames.
WARNING (gmm-est-fmllr:Update():fmllr-diag-gmm.cc:162) Not updating fMLLR since below min-count: count is 114
LOG (gmm-est-fmllr:main():gmm-est-fmllr.cc:143) For speaker train_S2_9_1_14, auxf-impr from fMLLR is 0, over 114 frames.
WARNING (gmm-est-fmllr:Update():fmllr-diag-gmm.cc:162) Not updating fMLLR since below min-count: count is 116
LOG (gmm-est-fmllr:main():gmm-est-fmllr.cc:143) For speaker train_S2_9_1_16, auxf-impr from fMLLR is 0, over 116 frames.
WARNING (gmm-est-fmllr:Update():fmllr-diag-gmm.cc:162) Not updating fMLLR since below min-count: count is 104
LOG (gmm-est-fmllr:main():gmm-est-fmllr.cc:143) For speaker train_S2_9_1_18, auxf-impr from fMLLR is 0, over 104 frames.
WARNING (gmm-est-fmllr:Update():fmllr-diag-gmm.cc:162) Not updating fMLLR since below min-count: count is 111
LOG (gmm-est-fmllr:main():gmm-est-fmllr.cc:143) For speaker train_S2_9_1_20, auxf-impr from fMLLR is 0, over 111 frames.
WARNING (gmm-est-fmllr:Update():fmllr-diag-gmm.cc:162) Not updating fMLLR since below min-count: count is 117
LOG (gmm-est-fmllr:main():gmm-est-fmllr.cc:143) For speaker train_S2_9_2_12, auxf-impr from fMLLR is 0, over 117 frames.
WARNING (gmm-est-fmllr:Update():fmllr-diag-gmm.cc:162) Not updating fMLLR since below min-count: count is 114
LOG (gmm-est-fmllr:main():gmm-est-fmllr.cc:143) For speaker train_S2_9_2_14, auxf-impr from fMLLR is 0, over 114 frames.
WARNING (gmm-est-fmllr:Update():fmllr-diag-gmm.cc:162) Not updating fMLLR since below min-count: count is 116
LOG (gmm-est-fmllr:main():gmm-est-fmllr.cc:143) For speaker train_S2_9_2_16, auxf-impr from fMLLR is 0, over 116 frames.
WARNING (gmm-est-fmllr:Update():fmllr-diag-gmm.cc:162) Not updating fMLLR since below min-count: count is 103
LOG (gmm-est-fmllr:main():gmm-est-fmllr.cc:143) For speaker train_S2_9_2_18, auxf-impr from fMLLR is 0, over 103 frames.
WARNING (gmm-est-fmllr:Update():fmllr-diag-gmm.cc:162) Not updating fMLLR since below min-count: count is 111
LOG (gmm-est-fmllr:main():gmm-est-fmllr.cc:143) For speaker train_S2_9_2_20, auxf-impr from fMLLR is 0, over 111 frames.
WARNING (gmm-est-fmllr:Update():fmllr-diag-gmm.cc:162) Not updating fMLLR since below min-count: count is 117
LOG (gmm-est-fmllr:main():gmm-est-fmllr.cc:143) For speaker train_S2_9_3_12, auxf-impr from fMLLR is 0, over 117 frames.
WARNING (gmm-est-fmllr:Update():fmllr-diag-gmm.cc:162) Not updating fMLLR since below min-count: count is 114
LOG (gmm-est-fmllr:main():gmm-est-fmllr.cc:143) For speaker train_S2_9_3_14, auxf-impr from fMLLR is 0, over 114 frames.
WARNING (gmm-est-fmllr:Update():fmllr-diag-gmm.cc:162) Not updating fMLLR since below min-count: count is 116
LOG (gmm-est-fmllr:main():gmm-est-fmllr.cc:143) For speaker train_S2_9_3_16, auxf-impr from fMLLR is 0, over 116 frames.
WARNING (gmm-est-fmllr:Update():fmllr-diag-gmm.cc:162) Not updating fMLLR since below min-count: count is 103
LOG (gmm-est-fmllr:main():gmm-est-fmllr.cc:143) For speaker train_S2_9_3_18, auxf-impr from fMLLR is 0, over 103 frames.
WARNING (gmm-est-fmllr:Update():fmllr-diag-gmm.cc:162) Not updating fMLLR since below min-count: count is 111
LOG (gmm-est-fmllr:main():gmm-est-fmllr.cc:143) For speaker train_S2_9_3_20, auxf-impr from fMLLR is 0, over 111 frames.
WARNING (gmm-est-fmllr:Update():fmllr-diag-gmm.cc:162) Not updating fMLLR since below min-count: count is 117
LOG (gmm-est-fmllr:main():gmm-est-fmllr.cc:143) For speaker train_S2_9_4_12, auxf-impr from fMLLR is 0, over 117 frames.
WARNING (gmm-est-fmllr:Update():fmllr-diag-gmm.cc:162) Not updating fMLLR since below min-count: count is 114
LOG (gmm-est-fmllr:main():gmm-est-fmllr.cc:143) For speaker train_S2_9_4_14, auxf-impr from fMLLR is 0, over 114 frames.
WARNING (gmm-est-fmllr:Update():fmllr-diag-gmm.cc:162) Not updating fMLLR since below min-count: count is 116
LOG (gmm-est-fmllr:main():gmm-est-fmllr.cc:143) For speaker train_S2_9_4_16, auxf-impr from fMLLR is 0, over 116 frames.
WARNING (gmm-est-fmllr:Update():fmllr-diag-gmm.cc:162) Not updating fMLLR since below min-count: count is 103
LOG (gmm-est-fmllr:main():gmm-est-fmllr.cc:143) For speaker train_S2_9_4_18, auxf-impr from fMLLR is 0, over 103 frames.
WARNING (gmm-est-fmllr:Update():fmllr-diag-gmm.cc:162) Not updating fMLLR since below min-count: count is 111
LOG (gmm-est-fmllr:main():gmm-est-fmllr.cc:143) For speaker train_S2_9_4_20, auxf-impr from fMLLR is 0, over 111 frames.
WARNING (gmm-est-fmllr:Update():fmllr-diag-gmm.cc:162) Not updating fMLLR since below min-count: count is 116
LOG (gmm-est-fmllr:main():gmm-est-fmllr.cc:143) For speaker train_S2_9_5_12, auxf-impr from fMLLR is 0, over 116 frames.
WARNING (gmm-est-fmllr:Update():fmllr-diag-gmm.cc:162) Not updating fMLLR since below min-count: count is 114
LOG (gmm-est-fmllr:main():gmm-est-fmllr.cc:143) For speaker train_S2_9_5_14, auxf-impr from fMLLR is 0, over 114 frames.
WARNING (gmm-est-fmllr:Update():fmllr-diag-gmm.cc:162) Not updating fMLLR since below min-count: count is 116
LOG (gmm-est-fmllr:main():gmm-est-fmllr.cc:143) For speaker train_S2_9_5_16, auxf-impr from fMLLR is 0, over 116 frames.
WARNING (gmm-est-fmllr:Update():fmllr-diag-gmm.cc:162) Not updating fMLLR since below min-count: count is 103
LOG (gmm-est-fmllr:main():gmm-est-fmllr.cc:143) For speaker train_S2_9_5_18, auxf-impr from fMLLR is 0, over 103 frames.
WARNING (gmm-est-fmllr:Update():fmllr-diag-gmm.cc:162) Not updating fMLLR since below min-count: count is 111
LOG (gmm-est-fmllr:main():gmm-est-fmllr.cc:143) For speaker train_S2_9_5_20, auxf-impr from fMLLR is 0, over 111 frames.
WARNING (gmm-est-fmllr:Update():fmllr-diag-gmm.cc:162) Not updating fMLLR since below min-count: count is 117
LOG (gmm-est-fmllr:main():gmm-est-fmllr.cc:143) For speaker train_S2_9_6_12, auxf-impr from fMLLR is 0, over 117 frames.
WARNING (gmm-est-fmllr:Update():fmllr-diag-gmm.cc:162) Not updating fMLLR since below min-count: count is 114
LOG (gmm-est-fmllr:main():gmm-est-fmllr.cc:143) For speaker train_S2_9_6_14, auxf-impr from fMLLR is 0, over 114 frames.
WARNING (gmm-est-fmllr:Update():fmllr-diag-gmm.cc:162) Not updating fMLLR since below min-count: count is 116
LOG (gmm-est-fmllr:main():gmm-est-fmllr.cc:143) For speaker train_S2_9_6_16, auxf-impr from fMLLR is 0, over 116 frames.
WARNING (gmm-est-fmllr:Update():fmllr-diag-gmm.cc:162) Not updating fMLLR since below min-count: count is 103
LOG (gmm-est-fmllr:main():gmm-est-fmllr.cc:143) For speaker train_S2_9_6_18, auxf-impr from fMLLR is 0, over 103 frames.
WARNING (gmm-est-fmllr:Update():fmllr-diag-gmm.cc:162) Not updating fMLLR since below min-count: count is 111
LOG (gmm-est-fmllr:main():gmm-est-fmllr.cc:143) For speaker train_S2_9_6_20, auxf-impr from fMLLR is 0, over 111 frames.
WARNING (gmm-est-fmllr:Update():fmllr-diag-gmm.cc:162) Not updating fMLLR since below min-count: count is 116
LOG (gmm-est-fmllr:main():gmm-est-fmllr.cc:143) For speaker train_S2_9_7_12, auxf-impr from fMLLR is 0, over 116 frames.
WARNING (gmm-est-fmllr:Update():fmllr-diag-gmm.cc:162) Not updating fMLLR since below min-count: count is 114
LOG (gmm-est-fmllr:main():gmm-est-fmllr.cc:143) For speaker train_S2_9_7_14, auxf-impr from fMLLR is 0, over 114 frames.
WARNING (gmm-est-fmllr:Update():fmllr-diag-gmm.cc:162) Not updating fMLLR since below min-count: count is 116
LOG (gmm-est-fmllr:main():gmm-est-fmllr.cc:143) For speaker train_S2_9_7_16, auxf-impr from fMLLR is 0, over 116 frames.
WARNING (gmm-est-fmllr:Update():fmllr-diag-gmm.cc:162) Not updating fMLLR since below min-count: count is 103
LOG (gmm-est-fmllr:main():gmm-est-fmllr.cc:143) For speaker train_S2_9_7_18, auxf-impr from fMLLR is 0, over 103 frames.
WARNING (gmm-est-fmllr:Update():fmllr-diag-gmm.cc:162) Not updating fMLLR since below min-count: count is 111
LOG (gmm-est-fmllr:main():gmm-est-fmllr.cc:143) For speaker train_S2_9_7_20, auxf-impr from fMLLR is 0, over 111 frames.
WARNING (gmm-est-fmllr:Update():fmllr-diag-gmm.cc:162) Not updating fMLLR since below min-count: count is 64
LOG (gmm-est-fmllr:main():gmm-est-fmllr.cc:143) For speaker train_S3_10_1_12, auxf-impr from fMLLR is 0, over 64 frames.
WARNING (gmm-est-fmllr:Update():fmllr-diag-gmm.cc:162) Not updating fMLLR since below min-count: count is 63
LOG (gmm-est-fmllr:main():gmm-est-fmllr.cc:143) For speaker train_S3_10_1_14, auxf-impr from fMLLR is 0, over 63 frames.
WARNING (gmm-est-fmllr:Update():fmllr-diag-gmm.cc:162) Not updating fMLLR since below min-count: count is 63
LOG (gmm-est-fmllr:main():gmm-est-fmllr.cc:143) For speaker train_S3_10_1_16, auxf-impr from fMLLR is 0, over 63 frames.
WARNING (gmm-est-fmllr:Update():fmllr-diag-gmm.cc:162) Not updating fMLLR since below min-count: count is 57
LOG (gmm-est-fmllr:main():gmm-est-fmllr.cc:143) For speaker train_S3_10_1_18, auxf-impr from fMLLR is 0, over 57 frames.
WARNING (gmm-est-fmllr:Update():fmllr-diag-gmm.cc:162) Not updating fMLLR since below min-count: count is 61
LOG (gmm-est-fmllr:main():gmm-est-fmllr.cc:143) For speaker train_S3_10_1_20, auxf-impr from fMLLR is 0, over 61 frames.
WARNING (gmm-est-fmllr:Update():fmllr-diag-gmm.cc:162) Not updating fMLLR since below min-count: count is 64
LOG (gmm-est-fmllr:main():gmm-est-fmllr.cc:143) For speaker train_S3_10_2_12, auxf-impr from fMLLR is 0, over 64 frames.
WARNING (gmm-est-fmllr:Update():fmllr-diag-gmm.cc:162) Not updating fMLLR since below min-count: count is 63
LOG (gmm-est-fmllr:main():gmm-est-fmllr.cc:143) For speaker train_S3_10_2_14, auxf-impr from fMLLR is 0, over 63 frames.
WARNING (gmm-est-fmllr:Update():fmllr-diag-gmm.cc:162) Not updating fMLLR since below min-count: count is 63
LOG (gmm-est-fmllr:main():gmm-est-fmllr.cc:143) For speaker train_S3_10_2_16, auxf-impr from fMLLR is 0, over 63 frames.
WARNING (gmm-est-fmllr:Update():fmllr-diag-gmm.cc:162) Not updating fMLLR since below min-count: count is 57
LOG (gmm-est-fmllr:main():gmm-est-fmllr.cc:143) For speaker train_S3_10_2_18, auxf-impr from fMLLR is 0, over 57 frames.
WARNING (gmm-est-fmllr:Update():fmllr-diag-gmm.cc:162) Not updating fMLLR since below min-count: count is 61
LOG (gmm-est-fmllr:main():gmm-est-fmllr.cc:143) For speaker train_S3_10_2_20, auxf-impr from fMLLR is 0, over 61 frames.
WARNING (gmm-est-fmllr:Update():fmllr-diag-gmm.cc:162) Not updating fMLLR since below min-count: count is 64
LOG (gmm-est-fmllr:main():gmm-est-fmllr.cc:143) For speaker train_S3_10_3_12, auxf-impr from fMLLR is 0, over 64 frames.
WARNING (gmm-est-fmllr:Update():fmllr-diag-gmm.cc:162) Not updating fMLLR since below min-count: count is 63
LOG (gmm-est-fmllr:main():gmm-est-fmllr.cc:143) For speaker train_S3_10_3_14, auxf-impr from fMLLR is 0, over 63 frames.
WARNING (gmm-est-fmllr:Update():fmllr-diag-gmm.cc:162) Not updating fMLLR since below min-count: count is 63
LOG (gmm-est-fmllr:main():gmm-est-fmllr.cc:143) For speaker train_S3_10_3_16, auxf-impr from fMLLR is 0, over 63 frames.
WARNING (gmm-est-fmllr:Update():fmllr-diag-gmm.cc:162) Not updating fMLLR since below min-count: count is 57
LOG (gmm-est-fmllr:main():gmm-est-fmllr.cc:143) For speaker train_S3_10_3_18, auxf-impr from fMLLR is 0, over 57 frames.
WARNING (gmm-est-fmllr:Update():fmllr-diag-gmm.cc:162) Not updating fMLLR since below min-count: count is 61
LOG (gmm-est-fmllr:main():gmm-est-fmllr.cc:143) For speaker train_S3_10_3_20, auxf-impr from fMLLR is 0, over 61 frames.
WARNING (gmm-est-fmllr:Update():fmllr-diag-gmm.cc:162) Not updating fMLLR since below min-count: count is 64
LOG (gmm-est-fmllr:main():gmm-est-fmllr.cc:143) For speaker train_S3_10_4_12, auxf-impr from fMLLR is 0, over 64 frames.
WARNING (gmm-est-fmllr:Update():fmllr-diag-gmm.cc:162) Not updating fMLLR since below min-count: count is 63
LOG (gmm-est-fmllr:main():gmm-est-fmllr.cc:143) For speaker train_S3_10_4_14, auxf-impr from fMLLR is 0, over 63 frames.
WARNING (gmm-est-fmllr:Update():fmllr-diag-gmm.cc:162) Not updating fMLLR since below min-count: count is 63
LOG (gmm-est-fmllr:main():gmm-est-fmllr.cc:143) For speaker train_S3_10_4_16, auxf-impr from fMLLR is 0, over 63 frames.
WARNING (gmm-est-fmllr:Update():fmllr-diag-gmm.cc:162) Not updating fMLLR since below min-count: count is 57
LOG (gmm-est-fmllr:main():gmm-est-fmllr.cc:143) For speaker train_S3_10_4_18, auxf-impr from fMLLR is 0, over 57 frames.
WARNING (gmm-est-fmllr:Update():fmllr-diag-gmm.cc:162) Not updating fMLLR since below min-count: count is 61
LOG (gmm-est-fmllr:main():gmm-est-fmllr.cc:143) For speaker train_S3_10_4_20, auxf-impr from fMLLR is 0, over 61 frames.
WARNING (gmm-est-fmllr:Update():fmllr-diag-gmm.cc:162) Not updating fMLLR since below min-count: count is 64
LOG (gmm-est-fmllr:main():gmm-est-fmllr.cc:143) For speaker train_S3_10_5_12, auxf-impr from fMLLR is 0, over 64 frames.
WARNING (gmm-est-fmllr:Update():fmllr-diag-gmm.cc:162) Not updating fMLLR since below min-count: count is 63
LOG (gmm-est-fmllr:main():gmm-est-fmllr.cc:143) For speaker train_S3_10_5_14, auxf-impr from fMLLR is 0, over 63 frames.
WARNING (gmm-est-fmllr:Update():fmllr-diag-gmm.cc:162) Not updating fMLLR since below min-count: count is 63
LOG (gmm-est-fmllr:main():gmm-est-fmllr.cc:143) For speaker train_S3_10_5_16, auxf-impr from fMLLR is 0, over 63 frames.
WARNING (gmm-est-fmllr:Update():fmllr-diag-gmm.cc:162) Not updating fMLLR since below min-count: count is 57
LOG (gmm-est-fmllr:main():gmm-est-fmllr.cc:143) For speaker train_S3_10_5_18, auxf-impr from fMLLR is 0, over 57 frames.
WARNING (gmm-est-fmllr:Update():fmllr-diag-gmm.cc:162) Not updating fMLLR since below min-count: count is 61
LOG (gmm-est-fmllr:main():gmm-est-fmllr.cc:143) For speaker train_S3_10_5_20, auxf-impr from fMLLR is 0, over 61 frames.
WARNING (gmm-est-fmllr:Update():fmllr-diag-gmm.cc:162) Not updating fMLLR since below min-count: count is 64
LOG (gmm-est-fmllr:main():gmm-est-fmllr.cc:143) For speaker train_S3_10_6_12, auxf-impr from fMLLR is 0, over 64 frames.
WARNING (gmm-est-fmllr:Update():fmllr-diag-gmm.cc:162) Not updating fMLLR since below min-count: count is 63
LOG (gmm-est-fmllr:main():gmm-est-fmllr.cc:143) For speaker train_S3_10_6_14, auxf-impr from fMLLR is 0, over 63 frames.
WARNING (gmm-est-fmllr:Update():fmllr-diag-gmm.cc:162) Not updating fMLLR since below min-count: count is 63
LOG (gmm-est-fmllr:main():gmm-est-fmllr.cc:143) For speaker train_S3_10_6_16, auxf-impr from fMLLR is 0, over 63 frames.
WARNING (gmm-est-fmllr:Update():fmllr-diag-gmm.cc:162) Not updating fMLLR since below min-count: count is 57
LOG (gmm-est-fmllr:main():gmm-est-fmllr.cc:143) For speaker train_S3_10_6_18, auxf-impr from fMLLR is 0, over 57 frames.
WARNING (gmm-est-fmllr:Update():fmllr-diag-gmm.cc:162) Not updating fMLLR since below min-count: count is 61
LOG (gmm-est-fmllr:main():gmm-est-fmllr.cc:143) For speaker train_S3_10_6_20, auxf-impr from fMLLR is 0, over 61 frames.
WARNING (gmm-est-fmllr:Update():fmllr-diag-gmm.cc:162) Not updating fMLLR since below min-count: count is 64
LOG (gmm-est-fmllr:main():gmm-est-fmllr.cc:143) For speaker train_S3_10_7_12, auxf-impr from fMLLR is 0, over 64 frames.
WARNING (gmm-est-fmllr:Update():fmllr-diag-gmm.cc:162) Not updating fMLLR since below min-count: count is 63
LOG (gmm-est-fmllr:main():gmm-est-fmllr.cc:143) For speaker train_S3_10_7_14, auxf-impr from fMLLR is 0, over 63 frames.
WARNING (gmm-est-fmllr:Update():fmllr-diag-gmm.cc:162) Not updating fMLLR since below min-count: count is 63
LOG (gmm-est-fmllr:main():gmm-est-fmllr.cc:143) For speaker train_S3_10_7_16, auxf-impr from fMLLR is 0, over 63 frames.
WARNING (gmm-est-fmllr:Update():fmllr-diag-gmm.cc:162) Not updating fMLLR since below min-count: count is 57
LOG (gmm-est-fmllr:main():gmm-est-fmllr.cc:143) For speaker train_S3_10_7_18, auxf-impr from fMLLR is 0, over 57 frames.
WARNING (gmm-est-fmllr:Update():fmllr-diag-gmm.cc:162) Not updating fMLLR since below min-count: count is 61
LOG (gmm-est-fmllr:main():gmm-est-fmllr.cc:143) For speaker train_S3_10_7_20, auxf-impr from fMLLR is 0, over 61 frames.
WARNING (gmm-est-fmllr:Update():fmllr-diag-gmm.cc:162) Not updating fMLLR since below min-count: count is 100
LOG (gmm-est-fmllr:main():gmm-est-fmllr.cc:143) For speaker train_S3_11_1_12, auxf-impr from fMLLR is 0, over 100 frames.
WARNING (gmm-est-fmllr:Update():fmllr-diag-gmm.cc:162) Not updating fMLLR since below min-count: count is 98
LOG (gmm-est-fmllr:main():gmm-est-fmllr.cc:143) For speaker train_S3_11_1_14, auxf-impr from fMLLR is 0, over 98 frames.
WARNING (gmm-est-fmllr:Update():fmllr-diag-gmm.cc:162) Not updating fMLLR since below min-count: count is 97
LOG (gmm-est-fmllr:main():gmm-est-fmllr.cc:143) For speaker train_S3_11_1_16, auxf-impr from fMLLR is 0, over 97 frames.
WARNING (gmm-est-fmllr:Update():fmllr-diag-gmm.cc:162) Not updating fMLLR since below min-count: count is 89
LOG (gmm-est-fmllr:main():gmm-est-fmllr.cc:143) For speaker train_S3_11_1_18, auxf-impr from fMLLR is 0, over 89 frames.
WARNING (gmm-est-fmllr:Update():fmllr-diag-gmm.cc:162) Not updating fMLLR since below min-count: count is 96
LOG (gmm-est-fmllr:main():gmm-est-fmllr.cc:143) For speaker train_S3_11_1_20, auxf-impr from fMLLR is 0, over 96 frames.
WARNING (gmm-est-fmllr:Update():fmllr-diag-gmm.cc:162) Not updating fMLLR since below min-count: count is 100
LOG (gmm-est-fmllr:main():gmm-est-fmllr.cc:143) For speaker train_S3_11_2_12, auxf-impr from fMLLR is 0, over 100 frames.
WARNING (gmm-est-fmllr:Update():fmllr-diag-gmm.cc:162) Not updating fMLLR since below min-count: count is 98
LOG (gmm-est-fmllr:main():gmm-est-fmllr.cc:143) For speaker train_S3_11_2_14, auxf-impr from fMLLR is 0, over 98 frames.
WARNING (gmm-est-fmllr:Update():fmllr-diag-gmm.cc:162) Not updating fMLLR since below min-count: count is 97
LOG (gmm-est-fmllr:main():gmm-est-fmllr.cc:143) For speaker train_S3_11_2_16, auxf-impr from fMLLR is 0, over 97 frames.
WARNING (gmm-est-fmllr:Update():fmllr-diag-gmm.cc:162) Not updating fMLLR since below min-count: count is 89
LOG (gmm-est-fmllr:main():gmm-est-fmllr.cc:143) For speaker train_S3_11_2_18, auxf-impr from fMLLR is 0, over 89 frames.
WARNING (gmm-est-fmllr:Update():fmllr-diag-gmm.cc:162) Not updating fMLLR since below min-count: count is 96
LOG (gmm-est-fmllr:main():gmm-est-fmllr.cc:143) For speaker train_S3_11_2_20, auxf-impr from fMLLR is 0, over 96 frames.
WARNING (gmm-est-fmllr:Update():fmllr-diag-gmm.cc:162) Not updating fMLLR since below min-count: count is 100
LOG (gmm-est-fmllr:main():gmm-est-fmllr.cc:143) For speaker train_S3_11_3_12, auxf-impr from fMLLR is 0, over 100 frames.
WARNING (gmm-est-fmllr:Update():fmllr-diag-gmm.cc:162) Not updating fMLLR since below min-count: count is 98
LOG (gmm-est-fmllr:main():gmm-est-fmllr.cc:143) For speaker train_S3_11_3_14, auxf-impr from fMLLR is 0, over 98 frames.
WARNING (gmm-est-fmllr:Update():fmllr-diag-gmm.cc:162) Not updating fMLLR since below min-count: count is 100
LOG (gmm-est-fmllr:main():gmm-est-fmllr.cc:143) For speaker train_S3_11_3_16, auxf-impr from fMLLR is 0, over 100 frames.
WARNING (gmm-est-fmllr:Update():fmllr-diag-gmm.cc:162) Not updating fMLLR since below min-count: count is 89
LOG (gmm-est-fmllr:main():gmm-est-fmllr.cc:143) For speaker train_S3_11_3_18, auxf-impr from fMLLR is 0, over 89 frames.
WARNING (gmm-est-fmllr:Update():fmllr-diag-gmm.cc:162) Not updating fMLLR since below min-count: count is 96
LOG (gmm-est-fmllr:main():gmm-est-fmllr.cc:143) For speaker train_S3_11_3_20, auxf-impr from fMLLR is 0, over 96 frames.
WARNING (gmm-est-fmllr:Update():fmllr-diag-gmm.cc:162) Not updating fMLLR since below min-count: count is 100
LOG (gmm-est-fmllr:main():gmm-est-fmllr.cc:143) For speaker train_S3_11_4_12, auxf-impr from fMLLR is 0, over 100 frames.
WARNING (gmm-est-fmllr:Update():fmllr-diag-gmm.cc:162) Not updating fMLLR since below min-count: count is 98
LOG (gmm-est-fmllr:main():gmm-est-fmllr.cc:143) For speaker train_S3_11_4_14, auxf-impr from fMLLR is 0, over 98 frames.
WARNING (gmm-est-fmllr:Update():fmllr-diag-gmm.cc:162) Not updating fMLLR since below min-count: count is 100
LOG (gmm-est-fmllr:main():gmm-est-fmllr.cc:143) For speaker train_S3_11_4_16, auxf-impr from fMLLR is 0, over 100 frames.
WARNING (gmm-est-fmllr:Update():fmllr-diag-gmm.cc:162) Not updating fMLLR since below min-count: count is 88
LOG (gmm-est-fmllr:main():gmm-est-fmllr.cc:143) For speaker train_S3_11_4_18, auxf-impr from fMLLR is 0, over 88 frames.
WARNING (gmm-est-fmllr:Update():fmllr-diag-gmm.cc:162) Not updating fMLLR since below min-count: count is 96
LOG (gmm-est-fmllr:main():gmm-est-fmllr.cc:143) For speaker train_S3_11_4_20, auxf-impr from fMLLR is 0, over 96 frames.
WARNING (gmm-est-fmllr:Update():fmllr-diag-gmm.cc:162) Not updating fMLLR since below min-count: count is 100
LOG (gmm-est-fmllr:main():gmm-est-fmllr.cc:143) For speaker train_S3_11_5_12, auxf-impr from fMLLR is 0, over 100 frames.
WARNING (gmm-est-fmllr:Update():fmllr-diag-gmm.cc:162) Not updating fMLLR since below min-count: count is 98
LOG (gmm-est-fmllr:main():gmm-est-fmllr.cc:143) For speaker train_S3_11_5_14, auxf-impr from fMLLR is 0, over 98 frames.
WARNING (gmm-est-fmllr:Update():fmllr-diag-gmm.cc:162) Not updating fMLLR since below min-count: count is 97
LOG (gmm-est-fmllr:main():gmm-est-fmllr.cc:143) For speaker train_S3_11_5_16, auxf-impr from fMLLR is 0, over 97 frames.
WARNING (gmm-est-fmllr:Update():fmllr-diag-gmm.cc:162) Not updating fMLLR since below min-count: count is 89
LOG (gmm-est-fmllr:main():gmm-est-fmllr.cc:143) For speaker train_S3_11_5_18, auxf-impr from fMLLR is 0, over 89 frames.
WARNING (gmm-est-fmllr:Update():fmllr-diag-gmm.cc:162) Not updating fMLLR since below min-count: count is 95
LOG (gmm-est-fmllr:main():gmm-est-fmllr.cc:143) For speaker train_S3_11_5_20, auxf-impr from fMLLR is 0, over 95 frames.
LOG (ali-to-post:main():ali-to-post.cc:65) Converted 231 alignments.
WARNING (gmm-est-fmllr:Update():fmllr-diag-gmm.cc:162) Not updating fMLLR since below min-count: count is 100
LOG (gmm-est-fmllr:main():gmm-est-fmllr.cc:143) For speaker train_S3_11_6_12, auxf-impr from fMLLR is 0, over 100 frames.
WARNING (gmm-est-fmllr:Update():fmllr-diag-gmm.cc:162) Not updating fMLLR since below min-count: count is 98
LOG (gmm-est-fmllr:main():gmm-est-fmllr.cc:143) For speaker train_S3_11_6_14, auxf-impr from fMLLR is 0, over 98 frames.
WARNING (gmm-est-fmllr:Update():fmllr-diag-gmm.cc:162) Not updating fMLLR since below min-count: count is 100
LOG (gmm-est-fmllr:main():gmm-est-fmllr.cc:143) For speaker train_S3_11_6_16, auxf-impr from fMLLR is 0, over 100 frames.
WARNING (gmm-est-fmllr:Update():fmllr-diag-gmm.cc:162) Not updating fMLLR since below min-count: count is 89
LOG (gmm-est-fmllr:main():gmm-est-fmllr.cc:143) For speaker train_S3_11_6_18, auxf-impr from fMLLR is 0, over 89 frames.
WARNING (gmm-est-fmllr:Update():fmllr-diag-gmm.cc:162) Not updating fMLLR since below min-count: count is 96
LOG (gmm-est-fmllr:main():gmm-est-fmllr.cc:143) For speaker train_S3_11_6_20, auxf-impr from fMLLR is 0, over 96 frames.
WARNING (gmm-est-fmllr:Update():fmllr-diag-gmm.cc:162) Not updating fMLLR since below min-count: count is 100
LOG (gmm-est-fmllr:main():gmm-est-fmllr.cc:143) For speaker train_S3_11_7_12, auxf-impr from fMLLR is 0, over 100 frames.
WARNING (gmm-est-fmllr:Update():fmllr-diag-gmm.cc:162) Not updating fMLLR since below min-count: count is 97
LOG (gmm-est-fmllr:main():gmm-est-fmllr.cc:143) For speaker train_S3_11_7_14, auxf-impr from fMLLR is 0, over 97 frames.
WARNING (gmm-est-fmllr:Update():fmllr-diag-gmm.cc:162) Not updating fMLLR since below min-count: count is 100
LOG (gmm-est-fmllr:main():gmm-est-fmllr.cc:143) For speaker train_S3_11_7_16, auxf-impr from fMLLR is 0, over 100 frames.
WARNING (gmm-est-fmllr:Update():fmllr-diag-gmm.cc:162) Not updating fMLLR since below min-count: count is 88
LOG (gmm-est-fmllr:main():gmm-est-fmllr.cc:143) For speaker train_S3_11_7_18, auxf-impr from fMLLR is 0, over 88 frames.
WARNING (gmm-est-fmllr:Update():fmllr-diag-gmm.cc:162) Not updating fMLLR since below min-count: count is 96
LOG (gmm-est-fmllr:main():gmm-est-fmllr.cc:143) For speaker train_S3_11_7_20, auxf-impr from fMLLR is 0, over 96 frames.
WARNING (gmm-est-fmllr:Update():fmllr-diag-gmm.cc:162) Not updating fMLLR since below min-count: count is 90
LOG (gmm-est-fmllr:main():gmm-est-fmllr.cc:143) For speaker train_S3_3_1_12, auxf-impr from fMLLR is 0, over 90 frames.
WARNING (gmm-est-fmllr:Update():fmllr-diag-gmm.cc:162) Not updating fMLLR since below min-count: count is 87
LOG (gmm-est-fmllr:main():gmm-est-fmllr.cc:143) For speaker train_S3_3_1_14, auxf-impr from fMLLR is 0, over 87 frames.
WARNING (gmm-est-fmllr:Update():fmllr-diag-gmm.cc:162) Not updating fMLLR since below min-count: count is 90
LOG (gmm-est-fmllr:main():gmm-est-fmllr.cc:143) For speaker train_S3_3_1_16, auxf-impr from fMLLR is 0, over 90 frames.
WARNING (gmm-est-fmllr:Update():fmllr-diag-gmm.cc:162) Not updating fMLLR since below min-count: count is 79
LOG (gmm-est-fmllr:main():gmm-est-fmllr.cc:143) For speaker train_S3_3_1_18, auxf-impr from fMLLR is 0, over 79 frames.
WARNING (gmm-est-fmllr:Update():fmllr-diag-gmm.cc:162) Not updating fMLLR since below min-count: count is 86
LOG (gmm-est-fmllr:main():gmm-est-fmllr.cc:143) For speaker train_S3_3_1_20, auxf-impr from fMLLR is 0, over 86 frames.
WARNING (gmm-est-fmllr:Update():fmllr-diag-gmm.cc:162) Not updating fMLLR since below min-count: count is 90
LOG (gmm-est-fmllr:main():gmm-est-fmllr.cc:143) For speaker train_S3_3_2_12, auxf-impr from fMLLR is 0, over 90 frames.
WARNING (gmm-est-fmllr:Update():fmllr-diag-gmm.cc:162) Not updating fMLLR since below min-count: count is 87
LOG (gmm-est-fmllr:main():gmm-est-fmllr.cc:143) For speaker train_S3_3_2_14, auxf-impr from fMLLR is 0, over 87 frames.
WARNING (gmm-est-fmllr:Update():fmllr-diag-gmm.cc:162) Not updating fMLLR since below min-count: count is 90
LOG (gmm-est-fmllr:main():gmm-est-fmllr.cc:143) For speaker train_S3_3_2_16, auxf-impr from fMLLR is 0, over 90 frames.
WARNING (gmm-est-fmllr:Update():fmllr-diag-gmm.cc:162) Not updating fMLLR since below min-count: count is 79
LOG (gmm-est-fmllr:main():gmm-est-fmllr.cc:143) For speaker train_S3_3_2_18, auxf-impr from fMLLR is 0, over 79 frames.
WARNING (gmm-est-fmllr:Update():fmllr-diag-gmm.cc:162) Not updating fMLLR since below min-count: count is 86
LOG (gmm-est-fmllr:main():gmm-est-fmllr.cc:143) For speaker train_S3_3_2_20, auxf-impr from fMLLR is 0, over 86 frames.
WARNING (gmm-est-fmllr:Update():fmllr-diag-gmm.cc:162) Not updating fMLLR since below min-count: count is 90
LOG (gmm-est-fmllr:main():gmm-est-fmllr.cc:143) For speaker train_S3_3_3_12, auxf-impr from fMLLR is 0, over 90 frames.
WARNING (gmm-est-fmllr:Update():fmllr-diag-gmm.cc:162) Not updating fMLLR since below min-count: count is 87
LOG (gmm-est-fmllr:main():gmm-est-fmllr.cc:143) For speaker train_S3_3_3_14, auxf-impr from fMLLR is 0, over 87 frames.
WARNING (gmm-est-fmllr:Update():fmllr-diag-gmm.cc:162) Not updating fMLLR since below min-count: count is 90
LOG (gmm-est-fmllr:main():gmm-est-fmllr.cc:143) For speaker train_S3_3_3_16, auxf-impr from fMLLR is 0, over 90 frames.
WARNING (gmm-est-fmllr:Update():fmllr-diag-gmm.cc:162) Not updating fMLLR since below min-count: count is 79
LOG (gmm-est-fmllr:main():gmm-est-fmllr.cc:143) For speaker train_S3_3_3_18, auxf-impr from fMLLR is 0, over 79 frames.
WARNING (gmm-est-fmllr:Update():fmllr-diag-gmm.cc:162) Not updating fMLLR since below min-count: count is 86
LOG (gmm-est-fmllr:main():gmm-est-fmllr.cc:143) For speaker train_S3_3_3_20, auxf-impr from fMLLR is 0, over 86 frames.
WARNING (gmm-est-fmllr:Update():fmllr-diag-gmm.cc:162) Not updating fMLLR since below min-count: count is 90
LOG (gmm-est-fmllr:main():gmm-est-fmllr.cc:143) For speaker train_S3_3_4_12, auxf-impr from fMLLR is 0, over 90 frames.
WARNING (gmm-est-fmllr:Update():fmllr-diag-gmm.cc:162) Not updating fMLLR since below min-count: count is 87
LOG (gmm-est-fmllr:main():gmm-est-fmllr.cc:143) For speaker train_S3_3_4_14, auxf-impr from fMLLR is 0, over 87 frames.
WARNING (gmm-est-fmllr:Update():fmllr-diag-gmm.cc:162) Not updating fMLLR since below min-count: count is 90
LOG (gmm-est-fmllr:main():gmm-est-fmllr.cc:143) For speaker train_S3_3_4_16, auxf-impr from fMLLR is 0, over 90 frames.
WARNING (gmm-est-fmllr:Update():fmllr-diag-gmm.cc:162) Not updating fMLLR since below min-count: count is 79
LOG (gmm-est-fmllr:main():gmm-est-fmllr.cc:143) For speaker train_S3_3_4_18, auxf-impr from fMLLR is 0, over 79 frames.
WARNING (gmm-est-fmllr:Update():fmllr-diag-gmm.cc:162) Not updating fMLLR since below min-count: count is 86
LOG (gmm-est-fmllr:main():gmm-est-fmllr.cc:143) For speaker train_S3_3_4_20, auxf-impr from fMLLR is 0, over 86 frames.
WARNING (gmm-est-fmllr:Update():fmllr-diag-gmm.cc:162) Not updating fMLLR since below min-count: count is 90
LOG (gmm-est-fmllr:main():gmm-est-fmllr.cc:143) For speaker train_S3_3_5_12, auxf-impr from fMLLR is 0, over 90 frames.
WARNING (gmm-est-fmllr:Update():fmllr-diag-gmm.cc:162) Not updating fMLLR since below min-count: count is 87
LOG (gmm-est-fmllr:main():gmm-est-fmllr.cc:143) For speaker train_S3_3_5_14, auxf-impr from fMLLR is 0, over 87 frames.
LOG (weight-silence-post:main():weight-silence-post.cc:95) Done 231 posteriors.
WARNING (gmm-est-fmllr:Update():fmllr-diag-gmm.cc:162) Not updating fMLLR since below min-count: count is 90
LOG (gmm-est-fmllr:main():gmm-est-fmllr.cc:143) For speaker train_S3_3_5_16, auxf-impr from fMLLR is 0, over 90 frames.
WARNING (gmm-est-fmllr:Update():fmllr-diag-gmm.cc:162) Not updating fMLLR since below min-count: count is 79
LOG (gmm-est-fmllr:main():gmm-est-fmllr.cc:143) For speaker train_S3_3_5_18, auxf-impr from fMLLR is 0, over 79 frames.
WARNING (gmm-est-fmllr:Update():fmllr-diag-gmm.cc:162) Not updating fMLLR since below min-count: count is 86
LOG (gmm-est-fmllr:main():gmm-est-fmllr.cc:143) For speaker train_S3_3_5_20, auxf-impr from fMLLR is 0, over 86 frames.
WARNING (gmm-est-fmllr:Update():fmllr-diag-gmm.cc:162) Not updating fMLLR since below min-count: count is 90
LOG (gmm-est-fmllr:main():gmm-est-fmllr.cc:143) For speaker train_S3_3_6_12, auxf-impr from fMLLR is 0, over 90 frames.
WARNING (gmm-est-fmllr:Update():fmllr-diag-gmm.cc:162) Not updating fMLLR since below min-count: count is 87
LOG (gmm-est-fmllr:main():gmm-est-fmllr.cc:143) For speaker train_S3_3_6_14, auxf-impr from fMLLR is 0, over 87 frames.
WARNING (gmm-est-fmllr:Update():fmllr-diag-gmm.cc:162) Not updating fMLLR since below min-count: count is 90
LOG (gmm-est-fmllr:main():gmm-est-fmllr.cc:143) For speaker train_S3_3_6_16, auxf-impr from fMLLR is 0, over 90 frames.
WARNING (gmm-est-fmllr:Update():fmllr-diag-gmm.cc:162) Not updating fMLLR since below min-count: count is 79
LOG (gmm-est-fmllr:main():gmm-est-fmllr.cc:143) For speaker train_S3_3_6_18, auxf-impr from fMLLR is 0, over 79 frames.
WARNING (gmm-est-fmllr:Update():fmllr-diag-gmm.cc:162) Not updating fMLLR since below min-count: count is 86
LOG (gmm-est-fmllr:main():gmm-est-fmllr.cc:143) For speaker train_S3_3_6_20, auxf-impr from fMLLR is 0, over 86 frames.
WARNING (gmm-est-fmllr:Update():fmllr-diag-gmm.cc:162) Not updating fMLLR since below min-count: count is 90
LOG (gmm-est-fmllr:main():gmm-est-fmllr.cc:143) For speaker train_S3_3_7_12, auxf-impr from fMLLR is 0, over 90 frames.
WARNING (gmm-est-fmllr:Update():fmllr-diag-gmm.cc:162) Not updating fMLLR since below min-count: count is 87
LOG (gmm-est-fmllr:main():gmm-est-fmllr.cc:143) For speaker train_S3_3_7_14, auxf-impr from fMLLR is 0, over 87 frames.
WARNING (gmm-est-fmllr:Update():fmllr-diag-gmm.cc:162) Not updating fMLLR since below min-count: count is 90
LOG (gmm-est-fmllr:main():gmm-est-fmllr.cc:143) For speaker train_S3_3_7_16, auxf-impr from fMLLR is 0, over 90 frames.
WARNING (gmm-est-fmllr:Update():fmllr-diag-gmm.cc:162) Not updating fMLLR since below min-count: count is 79
LOG (gmm-est-fmllr:main():gmm-est-fmllr.cc:143) For speaker train_S3_3_7_18, auxf-impr from fMLLR is 0, over 79 frames.
WARNING (gmm-est-fmllr:Update():fmllr-diag-gmm.cc:162) Not updating fMLLR since below min-count: count is 86
LOG (gmm-est-fmllr:main():gmm-est-fmllr.cc:143) For speaker train_S3_3_7_20, auxf-impr from fMLLR is 0, over 86 frames.
WARNING (gmm-est-fmllr:Update():fmllr-diag-gmm.cc:162) Not updating fMLLR since below min-count: count is 82
LOG (gmm-est-fmllr:main():gmm-est-fmllr.cc:143) For speaker train_S3_4_1_12, auxf-impr from fMLLR is 0, over 82 frames.
WARNING (gmm-est-fmllr:Update():fmllr-diag-gmm.cc:162) Not updating fMLLR since below min-count: count is 91
LOG (gmm-est-fmllr:main():gmm-est-fmllr.cc:143) For speaker train_S3_4_1_14, auxf-impr from fMLLR is 0, over 91 frames.
WARNING (gmm-est-fmllr:Update():fmllr-diag-gmm.cc:162) Not updating fMLLR since below min-count: count is 93
LOG (gmm-est-fmllr:main():gmm-est-fmllr.cc:143) For speaker train_S3_4_1_16, auxf-impr from fMLLR is 0, over 93 frames.
WARNING (gmm-est-fmllr:Update():fmllr-diag-gmm.cc:162) Not updating fMLLR since below min-count: count is 75
LOG (gmm-est-fmllr:main():gmm-est-fmllr.cc:143) For speaker train_S3_4_1_18, auxf-impr from fMLLR is 0, over 75 frames.
WARNING (gmm-est-fmllr:Update():fmllr-diag-gmm.cc:162) Not updating fMLLR since below min-count: count is 88
LOG (gmm-est-fmllr:main():gmm-est-fmllr.cc:143) For speaker train_S3_4_1_20, auxf-impr from fMLLR is 0, over 88 frames.
LOG (apply-cmvn:main():apply-cmvn.cc:146) Applied cepstral mean normalization to 231 utterances, errors on 0
WARNING (gmm-est-fmllr:Update():fmllr-diag-gmm.cc:162) Not updating fMLLR since below min-count: count is 82
LOG (gmm-est-fmllr:main():gmm-est-fmllr.cc:143) For speaker train_S3_4_2_12, auxf-impr from fMLLR is 0, over 82 frames.
WARNING (gmm-est-fmllr:Update():fmllr-diag-gmm.cc:162) Not updating fMLLR since below min-count: count is 91
LOG (gmm-est-fmllr:main():gmm-est-fmllr.cc:143) For speaker train_S3_4_2_14, auxf-impr from fMLLR is 0, over 91 frames.
WARNING (gmm-est-fmllr:Update():fmllr-diag-gmm.cc:162) Not updating fMLLR since below min-count: count is 93
LOG (gmm-est-fmllr:main():gmm-est-fmllr.cc:143) For speaker train_S3_4_2_16, auxf-impr from fMLLR is 0, over 93 frames.
WARNING (gmm-est-fmllr:Update():fmllr-diag-gmm.cc:162) Not updating fMLLR since below min-count: count is 75
LOG (gmm-est-fmllr:main():gmm-est-fmllr.cc:143) For speaker train_S3_4_2_18, auxf-impr from fMLLR is 0, over 75 frames.
WARNING (gmm-est-fmllr:Update():fmllr-diag-gmm.cc:162) Not updating fMLLR since below min-count: count is 88
LOG (gmm-est-fmllr:main():gmm-est-fmllr.cc:143) For speaker train_S3_4_2_20, auxf-impr from fMLLR is 0, over 88 frames.
WARNING (gmm-est-fmllr:Update():fmllr-diag-gmm.cc:162) Not updating fMLLR since below min-count: count is 82
LOG (gmm-est-fmllr:main():gmm-est-fmllr.cc:143) For speaker train_S3_4_3_12, auxf-impr from fMLLR is 0, over 82 frames.
WARNING (gmm-est-fmllr:Update():fmllr-diag-gmm.cc:162) Not updating fMLLR since below min-count: count is 91
LOG (gmm-est-fmllr:main():gmm-est-fmllr.cc:143) For speaker train_S3_4_3_14, auxf-impr from fMLLR is 0, over 91 frames.
WARNING (gmm-est-fmllr:Update():fmllr-diag-gmm.cc:162) Not updating fMLLR since below min-count: count is 93
LOG (gmm-est-fmllr:main():gmm-est-fmllr.cc:143) For speaker train_S3_4_3_16, auxf-impr from fMLLR is 0, over 93 frames.
WARNING (gmm-est-fmllr:Update():fmllr-diag-gmm.cc:162) Not updating fMLLR since below min-count: count is 75
LOG (gmm-est-fmllr:main():gmm-est-fmllr.cc:143) For speaker train_S3_4_3_18, auxf-impr from fMLLR is 0, over 75 frames.
WARNING (gmm-est-fmllr:Update():fmllr-diag-gmm.cc:162) Not updating fMLLR since below min-count: count is 88
LOG (gmm-est-fmllr:main():gmm-est-fmllr.cc:143) For speaker train_S3_4_3_20, auxf-impr from fMLLR is 0, over 88 frames.
WARNING (gmm-est-fmllr:Update():fmllr-diag-gmm.cc:162) Not updating fMLLR since below min-count: count is 82
LOG (gmm-est-fmllr:main():gmm-est-fmllr.cc:143) For speaker train_S3_4_4_12, auxf-impr from fMLLR is 0, over 82 frames.
WARNING (gmm-est-fmllr:Update():fmllr-diag-gmm.cc:162) Not updating fMLLR since below min-count: count is 91
LOG (gmm-est-fmllr:main():gmm-est-fmllr.cc:143) For speaker train_S3_4_4_14, auxf-impr from fMLLR is 0, over 91 frames.
WARNING (gmm-est-fmllr:Update():fmllr-diag-gmm.cc:162) Not updating fMLLR since below min-count: count is 93
LOG (gmm-est-fmllr:main():gmm-est-fmllr.cc:143) For speaker train_S3_4_4_16, auxf-impr from fMLLR is 0, over 93 frames.
LOG (transform-feats:main():transform-feats.cc:158) Overall average logdet is 0 over 38776 frames.
LOG (transform-feats:main():transform-feats.cc:161) Applied transform to 231 utterances; 0 had errors.
WARNING (gmm-est-fmllr:Update():fmllr-diag-gmm.cc:162) Not updating fMLLR since below min-count: count is 75
LOG (gmm-est-fmllr:main():gmm-est-fmllr.cc:143) For speaker train_S3_4_4_18, auxf-impr from fMLLR is 0, over 75 frames.
WARNING (gmm-est-fmllr:Update():fmllr-diag-gmm.cc:162) Not updating fMLLR since below min-count: count is 88
LOG (gmm-est-fmllr:main():gmm-est-fmllr.cc:143) For speaker train_S3_4_4_20, auxf-impr from fMLLR is 0, over 88 frames.
WARNING (gmm-est-fmllr:Update():fmllr-diag-gmm.cc:162) Not updating fMLLR since below min-count: count is 82
LOG (gmm-est-fmllr:main():gmm-est-fmllr.cc:143) For speaker train_S3_4_5_12, auxf-impr from fMLLR is 0, over 82 frames.
LOG (gmm-est-fmllr:main():gmm-est-fmllr.cc:188) Done 231 files, 0 with no posts, 0 with other errors.
LOG (gmm-est-fmllr:main():gmm-est-fmllr.cc:190) Overall fMLLR auxf impr per frame is 0 over 23975 frames.
# Accounting: time=1 threads=1
# Ended (code 0) at Mon Feb 10 15:31:25 IST 2020, elapsed time 1 seconds
