# gmm-latgen-faster --max-active=7000 --beam=20.0 --lattice-beam=10.0 --acoustic-scale=0.083333 --allow-partial=true --word-symbol-table=exp/mono/graph/words.txt exp/mono/final.mdl exp/mono/graph/HCLG.fst "ark,s,cs:apply-cmvn  --utt2spk=ark:data/test/split2/2/utt2spk scp:data/test/split2/2/cmvn.scp scp:data/test/split2/2/feats.scp ark:- | add-deltas  ark:- ark:- |" "ark:|gzip -c > exp/mono/decode/lat.2.gz" 
# Started at Mon Feb 10 15:26:29 IST 2020
#
gmm-latgen-faster --max-active=7000 --beam=20.0 --lattice-beam=10.0 --acoustic-scale=0.083333 --allow-partial=true --word-symbol-table=exp/mono/graph/words.txt exp/mono/final.mdl exp/mono/graph/HCLG.fst 'ark,s,cs:apply-cmvn  --utt2spk=ark:data/test/split2/2/utt2spk scp:data/test/split2/2/cmvn.scp scp:data/test/split2/2/feats.scp ark:- | add-deltas  ark:- ark:- |' 'ark:|gzip -c > exp/mono/decode/lat.2.gz' 
add-deltas ark:- ark:- 
apply-cmvn --utt2spk=ark:data/test/split2/2/utt2spk scp:data/test/split2/2/cmvn.scp scp:data/test/split2/2/feats.scp ark:- 
test_S20_1_1 SIL violetcolor nooteu nooreurooba SIL violetcolor nooteu nooreurooba SIL 
LOG (gmm-latgen-faster:DecodeUtteranceLatticeFaster():decoder-wrappers.cc:285) Log-like per frame for utterance test_S20_1_1 is -7.94184 over 287 frames.
test_S20_1_2 SIL violetcolor nooteu nooreurooba SIL violetcolor nooteu nooreurooba SIL 
LOG (gmm-latgen-faster:DecodeUtteranceLatticeFaster():decoder-wrappers.cc:285) Log-like per frame for utterance test_S20_1_2 is -7.94118 over 287 frames.
test_S20_1_3 SIL violetcolor nooteu nooreurooba SIL violetcolor nooteu nooreurooba SIL 
LOG (gmm-latgen-faster:DecodeUtteranceLatticeFaster():decoder-wrappers.cc:285) Log-like per frame for utterance test_S20_1_3 is -7.93131 over 287 frames.
test_S20_1_4 SIL violetcolor nooteu nooreurooba SIL violetcolor nooteu nooreurooba SIL 
LOG (gmm-latgen-faster:DecodeUtteranceLatticeFaster():decoder-wrappers.cc:285) Log-like per frame for utterance test_S20_1_4 is -7.93188 over 287 frames.
test_S20_1_5 SIL violetcolor nooteu nooreurooba SIL violetcolor nooteu nooreurooba SIL 
LOG (gmm-latgen-faster:DecodeUtteranceLatticeFaster():decoder-wrappers.cc:285) Log-like per frame for utterance test_S20_1_5 is -7.93145 over 287 frames.
test_S20_1_6 SIL violetcolor nooteu nooreurooba SIL violetcolor nooteu nooreurooba SIL 
LOG (gmm-latgen-faster:DecodeUtteranceLatticeFaster():decoder-wrappers.cc:285) Log-like per frame for utterance test_S20_1_6 is -7.92452 over 287 frames.
test_S20_1_7 SIL violetcolor nooteu nooreurooba SIL violetcolor nooteu nooreurooba SIL 
LOG (gmm-latgen-faster:DecodeUtteranceLatticeFaster():decoder-wrappers.cc:285) Log-like per frame for utterance test_S20_1_7 is -7.90665 over 287 frames.
test_S20_2_1 SIL violetcolor nooteu nooreurooba SIL 
LOG (gmm-latgen-faster:DecodeUtteranceLatticeFaster():decoder-wrappers.cc:285) Log-like per frame for utterance test_S20_2_1 is -7.43523 over 221 frames.
test_S20_2_2 SIL violetcolor nooteu nooreurooba SIL 
LOG (gmm-latgen-faster:DecodeUtteranceLatticeFaster():decoder-wrappers.cc:285) Log-like per frame for utterance test_S20_2_2 is -7.44755 over 221 frames.
test_S20_2_3 SIL violetcolor nooteu nooreurooba SIL 
LOG (gmm-latgen-faster:DecodeUtteranceLatticeFaster():decoder-wrappers.cc:285) Log-like per frame for utterance test_S20_2_3 is -7.43484 over 221 frames.
test_S20_2_4 SIL violetcolor nooteu nooreurooba SIL 
LOG (gmm-latgen-faster:DecodeUtteranceLatticeFaster():decoder-wrappers.cc:285) Log-like per frame for utterance test_S20_2_4 is -7.43692 over 221 frames.
test_S20_2_5 SIL violetcolor nooteu nooreurooba SIL 
LOG (gmm-latgen-faster:DecodeUtteranceLatticeFaster():decoder-wrappers.cc:285) Log-like per frame for utterance test_S20_2_5 is -7.4386 over 221 frames.
test_S20_2_6 SIL violetcolor nooteu nooreurooba SIL 
LOG (gmm-latgen-faster:DecodeUtteranceLatticeFaster():decoder-wrappers.cc:285) Log-like per frame for utterance test_S20_2_6 is -7.44112 over 221 frames.
test_S20_2_7 SIL violetcolor nooteu nooreurooba SIL 
LOG (gmm-latgen-faster:DecodeUtteranceLatticeFaster():decoder-wrappers.cc:285) Log-like per frame for utterance test_S20_2_7 is -7.4165 over 221 frames.
test_S21_1_1 SIL naan quizku poo pooreen SIL 
LOG (gmm-latgen-faster:DecodeUtteranceLatticeFaster():decoder-wrappers.cc:285) Log-like per frame for utterance test_S21_1_1 is -7.80835 over 299 frames.
test_S21_1_2 SIL naan quizku poo pooreen SIL 
LOG (gmm-latgen-faster:DecodeUtteranceLatticeFaster():decoder-wrappers.cc:285) Log-like per frame for utterance test_S21_1_2 is -7.81532 over 299 frames.
test_S21_1_3 SIL naan quizku poo pooreen SIL 
LOG (gmm-latgen-faster:DecodeUtteranceLatticeFaster():decoder-wrappers.cc:285) Log-like per frame for utterance test_S21_1_3 is -7.80358 over 299 frames.
test_S21_1_4 SIL naan quizku poo pooreen SIL 
LOG (gmm-latgen-faster:DecodeUtteranceLatticeFaster():decoder-wrappers.cc:285) Log-like per frame for utterance test_S21_1_4 is -7.79666 over 299 frames.
test_S21_1_5 SIL naan quizku poo pooreen SIL 
LOG (gmm-latgen-faster:DecodeUtteranceLatticeFaster():decoder-wrappers.cc:285) Log-like per frame for utterance test_S21_1_5 is -7.79301 over 299 frames.
test_S21_1_6 SIL naan quizku poo pooreen SIL 
LOG (gmm-latgen-faster:DecodeUtteranceLatticeFaster():decoder-wrappers.cc:285) Log-like per frame for utterance test_S21_1_6 is -7.76415 over 299 frames.
test_S21_1_7 SIL naan quizku poo pooreen SIL 
LOG (gmm-latgen-faster:DecodeUtteranceLatticeFaster():decoder-wrappers.cc:285) Log-like per frame for utterance test_S21_1_7 is -7.74403 over 299 frames.
test_S21_2_1 SIL naan quizku poo pooreen SIL 
LOG (gmm-latgen-faster:DecodeUtteranceLatticeFaster():decoder-wrappers.cc:285) Log-like per frame for utterance test_S21_2_1 is -7.92163 over 213 frames.
test_S21_2_2 SIL naan quizku poo pooreen SIL 
LOG (gmm-latgen-faster:DecodeUtteranceLatticeFaster():decoder-wrappers.cc:285) Log-like per frame for utterance test_S21_2_2 is -7.92656 over 213 frames.
test_S21_2_3 SIL naan quizku poo pooreen SIL 
LOG (gmm-latgen-faster:DecodeUtteranceLatticeFaster():decoder-wrappers.cc:285) Log-like per frame for utterance test_S21_2_3 is -7.92679 over 213 frames.
test_S21_2_4 SIL naan quizku poo pooreen SIL 
LOG (gmm-latgen-faster:DecodeUtteranceLatticeFaster():decoder-wrappers.cc:285) Log-like per frame for utterance test_S21_2_4 is -7.93309 over 213 frames.
test_S21_2_5 SIL naan quizku poo pooreen SIL 
LOG (gmm-latgen-faster:DecodeUtteranceLatticeFaster():decoder-wrappers.cc:285) Log-like per frame for utterance test_S21_2_5 is -7.92873 over 213 frames.
test_S21_2_6 SIL naan quizku poo pooreen SIL 
LOG (gmm-latgen-faster:DecodeUtteranceLatticeFaster():decoder-wrappers.cc:285) Log-like per frame for utterance test_S21_2_6 is -7.93465 over 213 frames.
test_S21_2_7 SIL naan quizku poo pooreen SIL 
LOG (gmm-latgen-faster:DecodeUtteranceLatticeFaster():decoder-wrappers.cc:285) Log-like per frame for utterance test_S21_2_7 is -7.93718 over 213 frames.
test_S22_1_1 SIL naan kaal keezhae vechchathaan ezhuthirukkamudiyum SIL 
LOG (gmm-latgen-faster:DecodeUtteranceLatticeFaster():decoder-wrappers.cc:285) Log-like per frame for utterance test_S22_1_1 is -8.09187 over 325 frames.
test_S22_1_2 SIL naan kaal keezhae vechchathaan ezhuthirukkamudiyum SIL 
LOG (gmm-latgen-faster:DecodeUtteranceLatticeFaster():decoder-wrappers.cc:285) Log-like per frame for utterance test_S22_1_2 is -8.09017 over 325 frames.
test_S22_1_3 SIL naan kaal keezhae vechchathaan ezhuthirukkamudiyum SIL 
LOG (gmm-latgen-faster:DecodeUtteranceLatticeFaster():decoder-wrappers.cc:285) Log-like per frame for utterance test_S22_1_3 is -8.09043 over 325 frames.
test_S22_1_4 SIL naan kaal keezhae vechchathaan ezhuthirukkamudiyum SIL 
LOG (gmm-latgen-faster:DecodeUtteranceLatticeFaster():decoder-wrappers.cc:285) Log-like per frame for utterance test_S22_1_4 is -8.08373 over 325 frames.
test_S22_1_5 SIL naan kaal keezhae vechchathaan ezhuthirukkamudiyum SIL 
LOG (gmm-latgen-faster:DecodeUtteranceLatticeFaster():decoder-wrappers.cc:285) Log-like per frame for utterance test_S22_1_5 is -8.08576 over 325 frames.
test_S22_1_6 SIL naan kaal keezhae vechchathaan ezhuthirukkamudiyum SIL 
LOG (gmm-latgen-faster:DecodeUtteranceLatticeFaster():decoder-wrappers.cc:285) Log-like per frame for utterance test_S22_1_6 is -8.08304 over 325 frames.
test_S22_1_7 SIL naan kaal keezhae vechchathaan ezhuthirukkamudiyum SIL 
LOG (gmm-latgen-faster:DecodeUtteranceLatticeFaster():decoder-wrappers.cc:285) Log-like per frame for utterance test_S22_1_7 is -8.07048 over 325 frames.
test_S22_2_1 SIL naan kaal keezhae vechchathaan ezhuthirukkamudiyum SIL 
LOG (gmm-latgen-faster:DecodeUtteranceLatticeFaster():decoder-wrappers.cc:285) Log-like per frame for utterance test_S22_2_1 is -8.27731 over 327 frames.
test_S22_2_2 SIL naan kaal keezhae vechchathaan ezhuthirukkamudiyum SIL 
LOG (gmm-latgen-faster:DecodeUtteranceLatticeFaster():decoder-wrappers.cc:285) Log-like per frame for utterance test_S22_2_2 is -8.27734 over 327 frames.
test_S22_2_3 SIL naan kaal keezhae vechchathaan ezhuthirukkamudiyum SIL 
LOG (gmm-latgen-faster:DecodeUtteranceLatticeFaster():decoder-wrappers.cc:285) Log-like per frame for utterance test_S22_2_3 is -8.28043 over 327 frames.
test_S22_2_4 SIL naan kaal keezhae vechchathaan ezhuthirukkamudiyum SIL 
LOG (gmm-latgen-faster:DecodeUtteranceLatticeFaster():decoder-wrappers.cc:285) Log-like per frame for utterance test_S22_2_4 is -8.2747 over 327 frames.
test_S22_2_5 SIL naan kaal keezhae vechchathaan ezhuthirukkamudiyum SIL 
LOG (gmm-latgen-faster:DecodeUtteranceLatticeFaster():decoder-wrappers.cc:285) Log-like per frame for utterance test_S22_2_5 is -8.27233 over 327 frames.
test_S22_2_6 SIL naan kaal keezhae vechchathaan ezhuthirukkamudiyum SIL 
LOG (gmm-latgen-faster:DecodeUtteranceLatticeFaster():decoder-wrappers.cc:285) Log-like per frame for utterance test_S22_2_6 is -8.26646 over 327 frames.
test_S22_2_7 SIL naan kaal keezhae vechchathaan ezhuthirukkamudiyum SIL 
LOG (gmm-latgen-faster:DecodeUtteranceLatticeFaster():decoder-wrappers.cc:285) Log-like per frame for utterance test_S22_2_7 is -8.22478 over 327 frames.
test_S2_1_1 SIL goodafternoon miss SIL 
LOG (gmm-latgen-faster:DecodeUtteranceLatticeFaster():decoder-wrappers.cc:285) Log-like per frame for utterance test_S2_1_1 is -7.8204 over 156 frames.
test_S2_1_2 SIL goodafternoon miss SIL 
LOG (gmm-latgen-faster:DecodeUtteranceLatticeFaster():decoder-wrappers.cc:285) Log-like per frame for utterance test_S2_1_2 is -7.8116 over 156 frames.
test_S2_1_3 SIL goodafternoon miss SIL 
LOG (gmm-latgen-faster:DecodeUtteranceLatticeFaster():decoder-wrappers.cc:285) Log-like per frame for utterance test_S2_1_3 is -7.81912 over 156 frames.
test_S2_1_4 SIL goodafternoon miss SIL 
LOG (gmm-latgen-faster:DecodeUtteranceLatticeFaster():decoder-wrappers.cc:285) Log-like per frame for utterance test_S2_1_4 is -7.81453 over 156 frames.
test_S2_1_5 SIL goodafternoon miss SIL 
LOG (gmm-latgen-faster:DecodeUtteranceLatticeFaster():decoder-wrappers.cc:285) Log-like per frame for utterance test_S2_1_5 is -7.80195 over 156 frames.
test_S2_1_6 SIL goodafternoon miss SIL 
LOG (gmm-latgen-faster:DecodeUtteranceLatticeFaster():decoder-wrappers.cc:285) Log-like per frame for utterance test_S2_1_6 is -7.80087 over 156 frames.
test_S2_1_7 SIL goodafternoon miss SIL 
LOG (gmm-latgen-faster:DecodeUtteranceLatticeFaster():decoder-wrappers.cc:285) Log-like per frame for utterance test_S2_1_7 is -7.76991 over 156 frames.
test_S2_2_1 SIL goodafternoon miss SIL 
LOG (gmm-latgen-faster:DecodeUtteranceLatticeFaster():decoder-wrappers.cc:285) Log-like per frame for utterance test_S2_2_1 is -7.80138 over 144 frames.
test_S2_2_2 SIL goodafternoon miss SIL 
LOG (gmm-latgen-faster:DecodeUtteranceLatticeFaster():decoder-wrappers.cc:285) Log-like per frame for utterance test_S2_2_2 is -7.78609 over 144 frames.
test_S2_2_3 SIL goodafternoon miss SIL 
LOG (gmm-latgen-faster:DecodeUtteranceLatticeFaster():decoder-wrappers.cc:285) Log-like per frame for utterance test_S2_2_3 is -7.78813 over 144 frames.
test_S2_2_4 SIL goodafternoon miss SIL 
LOG (gmm-latgen-faster:DecodeUtteranceLatticeFaster():decoder-wrappers.cc:285) Log-like per frame for utterance test_S2_2_4 is -7.78313 over 144 frames.
test_S2_2_5 SIL goodafternoon miss SIL 
LOG (gmm-latgen-faster:DecodeUtteranceLatticeFaster():decoder-wrappers.cc:285) Log-like per frame for utterance test_S2_2_5 is -7.75863 over 144 frames.
test_S2_2_6 SIL goodafternoon miss SIL 
LOG (gmm-latgen-faster:DecodeUtteranceLatticeFaster():decoder-wrappers.cc:285) Log-like per frame for utterance test_S2_2_6 is -7.76765 over 144 frames.
test_S2_2_7 SIL goodafternoon miss SIL 
LOG (gmm-latgen-faster:DecodeUtteranceLatticeFaster():decoder-wrappers.cc:285) Log-like per frame for utterance test_S2_2_7 is -7.74302 over 144 frames.
test_S3_1_1 SIL thankyoumiss SIL miss SIL 
LOG (gmm-latgen-faster:DecodeUtteranceLatticeFaster():decoder-wrappers.cc:285) Log-like per frame for utterance test_S3_1_1 is -7.74506 over 146 frames.
test_S3_1_2 SIL thankyoumiss SIL miss SIL 
LOG (gmm-latgen-faster:DecodeUtteranceLatticeFaster():decoder-wrappers.cc:285) Log-like per frame for utterance test_S3_1_2 is -7.73687 over 146 frames.
test_S3_1_3 SIL thankyoumiss SIL miss SIL 
LOG (gmm-latgen-faster:DecodeUtteranceLatticeFaster():decoder-wrappers.cc:285) Log-like per frame for utterance test_S3_1_3 is -7.7414 over 146 frames.
test_S3_1_4 SIL thankyoumiss SIL miss SIL 
LOG (gmm-latgen-faster:DecodeUtteranceLatticeFaster():decoder-wrappers.cc:285) Log-like per frame for utterance test_S3_1_4 is -7.74063 over 146 frames.
test_S3_1_5 SIL thankyoumiss SIL miss SIL 
LOG (gmm-latgen-faster:DecodeUtteranceLatticeFaster():decoder-wrappers.cc:285) Log-like per frame for utterance test_S3_1_5 is -7.74285 over 146 frames.
test_S3_1_6 SIL thankyoumiss SIL miss SIL 
LOG (gmm-latgen-faster:DecodeUtteranceLatticeFaster():decoder-wrappers.cc:285) Log-like per frame for utterance test_S3_1_6 is -7.73971 over 146 frames.
test_S3_1_7 SIL thankyoumiss SIL miss SIL 
LOG (gmm-latgen-faster:DecodeUtteranceLatticeFaster():decoder-wrappers.cc:285) Log-like per frame for utterance test_S3_1_7 is -7.74414 over 146 frames.
test_S3_2_1 SIL thankyoumiss SIL goodmorning miss SIL 
LOG (gmm-latgen-faster:DecodeUtteranceLatticeFaster():decoder-wrappers.cc:285) Log-like per frame for utterance test_S3_2_1 is -7.60475 over 153 frames.
test_S3_2_2 SIL thankyoumiss SIL goodmorning miss SIL 
LOG (gmm-latgen-faster:DecodeUtteranceLatticeFaster():decoder-wrappers.cc:285) Log-like per frame for utterance test_S3_2_2 is -7.59777 over 153 frames.
test_S3_2_3 SIL thankyoumiss SIL goodmorning miss SIL 
LOG (gmm-latgen-faster:DecodeUtteranceLatticeFaster():decoder-wrappers.cc:285) Log-like per frame for utterance test_S3_2_3 is -7.59474 over 153 frames.
test_S3_2_4 SIL thankyoumiss SIL goodmorning miss SIL 
LOG (gmm-latgen-faster:DecodeUtteranceLatticeFaster():decoder-wrappers.cc:285) Log-like per frame for utterance test_S3_2_4 is -7.61145 over 153 frames.
test_S3_2_5 SIL thankyoumiss SIL goodmorning miss SIL 
LOG (gmm-latgen-faster:DecodeUtteranceLatticeFaster():decoder-wrappers.cc:285) Log-like per frame for utterance test_S3_2_5 is -7.58756 over 153 frames.
test_S3_2_6 SIL thankyoumiss SIL miss SIL 
LOG (gmm-latgen-faster:DecodeUtteranceLatticeFaster():decoder-wrappers.cc:285) Log-like per frame for utterance test_S3_2_6 is -7.59645 over 153 frames.
test_S3_2_7 SIL thankyoumiss SIL miss SIL 
LOG (gmm-latgen-faster:DecodeUtteranceLatticeFaster():decoder-wrappers.cc:285) Log-like per frame for utterance test_S3_2_7 is -7.55445 over 153 frames.
test_S4_1_1 SIL goodmorning miss SIL 
LOG (gmm-latgen-faster:DecodeUtteranceLatticeFaster():decoder-wrappers.cc:285) Log-like per frame for utterance test_S4_1_1 is -8.2138 over 157 frames.
test_S4_1_2 SIL goodmorning miss SIL 
LOG (gmm-latgen-faster:DecodeUtteranceLatticeFaster():decoder-wrappers.cc:285) Log-like per frame for utterance test_S4_1_2 is -8.21599 over 157 frames.
test_S4_1_3 SIL goodmorning miss SIL 
LOG (gmm-latgen-faster:DecodeUtteranceLatticeFaster():decoder-wrappers.cc:285) Log-like per frame for utterance test_S4_1_3 is -8.20912 over 157 frames.
test_S4_1_4 SIL goodmorning miss SIL 
LOG (gmm-latgen-faster:DecodeUtteranceLatticeFaster():decoder-wrappers.cc:285) Log-like per frame for utterance test_S4_1_4 is -8.20246 over 157 frames.
test_S4_1_5 SIL goodmorning miss SIL 
LOG (gmm-latgen-faster:DecodeUtteranceLatticeFaster():decoder-wrappers.cc:285) Log-like per frame for utterance test_S4_1_5 is -8.19887 over 157 frames.
test_S4_1_6 SIL goodmorning miss SIL 
LOG (gmm-latgen-faster:DecodeUtteranceLatticeFaster():decoder-wrappers.cc:285) Log-like per frame for utterance test_S4_1_6 is -8.19949 over 157 frames.
test_S4_1_7 SIL goodmorning miss SIL 
LOG (gmm-latgen-faster:DecodeUtteranceLatticeFaster():decoder-wrappers.cc:285) Log-like per frame for utterance test_S4_1_7 is -8.18658 over 157 frames.
test_S4_2_1 SIL vanthiruken miss SIL 
LOG (gmm-latgen-faster:DecodeUtteranceLatticeFaster():decoder-wrappers.cc:285) Log-like per frame for utterance test_S4_2_1 is -7.8136 over 135 frames.
test_S4_2_2 SIL vanthiruken miss SIL 
LOG (gmm-latgen-faster:DecodeUtteranceLatticeFaster():decoder-wrappers.cc:285) Log-like per frame for utterance test_S4_2_2 is -7.82135 over 135 frames.
test_S4_2_3 SIL vanthiruken miss SIL 
LOG (gmm-latgen-faster:DecodeUtteranceLatticeFaster():decoder-wrappers.cc:285) Log-like per frame for utterance test_S4_2_3 is -7.822 over 135 frames.
test_S4_2_4 SIL vanthiruken miss SIL 
LOG (gmm-latgen-faster:DecodeUtteranceLatticeFaster():decoder-wrappers.cc:285) Log-like per frame for utterance test_S4_2_4 is -7.81045 over 135 frames.
test_S4_2_5 SIL vanthiruken miss SIL 
LOG (gmm-latgen-faster:DecodeUtteranceLatticeFaster():decoder-wrappers.cc:285) Log-like per frame for utterance test_S4_2_5 is -7.81799 over 135 frames.
test_S4_2_6 SIL vanthiruken miss SIL 
LOG (gmm-latgen-faster:DecodeUtteranceLatticeFaster():decoder-wrappers.cc:285) Log-like per frame for utterance test_S4_2_6 is -7.83196 over 135 frames.
test_S4_2_7 SIL vanthiruken miss SIL 
LOG (gmm-latgen-faster:DecodeUtteranceLatticeFaster():decoder-wrappers.cc:285) Log-like per frame for utterance test_S4_2_7 is -7.8086 over 135 frames.
test_S5_1_1 SIL miss toilet poonoom SIL 
LOG (gmm-latgen-faster:DecodeUtteranceLatticeFaster():decoder-wrappers.cc:285) Log-like per frame for utterance test_S5_1_1 is -7.82437 over 200 frames.
test_S5_1_2 SIL miss toilet poonoom SIL 
LOG (gmm-latgen-faster:DecodeUtteranceLatticeFaster():decoder-wrappers.cc:285) Log-like per frame for utterance test_S5_1_2 is -7.82309 over 200 frames.
test_S5_1_3 SIL miss toilet poonoom SIL 
LOG (gmm-latgen-faster:DecodeUtteranceLatticeFaster():decoder-wrappers.cc:285) Log-like per frame for utterance test_S5_1_3 is -7.80823 over 200 frames.
test_S5_1_4 SIL miss toilet poonoom SIL 
LOG (gmm-latgen-faster:DecodeUtteranceLatticeFaster():decoder-wrappers.cc:285) Log-like per frame for utterance test_S5_1_4 is -7.80392 over 200 frames.
test_S5_1_5 SIL miss toilet poonoom SIL 
LOG (gmm-latgen-faster:DecodeUtteranceLatticeFaster():decoder-wrappers.cc:285) Log-like per frame for utterance test_S5_1_5 is -7.80937 over 200 frames.
test_S5_1_6 SIL miss toilet poonoom SIL 
LOG (gmm-latgen-faster:DecodeUtteranceLatticeFaster():decoder-wrappers.cc:285) Log-like per frame for utterance test_S5_1_6 is -7.80354 over 200 frames.
test_S5_1_7 SIL miss toilet poonoom SIL 
LOG (gmm-latgen-faster:DecodeUtteranceLatticeFaster():decoder-wrappers.cc:285) Log-like per frame for utterance test_S5_1_7 is -7.78927 over 200 frames.
test_S5_2_1 SIL thankyoumiss SIL miss toilet poonoom SIL 
LOG (gmm-latgen-faster:DecodeUtteranceLatticeFaster():decoder-wrappers.cc:285) Log-like per frame for utterance test_S5_2_1 is -7.86333 over 215 frames.
test_S5_2_2 SIL thankyoumiss SIL miss toilet poonoom SIL 
LOG (gmm-latgen-faster:DecodeUtteranceLatticeFaster():decoder-wrappers.cc:285) Log-like per frame for utterance test_S5_2_2 is -7.86418 over 215 frames.
test_S5_2_3 SIL thankyoumiss SIL miss toilet poonoom SIL 
LOG (gmm-latgen-faster:DecodeUtteranceLatticeFaster():decoder-wrappers.cc:285) Log-like per frame for utterance test_S5_2_3 is -7.86954 over 215 frames.
test_S5_2_4 SIL thankyoumiss SIL miss toilet poonoom SIL 
LOG (gmm-latgen-faster:DecodeUtteranceLatticeFaster():decoder-wrappers.cc:285) Log-like per frame for utterance test_S5_2_4 is -7.86666 over 215 frames.
test_S5_2_5 SIL thankyoumiss SIL miss toilet poonoom SIL 
LOG (gmm-latgen-faster:DecodeUtteranceLatticeFaster():decoder-wrappers.cc:285) Log-like per frame for utterance test_S5_2_5 is -7.85273 over 215 frames.
test_S5_2_6 SIL thankyoumiss SIL miss toilet poonoom SIL 
LOG (gmm-latgen-faster:DecodeUtteranceLatticeFaster():decoder-wrappers.cc:285) Log-like per frame for utterance test_S5_2_6 is -7.874 over 215 frames.
test_S5_2_7 SIL thankyoumiss SIL miss toilet poonoom SIL 
LOG (gmm-latgen-faster:DecodeUtteranceLatticeFaster():decoder-wrappers.cc:285) Log-like per frame for utterance test_S5_2_7 is -7.86193 over 215 frames.
test_S6_1_1 SIL appa vanthirukaanga miss SIL 
LOG (gmm-latgen-faster:DecodeUtteranceLatticeFaster():decoder-wrappers.cc:285) Log-like per frame for utterance test_S6_1_1 is -8.27764 over 191 frames.
test_S6_1_2 SIL appa vanthirukaanga miss SIL 
LOG (gmm-latgen-faster:DecodeUtteranceLatticeFaster():decoder-wrappers.cc:285) Log-like per frame for utterance test_S6_1_2 is -8.27595 over 191 frames.
test_S6_1_3 SIL appa vanthirukaanga miss SIL 
LOG (gmm-latgen-faster:DecodeUtteranceLatticeFaster():decoder-wrappers.cc:285) Log-like per frame for utterance test_S6_1_3 is -8.27733 over 191 frames.
test_S6_1_4 SIL appa vanthirukaanga miss SIL 
LOG (gmm-latgen-faster:DecodeUtteranceLatticeFaster():decoder-wrappers.cc:285) Log-like per frame for utterance test_S6_1_4 is -8.28389 over 191 frames.
test_S6_1_5 SIL appa vanthirukaanga miss SIL 
LOG (gmm-latgen-faster:DecodeUtteranceLatticeFaster():decoder-wrappers.cc:285) Log-like per frame for utterance test_S6_1_5 is -8.27226 over 191 frames.
test_S6_1_6 SIL appa vanthirukaanga miss SIL 
LOG (gmm-latgen-faster:DecodeUtteranceLatticeFaster():decoder-wrappers.cc:285) Log-like per frame for utterance test_S6_1_6 is -8.28205 over 191 frames.
test_S6_1_7 SIL appa vanthirukaanga miss SIL 
LOG (gmm-latgen-faster:DecodeUtteranceLatticeFaster():decoder-wrappers.cc:285) Log-like per frame for utterance test_S6_1_7 is -8.256 over 191 frames.
test_S6_2_1 SIL appa vanthirukaanga miss SIL 
LOG (gmm-latgen-faster:DecodeUtteranceLatticeFaster():decoder-wrappers.cc:285) Log-like per frame for utterance test_S6_2_1 is -7.63668 over 168 frames.
test_S6_2_2 SIL appa vanthirukaanga miss SIL 
LOG (gmm-latgen-faster:DecodeUtteranceLatticeFaster():decoder-wrappers.cc:285) Log-like per frame for utterance test_S6_2_2 is -7.63231 over 168 frames.
test_S6_2_3 SIL appa vanthirukaanga miss SIL 
LOG (gmm-latgen-faster:DecodeUtteranceLatticeFaster():decoder-wrappers.cc:285) Log-like per frame for utterance test_S6_2_3 is -7.63212 over 168 frames.
test_S6_2_4 SIL appa vanthirukaanga miss SIL 
LOG (gmm-latgen-faster:DecodeUtteranceLatticeFaster():decoder-wrappers.cc:285) Log-like per frame for utterance test_S6_2_4 is -7.6368 over 168 frames.
test_S6_2_5 SIL appa vanthirukaanga miss SIL 
LOG (gmm-latgen-faster:DecodeUtteranceLatticeFaster():decoder-wrappers.cc:285) Log-like per frame for utterance test_S6_2_5 is -7.62797 over 168 frames.
test_S6_2_6 SIL appa vanthirukaanga miss SIL 
LOG (gmm-latgen-faster:DecodeUtteranceLatticeFaster():decoder-wrappers.cc:285) Log-like per frame for utterance test_S6_2_6 is -7.62857 over 168 frames.
test_S6_2_7 SIL appa vanthirukaanga miss SIL 
LOG (gmm-latgen-faster:DecodeUtteranceLatticeFaster():decoder-wrappers.cc:285) Log-like per frame for utterance test_S6_2_7 is -7.56904 over 168 frames.
test_S7_1_1 SIL belladichichu miss SIL 
LOG (gmm-latgen-faster:DecodeUtteranceLatticeFaster():decoder-wrappers.cc:285) Log-like per frame for utterance test_S7_1_1 is -8.27104 over 138 frames.
test_S7_1_2 SIL belladichichu miss SIL 
LOG (gmm-latgen-faster:DecodeUtteranceLatticeFaster():decoder-wrappers.cc:285) Log-like per frame for utterance test_S7_1_2 is -8.27411 over 138 frames.
test_S7_1_3 SIL belladichichu miss SIL 
LOG (gmm-latgen-faster:DecodeUtteranceLatticeFaster():decoder-wrappers.cc:285) Log-like per frame for utterance test_S7_1_3 is -8.26803 over 138 frames.
test_S7_1_4 SIL belladichichu miss SIL 
LOG (gmm-latgen-faster:DecodeUtteranceLatticeFaster():decoder-wrappers.cc:285) Log-like per frame for utterance test_S7_1_4 is -8.2646 over 138 frames.
test_S7_1_5 SIL belladichichu miss SIL 
LOG (gmm-latgen-faster:DecodeUtteranceLatticeFaster():decoder-wrappers.cc:285) Log-like per frame for utterance test_S7_1_5 is -8.26427 over 138 frames.
test_S7_1_6 SIL belladichichu miss SIL 
LOG (gmm-latgen-faster:DecodeUtteranceLatticeFaster():decoder-wrappers.cc:285) Log-like per frame for utterance test_S7_1_6 is -8.25516 over 138 frames.
test_S7_1_7 SIL belladichichu miss SIL 
LOG (gmm-latgen-faster:DecodeUtteranceLatticeFaster():decoder-wrappers.cc:285) Log-like per frame for utterance test_S7_1_7 is -8.23344 over 138 frames.
test_S7_2_1 SIL belladichichu miss SIL 
LOG (gmm-latgen-faster:DecodeUtteranceLatticeFaster():decoder-wrappers.cc:285) Log-like per frame for utterance test_S7_2_1 is -8.09462 over 142 frames.
test_S7_2_2 SIL belladichichu miss SIL 
LOG (gmm-latgen-faster:DecodeUtteranceLatticeFaster():decoder-wrappers.cc:285) Log-like per frame for utterance test_S7_2_2 is -8.09139 over 142 frames.
test_S7_2_3 SIL belladichichu miss SIL 
LOG (gmm-latgen-faster:DecodeUtteranceLatticeFaster():decoder-wrappers.cc:285) Log-like per frame for utterance test_S7_2_3 is -8.09569 over 142 frames.
test_S7_2_4 SIL belladichichu miss SIL 
LOG (gmm-latgen-faster:DecodeUtteranceLatticeFaster():decoder-wrappers.cc:285) Log-like per frame for utterance test_S7_2_4 is -8.09719 over 142 frames.
test_S7_2_5 SIL belladichichu miss SIL 
LOG (gmm-latgen-faster:DecodeUtteranceLatticeFaster():decoder-wrappers.cc:285) Log-like per frame for utterance test_S7_2_5 is -8.09143 over 142 frames.
test_S7_2_6 SIL belladichichu miss SIL 
LOG (gmm-latgen-faster:DecodeUtteranceLatticeFaster():decoder-wrappers.cc:285) Log-like per frame for utterance test_S7_2_6 is -8.08198 over 142 frames.
test_S7_2_7 SIL belladichichu miss SIL 
LOG (gmm-latgen-faster:DecodeUtteranceLatticeFaster():decoder-wrappers.cc:285) Log-like per frame for utterance test_S7_2_7 is -8.09707 over 142 frames.
test_S8_1_1 SIL vanthiruken miss SIL miss toilet poonoom SIL prayer panalaam miss SIL 
LOG (gmm-latgen-faster:DecodeUtteranceLatticeFaster():decoder-wrappers.cc:285) Log-like per frame for utterance test_S8_1_1 is -8.23006 over 305 frames.
test_S8_1_2 SIL vanthiruken miss SIL miss toilet poonoom SIL prayer panalaam miss SIL 
LOG (gmm-latgen-faster:DecodeUtteranceLatticeFaster():decoder-wrappers.cc:285) Log-like per frame for utterance test_S8_1_2 is -8.23245 over 305 frames.
test_S8_1_3 SIL vanthiruken miss SIL miss toilet poonoom SIL prayer panalaam miss SIL 
LOG (gmm-latgen-faster:DecodeUtteranceLatticeFaster():decoder-wrappers.cc:285) Log-like per frame for utterance test_S8_1_3 is -8.21942 over 305 frames.
test_S8_1_4 SIL vanthiruken miss SIL miss toilet poonoom SIL prayer panalaam miss SIL 
LOG (gmm-latgen-faster:DecodeUtteranceLatticeFaster():decoder-wrappers.cc:285) Log-like per frame for utterance test_S8_1_4 is -8.21849 over 305 frames.
test_S8_1_5 SIL vanthiruken miss SIL miss toilet poonoom SIL prayer panalaam miss SIL 
LOG (gmm-latgen-faster:DecodeUtteranceLatticeFaster():decoder-wrappers.cc:285) Log-like per frame for utterance test_S8_1_5 is -8.21942 over 305 frames.
test_S8_1_6 SIL vanthiruken miss SIL miss toilet poonoom SIL prayer panalaam miss SIL 
LOG (gmm-latgen-faster:DecodeUtteranceLatticeFaster():decoder-wrappers.cc:285) Log-like per frame for utterance test_S8_1_6 is -8.18745 over 305 frames.
test_S8_1_7 SIL vanthiruken miss SIL miss toilet poonoom SIL prayer panalaam miss SIL 
LOG (gmm-latgen-faster:DecodeUtteranceLatticeFaster():decoder-wrappers.cc:285) Log-like per frame for utterance test_S8_1_7 is -8.14932 over 305 frames.
test_S8_2_1 SIL ariviyal paadam padikalaam SIL 
LOG (gmm-latgen-faster:DecodeUtteranceLatticeFaster():decoder-wrappers.cc:285) Log-like per frame for utterance test_S8_2_1 is -8.26757 over 213 frames.
test_S8_2_2 SIL ariviyal paadam padikalaam SIL 
LOG (gmm-latgen-faster:DecodeUtteranceLatticeFaster():decoder-wrappers.cc:285) Log-like per frame for utterance test_S8_2_2 is -8.25844 over 213 frames.
test_S8_2_3 SIL ariviyal paadam padikalaam SIL 
LOG (gmm-latgen-faster:DecodeUtteranceLatticeFaster():decoder-wrappers.cc:285) Log-like per frame for utterance test_S8_2_3 is -8.26172 over 213 frames.
test_S8_2_4 SIL ariviyal paadam padikalaam SIL 
LOG (gmm-latgen-faster:DecodeUtteranceLatticeFaster():decoder-wrappers.cc:285) Log-like per frame for utterance test_S8_2_4 is -8.25673 over 213 frames.
test_S8_2_5 SIL ariviyal paadam padikalaam SIL 
LOG (gmm-latgen-faster:DecodeUtteranceLatticeFaster():decoder-wrappers.cc:285) Log-like per frame for utterance test_S8_2_5 is -8.26001 over 213 frames.
LOG (apply-cmvn:main():apply-cmvn.cc:146) Applied cepstral mean normalization to 154 utterances, errors on 0
test_S8_2_6 SIL ariviyal paadam padikalaam SIL 
LOG (gmm-latgen-faster:DecodeUtteranceLatticeFaster():decoder-wrappers.cc:285) Log-like per frame for utterance test_S8_2_6 is -8.25703 over 213 frames.
test_S8_2_7 SIL ariviyal paadam padikalaam SIL 
LOG (gmm-latgen-faster:DecodeUtteranceLatticeFaster():decoder-wrappers.cc:285) Log-like per frame for utterance test_S8_2_7 is -8.24395 over 213 frames.
test_S9_1_1 SIL miss SIL 
LOG (gmm-latgen-faster:DecodeUtteranceLatticeFaster():decoder-wrappers.cc:285) Log-like per frame for utterance test_S9_1_1 is -7.829 over 128 frames.
test_S9_1_2 SIL miss SIL 
LOG (gmm-latgen-faster:DecodeUtteranceLatticeFaster():decoder-wrappers.cc:285) Log-like per frame for utterance test_S9_1_2 is -7.793 over 128 frames.
test_S9_1_3 SIL miss SIL 
LOG (gmm-latgen-faster:DecodeUtteranceLatticeFaster():decoder-wrappers.cc:285) Log-like per frame for utterance test_S9_1_3 is -7.81044 over 128 frames.
test_S9_1_4 SIL miss SIL 
LOG (gmm-latgen-faster:DecodeUtteranceLatticeFaster():decoder-wrappers.cc:285) Log-like per frame for utterance test_S9_1_4 is -7.7871 over 128 frames.
test_S9_1_5 SIL miss SIL 
LOG (gmm-latgen-faster:DecodeUtteranceLatticeFaster():decoder-wrappers.cc:285) Log-like per frame for utterance test_S9_1_5 is -7.75629 over 128 frames.
test_S9_1_6 SIL miss SIL 
LOG (gmm-latgen-faster:DecodeUtteranceLatticeFaster():decoder-wrappers.cc:285) Log-like per frame for utterance test_S9_1_6 is -7.72141 over 128 frames.
test_S9_1_7 SIL miss SIL 
LOG (gmm-latgen-faster:DecodeUtteranceLatticeFaster():decoder-wrappers.cc:285) Log-like per frame for utterance test_S9_1_7 is -7.69657 over 128 frames.
test_S9_2_1 SIL puriyala miss SIL 
LOG (gmm-latgen-faster:DecodeUtteranceLatticeFaster():decoder-wrappers.cc:285) Log-like per frame for utterance test_S9_2_1 is -7.74829 over 102 frames.
test_S9_2_2 SIL puriyala miss SIL 
LOG (gmm-latgen-faster:DecodeUtteranceLatticeFaster():decoder-wrappers.cc:285) Log-like per frame for utterance test_S9_2_2 is -7.74936 over 102 frames.
test_S9_2_3 SIL puriyala miss SIL 
LOG (gmm-latgen-faster:DecodeUtteranceLatticeFaster():decoder-wrappers.cc:285) Log-like per frame for utterance test_S9_2_3 is -7.75149 over 102 frames.
test_S9_2_4 SIL puriyala miss SIL 
LOG (gmm-latgen-faster:DecodeUtteranceLatticeFaster():decoder-wrappers.cc:285) Log-like per frame for utterance test_S9_2_4 is -7.73996 over 102 frames.
test_S9_2_5 SIL puriyala miss SIL 
LOG (gmm-latgen-faster:DecodeUtteranceLatticeFaster():decoder-wrappers.cc:285) Log-like per frame for utterance test_S9_2_5 is -7.7441 over 102 frames.
test_S9_2_6 SIL puriyala miss SIL 
LOG (gmm-latgen-faster:DecodeUtteranceLatticeFaster():decoder-wrappers.cc:285) Log-like per frame for utterance test_S9_2_6 is -7.73105 over 102 frames.
test_S9_2_7 SIL puriyala miss SIL 
LOG (gmm-latgen-faster:DecodeUtteranceLatticeFaster():decoder-wrappers.cc:285) Log-like per frame for utterance test_S9_2_7 is -7.75521 over 102 frames.
LOG (gmm-latgen-faster:main():gmm-latgen-faster.cc:176) Time taken 11.4569s: real-time factor assuming 100 frames/sec is 0.0374961
LOG (gmm-latgen-faster:main():gmm-latgen-faster.cc:179) Done 154 utterances, failed for 0
LOG (gmm-latgen-faster:main():gmm-latgen-faster.cc:181) Overall log-likelihood per frame is -7.9476 over 30555 frames.
# Accounting: time=11 threads=1
# Ended (code 0) at Mon Feb 10 15:26:40 IST 2020, elapsed time 11 seconds
