# gmm-acc-stats-ali exp/mono2/27.mdl "ark,s,cs:apply-cmvn  --utt2spk=ark:data/train/split30/18/utt2spk scp:data/train/split30/18/cmvn.scp scp:data/train/split30/18/feats.scp ark:- | add-deltas  ark:- ark:- | transform-feats --utt2spk=ark:data/train/split30/18/utt2spk ark:exp/mono2/trans.18 ark:- ark:- |" "ark,s,cs:gunzip -c exp/mono2/ali.18.gz|" exp/mono2/27.18.acc 
# Started at Thu Feb 27 12:07:01 IST 2020
#
gmm-acc-stats-ali exp/mono2/27.mdl 'ark,s,cs:apply-cmvn  --utt2spk=ark:data/train/split30/18/utt2spk scp:data/train/split30/18/cmvn.scp scp:data/train/split30/18/feats.scp ark:- | add-deltas  ark:- ark:- | transform-feats --utt2spk=ark:data/train/split30/18/utt2spk ark:exp/mono2/trans.18 ark:- ark:- |' 'ark,s,cs:gunzip -c exp/mono2/ali.18.gz|' exp/mono2/27.18.acc 
apply-cmvn --utt2spk=ark:data/train/split30/18/utt2spk scp:data/train/split30/18/cmvn.scp scp:data/train/split30/18/feats.scp ark:- 
add-deltas ark:- ark:- 
transform-feats --utt2spk=ark:data/train/split30/18/utt2spk ark:exp/mono2/trans.18 ark:- ark:- 
LOG (gmm-acc-stats-ali:main():gmm-acc-stats-ali.cc:105) Processed 50 utterances; for utterance train_S20_3_2_12 avg. like is -86.5994 over 274 frames.
LOG (gmm-acc-stats-ali:main():gmm-acc-stats-ali.cc:105) Processed 100 utterances; for utterance train_S20_4_5_12 avg. like is -87.0723 over 237 frames.
LOG (gmm-acc-stats-ali:main():gmm-acc-stats-ali.cc:105) Processed 150 utterances; for utterance train_S20_6_1_12 avg. like is -87.253 over 252 frames.
LOG (gmm-acc-stats-ali:main():gmm-acc-stats-ali.cc:105) Processed 200 utterances; for utterance train_S20_7_4_12 avg. like is -85.1834 over 243 frames.
LOG (gmm-acc-stats-ali:main():gmm-acc-stats-ali.cc:105) Processed 250 utterances; for utterance train_S20_8_7_12 avg. like is -82.153 over 252 frames.
LOG (apply-cmvn:main():apply-cmvn.cc:146) Applied cepstral mean normalization to 275 utterances, errors on 0
LOG (transform-feats:main():transform-feats.cc:158) Overall average logdet is 0 over 63839 frames.
LOG (transform-feats:main():transform-feats.cc:161) Applied transform to 275 utterances; 0 had errors.
LOG (gmm-acc-stats-ali:main():gmm-acc-stats-ali.cc:112) Done 275 files, 0 with errors.
LOG (gmm-acc-stats-ali:main():gmm-acc-stats-ali.cc:115) Overall avg like per frame (Gaussian only) = -84.3877 over 63839 frames.
LOG (gmm-acc-stats-ali:main():gmm-acc-stats-ali.cc:123) Written accs.
# Accounting: time=0 threads=1
# Ended (code 0) at Thu Feb 27 12:07:01 IST 2020, elapsed time 0 seconds
