# ali-to-post "ark:gunzip -c exp/mono2/ali.14.gz|" ark:- | weight-silence-post 0.0 1 exp/mono2/12.mdl ark:- ark:- | gmm-est-fmllr --fmllr-update-type=full --spk2utt=ark:data/train/split30/14/spk2utt exp/mono2/12.mdl "ark,s,cs:apply-cmvn  --utt2spk=ark:data/train/split30/14/utt2spk scp:data/train/split30/14/cmvn.scp scp:data/train/split30/14/feats.scp ark:- | add-deltas  ark:- ark:- | transform-feats --utt2spk=ark:data/train/split30/14/utt2spk ark:exp/mono2/trans.14 ark:- ark:- |" ark:- ark:exp/mono2/tmp_trans.14 
# Started at Thu Feb 27 12:05:34 IST 2020
#
ali-to-post 'ark:gunzip -c exp/mono2/ali.14.gz|' ark:- 
gmm-est-fmllr --fmllr-update-type=full --spk2utt=ark:data/train/split30/14/spk2utt exp/mono2/12.mdl 'ark,s,cs:apply-cmvn  --utt2spk=ark:data/train/split30/14/utt2spk scp:data/train/split30/14/cmvn.scp scp:data/train/split30/14/feats.scp ark:- | add-deltas  ark:- ark:- | transform-feats --utt2spk=ark:data/train/split30/14/utt2spk ark:exp/mono2/trans.14 ark:- ark:- |' ark:- ark:exp/mono2/tmp_trans.14 
apply-cmvn --utt2spk=ark:data/train/split30/14/utt2spk scp:data/train/split30/14/cmvn.scp scp:data/train/split30/14/feats.scp ark:- 
weight-silence-post 0.0 1 exp/mono2/12.mdl ark:- ark:- 
add-deltas ark:- ark:- 
transform-feats --utt2spk=ark:data/train/split30/14/utt2spk ark:exp/mono2/trans.14 ark:- ark:- 
WARNING (gmm-est-fmllr:Update():fmllr-diag-gmm.cc:162) Not updating fMLLR since below min-count: count is 118
LOG (gmm-est-fmllr:main():gmm-est-fmllr.cc:143) For speaker train_S18_4_3_12, auxf-impr from fMLLR is 0, over 118 frames.
WARNING (gmm-est-fmllr:Update():fmllr-diag-gmm.cc:162) Not updating fMLLR since below min-count: count is 116
LOG (gmm-est-fmllr:main():gmm-est-fmllr.cc:143) For speaker train_S18_4_3_14, auxf-impr from fMLLR is 0, over 116 frames.
WARNING (gmm-est-fmllr:Update():fmllr-diag-gmm.cc:162) Not updating fMLLR since below min-count: count is 118
LOG (gmm-est-fmllr:main():gmm-est-fmllr.cc:143) For speaker train_S18_4_3_16, auxf-impr from fMLLR is 0, over 118 frames.
WARNING (gmm-est-fmllr:Update():fmllr-diag-gmm.cc:162) Not updating fMLLR since below min-count: count is 106
LOG (gmm-est-fmllr:main():gmm-est-fmllr.cc:143) For speaker train_S18_4_3_18, auxf-impr from fMLLR is 0, over 106 frames.
WARNING (gmm-est-fmllr:Update():fmllr-diag-gmm.cc:162) Not updating fMLLR since below min-count: count is 113
LOG (gmm-est-fmllr:main():gmm-est-fmllr.cc:143) For speaker train_S18_4_3_20, auxf-impr from fMLLR is 0, over 113 frames.
WARNING (gmm-est-fmllr:Update():fmllr-diag-gmm.cc:162) Not updating fMLLR since below min-count: count is 118
LOG (gmm-est-fmllr:main():gmm-est-fmllr.cc:143) For speaker train_S18_4_4_12, auxf-impr from fMLLR is 0, over 118 frames.
WARNING (gmm-est-fmllr:Update():fmllr-diag-gmm.cc:162) Not updating fMLLR since below min-count: count is 115
LOG (gmm-est-fmllr:main():gmm-est-fmllr.cc:143) For speaker train_S18_4_4_14, auxf-impr from fMLLR is 0, over 115 frames.
WARNING (gmm-est-fmllr:Update():fmllr-diag-gmm.cc:162) Not updating fMLLR since below min-count: count is 118
LOG (gmm-est-fmllr:main():gmm-est-fmllr.cc:143) For speaker train_S18_4_4_16, auxf-impr from fMLLR is 0, over 118 frames.
WARNING (gmm-est-fmllr:Update():fmllr-diag-gmm.cc:162) Not updating fMLLR since below min-count: count is 106
LOG (gmm-est-fmllr:main():gmm-est-fmllr.cc:143) For speaker train_S18_4_4_18, auxf-impr from fMLLR is 0, over 106 frames.
WARNING (gmm-est-fmllr:Update():fmllr-diag-gmm.cc:162) Not updating fMLLR since below min-count: count is 113
LOG (gmm-est-fmllr:main():gmm-est-fmllr.cc:143) For speaker train_S18_4_4_20, auxf-impr from fMLLR is 0, over 113 frames.
WARNING (gmm-est-fmllr:Update():fmllr-diag-gmm.cc:162) Not updating fMLLR since below min-count: count is 118
LOG (gmm-est-fmllr:main():gmm-est-fmllr.cc:143) For speaker train_S18_4_5_12, auxf-impr from fMLLR is 0, over 118 frames.
WARNING (gmm-est-fmllr:Update():fmllr-diag-gmm.cc:162) Not updating fMLLR since below min-count: count is 115
LOG (gmm-est-fmllr:main():gmm-est-fmllr.cc:143) For speaker train_S18_4_5_14, auxf-impr from fMLLR is 0, over 115 frames.
WARNING (gmm-est-fmllr:Update():fmllr-diag-gmm.cc:162) Not updating fMLLR since below min-count: count is 118
LOG (gmm-est-fmllr:main():gmm-est-fmllr.cc:143) For speaker train_S18_4_5_16, auxf-impr from fMLLR is 0, over 118 frames.
WARNING (gmm-est-fmllr:Update():fmllr-diag-gmm.cc:162) Not updating fMLLR since below min-count: count is 106
LOG (gmm-est-fmllr:main():gmm-est-fmllr.cc:143) For speaker train_S18_4_5_18, auxf-impr from fMLLR is 0, over 106 frames.
WARNING (gmm-est-fmllr:Update():fmllr-diag-gmm.cc:162) Not updating fMLLR since below min-count: count is 113
LOG (gmm-est-fmllr:main():gmm-est-fmllr.cc:143) For speaker train_S18_4_5_20, auxf-impr from fMLLR is 0, over 113 frames.
WARNING (gmm-est-fmllr:Update():fmllr-diag-gmm.cc:162) Not updating fMLLR since below min-count: count is 118
LOG (gmm-est-fmllr:main():gmm-est-fmllr.cc:143) For speaker train_S18_4_6_12, auxf-impr from fMLLR is 0, over 118 frames.
WARNING (gmm-est-fmllr:Update():fmllr-diag-gmm.cc:162) Not updating fMLLR since below min-count: count is 115
LOG (gmm-est-fmllr:main():gmm-est-fmllr.cc:143) For speaker train_S18_4_6_14, auxf-impr from fMLLR is 0, over 115 frames.
WARNING (gmm-est-fmllr:Update():fmllr-diag-gmm.cc:162) Not updating fMLLR since below min-count: count is 118
LOG (gmm-est-fmllr:main():gmm-est-fmllr.cc:143) For speaker train_S18_4_6_16, auxf-impr from fMLLR is 0, over 118 frames.
WARNING (gmm-est-fmllr:Update():fmllr-diag-gmm.cc:162) Not updating fMLLR since below min-count: count is 106
LOG (gmm-est-fmllr:main():gmm-est-fmllr.cc:143) For speaker train_S18_4_6_18, auxf-impr from fMLLR is 0, over 106 frames.
WARNING (gmm-est-fmllr:Update():fmllr-diag-gmm.cc:162) Not updating fMLLR since below min-count: count is 113
LOG (gmm-est-fmllr:main():gmm-est-fmllr.cc:143) For speaker train_S18_4_6_20, auxf-impr from fMLLR is 0, over 113 frames.
WARNING (gmm-est-fmllr:Update():fmllr-diag-gmm.cc:162) Not updating fMLLR since below min-count: count is 118
LOG (gmm-est-fmllr:main():gmm-est-fmllr.cc:143) For speaker train_S18_4_7_12, auxf-impr from fMLLR is 0, over 118 frames.
WARNING (gmm-est-fmllr:Update():fmllr-diag-gmm.cc:162) Not updating fMLLR since below min-count: count is 115
LOG (gmm-est-fmllr:main():gmm-est-fmllr.cc:143) For speaker train_S18_4_7_14, auxf-impr from fMLLR is 0, over 115 frames.
WARNING (gmm-est-fmllr:Update():fmllr-diag-gmm.cc:162) Not updating fMLLR since below min-count: count is 118
LOG (gmm-est-fmllr:main():gmm-est-fmllr.cc:143) For speaker train_S18_4_7_16, auxf-impr from fMLLR is 0, over 118 frames.
WARNING (gmm-est-fmllr:Update():fmllr-diag-gmm.cc:162) Not updating fMLLR since below min-count: count is 106
LOG (gmm-est-fmllr:main():gmm-est-fmllr.cc:143) For speaker train_S18_4_7_18, auxf-impr from fMLLR is 0, over 106 frames.
WARNING (gmm-est-fmllr:Update():fmllr-diag-gmm.cc:162) Not updating fMLLR since below min-count: count is 113
LOG (gmm-est-fmllr:main():gmm-est-fmllr.cc:143) For speaker train_S18_4_7_20, auxf-impr from fMLLR is 0, over 113 frames.
WARNING (gmm-est-fmllr:Update():fmllr-diag-gmm.cc:162) Not updating fMLLR since below min-count: count is 111
LOG (gmm-est-fmllr:main():gmm-est-fmllr.cc:143) For speaker train_S18_5_1_12, auxf-impr from fMLLR is 0, over 111 frames.
WARNING (gmm-est-fmllr:Update():fmllr-diag-gmm.cc:162) Not updating fMLLR since below min-count: count is 110
LOG (gmm-est-fmllr:main():gmm-est-fmllr.cc:143) For speaker train_S18_5_1_14, auxf-impr from fMLLR is 0, over 110 frames.
WARNING (gmm-est-fmllr:Update():fmllr-diag-gmm.cc:162) Not updating fMLLR since below min-count: count is 110
LOG (gmm-est-fmllr:main():gmm-est-fmllr.cc:143) For speaker train_S18_5_1_16, auxf-impr from fMLLR is 0, over 110 frames.
WARNING (gmm-est-fmllr:Update():fmllr-diag-gmm.cc:162) Not updating fMLLR since below min-count: count is 99
LOG (gmm-est-fmllr:main():gmm-est-fmllr.cc:143) For speaker train_S18_5_1_18, auxf-impr from fMLLR is 0, over 99 frames.
WARNING (gmm-est-fmllr:Update():fmllr-diag-gmm.cc:162) Not updating fMLLR since below min-count: count is 107
LOG (gmm-est-fmllr:main():gmm-est-fmllr.cc:143) For speaker train_S18_5_1_20, auxf-impr from fMLLR is 0, over 107 frames.
WARNING (gmm-est-fmllr:Update():fmllr-diag-gmm.cc:162) Not updating fMLLR since below min-count: count is 112
LOG (gmm-est-fmllr:main():gmm-est-fmllr.cc:143) For speaker train_S18_5_2_12, auxf-impr from fMLLR is 0, over 112 frames.
WARNING (gmm-est-fmllr:Update():fmllr-diag-gmm.cc:162) Not updating fMLLR since below min-count: count is 110
LOG (gmm-est-fmllr:main():gmm-est-fmllr.cc:143) For speaker train_S18_5_2_14, auxf-impr from fMLLR is 0, over 110 frames.
WARNING (gmm-est-fmllr:Update():fmllr-diag-gmm.cc:162) Not updating fMLLR since below min-count: count is 110
LOG (gmm-est-fmllr:main():gmm-est-fmllr.cc:143) For speaker train_S18_5_2_16, auxf-impr from fMLLR is 0, over 110 frames.
WARNING (gmm-est-fmllr:Update():fmllr-diag-gmm.cc:162) Not updating fMLLR since below min-count: count is 99
LOG (gmm-est-fmllr:main():gmm-est-fmllr.cc:143) For speaker train_S18_5_2_18, auxf-impr from fMLLR is 0, over 99 frames.
WARNING (gmm-est-fmllr:Update():fmllr-diag-gmm.cc:162) Not updating fMLLR since below min-count: count is 107
LOG (gmm-est-fmllr:main():gmm-est-fmllr.cc:143) For speaker train_S18_5_2_20, auxf-impr from fMLLR is 0, over 107 frames.
WARNING (gmm-est-fmllr:Update():fmllr-diag-gmm.cc:162) Not updating fMLLR since below min-count: count is 112
LOG (gmm-est-fmllr:main():gmm-est-fmllr.cc:143) For speaker train_S18_5_3_12, auxf-impr from fMLLR is 0, over 112 frames.
WARNING (gmm-est-fmllr:Update():fmllr-diag-gmm.cc:162) Not updating fMLLR since below min-count: count is 110
LOG (gmm-est-fmllr:main():gmm-est-fmllr.cc:143) For speaker train_S18_5_3_14, auxf-impr from fMLLR is 0, over 110 frames.
WARNING (gmm-est-fmllr:Update():fmllr-diag-gmm.cc:162) Not updating fMLLR since below min-count: count is 110
LOG (gmm-est-fmllr:main():gmm-est-fmllr.cc:143) For speaker train_S18_5_3_16, auxf-impr from fMLLR is 0, over 110 frames.
WARNING (gmm-est-fmllr:Update():fmllr-diag-gmm.cc:162) Not updating fMLLR since below min-count: count is 99
LOG (gmm-est-fmllr:main():gmm-est-fmllr.cc:143) For speaker train_S18_5_3_18, auxf-impr from fMLLR is 0, over 99 frames.
WARNING (gmm-est-fmllr:Update():fmllr-diag-gmm.cc:162) Not updating fMLLR since below min-count: count is 107
LOG (gmm-est-fmllr:main():gmm-est-fmllr.cc:143) For speaker train_S18_5_3_20, auxf-impr from fMLLR is 0, over 107 frames.
WARNING (gmm-est-fmllr:Update():fmllr-diag-gmm.cc:162) Not updating fMLLR since below min-count: count is 112
LOG (gmm-est-fmllr:main():gmm-est-fmllr.cc:143) For speaker train_S18_5_4_12, auxf-impr from fMLLR is 0, over 112 frames.
WARNING (gmm-est-fmllr:Update():fmllr-diag-gmm.cc:162) Not updating fMLLR since below min-count: count is 110
LOG (gmm-est-fmllr:main():gmm-est-fmllr.cc:143) For speaker train_S18_5_4_14, auxf-impr from fMLLR is 0, over 110 frames.
WARNING (gmm-est-fmllr:Update():fmllr-diag-gmm.cc:162) Not updating fMLLR since below min-count: count is 110
LOG (gmm-est-fmllr:main():gmm-est-fmllr.cc:143) For speaker train_S18_5_4_16, auxf-impr from fMLLR is 0, over 110 frames.
WARNING (gmm-est-fmllr:Update():fmllr-diag-gmm.cc:162) Not updating fMLLR since below min-count: count is 99
LOG (gmm-est-fmllr:main():gmm-est-fmllr.cc:143) For speaker train_S18_5_4_18, auxf-impr from fMLLR is 0, over 99 frames.
WARNING (gmm-est-fmllr:Update():fmllr-diag-gmm.cc:162) Not updating fMLLR since below min-count: count is 107
LOG (gmm-est-fmllr:main():gmm-est-fmllr.cc:143) For speaker train_S18_5_4_20, auxf-impr from fMLLR is 0, over 107 frames.
WARNING (gmm-est-fmllr:Update():fmllr-diag-gmm.cc:162) Not updating fMLLR since below min-count: count is 112
LOG (gmm-est-fmllr:main():gmm-est-fmllr.cc:143) For speaker train_S18_5_5_12, auxf-impr from fMLLR is 0, over 112 frames.
WARNING (gmm-est-fmllr:Update():fmllr-diag-gmm.cc:162) Not updating fMLLR since below min-count: count is 110
LOG (gmm-est-fmllr:main():gmm-est-fmllr.cc:143) For speaker train_S18_5_5_14, auxf-impr from fMLLR is 0, over 110 frames.
WARNING (gmm-est-fmllr:Update():fmllr-diag-gmm.cc:162) Not updating fMLLR since below min-count: count is 110
LOG (gmm-est-fmllr:main():gmm-est-fmllr.cc:143) For speaker train_S18_5_5_16, auxf-impr from fMLLR is 0, over 110 frames.
WARNING (gmm-est-fmllr:Update():fmllr-diag-gmm.cc:162) Not updating fMLLR since below min-count: count is 99
LOG (gmm-est-fmllr:main():gmm-est-fmllr.cc:143) For speaker train_S18_5_5_18, auxf-impr from fMLLR is 0, over 99 frames.
WARNING (gmm-est-fmllr:Update():fmllr-diag-gmm.cc:162) Not updating fMLLR since below min-count: count is 107
LOG (gmm-est-fmllr:main():gmm-est-fmllr.cc:143) For speaker train_S18_5_5_20, auxf-impr from fMLLR is 0, over 107 frames.
WARNING (gmm-est-fmllr:Update():fmllr-diag-gmm.cc:162) Not updating fMLLR since below min-count: count is 112
LOG (gmm-est-fmllr:main():gmm-est-fmllr.cc:143) For speaker train_S18_5_6_12, auxf-impr from fMLLR is 0, over 112 frames.
WARNING (gmm-est-fmllr:Update():fmllr-diag-gmm.cc:162) Not updating fMLLR since below min-count: count is 110
LOG (gmm-est-fmllr:main():gmm-est-fmllr.cc:143) For speaker train_S18_5_6_14, auxf-impr from fMLLR is 0, over 110 frames.
WARNING (gmm-est-fmllr:Update():fmllr-diag-gmm.cc:162) Not updating fMLLR since below min-count: count is 110
LOG (gmm-est-fmllr:main():gmm-est-fmllr.cc:143) For speaker train_S18_5_6_16, auxf-impr from fMLLR is 0, over 110 frames.
WARNING (gmm-est-fmllr:Update():fmllr-diag-gmm.cc:162) Not updating fMLLR since below min-count: count is 99
LOG (gmm-est-fmllr:main():gmm-est-fmllr.cc:143) For speaker train_S18_5_6_18, auxf-impr from fMLLR is 0, over 99 frames.
WARNING (gmm-est-fmllr:Update():fmllr-diag-gmm.cc:162) Not updating fMLLR since below min-count: count is 107
LOG (gmm-est-fmllr:main():gmm-est-fmllr.cc:143) For speaker train_S18_5_6_20, auxf-impr from fMLLR is 0, over 107 frames.
WARNING (gmm-est-fmllr:Update():fmllr-diag-gmm.cc:162) Not updating fMLLR since below min-count: count is 112
LOG (gmm-est-fmllr:main():gmm-est-fmllr.cc:143) For speaker train_S18_5_7_12, auxf-impr from fMLLR is 0, over 112 frames.
WARNING (gmm-est-fmllr:Update():fmllr-diag-gmm.cc:162) Not updating fMLLR since below min-count: count is 110
LOG (gmm-est-fmllr:main():gmm-est-fmllr.cc:143) For speaker train_S18_5_7_14, auxf-impr from fMLLR is 0, over 110 frames.
WARNING (gmm-est-fmllr:Update():fmllr-diag-gmm.cc:162) Not updating fMLLR since below min-count: count is 110
LOG (gmm-est-fmllr:main():gmm-est-fmllr.cc:143) For speaker train_S18_5_7_16, auxf-impr from fMLLR is 0, over 110 frames.
WARNING (gmm-est-fmllr:Update():fmllr-diag-gmm.cc:162) Not updating fMLLR since below min-count: count is 99
LOG (gmm-est-fmllr:main():gmm-est-fmllr.cc:143) For speaker train_S18_5_7_18, auxf-impr from fMLLR is 0, over 99 frames.
WARNING (gmm-est-fmllr:Update():fmllr-diag-gmm.cc:162) Not updating fMLLR since below min-count: count is 107
LOG (gmm-est-fmllr:main():gmm-est-fmllr.cc:143) For speaker train_S18_5_7_20, auxf-impr from fMLLR is 0, over 107 frames.
WARNING (gmm-est-fmllr:Update():fmllr-diag-gmm.cc:162) Not updating fMLLR since below min-count: count is 159
LOG (gmm-est-fmllr:main():gmm-est-fmllr.cc:143) For speaker train_S18_6_1_12, auxf-impr from fMLLR is 0, over 159 frames.
WARNING (gmm-est-fmllr:Update():fmllr-diag-gmm.cc:162) Not updating fMLLR since below min-count: count is 156
LOG (gmm-est-fmllr:main():gmm-est-fmllr.cc:143) For speaker train_S18_6_1_14, auxf-impr from fMLLR is 0, over 156 frames.
WARNING (gmm-est-fmllr:Update():fmllr-diag-gmm.cc:162) Not updating fMLLR since below min-count: count is 159
LOG (gmm-est-fmllr:main():gmm-est-fmllr.cc:143) For speaker train_S18_6_1_16, auxf-impr from fMLLR is 0, over 159 frames.
WARNING (gmm-est-fmllr:Update():fmllr-diag-gmm.cc:162) Not updating fMLLR since below min-count: count is 142
LOG (gmm-est-fmllr:main():gmm-est-fmllr.cc:143) For speaker train_S18_6_1_18, auxf-impr from fMLLR is 0, over 142 frames.
WARNING (gmm-est-fmllr:Update():fmllr-diag-gmm.cc:162) Not updating fMLLR since below min-count: count is 152
LOG (gmm-est-fmllr:main():gmm-est-fmllr.cc:143) For speaker train_S18_6_1_20, auxf-impr from fMLLR is 0, over 152 frames.
WARNING (gmm-est-fmllr:Update():fmllr-diag-gmm.cc:162) Not updating fMLLR since below min-count: count is 159
LOG (gmm-est-fmllr:main():gmm-est-fmllr.cc:143) For speaker train_S18_6_2_12, auxf-impr from fMLLR is 0, over 159 frames.
WARNING (gmm-est-fmllr:Update():fmllr-diag-gmm.cc:162) Not updating fMLLR since below min-count: count is 156
LOG (gmm-est-fmllr:main():gmm-est-fmllr.cc:143) For speaker train_S18_6_2_14, auxf-impr from fMLLR is 0, over 156 frames.
WARNING (gmm-est-fmllr:Update():fmllr-diag-gmm.cc:162) Not updating fMLLR since below min-count: count is 159
LOG (gmm-est-fmllr:main():gmm-est-fmllr.cc:143) For speaker train_S18_6_2_16, auxf-impr from fMLLR is 0, over 159 frames.
WARNING (gmm-est-fmllr:Update():fmllr-diag-gmm.cc:162) Not updating fMLLR since below min-count: count is 142
LOG (gmm-est-fmllr:main():gmm-est-fmllr.cc:143) For speaker train_S18_6_2_18, auxf-impr from fMLLR is 0, over 142 frames.
WARNING (gmm-est-fmllr:Update():fmllr-diag-gmm.cc:162) Not updating fMLLR since below min-count: count is 152
LOG (gmm-est-fmllr:main():gmm-est-fmllr.cc:143) For speaker train_S18_6_2_20, auxf-impr from fMLLR is 0, over 152 frames.
WARNING (gmm-est-fmllr:Update():fmllr-diag-gmm.cc:162) Not updating fMLLR since below min-count: count is 159
LOG (gmm-est-fmllr:main():gmm-est-fmllr.cc:143) For speaker train_S18_6_3_12, auxf-impr from fMLLR is 0, over 159 frames.
WARNING (gmm-est-fmllr:Update():fmllr-diag-gmm.cc:162) Not updating fMLLR since below min-count: count is 156
LOG (gmm-est-fmllr:main():gmm-est-fmllr.cc:143) For speaker train_S18_6_3_14, auxf-impr from fMLLR is 0, over 156 frames.
WARNING (gmm-est-fmllr:Update():fmllr-diag-gmm.cc:162) Not updating fMLLR since below min-count: count is 159
LOG (gmm-est-fmllr:main():gmm-est-fmllr.cc:143) For speaker train_S18_6_3_16, auxf-impr from fMLLR is 0, over 159 frames.
WARNING (gmm-est-fmllr:Update():fmllr-diag-gmm.cc:162) Not updating fMLLR since below min-count: count is 142
LOG (gmm-est-fmllr:main():gmm-est-fmllr.cc:143) For speaker train_S18_6_3_18, auxf-impr from fMLLR is 0, over 142 frames.
WARNING (gmm-est-fmllr:Update():fmllr-diag-gmm.cc:162) Not updating fMLLR since below min-count: count is 152
LOG (gmm-est-fmllr:main():gmm-est-fmllr.cc:143) For speaker train_S18_6_3_20, auxf-impr from fMLLR is 0, over 152 frames.
WARNING (gmm-est-fmllr:Update():fmllr-diag-gmm.cc:162) Not updating fMLLR since below min-count: count is 159
LOG (gmm-est-fmllr:main():gmm-est-fmllr.cc:143) For speaker train_S18_6_4_12, auxf-impr from fMLLR is 0, over 159 frames.
WARNING (gmm-est-fmllr:Update():fmllr-diag-gmm.cc:162) Not updating fMLLR since below min-count: count is 156
LOG (gmm-est-fmllr:main():gmm-est-fmllr.cc:143) For speaker train_S18_6_4_14, auxf-impr from fMLLR is 0, over 156 frames.
WARNING (gmm-est-fmllr:Update():fmllr-diag-gmm.cc:162) Not updating fMLLR since below min-count: count is 159
LOG (gmm-est-fmllr:main():gmm-est-fmllr.cc:143) For speaker train_S18_6_4_16, auxf-impr from fMLLR is 0, over 159 frames.
WARNING (gmm-est-fmllr:Update():fmllr-diag-gmm.cc:162) Not updating fMLLR since below min-count: count is 142
LOG (gmm-est-fmllr:main():gmm-est-fmllr.cc:143) For speaker train_S18_6_4_18, auxf-impr from fMLLR is 0, over 142 frames.
WARNING (gmm-est-fmllr:Update():fmllr-diag-gmm.cc:162) Not updating fMLLR since below min-count: count is 152
LOG (gmm-est-fmllr:main():gmm-est-fmllr.cc:143) For speaker train_S18_6_4_20, auxf-impr from fMLLR is 0, over 152 frames.
WARNING (gmm-est-fmllr:Update():fmllr-diag-gmm.cc:162) Not updating fMLLR since below min-count: count is 159
LOG (gmm-est-fmllr:main():gmm-est-fmllr.cc:143) For speaker train_S18_6_5_12, auxf-impr from fMLLR is 0, over 159 frames.
WARNING (gmm-est-fmllr:Update():fmllr-diag-gmm.cc:162) Not updating fMLLR since below min-count: count is 156
LOG (gmm-est-fmllr:main():gmm-est-fmllr.cc:143) For speaker train_S18_6_5_14, auxf-impr from fMLLR is 0, over 156 frames.
WARNING (gmm-est-fmllr:Update():fmllr-diag-gmm.cc:162) Not updating fMLLR since below min-count: count is 159
LOG (gmm-est-fmllr:main():gmm-est-fmllr.cc:143) For speaker train_S18_6_5_16, auxf-impr from fMLLR is 0, over 159 frames.
WARNING (gmm-est-fmllr:Update():fmllr-diag-gmm.cc:162) Not updating fMLLR since below min-count: count is 142
LOG (gmm-est-fmllr:main():gmm-est-fmllr.cc:143) For speaker train_S18_6_5_18, auxf-impr from fMLLR is 0, over 142 frames.
WARNING (gmm-est-fmllr:Update():fmllr-diag-gmm.cc:162) Not updating fMLLR since below min-count: count is 152
LOG (gmm-est-fmllr:main():gmm-est-fmllr.cc:143) For speaker train_S18_6_5_20, auxf-impr from fMLLR is 0, over 152 frames.
WARNING (gmm-est-fmllr:Update():fmllr-diag-gmm.cc:162) Not updating fMLLR since below min-count: count is 159
LOG (gmm-est-fmllr:main():gmm-est-fmllr.cc:143) For speaker train_S18_6_6_12, auxf-impr from fMLLR is 0, over 159 frames.
WARNING (gmm-est-fmllr:Update():fmllr-diag-gmm.cc:162) Not updating fMLLR since below min-count: count is 156
LOG (gmm-est-fmllr:main():gmm-est-fmllr.cc:143) For speaker train_S18_6_6_14, auxf-impr from fMLLR is 0, over 156 frames.
WARNING (gmm-est-fmllr:Update():fmllr-diag-gmm.cc:162) Not updating fMLLR since below min-count: count is 159
LOG (gmm-est-fmllr:main():gmm-est-fmllr.cc:143) For speaker train_S18_6_6_16, auxf-impr from fMLLR is 0, over 159 frames.
WARNING (gmm-est-fmllr:Update():fmllr-diag-gmm.cc:162) Not updating fMLLR since below min-count: count is 142
LOG (gmm-est-fmllr:main():gmm-est-fmllr.cc:143) For speaker train_S18_6_6_18, auxf-impr from fMLLR is 0, over 142 frames.
WARNING (gmm-est-fmllr:Update():fmllr-diag-gmm.cc:162) Not updating fMLLR since below min-count: count is 152
LOG (gmm-est-fmllr:main():gmm-est-fmllr.cc:143) For speaker train_S18_6_6_20, auxf-impr from fMLLR is 0, over 152 frames.
WARNING (gmm-est-fmllr:Update():fmllr-diag-gmm.cc:162) Not updating fMLLR since below min-count: count is 159
LOG (gmm-est-fmllr:main():gmm-est-fmllr.cc:143) For speaker train_S18_6_7_12, auxf-impr from fMLLR is 0, over 159 frames.
WARNING (gmm-est-fmllr:Update():fmllr-diag-gmm.cc:162) Not updating fMLLR since below min-count: count is 156
LOG (gmm-est-fmllr:main():gmm-est-fmllr.cc:143) For speaker train_S18_6_7_14, auxf-impr from fMLLR is 0, over 156 frames.
WARNING (gmm-est-fmllr:Update():fmllr-diag-gmm.cc:162) Not updating fMLLR since below min-count: count is 159
LOG (gmm-est-fmllr:main():gmm-est-fmllr.cc:143) For speaker train_S18_6_7_16, auxf-impr from fMLLR is 0, over 159 frames.
WARNING (gmm-est-fmllr:Update():fmllr-diag-gmm.cc:162) Not updating fMLLR since below min-count: count is 142
LOG (gmm-est-fmllr:main():gmm-est-fmllr.cc:143) For speaker train_S18_6_7_18, auxf-impr from fMLLR is 0, over 142 frames.
WARNING (gmm-est-fmllr:Update():fmllr-diag-gmm.cc:162) Not updating fMLLR since below min-count: count is 152
LOG (gmm-est-fmllr:main():gmm-est-fmllr.cc:143) For speaker train_S18_6_7_20, auxf-impr from fMLLR is 0, over 152 frames.
WARNING (gmm-est-fmllr:Update():fmllr-diag-gmm.cc:162) Not updating fMLLR since below min-count: count is 166
LOG (gmm-est-fmllr:main():gmm-est-fmllr.cc:143) For speaker train_S18_7_1_12, auxf-impr from fMLLR is 0, over 166 frames.
WARNING (gmm-est-fmllr:Update():fmllr-diag-gmm.cc:162) Not updating fMLLR since below min-count: count is 163
LOG (gmm-est-fmllr:main():gmm-est-fmllr.cc:143) For speaker train_S18_7_1_14, auxf-impr from fMLLR is 0, over 163 frames.
WARNING (gmm-est-fmllr:Update():fmllr-diag-gmm.cc:162) Not updating fMLLR since below min-count: count is 165
LOG (gmm-est-fmllr:main():gmm-est-fmllr.cc:143) For speaker train_S18_7_1_16, auxf-impr from fMLLR is 0, over 165 frames.
WARNING (gmm-est-fmllr:Update():fmllr-diag-gmm.cc:162) Not updating fMLLR since below min-count: count is 149
LOG (gmm-est-fmllr:main():gmm-est-fmllr.cc:143) For speaker train_S18_7_1_18, auxf-impr from fMLLR is 0, over 149 frames.
WARNING (gmm-est-fmllr:Update():fmllr-diag-gmm.cc:162) Not updating fMLLR since below min-count: count is 159
LOG (gmm-est-fmllr:main():gmm-est-fmllr.cc:143) For speaker train_S18_7_1_20, auxf-impr from fMLLR is 0, over 159 frames.
WARNING (gmm-est-fmllr:Update():fmllr-diag-gmm.cc:162) Not updating fMLLR since below min-count: count is 166
LOG (gmm-est-fmllr:main():gmm-est-fmllr.cc:143) For speaker train_S18_7_2_12, auxf-impr from fMLLR is 0, over 166 frames.
WARNING (gmm-est-fmllr:Update():fmllr-diag-gmm.cc:162) Not updating fMLLR since below min-count: count is 163
LOG (gmm-est-fmllr:main():gmm-est-fmllr.cc:143) For speaker train_S18_7_2_14, auxf-impr from fMLLR is 0, over 163 frames.
WARNING (gmm-est-fmllr:Update():fmllr-diag-gmm.cc:162) Not updating fMLLR since below min-count: count is 165
LOG (gmm-est-fmllr:main():gmm-est-fmllr.cc:143) For speaker train_S18_7_2_16, auxf-impr from fMLLR is 0, over 165 frames.
WARNING (gmm-est-fmllr:Update():fmllr-diag-gmm.cc:162) Not updating fMLLR since below min-count: count is 149
LOG (gmm-est-fmllr:main():gmm-est-fmllr.cc:143) For speaker train_S18_7_2_18, auxf-impr from fMLLR is 0, over 149 frames.
WARNING (gmm-est-fmllr:Update():fmllr-diag-gmm.cc:162) Not updating fMLLR since below min-count: count is 159
LOG (gmm-est-fmllr:main():gmm-est-fmllr.cc:143) For speaker train_S18_7_2_20, auxf-impr from fMLLR is 0, over 159 frames.
WARNING (gmm-est-fmllr:Update():fmllr-diag-gmm.cc:162) Not updating fMLLR since below min-count: count is 166
LOG (gmm-est-fmllr:main():gmm-est-fmllr.cc:143) For speaker train_S18_7_3_12, auxf-impr from fMLLR is 0, over 166 frames.
WARNING (gmm-est-fmllr:Update():fmllr-diag-gmm.cc:162) Not updating fMLLR since below min-count: count is 163
LOG (gmm-est-fmllr:main():gmm-est-fmllr.cc:143) For speaker train_S18_7_3_14, auxf-impr from fMLLR is 0, over 163 frames.
WARNING (gmm-est-fmllr:Update():fmllr-diag-gmm.cc:162) Not updating fMLLR since below min-count: count is 166
LOG (gmm-est-fmllr:main():gmm-est-fmllr.cc:143) For speaker train_S18_7_3_16, auxf-impr from fMLLR is 0, over 166 frames.
WARNING (gmm-est-fmllr:Update():fmllr-diag-gmm.cc:162) Not updating fMLLR since below min-count: count is 149
LOG (gmm-est-fmllr:main():gmm-est-fmllr.cc:143) For speaker train_S18_7_3_18, auxf-impr from fMLLR is 0, over 149 frames.
WARNING (gmm-est-fmllr:Update():fmllr-diag-gmm.cc:162) Not updating fMLLR since below min-count: count is 159
LOG (gmm-est-fmllr:main():gmm-est-fmllr.cc:143) For speaker train_S18_7_3_20, auxf-impr from fMLLR is 0, over 159 frames.
WARNING (gmm-est-fmllr:Update():fmllr-diag-gmm.cc:162) Not updating fMLLR since below min-count: count is 166
LOG (gmm-est-fmllr:main():gmm-est-fmllr.cc:143) For speaker train_S18_7_4_12, auxf-impr from fMLLR is 0, over 166 frames.
WARNING (gmm-est-fmllr:Update():fmllr-diag-gmm.cc:162) Not updating fMLLR since below min-count: count is 163
LOG (gmm-est-fmllr:main():gmm-est-fmllr.cc:143) For speaker train_S18_7_4_14, auxf-impr from fMLLR is 0, over 163 frames.
WARNING (gmm-est-fmllr:Update():fmllr-diag-gmm.cc:162) Not updating fMLLR since below min-count: count is 166
LOG (gmm-est-fmllr:main():gmm-est-fmllr.cc:143) For speaker train_S18_7_4_16, auxf-impr from fMLLR is 0, over 166 frames.
WARNING (gmm-est-fmllr:Update():fmllr-diag-gmm.cc:162) Not updating fMLLR since below min-count: count is 149
LOG (gmm-est-fmllr:main():gmm-est-fmllr.cc:143) For speaker train_S18_7_4_18, auxf-impr from fMLLR is 0, over 149 frames.
WARNING (gmm-est-fmllr:Update():fmllr-diag-gmm.cc:162) Not updating fMLLR since below min-count: count is 159
LOG (gmm-est-fmllr:main():gmm-est-fmllr.cc:143) For speaker train_S18_7_4_20, auxf-impr from fMLLR is 0, over 159 frames.
WARNING (gmm-est-fmllr:Update():fmllr-diag-gmm.cc:162) Not updating fMLLR since below min-count: count is 166
LOG (gmm-est-fmllr:main():gmm-est-fmllr.cc:143) For speaker train_S18_7_5_12, auxf-impr from fMLLR is 0, over 166 frames.
WARNING (gmm-est-fmllr:Update():fmllr-diag-gmm.cc:162) Not updating fMLLR since below min-count: count is 163
LOG (gmm-est-fmllr:main():gmm-est-fmllr.cc:143) For speaker train_S18_7_5_14, auxf-impr from fMLLR is 0, over 163 frames.
WARNING (gmm-est-fmllr:Update():fmllr-diag-gmm.cc:162) Not updating fMLLR since below min-count: count is 165
LOG (gmm-est-fmllr:main():gmm-est-fmllr.cc:143) For speaker train_S18_7_5_16, auxf-impr from fMLLR is 0, over 165 frames.
WARNING (gmm-est-fmllr:Update():fmllr-diag-gmm.cc:162) Not updating fMLLR since below min-count: count is 149
LOG (gmm-est-fmllr:main():gmm-est-fmllr.cc:143) For speaker train_S18_7_5_18, auxf-impr from fMLLR is 0, over 149 frames.
WARNING (gmm-est-fmllr:Update():fmllr-diag-gmm.cc:162) Not updating fMLLR since below min-count: count is 159
LOG (gmm-est-fmllr:main():gmm-est-fmllr.cc:143) For speaker train_S18_7_5_20, auxf-impr from fMLLR is 0, over 159 frames.
WARNING (gmm-est-fmllr:Update():fmllr-diag-gmm.cc:162) Not updating fMLLR since below min-count: count is 166
LOG (gmm-est-fmllr:main():gmm-est-fmllr.cc:143) For speaker train_S18_7_6_12, auxf-impr from fMLLR is 0, over 166 frames.
WARNING (gmm-est-fmllr:Update():fmllr-diag-gmm.cc:162) Not updating fMLLR since below min-count: count is 163
LOG (gmm-est-fmllr:main():gmm-est-fmllr.cc:143) For speaker train_S18_7_6_14, auxf-impr from fMLLR is 0, over 163 frames.
WARNING (gmm-est-fmllr:Update():fmllr-diag-gmm.cc:162) Not updating fMLLR since below min-count: count is 166
LOG (gmm-est-fmllr:main():gmm-est-fmllr.cc:143) For speaker train_S18_7_6_16, auxf-impr from fMLLR is 0, over 166 frames.
WARNING (gmm-est-fmllr:Update():fmllr-diag-gmm.cc:162) Not updating fMLLR since below min-count: count is 149
LOG (gmm-est-fmllr:main():gmm-est-fmllr.cc:143) For speaker train_S18_7_6_18, auxf-impr from fMLLR is 0, over 149 frames.
WARNING (gmm-est-fmllr:Update():fmllr-diag-gmm.cc:162) Not updating fMLLR since below min-count: count is 159
LOG (gmm-est-fmllr:main():gmm-est-fmllr.cc:143) For speaker train_S18_7_6_20, auxf-impr from fMLLR is 0, over 159 frames.
WARNING (gmm-est-fmllr:Update():fmllr-diag-gmm.cc:162) Not updating fMLLR since below min-count: count is 166
LOG (gmm-est-fmllr:main():gmm-est-fmllr.cc:143) For speaker train_S18_7_7_12, auxf-impr from fMLLR is 0, over 166 frames.
WARNING (gmm-est-fmllr:Update():fmllr-diag-gmm.cc:162) Not updating fMLLR since below min-count: count is 163
LOG (gmm-est-fmllr:main():gmm-est-fmllr.cc:143) For speaker train_S18_7_7_14, auxf-impr from fMLLR is 0, over 163 frames.
WARNING (gmm-est-fmllr:Update():fmllr-diag-gmm.cc:162) Not updating fMLLR since below min-count: count is 165
LOG (gmm-est-fmllr:main():gmm-est-fmllr.cc:143) For speaker train_S18_7_7_16, auxf-impr from fMLLR is 0, over 165 frames.
WARNING (gmm-est-fmllr:Update():fmllr-diag-gmm.cc:162) Not updating fMLLR since below min-count: count is 149
LOG (gmm-est-fmllr:main():gmm-est-fmllr.cc:143) For speaker train_S18_7_7_18, auxf-impr from fMLLR is 0, over 149 frames.
WARNING (gmm-est-fmllr:Update():fmllr-diag-gmm.cc:162) Not updating fMLLR since below min-count: count is 159
LOG (gmm-est-fmllr:main():gmm-est-fmllr.cc:143) For speaker train_S18_7_7_20, auxf-impr from fMLLR is 0, over 159 frames.
WARNING (gmm-est-fmllr:Update():fmllr-diag-gmm.cc:162) Not updating fMLLR since below min-count: count is 166
LOG (gmm-est-fmllr:main():gmm-est-fmllr.cc:143) For speaker train_S18_8_1_12, auxf-impr from fMLLR is 0, over 166 frames.
WARNING (gmm-est-fmllr:Update():fmllr-diag-gmm.cc:162) Not updating fMLLR since below min-count: count is 163
LOG (gmm-est-fmllr:main():gmm-est-fmllr.cc:143) For speaker train_S18_8_1_14, auxf-impr from fMLLR is 0, over 163 frames.
WARNING (gmm-est-fmllr:Update():fmllr-diag-gmm.cc:162) Not updating fMLLR since below min-count: count is 166
LOG (gmm-est-fmllr:main():gmm-est-fmllr.cc:143) For speaker train_S18_8_1_16, auxf-impr from fMLLR is 0, over 166 frames.
WARNING (gmm-est-fmllr:Update():fmllr-diag-gmm.cc:162) Not updating fMLLR since below min-count: count is 148
LOG (gmm-est-fmllr:main():gmm-est-fmllr.cc:143) For speaker train_S18_8_1_18, auxf-impr from fMLLR is 0, over 148 frames.
WARNING (gmm-est-fmllr:Update():fmllr-diag-gmm.cc:162) Not updating fMLLR since below min-count: count is 159
LOG (gmm-est-fmllr:main():gmm-est-fmllr.cc:143) For speaker train_S18_8_1_20, auxf-impr from fMLLR is 0, over 159 frames.
WARNING (gmm-est-fmllr:Update():fmllr-diag-gmm.cc:162) Not updating fMLLR since below min-count: count is 166
LOG (gmm-est-fmllr:main():gmm-est-fmllr.cc:143) For speaker train_S18_8_2_12, auxf-impr from fMLLR is 0, over 166 frames.
WARNING (gmm-est-fmllr:Update():fmllr-diag-gmm.cc:162) Not updating fMLLR since below min-count: count is 163
LOG (gmm-est-fmllr:main():gmm-est-fmllr.cc:143) For speaker train_S18_8_2_14, auxf-impr from fMLLR is 0, over 163 frames.
WARNING (gmm-est-fmllr:Update():fmllr-diag-gmm.cc:162) Not updating fMLLR since below min-count: count is 166
LOG (gmm-est-fmllr:main():gmm-est-fmllr.cc:143) For speaker train_S18_8_2_16, auxf-impr from fMLLR is 0, over 166 frames.
WARNING (gmm-est-fmllr:Update():fmllr-diag-gmm.cc:162) Not updating fMLLR since below min-count: count is 148
LOG (gmm-est-fmllr:main():gmm-est-fmllr.cc:143) For speaker train_S18_8_2_18, auxf-impr from fMLLR is 0, over 148 frames.
WARNING (gmm-est-fmllr:Update():fmllr-diag-gmm.cc:162) Not updating fMLLR since below min-count: count is 159
LOG (gmm-est-fmllr:main():gmm-est-fmllr.cc:143) For speaker train_S18_8_2_20, auxf-impr from fMLLR is 0, over 159 frames.
WARNING (gmm-est-fmllr:Update():fmllr-diag-gmm.cc:162) Not updating fMLLR since below min-count: count is 166
LOG (gmm-est-fmllr:main():gmm-est-fmllr.cc:143) For speaker train_S18_8_3_12, auxf-impr from fMLLR is 0, over 166 frames.
WARNING (gmm-est-fmllr:Update():fmllr-diag-gmm.cc:162) Not updating fMLLR since below min-count: count is 163
LOG (gmm-est-fmllr:main():gmm-est-fmllr.cc:143) For speaker train_S18_8_3_14, auxf-impr from fMLLR is 0, over 163 frames.
WARNING (gmm-est-fmllr:Update():fmllr-diag-gmm.cc:162) Not updating fMLLR since below min-count: count is 166
LOG (gmm-est-fmllr:main():gmm-est-fmllr.cc:143) For speaker train_S18_8_3_16, auxf-impr from fMLLR is 0, over 166 frames.
WARNING (gmm-est-fmllr:Update():fmllr-diag-gmm.cc:162) Not updating fMLLR since below min-count: count is 148
LOG (gmm-est-fmllr:main():gmm-est-fmllr.cc:143) For speaker train_S18_8_3_18, auxf-impr from fMLLR is 0, over 148 frames.
WARNING (gmm-est-fmllr:Update():fmllr-diag-gmm.cc:162) Not updating fMLLR since below min-count: count is 159
LOG (gmm-est-fmllr:main():gmm-est-fmllr.cc:143) For speaker train_S18_8_3_20, auxf-impr from fMLLR is 0, over 159 frames.
WARNING (gmm-est-fmllr:Update():fmllr-diag-gmm.cc:162) Not updating fMLLR since below min-count: count is 166
LOG (gmm-est-fmllr:main():gmm-est-fmllr.cc:143) For speaker train_S18_8_4_12, auxf-impr from fMLLR is 0, over 166 frames.
WARNING (gmm-est-fmllr:Update():fmllr-diag-gmm.cc:162) Not updating fMLLR since below min-count: count is 163
LOG (gmm-est-fmllr:main():gmm-est-fmllr.cc:143) For speaker train_S18_8_4_14, auxf-impr from fMLLR is 0, over 163 frames.
WARNING (gmm-est-fmllr:Update():fmllr-diag-gmm.cc:162) Not updating fMLLR since below min-count: count is 166
LOG (gmm-est-fmllr:main():gmm-est-fmllr.cc:143) For speaker train_S18_8_4_16, auxf-impr from fMLLR is 0, over 166 frames.
WARNING (gmm-est-fmllr:Update():fmllr-diag-gmm.cc:162) Not updating fMLLR since below min-count: count is 148
LOG (gmm-est-fmllr:main():gmm-est-fmllr.cc:143) For speaker train_S18_8_4_18, auxf-impr from fMLLR is 0, over 148 frames.
WARNING (gmm-est-fmllr:Update():fmllr-diag-gmm.cc:162) Not updating fMLLR since below min-count: count is 159
LOG (gmm-est-fmllr:main():gmm-est-fmllr.cc:143) For speaker train_S18_8_4_20, auxf-impr from fMLLR is 0, over 159 frames.
WARNING (gmm-est-fmllr:Update():fmllr-diag-gmm.cc:162) Not updating fMLLR since below min-count: count is 166
LOG (gmm-est-fmllr:main():gmm-est-fmllr.cc:143) For speaker train_S18_8_5_12, auxf-impr from fMLLR is 0, over 166 frames.
WARNING (gmm-est-fmllr:Update():fmllr-diag-gmm.cc:162) Not updating fMLLR since below min-count: count is 163
LOG (gmm-est-fmllr:main():gmm-est-fmllr.cc:143) For speaker train_S18_8_5_14, auxf-impr from fMLLR is 0, over 163 frames.
WARNING (gmm-est-fmllr:Update():fmllr-diag-gmm.cc:162) Not updating fMLLR since below min-count: count is 166
LOG (gmm-est-fmllr:main():gmm-est-fmllr.cc:143) For speaker train_S18_8_5_16, auxf-impr from fMLLR is 0, over 166 frames.
WARNING (gmm-est-fmllr:Update():fmllr-diag-gmm.cc:162) Not updating fMLLR since below min-count: count is 148
LOG (gmm-est-fmllr:main():gmm-est-fmllr.cc:143) For speaker train_S18_8_5_18, auxf-impr from fMLLR is 0, over 148 frames.
WARNING (gmm-est-fmllr:Update():fmllr-diag-gmm.cc:162) Not updating fMLLR since below min-count: count is 159
LOG (gmm-est-fmllr:main():gmm-est-fmllr.cc:143) For speaker train_S18_8_5_20, auxf-impr from fMLLR is 0, over 159 frames.
WARNING (gmm-est-fmllr:Update():fmllr-diag-gmm.cc:162) Not updating fMLLR since below min-count: count is 166
LOG (gmm-est-fmllr:main():gmm-est-fmllr.cc:143) For speaker train_S18_8_6_12, auxf-impr from fMLLR is 0, over 166 frames.
WARNING (gmm-est-fmllr:Update():fmllr-diag-gmm.cc:162) Not updating fMLLR since below min-count: count is 163
LOG (gmm-est-fmllr:main():gmm-est-fmllr.cc:143) For speaker train_S18_8_6_14, auxf-impr from fMLLR is 0, over 163 frames.
WARNING (gmm-est-fmllr:Update():fmllr-diag-gmm.cc:162) Not updating fMLLR since below min-count: count is 166
LOG (gmm-est-fmllr:main():gmm-est-fmllr.cc:143) For speaker train_S18_8_6_16, auxf-impr from fMLLR is 0, over 166 frames.
WARNING (gmm-est-fmllr:Update():fmllr-diag-gmm.cc:162) Not updating fMLLR since below min-count: count is 148
LOG (gmm-est-fmllr:main():gmm-est-fmllr.cc:143) For speaker train_S18_8_6_18, auxf-impr from fMLLR is 0, over 148 frames.
WARNING (gmm-est-fmllr:Update():fmllr-diag-gmm.cc:162) Not updating fMLLR since below min-count: count is 159
LOG (gmm-est-fmllr:main():gmm-est-fmllr.cc:143) For speaker train_S18_8_6_20, auxf-impr from fMLLR is 0, over 159 frames.
WARNING (gmm-est-fmllr:Update():fmllr-diag-gmm.cc:162) Not updating fMLLR since below min-count: count is 167
LOG (gmm-est-fmllr:main():gmm-est-fmllr.cc:143) For speaker train_S18_8_7_12, auxf-impr from fMLLR is 0, over 167 frames.
WARNING (gmm-est-fmllr:Update():fmllr-diag-gmm.cc:162) Not updating fMLLR since below min-count: count is 163
LOG (gmm-est-fmllr:main():gmm-est-fmllr.cc:143) For speaker train_S18_8_7_14, auxf-impr from fMLLR is 0, over 163 frames.
WARNING (gmm-est-fmllr:Update():fmllr-diag-gmm.cc:162) Not updating fMLLR since below min-count: count is 166
LOG (gmm-est-fmllr:main():gmm-est-fmllr.cc:143) For speaker train_S18_8_7_16, auxf-impr from fMLLR is 0, over 166 frames.
WARNING (gmm-est-fmllr:Update():fmllr-diag-gmm.cc:162) Not updating fMLLR since below min-count: count is 148
LOG (gmm-est-fmllr:main():gmm-est-fmllr.cc:143) For speaker train_S18_8_7_18, auxf-impr from fMLLR is 0, over 148 frames.
WARNING (gmm-est-fmllr:Update():fmllr-diag-gmm.cc:162) Not updating fMLLR since below min-count: count is 159
LOG (gmm-est-fmllr:main():gmm-est-fmllr.cc:143) For speaker train_S18_8_7_20, auxf-impr from fMLLR is 0, over 159 frames.
WARNING (gmm-est-fmllr:Update():fmllr-diag-gmm.cc:162) Not updating fMLLR since below min-count: count is 172
LOG (gmm-est-fmllr:main():gmm-est-fmllr.cc:143) For speaker train_S18_9_1_12, auxf-impr from fMLLR is 0, over 172 frames.
WARNING (gmm-est-fmllr:Update():fmllr-diag-gmm.cc:162) Not updating fMLLR since below min-count: count is 168
LOG (gmm-est-fmllr:main():gmm-est-fmllr.cc:143) For speaker train_S18_9_1_14, auxf-impr from fMLLR is 0, over 168 frames.
WARNING (gmm-est-fmllr:Update():fmllr-diag-gmm.cc:162) Not updating fMLLR since below min-count: count is 171
LOG (gmm-est-fmllr:main():gmm-est-fmllr.cc:143) For speaker train_S18_9_1_16, auxf-impr from fMLLR is 0, over 171 frames.
WARNING (gmm-est-fmllr:Update():fmllr-diag-gmm.cc:162) Not updating fMLLR since below min-count: count is 154
LOG (gmm-est-fmllr:main():gmm-est-fmllr.cc:143) For speaker train_S18_9_1_18, auxf-impr from fMLLR is 0, over 154 frames.
WARNING (gmm-est-fmllr:Update():fmllr-diag-gmm.cc:162) Not updating fMLLR since below min-count: count is 164
LOG (gmm-est-fmllr:main():gmm-est-fmllr.cc:143) For speaker train_S18_9_1_20, auxf-impr from fMLLR is 0, over 164 frames.
WARNING (gmm-est-fmllr:Update():fmllr-diag-gmm.cc:162) Not updating fMLLR since below min-count: count is 172
LOG (gmm-est-fmllr:main():gmm-est-fmllr.cc:143) For speaker train_S18_9_2_12, auxf-impr from fMLLR is 0, over 172 frames.
WARNING (gmm-est-fmllr:Update():fmllr-diag-gmm.cc:162) Not updating fMLLR since below min-count: count is 168
LOG (gmm-est-fmllr:main():gmm-est-fmllr.cc:143) For speaker train_S18_9_2_14, auxf-impr from fMLLR is 0, over 168 frames.
WARNING (gmm-est-fmllr:Update():fmllr-diag-gmm.cc:162) Not updating fMLLR since below min-count: count is 171
LOG (gmm-est-fmllr:main():gmm-est-fmllr.cc:143) For speaker train_S18_9_2_16, auxf-impr from fMLLR is 0, over 171 frames.
WARNING (gmm-est-fmllr:Update():fmllr-diag-gmm.cc:162) Not updating fMLLR since below min-count: count is 154
LOG (gmm-est-fmllr:main():gmm-est-fmllr.cc:143) For speaker train_S18_9_2_18, auxf-impr from fMLLR is 0, over 154 frames.
WARNING (gmm-est-fmllr:Update():fmllr-diag-gmm.cc:162) Not updating fMLLR since below min-count: count is 164
LOG (gmm-est-fmllr:main():gmm-est-fmllr.cc:143) For speaker train_S18_9_2_20, auxf-impr from fMLLR is 0, over 164 frames.
WARNING (gmm-est-fmllr:Update():fmllr-diag-gmm.cc:162) Not updating fMLLR since below min-count: count is 172
LOG (gmm-est-fmllr:main():gmm-est-fmllr.cc:143) For speaker train_S18_9_3_12, auxf-impr from fMLLR is 0, over 172 frames.
WARNING (gmm-est-fmllr:Update():fmllr-diag-gmm.cc:162) Not updating fMLLR since below min-count: count is 168
LOG (gmm-est-fmllr:main():gmm-est-fmllr.cc:143) For speaker train_S18_9_3_14, auxf-impr from fMLLR is 0, over 168 frames.
WARNING (gmm-est-fmllr:Update():fmllr-diag-gmm.cc:162) Not updating fMLLR since below min-count: count is 171
LOG (gmm-est-fmllr:main():gmm-est-fmllr.cc:143) For speaker train_S18_9_3_16, auxf-impr from fMLLR is 0, over 171 frames.
WARNING (gmm-est-fmllr:Update():fmllr-diag-gmm.cc:162) Not updating fMLLR since below min-count: count is 154
LOG (gmm-est-fmllr:main():gmm-est-fmllr.cc:143) For speaker train_S18_9_3_18, auxf-impr from fMLLR is 0, over 154 frames.
WARNING (gmm-est-fmllr:Update():fmllr-diag-gmm.cc:162) Not updating fMLLR since below min-count: count is 164
LOG (gmm-est-fmllr:main():gmm-est-fmllr.cc:143) For speaker train_S18_9_3_20, auxf-impr from fMLLR is 0, over 164 frames.
WARNING (gmm-est-fmllr:Update():fmllr-diag-gmm.cc:162) Not updating fMLLR since below min-count: count is 172
LOG (gmm-est-fmllr:main():gmm-est-fmllr.cc:143) For speaker train_S18_9_4_12, auxf-impr from fMLLR is 0, over 172 frames.
WARNING (gmm-est-fmllr:Update():fmllr-diag-gmm.cc:162) Not updating fMLLR since below min-count: count is 168
LOG (gmm-est-fmllr:main():gmm-est-fmllr.cc:143) For speaker train_S18_9_4_14, auxf-impr from fMLLR is 0, over 168 frames.
WARNING (gmm-est-fmllr:Update():fmllr-diag-gmm.cc:162) Not updating fMLLR since below min-count: count is 171
LOG (gmm-est-fmllr:main():gmm-est-fmllr.cc:143) For speaker train_S18_9_4_16, auxf-impr from fMLLR is 0, over 171 frames.
WARNING (gmm-est-fmllr:Update():fmllr-diag-gmm.cc:162) Not updating fMLLR since below min-count: count is 154
LOG (gmm-est-fmllr:main():gmm-est-fmllr.cc:143) For speaker train_S18_9_4_18, auxf-impr from fMLLR is 0, over 154 frames.
WARNING (gmm-est-fmllr:Update():fmllr-diag-gmm.cc:162) Not updating fMLLR since below min-count: count is 164
LOG (gmm-est-fmllr:main():gmm-est-fmllr.cc:143) For speaker train_S18_9_4_20, auxf-impr from fMLLR is 0, over 164 frames.
WARNING (gmm-est-fmllr:Update():fmllr-diag-gmm.cc:162) Not updating fMLLR since below min-count: count is 172
LOG (gmm-est-fmllr:main():gmm-est-fmllr.cc:143) For speaker train_S18_9_5_12, auxf-impr from fMLLR is 0, over 172 frames.
WARNING (gmm-est-fmllr:Update():fmllr-diag-gmm.cc:162) Not updating fMLLR since below min-count: count is 168
LOG (gmm-est-fmllr:main():gmm-est-fmllr.cc:143) For speaker train_S18_9_5_14, auxf-impr from fMLLR is 0, over 168 frames.
WARNING (gmm-est-fmllr:Update():fmllr-diag-gmm.cc:162) Not updating fMLLR since below min-count: count is 171
LOG (gmm-est-fmllr:main():gmm-est-fmllr.cc:143) For speaker train_S18_9_5_16, auxf-impr from fMLLR is 0, over 171 frames.
WARNING (gmm-est-fmllr:Update():fmllr-diag-gmm.cc:162) Not updating fMLLR since below min-count: count is 154
LOG (gmm-est-fmllr:main():gmm-est-fmllr.cc:143) For speaker train_S18_9_5_18, auxf-impr from fMLLR is 0, over 154 frames.
WARNING (gmm-est-fmllr:Update():fmllr-diag-gmm.cc:162) Not updating fMLLR since below min-count: count is 164
LOG (gmm-est-fmllr:main():gmm-est-fmllr.cc:143) For speaker train_S18_9_5_20, auxf-impr from fMLLR is 0, over 164 frames.
WARNING (gmm-est-fmllr:Update():fmllr-diag-gmm.cc:162) Not updating fMLLR since below min-count: count is 172
LOG (gmm-est-fmllr:main():gmm-est-fmllr.cc:143) For speaker train_S18_9_6_12, auxf-impr from fMLLR is 0, over 172 frames.
WARNING (gmm-est-fmllr:Update():fmllr-diag-gmm.cc:162) Not updating fMLLR since below min-count: count is 168
LOG (gmm-est-fmllr:main():gmm-est-fmllr.cc:143) For speaker train_S18_9_6_14, auxf-impr from fMLLR is 0, over 168 frames.
WARNING (gmm-est-fmllr:Update():fmllr-diag-gmm.cc:162) Not updating fMLLR since below min-count: count is 171
LOG (gmm-est-fmllr:main():gmm-est-fmllr.cc:143) For speaker train_S18_9_6_16, auxf-impr from fMLLR is 0, over 171 frames.
WARNING (gmm-est-fmllr:Update():fmllr-diag-gmm.cc:162) Not updating fMLLR since below min-count: count is 154
LOG (gmm-est-fmllr:main():gmm-est-fmllr.cc:143) For speaker train_S18_9_6_18, auxf-impr from fMLLR is 0, over 154 frames.
WARNING (gmm-est-fmllr:Update():fmllr-diag-gmm.cc:162) Not updating fMLLR since below min-count: count is 164
LOG (gmm-est-fmllr:main():gmm-est-fmllr.cc:143) For speaker train_S18_9_6_20, auxf-impr from fMLLR is 0, over 164 frames.
WARNING (gmm-est-fmllr:Update():fmllr-diag-gmm.cc:162) Not updating fMLLR since below min-count: count is 172
LOG (gmm-est-fmllr:main():gmm-est-fmllr.cc:143) For speaker train_S18_9_7_12, auxf-impr from fMLLR is 0, over 172 frames.
WARNING (gmm-est-fmllr:Update():fmllr-diag-gmm.cc:162) Not updating fMLLR since below min-count: count is 168
LOG (gmm-est-fmllr:main():gmm-est-fmllr.cc:143) For speaker train_S18_9_7_14, auxf-impr from fMLLR is 0, over 168 frames.
WARNING (gmm-est-fmllr:Update():fmllr-diag-gmm.cc:162) Not updating fMLLR since below min-count: count is 171
LOG (gmm-est-fmllr:main():gmm-est-fmllr.cc:143) For speaker train_S18_9_7_16, auxf-impr from fMLLR is 0, over 171 frames.
WARNING (gmm-est-fmllr:Update():fmllr-diag-gmm.cc:162) Not updating fMLLR since below min-count: count is 154
LOG (gmm-est-fmllr:main():gmm-est-fmllr.cc:143) For speaker train_S18_9_7_18, auxf-impr from fMLLR is 0, over 154 frames.
WARNING (gmm-est-fmllr:Update():fmllr-diag-gmm.cc:162) Not updating fMLLR since below min-count: count is 164
LOG (gmm-est-fmllr:main():gmm-est-fmllr.cc:143) For speaker train_S18_9_7_20, auxf-impr from fMLLR is 0, over 164 frames.
WARNING (gmm-est-fmllr:Update():fmllr-diag-gmm.cc:162) Not updating fMLLR since below min-count: count is 177
LOG (gmm-est-fmllr:main():gmm-est-fmllr.cc:143) For speaker train_S19_10_1_12, auxf-impr from fMLLR is 0, over 177 frames.
WARNING (gmm-est-fmllr:Update():fmllr-diag-gmm.cc:162) Not updating fMLLR since below min-count: count is 173
LOG (gmm-est-fmllr:main():gmm-est-fmllr.cc:143) For speaker train_S19_10_1_14, auxf-impr from fMLLR is 0, over 173 frames.
WARNING (gmm-est-fmllr:Update():fmllr-diag-gmm.cc:162) Not updating fMLLR since below min-count: count is 176
LOG (gmm-est-fmllr:main():gmm-est-fmllr.cc:143) For speaker train_S19_10_1_16, auxf-impr from fMLLR is 0, over 176 frames.
WARNING (gmm-est-fmllr:Update():fmllr-diag-gmm.cc:162) Not updating fMLLR since below min-count: count is 157
LOG (gmm-est-fmllr:main():gmm-est-fmllr.cc:143) For speaker train_S19_10_1_18, auxf-impr from fMLLR is 0, over 157 frames.
WARNING (gmm-est-fmllr:Update():fmllr-diag-gmm.cc:162) Not updating fMLLR since below min-count: count is 169
LOG (gmm-est-fmllr:main():gmm-est-fmllr.cc:143) For speaker train_S19_10_1_20, auxf-impr from fMLLR is 0, over 169 frames.
WARNING (gmm-est-fmllr:Update():fmllr-diag-gmm.cc:162) Not updating fMLLR since below min-count: count is 177
LOG (gmm-est-fmllr:main():gmm-est-fmllr.cc:143) For speaker train_S19_10_2_12, auxf-impr from fMLLR is 0, over 177 frames.
WARNING (gmm-est-fmllr:Update():fmllr-diag-gmm.cc:162) Not updating fMLLR since below min-count: count is 173
LOG (gmm-est-fmllr:main():gmm-est-fmllr.cc:143) For speaker train_S19_10_2_14, auxf-impr from fMLLR is 0, over 173 frames.
WARNING (gmm-est-fmllr:Update():fmllr-diag-gmm.cc:162) Not updating fMLLR since below min-count: count is 176
LOG (gmm-est-fmllr:main():gmm-est-fmllr.cc:143) For speaker train_S19_10_2_16, auxf-impr from fMLLR is 0, over 176 frames.
WARNING (gmm-est-fmllr:Update():fmllr-diag-gmm.cc:162) Not updating fMLLR since below min-count: count is 157
LOG (gmm-est-fmllr:main():gmm-est-fmllr.cc:143) For speaker train_S19_10_2_18, auxf-impr from fMLLR is 0, over 157 frames.
WARNING (gmm-est-fmllr:Update():fmllr-diag-gmm.cc:162) Not updating fMLLR since below min-count: count is 169
LOG (gmm-est-fmllr:main():gmm-est-fmllr.cc:143) For speaker train_S19_10_2_20, auxf-impr from fMLLR is 0, over 169 frames.
WARNING (gmm-est-fmllr:Update():fmllr-diag-gmm.cc:162) Not updating fMLLR since below min-count: count is 177
LOG (gmm-est-fmllr:main():gmm-est-fmllr.cc:143) For speaker train_S19_10_3_12, auxf-impr from fMLLR is 0, over 177 frames.
WARNING (gmm-est-fmllr:Update():fmllr-diag-gmm.cc:162) Not updating fMLLR since below min-count: count is 173
LOG (gmm-est-fmllr:main():gmm-est-fmllr.cc:143) For speaker train_S19_10_3_14, auxf-impr from fMLLR is 0, over 173 frames.
WARNING (gmm-est-fmllr:Update():fmllr-diag-gmm.cc:162) Not updating fMLLR since below min-count: count is 176
LOG (gmm-est-fmllr:main():gmm-est-fmllr.cc:143) For speaker train_S19_10_3_16, auxf-impr from fMLLR is 0, over 176 frames.
WARNING (gmm-est-fmllr:Update():fmllr-diag-gmm.cc:162) Not updating fMLLR since below min-count: count is 157
LOG (gmm-est-fmllr:main():gmm-est-fmllr.cc:143) For speaker train_S19_10_3_18, auxf-impr from fMLLR is 0, over 157 frames.
WARNING (gmm-est-fmllr:Update():fmllr-diag-gmm.cc:162) Not updating fMLLR since below min-count: count is 169
LOG (gmm-est-fmllr:main():gmm-est-fmllr.cc:143) For speaker train_S19_10_3_20, auxf-impr from fMLLR is 0, over 169 frames.
WARNING (gmm-est-fmllr:Update():fmllr-diag-gmm.cc:162) Not updating fMLLR since below min-count: count is 177
LOG (gmm-est-fmllr:main():gmm-est-fmllr.cc:143) For speaker train_S19_10_4_12, auxf-impr from fMLLR is 0, over 177 frames.
WARNING (gmm-est-fmllr:Update():fmllr-diag-gmm.cc:162) Not updating fMLLR since below min-count: count is 173
LOG (gmm-est-fmllr:main():gmm-est-fmllr.cc:143) For speaker train_S19_10_4_14, auxf-impr from fMLLR is 0, over 173 frames.
WARNING (gmm-est-fmllr:Update():fmllr-diag-gmm.cc:162) Not updating fMLLR since below min-count: count is 176
LOG (gmm-est-fmllr:main():gmm-est-fmllr.cc:143) For speaker train_S19_10_4_16, auxf-impr from fMLLR is 0, over 176 frames.
WARNING (gmm-est-fmllr:Update():fmllr-diag-gmm.cc:162) Not updating fMLLR since below min-count: count is 157
LOG (gmm-est-fmllr:main():gmm-est-fmllr.cc:143) For speaker train_S19_10_4_18, auxf-impr from fMLLR is 0, over 157 frames.
WARNING (gmm-est-fmllr:Update():fmllr-diag-gmm.cc:162) Not updating fMLLR since below min-count: count is 169
LOG (gmm-est-fmllr:main():gmm-est-fmllr.cc:143) For speaker train_S19_10_4_20, auxf-impr from fMLLR is 0, over 169 frames.
WARNING (gmm-est-fmllr:Update():fmllr-diag-gmm.cc:162) Not updating fMLLR since below min-count: count is 177
LOG (gmm-est-fmllr:main():gmm-est-fmllr.cc:143) For speaker train_S19_10_5_12, auxf-impr from fMLLR is 0, over 177 frames.
WARNING (gmm-est-fmllr:Update():fmllr-diag-gmm.cc:162) Not updating fMLLR since below min-count: count is 173
LOG (gmm-est-fmllr:main():gmm-est-fmllr.cc:143) For speaker train_S19_10_5_14, auxf-impr from fMLLR is 0, over 173 frames.
WARNING (gmm-est-fmllr:Update():fmllr-diag-gmm.cc:162) Not updating fMLLR since below min-count: count is 176
LOG (gmm-est-fmllr:main():gmm-est-fmllr.cc:143) For speaker train_S19_10_5_16, auxf-impr from fMLLR is 0, over 176 frames.
WARNING (gmm-est-fmllr:Update():fmllr-diag-gmm.cc:162) Not updating fMLLR since below min-count: count is 157
LOG (gmm-est-fmllr:main():gmm-est-fmllr.cc:143) For speaker train_S19_10_5_18, auxf-impr from fMLLR is 0, over 157 frames.
WARNING (gmm-est-fmllr:Update():fmllr-diag-gmm.cc:162) Not updating fMLLR since below min-count: count is 168
LOG (gmm-est-fmllr:main():gmm-est-fmllr.cc:143) For speaker train_S19_10_5_20, auxf-impr from fMLLR is 0, over 168 frames.
WARNING (gmm-est-fmllr:Update():fmllr-diag-gmm.cc:162) Not updating fMLLR since below min-count: count is 177
LOG (gmm-est-fmllr:main():gmm-est-fmllr.cc:143) For speaker train_S19_10_6_12, auxf-impr from fMLLR is 0, over 177 frames.
WARNING (gmm-est-fmllr:Update():fmllr-diag-gmm.cc:162) Not updating fMLLR since below min-count: count is 173
LOG (gmm-est-fmllr:main():gmm-est-fmllr.cc:143) For speaker train_S19_10_6_14, auxf-impr from fMLLR is 0, over 173 frames.
WARNING (gmm-est-fmllr:Update():fmllr-diag-gmm.cc:162) Not updating fMLLR since below min-count: count is 176
LOG (gmm-est-fmllr:main():gmm-est-fmllr.cc:143) For speaker train_S19_10_6_16, auxf-impr from fMLLR is 0, over 176 frames.
WARNING (gmm-est-fmllr:Update():fmllr-diag-gmm.cc:162) Not updating fMLLR since below min-count: count is 157
LOG (gmm-est-fmllr:main():gmm-est-fmllr.cc:143) For speaker train_S19_10_6_18, auxf-impr from fMLLR is 0, over 157 frames.
WARNING (gmm-est-fmllr:Update():fmllr-diag-gmm.cc:162) Not updating fMLLR since below min-count: count is 168
LOG (gmm-est-fmllr:main():gmm-est-fmllr.cc:143) For speaker train_S19_10_6_20, auxf-impr from fMLLR is 0, over 168 frames.
WARNING (gmm-est-fmllr:Update():fmllr-diag-gmm.cc:162) Not updating fMLLR since below min-count: count is 177
LOG (gmm-est-fmllr:main():gmm-est-fmllr.cc:143) For speaker train_S19_10_7_12, auxf-impr from fMLLR is 0, over 177 frames.
WARNING (gmm-est-fmllr:Update():fmllr-diag-gmm.cc:162) Not updating fMLLR since below min-count: count is 173
LOG (gmm-est-fmllr:main():gmm-est-fmllr.cc:143) For speaker train_S19_10_7_14, auxf-impr from fMLLR is 0, over 173 frames.
WARNING (gmm-est-fmllr:Update():fmllr-diag-gmm.cc:162) Not updating fMLLR since below min-count: count is 176
LOG (gmm-est-fmllr:main():gmm-est-fmllr.cc:143) For speaker train_S19_10_7_16, auxf-impr from fMLLR is 0, over 176 frames.
WARNING (gmm-est-fmllr:Update():fmllr-diag-gmm.cc:162) Not updating fMLLR since below min-count: count is 157
LOG (gmm-est-fmllr:main():gmm-est-fmllr.cc:143) For speaker train_S19_10_7_18, auxf-impr from fMLLR is 0, over 157 frames.
WARNING (gmm-est-fmllr:Update():fmllr-diag-gmm.cc:162) Not updating fMLLR since below min-count: count is 168
LOG (gmm-est-fmllr:main():gmm-est-fmllr.cc:143) For speaker train_S19_10_7_20, auxf-impr from fMLLR is 0, over 168 frames.
WARNING (gmm-est-fmllr:Update():fmllr-diag-gmm.cc:162) Not updating fMLLR since below min-count: count is 187
LOG (gmm-est-fmllr:main():gmm-est-fmllr.cc:143) For speaker train_S19_11_1_12, auxf-impr from fMLLR is 0, over 187 frames.
WARNING (gmm-est-fmllr:Update():fmllr-diag-gmm.cc:162) Not updating fMLLR since below min-count: count is 184
LOG (gmm-est-fmllr:main():gmm-est-fmllr.cc:143) For speaker train_S19_11_1_14, auxf-impr from fMLLR is 0, over 184 frames.
WARNING (gmm-est-fmllr:Update():fmllr-diag-gmm.cc:162) Not updating fMLLR since below min-count: count is 188
LOG (gmm-est-fmllr:main():gmm-est-fmllr.cc:143) For speaker train_S19_11_1_16, auxf-impr from fMLLR is 0, over 188 frames.
WARNING (gmm-est-fmllr:Update():fmllr-diag-gmm.cc:162) Not updating fMLLR since below min-count: count is 167
LOG (gmm-est-fmllr:main():gmm-est-fmllr.cc:143) For speaker train_S19_11_1_18, auxf-impr from fMLLR is 0, over 167 frames.
WARNING (gmm-est-fmllr:Update():fmllr-diag-gmm.cc:162) Not updating fMLLR since below min-count: count is 180
LOG (gmm-est-fmllr:main():gmm-est-fmllr.cc:143) For speaker train_S19_11_1_20, auxf-impr from fMLLR is 0, over 180 frames.
WARNING (gmm-est-fmllr:Update():fmllr-diag-gmm.cc:162) Not updating fMLLR since below min-count: count is 187
LOG (gmm-est-fmllr:main():gmm-est-fmllr.cc:143) For speaker train_S19_11_2_12, auxf-impr from fMLLR is 0, over 187 frames.
WARNING (gmm-est-fmllr:Update():fmllr-diag-gmm.cc:162) Not updating fMLLR since below min-count: count is 184
LOG (gmm-est-fmllr:main():gmm-est-fmllr.cc:143) For speaker train_S19_11_2_14, auxf-impr from fMLLR is 0, over 184 frames.
WARNING (gmm-est-fmllr:Update():fmllr-diag-gmm.cc:162) Not updating fMLLR since below min-count: count is 188
LOG (gmm-est-fmllr:main():gmm-est-fmllr.cc:143) For speaker train_S19_11_2_16, auxf-impr from fMLLR is 0, over 188 frames.
LOG (ali-to-post:main():ali-to-post.cc:65) Converted 275 alignments.
WARNING (gmm-est-fmllr:Update():fmllr-diag-gmm.cc:162) Not updating fMLLR since below min-count: count is 167
LOG (gmm-est-fmllr:main():gmm-est-fmllr.cc:143) For speaker train_S19_11_2_18, auxf-impr from fMLLR is 0, over 167 frames.
WARNING (gmm-est-fmllr:Update():fmllr-diag-gmm.cc:162) Not updating fMLLR since below min-count: count is 180
LOG (gmm-est-fmllr:main():gmm-est-fmllr.cc:143) For speaker train_S19_11_2_20, auxf-impr from fMLLR is 0, over 180 frames.
WARNING (gmm-est-fmllr:Update():fmllr-diag-gmm.cc:162) Not updating fMLLR since below min-count: count is 187
LOG (gmm-est-fmllr:main():gmm-est-fmllr.cc:143) For speaker train_S19_11_3_12, auxf-impr from fMLLR is 0, over 187 frames.
WARNING (gmm-est-fmllr:Update():fmllr-diag-gmm.cc:162) Not updating fMLLR since below min-count: count is 185
LOG (gmm-est-fmllr:main():gmm-est-fmllr.cc:143) For speaker train_S19_11_3_14, auxf-impr from fMLLR is 0, over 185 frames.
WARNING (gmm-est-fmllr:Update():fmllr-diag-gmm.cc:162) Not updating fMLLR since below min-count: count is 188
LOG (gmm-est-fmllr:main():gmm-est-fmllr.cc:143) For speaker train_S19_11_3_16, auxf-impr from fMLLR is 0, over 188 frames.
WARNING (gmm-est-fmllr:Update():fmllr-diag-gmm.cc:162) Not updating fMLLR since below min-count: count is 167
LOG (gmm-est-fmllr:main():gmm-est-fmllr.cc:143) For speaker train_S19_11_3_18, auxf-impr from fMLLR is 0, over 167 frames.
WARNING (gmm-est-fmllr:Update():fmllr-diag-gmm.cc:162) Not updating fMLLR since below min-count: count is 180
LOG (gmm-est-fmllr:main():gmm-est-fmllr.cc:143) For speaker train_S19_11_3_20, auxf-impr from fMLLR is 0, over 180 frames.
WARNING (gmm-est-fmllr:Update():fmllr-diag-gmm.cc:162) Not updating fMLLR since below min-count: count is 187
LOG (gmm-est-fmllr:main():gmm-est-fmllr.cc:143) For speaker train_S19_11_4_12, auxf-impr from fMLLR is 0, over 187 frames.
WARNING (gmm-est-fmllr:Update():fmllr-diag-gmm.cc:162) Not updating fMLLR since below min-count: count is 185
LOG (gmm-est-fmllr:main():gmm-est-fmllr.cc:143) For speaker train_S19_11_4_14, auxf-impr from fMLLR is 0, over 185 frames.
WARNING (gmm-est-fmllr:Update():fmllr-diag-gmm.cc:162) Not updating fMLLR since below min-count: count is 188
LOG (gmm-est-fmllr:main():gmm-est-fmllr.cc:143) For speaker train_S19_11_4_16, auxf-impr from fMLLR is 0, over 188 frames.
WARNING (gmm-est-fmllr:Update():fmllr-diag-gmm.cc:162) Not updating fMLLR since below min-count: count is 167
LOG (gmm-est-fmllr:main():gmm-est-fmllr.cc:143) For speaker train_S19_11_4_18, auxf-impr from fMLLR is 0, over 167 frames.
WARNING (gmm-est-fmllr:Update():fmllr-diag-gmm.cc:162) Not updating fMLLR since below min-count: count is 180
LOG (gmm-est-fmllr:main():gmm-est-fmllr.cc:143) For speaker train_S19_11_4_20, auxf-impr from fMLLR is 0, over 180 frames.
WARNING (gmm-est-fmllr:Update():fmllr-diag-gmm.cc:162) Not updating fMLLR since below min-count: count is 187
LOG (gmm-est-fmllr:main():gmm-est-fmllr.cc:143) For speaker train_S19_11_5_12, auxf-impr from fMLLR is 0, over 187 frames.
WARNING (gmm-est-fmllr:Update():fmllr-diag-gmm.cc:162) Not updating fMLLR since below min-count: count is 184
LOG (gmm-est-fmllr:main():gmm-est-fmllr.cc:143) For speaker train_S19_11_5_14, auxf-impr from fMLLR is 0, over 184 frames.
WARNING (gmm-est-fmllr:Update():fmllr-diag-gmm.cc:162) Not updating fMLLR since below min-count: count is 187
LOG (gmm-est-fmllr:main():gmm-est-fmllr.cc:143) For speaker train_S19_11_5_16, auxf-impr from fMLLR is 0, over 187 frames.
LOG (weight-silence-post:main():weight-silence-post.cc:95) Done 275 posteriors.
WARNING (gmm-est-fmllr:Update():fmllr-diag-gmm.cc:162) Not updating fMLLR since below min-count: count is 168
LOG (gmm-est-fmllr:main():gmm-est-fmllr.cc:143) For speaker train_S19_11_5_18, auxf-impr from fMLLR is 0, over 168 frames.
WARNING (gmm-est-fmllr:Update():fmllr-diag-gmm.cc:162) Not updating fMLLR since below min-count: count is 180
LOG (gmm-est-fmllr:main():gmm-est-fmllr.cc:143) For speaker train_S19_11_5_20, auxf-impr from fMLLR is 0, over 180 frames.
WARNING (gmm-est-fmllr:Update():fmllr-diag-gmm.cc:162) Not updating fMLLR since below min-count: count is 187
LOG (gmm-est-fmllr:main():gmm-est-fmllr.cc:143) For speaker train_S19_11_6_12, auxf-impr from fMLLR is 0, over 187 frames.
WARNING (gmm-est-fmllr:Update():fmllr-diag-gmm.cc:162) Not updating fMLLR since below min-count: count is 185
LOG (gmm-est-fmllr:main():gmm-est-fmllr.cc:143) For speaker train_S19_11_6_14, auxf-impr from fMLLR is 0, over 185 frames.
WARNING (gmm-est-fmllr:Update():fmllr-diag-gmm.cc:162) Not updating fMLLR since below min-count: count is 187
LOG (gmm-est-fmllr:main():gmm-est-fmllr.cc:143) For speaker train_S19_11_6_16, auxf-impr from fMLLR is 0, over 187 frames.
WARNING (gmm-est-fmllr:Update():fmllr-diag-gmm.cc:162) Not updating fMLLR since below min-count: count is 167
LOG (gmm-est-fmllr:main():gmm-est-fmllr.cc:143) For speaker train_S19_11_6_18, auxf-impr from fMLLR is 0, over 167 frames.
WARNING (gmm-est-fmllr:Update():fmllr-diag-gmm.cc:162) Not updating fMLLR since below min-count: count is 180
LOG (gmm-est-fmllr:main():gmm-est-fmllr.cc:143) For speaker train_S19_11_6_20, auxf-impr from fMLLR is 0, over 180 frames.
WARNING (gmm-est-fmllr:Update():fmllr-diag-gmm.cc:162) Not updating fMLLR since below min-count: count is 187
LOG (gmm-est-fmllr:main():gmm-est-fmllr.cc:143) For speaker train_S19_11_7_12, auxf-impr from fMLLR is 0, over 187 frames.
WARNING (gmm-est-fmllr:Update():fmllr-diag-gmm.cc:162) Not updating fMLLR since below min-count: count is 185
LOG (gmm-est-fmllr:main():gmm-est-fmllr.cc:143) For speaker train_S19_11_7_14, auxf-impr from fMLLR is 0, over 185 frames.
LOG (apply-cmvn:main():apply-cmvn.cc:146) Applied cepstral mean normalization to 275 utterances, errors on 0
WARNING (gmm-est-fmllr:Update():fmllr-diag-gmm.cc:162) Not updating fMLLR since below min-count: count is 187
LOG (gmm-est-fmllr:main():gmm-est-fmllr.cc:143) For speaker train_S19_11_7_16, auxf-impr from fMLLR is 0, over 187 frames.
WARNING (gmm-est-fmllr:Update():fmllr-diag-gmm.cc:162) Not updating fMLLR since below min-count: count is 168
LOG (gmm-est-fmllr:main():gmm-est-fmllr.cc:143) For speaker train_S19_11_7_18, auxf-impr from fMLLR is 0, over 168 frames.
WARNING (gmm-est-fmllr:Update():fmllr-diag-gmm.cc:162) Not updating fMLLR since below min-count: count is 180
LOG (gmm-est-fmllr:main():gmm-est-fmllr.cc:143) For speaker train_S19_11_7_20, auxf-impr from fMLLR is 0, over 180 frames.
WARNING (gmm-est-fmllr:Update():fmllr-diag-gmm.cc:162) Not updating fMLLR since below min-count: count is 200
LOG (gmm-est-fmllr:main():gmm-est-fmllr.cc:143) For speaker train_S19_12_1_12, auxf-impr from fMLLR is 0, over 200 frames.
WARNING (gmm-est-fmllr:Update():fmllr-diag-gmm.cc:162) Not updating fMLLR since below min-count: count is 196
LOG (gmm-est-fmllr:main():gmm-est-fmllr.cc:143) For speaker train_S19_12_1_14, auxf-impr from fMLLR is 0, over 196 frames.
WARNING (gmm-est-fmllr:Update():fmllr-diag-gmm.cc:162) Not updating fMLLR since below min-count: count is 200
LOG (gmm-est-fmllr:main():gmm-est-fmllr.cc:143) For speaker train_S19_12_1_16, auxf-impr from fMLLR is 0, over 200 frames.
LOG (transform-feats:main():transform-feats.cc:158) Overall average logdet is 0 over 76408 frames.
LOG (transform-feats:main():transform-feats.cc:161) Applied transform to 275 utterances; 0 had errors.
WARNING (gmm-est-fmllr:Update():fmllr-diag-gmm.cc:162) Not updating fMLLR since below min-count: count is 178
LOG (gmm-est-fmllr:main():gmm-est-fmllr.cc:143) For speaker train_S19_12_1_18, auxf-impr from fMLLR is 0, over 178 frames.
WARNING (gmm-est-fmllr:Update():fmllr-diag-gmm.cc:162) Not updating fMLLR since below min-count: count is 191
LOG (gmm-est-fmllr:main():gmm-est-fmllr.cc:143) For speaker train_S19_12_1_20, auxf-impr from fMLLR is 0, over 191 frames.
LOG (gmm-est-fmllr:main():gmm-est-fmllr.cc:188) Done 275 files, 0 with no posts, 0 with other errors.
LOG (gmm-est-fmllr:main():gmm-est-fmllr.cc:190) Overall fMLLR auxf impr per frame is 0 over 42298 frames.
# Accounting: time=1 threads=1
# Ended (code 0) at Thu Feb 27 12:05:35 IST 2020, elapsed time 1 seconds
