# ali-to-post "ark:gunzip -c exp/mono_ali/ali.10.gz|" ark:- | weight-silence-post 0.0 1 exp/mono_ali/final.mdl ark:- ark:- | gmm-est-fmllr --fmllr-update-type=full --spk2utt=ark:data/train/split30/10/spk2utt exp/mono_ali/final.mdl "ark,s,cs:apply-cmvn  --utt2spk=ark:data/train/split30/10/utt2spk scp:data/train/split30/10/cmvn.scp scp:data/train/split30/10/feats.scp ark:- | add-deltas  ark:- ark:- |" ark:- ark:exp/mono2/trans.10 
# Started at Thu Feb 27 12:03:00 IST 2020
#
ali-to-post 'ark:gunzip -c exp/mono_ali/ali.10.gz|' ark:- 
gmm-est-fmllr --fmllr-update-type=full --spk2utt=ark:data/train/split30/10/spk2utt exp/mono_ali/final.mdl 'ark,s,cs:apply-cmvn  --utt2spk=ark:data/train/split30/10/utt2spk scp:data/train/split30/10/cmvn.scp scp:data/train/split30/10/feats.scp ark:- | add-deltas  ark:- ark:- |' ark:- ark:exp/mono2/trans.10 
weight-silence-post 0.0 1 exp/mono_ali/final.mdl ark:- ark:- 
apply-cmvn --utt2spk=ark:data/train/split30/10/utt2spk scp:data/train/split30/10/cmvn.scp scp:data/train/split30/10/feats.scp ark:- 
add-deltas ark:- ark:- 
WARNING (gmm-est-fmllr:Update():fmllr-diag-gmm.cc:162) Not updating fMLLR since below min-count: count is 262
LOG (gmm-est-fmllr:main():gmm-est-fmllr.cc:143) For speaker train_S15_8_6_18, auxf-impr from fMLLR is 0, over 262 frames.
WARNING (gmm-est-fmllr:Update():fmllr-diag-gmm.cc:162) Not updating fMLLR since below min-count: count is 282
LOG (gmm-est-fmllr:main():gmm-est-fmllr.cc:143) For speaker train_S15_8_6_20, auxf-impr from fMLLR is 0, over 282 frames.
WARNING (gmm-est-fmllr:Update():fmllr-diag-gmm.cc:162) Not updating fMLLR since below min-count: count is 294
LOG (gmm-est-fmllr:main():gmm-est-fmllr.cc:143) For speaker train_S15_8_7_12, auxf-impr from fMLLR is 0, over 294 frames.
WARNING (gmm-est-fmllr:Update():fmllr-diag-gmm.cc:162) Not updating fMLLR since below min-count: count is 289
LOG (gmm-est-fmllr:main():gmm-est-fmllr.cc:143) For speaker train_S15_8_7_14, auxf-impr from fMLLR is 0, over 289 frames.
WARNING (gmm-est-fmllr:Update():fmllr-diag-gmm.cc:162) Not updating fMLLR since below min-count: count is 294
LOG (gmm-est-fmllr:main():gmm-est-fmllr.cc:143) For speaker train_S15_8_7_16, auxf-impr from fMLLR is 0, over 294 frames.
WARNING (gmm-est-fmllr:Update():fmllr-diag-gmm.cc:162) Not updating fMLLR since below min-count: count is 262
LOG (gmm-est-fmllr:main():gmm-est-fmllr.cc:143) For speaker train_S15_8_7_18, auxf-impr from fMLLR is 0, over 262 frames.
WARNING (gmm-est-fmllr:Update():fmllr-diag-gmm.cc:162) Not updating fMLLR since below min-count: count is 281
LOG (gmm-est-fmllr:main():gmm-est-fmllr.cc:143) For speaker train_S15_8_7_20, auxf-impr from fMLLR is 0, over 281 frames.
WARNING (gmm-est-fmllr:Update():fmllr-diag-gmm.cc:162) Not updating fMLLR since below min-count: count is 306
LOG (gmm-est-fmllr:main():gmm-est-fmllr.cc:143) For speaker train_S15_9_1_12, auxf-impr from fMLLR is 0, over 306 frames.
WARNING (gmm-est-fmllr:Update():fmllr-diag-gmm.cc:162) Not updating fMLLR since below min-count: count is 299
LOG (gmm-est-fmllr:main():gmm-est-fmllr.cc:143) For speaker train_S15_9_1_14, auxf-impr from fMLLR is 0, over 299 frames.
WARNING (gmm-est-fmllr:Update():fmllr-diag-gmm.cc:162) Not updating fMLLR since below min-count: count is 305
LOG (gmm-est-fmllr:main():gmm-est-fmllr.cc:143) For speaker train_S15_9_1_16, auxf-impr from fMLLR is 0, over 305 frames.
WARNING (gmm-est-fmllr:Update():fmllr-diag-gmm.cc:162) Not updating fMLLR since below min-count: count is 271
LOG (gmm-est-fmllr:main():gmm-est-fmllr.cc:143) For speaker train_S15_9_1_18, auxf-impr from fMLLR is 0, over 271 frames.
WARNING (gmm-est-fmllr:Update():fmllr-diag-gmm.cc:162) Not updating fMLLR since below min-count: count is 292
LOG (gmm-est-fmllr:main():gmm-est-fmllr.cc:143) For speaker train_S15_9_1_20, auxf-impr from fMLLR is 0, over 292 frames.
WARNING (gmm-est-fmllr:Update():fmllr-diag-gmm.cc:162) Not updating fMLLR since below min-count: count is 306
LOG (gmm-est-fmllr:main():gmm-est-fmllr.cc:143) For speaker train_S15_9_2_12, auxf-impr from fMLLR is 0, over 306 frames.
WARNING (gmm-est-fmllr:Update():fmllr-diag-gmm.cc:162) Not updating fMLLR since below min-count: count is 299
LOG (gmm-est-fmllr:main():gmm-est-fmllr.cc:143) For speaker train_S15_9_2_14, auxf-impr from fMLLR is 0, over 299 frames.
WARNING (gmm-est-fmllr:Update():fmllr-diag-gmm.cc:162) Not updating fMLLR since below min-count: count is 305
LOG (gmm-est-fmllr:main():gmm-est-fmllr.cc:143) For speaker train_S15_9_2_16, auxf-impr from fMLLR is 0, over 305 frames.
WARNING (gmm-est-fmllr:Update():fmllr-diag-gmm.cc:162) Not updating fMLLR since below min-count: count is 271
LOG (gmm-est-fmllr:main():gmm-est-fmllr.cc:143) For speaker train_S15_9_2_18, auxf-impr from fMLLR is 0, over 271 frames.
WARNING (gmm-est-fmllr:Update():fmllr-diag-gmm.cc:162) Not updating fMLLR since below min-count: count is 292
LOG (gmm-est-fmllr:main():gmm-est-fmllr.cc:143) For speaker train_S15_9_2_20, auxf-impr from fMLLR is 0, over 292 frames.
WARNING (gmm-est-fmllr:Update():fmllr-diag-gmm.cc:162) Not updating fMLLR since below min-count: count is 305
LOG (gmm-est-fmllr:main():gmm-est-fmllr.cc:143) For speaker train_S15_9_3_12, auxf-impr from fMLLR is 0, over 305 frames.
WARNING (gmm-est-fmllr:Update():fmllr-diag-gmm.cc:162) Not updating fMLLR since below min-count: count is 299
LOG (gmm-est-fmllr:main():gmm-est-fmllr.cc:143) For speaker train_S15_9_3_14, auxf-impr from fMLLR is 0, over 299 frames.
WARNING (gmm-est-fmllr:Update():fmllr-diag-gmm.cc:162) Not updating fMLLR since below min-count: count is 305
LOG (gmm-est-fmllr:main():gmm-est-fmllr.cc:143) For speaker train_S15_9_3_16, auxf-impr from fMLLR is 0, over 305 frames.
WARNING (gmm-est-fmllr:Update():fmllr-diag-gmm.cc:162) Not updating fMLLR since below min-count: count is 271
LOG (gmm-est-fmllr:main():gmm-est-fmllr.cc:143) For speaker train_S15_9_3_18, auxf-impr from fMLLR is 0, over 271 frames.
WARNING (gmm-est-fmllr:Update():fmllr-diag-gmm.cc:162) Not updating fMLLR since below min-count: count is 291
LOG (gmm-est-fmllr:main():gmm-est-fmllr.cc:143) For speaker train_S15_9_3_20, auxf-impr from fMLLR is 0, over 291 frames.
WARNING (gmm-est-fmllr:Update():fmllr-diag-gmm.cc:162) Not updating fMLLR since below min-count: count is 306
LOG (gmm-est-fmllr:main():gmm-est-fmllr.cc:143) For speaker train_S15_9_4_12, auxf-impr from fMLLR is 0, over 306 frames.
WARNING (gmm-est-fmllr:Update():fmllr-diag-gmm.cc:162) Not updating fMLLR since below min-count: count is 299
LOG (gmm-est-fmllr:main():gmm-est-fmllr.cc:143) For speaker train_S15_9_4_14, auxf-impr from fMLLR is 0, over 299 frames.
WARNING (gmm-est-fmllr:Update():fmllr-diag-gmm.cc:162) Not updating fMLLR since below min-count: count is 305
LOG (gmm-est-fmllr:main():gmm-est-fmllr.cc:143) For speaker train_S15_9_4_16, auxf-impr from fMLLR is 0, over 305 frames.
WARNING (gmm-est-fmllr:Update():fmllr-diag-gmm.cc:162) Not updating fMLLR since below min-count: count is 271
LOG (gmm-est-fmllr:main():gmm-est-fmllr.cc:143) For speaker train_S15_9_4_18, auxf-impr from fMLLR is 0, over 271 frames.
WARNING (gmm-est-fmllr:Update():fmllr-diag-gmm.cc:162) Not updating fMLLR since below min-count: count is 291
LOG (gmm-est-fmllr:main():gmm-est-fmllr.cc:143) For speaker train_S15_9_4_20, auxf-impr from fMLLR is 0, over 291 frames.
WARNING (gmm-est-fmllr:Update():fmllr-diag-gmm.cc:162) Not updating fMLLR since below min-count: count is 306
LOG (gmm-est-fmllr:main():gmm-est-fmllr.cc:143) For speaker train_S15_9_5_12, auxf-impr from fMLLR is 0, over 306 frames.
WARNING (gmm-est-fmllr:Update():fmllr-diag-gmm.cc:162) Not updating fMLLR since below min-count: count is 299
LOG (gmm-est-fmllr:main():gmm-est-fmllr.cc:143) For speaker train_S15_9_5_14, auxf-impr from fMLLR is 0, over 299 frames.
WARNING (gmm-est-fmllr:Update():fmllr-diag-gmm.cc:162) Not updating fMLLR since below min-count: count is 305
LOG (gmm-est-fmllr:main():gmm-est-fmllr.cc:143) For speaker train_S15_9_5_16, auxf-impr from fMLLR is 0, over 305 frames.
WARNING (gmm-est-fmllr:Update():fmllr-diag-gmm.cc:162) Not updating fMLLR since below min-count: count is 271
LOG (gmm-est-fmllr:main():gmm-est-fmllr.cc:143) For speaker train_S15_9_5_18, auxf-impr from fMLLR is 0, over 271 frames.
WARNING (gmm-est-fmllr:Update():fmllr-diag-gmm.cc:162) Not updating fMLLR since below min-count: count is 291
LOG (gmm-est-fmllr:main():gmm-est-fmllr.cc:143) For speaker train_S15_9_5_20, auxf-impr from fMLLR is 0, over 291 frames.
WARNING (gmm-est-fmllr:Update():fmllr-diag-gmm.cc:162) Not updating fMLLR since below min-count: count is 305
LOG (gmm-est-fmllr:main():gmm-est-fmllr.cc:143) For speaker train_S15_9_6_12, auxf-impr from fMLLR is 0, over 305 frames.
WARNING (gmm-est-fmllr:Update():fmllr-diag-gmm.cc:162) Not updating fMLLR since below min-count: count is 299
LOG (gmm-est-fmllr:main():gmm-est-fmllr.cc:143) For speaker train_S15_9_6_14, auxf-impr from fMLLR is 0, over 299 frames.
WARNING (gmm-est-fmllr:Update():fmllr-diag-gmm.cc:162) Not updating fMLLR since below min-count: count is 305
LOG (gmm-est-fmllr:main():gmm-est-fmllr.cc:143) For speaker train_S15_9_6_16, auxf-impr from fMLLR is 0, over 305 frames.
WARNING (gmm-est-fmllr:Update():fmllr-diag-gmm.cc:162) Not updating fMLLR since below min-count: count is 271
LOG (gmm-est-fmllr:main():gmm-est-fmllr.cc:143) For speaker train_S15_9_6_18, auxf-impr from fMLLR is 0, over 271 frames.
WARNING (gmm-est-fmllr:Update():fmllr-diag-gmm.cc:162) Not updating fMLLR since below min-count: count is 292
LOG (gmm-est-fmllr:main():gmm-est-fmllr.cc:143) For speaker train_S15_9_6_20, auxf-impr from fMLLR is 0, over 292 frames.
WARNING (gmm-est-fmllr:Update():fmllr-diag-gmm.cc:162) Not updating fMLLR since below min-count: count is 305
LOG (gmm-est-fmllr:main():gmm-est-fmllr.cc:143) For speaker train_S15_9_7_12, auxf-impr from fMLLR is 0, over 305 frames.
WARNING (gmm-est-fmllr:Update():fmllr-diag-gmm.cc:162) Not updating fMLLR since below min-count: count is 299
LOG (gmm-est-fmllr:main():gmm-est-fmllr.cc:143) For speaker train_S15_9_7_14, auxf-impr from fMLLR is 0, over 299 frames.
WARNING (gmm-est-fmllr:Update():fmllr-diag-gmm.cc:162) Not updating fMLLR since below min-count: count is 305
LOG (gmm-est-fmllr:main():gmm-est-fmllr.cc:143) For speaker train_S15_9_7_16, auxf-impr from fMLLR is 0, over 305 frames.
WARNING (gmm-est-fmllr:Update():fmllr-diag-gmm.cc:162) Not updating fMLLR since below min-count: count is 271
LOG (gmm-est-fmllr:main():gmm-est-fmllr.cc:143) For speaker train_S15_9_7_18, auxf-impr from fMLLR is 0, over 271 frames.
WARNING (gmm-est-fmllr:Update():fmllr-diag-gmm.cc:162) Not updating fMLLR since below min-count: count is 292
LOG (gmm-est-fmllr:main():gmm-est-fmllr.cc:143) For speaker train_S15_9_7_20, auxf-impr from fMLLR is 0, over 292 frames.
WARNING (gmm-est-fmllr:Update():fmllr-diag-gmm.cc:162) Not updating fMLLR since below min-count: count is 303
LOG (gmm-est-fmllr:main():gmm-est-fmllr.cc:143) For speaker train_S16_10_1_12, auxf-impr from fMLLR is 0, over 303 frames.
WARNING (gmm-est-fmllr:Update():fmllr-diag-gmm.cc:162) Not updating fMLLR since below min-count: count is 297
LOG (gmm-est-fmllr:main():gmm-est-fmllr.cc:143) For speaker train_S16_10_1_14, auxf-impr from fMLLR is 0, over 297 frames.
WARNING (gmm-est-fmllr:Update():fmllr-diag-gmm.cc:162) Not updating fMLLR since below min-count: count is 302
LOG (gmm-est-fmllr:main():gmm-est-fmllr.cc:143) For speaker train_S16_10_1_16, auxf-impr from fMLLR is 0, over 302 frames.
WARNING (gmm-est-fmllr:Update():fmllr-diag-gmm.cc:162) Not updating fMLLR since below min-count: count is 269
LOG (gmm-est-fmllr:main():gmm-est-fmllr.cc:143) For speaker train_S16_10_1_18, auxf-impr from fMLLR is 0, over 269 frames.
WARNING (gmm-est-fmllr:Update():fmllr-diag-gmm.cc:162) Not updating fMLLR since below min-count: count is 289
LOG (gmm-est-fmllr:main():gmm-est-fmllr.cc:143) For speaker train_S16_10_1_20, auxf-impr from fMLLR is 0, over 289 frames.
WARNING (gmm-est-fmllr:Update():fmllr-diag-gmm.cc:162) Not updating fMLLR since below min-count: count is 303
LOG (gmm-est-fmllr:main():gmm-est-fmllr.cc:143) For speaker train_S16_10_2_12, auxf-impr from fMLLR is 0, over 303 frames.
WARNING (gmm-est-fmllr:Update():fmllr-diag-gmm.cc:162) Not updating fMLLR since below min-count: count is 297
LOG (gmm-est-fmllr:main():gmm-est-fmllr.cc:143) For speaker train_S16_10_2_14, auxf-impr from fMLLR is 0, over 297 frames.
WARNING (gmm-est-fmllr:Update():fmllr-diag-gmm.cc:162) Not updating fMLLR since below min-count: count is 302
LOG (gmm-est-fmllr:main():gmm-est-fmllr.cc:143) For speaker train_S16_10_2_16, auxf-impr from fMLLR is 0, over 302 frames.
WARNING (gmm-est-fmllr:Update():fmllr-diag-gmm.cc:162) Not updating fMLLR since below min-count: count is 269
LOG (gmm-est-fmllr:main():gmm-est-fmllr.cc:143) For speaker train_S16_10_2_18, auxf-impr from fMLLR is 0, over 269 frames.
WARNING (gmm-est-fmllr:Update():fmllr-diag-gmm.cc:162) Not updating fMLLR since below min-count: count is 289
LOG (gmm-est-fmllr:main():gmm-est-fmllr.cc:143) For speaker train_S16_10_2_20, auxf-impr from fMLLR is 0, over 289 frames.
WARNING (gmm-est-fmllr:Update():fmllr-diag-gmm.cc:162) Not updating fMLLR since below min-count: count is 303
LOG (gmm-est-fmllr:main():gmm-est-fmllr.cc:143) For speaker train_S16_10_3_12, auxf-impr from fMLLR is 0, over 303 frames.
WARNING (gmm-est-fmllr:Update():fmllr-diag-gmm.cc:162) Not updating fMLLR since below min-count: count is 297
LOG (gmm-est-fmllr:main():gmm-est-fmllr.cc:143) For speaker train_S16_10_3_14, auxf-impr from fMLLR is 0, over 297 frames.
WARNING (gmm-est-fmllr:Update():fmllr-diag-gmm.cc:162) Not updating fMLLR since below min-count: count is 302
LOG (gmm-est-fmllr:main():gmm-est-fmllr.cc:143) For speaker train_S16_10_3_16, auxf-impr from fMLLR is 0, over 302 frames.
WARNING (gmm-est-fmllr:Update():fmllr-diag-gmm.cc:162) Not updating fMLLR since below min-count: count is 269
LOG (gmm-est-fmllr:main():gmm-est-fmllr.cc:143) For speaker train_S16_10_3_18, auxf-impr from fMLLR is 0, over 269 frames.
WARNING (gmm-est-fmllr:Update():fmllr-diag-gmm.cc:162) Not updating fMLLR since below min-count: count is 289
LOG (gmm-est-fmllr:main():gmm-est-fmllr.cc:143) For speaker train_S16_10_3_20, auxf-impr from fMLLR is 0, over 289 frames.
WARNING (gmm-est-fmllr:Update():fmllr-diag-gmm.cc:162) Not updating fMLLR since below min-count: count is 303
LOG (gmm-est-fmllr:main():gmm-est-fmllr.cc:143) For speaker train_S16_10_4_12, auxf-impr from fMLLR is 0, over 303 frames.
WARNING (gmm-est-fmllr:Update():fmllr-diag-gmm.cc:162) Not updating fMLLR since below min-count: count is 297
LOG (gmm-est-fmllr:main():gmm-est-fmllr.cc:143) For speaker train_S16_10_4_14, auxf-impr from fMLLR is 0, over 297 frames.
WARNING (gmm-est-fmllr:Update():fmllr-diag-gmm.cc:162) Not updating fMLLR since below min-count: count is 302
LOG (gmm-est-fmllr:main():gmm-est-fmllr.cc:143) For speaker train_S16_10_4_16, auxf-impr from fMLLR is 0, over 302 frames.
WARNING (gmm-est-fmllr:Update():fmllr-diag-gmm.cc:162) Not updating fMLLR since below min-count: count is 269
LOG (gmm-est-fmllr:main():gmm-est-fmllr.cc:143) For speaker train_S16_10_4_18, auxf-impr from fMLLR is 0, over 269 frames.
WARNING (gmm-est-fmllr:Update():fmllr-diag-gmm.cc:162) Not updating fMLLR since below min-count: count is 289
LOG (gmm-est-fmllr:main():gmm-est-fmllr.cc:143) For speaker train_S16_10_4_20, auxf-impr from fMLLR is 0, over 289 frames.
WARNING (gmm-est-fmllr:Update():fmllr-diag-gmm.cc:162) Not updating fMLLR since below min-count: count is 303
LOG (gmm-est-fmllr:main():gmm-est-fmllr.cc:143) For speaker train_S16_10_5_12, auxf-impr from fMLLR is 0, over 303 frames.
WARNING (gmm-est-fmllr:Update():fmllr-diag-gmm.cc:162) Not updating fMLLR since below min-count: count is 297
LOG (gmm-est-fmllr:main():gmm-est-fmllr.cc:143) For speaker train_S16_10_5_14, auxf-impr from fMLLR is 0, over 297 frames.
WARNING (gmm-est-fmllr:Update():fmllr-diag-gmm.cc:162) Not updating fMLLR since below min-count: count is 302
LOG (gmm-est-fmllr:main():gmm-est-fmllr.cc:143) For speaker train_S16_10_5_16, auxf-impr from fMLLR is 0, over 302 frames.
WARNING (gmm-est-fmllr:Update():fmllr-diag-gmm.cc:162) Not updating fMLLR since below min-count: count is 269
LOG (gmm-est-fmllr:main():gmm-est-fmllr.cc:143) For speaker train_S16_10_5_18, auxf-impr from fMLLR is 0, over 269 frames.
WARNING (gmm-est-fmllr:Update():fmllr-diag-gmm.cc:162) Not updating fMLLR since below min-count: count is 289
LOG (gmm-est-fmllr:main():gmm-est-fmllr.cc:143) For speaker train_S16_10_5_20, auxf-impr from fMLLR is 0, over 289 frames.
WARNING (gmm-est-fmllr:Update():fmllr-diag-gmm.cc:162) Not updating fMLLR since below min-count: count is 303
LOG (gmm-est-fmllr:main():gmm-est-fmllr.cc:143) For speaker train_S16_10_6_12, auxf-impr from fMLLR is 0, over 303 frames.
WARNING (gmm-est-fmllr:Update():fmllr-diag-gmm.cc:162) Not updating fMLLR since below min-count: count is 297
LOG (gmm-est-fmllr:main():gmm-est-fmllr.cc:143) For speaker train_S16_10_6_14, auxf-impr from fMLLR is 0, over 297 frames.
WARNING (gmm-est-fmllr:Update():fmllr-diag-gmm.cc:162) Not updating fMLLR since below min-count: count is 302
LOG (gmm-est-fmllr:main():gmm-est-fmllr.cc:143) For speaker train_S16_10_6_16, auxf-impr from fMLLR is 0, over 302 frames.
WARNING (gmm-est-fmllr:Update():fmllr-diag-gmm.cc:162) Not updating fMLLR since below min-count: count is 269
LOG (gmm-est-fmllr:main():gmm-est-fmllr.cc:143) For speaker train_S16_10_6_18, auxf-impr from fMLLR is 0, over 269 frames.
WARNING (gmm-est-fmllr:Update():fmllr-diag-gmm.cc:162) Not updating fMLLR since below min-count: count is 289
LOG (gmm-est-fmllr:main():gmm-est-fmllr.cc:143) For speaker train_S16_10_6_20, auxf-impr from fMLLR is 0, over 289 frames.
WARNING (gmm-est-fmllr:Update():fmllr-diag-gmm.cc:162) Not updating fMLLR since below min-count: count is 303
LOG (gmm-est-fmllr:main():gmm-est-fmllr.cc:143) For speaker train_S16_10_7_12, auxf-impr from fMLLR is 0, over 303 frames.
WARNING (gmm-est-fmllr:Update():fmllr-diag-gmm.cc:162) Not updating fMLLR since below min-count: count is 297
LOG (gmm-est-fmllr:main():gmm-est-fmllr.cc:143) For speaker train_S16_10_7_14, auxf-impr from fMLLR is 0, over 297 frames.
WARNING (gmm-est-fmllr:Update():fmllr-diag-gmm.cc:162) Not updating fMLLR since below min-count: count is 302
LOG (gmm-est-fmllr:main():gmm-est-fmllr.cc:143) For speaker train_S16_10_7_16, auxf-impr from fMLLR is 0, over 302 frames.
WARNING (gmm-est-fmllr:Update():fmllr-diag-gmm.cc:162) Not updating fMLLR since below min-count: count is 269
LOG (gmm-est-fmllr:main():gmm-est-fmllr.cc:143) For speaker train_S16_10_7_18, auxf-impr from fMLLR is 0, over 269 frames.
WARNING (gmm-est-fmllr:Update():fmllr-diag-gmm.cc:162) Not updating fMLLR since below min-count: count is 289
LOG (gmm-est-fmllr:main():gmm-est-fmllr.cc:143) For speaker train_S16_10_7_20, auxf-impr from fMLLR is 0, over 289 frames.
WARNING (gmm-est-fmllr:Update():fmllr-diag-gmm.cc:162) Not updating fMLLR since below min-count: count is 207
LOG (gmm-est-fmllr:main():gmm-est-fmllr.cc:143) For speaker train_S16_11_1_12, auxf-impr from fMLLR is 0, over 207 frames.
WARNING (gmm-est-fmllr:Update():fmllr-diag-gmm.cc:162) Not updating fMLLR since below min-count: count is 204
LOG (gmm-est-fmllr:main():gmm-est-fmllr.cc:143) For speaker train_S16_11_1_14, auxf-impr from fMLLR is 0, over 204 frames.
WARNING (gmm-est-fmllr:Update():fmllr-diag-gmm.cc:162) Not updating fMLLR since below min-count: count is 208
LOG (gmm-est-fmllr:main():gmm-est-fmllr.cc:143) For speaker train_S16_11_1_16, auxf-impr from fMLLR is 0, over 208 frames.
WARNING (gmm-est-fmllr:Update():fmllr-diag-gmm.cc:162) Not updating fMLLR since below min-count: count is 185
LOG (gmm-est-fmllr:main():gmm-est-fmllr.cc:143) For speaker train_S16_11_1_18, auxf-impr from fMLLR is 0, over 185 frames.
WARNING (gmm-est-fmllr:Update():fmllr-diag-gmm.cc:162) Not updating fMLLR since below min-count: count is 199
LOG (gmm-est-fmllr:main():gmm-est-fmllr.cc:143) For speaker train_S16_11_1_20, auxf-impr from fMLLR is 0, over 199 frames.
WARNING (gmm-est-fmllr:Update():fmllr-diag-gmm.cc:162) Not updating fMLLR since below min-count: count is 207
LOG (gmm-est-fmllr:main():gmm-est-fmllr.cc:143) For speaker train_S16_11_2_12, auxf-impr from fMLLR is 0, over 207 frames.
WARNING (gmm-est-fmllr:Update():fmllr-diag-gmm.cc:162) Not updating fMLLR since below min-count: count is 204
LOG (gmm-est-fmllr:main():gmm-est-fmllr.cc:143) For speaker train_S16_11_2_14, auxf-impr from fMLLR is 0, over 204 frames.
WARNING (gmm-est-fmllr:Update():fmllr-diag-gmm.cc:162) Not updating fMLLR since below min-count: count is 208
LOG (gmm-est-fmllr:main():gmm-est-fmllr.cc:143) For speaker train_S16_11_2_16, auxf-impr from fMLLR is 0, over 208 frames.
WARNING (gmm-est-fmllr:Update():fmllr-diag-gmm.cc:162) Not updating fMLLR since below min-count: count is 185
LOG (gmm-est-fmllr:main():gmm-est-fmllr.cc:143) For speaker train_S16_11_2_18, auxf-impr from fMLLR is 0, over 185 frames.
WARNING (gmm-est-fmllr:Update():fmllr-diag-gmm.cc:162) Not updating fMLLR since below min-count: count is 199
LOG (gmm-est-fmllr:main():gmm-est-fmllr.cc:143) For speaker train_S16_11_2_20, auxf-impr from fMLLR is 0, over 199 frames.
WARNING (gmm-est-fmllr:Update():fmllr-diag-gmm.cc:162) Not updating fMLLR since below min-count: count is 207
LOG (gmm-est-fmllr:main():gmm-est-fmllr.cc:143) For speaker train_S16_11_3_12, auxf-impr from fMLLR is 0, over 207 frames.
WARNING (gmm-est-fmllr:Update():fmllr-diag-gmm.cc:162) Not updating fMLLR since below min-count: count is 204
LOG (gmm-est-fmllr:main():gmm-est-fmllr.cc:143) For speaker train_S16_11_3_14, auxf-impr from fMLLR is 0, over 204 frames.
WARNING (gmm-est-fmllr:Update():fmllr-diag-gmm.cc:162) Not updating fMLLR since below min-count: count is 208
LOG (gmm-est-fmllr:main():gmm-est-fmllr.cc:143) For speaker train_S16_11_3_16, auxf-impr from fMLLR is 0, over 208 frames.
WARNING (gmm-est-fmllr:Update():fmllr-diag-gmm.cc:162) Not updating fMLLR since below min-count: count is 185
LOG (gmm-est-fmllr:main():gmm-est-fmllr.cc:143) For speaker train_S16_11_3_18, auxf-impr from fMLLR is 0, over 185 frames.
WARNING (gmm-est-fmllr:Update():fmllr-diag-gmm.cc:162) Not updating fMLLR since below min-count: count is 199
LOG (gmm-est-fmllr:main():gmm-est-fmllr.cc:143) For speaker train_S16_11_3_20, auxf-impr from fMLLR is 0, over 199 frames.
WARNING (gmm-est-fmllr:Update():fmllr-diag-gmm.cc:162) Not updating fMLLR since below min-count: count is 207
LOG (gmm-est-fmllr:main():gmm-est-fmllr.cc:143) For speaker train_S16_11_4_12, auxf-impr from fMLLR is 0, over 207 frames.
WARNING (gmm-est-fmllr:Update():fmllr-diag-gmm.cc:162) Not updating fMLLR since below min-count: count is 204
LOG (gmm-est-fmllr:main():gmm-est-fmllr.cc:143) For speaker train_S16_11_4_14, auxf-impr from fMLLR is 0, over 204 frames.
WARNING (gmm-est-fmllr:Update():fmllr-diag-gmm.cc:162) Not updating fMLLR since below min-count: count is 208
LOG (gmm-est-fmllr:main():gmm-est-fmllr.cc:143) For speaker train_S16_11_4_16, auxf-impr from fMLLR is 0, over 208 frames.
WARNING (gmm-est-fmllr:Update():fmllr-diag-gmm.cc:162) Not updating fMLLR since below min-count: count is 185
LOG (gmm-est-fmllr:main():gmm-est-fmllr.cc:143) For speaker train_S16_11_4_18, auxf-impr from fMLLR is 0, over 185 frames.
WARNING (gmm-est-fmllr:Update():fmllr-diag-gmm.cc:162) Not updating fMLLR since below min-count: count is 199
LOG (gmm-est-fmllr:main():gmm-est-fmllr.cc:143) For speaker train_S16_11_4_20, auxf-impr from fMLLR is 0, over 199 frames.
WARNING (gmm-est-fmllr:Update():fmllr-diag-gmm.cc:162) Not updating fMLLR since below min-count: count is 207
LOG (gmm-est-fmllr:main():gmm-est-fmllr.cc:143) For speaker train_S16_11_5_12, auxf-impr from fMLLR is 0, over 207 frames.
WARNING (gmm-est-fmllr:Update():fmllr-diag-gmm.cc:162) Not updating fMLLR since below min-count: count is 204
LOG (gmm-est-fmllr:main():gmm-est-fmllr.cc:143) For speaker train_S16_11_5_14, auxf-impr from fMLLR is 0, over 204 frames.
WARNING (gmm-est-fmllr:Update():fmllr-diag-gmm.cc:162) Not updating fMLLR since below min-count: count is 208
LOG (gmm-est-fmllr:main():gmm-est-fmllr.cc:143) For speaker train_S16_11_5_16, auxf-impr from fMLLR is 0, over 208 frames.
WARNING (gmm-est-fmllr:Update():fmllr-diag-gmm.cc:162) Not updating fMLLR since below min-count: count is 185
LOG (gmm-est-fmllr:main():gmm-est-fmllr.cc:143) For speaker train_S16_11_5_18, auxf-impr from fMLLR is 0, over 185 frames.
WARNING (gmm-est-fmllr:Update():fmllr-diag-gmm.cc:162) Not updating fMLLR since below min-count: count is 199
LOG (gmm-est-fmllr:main():gmm-est-fmllr.cc:143) For speaker train_S16_11_5_20, auxf-impr from fMLLR is 0, over 199 frames.
WARNING (gmm-est-fmllr:Update():fmllr-diag-gmm.cc:162) Not updating fMLLR since below min-count: count is 207
LOG (gmm-est-fmllr:main():gmm-est-fmllr.cc:143) For speaker train_S16_11_6_12, auxf-impr from fMLLR is 0, over 207 frames.
WARNING (gmm-est-fmllr:Update():fmllr-diag-gmm.cc:162) Not updating fMLLR since below min-count: count is 204
LOG (gmm-est-fmllr:main():gmm-est-fmllr.cc:143) For speaker train_S16_11_6_14, auxf-impr from fMLLR is 0, over 204 frames.
WARNING (gmm-est-fmllr:Update():fmllr-diag-gmm.cc:162) Not updating fMLLR since below min-count: count is 208
LOG (gmm-est-fmllr:main():gmm-est-fmllr.cc:143) For speaker train_S16_11_6_16, auxf-impr from fMLLR is 0, over 208 frames.
WARNING (gmm-est-fmllr:Update():fmllr-diag-gmm.cc:162) Not updating fMLLR since below min-count: count is 185
LOG (gmm-est-fmllr:main():gmm-est-fmllr.cc:143) For speaker train_S16_11_6_18, auxf-impr from fMLLR is 0, over 185 frames.
WARNING (gmm-est-fmllr:Update():fmllr-diag-gmm.cc:162) Not updating fMLLR since below min-count: count is 199
LOG (gmm-est-fmllr:main():gmm-est-fmllr.cc:143) For speaker train_S16_11_6_20, auxf-impr from fMLLR is 0, over 199 frames.
WARNING (gmm-est-fmllr:Update():fmllr-diag-gmm.cc:162) Not updating fMLLR since below min-count: count is 207
LOG (gmm-est-fmllr:main():gmm-est-fmllr.cc:143) For speaker train_S16_11_7_12, auxf-impr from fMLLR is 0, over 207 frames.
WARNING (gmm-est-fmllr:Update():fmllr-diag-gmm.cc:162) Not updating fMLLR since below min-count: count is 204
LOG (gmm-est-fmllr:main():gmm-est-fmllr.cc:143) For speaker train_S16_11_7_14, auxf-impr from fMLLR is 0, over 204 frames.
WARNING (gmm-est-fmllr:Update():fmllr-diag-gmm.cc:162) Not updating fMLLR since below min-count: count is 208
LOG (gmm-est-fmllr:main():gmm-est-fmllr.cc:143) For speaker train_S16_11_7_16, auxf-impr from fMLLR is 0, over 208 frames.
WARNING (gmm-est-fmllr:Update():fmllr-diag-gmm.cc:162) Not updating fMLLR since below min-count: count is 185
LOG (gmm-est-fmllr:main():gmm-est-fmllr.cc:143) For speaker train_S16_11_7_18, auxf-impr from fMLLR is 0, over 185 frames.
WARNING (gmm-est-fmllr:Update():fmllr-diag-gmm.cc:162) Not updating fMLLR since below min-count: count is 198
LOG (gmm-est-fmllr:main():gmm-est-fmllr.cc:143) For speaker train_S16_11_7_20, auxf-impr from fMLLR is 0, over 198 frames.
WARNING (gmm-est-fmllr:Update():fmllr-diag-gmm.cc:162) Not updating fMLLR since below min-count: count is 215
LOG (gmm-est-fmllr:main():gmm-est-fmllr.cc:143) For speaker train_S16_12_1_12, auxf-impr from fMLLR is 0, over 215 frames.
WARNING (gmm-est-fmllr:Update():fmllr-diag-gmm.cc:162) Not updating fMLLR since below min-count: count is 211
LOG (gmm-est-fmllr:main():gmm-est-fmllr.cc:143) For speaker train_S16_12_1_14, auxf-impr from fMLLR is 0, over 211 frames.
WARNING (gmm-est-fmllr:Update():fmllr-diag-gmm.cc:162) Not updating fMLLR since below min-count: count is 215
LOG (gmm-est-fmllr:main():gmm-est-fmllr.cc:143) For speaker train_S16_12_1_16, auxf-impr from fMLLR is 0, over 215 frames.
WARNING (gmm-est-fmllr:Update():fmllr-diag-gmm.cc:162) Not updating fMLLR since below min-count: count is 192
LOG (gmm-est-fmllr:main():gmm-est-fmllr.cc:143) For speaker train_S16_12_1_18, auxf-impr from fMLLR is 0, over 192 frames.
WARNING (gmm-est-fmllr:Update():fmllr-diag-gmm.cc:162) Not updating fMLLR since below min-count: count is 206
LOG (gmm-est-fmllr:main():gmm-est-fmllr.cc:143) For speaker train_S16_12_1_20, auxf-impr from fMLLR is 0, over 206 frames.
WARNING (gmm-est-fmllr:Update():fmllr-diag-gmm.cc:162) Not updating fMLLR since below min-count: count is 216
LOG (gmm-est-fmllr:main():gmm-est-fmllr.cc:143) For speaker train_S16_12_2_12, auxf-impr from fMLLR is 0, over 216 frames.
WARNING (gmm-est-fmllr:Update():fmllr-diag-gmm.cc:162) Not updating fMLLR since below min-count: count is 212
LOG (gmm-est-fmllr:main():gmm-est-fmllr.cc:143) For speaker train_S16_12_2_14, auxf-impr from fMLLR is 0, over 212 frames.
WARNING (gmm-est-fmllr:Update():fmllr-diag-gmm.cc:162) Not updating fMLLR since below min-count: count is 215
LOG (gmm-est-fmllr:main():gmm-est-fmllr.cc:143) For speaker train_S16_12_2_16, auxf-impr from fMLLR is 0, over 215 frames.
WARNING (gmm-est-fmllr:Update():fmllr-diag-gmm.cc:162) Not updating fMLLR since below min-count: count is 192
LOG (gmm-est-fmllr:main():gmm-est-fmllr.cc:143) For speaker train_S16_12_2_18, auxf-impr from fMLLR is 0, over 192 frames.
WARNING (gmm-est-fmllr:Update():fmllr-diag-gmm.cc:162) Not updating fMLLR since below min-count: count is 206
LOG (gmm-est-fmllr:main():gmm-est-fmllr.cc:143) For speaker train_S16_12_2_20, auxf-impr from fMLLR is 0, over 206 frames.
WARNING (gmm-est-fmllr:Update():fmllr-diag-gmm.cc:162) Not updating fMLLR since below min-count: count is 216
LOG (gmm-est-fmllr:main():gmm-est-fmllr.cc:143) For speaker train_S16_12_3_12, auxf-impr from fMLLR is 0, over 216 frames.
WARNING (gmm-est-fmllr:Update():fmllr-diag-gmm.cc:162) Not updating fMLLR since below min-count: count is 211
LOG (gmm-est-fmllr:main():gmm-est-fmllr.cc:143) For speaker train_S16_12_3_14, auxf-impr from fMLLR is 0, over 211 frames.
WARNING (gmm-est-fmllr:Update():fmllr-diag-gmm.cc:162) Not updating fMLLR since below min-count: count is 216
LOG (gmm-est-fmllr:main():gmm-est-fmllr.cc:143) For speaker train_S16_12_3_16, auxf-impr from fMLLR is 0, over 216 frames.
WARNING (gmm-est-fmllr:Update():fmllr-diag-gmm.cc:162) Not updating fMLLR since below min-count: count is 192
LOG (gmm-est-fmllr:main():gmm-est-fmllr.cc:143) For speaker train_S16_12_3_18, auxf-impr from fMLLR is 0, over 192 frames.
WARNING (gmm-est-fmllr:Update():fmllr-diag-gmm.cc:162) Not updating fMLLR since below min-count: count is 206
LOG (gmm-est-fmllr:main():gmm-est-fmllr.cc:143) For speaker train_S16_12_3_20, auxf-impr from fMLLR is 0, over 206 frames.
WARNING (gmm-est-fmllr:Update():fmllr-diag-gmm.cc:162) Not updating fMLLR since below min-count: count is 216
LOG (gmm-est-fmllr:main():gmm-est-fmllr.cc:143) For speaker train_S16_12_4_12, auxf-impr from fMLLR is 0, over 216 frames.
WARNING (gmm-est-fmllr:Update():fmllr-diag-gmm.cc:162) Not updating fMLLR since below min-count: count is 211
LOG (gmm-est-fmllr:main():gmm-est-fmllr.cc:143) For speaker train_S16_12_4_14, auxf-impr from fMLLR is 0, over 211 frames.
WARNING (gmm-est-fmllr:Update():fmllr-diag-gmm.cc:162) Not updating fMLLR since below min-count: count is 216
LOG (gmm-est-fmllr:main():gmm-est-fmllr.cc:143) For speaker train_S16_12_4_16, auxf-impr from fMLLR is 0, over 216 frames.
WARNING (gmm-est-fmllr:Update():fmllr-diag-gmm.cc:162) Not updating fMLLR since below min-count: count is 192
LOG (gmm-est-fmllr:main():gmm-est-fmllr.cc:143) For speaker train_S16_12_4_18, auxf-impr from fMLLR is 0, over 192 frames.
WARNING (gmm-est-fmllr:Update():fmllr-diag-gmm.cc:162) Not updating fMLLR since below min-count: count is 206
LOG (gmm-est-fmllr:main():gmm-est-fmllr.cc:143) For speaker train_S16_12_4_20, auxf-impr from fMLLR is 0, over 206 frames.
WARNING (gmm-est-fmllr:Update():fmllr-diag-gmm.cc:162) Not updating fMLLR since below min-count: count is 216
LOG (gmm-est-fmllr:main():gmm-est-fmllr.cc:143) For speaker train_S16_12_5_12, auxf-impr from fMLLR is 0, over 216 frames.
WARNING (gmm-est-fmllr:Update():fmllr-diag-gmm.cc:162) Not updating fMLLR since below min-count: count is 211
LOG (gmm-est-fmllr:main():gmm-est-fmllr.cc:143) For speaker train_S16_12_5_14, auxf-impr from fMLLR is 0, over 211 frames.
WARNING (gmm-est-fmllr:Update():fmllr-diag-gmm.cc:162) Not updating fMLLR since below min-count: count is 215
LOG (gmm-est-fmllr:main():gmm-est-fmllr.cc:143) For speaker train_S16_12_5_16, auxf-impr from fMLLR is 0, over 215 frames.
WARNING (gmm-est-fmllr:Update():fmllr-diag-gmm.cc:162) Not updating fMLLR since below min-count: count is 192
LOG (gmm-est-fmllr:main():gmm-est-fmllr.cc:143) For speaker train_S16_12_5_18, auxf-impr from fMLLR is 0, over 192 frames.
WARNING (gmm-est-fmllr:Update():fmllr-diag-gmm.cc:162) Not updating fMLLR since below min-count: count is 206
LOG (gmm-est-fmllr:main():gmm-est-fmllr.cc:143) For speaker train_S16_12_5_20, auxf-impr from fMLLR is 0, over 206 frames.
WARNING (gmm-est-fmllr:Update():fmllr-diag-gmm.cc:162) Not updating fMLLR since below min-count: count is 215
LOG (gmm-est-fmllr:main():gmm-est-fmllr.cc:143) For speaker train_S16_12_6_12, auxf-impr from fMLLR is 0, over 215 frames.
WARNING (gmm-est-fmllr:Update():fmllr-diag-gmm.cc:162) Not updating fMLLR since below min-count: count is 212
LOG (gmm-est-fmllr:main():gmm-est-fmllr.cc:143) For speaker train_S16_12_6_14, auxf-impr from fMLLR is 0, over 212 frames.
WARNING (gmm-est-fmllr:Update():fmllr-diag-gmm.cc:162) Not updating fMLLR since below min-count: count is 215
LOG (gmm-est-fmllr:main():gmm-est-fmllr.cc:143) For speaker train_S16_12_6_16, auxf-impr from fMLLR is 0, over 215 frames.
WARNING (gmm-est-fmllr:Update():fmllr-diag-gmm.cc:162) Not updating fMLLR since below min-count: count is 192
LOG (gmm-est-fmllr:main():gmm-est-fmllr.cc:143) For speaker train_S16_12_6_18, auxf-impr from fMLLR is 0, over 192 frames.
WARNING (gmm-est-fmllr:Update():fmllr-diag-gmm.cc:162) Not updating fMLLR since below min-count: count is 206
LOG (gmm-est-fmllr:main():gmm-est-fmllr.cc:143) For speaker train_S16_12_6_20, auxf-impr from fMLLR is 0, over 206 frames.
WARNING (gmm-est-fmllr:Update():fmllr-diag-gmm.cc:162) Not updating fMLLR since below min-count: count is 215
LOG (gmm-est-fmllr:main():gmm-est-fmllr.cc:143) For speaker train_S16_12_7_12, auxf-impr from fMLLR is 0, over 215 frames.
WARNING (gmm-est-fmllr:Update():fmllr-diag-gmm.cc:162) Not updating fMLLR since below min-count: count is 210
LOG (gmm-est-fmllr:main():gmm-est-fmllr.cc:143) For speaker train_S16_12_7_14, auxf-impr from fMLLR is 0, over 210 frames.
WARNING (gmm-est-fmllr:Update():fmllr-diag-gmm.cc:162) Not updating fMLLR since below min-count: count is 216
LOG (gmm-est-fmllr:main():gmm-est-fmllr.cc:143) For speaker train_S16_12_7_16, auxf-impr from fMLLR is 0, over 216 frames.
WARNING (gmm-est-fmllr:Update():fmllr-diag-gmm.cc:162) Not updating fMLLR since below min-count: count is 192
LOG (gmm-est-fmllr:main():gmm-est-fmllr.cc:143) For speaker train_S16_12_7_18, auxf-impr from fMLLR is 0, over 192 frames.
WARNING (gmm-est-fmllr:Update():fmllr-diag-gmm.cc:162) Not updating fMLLR since below min-count: count is 206
LOG (gmm-est-fmllr:main():gmm-est-fmllr.cc:143) For speaker train_S16_12_7_20, auxf-impr from fMLLR is 0, over 206 frames.
WARNING (gmm-est-fmllr:Update():fmllr-diag-gmm.cc:162) Not updating fMLLR since below min-count: count is 227
LOG (gmm-est-fmllr:main():gmm-est-fmllr.cc:143) For speaker train_S16_13_1_12, auxf-impr from fMLLR is 0, over 227 frames.
WARNING (gmm-est-fmllr:Update():fmllr-diag-gmm.cc:162) Not updating fMLLR since below min-count: count is 221
LOG (gmm-est-fmllr:main():gmm-est-fmllr.cc:143) For speaker train_S16_13_1_14, auxf-impr from fMLLR is 0, over 221 frames.
WARNING (gmm-est-fmllr:Update():fmllr-diag-gmm.cc:162) Not updating fMLLR since below min-count: count is 227
LOG (gmm-est-fmllr:main():gmm-est-fmllr.cc:143) For speaker train_S16_13_1_16, auxf-impr from fMLLR is 0, over 227 frames.
WARNING (gmm-est-fmllr:Update():fmllr-diag-gmm.cc:162) Not updating fMLLR since below min-count: count is 202
LOG (gmm-est-fmllr:main():gmm-est-fmllr.cc:143) For speaker train_S16_13_1_18, auxf-impr from fMLLR is 0, over 202 frames.
WARNING (gmm-est-fmllr:Update():fmllr-diag-gmm.cc:162) Not updating fMLLR since below min-count: count is 218
LOG (gmm-est-fmllr:main():gmm-est-fmllr.cc:143) For speaker train_S16_13_1_20, auxf-impr from fMLLR is 0, over 218 frames.
WARNING (gmm-est-fmllr:Update():fmllr-diag-gmm.cc:162) Not updating fMLLR since below min-count: count is 227
LOG (gmm-est-fmllr:main():gmm-est-fmllr.cc:143) For speaker train_S16_13_2_12, auxf-impr from fMLLR is 0, over 227 frames.
WARNING (gmm-est-fmllr:Update():fmllr-diag-gmm.cc:162) Not updating fMLLR since below min-count: count is 221
LOG (gmm-est-fmllr:main():gmm-est-fmllr.cc:143) For speaker train_S16_13_2_14, auxf-impr from fMLLR is 0, over 221 frames.
WARNING (gmm-est-fmllr:Update():fmllr-diag-gmm.cc:162) Not updating fMLLR since below min-count: count is 227
LOG (gmm-est-fmllr:main():gmm-est-fmllr.cc:143) For speaker train_S16_13_2_16, auxf-impr from fMLLR is 0, over 227 frames.
WARNING (gmm-est-fmllr:Update():fmllr-diag-gmm.cc:162) Not updating fMLLR since below min-count: count is 202
LOG (gmm-est-fmllr:main():gmm-est-fmllr.cc:143) For speaker train_S16_13_2_18, auxf-impr from fMLLR is 0, over 202 frames.
WARNING (gmm-est-fmllr:Update():fmllr-diag-gmm.cc:162) Not updating fMLLR since below min-count: count is 218
LOG (gmm-est-fmllr:main():gmm-est-fmllr.cc:143) For speaker train_S16_13_2_20, auxf-impr from fMLLR is 0, over 218 frames.
WARNING (gmm-est-fmllr:Update():fmllr-diag-gmm.cc:162) Not updating fMLLR since below min-count: count is 227
LOG (gmm-est-fmllr:main():gmm-est-fmllr.cc:143) For speaker train_S16_13_3_12, auxf-impr from fMLLR is 0, over 227 frames.
WARNING (gmm-est-fmllr:Update():fmllr-diag-gmm.cc:162) Not updating fMLLR since below min-count: count is 221
LOG (gmm-est-fmllr:main():gmm-est-fmllr.cc:143) For speaker train_S16_13_3_14, auxf-impr from fMLLR is 0, over 221 frames.
WARNING (gmm-est-fmllr:Update():fmllr-diag-gmm.cc:162) Not updating fMLLR since below min-count: count is 227
LOG (gmm-est-fmllr:main():gmm-est-fmllr.cc:143) For speaker train_S16_13_3_16, auxf-impr from fMLLR is 0, over 227 frames.
WARNING (gmm-est-fmllr:Update():fmllr-diag-gmm.cc:162) Not updating fMLLR since below min-count: count is 202
LOG (gmm-est-fmllr:main():gmm-est-fmllr.cc:143) For speaker train_S16_13_3_18, auxf-impr from fMLLR is 0, over 202 frames.
WARNING (gmm-est-fmllr:Update():fmllr-diag-gmm.cc:162) Not updating fMLLR since below min-count: count is 218
LOG (gmm-est-fmllr:main():gmm-est-fmllr.cc:143) For speaker train_S16_13_3_20, auxf-impr from fMLLR is 0, over 218 frames.
WARNING (gmm-est-fmllr:Update():fmllr-diag-gmm.cc:162) Not updating fMLLR since below min-count: count is 227
LOG (gmm-est-fmllr:main():gmm-est-fmllr.cc:143) For speaker train_S16_13_4_12, auxf-impr from fMLLR is 0, over 227 frames.
WARNING (gmm-est-fmllr:Update():fmllr-diag-gmm.cc:162) Not updating fMLLR since below min-count: count is 221
LOG (gmm-est-fmllr:main():gmm-est-fmllr.cc:143) For speaker train_S16_13_4_14, auxf-impr from fMLLR is 0, over 221 frames.
WARNING (gmm-est-fmllr:Update():fmllr-diag-gmm.cc:162) Not updating fMLLR since below min-count: count is 227
LOG (gmm-est-fmllr:main():gmm-est-fmllr.cc:143) For speaker train_S16_13_4_16, auxf-impr from fMLLR is 0, over 227 frames.
WARNING (gmm-est-fmllr:Update():fmllr-diag-gmm.cc:162) Not updating fMLLR since below min-count: count is 202
LOG (gmm-est-fmllr:main():gmm-est-fmllr.cc:143) For speaker train_S16_13_4_18, auxf-impr from fMLLR is 0, over 202 frames.
WARNING (gmm-est-fmllr:Update():fmllr-diag-gmm.cc:162) Not updating fMLLR since below min-count: count is 218
LOG (gmm-est-fmllr:main():gmm-est-fmllr.cc:143) For speaker train_S16_13_4_20, auxf-impr from fMLLR is 0, over 218 frames.
WARNING (gmm-est-fmllr:Update():fmllr-diag-gmm.cc:162) Not updating fMLLR since below min-count: count is 227
LOG (gmm-est-fmllr:main():gmm-est-fmllr.cc:143) For speaker train_S16_13_5_12, auxf-impr from fMLLR is 0, over 227 frames.
WARNING (gmm-est-fmllr:Update():fmllr-diag-gmm.cc:162) Not updating fMLLR since below min-count: count is 221
LOG (gmm-est-fmllr:main():gmm-est-fmllr.cc:143) For speaker train_S16_13_5_14, auxf-impr from fMLLR is 0, over 221 frames.
WARNING (gmm-est-fmllr:Update():fmllr-diag-gmm.cc:162) Not updating fMLLR since below min-count: count is 227
LOG (gmm-est-fmllr:main():gmm-est-fmllr.cc:143) For speaker train_S16_13_5_16, auxf-impr from fMLLR is 0, over 227 frames.
WARNING (gmm-est-fmllr:Update():fmllr-diag-gmm.cc:162) Not updating fMLLR since below min-count: count is 202
LOG (gmm-est-fmllr:main():gmm-est-fmllr.cc:143) For speaker train_S16_13_5_18, auxf-impr from fMLLR is 0, over 202 frames.
WARNING (gmm-est-fmllr:Update():fmllr-diag-gmm.cc:162) Not updating fMLLR since below min-count: count is 218
LOG (gmm-est-fmllr:main():gmm-est-fmllr.cc:143) For speaker train_S16_13_5_20, auxf-impr from fMLLR is 0, over 218 frames.
WARNING (gmm-est-fmllr:Update():fmllr-diag-gmm.cc:162) Not updating fMLLR since below min-count: count is 227
LOG (gmm-est-fmllr:main():gmm-est-fmllr.cc:143) For speaker train_S16_13_6_12, auxf-impr from fMLLR is 0, over 227 frames.
WARNING (gmm-est-fmllr:Update():fmllr-diag-gmm.cc:162) Not updating fMLLR since below min-count: count is 221
LOG (gmm-est-fmllr:main():gmm-est-fmllr.cc:143) For speaker train_S16_13_6_14, auxf-impr from fMLLR is 0, over 221 frames.
WARNING (gmm-est-fmllr:Update():fmllr-diag-gmm.cc:162) Not updating fMLLR since below min-count: count is 227
LOG (gmm-est-fmllr:main():gmm-est-fmllr.cc:143) For speaker train_S16_13_6_16, auxf-impr from fMLLR is 0, over 227 frames.
WARNING (gmm-est-fmllr:Update():fmllr-diag-gmm.cc:162) Not updating fMLLR since below min-count: count is 202
LOG (gmm-est-fmllr:main():gmm-est-fmllr.cc:143) For speaker train_S16_13_6_18, auxf-impr from fMLLR is 0, over 202 frames.
WARNING (gmm-est-fmllr:Update():fmllr-diag-gmm.cc:162) Not updating fMLLR since below min-count: count is 218
LOG (gmm-est-fmllr:main():gmm-est-fmllr.cc:143) For speaker train_S16_13_6_20, auxf-impr from fMLLR is 0, over 218 frames.
WARNING (gmm-est-fmllr:Update():fmllr-diag-gmm.cc:162) Not updating fMLLR since below min-count: count is 227
LOG (gmm-est-fmllr:main():gmm-est-fmllr.cc:143) For speaker train_S16_13_7_12, auxf-impr from fMLLR is 0, over 227 frames.
WARNING (gmm-est-fmllr:Update():fmllr-diag-gmm.cc:162) Not updating fMLLR since below min-count: count is 221
LOG (gmm-est-fmllr:main():gmm-est-fmllr.cc:143) For speaker train_S16_13_7_14, auxf-impr from fMLLR is 0, over 221 frames.
WARNING (gmm-est-fmllr:Update():fmllr-diag-gmm.cc:162) Not updating fMLLR since below min-count: count is 227
LOG (gmm-est-fmllr:main():gmm-est-fmllr.cc:143) For speaker train_S16_13_7_16, auxf-impr from fMLLR is 0, over 227 frames.
WARNING (gmm-est-fmllr:Update():fmllr-diag-gmm.cc:162) Not updating fMLLR since below min-count: count is 202
LOG (gmm-est-fmllr:main():gmm-est-fmllr.cc:143) For speaker train_S16_13_7_18, auxf-impr from fMLLR is 0, over 202 frames.
WARNING (gmm-est-fmllr:Update():fmllr-diag-gmm.cc:162) Not updating fMLLR since below min-count: count is 218
LOG (gmm-est-fmllr:main():gmm-est-fmllr.cc:143) For speaker train_S16_13_7_20, auxf-impr from fMLLR is 0, over 218 frames.
WARNING (gmm-est-fmllr:Update():fmllr-diag-gmm.cc:162) Not updating fMLLR since below min-count: count is 223
LOG (gmm-est-fmllr:main():gmm-est-fmllr.cc:143) For speaker train_S16_14_1_12, auxf-impr from fMLLR is 0, over 223 frames.
WARNING (gmm-est-fmllr:Update():fmllr-diag-gmm.cc:162) Not updating fMLLR since below min-count: count is 219
LOG (gmm-est-fmllr:main():gmm-est-fmllr.cc:143) For speaker train_S16_14_1_14, auxf-impr from fMLLR is 0, over 219 frames.
WARNING (gmm-est-fmllr:Update():fmllr-diag-gmm.cc:162) Not updating fMLLR since below min-count: count is 223
LOG (gmm-est-fmllr:main():gmm-est-fmllr.cc:143) For speaker train_S16_14_1_16, auxf-impr from fMLLR is 0, over 223 frames.
WARNING (gmm-est-fmllr:Update():fmllr-diag-gmm.cc:162) Not updating fMLLR since below min-count: count is 198
LOG (gmm-est-fmllr:main():gmm-est-fmllr.cc:143) For speaker train_S16_14_1_18, auxf-impr from fMLLR is 0, over 198 frames.
WARNING (gmm-est-fmllr:Update():fmllr-diag-gmm.cc:162) Not updating fMLLR since below min-count: count is 214
LOG (gmm-est-fmllr:main():gmm-est-fmllr.cc:143) For speaker train_S16_14_1_20, auxf-impr from fMLLR is 0, over 214 frames.
WARNING (gmm-est-fmllr:Update():fmllr-diag-gmm.cc:162) Not updating fMLLR since below min-count: count is 223
LOG (gmm-est-fmllr:main():gmm-est-fmllr.cc:143) For speaker train_S16_14_2_12, auxf-impr from fMLLR is 0, over 223 frames.
WARNING (gmm-est-fmllr:Update():fmllr-diag-gmm.cc:162) Not updating fMLLR since below min-count: count is 219
LOG (gmm-est-fmllr:main():gmm-est-fmllr.cc:143) For speaker train_S16_14_2_14, auxf-impr from fMLLR is 0, over 219 frames.
WARNING (gmm-est-fmllr:Update():fmllr-diag-gmm.cc:162) Not updating fMLLR since below min-count: count is 223
LOG (gmm-est-fmllr:main():gmm-est-fmllr.cc:143) For speaker train_S16_14_2_16, auxf-impr from fMLLR is 0, over 223 frames.
WARNING (gmm-est-fmllr:Update():fmllr-diag-gmm.cc:162) Not updating fMLLR since below min-count: count is 198
LOG (gmm-est-fmllr:main():gmm-est-fmllr.cc:143) For speaker train_S16_14_2_18, auxf-impr from fMLLR is 0, over 198 frames.
WARNING (gmm-est-fmllr:Update():fmllr-diag-gmm.cc:162) Not updating fMLLR since below min-count: count is 214
LOG (gmm-est-fmllr:main():gmm-est-fmllr.cc:143) For speaker train_S16_14_2_20, auxf-impr from fMLLR is 0, over 214 frames.
WARNING (gmm-est-fmllr:Update():fmllr-diag-gmm.cc:162) Not updating fMLLR since below min-count: count is 223
LOG (gmm-est-fmllr:main():gmm-est-fmllr.cc:143) For speaker train_S16_14_3_12, auxf-impr from fMLLR is 0, over 223 frames.
WARNING (gmm-est-fmllr:Update():fmllr-diag-gmm.cc:162) Not updating fMLLR since below min-count: count is 219
LOG (gmm-est-fmllr:main():gmm-est-fmllr.cc:143) For speaker train_S16_14_3_14, auxf-impr from fMLLR is 0, over 219 frames.
WARNING (gmm-est-fmllr:Update():fmllr-diag-gmm.cc:162) Not updating fMLLR since below min-count: count is 223
LOG (gmm-est-fmllr:main():gmm-est-fmllr.cc:143) For speaker train_S16_14_3_16, auxf-impr from fMLLR is 0, over 223 frames.
WARNING (gmm-est-fmllr:Update():fmllr-diag-gmm.cc:162) Not updating fMLLR since below min-count: count is 198
LOG (gmm-est-fmllr:main():gmm-est-fmllr.cc:143) For speaker train_S16_14_3_18, auxf-impr from fMLLR is 0, over 198 frames.
WARNING (gmm-est-fmllr:Update():fmllr-diag-gmm.cc:162) Not updating fMLLR since below min-count: count is 214
LOG (gmm-est-fmllr:main():gmm-est-fmllr.cc:143) For speaker train_S16_14_3_20, auxf-impr from fMLLR is 0, over 214 frames.
WARNING (gmm-est-fmllr:Update():fmllr-diag-gmm.cc:162) Not updating fMLLR since below min-count: count is 223
LOG (gmm-est-fmllr:main():gmm-est-fmllr.cc:143) For speaker train_S16_14_4_12, auxf-impr from fMLLR is 0, over 223 frames.
WARNING (gmm-est-fmllr:Update():fmllr-diag-gmm.cc:162) Not updating fMLLR since below min-count: count is 219
LOG (gmm-est-fmllr:main():gmm-est-fmllr.cc:143) For speaker train_S16_14_4_14, auxf-impr from fMLLR is 0, over 219 frames.
WARNING (gmm-est-fmllr:Update():fmllr-diag-gmm.cc:162) Not updating fMLLR since below min-count: count is 223
LOG (gmm-est-fmllr:main():gmm-est-fmllr.cc:143) For speaker train_S16_14_4_16, auxf-impr from fMLLR is 0, over 223 frames.
WARNING (gmm-est-fmllr:Update():fmllr-diag-gmm.cc:162) Not updating fMLLR since below min-count: count is 198
LOG (gmm-est-fmllr:main():gmm-est-fmllr.cc:143) For speaker train_S16_14_4_18, auxf-impr from fMLLR is 0, over 198 frames.
WARNING (gmm-est-fmllr:Update():fmllr-diag-gmm.cc:162) Not updating fMLLR since below min-count: count is 214
LOG (gmm-est-fmllr:main():gmm-est-fmllr.cc:143) For speaker train_S16_14_4_20, auxf-impr from fMLLR is 0, over 214 frames.
WARNING (gmm-est-fmllr:Update():fmllr-diag-gmm.cc:162) Not updating fMLLR since below min-count: count is 223
LOG (gmm-est-fmllr:main():gmm-est-fmllr.cc:143) For speaker train_S16_14_5_12, auxf-impr from fMLLR is 0, over 223 frames.
WARNING (gmm-est-fmllr:Update():fmllr-diag-gmm.cc:162) Not updating fMLLR since below min-count: count is 219
LOG (gmm-est-fmllr:main():gmm-est-fmllr.cc:143) For speaker train_S16_14_5_14, auxf-impr from fMLLR is 0, over 219 frames.
WARNING (gmm-est-fmllr:Update():fmllr-diag-gmm.cc:162) Not updating fMLLR since below min-count: count is 223
LOG (gmm-est-fmllr:main():gmm-est-fmllr.cc:143) For speaker train_S16_14_5_16, auxf-impr from fMLLR is 0, over 223 frames.
WARNING (gmm-est-fmllr:Update():fmllr-diag-gmm.cc:162) Not updating fMLLR since below min-count: count is 198
LOG (gmm-est-fmllr:main():gmm-est-fmllr.cc:143) For speaker train_S16_14_5_18, auxf-impr from fMLLR is 0, over 198 frames.
WARNING (gmm-est-fmllr:Update():fmllr-diag-gmm.cc:162) Not updating fMLLR since below min-count: count is 214
LOG (gmm-est-fmllr:main():gmm-est-fmllr.cc:143) For speaker train_S16_14_5_20, auxf-impr from fMLLR is 0, over 214 frames.
WARNING (gmm-est-fmllr:Update():fmllr-diag-gmm.cc:162) Not updating fMLLR since below min-count: count is 223
LOG (gmm-est-fmllr:main():gmm-est-fmllr.cc:143) For speaker train_S16_14_6_12, auxf-impr from fMLLR is 0, over 223 frames.
WARNING (gmm-est-fmllr:Update():fmllr-diag-gmm.cc:162) Not updating fMLLR since below min-count: count is 219
LOG (gmm-est-fmllr:main():gmm-est-fmllr.cc:143) For speaker train_S16_14_6_14, auxf-impr from fMLLR is 0, over 219 frames.
WARNING (gmm-est-fmllr:Update():fmllr-diag-gmm.cc:162) Not updating fMLLR since below min-count: count is 223
LOG (gmm-est-fmllr:main():gmm-est-fmllr.cc:143) For speaker train_S16_14_6_16, auxf-impr from fMLLR is 0, over 223 frames.
WARNING (gmm-est-fmllr:Update():fmllr-diag-gmm.cc:162) Not updating fMLLR since below min-count: count is 198
LOG (gmm-est-fmllr:main():gmm-est-fmllr.cc:143) For speaker train_S16_14_6_18, auxf-impr from fMLLR is 0, over 198 frames.
WARNING (gmm-est-fmllr:Update():fmllr-diag-gmm.cc:162) Not updating fMLLR since below min-count: count is 214
LOG (gmm-est-fmllr:main():gmm-est-fmllr.cc:143) For speaker train_S16_14_6_20, auxf-impr from fMLLR is 0, over 214 frames.
WARNING (gmm-est-fmllr:Update():fmllr-diag-gmm.cc:162) Not updating fMLLR since below min-count: count is 223
LOG (gmm-est-fmllr:main():gmm-est-fmllr.cc:143) For speaker train_S16_14_7_12, auxf-impr from fMLLR is 0, over 223 frames.
WARNING (gmm-est-fmllr:Update():fmllr-diag-gmm.cc:162) Not updating fMLLR since below min-count: count is 218
LOG (gmm-est-fmllr:main():gmm-est-fmllr.cc:143) For speaker train_S16_14_7_14, auxf-impr from fMLLR is 0, over 218 frames.
WARNING (gmm-est-fmllr:Update():fmllr-diag-gmm.cc:162) Not updating fMLLR since below min-count: count is 223
LOG (gmm-est-fmllr:main():gmm-est-fmllr.cc:143) For speaker train_S16_14_7_16, auxf-impr from fMLLR is 0, over 223 frames.
WARNING (gmm-est-fmllr:Update():fmllr-diag-gmm.cc:162) Not updating fMLLR since below min-count: count is 198
LOG (gmm-est-fmllr:main():gmm-est-fmllr.cc:143) For speaker train_S16_14_7_18, auxf-impr from fMLLR is 0, over 198 frames.
WARNING (gmm-est-fmllr:Update():fmllr-diag-gmm.cc:162) Not updating fMLLR since below min-count: count is 214
LOG (gmm-est-fmllr:main():gmm-est-fmllr.cc:143) For speaker train_S16_14_7_20, auxf-impr from fMLLR is 0, over 214 frames.
WARNING (gmm-est-fmllr:Update():fmllr-diag-gmm.cc:162) Not updating fMLLR since below min-count: count is 229
LOG (gmm-est-fmllr:main():gmm-est-fmllr.cc:143) For speaker train_S16_3_1_12, auxf-impr from fMLLR is 0, over 229 frames.
WARNING (gmm-est-fmllr:Update():fmllr-diag-gmm.cc:162) Not updating fMLLR since below min-count: count is 224
LOG (gmm-est-fmllr:main():gmm-est-fmllr.cc:143) For speaker train_S16_3_1_14, auxf-impr from fMLLR is 0, over 224 frames.
WARNING (gmm-est-fmllr:Update():fmllr-diag-gmm.cc:162) Not updating fMLLR since below min-count: count is 228
LOG (gmm-est-fmllr:main():gmm-est-fmllr.cc:143) For speaker train_S16_3_1_16, auxf-impr from fMLLR is 0, over 228 frames.
WARNING (gmm-est-fmllr:Update():fmllr-diag-gmm.cc:162) Not updating fMLLR since below min-count: count is 203
LOG (gmm-est-fmllr:main():gmm-est-fmllr.cc:143) For speaker train_S16_3_1_18, auxf-impr from fMLLR is 0, over 203 frames.
WARNING (gmm-est-fmllr:Update():fmllr-diag-gmm.cc:162) Not updating fMLLR since below min-count: count is 218
LOG (gmm-est-fmllr:main():gmm-est-fmllr.cc:143) For speaker train_S16_3_1_20, auxf-impr from fMLLR is 0, over 218 frames.
WARNING (gmm-est-fmllr:Update():fmllr-diag-gmm.cc:162) Not updating fMLLR since below min-count: count is 229
LOG (gmm-est-fmllr:main():gmm-est-fmllr.cc:143) For speaker train_S16_3_2_12, auxf-impr from fMLLR is 0, over 229 frames.
WARNING (gmm-est-fmllr:Update():fmllr-diag-gmm.cc:162) Not updating fMLLR since below min-count: count is 224
LOG (gmm-est-fmllr:main():gmm-est-fmllr.cc:143) For speaker train_S16_3_2_14, auxf-impr from fMLLR is 0, over 224 frames.
WARNING (gmm-est-fmllr:Update():fmllr-diag-gmm.cc:162) Not updating fMLLR since below min-count: count is 228
LOG (gmm-est-fmllr:main():gmm-est-fmllr.cc:143) For speaker train_S16_3_2_16, auxf-impr from fMLLR is 0, over 228 frames.
WARNING (gmm-est-fmllr:Update():fmllr-diag-gmm.cc:162) Not updating fMLLR since below min-count: count is 203
LOG (gmm-est-fmllr:main():gmm-est-fmllr.cc:143) For speaker train_S16_3_2_18, auxf-impr from fMLLR is 0, over 203 frames.
WARNING (gmm-est-fmllr:Update():fmllr-diag-gmm.cc:162) Not updating fMLLR since below min-count: count is 218
LOG (gmm-est-fmllr:main():gmm-est-fmllr.cc:143) For speaker train_S16_3_2_20, auxf-impr from fMLLR is 0, over 218 frames.
WARNING (gmm-est-fmllr:Update():fmllr-diag-gmm.cc:162) Not updating fMLLR since below min-count: count is 229
LOG (gmm-est-fmllr:main():gmm-est-fmllr.cc:143) For speaker train_S16_3_3_12, auxf-impr from fMLLR is 0, over 229 frames.
WARNING (gmm-est-fmllr:Update():fmllr-diag-gmm.cc:162) Not updating fMLLR since below min-count: count is 224
LOG (gmm-est-fmllr:main():gmm-est-fmllr.cc:143) For speaker train_S16_3_3_14, auxf-impr from fMLLR is 0, over 224 frames.
WARNING (gmm-est-fmllr:Update():fmllr-diag-gmm.cc:162) Not updating fMLLR since below min-count: count is 228
LOG (gmm-est-fmllr:main():gmm-est-fmllr.cc:143) For speaker train_S16_3_3_16, auxf-impr from fMLLR is 0, over 228 frames.
WARNING (gmm-est-fmllr:Update():fmllr-diag-gmm.cc:162) Not updating fMLLR since below min-count: count is 202
LOG (gmm-est-fmllr:main():gmm-est-fmllr.cc:143) For speaker train_S16_3_3_18, auxf-impr from fMLLR is 0, over 202 frames.
WARNING (gmm-est-fmllr:Update():fmllr-diag-gmm.cc:162) Not updating fMLLR since below min-count: count is 218
LOG (gmm-est-fmllr:main():gmm-est-fmllr.cc:143) For speaker train_S16_3_3_20, auxf-impr from fMLLR is 0, over 218 frames.
WARNING (gmm-est-fmllr:Update():fmllr-diag-gmm.cc:162) Not updating fMLLR since below min-count: count is 229
LOG (gmm-est-fmllr:main():gmm-est-fmllr.cc:143) For speaker train_S16_3_4_12, auxf-impr from fMLLR is 0, over 229 frames.
WARNING (gmm-est-fmllr:Update():fmllr-diag-gmm.cc:162) Not updating fMLLR since below min-count: count is 224
LOG (gmm-est-fmllr:main():gmm-est-fmllr.cc:143) For speaker train_S16_3_4_14, auxf-impr from fMLLR is 0, over 224 frames.
WARNING (gmm-est-fmllr:Update():fmllr-diag-gmm.cc:162) Not updating fMLLR since below min-count: count is 228
LOG (gmm-est-fmllr:main():gmm-est-fmllr.cc:143) For speaker train_S16_3_4_16, auxf-impr from fMLLR is 0, over 228 frames.
WARNING (gmm-est-fmllr:Update():fmllr-diag-gmm.cc:162) Not updating fMLLR since below min-count: count is 203
LOG (gmm-est-fmllr:main():gmm-est-fmllr.cc:143) For speaker train_S16_3_4_18, auxf-impr from fMLLR is 0, over 203 frames.
WARNING (gmm-est-fmllr:Update():fmllr-diag-gmm.cc:162) Not updating fMLLR since below min-count: count is 218
LOG (gmm-est-fmllr:main():gmm-est-fmllr.cc:143) For speaker train_S16_3_4_20, auxf-impr from fMLLR is 0, over 218 frames.
WARNING (gmm-est-fmllr:Update():fmllr-diag-gmm.cc:162) Not updating fMLLR since below min-count: count is 229
LOG (gmm-est-fmllr:main():gmm-est-fmllr.cc:143) For speaker train_S16_3_5_12, auxf-impr from fMLLR is 0, over 229 frames.
WARNING (gmm-est-fmllr:Update():fmllr-diag-gmm.cc:162) Not updating fMLLR since below min-count: count is 224
LOG (gmm-est-fmllr:main():gmm-est-fmllr.cc:143) For speaker train_S16_3_5_14, auxf-impr from fMLLR is 0, over 224 frames.
WARNING (gmm-est-fmllr:Update():fmllr-diag-gmm.cc:162) Not updating fMLLR since below min-count: count is 228
LOG (gmm-est-fmllr:main():gmm-est-fmllr.cc:143) For speaker train_S16_3_5_16, auxf-impr from fMLLR is 0, over 228 frames.
WARNING (gmm-est-fmllr:Update():fmllr-diag-gmm.cc:162) Not updating fMLLR since below min-count: count is 203
LOG (gmm-est-fmllr:main():gmm-est-fmllr.cc:143) For speaker train_S16_3_5_18, auxf-impr from fMLLR is 0, over 203 frames.
WARNING (gmm-est-fmllr:Update():fmllr-diag-gmm.cc:162) Not updating fMLLR since below min-count: count is 218
LOG (gmm-est-fmllr:main():gmm-est-fmllr.cc:143) For speaker train_S16_3_5_20, auxf-impr from fMLLR is 0, over 218 frames.
WARNING (gmm-est-fmllr:Update():fmllr-diag-gmm.cc:162) Not updating fMLLR since below min-count: count is 229
LOG (gmm-est-fmllr:main():gmm-est-fmllr.cc:143) For speaker train_S16_3_6_12, auxf-impr from fMLLR is 0, over 229 frames.
WARNING (gmm-est-fmllr:Update():fmllr-diag-gmm.cc:162) Not updating fMLLR since below min-count: count is 224
LOG (gmm-est-fmllr:main():gmm-est-fmllr.cc:143) For speaker train_S16_3_6_14, auxf-impr from fMLLR is 0, over 224 frames.
LOG (ali-to-post:main():ali-to-post.cc:65) Converted 276 alignments.
WARNING (gmm-est-fmllr:Update():fmllr-diag-gmm.cc:162) Not updating fMLLR since below min-count: count is 228
LOG (gmm-est-fmllr:main():gmm-est-fmllr.cc:143) For speaker train_S16_3_6_16, auxf-impr from fMLLR is 0, over 228 frames.
WARNING (gmm-est-fmllr:Update():fmllr-diag-gmm.cc:162) Not updating fMLLR since below min-count: count is 203
LOG (gmm-est-fmllr:main():gmm-est-fmllr.cc:143) For speaker train_S16_3_6_18, auxf-impr from fMLLR is 0, over 203 frames.
WARNING (gmm-est-fmllr:Update():fmllr-diag-gmm.cc:162) Not updating fMLLR since below min-count: count is 218
LOG (gmm-est-fmllr:main():gmm-est-fmllr.cc:143) For speaker train_S16_3_6_20, auxf-impr from fMLLR is 0, over 218 frames.
WARNING (gmm-est-fmllr:Update():fmllr-diag-gmm.cc:162) Not updating fMLLR since below min-count: count is 229
LOG (gmm-est-fmllr:main():gmm-est-fmllr.cc:143) For speaker train_S16_3_7_12, auxf-impr from fMLLR is 0, over 229 frames.
WARNING (gmm-est-fmllr:Update():fmllr-diag-gmm.cc:162) Not updating fMLLR since below min-count: count is 224
LOG (gmm-est-fmllr:main():gmm-est-fmllr.cc:143) For speaker train_S16_3_7_14, auxf-impr from fMLLR is 0, over 224 frames.
WARNING (gmm-est-fmllr:Update():fmllr-diag-gmm.cc:162) Not updating fMLLR since below min-count: count is 228
LOG (gmm-est-fmllr:main():gmm-est-fmllr.cc:143) For speaker train_S16_3_7_16, auxf-impr from fMLLR is 0, over 228 frames.
WARNING (gmm-est-fmllr:Update():fmllr-diag-gmm.cc:162) Not updating fMLLR since below min-count: count is 202
LOG (gmm-est-fmllr:main():gmm-est-fmllr.cc:143) For speaker train_S16_3_7_18, auxf-impr from fMLLR is 0, over 202 frames.
WARNING (gmm-est-fmllr:Update():fmllr-diag-gmm.cc:162) Not updating fMLLR since below min-count: count is 218
LOG (gmm-est-fmllr:main():gmm-est-fmllr.cc:143) For speaker train_S16_3_7_20, auxf-impr from fMLLR is 0, over 218 frames.
WARNING (gmm-est-fmllr:Update():fmllr-diag-gmm.cc:162) Not updating fMLLR since below min-count: count is 217
LOG (gmm-est-fmllr:main():gmm-est-fmllr.cc:143) For speaker train_S16_4_1_12, auxf-impr from fMLLR is 0, over 217 frames.
WARNING (gmm-est-fmllr:Update():fmllr-diag-gmm.cc:162) Not updating fMLLR since below min-count: count is 212
LOG (gmm-est-fmllr:main():gmm-est-fmllr.cc:143) For speaker train_S16_4_1_14, auxf-impr from fMLLR is 0, over 212 frames.
WARNING (gmm-est-fmllr:Update():fmllr-diag-gmm.cc:162) Not updating fMLLR since below min-count: count is 216
LOG (gmm-est-fmllr:main():gmm-est-fmllr.cc:143) For speaker train_S16_4_1_16, auxf-impr from fMLLR is 0, over 216 frames.
WARNING (gmm-est-fmllr:Update():fmllr-diag-gmm.cc:162) Not updating fMLLR since below min-count: count is 193
LOG (gmm-est-fmllr:main():gmm-est-fmllr.cc:143) For speaker train_S16_4_1_18, auxf-impr from fMLLR is 0, over 193 frames.
WARNING (gmm-est-fmllr:Update():fmllr-diag-gmm.cc:162) Not updating fMLLR since below min-count: count is 207
LOG (gmm-est-fmllr:main():gmm-est-fmllr.cc:143) For speaker train_S16_4_1_20, auxf-impr from fMLLR is 0, over 207 frames.
WARNING (gmm-est-fmllr:Update():fmllr-diag-gmm.cc:162) Not updating fMLLR since below min-count: count is 217
LOG (gmm-est-fmllr:main():gmm-est-fmllr.cc:143) For speaker train_S16_4_2_12, auxf-impr from fMLLR is 0, over 217 frames.
WARNING (gmm-est-fmllr:Update():fmllr-diag-gmm.cc:162) Not updating fMLLR since below min-count: count is 212
LOG (gmm-est-fmllr:main():gmm-est-fmllr.cc:143) For speaker train_S16_4_2_14, auxf-impr from fMLLR is 0, over 212 frames.
LOG (weight-silence-post:main():weight-silence-post.cc:95) Done 276 posteriors.
WARNING (gmm-est-fmllr:Update():fmllr-diag-gmm.cc:162) Not updating fMLLR since below min-count: count is 216
LOG (gmm-est-fmllr:main():gmm-est-fmllr.cc:143) For speaker train_S16_4_2_16, auxf-impr from fMLLR is 0, over 216 frames.
WARNING (gmm-est-fmllr:Update():fmllr-diag-gmm.cc:162) Not updating fMLLR since below min-count: count is 193
LOG (gmm-est-fmllr:main():gmm-est-fmllr.cc:143) For speaker train_S16_4_2_18, auxf-impr from fMLLR is 0, over 193 frames.
WARNING (gmm-est-fmllr:Update():fmllr-diag-gmm.cc:162) Not updating fMLLR since below min-count: count is 207
LOG (gmm-est-fmllr:main():gmm-est-fmllr.cc:143) For speaker train_S16_4_2_20, auxf-impr from fMLLR is 0, over 207 frames.
WARNING (gmm-est-fmllr:Update():fmllr-diag-gmm.cc:162) Not updating fMLLR since below min-count: count is 217
LOG (gmm-est-fmllr:main():gmm-est-fmllr.cc:143) For speaker train_S16_4_3_12, auxf-impr from fMLLR is 0, over 217 frames.
WARNING (gmm-est-fmllr:Update():fmllr-diag-gmm.cc:162) Not updating fMLLR since below min-count: count is 212
LOG (gmm-est-fmllr:main():gmm-est-fmllr.cc:143) For speaker train_S16_4_3_14, auxf-impr from fMLLR is 0, over 212 frames.
WARNING (gmm-est-fmllr:Update():fmllr-diag-gmm.cc:162) Not updating fMLLR since below min-count: count is 216
LOG (gmm-est-fmllr:main():gmm-est-fmllr.cc:143) For speaker train_S16_4_3_16, auxf-impr from fMLLR is 0, over 216 frames.
WARNING (gmm-est-fmllr:Update():fmllr-diag-gmm.cc:162) Not updating fMLLR since below min-count: count is 193
LOG (gmm-est-fmllr:main():gmm-est-fmllr.cc:143) For speaker train_S16_4_3_18, auxf-impr from fMLLR is 0, over 193 frames.
WARNING (gmm-est-fmllr:Update():fmllr-diag-gmm.cc:162) Not updating fMLLR since below min-count: count is 207
LOG (gmm-est-fmllr:main():gmm-est-fmllr.cc:143) For speaker train_S16_4_3_20, auxf-impr from fMLLR is 0, over 207 frames.
WARNING (gmm-est-fmllr:Update():fmllr-diag-gmm.cc:162) Not updating fMLLR since below min-count: count is 217
LOG (gmm-est-fmllr:main():gmm-est-fmllr.cc:143) For speaker train_S16_4_4_12, auxf-impr from fMLLR is 0, over 217 frames.
WARNING (gmm-est-fmllr:Update():fmllr-diag-gmm.cc:162) Not updating fMLLR since below min-count: count is 212
LOG (gmm-est-fmllr:main():gmm-est-fmllr.cc:143) For speaker train_S16_4_4_14, auxf-impr from fMLLR is 0, over 212 frames.
LOG (apply-cmvn:main():apply-cmvn.cc:146) Applied cepstral mean normalization to 276 utterances, errors on 0
WARNING (gmm-est-fmllr:Update():fmllr-diag-gmm.cc:162) Not updating fMLLR since below min-count: count is 216
LOG (gmm-est-fmllr:main():gmm-est-fmllr.cc:143) For speaker train_S16_4_4_16, auxf-impr from fMLLR is 0, over 216 frames.
WARNING (gmm-est-fmllr:Update():fmllr-diag-gmm.cc:162) Not updating fMLLR since below min-count: count is 193
LOG (gmm-est-fmllr:main():gmm-est-fmllr.cc:143) For speaker train_S16_4_4_18, auxf-impr from fMLLR is 0, over 193 frames.
WARNING (gmm-est-fmllr:Update():fmllr-diag-gmm.cc:162) Not updating fMLLR since below min-count: count is 207
LOG (gmm-est-fmllr:main():gmm-est-fmllr.cc:143) For speaker train_S16_4_4_20, auxf-impr from fMLLR is 0, over 207 frames.
WARNING (gmm-est-fmllr:Update():fmllr-diag-gmm.cc:162) Not updating fMLLR since below min-count: count is 217
LOG (gmm-est-fmllr:main():gmm-est-fmllr.cc:143) For speaker train_S16_4_5_12, auxf-impr from fMLLR is 0, over 217 frames.
WARNING (gmm-est-fmllr:Update():fmllr-diag-gmm.cc:162) Not updating fMLLR since below min-count: count is 212
LOG (gmm-est-fmllr:main():gmm-est-fmllr.cc:143) For speaker train_S16_4_5_14, auxf-impr from fMLLR is 0, over 212 frames.
WARNING (gmm-est-fmllr:Update():fmllr-diag-gmm.cc:162) Not updating fMLLR since below min-count: count is 216
LOG (gmm-est-fmllr:main():gmm-est-fmllr.cc:143) For speaker train_S16_4_5_16, auxf-impr from fMLLR is 0, over 216 frames.
WARNING (gmm-est-fmllr:Update():fmllr-diag-gmm.cc:162) Not updating fMLLR since below min-count: count is 193
LOG (gmm-est-fmllr:main():gmm-est-fmllr.cc:143) For speaker train_S16_4_5_18, auxf-impr from fMLLR is 0, over 193 frames.
LOG (gmm-est-fmllr:main():gmm-est-fmllr.cc:188) Done 276 files, 0 with no posts, 0 with other errors.
LOG (gmm-est-fmllr:main():gmm-est-fmllr.cc:190) Overall fMLLR auxf impr per frame is 0 over 64723 frames.
# Accounting: time=3 threads=1
# Ended (code 0) at Thu Feb 27 12:03:03 IST 2020, elapsed time 3 seconds
