# ali-to-post "ark:gunzip -c exp/mono2/ali.24.gz|" ark:- | weight-silence-post 0.0 1 exp/mono2/4.mdl ark:- ark:- | gmm-est-fmllr --fmllr-update-type=full --spk2utt=ark:data/train/split30/24/spk2utt exp/mono2/4.mdl "ark,s,cs:apply-cmvn  --utt2spk=ark:data/train/split30/24/utt2spk scp:data/train/split30/24/cmvn.scp scp:data/train/split30/24/feats.scp ark:- | add-deltas  ark:- ark:- | transform-feats --utt2spk=ark:data/train/split30/24/utt2spk ark:exp/mono2/trans.24 ark:- ark:- |" ark:- ark:exp/mono2/tmp_trans.24 
# Started at Thu Feb 27 12:04:11 IST 2020
#
ali-to-post 'ark:gunzip -c exp/mono2/ali.24.gz|' ark:- 
weight-silence-post 0.0 1 exp/mono2/4.mdl ark:- ark:- 
gmm-est-fmllr --fmllr-update-type=full --spk2utt=ark:data/train/split30/24/spk2utt exp/mono2/4.mdl 'ark,s,cs:apply-cmvn  --utt2spk=ark:data/train/split30/24/utt2spk scp:data/train/split30/24/cmvn.scp scp:data/train/split30/24/feats.scp ark:- | add-deltas  ark:- ark:- | transform-feats --utt2spk=ark:data/train/split30/24/utt2spk ark:exp/mono2/trans.24 ark:- ark:- |' ark:- ark:exp/mono2/tmp_trans.24 
add-deltas ark:- ark:- 
transform-feats --utt2spk=ark:data/train/split30/24/utt2spk ark:exp/mono2/trans.24 ark:- ark:- 
apply-cmvn --utt2spk=ark:data/train/split30/24/utt2spk scp:data/train/split30/24/cmvn.scp scp:data/train/split30/24/feats.scp ark:- 
WARNING (gmm-est-fmllr:Update():fmllr-diag-gmm.cc:162) Not updating fMLLR since below min-count: count is 234
LOG (gmm-est-fmllr:main():gmm-est-fmllr.cc:143) For speaker train_S5_14_7_18, auxf-impr from fMLLR is 0, over 234 frames.
WARNING (gmm-est-fmllr:Update():fmllr-diag-gmm.cc:162) Not updating fMLLR since below min-count: count is 252
LOG (gmm-est-fmllr:main():gmm-est-fmllr.cc:143) For speaker train_S5_14_7_20, auxf-impr from fMLLR is 0, over 252 frames.
WARNING (gmm-est-fmllr:Update():fmllr-diag-gmm.cc:162) Not updating fMLLR since below min-count: count is 150
LOG (gmm-est-fmllr:main():gmm-est-fmllr.cc:143) For speaker train_S5_3_1_12, auxf-impr from fMLLR is 0, over 150 frames.
WARNING (gmm-est-fmllr:Update():fmllr-diag-gmm.cc:162) Not updating fMLLR since below min-count: count is 147
LOG (gmm-est-fmllr:main():gmm-est-fmllr.cc:143) For speaker train_S5_3_1_14, auxf-impr from fMLLR is 0, over 147 frames.
WARNING (gmm-est-fmllr:Update():fmllr-diag-gmm.cc:162) Not updating fMLLR since below min-count: count is 150
LOG (gmm-est-fmllr:main():gmm-est-fmllr.cc:143) For speaker train_S5_3_1_16, auxf-impr from fMLLR is 0, over 150 frames.
WARNING (gmm-est-fmllr:Update():fmllr-diag-gmm.cc:162) Not updating fMLLR since below min-count: count is 134
LOG (gmm-est-fmllr:main():gmm-est-fmllr.cc:143) For speaker train_S5_3_1_18, auxf-impr from fMLLR is 0, over 134 frames.
WARNING (gmm-est-fmllr:Update():fmllr-diag-gmm.cc:162) Not updating fMLLR since below min-count: count is 144
LOG (gmm-est-fmllr:main():gmm-est-fmllr.cc:143) For speaker train_S5_3_1_20, auxf-impr from fMLLR is 0, over 144 frames.
WARNING (gmm-est-fmllr:Update():fmllr-diag-gmm.cc:162) Not updating fMLLR since below min-count: count is 150
LOG (gmm-est-fmllr:main():gmm-est-fmllr.cc:143) For speaker train_S5_3_2_12, auxf-impr from fMLLR is 0, over 150 frames.
WARNING (gmm-est-fmllr:Update():fmllr-diag-gmm.cc:162) Not updating fMLLR since below min-count: count is 147
LOG (gmm-est-fmllr:main():gmm-est-fmllr.cc:143) For speaker train_S5_3_2_14, auxf-impr from fMLLR is 0, over 147 frames.
WARNING (gmm-est-fmllr:Update():fmllr-diag-gmm.cc:162) Not updating fMLLR since below min-count: count is 150
LOG (gmm-est-fmllr:main():gmm-est-fmllr.cc:143) For speaker train_S5_3_2_16, auxf-impr from fMLLR is 0, over 150 frames.
WARNING (gmm-est-fmllr:Update():fmllr-diag-gmm.cc:162) Not updating fMLLR since below min-count: count is 134
LOG (gmm-est-fmllr:main():gmm-est-fmllr.cc:143) For speaker train_S5_3_2_18, auxf-impr from fMLLR is 0, over 134 frames.
WARNING (gmm-est-fmllr:Update():fmllr-diag-gmm.cc:162) Not updating fMLLR since below min-count: count is 144
LOG (gmm-est-fmllr:main():gmm-est-fmllr.cc:143) For speaker train_S5_3_2_20, auxf-impr from fMLLR is 0, over 144 frames.
WARNING (gmm-est-fmllr:Update():fmllr-diag-gmm.cc:162) Not updating fMLLR since below min-count: count is 150
LOG (gmm-est-fmllr:main():gmm-est-fmllr.cc:143) For speaker train_S5_3_3_12, auxf-impr from fMLLR is 0, over 150 frames.
WARNING (gmm-est-fmllr:Update():fmllr-diag-gmm.cc:162) Not updating fMLLR since below min-count: count is 147
LOG (gmm-est-fmllr:main():gmm-est-fmllr.cc:143) For speaker train_S5_3_3_14, auxf-impr from fMLLR is 0, over 147 frames.
WARNING (gmm-est-fmllr:Update():fmllr-diag-gmm.cc:162) Not updating fMLLR since below min-count: count is 150
LOG (gmm-est-fmllr:main():gmm-est-fmllr.cc:143) For speaker train_S5_3_3_16, auxf-impr from fMLLR is 0, over 150 frames.
WARNING (gmm-est-fmllr:Update():fmllr-diag-gmm.cc:162) Not updating fMLLR since below min-count: count is 134
LOG (gmm-est-fmllr:main():gmm-est-fmllr.cc:143) For speaker train_S5_3_3_18, auxf-impr from fMLLR is 0, over 134 frames.
WARNING (gmm-est-fmllr:Update():fmllr-diag-gmm.cc:162) Not updating fMLLR since below min-count: count is 144
LOG (gmm-est-fmllr:main():gmm-est-fmllr.cc:143) For speaker train_S5_3_3_20, auxf-impr from fMLLR is 0, over 144 frames.
WARNING (gmm-est-fmllr:Update():fmllr-diag-gmm.cc:162) Not updating fMLLR since below min-count: count is 150
LOG (gmm-est-fmllr:main():gmm-est-fmllr.cc:143) For speaker train_S5_3_4_12, auxf-impr from fMLLR is 0, over 150 frames.
WARNING (gmm-est-fmllr:Update():fmllr-diag-gmm.cc:162) Not updating fMLLR since below min-count: count is 147
LOG (gmm-est-fmllr:main():gmm-est-fmllr.cc:143) For speaker train_S5_3_4_14, auxf-impr from fMLLR is 0, over 147 frames.
WARNING (gmm-est-fmllr:Update():fmllr-diag-gmm.cc:162) Not updating fMLLR since below min-count: count is 150
LOG (gmm-est-fmllr:main():gmm-est-fmllr.cc:143) For speaker train_S5_3_4_16, auxf-impr from fMLLR is 0, over 150 frames.
WARNING (gmm-est-fmllr:Update():fmllr-diag-gmm.cc:162) Not updating fMLLR since below min-count: count is 134
LOG (gmm-est-fmllr:main():gmm-est-fmllr.cc:143) For speaker train_S5_3_4_18, auxf-impr from fMLLR is 0, over 134 frames.
WARNING (gmm-est-fmllr:Update():fmllr-diag-gmm.cc:162) Not updating fMLLR since below min-count: count is 144
LOG (gmm-est-fmllr:main():gmm-est-fmllr.cc:143) For speaker train_S5_3_4_20, auxf-impr from fMLLR is 0, over 144 frames.
WARNING (gmm-est-fmllr:Update():fmllr-diag-gmm.cc:162) Not updating fMLLR since below min-count: count is 150
LOG (gmm-est-fmllr:main():gmm-est-fmllr.cc:143) For speaker train_S5_3_5_12, auxf-impr from fMLLR is 0, over 150 frames.
WARNING (gmm-est-fmllr:Update():fmllr-diag-gmm.cc:162) Not updating fMLLR since below min-count: count is 147
LOG (gmm-est-fmllr:main():gmm-est-fmllr.cc:143) For speaker train_S5_3_5_14, auxf-impr from fMLLR is 0, over 147 frames.
WARNING (gmm-est-fmllr:Update():fmllr-diag-gmm.cc:162) Not updating fMLLR since below min-count: count is 150
LOG (gmm-est-fmllr:main():gmm-est-fmllr.cc:143) For speaker train_S5_3_5_16, auxf-impr from fMLLR is 0, over 150 frames.
WARNING (gmm-est-fmllr:Update():fmllr-diag-gmm.cc:162) Not updating fMLLR since below min-count: count is 134
LOG (gmm-est-fmllr:main():gmm-est-fmllr.cc:143) For speaker train_S5_3_5_18, auxf-impr from fMLLR is 0, over 134 frames.
WARNING (gmm-est-fmllr:Update():fmllr-diag-gmm.cc:162) Not updating fMLLR since below min-count: count is 144
LOG (gmm-est-fmllr:main():gmm-est-fmllr.cc:143) For speaker train_S5_3_5_20, auxf-impr from fMLLR is 0, over 144 frames.
WARNING (gmm-est-fmllr:Update():fmllr-diag-gmm.cc:162) Not updating fMLLR since below min-count: count is 150
LOG (gmm-est-fmllr:main():gmm-est-fmllr.cc:143) For speaker train_S5_3_6_12, auxf-impr from fMLLR is 0, over 150 frames.
WARNING (gmm-est-fmllr:Update():fmllr-diag-gmm.cc:162) Not updating fMLLR since below min-count: count is 147
LOG (gmm-est-fmllr:main():gmm-est-fmllr.cc:143) For speaker train_S5_3_6_14, auxf-impr from fMLLR is 0, over 147 frames.
WARNING (gmm-est-fmllr:Update():fmllr-diag-gmm.cc:162) Not updating fMLLR since below min-count: count is 150
LOG (gmm-est-fmllr:main():gmm-est-fmllr.cc:143) For speaker train_S5_3_6_16, auxf-impr from fMLLR is 0, over 150 frames.
WARNING (gmm-est-fmllr:Update():fmllr-diag-gmm.cc:162) Not updating fMLLR since below min-count: count is 134
LOG (gmm-est-fmllr:main():gmm-est-fmllr.cc:143) For speaker train_S5_3_6_18, auxf-impr from fMLLR is 0, over 134 frames.
WARNING (gmm-est-fmllr:Update():fmllr-diag-gmm.cc:162) Not updating fMLLR since below min-count: count is 144
LOG (gmm-est-fmllr:main():gmm-est-fmllr.cc:143) For speaker train_S5_3_6_20, auxf-impr from fMLLR is 0, over 144 frames.
WARNING (gmm-est-fmllr:Update():fmllr-diag-gmm.cc:162) Not updating fMLLR since below min-count: count is 150
LOG (gmm-est-fmllr:main():gmm-est-fmllr.cc:143) For speaker train_S5_3_7_12, auxf-impr from fMLLR is 0, over 150 frames.
WARNING (gmm-est-fmllr:Update():fmllr-diag-gmm.cc:162) Not updating fMLLR since below min-count: count is 147
LOG (gmm-est-fmllr:main():gmm-est-fmllr.cc:143) For speaker train_S5_3_7_14, auxf-impr from fMLLR is 0, over 147 frames.
WARNING (gmm-est-fmllr:Update():fmllr-diag-gmm.cc:162) Not updating fMLLR since below min-count: count is 150
LOG (gmm-est-fmllr:main():gmm-est-fmllr.cc:143) For speaker train_S5_3_7_16, auxf-impr from fMLLR is 0, over 150 frames.
WARNING (gmm-est-fmllr:Update():fmllr-diag-gmm.cc:162) Not updating fMLLR since below min-count: count is 134
LOG (gmm-est-fmllr:main():gmm-est-fmllr.cc:143) For speaker train_S5_3_7_18, auxf-impr from fMLLR is 0, over 134 frames.
WARNING (gmm-est-fmllr:Update():fmllr-diag-gmm.cc:162) Not updating fMLLR since below min-count: count is 144
LOG (gmm-est-fmllr:main():gmm-est-fmllr.cc:143) For speaker train_S5_3_7_20, auxf-impr from fMLLR is 0, over 144 frames.
WARNING (gmm-est-fmllr:Update():fmllr-diag-gmm.cc:162) Not updating fMLLR since below min-count: count is 178
LOG (gmm-est-fmllr:main():gmm-est-fmllr.cc:143) For speaker train_S5_4_1_12, auxf-impr from fMLLR is 0, over 178 frames.
WARNING (gmm-est-fmllr:Update():fmllr-diag-gmm.cc:162) Not updating fMLLR since below min-count: count is 175
LOG (gmm-est-fmllr:main():gmm-est-fmllr.cc:143) For speaker train_S5_4_1_14, auxf-impr from fMLLR is 0, over 175 frames.
WARNING (gmm-est-fmllr:Update():fmllr-diag-gmm.cc:162) Not updating fMLLR since below min-count: count is 178
LOG (gmm-est-fmllr:main():gmm-est-fmllr.cc:143) For speaker train_S5_4_1_16, auxf-impr from fMLLR is 0, over 178 frames.
WARNING (gmm-est-fmllr:Update():fmllr-diag-gmm.cc:162) Not updating fMLLR since below min-count: count is 159
LOG (gmm-est-fmllr:main():gmm-est-fmllr.cc:143) For speaker train_S5_4_1_18, auxf-impr from fMLLR is 0, over 159 frames.
WARNING (gmm-est-fmllr:Update():fmllr-diag-gmm.cc:162) Not updating fMLLR since below min-count: count is 170
LOG (gmm-est-fmllr:main():gmm-est-fmllr.cc:143) For speaker train_S5_4_1_20, auxf-impr from fMLLR is 0, over 170 frames.
WARNING (gmm-est-fmllr:Update():fmllr-diag-gmm.cc:162) Not updating fMLLR since below min-count: count is 178
LOG (gmm-est-fmllr:main():gmm-est-fmllr.cc:143) For speaker train_S5_4_2_12, auxf-impr from fMLLR is 0, over 178 frames.
WARNING (gmm-est-fmllr:Update():fmllr-diag-gmm.cc:162) Not updating fMLLR since below min-count: count is 175
LOG (gmm-est-fmllr:main():gmm-est-fmllr.cc:143) For speaker train_S5_4_2_14, auxf-impr from fMLLR is 0, over 175 frames.
WARNING (gmm-est-fmllr:Update():fmllr-diag-gmm.cc:162) Not updating fMLLR since below min-count: count is 178
LOG (gmm-est-fmllr:main():gmm-est-fmllr.cc:143) For speaker train_S5_4_2_16, auxf-impr from fMLLR is 0, over 178 frames.
WARNING (gmm-est-fmllr:Update():fmllr-diag-gmm.cc:162) Not updating fMLLR since below min-count: count is 159
LOG (gmm-est-fmllr:main():gmm-est-fmllr.cc:143) For speaker train_S5_4_2_18, auxf-impr from fMLLR is 0, over 159 frames.
WARNING (gmm-est-fmllr:Update():fmllr-diag-gmm.cc:162) Not updating fMLLR since below min-count: count is 170
LOG (gmm-est-fmllr:main():gmm-est-fmllr.cc:143) For speaker train_S5_4_2_20, auxf-impr from fMLLR is 0, over 170 frames.
WARNING (gmm-est-fmllr:Update():fmllr-diag-gmm.cc:162) Not updating fMLLR since below min-count: count is 178
LOG (gmm-est-fmllr:main():gmm-est-fmllr.cc:143) For speaker train_S5_4_3_12, auxf-impr from fMLLR is 0, over 178 frames.
WARNING (gmm-est-fmllr:Update():fmllr-diag-gmm.cc:162) Not updating fMLLR since below min-count: count is 175
LOG (gmm-est-fmllr:main():gmm-est-fmllr.cc:143) For speaker train_S5_4_3_14, auxf-impr from fMLLR is 0, over 175 frames.
WARNING (gmm-est-fmllr:Update():fmllr-diag-gmm.cc:162) Not updating fMLLR since below min-count: count is 178
LOG (gmm-est-fmllr:main():gmm-est-fmllr.cc:143) For speaker train_S5_4_3_16, auxf-impr from fMLLR is 0, over 178 frames.
WARNING (gmm-est-fmllr:Update():fmllr-diag-gmm.cc:162) Not updating fMLLR since below min-count: count is 159
LOG (gmm-est-fmllr:main():gmm-est-fmllr.cc:143) For speaker train_S5_4_3_18, auxf-impr from fMLLR is 0, over 159 frames.
WARNING (gmm-est-fmllr:Update():fmllr-diag-gmm.cc:162) Not updating fMLLR since below min-count: count is 171
LOG (gmm-est-fmllr:main():gmm-est-fmllr.cc:143) For speaker train_S5_4_3_20, auxf-impr from fMLLR is 0, over 171 frames.
WARNING (gmm-est-fmllr:Update():fmllr-diag-gmm.cc:162) Not updating fMLLR since below min-count: count is 178
LOG (gmm-est-fmllr:main():gmm-est-fmllr.cc:143) For speaker train_S5_4_4_12, auxf-impr from fMLLR is 0, over 178 frames.
WARNING (gmm-est-fmllr:Update():fmllr-diag-gmm.cc:162) Not updating fMLLR since below min-count: count is 175
LOG (gmm-est-fmllr:main():gmm-est-fmllr.cc:143) For speaker train_S5_4_4_14, auxf-impr from fMLLR is 0, over 175 frames.
WARNING (gmm-est-fmllr:Update():fmllr-diag-gmm.cc:162) Not updating fMLLR since below min-count: count is 178
LOG (gmm-est-fmllr:main():gmm-est-fmllr.cc:143) For speaker train_S5_4_4_16, auxf-impr from fMLLR is 0, over 178 frames.
WARNING (gmm-est-fmllr:Update():fmllr-diag-gmm.cc:162) Not updating fMLLR since below min-count: count is 159
LOG (gmm-est-fmllr:main():gmm-est-fmllr.cc:143) For speaker train_S5_4_4_18, auxf-impr from fMLLR is 0, over 159 frames.
WARNING (gmm-est-fmllr:Update():fmllr-diag-gmm.cc:162) Not updating fMLLR since below min-count: count is 171
LOG (gmm-est-fmllr:main():gmm-est-fmllr.cc:143) For speaker train_S5_4_4_20, auxf-impr from fMLLR is 0, over 171 frames.
WARNING (gmm-est-fmllr:Update():fmllr-diag-gmm.cc:162) Not updating fMLLR since below min-count: count is 178
LOG (gmm-est-fmllr:main():gmm-est-fmllr.cc:143) For speaker train_S5_4_5_12, auxf-impr from fMLLR is 0, over 178 frames.
WARNING (gmm-est-fmllr:Update():fmllr-diag-gmm.cc:162) Not updating fMLLR since below min-count: count is 175
LOG (gmm-est-fmllr:main():gmm-est-fmllr.cc:143) For speaker train_S5_4_5_14, auxf-impr from fMLLR is 0, over 175 frames.
WARNING (gmm-est-fmllr:Update():fmllr-diag-gmm.cc:162) Not updating fMLLR since below min-count: count is 178
LOG (gmm-est-fmllr:main():gmm-est-fmllr.cc:143) For speaker train_S5_4_5_16, auxf-impr from fMLLR is 0, over 178 frames.
WARNING (gmm-est-fmllr:Update():fmllr-diag-gmm.cc:162) Not updating fMLLR since below min-count: count is 159
LOG (gmm-est-fmllr:main():gmm-est-fmllr.cc:143) For speaker train_S5_4_5_18, auxf-impr from fMLLR is 0, over 159 frames.
WARNING (gmm-est-fmllr:Update():fmllr-diag-gmm.cc:162) Not updating fMLLR since below min-count: count is 171
LOG (gmm-est-fmllr:main():gmm-est-fmllr.cc:143) For speaker train_S5_4_5_20, auxf-impr from fMLLR is 0, over 171 frames.
WARNING (gmm-est-fmllr:Update():fmllr-diag-gmm.cc:162) Not updating fMLLR since below min-count: count is 178
LOG (gmm-est-fmllr:main():gmm-est-fmllr.cc:143) For speaker train_S5_4_6_12, auxf-impr from fMLLR is 0, over 178 frames.
WARNING (gmm-est-fmllr:Update():fmllr-diag-gmm.cc:162) Not updating fMLLR since below min-count: count is 175
LOG (gmm-est-fmllr:main():gmm-est-fmllr.cc:143) For speaker train_S5_4_6_14, auxf-impr from fMLLR is 0, over 175 frames.
WARNING (gmm-est-fmllr:Update():fmllr-diag-gmm.cc:162) Not updating fMLLR since below min-count: count is 178
LOG (gmm-est-fmllr:main():gmm-est-fmllr.cc:143) For speaker train_S5_4_6_16, auxf-impr from fMLLR is 0, over 178 frames.
WARNING (gmm-est-fmllr:Update():fmllr-diag-gmm.cc:162) Not updating fMLLR since below min-count: count is 159
LOG (gmm-est-fmllr:main():gmm-est-fmllr.cc:143) For speaker train_S5_4_6_18, auxf-impr from fMLLR is 0, over 159 frames.
WARNING (gmm-est-fmllr:Update():fmllr-diag-gmm.cc:162) Not updating fMLLR since below min-count: count is 171
LOG (gmm-est-fmllr:main():gmm-est-fmllr.cc:143) For speaker train_S5_4_6_20, auxf-impr from fMLLR is 0, over 171 frames.
WARNING (gmm-est-fmllr:Update():fmllr-diag-gmm.cc:162) Not updating fMLLR since below min-count: count is 178
LOG (gmm-est-fmllr:main():gmm-est-fmllr.cc:143) For speaker train_S5_4_7_12, auxf-impr from fMLLR is 0, over 178 frames.
WARNING (gmm-est-fmllr:Update():fmllr-diag-gmm.cc:162) Not updating fMLLR since below min-count: count is 175
LOG (gmm-est-fmllr:main():gmm-est-fmllr.cc:143) For speaker train_S5_4_7_14, auxf-impr from fMLLR is 0, over 175 frames.
WARNING (gmm-est-fmllr:Update():fmllr-diag-gmm.cc:162) Not updating fMLLR since below min-count: count is 178
LOG (gmm-est-fmllr:main():gmm-est-fmllr.cc:143) For speaker train_S5_4_7_16, auxf-impr from fMLLR is 0, over 178 frames.
WARNING (gmm-est-fmllr:Update():fmllr-diag-gmm.cc:162) Not updating fMLLR since below min-count: count is 158
LOG (gmm-est-fmllr:main():gmm-est-fmllr.cc:143) For speaker train_S5_4_7_18, auxf-impr from fMLLR is 0, over 158 frames.
WARNING (gmm-est-fmllr:Update():fmllr-diag-gmm.cc:162) Not updating fMLLR since below min-count: count is 171
LOG (gmm-est-fmllr:main():gmm-est-fmllr.cc:143) For speaker train_S5_4_7_20, auxf-impr from fMLLR is 0, over 171 frames.
WARNING (gmm-est-fmllr:Update():fmllr-diag-gmm.cc:162) Not updating fMLLR since below min-count: count is 110
LOG (gmm-est-fmllr:main():gmm-est-fmllr.cc:143) For speaker train_S5_5_1_12, auxf-impr from fMLLR is 0, over 110 frames.
WARNING (gmm-est-fmllr:Update():fmllr-diag-gmm.cc:162) Not updating fMLLR since below min-count: count is 108
LOG (gmm-est-fmllr:main():gmm-est-fmllr.cc:143) For speaker train_S5_5_1_14, auxf-impr from fMLLR is 0, over 108 frames.
WARNING (gmm-est-fmllr:Update():fmllr-diag-gmm.cc:162) Not updating fMLLR since below min-count: count is 110
LOG (gmm-est-fmllr:main():gmm-est-fmllr.cc:143) For speaker train_S5_5_1_16, auxf-impr from fMLLR is 0, over 110 frames.
WARNING (gmm-est-fmllr:Update():fmllr-diag-gmm.cc:162) Not updating fMLLR since below min-count: count is 97
LOG (gmm-est-fmllr:main():gmm-est-fmllr.cc:143) For speaker train_S5_5_1_18, auxf-impr from fMLLR is 0, over 97 frames.
WARNING (gmm-est-fmllr:Update():fmllr-diag-gmm.cc:162) Not updating fMLLR since below min-count: count is 105
LOG (gmm-est-fmllr:main():gmm-est-fmllr.cc:143) For speaker train_S5_5_1_20, auxf-impr from fMLLR is 0, over 105 frames.
WARNING (gmm-est-fmllr:Update():fmllr-diag-gmm.cc:162) Not updating fMLLR since below min-count: count is 110
LOG (gmm-est-fmllr:main():gmm-est-fmllr.cc:143) For speaker train_S5_5_2_12, auxf-impr from fMLLR is 0, over 110 frames.
WARNING (gmm-est-fmllr:Update():fmllr-diag-gmm.cc:162) Not updating fMLLR since below min-count: count is 108
LOG (gmm-est-fmllr:main():gmm-est-fmllr.cc:143) For speaker train_S5_5_2_14, auxf-impr from fMLLR is 0, over 108 frames.
WARNING (gmm-est-fmllr:Update():fmllr-diag-gmm.cc:162) Not updating fMLLR since below min-count: count is 110
LOG (gmm-est-fmllr:main():gmm-est-fmllr.cc:143) For speaker train_S5_5_2_16, auxf-impr from fMLLR is 0, over 110 frames.
WARNING (gmm-est-fmllr:Update():fmllr-diag-gmm.cc:162) Not updating fMLLR since below min-count: count is 97
LOG (gmm-est-fmllr:main():gmm-est-fmllr.cc:143) For speaker train_S5_5_2_18, auxf-impr from fMLLR is 0, over 97 frames.
WARNING (gmm-est-fmllr:Update():fmllr-diag-gmm.cc:162) Not updating fMLLR since below min-count: count is 105
LOG (gmm-est-fmllr:main():gmm-est-fmllr.cc:143) For speaker train_S5_5_2_20, auxf-impr from fMLLR is 0, over 105 frames.
WARNING (gmm-est-fmllr:Update():fmllr-diag-gmm.cc:162) Not updating fMLLR since below min-count: count is 110
LOG (gmm-est-fmllr:main():gmm-est-fmllr.cc:143) For speaker train_S5_5_3_12, auxf-impr from fMLLR is 0, over 110 frames.
WARNING (gmm-est-fmllr:Update():fmllr-diag-gmm.cc:162) Not updating fMLLR since below min-count: count is 108
LOG (gmm-est-fmllr:main():gmm-est-fmllr.cc:143) For speaker train_S5_5_3_14, auxf-impr from fMLLR is 0, over 108 frames.
WARNING (gmm-est-fmllr:Update():fmllr-diag-gmm.cc:162) Not updating fMLLR since below min-count: count is 110
LOG (gmm-est-fmllr:main():gmm-est-fmllr.cc:143) For speaker train_S5_5_3_16, auxf-impr from fMLLR is 0, over 110 frames.
WARNING (gmm-est-fmllr:Update():fmllr-diag-gmm.cc:162) Not updating fMLLR since below min-count: count is 97
LOG (gmm-est-fmllr:main():gmm-est-fmllr.cc:143) For speaker train_S5_5_3_18, auxf-impr from fMLLR is 0, over 97 frames.
WARNING (gmm-est-fmllr:Update():fmllr-diag-gmm.cc:162) Not updating fMLLR since below min-count: count is 105
LOG (gmm-est-fmllr:main():gmm-est-fmllr.cc:143) For speaker train_S5_5_3_20, auxf-impr from fMLLR is 0, over 105 frames.
WARNING (gmm-est-fmllr:Update():fmllr-diag-gmm.cc:162) Not updating fMLLR since below min-count: count is 110
LOG (gmm-est-fmllr:main():gmm-est-fmllr.cc:143) For speaker train_S5_5_4_12, auxf-impr from fMLLR is 0, over 110 frames.
WARNING (gmm-est-fmllr:Update():fmllr-diag-gmm.cc:162) Not updating fMLLR since below min-count: count is 108
LOG (gmm-est-fmllr:main():gmm-est-fmllr.cc:143) For speaker train_S5_5_4_14, auxf-impr from fMLLR is 0, over 108 frames.
WARNING (gmm-est-fmllr:Update():fmllr-diag-gmm.cc:162) Not updating fMLLR since below min-count: count is 110
LOG (gmm-est-fmllr:main():gmm-est-fmllr.cc:143) For speaker train_S5_5_4_16, auxf-impr from fMLLR is 0, over 110 frames.
WARNING (gmm-est-fmllr:Update():fmllr-diag-gmm.cc:162) Not updating fMLLR since below min-count: count is 97
LOG (gmm-est-fmllr:main():gmm-est-fmllr.cc:143) For speaker train_S5_5_4_18, auxf-impr from fMLLR is 0, over 97 frames.
WARNING (gmm-est-fmllr:Update():fmllr-diag-gmm.cc:162) Not updating fMLLR since below min-count: count is 105
LOG (gmm-est-fmllr:main():gmm-est-fmllr.cc:143) For speaker train_S5_5_4_20, auxf-impr from fMLLR is 0, over 105 frames.
WARNING (gmm-est-fmllr:Update():fmllr-diag-gmm.cc:162) Not updating fMLLR since below min-count: count is 110
LOG (gmm-est-fmllr:main():gmm-est-fmllr.cc:143) For speaker train_S5_5_5_12, auxf-impr from fMLLR is 0, over 110 frames.
WARNING (gmm-est-fmllr:Update():fmllr-diag-gmm.cc:162) Not updating fMLLR since below min-count: count is 108
LOG (gmm-est-fmllr:main():gmm-est-fmllr.cc:143) For speaker train_S5_5_5_14, auxf-impr from fMLLR is 0, over 108 frames.
WARNING (gmm-est-fmllr:Update():fmllr-diag-gmm.cc:162) Not updating fMLLR since below min-count: count is 110
LOG (gmm-est-fmllr:main():gmm-est-fmllr.cc:143) For speaker train_S5_5_5_16, auxf-impr from fMLLR is 0, over 110 frames.
WARNING (gmm-est-fmllr:Update():fmllr-diag-gmm.cc:162) Not updating fMLLR since below min-count: count is 97
LOG (gmm-est-fmllr:main():gmm-est-fmllr.cc:143) For speaker train_S5_5_5_18, auxf-impr from fMLLR is 0, over 97 frames.
WARNING (gmm-est-fmllr:Update():fmllr-diag-gmm.cc:162) Not updating fMLLR since below min-count: count is 105
LOG (gmm-est-fmllr:main():gmm-est-fmllr.cc:143) For speaker train_S5_5_5_20, auxf-impr from fMLLR is 0, over 105 frames.
WARNING (gmm-est-fmllr:Update():fmllr-diag-gmm.cc:162) Not updating fMLLR since below min-count: count is 110
LOG (gmm-est-fmllr:main():gmm-est-fmllr.cc:143) For speaker train_S5_5_6_12, auxf-impr from fMLLR is 0, over 110 frames.
WARNING (gmm-est-fmllr:Update():fmllr-diag-gmm.cc:162) Not updating fMLLR since below min-count: count is 108
LOG (gmm-est-fmllr:main():gmm-est-fmllr.cc:143) For speaker train_S5_5_6_14, auxf-impr from fMLLR is 0, over 108 frames.
WARNING (gmm-est-fmllr:Update():fmllr-diag-gmm.cc:162) Not updating fMLLR since below min-count: count is 110
LOG (gmm-est-fmllr:main():gmm-est-fmllr.cc:143) For speaker train_S5_5_6_16, auxf-impr from fMLLR is 0, over 110 frames.
WARNING (gmm-est-fmllr:Update():fmllr-diag-gmm.cc:162) Not updating fMLLR since below min-count: count is 97
LOG (gmm-est-fmllr:main():gmm-est-fmllr.cc:143) For speaker train_S5_5_6_18, auxf-impr from fMLLR is 0, over 97 frames.
WARNING (gmm-est-fmllr:Update():fmllr-diag-gmm.cc:162) Not updating fMLLR since below min-count: count is 105
LOG (gmm-est-fmllr:main():gmm-est-fmllr.cc:143) For speaker train_S5_5_6_20, auxf-impr from fMLLR is 0, over 105 frames.
WARNING (gmm-est-fmllr:Update():fmllr-diag-gmm.cc:162) Not updating fMLLR since below min-count: count is 110
LOG (gmm-est-fmllr:main():gmm-est-fmllr.cc:143) For speaker train_S5_5_7_12, auxf-impr from fMLLR is 0, over 110 frames.
WARNING (gmm-est-fmllr:Update():fmllr-diag-gmm.cc:162) Not updating fMLLR since below min-count: count is 108
LOG (gmm-est-fmllr:main():gmm-est-fmllr.cc:143) For speaker train_S5_5_7_14, auxf-impr from fMLLR is 0, over 108 frames.
WARNING (gmm-est-fmllr:Update():fmllr-diag-gmm.cc:162) Not updating fMLLR since below min-count: count is 110
LOG (gmm-est-fmllr:main():gmm-est-fmllr.cc:143) For speaker train_S5_5_7_16, auxf-impr from fMLLR is 0, over 110 frames.
WARNING (gmm-est-fmllr:Update():fmllr-diag-gmm.cc:162) Not updating fMLLR since below min-count: count is 97
LOG (gmm-est-fmllr:main():gmm-est-fmllr.cc:143) For speaker train_S5_5_7_18, auxf-impr from fMLLR is 0, over 97 frames.
WARNING (gmm-est-fmllr:Update():fmllr-diag-gmm.cc:162) Not updating fMLLR since below min-count: count is 105
LOG (gmm-est-fmllr:main():gmm-est-fmllr.cc:143) For speaker train_S5_5_7_20, auxf-impr from fMLLR is 0, over 105 frames.
WARNING (gmm-est-fmllr:Update():fmllr-diag-gmm.cc:162) Not updating fMLLR since below min-count: count is 124
LOG (gmm-est-fmllr:main():gmm-est-fmllr.cc:143) For speaker train_S5_6_1_12, auxf-impr from fMLLR is 0, over 124 frames.
WARNING (gmm-est-fmllr:Update():fmllr-diag-gmm.cc:162) Not updating fMLLR since below min-count: count is 121
LOG (gmm-est-fmllr:main():gmm-est-fmllr.cc:143) For speaker train_S5_6_1_14, auxf-impr from fMLLR is 0, over 121 frames.
WARNING (gmm-est-fmllr:Update():fmllr-diag-gmm.cc:162) Not updating fMLLR since below min-count: count is 124
LOG (gmm-est-fmllr:main():gmm-est-fmllr.cc:143) For speaker train_S5_6_1_16, auxf-impr from fMLLR is 0, over 124 frames.
WARNING (gmm-est-fmllr:Update():fmllr-diag-gmm.cc:162) Not updating fMLLR since below min-count: count is 110
LOG (gmm-est-fmllr:main():gmm-est-fmllr.cc:143) For speaker train_S5_6_1_18, auxf-impr from fMLLR is 0, over 110 frames.
WARNING (gmm-est-fmllr:Update():fmllr-diag-gmm.cc:162) Not updating fMLLR since below min-count: count is 118
LOG (gmm-est-fmllr:main():gmm-est-fmllr.cc:143) For speaker train_S5_6_1_20, auxf-impr from fMLLR is 0, over 118 frames.
WARNING (gmm-est-fmllr:Update():fmllr-diag-gmm.cc:162) Not updating fMLLR since below min-count: count is 124
LOG (gmm-est-fmllr:main():gmm-est-fmllr.cc:143) For speaker train_S5_6_2_12, auxf-impr from fMLLR is 0, over 124 frames.
WARNING (gmm-est-fmllr:Update():fmllr-diag-gmm.cc:162) Not updating fMLLR since below min-count: count is 121
LOG (gmm-est-fmllr:main():gmm-est-fmllr.cc:143) For speaker train_S5_6_2_14, auxf-impr from fMLLR is 0, over 121 frames.
WARNING (gmm-est-fmllr:Update():fmllr-diag-gmm.cc:162) Not updating fMLLR since below min-count: count is 124
LOG (gmm-est-fmllr:main():gmm-est-fmllr.cc:143) For speaker train_S5_6_2_16, auxf-impr from fMLLR is 0, over 124 frames.
WARNING (gmm-est-fmllr:Update():fmllr-diag-gmm.cc:162) Not updating fMLLR since below min-count: count is 110
LOG (gmm-est-fmllr:main():gmm-est-fmllr.cc:143) For speaker train_S5_6_2_18, auxf-impr from fMLLR is 0, over 110 frames.
WARNING (gmm-est-fmllr:Update():fmllr-diag-gmm.cc:162) Not updating fMLLR since below min-count: count is 118
LOG (gmm-est-fmllr:main():gmm-est-fmllr.cc:143) For speaker train_S5_6_2_20, auxf-impr from fMLLR is 0, over 118 frames.
WARNING (gmm-est-fmllr:Update():fmllr-diag-gmm.cc:162) Not updating fMLLR since below min-count: count is 124
LOG (gmm-est-fmllr:main():gmm-est-fmllr.cc:143) For speaker train_S5_6_3_12, auxf-impr from fMLLR is 0, over 124 frames.
WARNING (gmm-est-fmllr:Update():fmllr-diag-gmm.cc:162) Not updating fMLLR since below min-count: count is 121
LOG (gmm-est-fmllr:main():gmm-est-fmllr.cc:143) For speaker train_S5_6_3_14, auxf-impr from fMLLR is 0, over 121 frames.
WARNING (gmm-est-fmllr:Update():fmllr-diag-gmm.cc:162) Not updating fMLLR since below min-count: count is 124
LOG (gmm-est-fmllr:main():gmm-est-fmllr.cc:143) For speaker train_S5_6_3_16, auxf-impr from fMLLR is 0, over 124 frames.
WARNING (gmm-est-fmllr:Update():fmllr-diag-gmm.cc:162) Not updating fMLLR since below min-count: count is 110
LOG (gmm-est-fmllr:main():gmm-est-fmllr.cc:143) For speaker train_S5_6_3_18, auxf-impr from fMLLR is 0, over 110 frames.
WARNING (gmm-est-fmllr:Update():fmllr-diag-gmm.cc:162) Not updating fMLLR since below min-count: count is 118
LOG (gmm-est-fmllr:main():gmm-est-fmllr.cc:143) For speaker train_S5_6_3_20, auxf-impr from fMLLR is 0, over 118 frames.
WARNING (gmm-est-fmllr:Update():fmllr-diag-gmm.cc:162) Not updating fMLLR since below min-count: count is 124
LOG (gmm-est-fmllr:main():gmm-est-fmllr.cc:143) For speaker train_S5_6_4_12, auxf-impr from fMLLR is 0, over 124 frames.
WARNING (gmm-est-fmllr:Update():fmllr-diag-gmm.cc:162) Not updating fMLLR since below min-count: count is 121
LOG (gmm-est-fmllr:main():gmm-est-fmllr.cc:143) For speaker train_S5_6_4_14, auxf-impr from fMLLR is 0, over 121 frames.
WARNING (gmm-est-fmllr:Update():fmllr-diag-gmm.cc:162) Not updating fMLLR since below min-count: count is 124
LOG (gmm-est-fmllr:main():gmm-est-fmllr.cc:143) For speaker train_S5_6_4_16, auxf-impr from fMLLR is 0, over 124 frames.
WARNING (gmm-est-fmllr:Update():fmllr-diag-gmm.cc:162) Not updating fMLLR since below min-count: count is 110
LOG (gmm-est-fmllr:main():gmm-est-fmllr.cc:143) For speaker train_S5_6_4_18, auxf-impr from fMLLR is 0, over 110 frames.
WARNING (gmm-est-fmllr:Update():fmllr-diag-gmm.cc:162) Not updating fMLLR since below min-count: count is 118
LOG (gmm-est-fmllr:main():gmm-est-fmllr.cc:143) For speaker train_S5_6_4_20, auxf-impr from fMLLR is 0, over 118 frames.
WARNING (gmm-est-fmllr:Update():fmllr-diag-gmm.cc:162) Not updating fMLLR since below min-count: count is 124
LOG (gmm-est-fmllr:main():gmm-est-fmllr.cc:143) For speaker train_S5_6_5_12, auxf-impr from fMLLR is 0, over 124 frames.
WARNING (gmm-est-fmllr:Update():fmllr-diag-gmm.cc:162) Not updating fMLLR since below min-count: count is 121
LOG (gmm-est-fmllr:main():gmm-est-fmllr.cc:143) For speaker train_S5_6_5_14, auxf-impr from fMLLR is 0, over 121 frames.
WARNING (gmm-est-fmllr:Update():fmllr-diag-gmm.cc:162) Not updating fMLLR since below min-count: count is 124
LOG (gmm-est-fmllr:main():gmm-est-fmllr.cc:143) For speaker train_S5_6_5_16, auxf-impr from fMLLR is 0, over 124 frames.
WARNING (gmm-est-fmllr:Update():fmllr-diag-gmm.cc:162) Not updating fMLLR since below min-count: count is 110
LOG (gmm-est-fmllr:main():gmm-est-fmllr.cc:143) For speaker train_S5_6_5_18, auxf-impr from fMLLR is 0, over 110 frames.
WARNING (gmm-est-fmllr:Update():fmllr-diag-gmm.cc:162) Not updating fMLLR since below min-count: count is 118
LOG (gmm-est-fmllr:main():gmm-est-fmllr.cc:143) For speaker train_S5_6_5_20, auxf-impr from fMLLR is 0, over 118 frames.
WARNING (gmm-est-fmllr:Update():fmllr-diag-gmm.cc:162) Not updating fMLLR since below min-count: count is 124
LOG (gmm-est-fmllr:main():gmm-est-fmllr.cc:143) For speaker train_S5_6_6_12, auxf-impr from fMLLR is 0, over 124 frames.
WARNING (gmm-est-fmllr:Update():fmllr-diag-gmm.cc:162) Not updating fMLLR since below min-count: count is 121
LOG (gmm-est-fmllr:main():gmm-est-fmllr.cc:143) For speaker train_S5_6_6_14, auxf-impr from fMLLR is 0, over 121 frames.
WARNING (gmm-est-fmllr:Update():fmllr-diag-gmm.cc:162) Not updating fMLLR since below min-count: count is 124
LOG (gmm-est-fmllr:main():gmm-est-fmllr.cc:143) For speaker train_S5_6_6_16, auxf-impr from fMLLR is 0, over 124 frames.
WARNING (gmm-est-fmllr:Update():fmllr-diag-gmm.cc:162) Not updating fMLLR since below min-count: count is 110
LOG (gmm-est-fmllr:main():gmm-est-fmllr.cc:143) For speaker train_S5_6_6_18, auxf-impr from fMLLR is 0, over 110 frames.
WARNING (gmm-est-fmllr:Update():fmllr-diag-gmm.cc:162) Not updating fMLLR since below min-count: count is 118
LOG (gmm-est-fmllr:main():gmm-est-fmllr.cc:143) For speaker train_S5_6_6_20, auxf-impr from fMLLR is 0, over 118 frames.
WARNING (gmm-est-fmllr:Update():fmllr-diag-gmm.cc:162) Not updating fMLLR since below min-count: count is 124
LOG (gmm-est-fmllr:main():gmm-est-fmllr.cc:143) For speaker train_S5_6_7_12, auxf-impr from fMLLR is 0, over 124 frames.
WARNING (gmm-est-fmllr:Update():fmllr-diag-gmm.cc:162) Not updating fMLLR since below min-count: count is 121
LOG (gmm-est-fmllr:main():gmm-est-fmllr.cc:143) For speaker train_S5_6_7_14, auxf-impr from fMLLR is 0, over 121 frames.
WARNING (gmm-est-fmllr:Update():fmllr-diag-gmm.cc:162) Not updating fMLLR since below min-count: count is 124
LOG (gmm-est-fmllr:main():gmm-est-fmllr.cc:143) For speaker train_S5_6_7_16, auxf-impr from fMLLR is 0, over 124 frames.
WARNING (gmm-est-fmllr:Update():fmllr-diag-gmm.cc:162) Not updating fMLLR since below min-count: count is 110
LOG (gmm-est-fmllr:main():gmm-est-fmllr.cc:143) For speaker train_S5_6_7_18, auxf-impr from fMLLR is 0, over 110 frames.
WARNING (gmm-est-fmllr:Update():fmllr-diag-gmm.cc:162) Not updating fMLLR since below min-count: count is 118
LOG (gmm-est-fmllr:main():gmm-est-fmllr.cc:143) For speaker train_S5_6_7_20, auxf-impr from fMLLR is 0, over 118 frames.
WARNING (gmm-est-fmllr:Update():fmllr-diag-gmm.cc:162) Not updating fMLLR since below min-count: count is 140
LOG (gmm-est-fmllr:main():gmm-est-fmllr.cc:143) For speaker train_S5_7_1_12, auxf-impr from fMLLR is 0, over 140 frames.
WARNING (gmm-est-fmllr:Update():fmllr-diag-gmm.cc:162) Not updating fMLLR since below min-count: count is 138
LOG (gmm-est-fmllr:main():gmm-est-fmllr.cc:143) For speaker train_S5_7_1_14, auxf-impr from fMLLR is 0, over 138 frames.
WARNING (gmm-est-fmllr:Update():fmllr-diag-gmm.cc:162) Not updating fMLLR since below min-count: count is 140
LOG (gmm-est-fmllr:main():gmm-est-fmllr.cc:143) For speaker train_S5_7_1_16, auxf-impr from fMLLR is 0, over 140 frames.
WARNING (gmm-est-fmllr:Update():fmllr-diag-gmm.cc:162) Not updating fMLLR since below min-count: count is 125
LOG (gmm-est-fmllr:main():gmm-est-fmllr.cc:143) For speaker train_S5_7_1_18, auxf-impr from fMLLR is 0, over 125 frames.
WARNING (gmm-est-fmllr:Update():fmllr-diag-gmm.cc:162) Not updating fMLLR since below min-count: count is 135
LOG (gmm-est-fmllr:main():gmm-est-fmllr.cc:143) For speaker train_S5_7_1_20, auxf-impr from fMLLR is 0, over 135 frames.
WARNING (gmm-est-fmllr:Update():fmllr-diag-gmm.cc:162) Not updating fMLLR since below min-count: count is 140
LOG (gmm-est-fmllr:main():gmm-est-fmllr.cc:143) For speaker train_S5_7_2_12, auxf-impr from fMLLR is 0, over 140 frames.
WARNING (gmm-est-fmllr:Update():fmllr-diag-gmm.cc:162) Not updating fMLLR since below min-count: count is 138
LOG (gmm-est-fmllr:main():gmm-est-fmllr.cc:143) For speaker train_S5_7_2_14, auxf-impr from fMLLR is 0, over 138 frames.
WARNING (gmm-est-fmllr:Update():fmllr-diag-gmm.cc:162) Not updating fMLLR since below min-count: count is 140
LOG (gmm-est-fmllr:main():gmm-est-fmllr.cc:143) For speaker train_S5_7_2_16, auxf-impr from fMLLR is 0, over 140 frames.
WARNING (gmm-est-fmllr:Update():fmllr-diag-gmm.cc:162) Not updating fMLLR since below min-count: count is 125
LOG (gmm-est-fmllr:main():gmm-est-fmllr.cc:143) For speaker train_S5_7_2_18, auxf-impr from fMLLR is 0, over 125 frames.
WARNING (gmm-est-fmllr:Update():fmllr-diag-gmm.cc:162) Not updating fMLLR since below min-count: count is 135
LOG (gmm-est-fmllr:main():gmm-est-fmllr.cc:143) For speaker train_S5_7_2_20, auxf-impr from fMLLR is 0, over 135 frames.
WARNING (gmm-est-fmllr:Update():fmllr-diag-gmm.cc:162) Not updating fMLLR since below min-count: count is 140
LOG (gmm-est-fmllr:main():gmm-est-fmllr.cc:143) For speaker train_S5_7_3_12, auxf-impr from fMLLR is 0, over 140 frames.
WARNING (gmm-est-fmllr:Update():fmllr-diag-gmm.cc:162) Not updating fMLLR since below min-count: count is 138
LOG (gmm-est-fmllr:main():gmm-est-fmllr.cc:143) For speaker train_S5_7_3_14, auxf-impr from fMLLR is 0, over 138 frames.
WARNING (gmm-est-fmllr:Update():fmllr-diag-gmm.cc:162) Not updating fMLLR since below min-count: count is 140
LOG (gmm-est-fmllr:main():gmm-est-fmllr.cc:143) For speaker train_S5_7_3_16, auxf-impr from fMLLR is 0, over 140 frames.
WARNING (gmm-est-fmllr:Update():fmllr-diag-gmm.cc:162) Not updating fMLLR since below min-count: count is 125
LOG (gmm-est-fmllr:main():gmm-est-fmllr.cc:143) For speaker train_S5_7_3_18, auxf-impr from fMLLR is 0, over 125 frames.
WARNING (gmm-est-fmllr:Update():fmllr-diag-gmm.cc:162) Not updating fMLLR since below min-count: count is 135
LOG (gmm-est-fmllr:main():gmm-est-fmllr.cc:143) For speaker train_S5_7_3_20, auxf-impr from fMLLR is 0, over 135 frames.
WARNING (gmm-est-fmllr:Update():fmllr-diag-gmm.cc:162) Not updating fMLLR since below min-count: count is 140
LOG (gmm-est-fmllr:main():gmm-est-fmllr.cc:143) For speaker train_S5_7_4_12, auxf-impr from fMLLR is 0, over 140 frames.
WARNING (gmm-est-fmllr:Update():fmllr-diag-gmm.cc:162) Not updating fMLLR since below min-count: count is 138
LOG (gmm-est-fmllr:main():gmm-est-fmllr.cc:143) For speaker train_S5_7_4_14, auxf-impr from fMLLR is 0, over 138 frames.
WARNING (gmm-est-fmllr:Update():fmllr-diag-gmm.cc:162) Not updating fMLLR since below min-count: count is 140
LOG (gmm-est-fmllr:main():gmm-est-fmllr.cc:143) For speaker train_S5_7_4_16, auxf-impr from fMLLR is 0, over 140 frames.
WARNING (gmm-est-fmllr:Update():fmllr-diag-gmm.cc:162) Not updating fMLLR since below min-count: count is 125
LOG (gmm-est-fmllr:main():gmm-est-fmllr.cc:143) For speaker train_S5_7_4_18, auxf-impr from fMLLR is 0, over 125 frames.
WARNING (gmm-est-fmllr:Update():fmllr-diag-gmm.cc:162) Not updating fMLLR since below min-count: count is 135
LOG (gmm-est-fmllr:main():gmm-est-fmllr.cc:143) For speaker train_S5_7_4_20, auxf-impr from fMLLR is 0, over 135 frames.
WARNING (gmm-est-fmllr:Update():fmllr-diag-gmm.cc:162) Not updating fMLLR since below min-count: count is 140
LOG (gmm-est-fmllr:main():gmm-est-fmllr.cc:143) For speaker train_S5_7_5_12, auxf-impr from fMLLR is 0, over 140 frames.
WARNING (gmm-est-fmllr:Update():fmllr-diag-gmm.cc:162) Not updating fMLLR since below min-count: count is 138
LOG (gmm-est-fmllr:main():gmm-est-fmllr.cc:143) For speaker train_S5_7_5_14, auxf-impr from fMLLR is 0, over 138 frames.
WARNING (gmm-est-fmllr:Update():fmllr-diag-gmm.cc:162) Not updating fMLLR since below min-count: count is 140
LOG (gmm-est-fmllr:main():gmm-est-fmllr.cc:143) For speaker train_S5_7_5_16, auxf-impr from fMLLR is 0, over 140 frames.
WARNING (gmm-est-fmllr:Update():fmllr-diag-gmm.cc:162) Not updating fMLLR since below min-count: count is 125
LOG (gmm-est-fmllr:main():gmm-est-fmllr.cc:143) For speaker train_S5_7_5_18, auxf-impr from fMLLR is 0, over 125 frames.
WARNING (gmm-est-fmllr:Update():fmllr-diag-gmm.cc:162) Not updating fMLLR since below min-count: count is 135
LOG (gmm-est-fmllr:main():gmm-est-fmllr.cc:143) For speaker train_S5_7_5_20, auxf-impr from fMLLR is 0, over 135 frames.
WARNING (gmm-est-fmllr:Update():fmllr-diag-gmm.cc:162) Not updating fMLLR since below min-count: count is 140
LOG (gmm-est-fmllr:main():gmm-est-fmllr.cc:143) For speaker train_S5_7_6_12, auxf-impr from fMLLR is 0, over 140 frames.
WARNING (gmm-est-fmllr:Update():fmllr-diag-gmm.cc:162) Not updating fMLLR since below min-count: count is 138
LOG (gmm-est-fmllr:main():gmm-est-fmllr.cc:143) For speaker train_S5_7_6_14, auxf-impr from fMLLR is 0, over 138 frames.
WARNING (gmm-est-fmllr:Update():fmllr-diag-gmm.cc:162) Not updating fMLLR since below min-count: count is 140
LOG (gmm-est-fmllr:main():gmm-est-fmllr.cc:143) For speaker train_S5_7_6_16, auxf-impr from fMLLR is 0, over 140 frames.
WARNING (gmm-est-fmllr:Update():fmllr-diag-gmm.cc:162) Not updating fMLLR since below min-count: count is 125
LOG (gmm-est-fmllr:main():gmm-est-fmllr.cc:143) For speaker train_S5_7_6_18, auxf-impr from fMLLR is 0, over 125 frames.
WARNING (gmm-est-fmllr:Update():fmllr-diag-gmm.cc:162) Not updating fMLLR since below min-count: count is 135
LOG (gmm-est-fmllr:main():gmm-est-fmllr.cc:143) For speaker train_S5_7_6_20, auxf-impr from fMLLR is 0, over 135 frames.
WARNING (gmm-est-fmllr:Update():fmllr-diag-gmm.cc:162) Not updating fMLLR since below min-count: count is 140
LOG (gmm-est-fmllr:main():gmm-est-fmllr.cc:143) For speaker train_S5_7_7_12, auxf-impr from fMLLR is 0, over 140 frames.
WARNING (gmm-est-fmllr:Update():fmllr-diag-gmm.cc:162) Not updating fMLLR since below min-count: count is 138
LOG (gmm-est-fmllr:main():gmm-est-fmllr.cc:143) For speaker train_S5_7_7_14, auxf-impr from fMLLR is 0, over 138 frames.
WARNING (gmm-est-fmllr:Update():fmllr-diag-gmm.cc:162) Not updating fMLLR since below min-count: count is 140
LOG (gmm-est-fmllr:main():gmm-est-fmllr.cc:143) For speaker train_S5_7_7_16, auxf-impr from fMLLR is 0, over 140 frames.
WARNING (gmm-est-fmllr:Update():fmllr-diag-gmm.cc:162) Not updating fMLLR since below min-count: count is 125
LOG (gmm-est-fmllr:main():gmm-est-fmllr.cc:143) For speaker train_S5_7_7_18, auxf-impr from fMLLR is 0, over 125 frames.
WARNING (gmm-est-fmllr:Update():fmllr-diag-gmm.cc:162) Not updating fMLLR since below min-count: count is 135
LOG (gmm-est-fmllr:main():gmm-est-fmllr.cc:143) For speaker train_S5_7_7_20, auxf-impr from fMLLR is 0, over 135 frames.
WARNING (gmm-est-fmllr:Update():fmllr-diag-gmm.cc:162) Not updating fMLLR since below min-count: count is 190
LOG (gmm-est-fmllr:main():gmm-est-fmllr.cc:143) For speaker train_S5_8_1_12, auxf-impr from fMLLR is 0, over 190 frames.
WARNING (gmm-est-fmllr:Update():fmllr-diag-gmm.cc:162) Not updating fMLLR since below min-count: count is 187
LOG (gmm-est-fmllr:main():gmm-est-fmllr.cc:143) For speaker train_S5_8_1_14, auxf-impr from fMLLR is 0, over 187 frames.
WARNING (gmm-est-fmllr:Update():fmllr-diag-gmm.cc:162) Not updating fMLLR since below min-count: count is 191
LOG (gmm-est-fmllr:main():gmm-est-fmllr.cc:143) For speaker train_S5_8_1_16, auxf-impr from fMLLR is 0, over 191 frames.
WARNING (gmm-est-fmllr:Update():fmllr-diag-gmm.cc:162) Not updating fMLLR since below min-count: count is 169
LOG (gmm-est-fmllr:main():gmm-est-fmllr.cc:143) For speaker train_S5_8_1_18, auxf-impr from fMLLR is 0, over 169 frames.
WARNING (gmm-est-fmllr:Update():fmllr-diag-gmm.cc:162) Not updating fMLLR since below min-count: count is 182
LOG (gmm-est-fmllr:main():gmm-est-fmllr.cc:143) For speaker train_S5_8_1_20, auxf-impr from fMLLR is 0, over 182 frames.
WARNING (gmm-est-fmllr:Update():fmllr-diag-gmm.cc:162) Not updating fMLLR since below min-count: count is 190
LOG (gmm-est-fmllr:main():gmm-est-fmllr.cc:143) For speaker train_S5_8_2_12, auxf-impr from fMLLR is 0, over 190 frames.
WARNING (gmm-est-fmllr:Update():fmllr-diag-gmm.cc:162) Not updating fMLLR since below min-count: count is 187
LOG (gmm-est-fmllr:main():gmm-est-fmllr.cc:143) For speaker train_S5_8_2_14, auxf-impr from fMLLR is 0, over 187 frames.
WARNING (gmm-est-fmllr:Update():fmllr-diag-gmm.cc:162) Not updating fMLLR since below min-count: count is 191
LOG (gmm-est-fmllr:main():gmm-est-fmllr.cc:143) For speaker train_S5_8_2_16, auxf-impr from fMLLR is 0, over 191 frames.
WARNING (gmm-est-fmllr:Update():fmllr-diag-gmm.cc:162) Not updating fMLLR since below min-count: count is 169
LOG (gmm-est-fmllr:main():gmm-est-fmllr.cc:143) For speaker train_S5_8_2_18, auxf-impr from fMLLR is 0, over 169 frames.
WARNING (gmm-est-fmllr:Update():fmllr-diag-gmm.cc:162) Not updating fMLLR since below min-count: count is 182
LOG (gmm-est-fmllr:main():gmm-est-fmllr.cc:143) For speaker train_S5_8_2_20, auxf-impr from fMLLR is 0, over 182 frames.
WARNING (gmm-est-fmllr:Update():fmllr-diag-gmm.cc:162) Not updating fMLLR since below min-count: count is 191
LOG (gmm-est-fmllr:main():gmm-est-fmllr.cc:143) For speaker train_S5_8_3_12, auxf-impr from fMLLR is 0, over 191 frames.
WARNING (gmm-est-fmllr:Update():fmllr-diag-gmm.cc:162) Not updating fMLLR since below min-count: count is 187
LOG (gmm-est-fmllr:main():gmm-est-fmllr.cc:143) For speaker train_S5_8_3_14, auxf-impr from fMLLR is 0, over 187 frames.
WARNING (gmm-est-fmllr:Update():fmllr-diag-gmm.cc:162) Not updating fMLLR since below min-count: count is 191
LOG (gmm-est-fmllr:main():gmm-est-fmllr.cc:143) For speaker train_S5_8_3_16, auxf-impr from fMLLR is 0, over 191 frames.
WARNING (gmm-est-fmllr:Update():fmllr-diag-gmm.cc:162) Not updating fMLLR since below min-count: count is 169
LOG (gmm-est-fmllr:main():gmm-est-fmllr.cc:143) For speaker train_S5_8_3_18, auxf-impr from fMLLR is 0, over 169 frames.
WARNING (gmm-est-fmllr:Update():fmllr-diag-gmm.cc:162) Not updating fMLLR since below min-count: count is 182
LOG (gmm-est-fmllr:main():gmm-est-fmllr.cc:143) For speaker train_S5_8_3_20, auxf-impr from fMLLR is 0, over 182 frames.
WARNING (gmm-est-fmllr:Update():fmllr-diag-gmm.cc:162) Not updating fMLLR since below min-count: count is 191
LOG (gmm-est-fmllr:main():gmm-est-fmllr.cc:143) For speaker train_S5_8_4_12, auxf-impr from fMLLR is 0, over 191 frames.
WARNING (gmm-est-fmllr:Update():fmllr-diag-gmm.cc:162) Not updating fMLLR since below min-count: count is 187
LOG (gmm-est-fmllr:main():gmm-est-fmllr.cc:143) For speaker train_S5_8_4_14, auxf-impr from fMLLR is 0, over 187 frames.
WARNING (gmm-est-fmllr:Update():fmllr-diag-gmm.cc:162) Not updating fMLLR since below min-count: count is 191
LOG (gmm-est-fmllr:main():gmm-est-fmllr.cc:143) For speaker train_S5_8_4_16, auxf-impr from fMLLR is 0, over 191 frames.
WARNING (gmm-est-fmllr:Update():fmllr-diag-gmm.cc:162) Not updating fMLLR since below min-count: count is 169
LOG (gmm-est-fmllr:main():gmm-est-fmllr.cc:143) For speaker train_S5_8_4_18, auxf-impr from fMLLR is 0, over 169 frames.
WARNING (gmm-est-fmllr:Update():fmllr-diag-gmm.cc:162) Not updating fMLLR since below min-count: count is 182
LOG (gmm-est-fmllr:main():gmm-est-fmllr.cc:143) For speaker train_S5_8_4_20, auxf-impr from fMLLR is 0, over 182 frames.
WARNING (gmm-est-fmllr:Update():fmllr-diag-gmm.cc:162) Not updating fMLLR since below min-count: count is 191
LOG (gmm-est-fmllr:main():gmm-est-fmllr.cc:143) For speaker train_S5_8_5_12, auxf-impr from fMLLR is 0, over 191 frames.
WARNING (gmm-est-fmllr:Update():fmllr-diag-gmm.cc:162) Not updating fMLLR since below min-count: count is 187
LOG (gmm-est-fmllr:main():gmm-est-fmllr.cc:143) For speaker train_S5_8_5_14, auxf-impr from fMLLR is 0, over 187 frames.
WARNING (gmm-est-fmllr:Update():fmllr-diag-gmm.cc:162) Not updating fMLLR since below min-count: count is 191
LOG (gmm-est-fmllr:main():gmm-est-fmllr.cc:143) For speaker train_S5_8_5_16, auxf-impr from fMLLR is 0, over 191 frames.
WARNING (gmm-est-fmllr:Update():fmllr-diag-gmm.cc:162) Not updating fMLLR since below min-count: count is 169
LOG (gmm-est-fmllr:main():gmm-est-fmllr.cc:143) For speaker train_S5_8_5_18, auxf-impr from fMLLR is 0, over 169 frames.
WARNING (gmm-est-fmllr:Update():fmllr-diag-gmm.cc:162) Not updating fMLLR since below min-count: count is 182
LOG (gmm-est-fmllr:main():gmm-est-fmllr.cc:143) For speaker train_S5_8_5_20, auxf-impr from fMLLR is 0, over 182 frames.
WARNING (gmm-est-fmllr:Update():fmllr-diag-gmm.cc:162) Not updating fMLLR since below min-count: count is 191
LOG (gmm-est-fmllr:main():gmm-est-fmllr.cc:143) For speaker train_S5_8_6_12, auxf-impr from fMLLR is 0, over 191 frames.
WARNING (gmm-est-fmllr:Update():fmllr-diag-gmm.cc:162) Not updating fMLLR since below min-count: count is 187
LOG (gmm-est-fmllr:main():gmm-est-fmllr.cc:143) For speaker train_S5_8_6_14, auxf-impr from fMLLR is 0, over 187 frames.
WARNING (gmm-est-fmllr:Update():fmllr-diag-gmm.cc:162) Not updating fMLLR since below min-count: count is 191
LOG (gmm-est-fmllr:main():gmm-est-fmllr.cc:143) For speaker train_S5_8_6_16, auxf-impr from fMLLR is 0, over 191 frames.
WARNING (gmm-est-fmllr:Update():fmllr-diag-gmm.cc:162) Not updating fMLLR since below min-count: count is 169
LOG (gmm-est-fmllr:main():gmm-est-fmllr.cc:143) For speaker train_S5_8_6_18, auxf-impr from fMLLR is 0, over 169 frames.
WARNING (gmm-est-fmllr:Update():fmllr-diag-gmm.cc:162) Not updating fMLLR since below min-count: count is 182
LOG (gmm-est-fmllr:main():gmm-est-fmllr.cc:143) For speaker train_S5_8_6_20, auxf-impr from fMLLR is 0, over 182 frames.
WARNING (gmm-est-fmllr:Update():fmllr-diag-gmm.cc:162) Not updating fMLLR since below min-count: count is 191
LOG (gmm-est-fmllr:main():gmm-est-fmllr.cc:143) For speaker train_S5_8_7_12, auxf-impr from fMLLR is 0, over 191 frames.
WARNING (gmm-est-fmllr:Update():fmllr-diag-gmm.cc:162) Not updating fMLLR since below min-count: count is 187
LOG (gmm-est-fmllr:main():gmm-est-fmllr.cc:143) For speaker train_S5_8_7_14, auxf-impr from fMLLR is 0, over 187 frames.
WARNING (gmm-est-fmllr:Update():fmllr-diag-gmm.cc:162) Not updating fMLLR since below min-count: count is 191
LOG (gmm-est-fmllr:main():gmm-est-fmllr.cc:143) For speaker train_S5_8_7_16, auxf-impr from fMLLR is 0, over 191 frames.
WARNING (gmm-est-fmllr:Update():fmllr-diag-gmm.cc:162) Not updating fMLLR since below min-count: count is 169
LOG (gmm-est-fmllr:main():gmm-est-fmllr.cc:143) For speaker train_S5_8_7_18, auxf-impr from fMLLR is 0, over 169 frames.
WARNING (gmm-est-fmllr:Update():fmllr-diag-gmm.cc:162) Not updating fMLLR since below min-count: count is 182
LOG (gmm-est-fmllr:main():gmm-est-fmllr.cc:143) For speaker train_S5_8_7_20, auxf-impr from fMLLR is 0, over 182 frames.
WARNING (gmm-est-fmllr:Update():fmllr-diag-gmm.cc:162) Not updating fMLLR since below min-count: count is 177
LOG (gmm-est-fmllr:main():gmm-est-fmllr.cc:143) For speaker train_S5_9_1_12, auxf-impr from fMLLR is 0, over 177 frames.
WARNING (gmm-est-fmllr:Update():fmllr-diag-gmm.cc:162) Not updating fMLLR since below min-count: count is 173
LOG (gmm-est-fmllr:main():gmm-est-fmllr.cc:143) For speaker train_S5_9_1_14, auxf-impr from fMLLR is 0, over 173 frames.
WARNING (gmm-est-fmllr:Update():fmllr-diag-gmm.cc:162) Not updating fMLLR since below min-count: count is 177
LOG (gmm-est-fmllr:main():gmm-est-fmllr.cc:143) For speaker train_S5_9_1_16, auxf-impr from fMLLR is 0, over 177 frames.
WARNING (gmm-est-fmllr:Update():fmllr-diag-gmm.cc:162) Not updating fMLLR since below min-count: count is 157
LOG (gmm-est-fmllr:main():gmm-est-fmllr.cc:143) For speaker train_S5_9_1_18, auxf-impr from fMLLR is 0, over 157 frames.
WARNING (gmm-est-fmllr:Update():fmllr-diag-gmm.cc:162) Not updating fMLLR since below min-count: count is 168
LOG (gmm-est-fmllr:main():gmm-est-fmllr.cc:143) For speaker train_S5_9_1_20, auxf-impr from fMLLR is 0, over 168 frames.
WARNING (gmm-est-fmllr:Update():fmllr-diag-gmm.cc:162) Not updating fMLLR since below min-count: count is 177
LOG (gmm-est-fmllr:main():gmm-est-fmllr.cc:143) For speaker train_S5_9_2_12, auxf-impr from fMLLR is 0, over 177 frames.
WARNING (gmm-est-fmllr:Update():fmllr-diag-gmm.cc:162) Not updating fMLLR since below min-count: count is 173
LOG (gmm-est-fmllr:main():gmm-est-fmllr.cc:143) For speaker train_S5_9_2_14, auxf-impr from fMLLR is 0, over 173 frames.
WARNING (gmm-est-fmllr:Update():fmllr-diag-gmm.cc:162) Not updating fMLLR since below min-count: count is 177
LOG (gmm-est-fmllr:main():gmm-est-fmllr.cc:143) For speaker train_S5_9_2_16, auxf-impr from fMLLR is 0, over 177 frames.
WARNING (gmm-est-fmllr:Update():fmllr-diag-gmm.cc:162) Not updating fMLLR since below min-count: count is 157
LOG (gmm-est-fmllr:main():gmm-est-fmllr.cc:143) For speaker train_S5_9_2_18, auxf-impr from fMLLR is 0, over 157 frames.
WARNING (gmm-est-fmllr:Update():fmllr-diag-gmm.cc:162) Not updating fMLLR since below min-count: count is 168
LOG (gmm-est-fmllr:main():gmm-est-fmllr.cc:143) For speaker train_S5_9_2_20, auxf-impr from fMLLR is 0, over 168 frames.
WARNING (gmm-est-fmllr:Update():fmllr-diag-gmm.cc:162) Not updating fMLLR since below min-count: count is 177
LOG (gmm-est-fmllr:main():gmm-est-fmllr.cc:143) For speaker train_S5_9_3_12, auxf-impr from fMLLR is 0, over 177 frames.
WARNING (gmm-est-fmllr:Update():fmllr-diag-gmm.cc:162) Not updating fMLLR since below min-count: count is 173
LOG (gmm-est-fmllr:main():gmm-est-fmllr.cc:143) For speaker train_S5_9_3_14, auxf-impr from fMLLR is 0, over 173 frames.
WARNING (gmm-est-fmllr:Update():fmllr-diag-gmm.cc:162) Not updating fMLLR since below min-count: count is 177
LOG (gmm-est-fmllr:main():gmm-est-fmllr.cc:143) For speaker train_S5_9_3_16, auxf-impr from fMLLR is 0, over 177 frames.
WARNING (gmm-est-fmllr:Update():fmllr-diag-gmm.cc:162) Not updating fMLLR since below min-count: count is 157
LOG (gmm-est-fmllr:main():gmm-est-fmllr.cc:143) For speaker train_S5_9_3_18, auxf-impr from fMLLR is 0, over 157 frames.
WARNING (gmm-est-fmllr:Update():fmllr-diag-gmm.cc:162) Not updating fMLLR since below min-count: count is 168
LOG (gmm-est-fmllr:main():gmm-est-fmllr.cc:143) For speaker train_S5_9_3_20, auxf-impr from fMLLR is 0, over 168 frames.
WARNING (gmm-est-fmllr:Update():fmllr-diag-gmm.cc:162) Not updating fMLLR since below min-count: count is 177
LOG (gmm-est-fmllr:main():gmm-est-fmllr.cc:143) For speaker train_S5_9_4_12, auxf-impr from fMLLR is 0, over 177 frames.
WARNING (gmm-est-fmllr:Update():fmllr-diag-gmm.cc:162) Not updating fMLLR since below min-count: count is 173
LOG (gmm-est-fmllr:main():gmm-est-fmllr.cc:143) For speaker train_S5_9_4_14, auxf-impr from fMLLR is 0, over 173 frames.
WARNING (gmm-est-fmllr:Update():fmllr-diag-gmm.cc:162) Not updating fMLLR since below min-count: count is 177
LOG (gmm-est-fmllr:main():gmm-est-fmllr.cc:143) For speaker train_S5_9_4_16, auxf-impr from fMLLR is 0, over 177 frames.
WARNING (gmm-est-fmllr:Update():fmllr-diag-gmm.cc:162) Not updating fMLLR since below min-count: count is 157
LOG (gmm-est-fmllr:main():gmm-est-fmllr.cc:143) For speaker train_S5_9_4_18, auxf-impr from fMLLR is 0, over 157 frames.
WARNING (gmm-est-fmllr:Update():fmllr-diag-gmm.cc:162) Not updating fMLLR since below min-count: count is 168
LOG (gmm-est-fmllr:main():gmm-est-fmllr.cc:143) For speaker train_S5_9_4_20, auxf-impr from fMLLR is 0, over 168 frames.
WARNING (gmm-est-fmllr:Update():fmllr-diag-gmm.cc:162) Not updating fMLLR since below min-count: count is 177
LOG (gmm-est-fmllr:main():gmm-est-fmllr.cc:143) For speaker train_S5_9_5_12, auxf-impr from fMLLR is 0, over 177 frames.
WARNING (gmm-est-fmllr:Update():fmllr-diag-gmm.cc:162) Not updating fMLLR since below min-count: count is 173
LOG (gmm-est-fmllr:main():gmm-est-fmllr.cc:143) For speaker train_S5_9_5_14, auxf-impr from fMLLR is 0, over 173 frames.
WARNING (gmm-est-fmllr:Update():fmllr-diag-gmm.cc:162) Not updating fMLLR since below min-count: count is 177
LOG (gmm-est-fmllr:main():gmm-est-fmllr.cc:143) For speaker train_S5_9_5_16, auxf-impr from fMLLR is 0, over 177 frames.
WARNING (gmm-est-fmllr:Update():fmllr-diag-gmm.cc:162) Not updating fMLLR since below min-count: count is 157
LOG (gmm-est-fmllr:main():gmm-est-fmllr.cc:143) For speaker train_S5_9_5_18, auxf-impr from fMLLR is 0, over 157 frames.
WARNING (gmm-est-fmllr:Update():fmllr-diag-gmm.cc:162) Not updating fMLLR since below min-count: count is 168
LOG (gmm-est-fmllr:main():gmm-est-fmllr.cc:143) For speaker train_S5_9_5_20, auxf-impr from fMLLR is 0, over 168 frames.
WARNING (gmm-est-fmllr:Update():fmllr-diag-gmm.cc:162) Not updating fMLLR since below min-count: count is 177
LOG (gmm-est-fmllr:main():gmm-est-fmllr.cc:143) For speaker train_S5_9_6_12, auxf-impr from fMLLR is 0, over 177 frames.
WARNING (gmm-est-fmllr:Update():fmllr-diag-gmm.cc:162) Not updating fMLLR since below min-count: count is 173
LOG (gmm-est-fmllr:main():gmm-est-fmllr.cc:143) For speaker train_S5_9_6_14, auxf-impr from fMLLR is 0, over 173 frames.
WARNING (gmm-est-fmllr:Update():fmllr-diag-gmm.cc:162) Not updating fMLLR since below min-count: count is 177
LOG (gmm-est-fmllr:main():gmm-est-fmllr.cc:143) For speaker train_S5_9_6_16, auxf-impr from fMLLR is 0, over 177 frames.
WARNING (gmm-est-fmllr:Update():fmllr-diag-gmm.cc:162) Not updating fMLLR since below min-count: count is 157
LOG (gmm-est-fmllr:main():gmm-est-fmllr.cc:143) For speaker train_S5_9_6_18, auxf-impr from fMLLR is 0, over 157 frames.
WARNING (gmm-est-fmllr:Update():fmllr-diag-gmm.cc:162) Not updating fMLLR since below min-count: count is 168
LOG (gmm-est-fmllr:main():gmm-est-fmllr.cc:143) For speaker train_S5_9_6_20, auxf-impr from fMLLR is 0, over 168 frames.
LOG (ali-to-post:main():ali-to-post.cc:65) Converted 275 alignments.
WARNING (gmm-est-fmllr:Update():fmllr-diag-gmm.cc:162) Not updating fMLLR since below min-count: count is 177
LOG (gmm-est-fmllr:main():gmm-est-fmllr.cc:143) For speaker train_S5_9_7_12, auxf-impr from fMLLR is 0, over 177 frames.
WARNING (gmm-est-fmllr:Update():fmllr-diag-gmm.cc:162) Not updating fMLLR since below min-count: count is 173
LOG (gmm-est-fmllr:main():gmm-est-fmllr.cc:143) For speaker train_S5_9_7_14, auxf-impr from fMLLR is 0, over 173 frames.
WARNING (gmm-est-fmllr:Update():fmllr-diag-gmm.cc:162) Not updating fMLLR since below min-count: count is 177
LOG (gmm-est-fmllr:main():gmm-est-fmllr.cc:143) For speaker train_S5_9_7_16, auxf-impr from fMLLR is 0, over 177 frames.
WARNING (gmm-est-fmllr:Update():fmllr-diag-gmm.cc:162) Not updating fMLLR since below min-count: count is 157
LOG (gmm-est-fmllr:main():gmm-est-fmllr.cc:143) For speaker train_S5_9_7_18, auxf-impr from fMLLR is 0, over 157 frames.
WARNING (gmm-est-fmllr:Update():fmllr-diag-gmm.cc:162) Not updating fMLLR since below min-count: count is 168
LOG (gmm-est-fmllr:main():gmm-est-fmllr.cc:143) For speaker train_S5_9_7_20, auxf-impr from fMLLR is 0, over 168 frames.
WARNING (gmm-est-fmllr:Update():fmllr-diag-gmm.cc:162) Not updating fMLLR since below min-count: count is 183
LOG (gmm-est-fmllr:main():gmm-est-fmllr.cc:143) For speaker train_S6_10_1_12, auxf-impr from fMLLR is 0, over 183 frames.
WARNING (gmm-est-fmllr:Update():fmllr-diag-gmm.cc:162) Not updating fMLLR since below min-count: count is 173
LOG (gmm-est-fmllr:main():gmm-est-fmllr.cc:143) For speaker train_S6_10_1_14, auxf-impr from fMLLR is 0, over 173 frames.
WARNING (gmm-est-fmllr:Update():fmllr-diag-gmm.cc:162) Not updating fMLLR since below min-count: count is 177
LOG (gmm-est-fmllr:main():gmm-est-fmllr.cc:143) For speaker train_S6_10_1_16, auxf-impr from fMLLR is 0, over 177 frames.
WARNING (gmm-est-fmllr:Update():fmllr-diag-gmm.cc:162) Not updating fMLLR since below min-count: count is 162
LOG (gmm-est-fmllr:main():gmm-est-fmllr.cc:143) For speaker train_S6_10_1_18, auxf-impr from fMLLR is 0, over 162 frames.
WARNING (gmm-est-fmllr:Update():fmllr-diag-gmm.cc:162) Not updating fMLLR since below min-count: count is 174
LOG (gmm-est-fmllr:main():gmm-est-fmllr.cc:143) For speaker train_S6_10_1_20, auxf-impr from fMLLR is 0, over 174 frames.
WARNING (gmm-est-fmllr:Update():fmllr-diag-gmm.cc:162) Not updating fMLLR since below min-count: count is 182
LOG (gmm-est-fmllr:main():gmm-est-fmllr.cc:143) For speaker train_S6_10_2_12, auxf-impr from fMLLR is 0, over 182 frames.
WARNING (gmm-est-fmllr:Update():fmllr-diag-gmm.cc:162) Not updating fMLLR since below min-count: count is 178
LOG (gmm-est-fmllr:main():gmm-est-fmllr.cc:143) For speaker train_S6_10_2_14, auxf-impr from fMLLR is 0, over 178 frames.
WARNING (gmm-est-fmllr:Update():fmllr-diag-gmm.cc:162) Not updating fMLLR since below min-count: count is 176
LOG (gmm-est-fmllr:main():gmm-est-fmllr.cc:143) For speaker train_S6_10_2_16, auxf-impr from fMLLR is 0, over 176 frames.
WARNING (gmm-est-fmllr:Update():fmllr-diag-gmm.cc:162) Not updating fMLLR since below min-count: count is 162
LOG (gmm-est-fmllr:main():gmm-est-fmllr.cc:143) For speaker train_S6_10_2_18, auxf-impr from fMLLR is 0, over 162 frames.
WARNING (gmm-est-fmllr:Update():fmllr-diag-gmm.cc:162) Not updating fMLLR since below min-count: count is 174
LOG (gmm-est-fmllr:main():gmm-est-fmllr.cc:143) For speaker train_S6_10_2_20, auxf-impr from fMLLR is 0, over 174 frames.
WARNING (gmm-est-fmllr:Update():fmllr-diag-gmm.cc:162) Not updating fMLLR since below min-count: count is 182
LOG (gmm-est-fmllr:main():gmm-est-fmllr.cc:143) For speaker train_S6_10_3_12, auxf-impr from fMLLR is 0, over 182 frames.
LOG (weight-silence-post:main():weight-silence-post.cc:95) Done 275 posteriors.
WARNING (gmm-est-fmllr:Update():fmllr-diag-gmm.cc:162) Not updating fMLLR since below min-count: count is 178
LOG (gmm-est-fmllr:main():gmm-est-fmllr.cc:143) For speaker train_S6_10_3_14, auxf-impr from fMLLR is 0, over 178 frames.
WARNING (gmm-est-fmllr:Update():fmllr-diag-gmm.cc:162) Not updating fMLLR since below min-count: count is 177
LOG (gmm-est-fmllr:main():gmm-est-fmllr.cc:143) For speaker train_S6_10_3_16, auxf-impr from fMLLR is 0, over 177 frames.
WARNING (gmm-est-fmllr:Update():fmllr-diag-gmm.cc:162) Not updating fMLLR since below min-count: count is 162
LOG (gmm-est-fmllr:main():gmm-est-fmllr.cc:143) For speaker train_S6_10_3_18, auxf-impr from fMLLR is 0, over 162 frames.
WARNING (gmm-est-fmllr:Update():fmllr-diag-gmm.cc:162) Not updating fMLLR since below min-count: count is 174
LOG (gmm-est-fmllr:main():gmm-est-fmllr.cc:143) For speaker train_S6_10_3_20, auxf-impr from fMLLR is 0, over 174 frames.
WARNING (gmm-est-fmllr:Update():fmllr-diag-gmm.cc:162) Not updating fMLLR since below min-count: count is 183
LOG (gmm-est-fmllr:main():gmm-est-fmllr.cc:143) For speaker train_S6_10_4_12, auxf-impr from fMLLR is 0, over 183 frames.
WARNING (gmm-est-fmllr:Update():fmllr-diag-gmm.cc:162) Not updating fMLLR since below min-count: count is 178
LOG (gmm-est-fmllr:main():gmm-est-fmllr.cc:143) For speaker train_S6_10_4_14, auxf-impr from fMLLR is 0, over 178 frames.
WARNING (gmm-est-fmllr:Update():fmllr-diag-gmm.cc:162) Not updating fMLLR since below min-count: count is 182
LOG (gmm-est-fmllr:main():gmm-est-fmllr.cc:143) For speaker train_S6_10_4_16, auxf-impr from fMLLR is 0, over 182 frames.
WARNING (gmm-est-fmllr:Update():fmllr-diag-gmm.cc:162) Not updating fMLLR since below min-count: count is 162
LOG (gmm-est-fmllr:main():gmm-est-fmllr.cc:143) For speaker train_S6_10_4_18, auxf-impr from fMLLR is 0, over 162 frames.
LOG (apply-cmvn:main():apply-cmvn.cc:146) Applied cepstral mean normalization to 275 utterances, errors on 0
WARNING (gmm-est-fmllr:Update():fmllr-diag-gmm.cc:162) Not updating fMLLR since below min-count: count is 174
LOG (gmm-est-fmllr:main():gmm-est-fmllr.cc:143) For speaker train_S6_10_4_20, auxf-impr from fMLLR is 0, over 174 frames.
WARNING (gmm-est-fmllr:Update():fmllr-diag-gmm.cc:162) Not updating fMLLR since below min-count: count is 183
LOG (gmm-est-fmllr:main():gmm-est-fmllr.cc:143) For speaker train_S6_10_5_12, auxf-impr from fMLLR is 0, over 183 frames.
WARNING (gmm-est-fmllr:Update():fmllr-diag-gmm.cc:162) Not updating fMLLR since below min-count: count is 178
LOG (gmm-est-fmllr:main():gmm-est-fmllr.cc:143) For speaker train_S6_10_5_14, auxf-impr from fMLLR is 0, over 178 frames.
WARNING (gmm-est-fmllr:Update():fmllr-diag-gmm.cc:162) Not updating fMLLR since below min-count: count is 177
LOG (gmm-est-fmllr:main():gmm-est-fmllr.cc:143) For speaker train_S6_10_5_16, auxf-impr from fMLLR is 0, over 177 frames.
WARNING (gmm-est-fmllr:Update():fmllr-diag-gmm.cc:162) Not updating fMLLR since below min-count: count is 162
LOG (gmm-est-fmllr:main():gmm-est-fmllr.cc:143) For speaker train_S6_10_5_18, auxf-impr from fMLLR is 0, over 162 frames.
WARNING (gmm-est-fmllr:Update():fmllr-diag-gmm.cc:162) Not updating fMLLR since below min-count: count is 174
LOG (gmm-est-fmllr:main():gmm-est-fmllr.cc:143) For speaker train_S6_10_5_20, auxf-impr from fMLLR is 0, over 174 frames.
WARNING (gmm-est-fmllr:Update():fmllr-diag-gmm.cc:162) Not updating fMLLR since below min-count: count is 183
LOG (gmm-est-fmllr:main():gmm-est-fmllr.cc:143) For speaker train_S6_10_6_12, auxf-impr from fMLLR is 0, over 183 frames.
LOG (transform-feats:main():transform-feats.cc:158) Overall average logdet is 0 over 66027 frames.
LOG (transform-feats:main():transform-feats.cc:161) Applied transform to 275 utterances; 0 had errors.
WARNING (gmm-est-fmllr:Update():fmllr-diag-gmm.cc:162) Not updating fMLLR since below min-count: count is 178
LOG (gmm-est-fmllr:main():gmm-est-fmllr.cc:143) For speaker train_S6_10_6_14, auxf-impr from fMLLR is 0, over 178 frames.
WARNING (gmm-est-fmllr:Update():fmllr-diag-gmm.cc:162) Not updating fMLLR since below min-count: count is 182
LOG (gmm-est-fmllr:main():gmm-est-fmllr.cc:143) For speaker train_S6_10_6_16, auxf-impr from fMLLR is 0, over 182 frames.
LOG (gmm-est-fmllr:main():gmm-est-fmllr.cc:188) Done 275 files, 0 with no posts, 0 with other errors.
LOG (gmm-est-fmllr:main():gmm-est-fmllr.cc:190) Overall fMLLR auxf impr per frame is 0 over 41532 frames.
# Accounting: time=1 threads=1
# Ended (code 0) at Thu Feb 27 12:04:12 IST 2020, elapsed time 1 seconds
