# align-equal-compiled "ark:gunzip -c exp/mono/fsts.19.gz|" "ark,s,cs:apply-cmvn  --utt2spk=ark:data/train/split30/19/utt2spk scp:data/train/split30/19/cmvn.scp scp:data/train/split30/19/feats.scp ark:- | add-deltas ark:- ark:- |" ark,t:- | gmm-acc-stats-ali --binary=true exp/mono/0.mdl "ark,s,cs:apply-cmvn  --utt2spk=ark:data/train/split30/19/utt2spk scp:data/train/split30/19/cmvn.scp scp:data/train/split30/19/feats.scp ark:- | add-deltas ark:- ark:- |" ark:- exp/mono/0.19.acc 
# Started at Wed Mar  4 08:05:55 IST 2020
#
align-equal-compiled 'ark:gunzip -c exp/mono/fsts.19.gz|' 'ark,s,cs:apply-cmvn  --utt2spk=ark:data/train/split30/19/utt2spk scp:data/train/split30/19/cmvn.scp scp:data/train/split30/19/feats.scp ark:- | add-deltas ark:- ark:- |' ark,t:- 
add-deltas ark:- ark:- 
apply-cmvn --utt2spk=ark:data/train/split30/19/utt2spk scp:data/train/split30/19/cmvn.scp scp:data/train/split30/19/feats.scp ark:- 
gmm-acc-stats-ali --binary=true exp/mono/0.mdl 'ark,s,cs:apply-cmvn  --utt2spk=ark:data/train/split30/19/utt2spk scp:data/train/split30/19/cmvn.scp scp:data/train/split30/19/feats.scp ark:- | add-deltas ark:- ark:- |' ark:- exp/mono/0.19.acc 
apply-cmvn --utt2spk=ark:data/train/split30/19/utt2spk scp:data/train/split30/19/cmvn.scp scp:data/train/split30/19/feats.scp ark:- 
add-deltas ark:- ark:- 
LOG (gmm-acc-stats-ali:main():gmm-acc-stats-ali.cc:105) Processed 50 utterances; for utterance train_S2_12_5_14 avg. like is -102.601 over 300 frames.
LOG (gmm-acc-stats-ali:main():gmm-acc-stats-ali.cc:105) Processed 100 utterances; for utterance train_S2_4_1_14 avg. like is -100.639 over 288 frames.
LOG (gmm-acc-stats-ali:main():gmm-acc-stats-ali.cc:105) Processed 150 utterances; for utterance train_S2_5_4_14 avg. like is -102.133 over 266 frames.
LOG (apply-cmvn:main():apply-cmvn.cc:146) Applied cepstral mean normalization to 242 utterances, errors on 0
LOG (align-equal-compiled:main():align-equal-compiled.cc:107) Success: done 242 utterances.
LOG (gmm-acc-stats-ali:main():gmm-acc-stats-ali.cc:105) Processed 200 utterances; for utterance train_S2_6_7_14 avg. like is -99.5555 over 324 frames.
LOG (apply-cmvn:main():apply-cmvn.cc:146) Applied cepstral mean normalization to 242 utterances, errors on 0
LOG (gmm-acc-stats-ali:main():gmm-acc-stats-ali.cc:112) Done 242 files, 0 with errors.
LOG (gmm-acc-stats-ali:main():gmm-acc-stats-ali.cc:115) Overall avg like per frame (Gaussian only) = -100.027 over 71127 frames.
LOG (gmm-acc-stats-ali:main():gmm-acc-stats-ali.cc:123) Written accs.
# Accounting: time=1 threads=1
# Ended (code 0) at Wed Mar  4 08:05:56 IST 2020, elapsed time 1 seconds
